Log file open, 07/03/14 15:39:50
LogInit:Display: Running engine without a game
LogInit:Display: Loading recent project file: D:/UDK4 Projects/Waagenbau/MyProject3/MyProject3.uproject
LogInit: Version: 4.2.1-2101290+++depot+UE4-Releases+4.2
LogInit: Compiled (64-bit): Jun 10 2014 22:21:56
LogInit: Build Configuration: Development
LogInit: Branch Name: ++depot+UE4-Releases+4.2
LogInit: Command line: 
LogInit: Base directory: E:/Unreal Engine/4.2/Engine/Binaries/Win64/
LogInit: Rocket: 1
[2014.07.03-13.39.50:950][  0]LogTaskGraph: Started task graph with 3 named threads and 6 total threads.
[2014.07.03-13.39.50:995][  0]LogOnline:Warning: No default platform service specified for OnlineSubsystem
[2014.07.03-13.39.51:072][  0]LogInit: Presizing for 0 objects not considered by GC, pre-allocating 0 bytes.
[2014.07.03-13.39.51:288][  0]LogInit: Object subsystem initialized
[2014.07.03-13.39.51:387][  0]LogInit: Selected Device Profile: [Windows]
[2014.07.03-13.39.51:391][  0]LogInit: Applying CVar settings loaded from the selected device profile: [Windows]
[2014.07.03-13.39.51:467][  0]LogInit: Computer: SPAEHLING-PC
[2014.07.03-13.39.51:467][  0]LogInit: User: Spaehling
[2014.07.03-13.39.51:469][  0]LogInit: CPU Page size=4096, Cores=6
[2014.07.03-13.39.51:478][  0]LogInit: High frequency timer resolution =3.126982 MHz
[2014.07.03-13.39.51:478][  0]LogMemory: Memory total: Physical=64.0GB (64GB approx) Virtual=8192.0GB
[2014.07.03-13.39.51:478][  0]LogMemory: Platform Memory Stats for Windows
[2014.07.03-13.39.51:478][  0]LogMemory: Process Physical Memory: 56.93 MB used, 56.93 MB peak
[2014.07.03-13.39.51:478][  0]LogMemory: Process Virtual Memory: 33.44 MB used, 33.60 MB peak
[2014.07.03-13.39.51:478][  0]LogMemory: Physical Memory: 5722.71 MB used, 65486.15 MB total
[2014.07.03-13.39.51:478][  0]LogMemory: Virtual Memory: 241.65 MB used, 8388608.00 MB total
[2014.07.03-13.39.51:555][  0]LogD3D11RHI: Found D3D11 adapter 0: NVIDIA GeForce GTX 690 (Feature Level 11_0)
[2014.07.03-13.39.51:555][  0]LogD3D11RHI: Adapter has 1990MB of dedicated video memory, 0MB of dedicated system memory, and 2048MB of shared system memory, 1 output[s]
[2014.07.03-13.39.51:555][  0]LogD3D11RHI: Chosen D3D11 Adapter Id = 0
[2014.07.03-13.39.51:561][  0]LogRHI: Texture pool is 1361 MB (70% of 1945 MB)
[2014.07.03-13.39.51:571][  0]LogD3D11RHI: Async texture creation enabled
[2014.07.03-13.39.52:356][  0]LogTextLocalizationManager:Warning: The selected culture 'de_DE' is not available; falling back to 'en'
[2014.07.03-13.39.52:476][  0]LogContentStreaming: Texture pool size is 0.000000MB
[2014.07.03-13.39.54:314][  0]LogTargetPlatformManager:Display: Building Assets For Windows
[2014.07.03-13.39.54:720][  0]LogTargetPlatformManager:Display: Building Assets For Windows
[2014.07.03-13.39.54:808][  0]LogDerivedDataCache:Display: Max Cache Size: 512 MB
[2014.07.03-13.39.54:973][  0]LogDerivedDataCache: Loaded boot cache 0.16s 39MB C:/Users/Spaehling/AppData/Local/UnrealEngine/4.2/DerivedDataCache/Boot.ddc.
[2014.07.03-13.39.54:973][  0]LogDerivedDataCache:Display: Loaded Boot cache: C:/Users/Spaehling/AppData/Local/UnrealEngine/4.2/DerivedDataCache/Boot.ddc
[2014.07.03-13.39.54:982][  0]LogDerivedDataCache: FDerivedDataBackendGraph:  Pak pak cache file D:/UDK4 Projects/Waagenbau/MyProject3/DerivedDataCache/DDC.ddp not found, will not use a pak cache.
[2014.07.03-13.39.54:982][  0]LogDerivedDataCache: Unable to find inner node Pak for hierarchical cache Hierarchy.
[2014.07.03-13.39.55:058][  0]LogDerivedDataCache:Display: Pak cache opened for reading ../../../Engine/DerivedDataCache/DDC.ddp.
[2014.07.03-13.39.55:072][  0]LogDerivedDataCache: Using Local data cache path C:/Users/Spaehling/AppData/Local/UnrealEngine/4.2/DerivedDataCache: Writable
[2014.07.03-13.39.59:451][  0]LogMeshUtilities: No automatic mesh reduction module available
[2014.07.03-13.39.59:451][  0]LogMeshUtilities: No automatic mesh merging module available
[2014.07.03-13.40.01:522][  0]LogInit: WinSock: version 1.1 (2.2), MaxSocks=32767, MaxUdp=65467
[2014.07.03-13.40.07:971][  0]LogStreaming:Warning: Failed to read file '../../../Engine/Content/Editor/Slate/Icons/ActorIcons/GroupActor_16x.png' error.
[2014.07.03-13.40.07:971][  0]LogSlate: Could not find file for Slate resource: ../../../Engine/Content/Editor/Slate/Icons/ActorIcons/GroupActor_16x.png
[2014.07.03-13.40.08:146][  0]LogStreaming:Warning: Failed to read file '../../../Engine/Content/Editor/Slate/Icons/ActorIcons/DecalActor_16x.png' error.
[2014.07.03-13.40.08:147][  0]LogSlate: Could not find file for Slate resource: ../../../Engine/Content/Editor/Slate/Icons/ActorIcons/DecalActor_16x.png
[2014.07.03-13.40.11:311][  0]UdpMessaging: Initializing bridge on interface 0.0.0.0:0 to multicast group 230.0.0.1:6666.
[2014.07.03-13.40.11:508][  0]SourceControl: Info Source control is disabled
[2014.07.03-13.40.11:508][  0]SourceControl: Info Source control is disabled
[2014.07.03-13.40.11:512][  0]SourceControl: Info Source control is disabled
[2014.07.03-13.40.12:434][  0]BlueprintLog: New page: Editor Load
[2014.07.03-13.40.12:883][  0]LogObj: 19203 objects as part of root set at end of initial load.
[2014.07.03-13.40.12:883][  0]LogUObjectAllocator: 3820568 out of 0 bytes used by permanent object pool.
[2014.07.03-13.40.13:599][  0]LogEngine: Initializing Engine...
[2014.07.03-13.40.14:041][  0]LogInit: XAudio2 using 'Lautsprecher (Corsair Vengeance 2000 Headset)' : 8 channels at 44.1 kHz using 16 bits per sample (channel mask 0x63f)
[2014.07.03-13.40.14:084][  0]LogInit: FAudioDevice initialized.
[2014.07.03-13.40.14:375][  0]LogDerivedDataCache: Saved boot cache 0.02s 39MB C:/Users/Spaehling/AppData/Local/UnrealEngine/4.2/DerivedDataCache/Boot.ddc.
[2014.07.03-13.40.14:379][  0]LogInit: Texture streaming: Enabled
[2014.07.03-13.40.14:446][  0]LogInit: Transaction tracking system initialized
[2014.07.03-13.40.14:840][  0]LogAssetRegistry: FAssetRegistry took 0.0176 seconds to start up
[2014.07.03-13.40.16:579][  0]LogModuleManager:Warning: ModuleManager: Unable to load module '' because the file was not found.
[2014.07.03-13.40.16:583][  0]LogModuleManager:Warning: ModuleManager: Unable to load module '' because the file was not found.
[2014.07.03-13.40.16:772][  0]LogConsoleResponse:Display: 
[2014.07.03-13.40.18:503][  0]SourceControl: Info Source control is disabled
[2014.07.03-13.40.18:514][  0]Cmd: MAP LOAD FILE="D:/UDK4 Projects/Waagenbau/MyProject3/Content/Maps/waagenbau.umap" TEMPLATE=0 SHOWPROGRESS=1 WORLDCOMPOSITION=0
[2014.07.03-13.40.18:589][  0]LightingResults: New page: Lighting Build
[2014.07.03-13.40.18:594][  0]MapCheck: New page: Map Check
[2014.07.03-13.40.18:594][  0]LightingResults: New page: Lighting Build
[2014.07.03-13.40.18:649][  0]LogParticles: Destroying 0 GPU particle simulations for FXSystem 0x00000000126BEF20
[2014.07.03-13.40.32:697][  0]LogBlueprintUserMessages:Warning: SetTimer passed a bad function () or object (DiscoLight_1_C_0)
[2014.07.03-13.40.32:706][  0]LogBlueprintUserMessages:Warning: SetTimer passed a bad function () or object (DiscoLight_1_C_1)
[2014.07.03-13.40.32:706][  0]LogBlueprintUserMessages:Warning: SetTimer passed a bad function () or object (DiscoLight_1_C_2)
[2014.07.03-13.40.32:707][  0]LogBlueprintUserMessages:Warning: SetTimer passed a bad function () or object (DiscoLight_1_C_3)
[2014.07.03-13.40.32:708][  0]LogBlueprintUserMessages:Warning: SetTimer passed a bad function () or object (DiscoLight_1_C_4)
[2014.07.03-13.40.32:708][  0]LogBlueprintUserMessages:Warning: SetTimer passed a bad function () or object (DiscoLight_1_C_5)
[2014.07.03-13.40.32:709][  0]LogBlueprintUserMessages:Warning: SetTimer passed a bad function () or object (DiscoLight_1_C_6)
[2014.07.03-13.40.32:709][  0]LogBlueprintUserMessages:Warning: SetTimer passed a bad function () or object (DiscoLight_1_C_7)
[2014.07.03-13.40.32:710][  0]LogBlueprintUserMessages:Warning: SetTimer passed a bad function () or object (DiscoLight_1_C_8)
[2014.07.03-13.40.32:711][  0]LogBlueprintUserMessages:Warning: SetTimer passed a bad function () or object (DiscoLight_1_C_9)
[2014.07.03-13.40.32:711][  0]LogBlueprintUserMessages:Warning: SetTimer passed a bad function () or object (DiscoLight_1_C_10)
[2014.07.03-13.40.32:712][  0]LogBlueprintUserMessages:Warning: SetTimer passed a bad function () or object (DiscoLight_1_C_11)
[2014.07.03-13.40.32:713][  0]LogBlueprintUserMessages:Warning: SetTimer passed a bad function () or object (DiscoLight_1_C_12)
[2014.07.03-13.40.32:713][  0]LogBlueprintUserMessages:Warning: SetTimer passed a bad function () or object (DiscoLight_1_C_13)
[2014.07.03-13.40.32:714][  0]LogBlueprintUserMessages:Warning: SetTimer passed a bad function () or object (DiscoLight_1_C_14)
[2014.07.03-13.40.32:714][  0]LogBlueprintUserMessages:Warning: SetTimer passed a bad function () or object (DiscoLight_1_C_15)
[2014.07.03-13.40.32:715][  0]LogBlueprintUserMessages:Warning: SetTimer passed a bad function () or object (DiscoLight_1_C_16)
[2014.07.03-13.40.32:716][  0]LogBlueprintUserMessages:Warning: SetTimer passed a bad function () or object (DiscoLight_1_C_34)
[2014.07.03-13.40.32:716][  0]LogBlueprintUserMessages:Warning: SetTimer passed a bad function () or object (DiscoLight_1_C_35)
[2014.07.03-13.40.32:717][  0]LogBlueprintUserMessages:Warning: SetTimer passed a bad function () or object (DiscoLight_1_C_36)
[2014.07.03-13.40.32:717][  0]LogBlueprintUserMessages:Warning: SetTimer passed a bad function () or object (DiscoLight_1_C_37)
[2014.07.03-13.40.32:757][  0]LogEditorServer: Finished looking for orphan Actors (0.000 secs)
[2014.07.03-13.40.32:775][  0]Cmd: MAP CHECKDEP
[2014.07.03-13.40.32:775][  0]MapCheck: New page: waagenbau - Jul 3, 2014, 5:40:32 PM
[2014.07.03-13.40.32:834][  0]MapCheck: Info ========== Map Check: 0 Error(s), 0 Warning(s), [58.793ms] ==========
[2014.07.03-13.40.32:834][  0]LogFileHelpers: Loading map 'waagenbau' took 14.324
[2014.07.03-13.40.33:388][  0]LogCrashTracker: Crashtracker disabled due to settings.
[2014.07.03-13.40.33:396][  0]Cmd: MODE PLACEMENT
[2014.07.03-13.40.33:630][  0]LogCollectionManager: Loaded 0 collections in 0.000755 seconds
[2014.07.03-13.40.33:739][  0]LogLoad: Full Startup: 47.02 seconds (BP compile: 0.53 seconds)
[2014.07.03-13.40.33:754][  0]LogContentBrowser:Verbose: The content browser source was changed by the sources view to '/Game/Particles'
[2014.07.03-13.40.33:957][  0]LogRenderer:Warning: Reallocating scene render targets to support 32x32.
[2014.07.03-13.40.34:154][  0]LogRenderer:Warning: Reallocating scene render targets to support 1056x856.
[2014.07.03-13.40.34:457][  1]LogEpicStorage:Warning: EnumerateFiles request failed. Invalid response. code=403 error=<?xml version="1.0" encoding="UTF-8"?>
<Error><Code>AccessDenied</Code><Message>Access Denied</Message><RequestId>B75526D83B2474A0</RequestId><HostId>zg1bjSFp+yiDIOC2hovhopQ+ZAn7XSIlWuUzSh7Y5Yw7AxWiqjsyd3qn/uXgFU16</HostId></Error>
[2014.07.03-13.40.34:495][  1]LogAssetRegistry: Asset discovery search completed in 19.6722 seconds
[2014.07.03-13.40.34:602][  2]LogEpicSurvey:Warning: EnumerateFiles request failed. Invalid response. code=403 error=<?xml version="1.0" encoding="UTF-8"?>
<Error><Code>AccessDenied</Code><Message>Access Denied</Message><RequestId>55A0CC61D3D57521</RequestId><HostId>FB9p/BgBuJEaQjAUH5VZ+owczjLRe/8EVETVexhYYy4F38Wi3RIUqf5YIudGtjNu</HostId></Error>
[2014.07.03-13.40.34:615][  3]LogEpicStorage:Warning: EnumerateFiles request failed. Invalid response. code=403 error=<?xml version="1.0" encoding="UTF-8"?>
<Error><Code>AccessDenied</Code><Message>Access Denied</Message><RequestId>B75526D83B2474A0</RequestId><HostId>zg1bjSFp+yiDIOC2hovhopQ+ZAn7XSIlWuUzSh7Y5Yw7AxWiqjsyd3qn/uXgFU16</HostId></Error>
[2014.07.03-13.40.34:633][  4]LogEpicSurvey:Warning: EnumerateFiles request failed. Invalid response. code=403 error=<?xml version="1.0" encoding="UTF-8"?>
<Error><Code>AccessDenied</Code><Message>Access Denied</Message><RequestId>55A0CC61D3D57521</RequestId><HostId>FB9p/BgBuJEaQjAUH5VZ+owczjLRe/8EVETVexhYYy4F38Wi3RIUqf5YIudGtjNu</HostId></Error>
[2014.07.03-13.40.35:095][  8]LogEpicStorage:Warning: ReadFile request failed. File request already pending for filename=http://cdn.unrealengine.com/newsfeed/blueprint_icon_b.png
[2014.07.03-13.40.35:161][  8]LogEpicStorage:Warning: ReadFile request failed. File request already pending for filename=http://cdn.unrealengine.com/newsfeed/blueprint_icon_b.png
[2014.07.03-13.40.35:174][  9]LogEpicSurvey:Warning: EnumerateFiles request failed. Invalid response. code=403 error=<?xml version="1.0" encoding="UTF-8"?>
<Error><Code>AccessDenied</Code><Message>Access Denied</Message><RequestId>C60534DD7011ED49</RequestId><HostId>F2qpaQuFIN4qXWTW56/meqYq7NGuJAi4OZ3GOUNcXDagdGp1A9hUv/TYN5Sn0MT4</HostId></Error>
[2014.07.03-13.43.24:204][751]Cmd: QUIT_EDITOR
[2014.07.03-13.43.24:283][751]LogWindowsTextInputMethodSystem:Error: Terminating failed while unadvising the language notification sink from the TSF source.
[2014.07.03-13.43.24:283][751]LogExit: Preparing to exit.
[2014.07.03-13.43.25:454][751]LogExit: Editor shut down
[2014.07.03-13.43.25:454][751]LogExit: Transaction tracking system shut down
[2014.07.03-13.43.25:457][751]LogParticles: Destroying 0 GPU particle simulations for FXSystem 0x000000001C4BF380
[2014.07.03-13.43.25:478][751]LogParticles: Destroying 0 GPU particle simulations for FXSystem 0x0000000017458EA0
[2014.07.03-13.43.25:478][751]LogParticles: Destroying 0 GPU particle simulations for FXSystem 0x000000001C17E980
[2014.07.03-13.43.25:478][751]LogExit: Object subsystem successfully closed.
[2014.07.03-13.43.25:497][751]LogModuleManager: Shutting down and abandoning module AndroidDeviceDetection (164)
[2014.07.03-13.43.25:497][751]LogModuleManager: Shutting down and abandoning module EditorWidgets (163)
[2014.07.03-13.43.25:497][751]LogModuleManager: Shutting down and abandoning module CollectionManager (162)
[2014.07.03-13.43.25:497][751]LogModuleManager: Shutting down and abandoning module CrashTracker (161)
[2014.07.03-13.43.25:497][751]LogModuleManager: Shutting down and abandoning module HTTP (160)
[2014.07.03-13.43.25:498][751]LogModuleManager: Shutting down and abandoning module NewsFeed (159)
[2014.07.03-13.43.25:498][751]LogModuleManager: Shutting down and abandoning module SceneOutliner (158)
[2014.07.03-13.43.25:498][751]LogModuleManager: Shutting down and abandoning module StatsViewer (157)
[2014.07.03-13.43.25:498][751]LogModuleManager: Shutting down and abandoning module FoliageEdit (156)
[2014.07.03-13.43.25:498][751]LogModuleManager: Shutting down and abandoning module LandscapeEditor (155)
[2014.07.03-13.43.25:502][751]LogModuleManager: Shutting down and abandoning module MeshPaint (154)
[2014.07.03-13.43.25:502][751]LogModuleManager: Shutting down and abandoning module ActorPickerMode (153)
[2014.07.03-13.43.25:502][751]LogModuleManager: Shutting down and abandoning module GeometryMode (152)
[2014.07.03-13.43.25:502][751]LogModuleManager: Shutting down and abandoning module TextureAlignMode (151)
[2014.07.03-13.43.25:502][751]LogModuleManager: Shutting down and abandoning module BspMode (150)
[2014.07.03-13.43.25:502][751]LogModuleManager: Shutting down and abandoning module PlacementMode (149)
[2014.07.03-13.43.25:503][751]LogModuleManager: Shutting down and abandoning module AutomationWorker (148)
[2014.07.03-13.43.25:503][751]LogModuleManager: Shutting down and abandoning module ViewportSnapping (147)
[2014.07.03-13.43.25:503][751]LogModuleManager: Shutting down and abandoning module DeviceProfileEditor (146)
[2014.07.03-13.43.25:503][751]LogModuleManager: Shutting down and abandoning module UndoHistory (145)
[2014.07.03-13.43.25:503][751]LogModuleManager: Shutting down and abandoning module GameplayTagsEditor (144)
[2014.07.03-13.43.25:503][751]LogModuleManager: Shutting down and abandoning module UserFeedback (143)
[2014.07.03-13.43.25:503][751]LogModuleManager: Shutting down and abandoning module XmlParser (142)
[2014.07.03-13.43.25:503][751]LogModuleManager: Shutting down and abandoning module Blutility (141)
[2014.07.03-13.43.25:503][751]LogModuleManager: Shutting down and abandoning module AndroidPlatformEditor (138)
[2014.07.03-13.43.25:503][751]LogModuleManager: Shutting down and abandoning module AndroidRuntimeSettings (137)
[2014.07.03-13.43.25:503][751]LogModuleManager: Shutting down and abandoning module ProjectSettingsViewer (136)
[2014.07.03-13.43.25:503][751]LogModuleManager: Shutting down and abandoning module InputBindingEditor (135)
[2014.07.03-13.43.25:503][751]LogModuleManager: Shutting down and abandoning module EditorSettingsViewer (134)
[2014.07.03-13.43.25:503][751]LogModuleManager: Shutting down and abandoning module SettingsEditor (133)
[2014.07.03-13.43.25:503][751]LogModuleManager: Shutting down and abandoning module SessionLauncher (132)
[2014.07.03-13.43.25:503][751]LogModuleManager: Shutting down and abandoning module SessionFrontend (131)
[2014.07.03-13.43.25:503][751]LogModuleManager: Shutting down and abandoning module ProfilerClient (130)
[2014.07.03-13.43.25:503][751]LogModuleManager: Shutting down and abandoning module TargetDeviceServices (129)
[2014.07.03-13.43.25:503][751]LogModuleManager: Shutting down and abandoning module DeviceManager (128)
[2014.07.03-13.43.25:503][751]LogModuleManager: Shutting down and abandoning module AutomationController (127)
[2014.07.03-13.43.25:503][751]LogModuleManager: Shutting down and abandoning module AutomationWindow (126)
[2014.07.03-13.43.25:503][751]LogModuleManager: Shutting down and abandoning module Layers (125)
[2014.07.03-13.43.25:503][751]LogModuleManager: Shutting down and abandoning module ComponentVisualizers (124)
[2014.07.03-13.43.25:503][751]LogModuleManager: Shutting down and abandoning module DetailCustomizations (123)
[2014.07.03-13.43.25:503][751]LogModuleManager: Shutting down and abandoning module PackagesDialog (122)
[2014.07.03-13.43.25:503][751]LogModuleManager: Shutting down and abandoning module DirectoryWatcher (121)
[2014.07.03-13.43.25:503][751]LogModuleManager: Shutting down and abandoning module AssetRegistry (120)
[2014.07.03-13.43.25:521][751]LogModuleManager: Shutting down and abandoning module Persona (119)
[2014.07.03-13.43.25:521][751]LogModuleManager: Shutting down and abandoning module GraphEditor (118)
[2014.07.03-13.43.25:521][751]LogModuleManager: Shutting down and abandoning module ContentBrowser (117)
[2014.07.03-13.43.25:521][751]LogModuleManager: Shutting down and abandoning module ClassViewer (116)
[2014.07.03-13.43.25:521][751]LogModuleManager: Shutting down and abandoning module Toolbox (115)
[2014.07.03-13.43.25:521][751]LogModuleManager: Shutting down and abandoning module ModuleUI (114)
[2014.07.03-13.43.25:521][751]LogModuleManager: Shutting down and abandoning module Sequencer (113)
[2014.07.03-13.43.25:521][751]LogModuleManager: Shutting down and abandoning module MovieSceneTools (112)
[2014.07.03-13.43.25:521][751]LogModuleManager: Shutting down and abandoning module OutputLog (111)
[2014.07.03-13.43.25:521][751]LogModuleManager: Shutting down and abandoning module GammaUI (110)
[2014.07.03-13.43.25:521][751]LogModuleManager: Shutting down and abandoning module Documentation (109)
[2014.07.03-13.43.25:521][751]LogModuleManager: Shutting down and abandoning module StreamingPauseRendering (108)
[2014.07.03-13.43.25:521][751]LogModuleManager: Shutting down and abandoning module AnalyticsET (107)
[2014.07.03-13.43.25:521][751]LogModuleManager: Shutting down and abandoning module Analytics (106)
[2014.07.03-13.43.25:521][751]LogModuleManager: Shutting down and abandoning module ProfilerService (105)
[2014.07.03-13.43.25:691][751]LogModuleManager: Shutting down and abandoning module TaskGraph (104)
[2014.07.03-13.43.25:691][751]LogModuleManager: Shutting down and abandoning module GameProjectGeneration (103)
[2014.07.03-13.43.25:691][751]LogModuleManager: Shutting down and abandoning module Matinee (102)
[2014.07.03-13.43.25:691][751]LogModuleManager: Shutting down and abandoning module Kismet (101)
[2014.07.03-13.43.25:691][751]LogModuleManager: Shutting down and abandoning module SlateReflector (100)
[2014.07.03-13.43.25:691][751]LogModuleManager: Shutting down and abandoning module LevelEditor (99)
[2014.07.03-13.43.25:693][751]LogModuleManager: Shutting down and abandoning module MainFrame (98)
[2014.07.03-13.43.25:693][751]LogModuleManager: Shutting down and abandoning module SourceControl (97)
[2014.07.03-13.43.25:693][751]LogModuleManager: Shutting down and abandoning module ImageWrapper (96)
[2014.07.03-13.43.25:693][751]LogModuleManager: Shutting down and abandoning module OnlineBlueprintSupport (95)
[2014.07.03-13.43.25:693][751]LogModuleManager: Shutting down and abandoning module PropertyEditor (94)
[2014.07.03-13.43.25:693][751]LogModuleManager: Shutting down and abandoning module AssetTools (93)
[2014.07.03-13.43.25:693][751]LogModuleManager: Shutting down and abandoning module BehaviorTreeEditor (92)
[2014.07.03-13.43.25:693][751]LogModuleManager: Shutting down and abandoning module FunctionalTesting (91)
[2014.07.03-13.43.25:693][751]LogModuleManager: Shutting down and abandoning module CollisionAnalyzer (90)
[2014.07.03-13.43.25:693][751]LogModuleManager: Shutting down and abandoning module WorkspaceMenuStructure (89)
[2014.07.03-13.43.25:693][751]LogModuleManager: Shutting down and abandoning module MessageLog (88)
[2014.07.03-13.43.25:693][751]LogModuleManager: Shutting down and abandoning module Slate (87)
[2014.07.03-13.43.25:694][751]LogModuleManager: Shutting down and abandoning module EditorStyle (86)
[2014.07.03-13.43.25:697][751]LogModuleManager: Shutting down and abandoning module SessionServices (85)
[2014.07.03-13.43.25:697][751]LogModuleManager: Shutting down and abandoning module Messaging (84)
[2014.07.03-13.43.25:697][751]LogModuleManager: Shutting down and abandoning module SourceCodeAccess (83)
[2014.07.03-13.43.25:697][751]LogModuleManager: Shutting down and abandoning module HeadMountedDisplay (82)
[2014.07.03-13.43.25:697][751]LogModuleManager: Shutting down and abandoning module XAudio2 (81)
[2014.07.03-13.43.25:697][751]LogModuleManager: Shutting down and abandoning module Networking (79)
[2014.07.03-13.43.25:697][751]LogModuleManager: Shutting down and abandoning module Core (78)
[2014.07.03-13.43.25:697][751]LogModuleManager: Shutting down and abandoning module KismetCompiler (77)
[2014.07.03-13.43.25:697][751]LogModuleManager: Shutting down and abandoning module PhysXFormats (76)
[2014.07.03-13.43.25:697][751]LogModuleManager: Shutting down and abandoning module SimplygonMeshReduction (75)
[2014.07.03-13.43.25:697][751]LogModuleManager: Shutting down and abandoning module MeshUtilities (74)
[2014.07.03-13.43.25:697][751]LogModuleManager: Shutting down and abandoning module DerivedDataCache (73)
[2014.07.03-13.43.25:749][751]LogDerivedDataCache: Shutdown
[2014.07.03-13.43.25:749][751]LogModuleManager: Shutting down and abandoning module ShaderFormatOpenGL (72)
[2014.07.03-13.43.25:749][751]LogModuleManager: Shutting down and abandoning module ShaderFormatD3D (71)
[2014.07.03-13.43.25:749][751]LogModuleManager: Shutting down and abandoning module TextureFormatUncompressed (70)
[2014.07.03-13.43.25:749][751]LogModuleManager: Shutting down and abandoning module TextureFormatPVR (69)
[2014.07.03-13.43.25:749][751]LogModuleManager: Shutting down and abandoning module TextureFormatDXT (68)
[2014.07.03-13.43.25:749][751]LogModuleManager: Shutting down and abandoning module TextureFormatAndroid (67)
[2014.07.03-13.43.25:749][751]LogModuleManager: Shutting down and abandoning module AudioFormatOpus (66)
[2014.07.03-13.43.25:749][751]LogModuleManager: Shutting down and abandoning module AudioFormatOgg (65)
[2014.07.03-13.43.25:749][751]LogModuleManager: Shutting down and abandoning module AudioFormatADPCM (64)
[2014.07.03-13.43.25:749][751]LogModuleManager: Shutting down and abandoning module Android_PVRTCTargetPlatform (63)
[2014.07.03-13.43.25:749][751]LogModuleManager: Shutting down and abandoning module Android_ETC2TargetPlatform (62)
[2014.07.03-13.43.25:749][751]LogModuleManager: Shutting down and abandoning module Android_ETC1TargetPlatform (61)
[2014.07.03-13.43.25:749][751]LogModuleManager: Shutting down and abandoning module Android_DXTTargetPlatform (60)
[2014.07.03-13.43.25:749][751]LogModuleManager: Shutting down and abandoning module Android_ATCTargetPlatform (59)
[2014.07.03-13.43.25:749][751]LogModuleManager: Shutting down and abandoning module AndroidTargetPlatform (58)
[2014.07.03-13.43.25:749][751]LogModuleManager: Shutting down and abandoning module WindowsTargetPlatform (57)
[2014.07.03-13.43.25:749][751]LogModuleManager: Shutting down and abandoning module WindowsServerTargetPlatform (56)
[2014.07.03-13.43.25:749][751]LogModuleManager: Shutting down and abandoning module WindowsNoEditorTargetPlatform (55)
[2014.07.03-13.43.25:749][751]LogModuleManager: Shutting down and abandoning module WindowsClientTargetPlatform (54)
[2014.07.03-13.43.25:749][751]LogModuleManager: Shutting down and abandoning module TargetPlatform (53)
[2014.07.03-13.43.25:749][751]LogModuleManager: Shutting down and abandoning module InputCore (52)
[2014.07.03-13.43.25:749][751]LogModuleManager: Shutting down and abandoning module Settings (51)
[2014.07.03-13.43.25:749][751]LogModuleManager: Shutting down and abandoning module TextureCompressor (48)
[2014.07.03-13.43.25:749][751]LogModuleManager: Shutting down and abandoning module ShaderCore (47)
[2014.07.03-13.43.25:750][751]LogModuleManager: Shutting down and abandoning module OpenGLDrv (46)
[2014.07.03-13.43.25:750][751]LogModuleManager: Shutting down and abandoning module D3D11RHI (45)
[2014.07.03-13.43.25:750][751]LogModuleManager: Shutting down and abandoning module SlateRHIRenderer (44)
[2014.07.03-13.43.25:750][751]LogModuleManager: Shutting down and abandoning module Renderer (43)
[2014.07.03-13.43.25:750][751]LogModuleManager: Shutting down and abandoning module Engine (42)
[2014.07.03-13.43.25:750][751]LogModuleManager: Shutting down and abandoning module SlateRemote (41)
[2014.07.03-13.43.25:750][751]LogModuleManager: Shutting down and abandoning module ScriptPlugin (40)
[2014.07.03-13.43.25:750][751]LogModuleManager: Shutting down and abandoning module ScriptEditorPlugin (38)
[2014.07.03-13.43.25:750][751]LogModuleManager: Shutting down and abandoning module WindowsMoviePlayer (37)
[2014.07.03-13.43.25:755][751]LogModuleManager: Shutting down and abandoning module ExampleDeviceProfileSelector (32)
[2014.07.03-13.43.25:755][751]LogModuleManager: Shutting down and abandoning module CustomMeshComponent (31)
[2014.07.03-13.43.25:755][751]LogModuleManager: Shutting down and abandoning module CableComponent (30)
[2014.07.03-13.43.25:755][751]LogModuleManager: Shutting down and abandoning module OculusRift (26)
[2014.07.03-13.43.25:755][751]LogModuleManager: Shutting down and abandoning module UdpMessaging (25)
[2014.07.03-13.43.25:855][751]LogModuleManager: Shutting down and abandoning module MessagingDebugger (24)
[2014.07.03-13.43.25:855][751]LogModuleManager: Shutting down and abandoning module PluginsEditor (14)
[2014.07.03-13.43.25:855][751]LogModuleManager: Shutting down and abandoning module IntroTutorials (13)
[2014.07.03-13.43.25:855][751]LogModuleManager: Shutting down and abandoning module EpicSurvey (12)
[2014.07.03-13.43.25:855][751]LogModuleManager: Shutting down and abandoning module VisualStudioSourceCodeAccess (10)
[2014.07.03-13.43.25:855][751]LogModuleManager: Shutting down and abandoning module UObjectPlugin (9)
[2014.07.03-13.43.25:855][751]LogModuleManager: Shutting down and abandoning module SubversionSourceControl (8)
[2014.07.03-13.43.25:855][751]LogModuleManager: Shutting down and abandoning module PerforceSourceControl (7)
[2014.07.03-13.43.25:855][751]LogModuleManager: Shutting down and abandoning module BlankPlugin (6)
[2014.07.03-13.43.25:855][751]LogModuleManager: Shutting down and abandoning module CoreUObject (5)
[2014.07.03-13.43.25:855][751]LogModuleManager: Shutting down and abandoning module NetworkFile (4)
[2014.07.03-13.43.25:855][751]LogModuleManager: Shutting down and abandoning module StreamingFile (3)
[2014.07.03-13.43.25:855][751]LogModuleManager: Shutting down and abandoning module SandboxFile (2)
[2014.07.03-13.43.25:855][751]LogModuleManager: Shutting down and abandoning module PakFile (1)
[2014.07.03-13.43.25:856][751]LogExit: Exiting.
[2014.07.03-13.43.25:861][751]Log file closed, 07/03/14 15:43:25
