Log file open, 07/18/14 02:05:21
LogInit:Display: Running engine without a game
LogInit:Display: Loading recent project file: D:/UDK4 Projects/Waagenbau/MyProject3.uproject
LogInit: Version: 4.2.1-2101290+++depot+UE4-Releases+4.2
LogInit: Compiled (64-bit): Jun 10 2014 22:21:56
LogInit: Build Configuration: Development
LogInit: Branch Name: ++depot+UE4-Releases+4.2
LogInit: Command line: 
LogInit: Base directory: E:/Unreal Engine/4.2/Engine/Binaries/Win64/
LogInit: Rocket: 1
[2014.07.18-00.05.21:102][  0]LogTaskGraph: Started task graph with 3 named threads and 6 total threads.
[2014.07.18-00.05.21:157][  0]LogOnline:Warning: No default platform service specified for OnlineSubsystem
[2014.07.18-00.05.21:244][  0]LogInit: Presizing for 0 objects not considered by GC, pre-allocating 0 bytes.
[2014.07.18-00.05.21:450][  0]LogInit: Object subsystem initialized
[2014.07.18-00.05.21:541][  0]LogInit: Selected Device Profile: [Windows]
[2014.07.18-00.05.21:546][  0]LogInit: Applying CVar settings loaded from the selected device profile: [Windows]
[2014.07.18-00.05.21:597][  0]LogInit: Computer: SPAEHLING-PC
[2014.07.18-00.05.21:597][  0]LogInit: User: Spaehling
[2014.07.18-00.05.21:598][  0]LogInit: CPU Page size=4096, Cores=6
[2014.07.18-00.05.21:608][  0]LogInit: High frequency timer resolution =3.126962 MHz
[2014.07.18-00.05.21:608][  0]LogMemory: Memory total: Physical=64.0GB (64GB approx) Virtual=8192.0GB
[2014.07.18-00.05.21:608][  0]LogMemory: Platform Memory Stats for Windows
[2014.07.18-00.05.21:608][  0]LogMemory: Process Physical Memory: 60.93 MB used, 60.93 MB peak
[2014.07.18-00.05.21:608][  0]LogMemory: Process Virtual Memory: 37.53 MB used, 37.69 MB peak
[2014.07.18-00.05.21:608][  0]LogMemory: Physical Memory: 6476.25 MB used, 65486.15 MB total
[2014.07.18-00.05.21:608][  0]LogMemory: Virtual Memory: 245.71 MB used, 8388608.00 MB total
[2014.07.18-00.05.21:697][  0]LogD3D11RHI: Found D3D11 adapter 0: NVIDIA GeForce GTX 690 (Feature Level 11_0)
[2014.07.18-00.05.21:697][  0]LogD3D11RHI: Adapter has 1990MB of dedicated video memory, 0MB of dedicated system memory, and 2048MB of shared system memory, 1 output[s]
[2014.07.18-00.05.21:720][  0]LogD3D11RHI: Found D3D11 adapter 1: NVIDIA GeForce GTX 690 (Feature Level 11_0)
[2014.07.18-00.05.21:720][  0]LogD3D11RHI: Adapter has 1990MB of dedicated video memory, 0MB of dedicated system memory, and 2048MB of shared system memory, 1 output[s]
[2014.07.18-00.05.21:720][  0]LogD3D11RHI: Chosen D3D11 Adapter Id = 0
[2014.07.18-00.05.21:726][  0]LogRHI: Texture pool is 1361 MB (70% of 1945 MB)
[2014.07.18-00.05.21:734][  0]LogD3D11RHI: Async texture creation enabled
[2014.07.18-00.05.22:552][  0]LogTextLocalizationManager:Warning: The selected culture 'de_DE' is not available; falling back to 'en'
[2014.07.18-00.05.22:723][  0]LogContentStreaming: Texture pool size is 0.000000MB
[2014.07.18-00.05.24:689][  0]LogTargetPlatformManager:Display: Building Assets For Windows
[2014.07.18-00.05.25:203][  0]LogTargetPlatformManager:Display: Building Assets For Windows
[2014.07.18-00.05.25:284][  0]LogDerivedDataCache:Display: Max Cache Size: 512 MB
[2014.07.18-00.05.25:454][  0]LogDerivedDataCache: Loaded boot cache 0.17s 39MB C:/Users/Spaehling/AppData/Local/UnrealEngine/4.2/DerivedDataCache/Boot.ddc.
[2014.07.18-00.05.25:454][  0]LogDerivedDataCache:Display: Loaded Boot cache: C:/Users/Spaehling/AppData/Local/UnrealEngine/4.2/DerivedDataCache/Boot.ddc
[2014.07.18-00.05.25:454][  0]LogDerivedDataCache: FDerivedDataBackendGraph:  Pak pak cache file D:/UDK4 Projects/Waagenbau/DerivedDataCache/DDC.ddp not found, will not use a pak cache.
[2014.07.18-00.05.25:454][  0]LogDerivedDataCache: Unable to find inner node Pak for hierarchical cache Hierarchy.
[2014.07.18-00.05.25:519][  0]LogDerivedDataCache:Display: Pak cache opened for reading ../../../Engine/DerivedDataCache/DDC.ddp.
[2014.07.18-00.05.25:531][  0]LogDerivedDataCache: Using Local data cache path C:/Users/Spaehling/AppData/Local/UnrealEngine/4.2/DerivedDataCache: Writable
[2014.07.18-00.05.30:002][  0]LogMeshUtilities: No automatic mesh reduction module available
[2014.07.18-00.05.30:002][  0]LogMeshUtilities: No automatic mesh merging module available
[2014.07.18-00.05.32:268][  0]LogInit: WinSock: version 1.1 (2.2), MaxSocks=32767, MaxUdp=65467
[2014.07.18-00.05.39:237][  0]LogStreaming:Warning: Failed to read file '../../../Engine/Content/Editor/Slate/Icons/ActorIcons/GroupActor_16x.png' error.
[2014.07.18-00.05.39:237][  0]LogSlate: Could not find file for Slate resource: ../../../Engine/Content/Editor/Slate/Icons/ActorIcons/GroupActor_16x.png
[2014.07.18-00.05.39:427][  0]LogStreaming:Warning: Failed to read file '../../../Engine/Content/Editor/Slate/Icons/ActorIcons/DecalActor_16x.png' error.
[2014.07.18-00.05.39:427][  0]LogSlate: Could not find file for Slate resource: ../../../Engine/Content/Editor/Slate/Icons/ActorIcons/DecalActor_16x.png
[2014.07.18-00.05.42:873][  0]UdpMessaging: Initializing bridge on interface 0.0.0.0:0 to multicast group 230.0.0.1:6666.
[2014.07.18-00.05.43:063][  0]SourceControl: Info Source control is disabled
[2014.07.18-00.05.43:063][  0]SourceControl: Info Source control is disabled
[2014.07.18-00.05.43:067][  0]SourceControl: Info Source control is disabled
[2014.07.18-00.05.43:908][  0]BlueprintLog: New page: Editor Load
[2014.07.18-00.05.44:300][  0]LogObj: 19203 objects as part of root set at end of initial load.
[2014.07.18-00.05.44:300][  0]LogUObjectAllocator: 3820568 out of 0 bytes used by permanent object pool.
[2014.07.18-00.05.44:954][  0]LogEngine: Initializing Engine...
[2014.07.18-00.05.45:370][  0]LogInit: XAudio2 using 'Lautsprecher (Corsair Vengeance 2000 Headset)' : 8 channels at 44.1 kHz using 16 bits per sample (channel mask 0x63f)
[2014.07.18-00.05.45:397][  0]LogInit: FAudioDevice initialized.
[2014.07.18-00.05.45:692][  0]LogDerivedDataCache: Saved boot cache 0.04s 39MB C:/Users/Spaehling/AppData/Local/UnrealEngine/4.2/DerivedDataCache/Boot.ddc.
[2014.07.18-00.05.45:702][  0]LogInit: Texture streaming: Enabled
[2014.07.18-00.05.45:810][  0]LogInit: Transaction tracking system initialized
[2014.07.18-00.05.46:253][  0]LogAssetRegistry: FAssetRegistry took 0.0173 seconds to start up
[2014.07.18-00.05.47:681][  0]LogModuleManager:Warning: ModuleManager: Unable to load module '' because the file was not found.
[2014.07.18-00.05.47:685][  0]LogModuleManager:Warning: ModuleManager: Unable to load module '' because the file was not found.
[2014.07.18-00.05.47:860][  0]LogConsoleResponse:Display: 
[2014.07.18-00.05.49:767][  0]SourceControl: Info Source control is disabled
[2014.07.18-00.05.49:777][  0]Cmd: MAP LOAD FILE="D:/UDK4 Projects/Waagenbau/Content/Maps/waagenbau.umap" TEMPLATE=0 SHOWPROGRESS=1 WORLDCOMPOSITION=0
[2014.07.18-00.05.49:788][  0]LightingResults: New page: Lighting Build
[2014.07.18-00.05.49:809][  0]MapCheck: New page: Map Check
[2014.07.18-00.05.49:809][  0]LightingResults: New page: Lighting Build
[2014.07.18-00.05.49:904][  0]LogParticles: Destroying 0 GPU particle simulations for FXSystem 0x00000000136BA8E0
[2014.07.18-00.05.51:848][  0]LogBlueprint:Warning: Node '/Game/Blueprints/Assets/Cigarettes.cigarettes:UserConstructionScript.K2Node_VariableGet_424' missing NodeGuid.
[2014.07.18-00.05.53:127][  0]LogBlueprintUserMessages:Warning: SetTimer passed a bad function () or object (DiscoLight_1_C_19)
[2014.07.18-00.05.53:128][  0]LogBlueprintUserMessages:Warning: SetTimer passed a bad function () or object (DiscoLight_1_C_24)
[2014.07.18-00.05.53:128][  0]LogBlueprintUserMessages:Warning: SetTimer passed a bad function () or object (DiscoLight_1_C_25)
[2014.07.18-00.05.53:129][  0]LogBlueprintUserMessages:Warning: SetTimer passed a bad function () or object (DiscoLight_1_C_26)
[2014.07.18-00.05.53:130][  0]LogBlueprintUserMessages:Warning: SetTimer passed a bad function () or object (DiscoLight_1_C_27)
[2014.07.18-00.05.53:130][  0]LogBlueprintUserMessages:Warning: SetTimer passed a bad function () or object (DiscoLight_1_C_28)
[2014.07.18-00.05.53:131][  0]LogBlueprintUserMessages:Warning: SetTimer passed a bad function () or object (DiscoLight_1_C_29)
[2014.07.18-00.05.53:132][  0]LogBlueprintUserMessages:Warning: SetTimer passed a bad function () or object (DiscoLight_1_C_30)
[2014.07.18-00.05.53:132][  0]LogBlueprintUserMessages:Warning: SetTimer passed a bad function () or object (DiscoLight_1_C_31)
[2014.07.18-00.05.53:133][  0]LogBlueprintUserMessages:Warning: SetTimer passed a bad function () or object (DiscoLight_1_C_32)
[2014.07.18-00.05.53:134][  0]LogBlueprintUserMessages:Warning: SetTimer passed a bad function () or object (DiscoLight_1_C_33)
[2014.07.18-00.05.53:135][  0]LogBlueprintUserMessages:Warning: SetTimer passed a bad function () or object (DiscoLight_1_C_34)
[2014.07.18-00.05.53:135][  0]LogBlueprintUserMessages:Warning: SetTimer passed a bad function () or object (DiscoLight_1_C_35)
[2014.07.18-00.05.53:136][  0]LogBlueprintUserMessages:Warning: SetTimer passed a bad function () or object (DiscoLight_1_C_36)
[2014.07.18-00.05.53:137][  0]LogBlueprintUserMessages:Warning: SetTimer passed a bad function () or object (DiscoLight_1_C_37)
[2014.07.18-00.05.53:137][  0]LogBlueprintUserMessages:Warning: SetTimer passed a bad function () or object (DiscoLight_1_C_38)
[2014.07.18-00.05.53:138][  0]LogBlueprintUserMessages:Warning: SetTimer passed a bad function () or object (DiscoLight_1_C_39)
[2014.07.18-00.05.53:139][  0]LogBlueprintUserMessages:Warning: SetTimer passed a bad function () or object (DiscoLight_1_C_40)
[2014.07.18-00.05.53:139][  0]LogBlueprintUserMessages:Warning: SetTimer passed a bad function () or object (DiscoLight_1_C_41)
[2014.07.18-00.05.53:140][  0]LogBlueprintUserMessages:Warning: SetTimer passed a bad function () or object (DiscoLight_1_C_42)
[2014.07.18-00.05.53:141][  0]LogBlueprintUserMessages:Warning: SetTimer passed a bad function () or object (DiscoLight_1_C_43)
[2014.07.18-00.05.53:141][  0]LogBlueprintUserMessages:Warning: SetTimer passed a bad function () or object (DiscoLight_1_C_44)
[2014.07.18-00.05.53:142][  0]LogBlueprintUserMessages:Warning: SetTimer passed a bad function () or object (DiscoLight_1_C_45)
[2014.07.18-00.05.53:146][  0]LogBlueprintUserMessages:Warning: SetTimer passed a bad function () or object (WallSconce_24)
[2014.07.18-00.05.53:224][  0]LogEditorServer: Finished looking for orphan Actors (0.000 secs)
[2014.07.18-00.05.53:245][  0]Cmd: MAP CHECKDEP
[2014.07.18-00.05.53:246][  0]MapCheck: New page: waagenbau - Jul 18, 2014, 4:05:53 AM
[2014.07.18-00.05.53:318][  0]MapCheck: Info ========== Map Check: 0 Error(s), 0 Warning(s), [71.96ms] ==========
[2014.07.18-00.05.53:318][  0]LogFileHelpers: Loading map 'waagenbau' took 3.544
[2014.07.18-00.05.54:712][  0]LogCrashTracker: Crashtracker disabled due to settings.
[2014.07.18-00.05.54:717][  0]Cmd: MODE PLACEMENT
[2014.07.18-00.05.54:985][  0]LogCollectionManager: Loaded 0 collections in 0.001713 seconds
[2014.07.18-00.05.56:897][  0]LogLoad: Full Startup: 39.50 seconds (BP compile: 0.59 seconds)
[2014.07.18-00.05.56:908][  0]LogContentBrowser:Verbose: The content browser source was changed by the sources view to '/Game/Audio/Character'
[2014.07.18-00.05.57:281][  0]LogRenderer:Warning: Reallocating scene render targets to support 32x32.
[2014.07.18-00.05.57:506][  0]LogRenderer:Warning: Reallocating scene render targets to support 1160x856.
[2014.07.18-00.05.57:735][  1]LogEpicStorage:Warning: EnumerateFiles request failed. Invalid response. code=403 error=<?xml version="1.0" encoding="UTF-8"?>
<Error><Code>AccessDenied</Code><Message>Access Denied</Message><RequestId>1608C1F0F2731655</RequestId><HostId>SXGp92spu3M99H0sZZzye4NGreb/00p9ckp4ny1v906Jfwjlj5ZLnVyCQx/ZkP7i</HostId></Error>
[2014.07.18-00.05.57:830][  2]LogEpicSurvey:Warning: EnumerateFiles request failed. Invalid response. code=403 error=<?xml version="1.0" encoding="UTF-8"?>
<Error><Code>AccessDenied</Code><Message>Access Denied</Message><RequestId>7DDF4F5A794C2E72</RequestId><HostId>rxgZ0qyMoFaMtfp3X9oO8qSNNRAsE50jeYiLXhBcRbnbqwa4JGNQgXA0mwI6NhLE</HostId></Error>
[2014.07.18-00.05.58:097][  2]Cmd: BRUSH ADD SELECTNEWBRUSH
[2014.07.18-00.05.58:269][  2]LogInstancedFoliage: Map Rebuilt - Update all BSP painted foliage!
[2014.07.18-00.05.58:365][  2]LogBlueprintUserMessages:Warning: SetTimer passed a bad function () or object (DiscoLight_1_C_19)
[2014.07.18-00.05.58:366][  2]LogBlueprintUserMessages:Warning: SetTimer passed a bad function () or object (DiscoLight_1_C_24)
[2014.07.18-00.05.58:366][  2]LogBlueprintUserMessages:Warning: SetTimer passed a bad function () or object (DiscoLight_1_C_25)
[2014.07.18-00.05.58:367][  2]LogBlueprintUserMessages:Warning: SetTimer passed a bad function () or object (DiscoLight_1_C_26)
[2014.07.18-00.05.58:369][  2]LogBlueprintUserMessages:Warning: SetTimer passed a bad function () or object (DiscoLight_1_C_27)
[2014.07.18-00.05.58:370][  2]LogBlueprintUserMessages:Warning: SetTimer passed a bad function () or object (DiscoLight_1_C_28)
[2014.07.18-00.05.58:370][  2]LogBlueprintUserMessages:Warning: SetTimer passed a bad function () or object (DiscoLight_1_C_29)
[2014.07.18-00.05.58:371][  2]LogBlueprintUserMessages:Warning: SetTimer passed a bad function () or object (DiscoLight_1_C_30)
[2014.07.18-00.05.58:372][  2]LogBlueprintUserMessages:Warning: SetTimer passed a bad function () or object (DiscoLight_1_C_31)
[2014.07.18-00.05.58:372][  2]LogBlueprintUserMessages:Warning: SetTimer passed a bad function () or object (DiscoLight_1_C_32)
[2014.07.18-00.05.58:373][  2]LogBlueprintUserMessages:Warning: SetTimer passed a bad function () or object (DiscoLight_1_C_33)
[2014.07.18-00.05.58:373][  2]LogBlueprintUserMessages:Warning: SetTimer passed a bad function () or object (DiscoLight_1_C_34)
[2014.07.18-00.05.58:374][  2]LogBlueprintUserMessages:Warning: SetTimer passed a bad function () or object (DiscoLight_1_C_35)
[2014.07.18-00.05.58:374][  2]LogBlueprintUserMessages:Warning: SetTimer passed a bad function () or object (DiscoLight_1_C_36)
[2014.07.18-00.05.58:375][  2]LogBlueprintUserMessages:Warning: SetTimer passed a bad function () or object (DiscoLight_1_C_37)
[2014.07.18-00.05.58:375][  2]LogBlueprintUserMessages:Warning: SetTimer passed a bad function () or object (DiscoLight_1_C_38)
[2014.07.18-00.05.58:376][  2]LogBlueprintUserMessages:Warning: SetTimer passed a bad function () or object (DiscoLight_1_C_39)
[2014.07.18-00.05.58:377][  2]LogBlueprintUserMessages:Warning: SetTimer passed a bad function () or object (DiscoLight_1_C_40)
[2014.07.18-00.05.58:377][  2]LogBlueprintUserMessages:Warning: SetTimer passed a bad function () or object (DiscoLight_1_C_41)
[2014.07.18-00.05.58:378][  2]LogBlueprintUserMessages:Warning: SetTimer passed a bad function () or object (DiscoLight_1_C_42)
[2014.07.18-00.05.58:378][  2]LogBlueprintUserMessages:Warning: SetTimer passed a bad function () or object (DiscoLight_1_C_43)
[2014.07.18-00.05.58:379][  2]LogBlueprintUserMessages:Warning: SetTimer passed a bad function () or object (DiscoLight_1_C_44)
[2014.07.18-00.05.58:379][  2]LogBlueprintUserMessages:Warning: SetTimer passed a bad function () or object (DiscoLight_1_C_45)
[2014.07.18-00.05.58:382][  2]LogBlueprintUserMessages:Warning: SetTimer passed a bad function () or object (WallSconce_24)
[2014.07.18-00.05.58:435][  2]LogAssetRegistry: Asset discovery search completed in 12.1995 seconds
[2014.07.18-00.05.58:924][  3]LogEpicStorage:Warning: EnumerateFiles request failed. Invalid response. code=403 error=<?xml version="1.0" encoding="UTF-8"?>
<Error><Code>AccessDenied</Code><Message>Access Denied</Message><RequestId>1608C1F0F2731655</RequestId><HostId>SXGp92spu3M99H0sZZzye4NGreb/00p9ckp4ny1v906Jfwjlj5ZLnVyCQx/ZkP7i</HostId></Error>
[2014.07.18-00.05.59:016][  4]LogEpicSurvey:Warning: EnumerateFiles request failed. Invalid response. code=403 error=<?xml version="1.0" encoding="UTF-8"?>
<Error><Code>AccessDenied</Code><Message>Access Denied</Message><RequestId>7DDF4F5A794C2E72</RequestId><HostId>rxgZ0qyMoFaMtfp3X9oO8qSNNRAsE50jeYiLXhBcRbnbqwa4JGNQgXA0mwI6NhLE</HostId></Error>
[2014.07.18-00.05.59:049][  6]LogEpicSurvey:Warning: EnumerateFiles request failed. Invalid response. code=403 error=<?xml version="1.0" encoding="UTF-8"?>
<Error><Code>AccessDenied</Code><Message>Access Denied</Message><RequestId>DF399368AF24001B</RequestId><HostId>ttf0WPvmmDUdhwC095COxq0SiMotYiMfC/Z2ljUqSkJCURUAVpipVYyjvCu+/y/J</HostId></Error>
[2014.07.18-00.05.59:100][  9]LogEpicStorage:Warning: ReadFile request failed. File request already pending for filename=http://cdn.unrealengine.com/newsfeed/blueprint_icon_b.png
[2014.07.18-00.05.59:101][  9]LogEpicStorage:Warning: ReadFile request failed. File request already pending for filename=http://cdn.unrealengine.com/newsfeed/blueprint_icon_b.png
[2014.07.18-00.06.20:243][969]Cmd: TRANSACTION UNDO
[2014.07.18-00.06.20:243][969]LogEditorTransaction: Undo Brush Add
[2014.07.18-00.06.24:843][253]ImportText (LocalizedDisplayNames): Missing closing parenthesis: (Language="en",Text="Blueprint Side Scroller"
[2014.07.18-00.06.24:843][253]ImportText (LocalizedDisplayNames): Missing closing parenthesis: (Language="ko",Text="è°¸ ¡¤ld"
[2014.07.18-00.06.24:924][253]LogUProjectInfo: Found 0 directories to search
[2014.07.18-00.06.24:924][253]LogUProjectInfo: FillProjectInfo took 0.0001 seconds
[2014.07.18-00.08.09:966][269]Cmd: CLOSE_SLATE_MAINFRAME
[2014.07.18-00.08.12:784][270]Cmd: QUIT_EDITOR
[2014.07.18-00.08.12:871][270]LogWindowsTextInputMethodSystem:Error: Terminating failed while unadvising the language notification sink from the TSF source.
[2014.07.18-00.08.12:872][270]LogExit: Preparing to exit.
[2014.07.18-00.08.14:099][270]LogExit: Editor shut down
[2014.07.18-00.08.14:099][270]LogExit: Transaction tracking system shut down
[2014.07.18-00.08.14:102][270]LogParticles: Destroying 0 GPU particle simulations for FXSystem 0x0000000020174FE0
[2014.07.18-00.08.14:103][270]LogParticles: Destroying 0 GPU particle simulations for FXSystem 0x0000000024BF2F20
[2014.07.18-00.08.14:103][270]LogParticles: Destroying 0 GPU particle simulations for FXSystem 0x0000000024FCFCE0
[2014.07.18-00.08.14:103][270]LogParticles: Destroying 0 GPU particle simulations for FXSystem 0x000000002C2FF2E0
[2014.07.18-00.08.14:103][270]LogParticles: Destroying 0 GPU particle simulations for FXSystem 0x000000002C548400
[2014.07.18-00.08.14:103][270]LogParticles: Destroying 0 GPU particle simulations for FXSystem 0x000000001D302FC0
[2014.07.18-00.08.14:219][270]LogExit: Object subsystem successfully closed.
[2014.07.18-00.08.14:304][270]LogModuleManager: Shutting down and abandoning module DesktopPlatform (165)
[2014.07.18-00.08.14:304][270]LogModuleManager: Shutting down and abandoning module AndroidDeviceDetection (164)
[2014.07.18-00.08.14:304][270]LogModuleManager: Shutting down and abandoning module SoundCueEditor (163)
[2014.07.18-00.08.14:304][270]LogModuleManager: Shutting down and abandoning module EditorWidgets (162)
[2014.07.18-00.08.14:304][270]LogModuleManager: Shutting down and abandoning module CollectionManager (161)
[2014.07.18-00.08.14:304][270]LogModuleManager: Shutting down and abandoning module CrashTracker (160)
[2014.07.18-00.08.14:304][270]LogModuleManager: Shutting down and abandoning module HTTP (159)
[2014.07.18-00.08.14:304][270]LogModuleManager: Shutting down and abandoning module NewsFeed (158)
[2014.07.18-00.08.14:304][270]LogModuleManager: Shutting down and abandoning module StatsViewer (157)
[2014.07.18-00.08.14:304][270]LogModuleManager: Shutting down and abandoning module FoliageEdit (156)
[2014.07.18-00.08.14:311][270]LogModuleManager: Shutting down and abandoning module LandscapeEditor (155)
[2014.07.18-00.08.14:329][270]LogModuleManager: Shutting down and abandoning module MeshPaint (154)
[2014.07.18-00.08.14:345][270]LogModuleManager: Shutting down and abandoning module ActorPickerMode (153)
[2014.07.18-00.08.14:345][270]LogModuleManager: Shutting down and abandoning module GeometryMode (152)
[2014.07.18-00.08.14:345][270]LogModuleManager: Shutting down and abandoning module TextureAlignMode (151)
[2014.07.18-00.08.14:345][270]LogModuleManager: Shutting down and abandoning module BspMode (150)
[2014.07.18-00.08.14:345][270]LogModuleManager: Shutting down and abandoning module PlacementMode (149)
[2014.07.18-00.08.14:346][270]LogModuleManager: Shutting down and abandoning module AutomationWorker (148)
[2014.07.18-00.08.14:346][270]LogModuleManager: Shutting down and abandoning module ViewportSnapping (147)
[2014.07.18-00.08.14:346][270]LogModuleManager: Shutting down and abandoning module DeviceProfileEditor (146)
[2014.07.18-00.08.14:346][270]LogModuleManager: Shutting down and abandoning module UndoHistory (145)
[2014.07.18-00.08.14:346][270]LogModuleManager: Shutting down and abandoning module GameplayTagsEditor (144)
[2014.07.18-00.08.14:346][270]LogModuleManager: Shutting down and abandoning module UserFeedback (143)
[2014.07.18-00.08.14:346][270]LogModuleManager: Shutting down and abandoning module XmlParser (142)
[2014.07.18-00.08.14:346][270]LogModuleManager: Shutting down and abandoning module Blutility (141)
[2014.07.18-00.08.14:346][270]LogModuleManager: Shutting down and abandoning module AndroidPlatformEditor (138)
[2014.07.18-00.08.14:346][270]LogModuleManager: Shutting down and abandoning module AndroidRuntimeSettings (137)
[2014.07.18-00.08.14:346][270]LogModuleManager: Shutting down and abandoning module ProjectSettingsViewer (136)
[2014.07.18-00.08.14:346][270]LogModuleManager: Shutting down and abandoning module InputBindingEditor (135)
[2014.07.18-00.08.14:346][270]LogModuleManager: Shutting down and abandoning module EditorSettingsViewer (134)
[2014.07.18-00.08.14:346][270]LogModuleManager: Shutting down and abandoning module SettingsEditor (133)
[2014.07.18-00.08.14:346][270]LogModuleManager: Shutting down and abandoning module SessionLauncher (132)
[2014.07.18-00.08.14:346][270]LogModuleManager: Shutting down and abandoning module SessionFrontend (131)
[2014.07.18-00.08.14:346][270]LogModuleManager: Shutting down and abandoning module ProfilerClient (130)
[2014.07.18-00.08.14:346][270]LogModuleManager: Shutting down and abandoning module TargetDeviceServices (129)
[2014.07.18-00.08.14:346][270]LogModuleManager: Shutting down and abandoning module DeviceManager (128)
[2014.07.18-00.08.14:346][270]LogModuleManager: Shutting down and abandoning module AutomationController (127)
[2014.07.18-00.08.14:346][270]LogModuleManager: Shutting down and abandoning module AutomationWindow (126)
[2014.07.18-00.08.14:357][270]LogModuleManager: Shutting down and abandoning module Layers (125)
[2014.07.18-00.08.14:357][270]LogModuleManager: Shutting down and abandoning module ComponentVisualizers (124)
[2014.07.18-00.08.14:357][270]LogModuleManager: Shutting down and abandoning module DetailCustomizations (123)
[2014.07.18-00.08.14:357][270]LogModuleManager: Shutting down and abandoning module PackagesDialog (122)
[2014.07.18-00.08.14:357][270]LogModuleManager: Shutting down and abandoning module DirectoryWatcher (121)
[2014.07.18-00.08.14:357][270]LogModuleManager: Shutting down and abandoning module AssetRegistry (120)
[2014.07.18-00.08.14:456][270]LogModuleManager: Shutting down and abandoning module Persona (119)
[2014.07.18-00.08.14:456][270]LogModuleManager: Shutting down and abandoning module GraphEditor (118)
[2014.07.18-00.08.14:456][270]LogModuleManager: Shutting down and abandoning module ContentBrowser (117)
[2014.07.18-00.08.14:456][270]LogModuleManager: Shutting down and abandoning module ClassViewer (116)
[2014.07.18-00.08.14:456][270]LogModuleManager: Shutting down and abandoning module Toolbox (115)
[2014.07.18-00.08.14:456][270]LogModuleManager: Shutting down and abandoning module ModuleUI (114)
[2014.07.18-00.08.14:456][270]LogModuleManager: Shutting down and abandoning module Sequencer (113)
[2014.07.18-00.08.14:467][270]LogModuleManager: Shutting down and abandoning module MovieSceneTools (112)
[2014.07.18-00.08.14:467][270]LogModuleManager: Shutting down and abandoning module OutputLog (111)
[2014.07.18-00.08.14:467][270]LogModuleManager: Shutting down and abandoning module GammaUI (110)
[2014.07.18-00.08.14:467][270]LogModuleManager: Shutting down and abandoning module Documentation (109)
[2014.07.18-00.08.14:467][270]LogModuleManager: Shutting down and abandoning module StreamingPauseRendering (108)
[2014.07.18-00.08.14:467][270]LogModuleManager: Shutting down and abandoning module AnalyticsET (107)
[2014.07.18-00.08.14:467][270]LogModuleManager: Shutting down and abandoning module Analytics (106)
[2014.07.18-00.08.14:467][270]LogModuleManager: Shutting down and abandoning module ProfilerService (105)
[2014.07.18-00.08.14:612][270]LogModuleManager: Shutting down and abandoning module TaskGraph (104)
[2014.07.18-00.08.14:619][270]LogModuleManager: Shutting down and abandoning module GameProjectGeneration (103)
[2014.07.18-00.08.14:619][270]LogModuleManager: Shutting down and abandoning module Matinee (102)
[2014.07.18-00.08.14:620][270]LogModuleManager: Shutting down and abandoning module Kismet (101)
[2014.07.18-00.08.14:620][270]LogModuleManager: Shutting down and abandoning module SlateReflector (100)
[2014.07.18-00.08.14:620][270]LogModuleManager: Shutting down and abandoning module LevelEditor (99)
[2014.07.18-00.08.14:621][270]LogModuleManager: Shutting down and abandoning module MainFrame (98)
[2014.07.18-00.08.14:621][270]LogModuleManager: Shutting down and abandoning module SourceControl (97)
[2014.07.18-00.08.14:621][270]LogModuleManager: Shutting down and abandoning module ImageWrapper (96)
[2014.07.18-00.08.14:621][270]LogModuleManager: Shutting down and abandoning module OnlineBlueprintSupport (95)
[2014.07.18-00.08.14:621][270]LogModuleManager: Shutting down and abandoning module PropertyEditor (94)
[2014.07.18-00.08.14:621][270]LogModuleManager: Shutting down and abandoning module AssetTools (93)
[2014.07.18-00.08.14:636][270]LogModuleManager: Shutting down and abandoning module BehaviorTreeEditor (92)
[2014.07.18-00.08.14:645][270]LogModuleManager: Shutting down and abandoning module FunctionalTesting (91)
[2014.07.18-00.08.14:645][270]LogModuleManager: Shutting down and abandoning module CollisionAnalyzer (90)
[2014.07.18-00.08.14:654][270]LogModuleManager: Shutting down and abandoning module WorkspaceMenuStructure (89)
[2014.07.18-00.08.14:654][270]LogModuleManager: Shutting down and abandoning module MessageLog (88)
[2014.07.18-00.08.14:654][270]LogModuleManager: Shutting down and abandoning module Slate (87)
[2014.07.18-00.08.14:654][270]LogModuleManager: Shutting down and abandoning module EditorStyle (86)
[2014.07.18-00.08.14:655][270]LogModuleManager: Shutting down and abandoning module SessionServices (85)
[2014.07.18-00.08.14:655][270]LogModuleManager: Shutting down and abandoning module Messaging (84)
[2014.07.18-00.08.14:655][270]LogModuleManager: Shutting down and abandoning module SourceCodeAccess (83)
[2014.07.18-00.08.14:655][270]LogModuleManager: Shutting down and abandoning module HeadMountedDisplay (82)
[2014.07.18-00.08.14:655][270]LogModuleManager: Shutting down and abandoning module XAudio2 (81)
[2014.07.18-00.08.14:655][270]LogModuleManager: Shutting down and abandoning module Networking (79)
[2014.07.18-00.08.14:655][270]LogModuleManager: Shutting down and abandoning module Core (78)
[2014.07.18-00.08.14:655][270]LogModuleManager: Shutting down and abandoning module KismetCompiler (77)
[2014.07.18-00.08.14:655][270]LogModuleManager: Shutting down and abandoning module PhysXFormats (76)
[2014.07.18-00.08.14:655][270]LogModuleManager: Shutting down and abandoning module SimplygonMeshReduction (75)
[2014.07.18-00.08.14:655][270]LogModuleManager: Shutting down and abandoning module MeshUtilities (74)
[2014.07.18-00.08.14:669][270]LogModuleManager: Shutting down and abandoning module DerivedDataCache (73)
[2014.07.18-00.08.14:703][270]LogDerivedDataCache: Shutdown
[2014.07.18-00.08.14:703][270]LogModuleManager: Shutting down and abandoning module ShaderFormatOpenGL (72)
[2014.07.18-00.08.14:703][270]LogModuleManager: Shutting down and abandoning module ShaderFormatD3D (71)
[2014.07.18-00.08.14:703][270]LogModuleManager: Shutting down and abandoning module TextureFormatUncompressed (70)
[2014.07.18-00.08.14:703][270]LogModuleManager: Shutting down and abandoning module TextureFormatPVR (69)
[2014.07.18-00.08.14:703][270]LogModuleManager: Shutting down and abandoning module TextureFormatDXT (68)
[2014.07.18-00.08.14:703][270]LogModuleManager: Shutting down and abandoning module TextureFormatAndroid (67)
[2014.07.18-00.08.14:703][270]LogModuleManager: Shutting down and abandoning module AudioFormatOpus (66)
[2014.07.18-00.08.14:703][270]LogModuleManager: Shutting down and abandoning module AudioFormatOgg (65)
[2014.07.18-00.08.14:703][270]LogModuleManager: Shutting down and abandoning module AudioFormatADPCM (64)
[2014.07.18-00.08.14:703][270]LogModuleManager: Shutting down and abandoning module Android_PVRTCTargetPlatform (63)
[2014.07.18-00.08.14:703][270]LogModuleManager: Shutting down and abandoning module Android_ETC2TargetPlatform (62)
[2014.07.18-00.08.14:703][270]LogModuleManager: Shutting down and abandoning module Android_ETC1TargetPlatform (61)
[2014.07.18-00.08.14:703][270]LogModuleManager: Shutting down and abandoning module Android_DXTTargetPlatform (60)
[2014.07.18-00.08.14:703][270]LogModuleManager: Shutting down and abandoning module Android_ATCTargetPlatform (59)
[2014.07.18-00.08.14:703][270]LogModuleManager: Shutting down and abandoning module AndroidTargetPlatform (58)
[2014.07.18-00.08.14:703][270]LogModuleManager: Shutting down and abandoning module WindowsTargetPlatform (57)
[2014.07.18-00.08.14:703][270]LogModuleManager: Shutting down and abandoning module WindowsServerTargetPlatform (56)
[2014.07.18-00.08.14:703][270]LogModuleManager: Shutting down and abandoning module WindowsNoEditorTargetPlatform (55)
[2014.07.18-00.08.14:703][270]LogModuleManager: Shutting down and abandoning module WindowsClientTargetPlatform (54)
[2014.07.18-00.08.14:703][270]LogModuleManager: Shutting down and abandoning module TargetPlatform (53)
[2014.07.18-00.08.14:703][270]LogModuleManager: Shutting down and abandoning module InputCore (52)
[2014.07.18-00.08.14:703][270]LogModuleManager: Shutting down and abandoning module Settings (51)
[2014.07.18-00.08.14:703][270]LogModuleManager: Shutting down and abandoning module TextureCompressor (48)
[2014.07.18-00.08.14:703][270]LogModuleManager: Shutting down and abandoning module ShaderCore (47)
[2014.07.18-00.08.14:703][270]LogModuleManager: Shutting down and abandoning module OpenGLDrv (46)
[2014.07.18-00.08.14:703][270]LogModuleManager: Shutting down and abandoning module D3D11RHI (45)
[2014.07.18-00.08.14:703][270]LogModuleManager: Shutting down and abandoning module SlateRHIRenderer (44)
[2014.07.18-00.08.14:703][270]LogModuleManager: Shutting down and abandoning module Renderer (43)
[2014.07.18-00.08.14:703][270]LogModuleManager: Shutting down and abandoning module Engine (42)
[2014.07.18-00.08.14:703][270]LogModuleManager: Shutting down and abandoning module SlateRemote (41)
[2014.07.18-00.08.14:703][270]LogModuleManager: Shutting down and abandoning module ScriptPlugin (40)
[2014.07.18-00.08.14:716][270]LogModuleManager: Shutting down and abandoning module ScriptEditorPlugin (38)
[2014.07.18-00.08.14:716][270]LogModuleManager: Shutting down and abandoning module WindowsMoviePlayer (37)
[2014.07.18-00.08.14:719][270]LogModuleManager: Shutting down and abandoning module ExampleDeviceProfileSelector (32)
[2014.07.18-00.08.14:719][270]LogModuleManager: Shutting down and abandoning module CustomMeshComponent (31)
[2014.07.18-00.08.14:719][270]LogModuleManager: Shutting down and abandoning module CableComponent (30)
[2014.07.18-00.08.14:719][270]LogModuleManager: Shutting down and abandoning module OculusRift (26)
[2014.07.18-00.08.14:719][270]LogModuleManager: Shutting down and abandoning module UdpMessaging (25)
[2014.07.18-00.08.14:819][270]LogModuleManager: Shutting down and abandoning module MessagingDebugger (24)
[2014.07.18-00.08.14:828][270]LogModuleManager: Shutting down and abandoning module PluginsEditor (14)
[2014.07.18-00.08.14:828][270]LogModuleManager: Shutting down and abandoning module IntroTutorials (13)
[2014.07.18-00.08.14:828][270]LogModuleManager: Shutting down and abandoning module EpicSurvey (12)
[2014.07.18-00.08.14:828][270]LogModuleManager: Shutting down and abandoning module VisualStudioSourceCodeAccess (10)
[2014.07.18-00.08.14:828][270]LogModuleManager: Shutting down and abandoning module UObjectPlugin (9)
[2014.07.18-00.08.14:828][270]LogModuleManager: Shutting down and abandoning module SubversionSourceControl (8)
[2014.07.18-00.08.14:828][270]LogModuleManager: Shutting down and abandoning module PerforceSourceControl (7)
[2014.07.18-00.08.14:828][270]LogModuleManager: Shutting down and abandoning module BlankPlugin (6)
[2014.07.18-00.08.14:828][270]LogModuleManager: Shutting down and abandoning module CoreUObject (5)
[2014.07.18-00.08.14:828][270]LogModuleManager: Shutting down and abandoning module NetworkFile (4)
[2014.07.18-00.08.14:828][270]LogModuleManager: Shutting down and abandoning module StreamingFile (3)
[2014.07.18-00.08.14:828][270]LogModuleManager: Shutting down and abandoning module SandboxFile (2)
[2014.07.18-00.08.14:828][270]LogModuleManager: Shutting down and abandoning module PakFile (1)
[2014.07.18-00.08.14:828][270]LogExit: Exiting.
[2014.07.18-00.08.14:830][270]Log file closed, 07/18/14 02:08:14
