Log file open, 07/09/14 21:07:06
LogInit:Display: Running engine for game: MyProject3
LogInit: Version: 4.2.1-2101290+++depot+UE4-Releases+4.2
LogInit: Compiled (64-bit): Jun 10 2014 22:21:56
LogInit: Build Configuration: Development
LogInit: Branch Name: ++depot+UE4-Releases+4.2
LogInit: Command line:  
LogInit: Base directory: E:/Unreal Engine/4.2/Engine/Binaries/Win64/
LogInit: Rocket: 1
[2014.07.09-19.07.06:642][  0]LogTaskGraph: Started task graph with 3 named threads and 6 total threads.
[2014.07.09-19.07.06:695][  0]LogOnline:Warning: No default platform service specified for OnlineSubsystem
[2014.07.09-19.07.06:710][  0]LogInit: Presizing for 0 objects not considered by GC, pre-allocating 0 bytes.
[2014.07.09-19.07.06:718][  0]LogInit: Object subsystem initialized
[2014.07.09-19.07.06:720][  0]LogInit: Selected Device Profile: [Windows]
[2014.07.09-19.07.06:720][  0]LogInit: Applying CVar settings loaded from the selected device profile: [Windows]
[2014.07.09-19.07.06:725][  0]LogInit: Computer: SPAEHLING-PC
[2014.07.09-19.07.06:725][  0]LogInit: User: Spaehling
[2014.07.09-19.07.06:726][  0]LogInit: CPU Page size=4096, Cores=6
[2014.07.09-19.07.06:726][  0]LogInit: High frequency timer resolution =3.126943 MHz
[2014.07.09-19.07.06:726][  0]LogMemory: Memory total: Physical=64.0GB (64GB approx) Virtual=8192.0GB
[2014.07.09-19.07.06:726][  0]LogMemory: Platform Memory Stats for Windows
[2014.07.09-19.07.06:726][  0]LogMemory: Process Physical Memory: 60.54 MB used, 60.54 MB peak
[2014.07.09-19.07.06:726][  0]LogMemory: Process Virtual Memory: 36.68 MB used, 36.82 MB peak
[2014.07.09-19.07.06:726][  0]LogMemory: Physical Memory: 7205.29 MB used, 65486.15 MB total
[2014.07.09-19.07.06:726][  0]LogMemory: Virtual Memory: 244.71 MB used, 8388608.00 MB total
[2014.07.09-19.07.06:777][  0]LogD3D11RHI: Found D3D11 adapter 0: NVIDIA GeForce GTX 690 (Feature Level 11_0)
[2014.07.09-19.07.06:777][  0]LogD3D11RHI: Adapter has 1990MB of dedicated video memory, 0MB of dedicated system memory, and 2048MB of shared system memory, 1 output[s]
[2014.07.09-19.07.06:798][  0]LogD3D11RHI: Found D3D11 adapter 1: NVIDIA GeForce GTX 690 (Feature Level 11_0)
[2014.07.09-19.07.06:798][  0]LogD3D11RHI: Adapter has 1990MB of dedicated video memory, 0MB of dedicated system memory, and 2048MB of shared system memory, 1 output[s]
[2014.07.09-19.07.06:798][  0]LogD3D11RHI: Chosen D3D11 Adapter Id = 0
[2014.07.09-19.07.06:803][  0]LogRHI: Texture pool is 1361 MB (70% of 1945 MB)
[2014.07.09-19.07.06:812][  0]LogD3D11RHI: Async texture creation enabled
[2014.07.09-19.07.06:861][  0]LogTextLocalizationManager:Warning: The selected culture 'de_DE' is not available; falling back to 'en'
[2014.07.09-19.07.06:908][  0]LogContentStreaming: Texture pool size is 0.000000MB
[2014.07.09-19.07.07:651][  0]LogTargetPlatformManager:Display: Building Assets For Windows
[2014.07.09-19.07.07:721][  0]LogTargetPlatformManager:Display: Building Assets For Windows
[2014.07.09-19.07.07:747][  0]LogDerivedDataCache:Display: Max Cache Size: 512 MB
[2014.07.09-19.07.07:780][  0]LogDerivedDataCache: Loaded boot cache 0.03s 39MB C:/Users/Spaehling/AppData/Local/UnrealEngine/4.2/DerivedDataCache/Boot.ddc.
[2014.07.09-19.07.07:780][  0]LogDerivedDataCache:Display: Loaded Boot cache: C:/Users/Spaehling/AppData/Local/UnrealEngine/4.2/DerivedDataCache/Boot.ddc
[2014.07.09-19.07.07:780][  0]LogDerivedDataCache: FDerivedDataBackendGraph:  Pak pak cache file D:/UDK4 Projects/Waagenabau/DerivedDataCache/DDC.ddp not found, will not use a pak cache.
[2014.07.09-19.07.07:780][  0]LogDerivedDataCache: Unable to find inner node Pak for hierarchical cache Hierarchy.
[2014.07.09-19.07.07:790][  0]LogDerivedDataCache:Display: Pak cache opened for reading ../../../Engine/DerivedDataCache/DDC.ddp.
[2014.07.09-19.07.07:801][  0]LogDerivedDataCache: Using Local data cache path C:/Users/Spaehling/AppData/Local/UnrealEngine/4.2/DerivedDataCache: Writable
[2014.07.09-19.07.07:938][  0]LogMeshUtilities: No automatic mesh reduction module available
[2014.07.09-19.07.07:938][  0]LogMeshUtilities: No automatic mesh merging module available
[2014.07.09-19.07.08:217][  0]LogInit: WinSock: version 1.1 (2.2), MaxSocks=32767, MaxUdp=65467
[2014.07.09-19.07.08:511][  0]LogStreaming:Warning: Failed to read file '../../../Engine/Content/Editor/Slate/Icons/ActorIcons/GroupActor_16x.png' error.
[2014.07.09-19.07.08:511][  0]LogSlate: Could not find file for Slate resource: ../../../Engine/Content/Editor/Slate/Icons/ActorIcons/GroupActor_16x.png
[2014.07.09-19.07.08:515][  0]LogStreaming:Warning: Failed to read file '../../../Engine/Content/Editor/Slate/Icons/ActorIcons/DecalActor_16x.png' error.
[2014.07.09-19.07.08:515][  0]LogSlate: Could not find file for Slate resource: ../../../Engine/Content/Editor/Slate/Icons/ActorIcons/DecalActor_16x.png
[2014.07.09-19.07.08:752][  0]UdpMessaging: Initializing bridge on interface 0.0.0.0:0 to multicast group 230.0.0.1:6666.
[2014.07.09-19.07.08:840][  0]SourceControl: Info Source control is disabled
[2014.07.09-19.07.08:840][  0]SourceControl: Info Source control is disabled
[2014.07.09-19.07.08:844][  0]SourceControl: Info Source control is disabled
[2014.07.09-19.07.08:911][  0]BlueprintLog: New page: Editor Load
[2014.07.09-19.07.08:940][  0]LogObj: 19203 objects as part of root set at end of initial load.
[2014.07.09-19.07.08:940][  0]LogUObjectAllocator: 3820576 out of 0 bytes used by permanent object pool.
[2014.07.09-19.07.09:247][  0]LogEngine: Initializing Engine...
[2014.07.09-19.07.09:344][  0]LogInit: XAudio2 using 'Lautsprecher (Corsair Vengeance 2000 Headset)' : 8 channels at 44.1 kHz using 16 bits per sample (channel mask 0x63f)
[2014.07.09-19.07.09:352][  0]LogInit: FAudioDevice initialized.
[2014.07.09-19.07.09:371][  0]LogDerivedDataCache: Saved boot cache 0.02s 39MB C:/Users/Spaehling/AppData/Local/UnrealEngine/4.2/DerivedDataCache/Boot.ddc.
[2014.07.09-19.07.09:375][  0]LogInit: Texture streaming: Enabled
[2014.07.09-19.07.09:406][  0]LogInit: Transaction tracking system initialized
[2014.07.09-19.07.09:481][  0]LogAssetRegistry: FAssetRegistry took 0.0099 seconds to start up
[2014.07.09-19.07.09:589][  0]LogModuleManager:Warning: ModuleManager: Unable to load module '' because the file was not found.
[2014.07.09-19.07.09:593][  0]LogModuleManager:Warning: ModuleManager: Unable to load module '' because the file was not found.
[2014.07.09-19.07.09:628][  0]LogConsoleResponse:Display: 
[2014.07.09-19.07.09:791][  0]SourceControl: Info Source control is disabled
[2014.07.09-19.07.09:791][  0]Cmd: MAP LOAD FILE="D:/UDK4 Projects/Waagenabau/Content/Maps/waagenbau.umap" TEMPLATE=0 SHOWPROGRESS=1 WORLDCOMPOSITION=0
[2014.07.09-19.07.09:791][  0]LightingResults: New page: Lighting Build
[2014.07.09-19.07.09:796][  0]MapCheck: New page: Map Check
[2014.07.09-19.07.09:796][  0]LightingResults: New page: Lighting Build
[2014.07.09-19.07.09:801][  0]LogParticles: Destroying 0 GPU particle simulations for FXSystem 0x0000000010112A20
[2014.07.09-19.07.10:849][  0]LogBlueprint:Warning: Node '/Game/Blueprints/Assets/Cigarettes.cigarettes:UserConstructionScript.K2Node_VariableGet_424' missing NodeGuid.
[2014.07.09-19.07.11:168][  0]LogBlueprintUserMessages:Warning: SetTimer passed a bad function () or object (DiscoLight_1_C_0)
[2014.07.09-19.07.11:168][  0]LogBlueprintUserMessages:Warning: SetTimer passed a bad function () or object (DiscoLight_1_C_1)
[2014.07.09-19.07.11:169][  0]LogBlueprintUserMessages:Warning: SetTimer passed a bad function () or object (DiscoLight_1_C_2)
[2014.07.09-19.07.11:170][  0]LogBlueprintUserMessages:Warning: SetTimer passed a bad function () or object (DiscoLight_1_C_3)
[2014.07.09-19.07.11:170][  0]LogBlueprintUserMessages:Warning: SetTimer passed a bad function () or object (DiscoLight_1_C_4)
[2014.07.09-19.07.11:171][  0]LogBlueprintUserMessages:Warning: SetTimer passed a bad function () or object (DiscoLight_1_C_5)
[2014.07.09-19.07.11:172][  0]LogBlueprintUserMessages:Warning: SetTimer passed a bad function () or object (DiscoLight_1_C_6)
[2014.07.09-19.07.11:172][  0]LogBlueprintUserMessages:Warning: SetTimer passed a bad function () or object (DiscoLight_1_C_7)
[2014.07.09-19.07.11:173][  0]LogBlueprintUserMessages:Warning: SetTimer passed a bad function () or object (DiscoLight_1_C_8)
[2014.07.09-19.07.11:174][  0]LogBlueprintUserMessages:Warning: SetTimer passed a bad function () or object (DiscoLight_1_C_9)
[2014.07.09-19.07.11:174][  0]LogBlueprintUserMessages:Warning: SetTimer passed a bad function () or object (DiscoLight_1_C_10)
[2014.07.09-19.07.11:175][  0]LogBlueprintUserMessages:Warning: SetTimer passed a bad function () or object (DiscoLight_1_C_11)
[2014.07.09-19.07.11:176][  0]LogBlueprintUserMessages:Warning: SetTimer passed a bad function () or object (DiscoLight_1_C_12)
[2014.07.09-19.07.11:177][  0]LogBlueprintUserMessages:Warning: SetTimer passed a bad function () or object (DiscoLight_1_C_13)
[2014.07.09-19.07.11:177][  0]LogBlueprintUserMessages:Warning: SetTimer passed a bad function () or object (DiscoLight_1_C_14)
[2014.07.09-19.07.11:178][  0]LogBlueprintUserMessages:Warning: SetTimer passed a bad function () or object (DiscoLight_1_C_15)
[2014.07.09-19.07.11:179][  0]LogBlueprintUserMessages:Warning: SetTimer passed a bad function () or object (DiscoLight_1_C_16)
[2014.07.09-19.07.11:179][  0]LogBlueprintUserMessages:Warning: SetTimer passed a bad function () or object (DiscoLight_1_C_18)
[2014.07.09-19.07.11:180][  0]LogBlueprintUserMessages:Warning: SetTimer passed a bad function () or object (DiscoLight_1_C_19)
[2014.07.09-19.07.11:181][  0]LogBlueprintUserMessages:Warning: SetTimer passed a bad function () or object (DiscoLight_1_C_20)
[2014.07.09-19.07.11:181][  0]LogBlueprintUserMessages:Warning: SetTimer passed a bad function () or object (DiscoLight_1_C_21)
[2014.07.09-19.07.11:182][  0]LogBlueprintUserMessages:Warning: SetTimer passed a bad function () or object (DiscoLight_1_C_22)
[2014.07.09-19.07.11:196][  0]LogArray:Warning: Attempted to get an item from array Sounds out of bounds [0/0]!
[2014.07.09-19.07.11:206][  0]LogEditorServer: Finished looking for orphan Actors (0.000 secs)
[2014.07.09-19.07.11:207][  0]Cmd: MAP CHECKDEP
[2014.07.09-19.07.11:207][  0]MapCheck: New page: waagenbau - Jul 9, 2014, 11:07:11 PM
[2014.07.09-19.07.11:283][  0]MapCheck: Info ========== Map Check: 0 Error(s), 0 Warning(s), [75.277ms] ==========
[2014.07.09-19.07.11:283][  0]LogFileHelpers: Loading map 'waagenbau' took 1.491
[2014.07.09-19.07.11:418][  0]LogCrashTracker: Crashtracker disabled due to settings.
[2014.07.09-19.07.11:418][  0]Cmd: MODE PLACEMENT
[2014.07.09-19.07.11:470][  0]LogLoad: Full Startup: 5.44 seconds (BP compile: 0.32 seconds)
[2014.07.09-19.07.11:564][  0]LogRenderer:Warning: Reallocating scene render targets to support 32x32.
[2014.07.09-19.07.11:656][  0]LogRenderer:Warning: Reallocating scene render targets to support 1120x856.
[2014.07.09-19.07.11:834][  1]LogEpicStorage:Warning: EnumerateFiles request failed. Invalid response. code=403 error=<?xml version="1.0" encoding="UTF-8"?>
<Error><Code>AccessDenied</Code><Message>Access Denied</Message><RequestId>0280C13B1DCD9AC3</RequestId><HostId>OUEYPgP6STxOgjDZMyY5NWSpgZgZRLM/PddmiTMl9GOMw9yRZBscSVpJNTNIgnO3</HostId></Error>
[2014.07.09-19.07.11:875][  1]LogAssetRegistry: Asset discovery search completed in 2.4030 seconds
[2014.07.09-19.07.11:964][  2]LogEpicSurvey:Warning: EnumerateFiles request failed. Invalid response. code=403 error=<?xml version="1.0" encoding="UTF-8"?>
<Error><Code>AccessDenied</Code><Message>Access Denied</Message><RequestId>8F895C3172AE16DF</RequestId><HostId>/qlgGPJjdiWdzmAuDADyY2Vx55DUPX397F/NC4KAk5CZ/nXlExiAV8nQUYnZoyqo</HostId></Error>
[2014.07.09-19.07.12:040][  3]LogEpicStorage:Warning: EnumerateFiles request failed. Invalid response. code=403 error=<?xml version="1.0" encoding="UTF-8"?>
<Error><Code>AccessDenied</Code><Message>Access Denied</Message><RequestId>0280C13B1DCD9AC3</RequestId><HostId>OUEYPgP6STxOgjDZMyY5NWSpgZgZRLM/PddmiTMl9GOMw9yRZBscSVpJNTNIgnO3</HostId></Error>
[2014.07.09-19.07.12:131][  4]LogEpicSurvey:Warning: EnumerateFiles request failed. Invalid response. code=403 error=<?xml version="1.0" encoding="UTF-8"?>
<Error><Code>AccessDenied</Code><Message>Access Denied</Message><RequestId>8F895C3172AE16DF</RequestId><HostId>/qlgGPJjdiWdzmAuDADyY2Vx55DUPX397F/NC4KAk5CZ/nXlExiAV8nQUYnZoyqo</HostId></Error>
[2014.07.09-19.07.12:161][  6]LogEpicSurvey:Warning: EnumerateFiles request failed. Invalid response. code=403 error=<?xml version="1.0" encoding="UTF-8"?>
<Error><Code>AccessDenied</Code><Message>Access Denied</Message><RequestId>7C882B0DAFBD98BE</RequestId><HostId>proBWNUo2wMPsXdKMhIW9baPcclB79GRouv1UYaST0AZdvig2KE0m1o25TAlYn40</HostId></Error>
[2014.07.09-19.07.12:197][  7]LogEpicStorage:Warning: ReadFile request failed. File request already pending for filename=http://cdn.unrealengine.com/newsfeed/blueprint_icon_b.png
[2014.07.09-19.07.12:199][  7]LogEpicStorage:Warning: ReadFile request failed. File request already pending for filename=http://cdn.unrealengine.com/newsfeed/blueprint_icon_b.png
[2014.07.09-19.08.10:764][488]LogBlueprint:Warning: [compiler] Warning InputAction Event references unknown Action 'Action' for  InputAction Action 
[2014.07.09-19.08.10:767][488]LogBlueprint:Warning: [compiler] Warning [0064.74] Compile of MyCharacter successful, but with 1 Warning(s) [in 5 ms]
[2014.07.09-19.08.10:775][488]LogBlueprint:Warning: [compiler] Warning InputAction Event references unknown Action 'Action' for  InputAction Action 
[2014.07.09-19.08.10:778][488]LogBlueprint:Warning: [compiler] Warning [0064.75] Compile of MyCharacter successful, but with 1 Warning(s) [in 5 ms]
[2014.07.09-19.08.44:565][681]LogSavePackage: Save=416.329315ms
[2014.07.09-19.08.44:565][681]LogSavePackage: Moving 'D:/UDK4 Projects/Waagenabau/Saved/waagenbau91ACF2684C3B5101ED42828047AB5E47.tmp' to 'D:/UDK4 Projects/Waagenabau/Content/Maps/waagenbau.umap'
[2014.07.09-19.08.45:786][712]Cmd: QUIT_EDITOR
[2014.07.09-19.08.45:829][712]LogWindowsTextInputMethodSystem:Error: Terminating failed while unadvising the language notification sink from the TSF source.
[2014.07.09-19.08.45:830][712]LogExit: Preparing to exit.
[2014.07.09-19.08.46:963][712]LogExit: Editor shut down
[2014.07.09-19.08.46:963][712]LogExit: Transaction tracking system shut down
[2014.07.09-19.08.46:966][712]LogParticles: Destroying 0 GPU particle simulations for FXSystem 0x00000000179C3560
[2014.07.09-19.08.46:997][712]LogParticles: Destroying 0 GPU particle simulations for FXSystem 0x0000000020D35940
[2014.07.09-19.08.46:997][712]LogParticles: Destroying 0 GPU particle simulations for FXSystem 0x000000000C39C220
[2014.07.09-19.08.46:997][712]LogParticles: Destroying 0 GPU particle simulations for FXSystem 0x0000000026F33F60
[2014.07.09-19.08.46:997][712]LogExit: Object subsystem successfully closed.
[2014.07.09-19.08.47:024][712]LogModuleManager: Shutting down and abandoning module ExternalImagePicker (164)
[2014.07.09-19.08.47:024][712]LogModuleManager: Shutting down and abandoning module AndroidDeviceDetection (163)
[2014.07.09-19.08.47:024][712]LogModuleManager: Shutting down and abandoning module CrashTracker (162)
[2014.07.09-19.08.47:024][712]LogModuleManager: Shutting down and abandoning module HTTP (161)
[2014.07.09-19.08.47:024][712]LogModuleManager: Shutting down and abandoning module NewsFeed (160)
[2014.07.09-19.08.47:024][712]LogModuleManager: Shutting down and abandoning module SceneOutliner (159)
[2014.07.09-19.08.47:024][712]LogModuleManager: Shutting down and abandoning module StatsViewer (158)
[2014.07.09-19.08.47:024][712]LogModuleManager: Shutting down and abandoning module FoliageEdit (157)
[2014.07.09-19.08.47:024][712]LogModuleManager: Shutting down and abandoning module LandscapeEditor (156)
[2014.07.09-19.08.47:029][712]LogModuleManager: Shutting down and abandoning module MeshPaint (155)
[2014.07.09-19.08.47:029][712]LogModuleManager: Shutting down and abandoning module ActorPickerMode (154)
[2014.07.09-19.08.47:029][712]LogModuleManager: Shutting down and abandoning module GeometryMode (153)
[2014.07.09-19.08.47:030][712]LogModuleManager: Shutting down and abandoning module TextureAlignMode (152)
[2014.07.09-19.08.47:030][712]LogModuleManager: Shutting down and abandoning module BspMode (151)
[2014.07.09-19.08.47:030][712]LogModuleManager: Shutting down and abandoning module PlacementMode (150)
[2014.07.09-19.08.47:030][712]LogModuleManager: Shutting down and abandoning module AutomationWorker (149)
[2014.07.09-19.08.47:030][712]LogModuleManager: Shutting down and abandoning module ViewportSnapping (148)
[2014.07.09-19.08.47:030][712]LogModuleManager: Shutting down and abandoning module DeviceProfileEditor (147)
[2014.07.09-19.08.47:030][712]LogModuleManager: Shutting down and abandoning module UndoHistory (146)
[2014.07.09-19.08.47:030][712]LogModuleManager: Shutting down and abandoning module GameplayTagsEditor (145)
[2014.07.09-19.08.47:031][712]LogModuleManager: Shutting down and abandoning module UserFeedback (144)
[2014.07.09-19.08.47:031][712]LogModuleManager: Shutting down and abandoning module XmlParser (143)
[2014.07.09-19.08.47:031][712]LogModuleManager: Shutting down and abandoning module Blutility (142)
[2014.07.09-19.08.47:031][712]LogModuleManager: Shutting down and abandoning module AndroidPlatformEditor (139)
[2014.07.09-19.08.47:031][712]LogModuleManager: Shutting down and abandoning module AndroidRuntimeSettings (138)
[2014.07.09-19.08.47:031][712]LogModuleManager: Shutting down and abandoning module ProjectSettingsViewer (137)
[2014.07.09-19.08.47:031][712]LogModuleManager: Shutting down and abandoning module InputBindingEditor (136)
[2014.07.09-19.08.47:031][712]LogModuleManager: Shutting down and abandoning module EditorSettingsViewer (135)
[2014.07.09-19.08.47:031][712]LogModuleManager: Shutting down and abandoning module SettingsEditor (134)
[2014.07.09-19.08.47:031][712]LogModuleManager: Shutting down and abandoning module SessionLauncher (133)
[2014.07.09-19.08.47:031][712]LogModuleManager: Shutting down and abandoning module SessionFrontend (132)
[2014.07.09-19.08.47:031][712]LogModuleManager: Shutting down and abandoning module ProfilerClient (131)
[2014.07.09-19.08.47:031][712]LogModuleManager: Shutting down and abandoning module TargetDeviceServices (130)
[2014.07.09-19.08.47:031][712]LogModuleManager: Shutting down and abandoning module DeviceManager (129)
[2014.07.09-19.08.47:031][712]LogModuleManager: Shutting down and abandoning module AutomationController (128)
[2014.07.09-19.08.47:031][712]LogModuleManager: Shutting down and abandoning module AutomationWindow (127)
[2014.07.09-19.08.47:031][712]LogModuleManager: Shutting down and abandoning module Layers (126)
[2014.07.09-19.08.47:031][712]LogModuleManager: Shutting down and abandoning module ComponentVisualizers (125)
[2014.07.09-19.08.47:031][712]LogModuleManager: Shutting down and abandoning module DetailCustomizations (124)
[2014.07.09-19.08.47:031][712]LogModuleManager: Shutting down and abandoning module PackagesDialog (123)
[2014.07.09-19.08.47:031][712]LogModuleManager: Shutting down and abandoning module DirectoryWatcher (122)
[2014.07.09-19.08.47:031][712]LogModuleManager: Shutting down and abandoning module AssetRegistry (121)
[2014.07.09-19.08.47:154][712]LogModuleManager: Shutting down and abandoning module Persona (120)
[2014.07.09-19.08.47:154][712]LogModuleManager: Shutting down and abandoning module GraphEditor (119)
[2014.07.09-19.08.47:154][712]LogModuleManager: Shutting down and abandoning module ContentBrowser (118)
[2014.07.09-19.08.47:154][712]LogModuleManager: Shutting down and abandoning module ClassViewer (117)
[2014.07.09-19.08.47:154][712]LogModuleManager: Shutting down and abandoning module Toolbox (116)
[2014.07.09-19.08.47:154][712]LogModuleManager: Shutting down and abandoning module ModuleUI (115)
[2014.07.09-19.08.47:154][712]LogModuleManager: Shutting down and abandoning module Sequencer (114)
[2014.07.09-19.08.47:154][712]LogModuleManager: Shutting down and abandoning module MovieSceneTools (113)
[2014.07.09-19.08.47:154][712]LogModuleManager: Shutting down and abandoning module OutputLog (112)
[2014.07.09-19.08.47:154][712]LogModuleManager: Shutting down and abandoning module GammaUI (111)
[2014.07.09-19.08.47:154][712]LogModuleManager: Shutting down and abandoning module Documentation (110)
[2014.07.09-19.08.47:154][712]LogModuleManager: Shutting down and abandoning module DesktopPlatform (109)
[2014.07.09-19.08.47:154][712]LogModuleManager: Shutting down and abandoning module StreamingPauseRendering (108)
[2014.07.09-19.08.47:154][712]LogModuleManager: Shutting down and abandoning module AnalyticsET (107)
[2014.07.09-19.08.47:154][712]LogModuleManager: Shutting down and abandoning module Analytics (106)
[2014.07.09-19.08.47:154][712]LogModuleManager: Shutting down and abandoning module ProfilerService (105)
[2014.07.09-19.08.47:208][712]LogModuleManager: Shutting down and abandoning module TaskGraph (104)
[2014.07.09-19.08.47:208][712]LogModuleManager: Shutting down and abandoning module GameProjectGeneration (103)
[2014.07.09-19.08.47:208][712]LogModuleManager: Shutting down and abandoning module Matinee (102)
[2014.07.09-19.08.47:208][712]LogModuleManager: Shutting down and abandoning module Kismet (101)
[2014.07.09-19.08.47:208][712]LogModuleManager: Shutting down and abandoning module SlateReflector (100)
[2014.07.09-19.08.47:208][712]LogModuleManager: Shutting down and abandoning module LevelEditor (99)
[2014.07.09-19.08.47:209][712]LogModuleManager: Shutting down and abandoning module MainFrame (98)
[2014.07.09-19.08.47:209][712]LogModuleManager: Shutting down and abandoning module SourceControl (97)
[2014.07.09-19.08.47:209][712]LogModuleManager: Shutting down and abandoning module ImageWrapper (96)
[2014.07.09-19.08.47:209][712]LogModuleManager: Shutting down and abandoning module OnlineBlueprintSupport (95)
[2014.07.09-19.08.47:209][712]LogModuleManager: Shutting down and abandoning module PropertyEditor (94)
[2014.07.09-19.08.47:209][712]LogModuleManager: Shutting down and abandoning module AssetTools (93)
[2014.07.09-19.08.47:209][712]LogModuleManager: Shutting down and abandoning module BehaviorTreeEditor (92)
[2014.07.09-19.08.47:209][712]LogModuleManager: Shutting down and abandoning module FunctionalTesting (91)
[2014.07.09-19.08.47:209][712]LogModuleManager: Shutting down and abandoning module CollisionAnalyzer (90)
[2014.07.09-19.08.47:209][712]LogModuleManager: Shutting down and abandoning module WorkspaceMenuStructure (89)
[2014.07.09-19.08.47:209][712]LogModuleManager: Shutting down and abandoning module MessageLog (88)
[2014.07.09-19.08.47:209][712]LogModuleManager: Shutting down and abandoning module Slate (87)
[2014.07.09-19.08.47:209][712]LogModuleManager: Shutting down and abandoning module EditorStyle (86)
[2014.07.09-19.08.47:210][712]LogModuleManager: Shutting down and abandoning module SessionServices (85)
[2014.07.09-19.08.47:210][712]LogModuleManager: Shutting down and abandoning module Messaging (84)
[2014.07.09-19.08.47:210][712]LogModuleManager: Shutting down and abandoning module SourceCodeAccess (83)
[2014.07.09-19.08.47:211][712]LogModuleManager: Shutting down and abandoning module HeadMountedDisplay (82)
[2014.07.09-19.08.47:211][712]LogModuleManager: Shutting down and abandoning module XAudio2 (81)
[2014.07.09-19.08.47:211][712]LogModuleManager: Shutting down and abandoning module Networking (79)
[2014.07.09-19.08.47:211][712]LogModuleManager: Shutting down and abandoning module Core (78)
[2014.07.09-19.08.47:211][712]LogModuleManager: Shutting down and abandoning module KismetCompiler (77)
[2014.07.09-19.08.47:211][712]LogModuleManager: Shutting down and abandoning module PhysXFormats (76)
[2014.07.09-19.08.47:211][712]LogModuleManager: Shutting down and abandoning module SimplygonMeshReduction (75)
[2014.07.09-19.08.47:211][712]LogModuleManager: Shutting down and abandoning module MeshUtilities (74)
[2014.07.09-19.08.47:211][712]LogModuleManager: Shutting down and abandoning module DerivedDataCache (73)
[2014.07.09-19.08.47:298][712]LogDerivedDataCache: Shutdown
[2014.07.09-19.08.47:298][712]LogModuleManager: Shutting down and abandoning module ShaderFormatOpenGL (72)
[2014.07.09-19.08.47:298][712]LogModuleManager: Shutting down and abandoning module ShaderFormatD3D (71)
[2014.07.09-19.08.47:298][712]LogModuleManager: Shutting down and abandoning module TextureFormatUncompressed (70)
[2014.07.09-19.08.47:298][712]LogModuleManager: Shutting down and abandoning module TextureFormatPVR (69)
[2014.07.09-19.08.47:298][712]LogModuleManager: Shutting down and abandoning module TextureFormatDXT (68)
[2014.07.09-19.08.47:298][712]LogModuleManager: Shutting down and abandoning module TextureFormatAndroid (67)
[2014.07.09-19.08.47:298][712]LogModuleManager: Shutting down and abandoning module AudioFormatOpus (66)
[2014.07.09-19.08.47:298][712]LogModuleManager: Shutting down and abandoning module AudioFormatOgg (65)
[2014.07.09-19.08.47:298][712]LogModuleManager: Shutting down and abandoning module AudioFormatADPCM (64)
[2014.07.09-19.08.47:298][712]LogModuleManager: Shutting down and abandoning module Android_PVRTCTargetPlatform (63)
[2014.07.09-19.08.47:298][712]LogModuleManager: Shutting down and abandoning module Android_ETC2TargetPlatform (62)
[2014.07.09-19.08.47:298][712]LogModuleManager: Shutting down and abandoning module Android_ETC1TargetPlatform (61)
[2014.07.09-19.08.47:298][712]LogModuleManager: Shutting down and abandoning module Android_DXTTargetPlatform (60)
[2014.07.09-19.08.47:298][712]LogModuleManager: Shutting down and abandoning module Android_ATCTargetPlatform (59)
[2014.07.09-19.08.47:298][712]LogModuleManager: Shutting down and abandoning module AndroidTargetPlatform (58)
[2014.07.09-19.08.47:298][712]LogModuleManager: Shutting down and abandoning module WindowsTargetPlatform (57)
[2014.07.09-19.08.47:298][712]LogModuleManager: Shutting down and abandoning module WindowsServerTargetPlatform (56)
[2014.07.09-19.08.47:298][712]LogModuleManager: Shutting down and abandoning module WindowsNoEditorTargetPlatform (55)
[2014.07.09-19.08.47:298][712]LogModuleManager: Shutting down and abandoning module WindowsClientTargetPlatform (54)
[2014.07.09-19.08.47:298][712]LogModuleManager: Shutting down and abandoning module TargetPlatform (53)
[2014.07.09-19.08.47:298][712]LogModuleManager: Shutting down and abandoning module InputCore (52)
[2014.07.09-19.08.47:298][712]LogModuleManager: Shutting down and abandoning module Settings (51)
[2014.07.09-19.08.47:298][712]LogModuleManager: Shutting down and abandoning module TextureCompressor (48)
[2014.07.09-19.08.47:299][712]LogModuleManager: Shutting down and abandoning module ShaderCore (47)
[2014.07.09-19.08.47:299][712]LogModuleManager: Shutting down and abandoning module OpenGLDrv (46)
[2014.07.09-19.08.47:299][712]LogModuleManager: Shutting down and abandoning module D3D11RHI (45)
[2014.07.09-19.08.47:299][712]LogModuleManager: Shutting down and abandoning module SlateRHIRenderer (44)
[2014.07.09-19.08.47:299][712]LogModuleManager: Shutting down and abandoning module Renderer (43)
[2014.07.09-19.08.47:299][712]LogModuleManager: Shutting down and abandoning module Engine (42)
[2014.07.09-19.08.47:299][712]LogModuleManager: Shutting down and abandoning module SlateRemote (41)
[2014.07.09-19.08.47:299][712]LogModuleManager: Shutting down and abandoning module ScriptPlugin (40)
[2014.07.09-19.08.47:299][712]LogModuleManager: Shutting down and abandoning module ScriptEditorPlugin (38)
[2014.07.09-19.08.47:299][712]LogModuleManager: Shutting down and abandoning module WindowsMoviePlayer (37)
[2014.07.09-19.08.47:303][712]LogModuleManager: Shutting down and abandoning module ExampleDeviceProfileSelector (32)
[2014.07.09-19.08.47:303][712]LogModuleManager: Shutting down and abandoning module CustomMeshComponent (31)
[2014.07.09-19.08.47:304][712]LogModuleManager: Shutting down and abandoning module CableComponent (30)
[2014.07.09-19.08.47:304][712]LogModuleManager: Shutting down and abandoning module OculusRift (26)
[2014.07.09-19.08.47:304][712]LogModuleManager: Shutting down and abandoning module UdpMessaging (25)
[2014.07.09-19.08.47:404][712]LogModuleManager: Shutting down and abandoning module MessagingDebugger (24)
[2014.07.09-19.08.47:404][712]LogModuleManager: Shutting down and abandoning module PluginsEditor (14)
[2014.07.09-19.08.47:404][712]LogModuleManager: Shutting down and abandoning module IntroTutorials (13)
[2014.07.09-19.08.47:404][712]LogModuleManager: Shutting down and abandoning module EpicSurvey (12)
[2014.07.09-19.08.47:404][712]LogModuleManager: Shutting down and abandoning module VisualStudioSourceCodeAccess (10)
[2014.07.09-19.08.47:404][712]LogModuleManager: Shutting down and abandoning module UObjectPlugin (9)
[2014.07.09-19.08.47:404][712]LogModuleManager: Shutting down and abandoning module SubversionSourceControl (8)
[2014.07.09-19.08.47:404][712]LogModuleManager: Shutting down and abandoning module PerforceSourceControl (7)
[2014.07.09-19.08.47:404][712]LogModuleManager: Shutting down and abandoning module BlankPlugin (6)
[2014.07.09-19.08.47:404][712]LogModuleManager: Shutting down and abandoning module CoreUObject (5)
[2014.07.09-19.08.47:404][712]LogModuleManager: Shutting down and abandoning module NetworkFile (4)
[2014.07.09-19.08.47:404][712]LogModuleManager: Shutting down and abandoning module StreamingFile (3)
[2014.07.09-19.08.47:404][712]LogModuleManager: Shutting down and abandoning module SandboxFile (2)
[2014.07.09-19.08.47:404][712]LogModuleManager: Shutting down and abandoning module PakFile (1)
[2014.07.09-19.08.47:404][712]LogExit: Exiting.
[2014.07.09-19.08.47:429][712]Log file closed, 07/09/14 21:08:47
