Log file open, 07/04/14 20:49:32
LogInit:Display: Running engine for game: MyProject3
LogInit: Version: 4.2.1-2101290+++depot+UE4-Releases+4.2
LogInit: Compiled (64-bit): Jun 10 2014 22:21:56
LogInit: Build Configuration: Development
LogInit: Branch Name: ++depot+UE4-Releases+4.2
LogInit: Command line:  
LogInit: Base directory: E:/Unreal Engine/4.2/Engine/Binaries/Win64/
LogInit: Rocket: 1
[2014.07.04-18.49.32:273][  0]LogTaskGraph: Started task graph with 3 named threads and 6 total threads.
[2014.07.04-18.49.32:317][  0]LogOnline:Warning: No default platform service specified for OnlineSubsystem
[2014.07.04-18.49.32:323][  0]LogInit: Presizing for 0 objects not considered by GC, pre-allocating 0 bytes.
[2014.07.04-18.49.32:330][  0]LogInit: Object subsystem initialized
[2014.07.04-18.49.32:331][  0]LogInit: Selected Device Profile: [Windows]
[2014.07.04-18.49.32:331][  0]LogInit: Applying CVar settings loaded from the selected device profile: [Windows]
[2014.07.04-18.49.32:333][  0]LogInit: Computer: SPAEHLING-PC
[2014.07.04-18.49.32:334][  0]LogInit: User: Spaehling
[2014.07.04-18.49.32:334][  0]LogInit: CPU Page size=4096, Cores=6
[2014.07.04-18.49.32:334][  0]LogInit: High frequency timer resolution =3.126962 MHz
[2014.07.04-18.49.32:334][  0]LogMemory: Memory total: Physical=64.0GB (64GB approx) Virtual=8192.0GB
[2014.07.04-18.49.32:334][  0]LogMemory: Platform Memory Stats for Windows
[2014.07.04-18.49.32:334][  0]LogMemory: Process Physical Memory: 60.49 MB used, 60.49 MB peak
[2014.07.04-18.49.32:334][  0]LogMemory: Process Virtual Memory: 36.65 MB used, 36.82 MB peak
[2014.07.04-18.49.32:334][  0]LogMemory: Physical Memory: 7453.47 MB used, 65486.15 MB total
[2014.07.04-18.49.32:335][  0]LogMemory: Virtual Memory: 244.71 MB used, 8388608.00 MB total
[2014.07.04-18.49.32:371][  0]LogD3D11RHI: Found D3D11 adapter 0: NVIDIA GeForce GTX 690 (Feature Level 11_0)
[2014.07.04-18.49.32:371][  0]LogD3D11RHI: Adapter has 1990MB of dedicated video memory, 0MB of dedicated system memory, and 2048MB of shared system memory, 1 output[s]
[2014.07.04-18.49.32:392][  0]LogD3D11RHI: Found D3D11 adapter 1: NVIDIA GeForce GTX 690 (Feature Level 11_0)
[2014.07.04-18.49.32:392][  0]LogD3D11RHI: Adapter has 1990MB of dedicated video memory, 0MB of dedicated system memory, and 2048MB of shared system memory, 1 output[s]
[2014.07.04-18.49.32:392][  0]LogD3D11RHI: Chosen D3D11 Adapter Id = 0
[2014.07.04-18.49.32:397][  0]LogRHI: Texture pool is 1361 MB (70% of 1945 MB)
[2014.07.04-18.49.32:406][  0]LogD3D11RHI: Async texture creation enabled
[2014.07.04-18.49.32:455][  0]LogTextLocalizationManager:Warning: The selected culture 'de_DE' is not available; falling back to 'en'
[2014.07.04-18.49.32:502][  0]LogContentStreaming: Texture pool size is 0.000000MB
[2014.07.04-18.49.33:242][  0]LogTargetPlatformManager:Display: Building Assets For Windows
[2014.07.04-18.49.33:315][  0]LogTargetPlatformManager:Display: Building Assets For Windows
[2014.07.04-18.49.33:342][  0]LogDerivedDataCache:Display: Max Cache Size: 512 MB
[2014.07.04-18.49.33:374][  0]LogDerivedDataCache: Loaded boot cache 0.03s 39MB C:/Users/Spaehling/AppData/Local/UnrealEngine/4.2/DerivedDataCache/Boot.ddc.
[2014.07.04-18.49.33:374][  0]LogDerivedDataCache:Display: Loaded Boot cache: C:/Users/Spaehling/AppData/Local/UnrealEngine/4.2/DerivedDataCache/Boot.ddc
[2014.07.04-18.49.33:374][  0]LogDerivedDataCache: FDerivedDataBackendGraph:  Pak pak cache file D:/UDK4 Projects/MyProject3/DerivedDataCache/DDC.ddp not found, will not use a pak cache.
[2014.07.04-18.49.33:374][  0]LogDerivedDataCache: Unable to find inner node Pak for hierarchical cache Hierarchy.
[2014.07.04-18.49.33:384][  0]LogDerivedDataCache:Display: Pak cache opened for reading ../../../Engine/DerivedDataCache/DDC.ddp.
[2014.07.04-18.49.33:396][  0]LogDerivedDataCache: Using Local data cache path C:/Users/Spaehling/AppData/Local/UnrealEngine/4.2/DerivedDataCache: Writable
[2014.07.04-18.49.33:537][  0]LogMeshUtilities: No automatic mesh reduction module available
[2014.07.04-18.49.33:537][  0]LogMeshUtilities: No automatic mesh merging module available
[2014.07.04-18.49.33:814][  0]LogInit: WinSock: version 1.1 (2.2), MaxSocks=32767, MaxUdp=65467
[2014.07.04-18.49.34:109][  0]LogStreaming:Warning: Failed to read file '../../../Engine/Content/Editor/Slate/Icons/ActorIcons/GroupActor_16x.png' error.
[2014.07.04-18.49.34:109][  0]LogSlate: Could not find file for Slate resource: ../../../Engine/Content/Editor/Slate/Icons/ActorIcons/GroupActor_16x.png
[2014.07.04-18.49.34:114][  0]LogStreaming:Warning: Failed to read file '../../../Engine/Content/Editor/Slate/Icons/ActorIcons/DecalActor_16x.png' error.
[2014.07.04-18.49.34:114][  0]LogSlate: Could not find file for Slate resource: ../../../Engine/Content/Editor/Slate/Icons/ActorIcons/DecalActor_16x.png
[2014.07.04-18.49.34:346][  0]UdpMessaging: Initializing bridge on interface 0.0.0.0:0 to multicast group 230.0.0.1:6666.
[2014.07.04-18.49.34:438][  0]SourceControl: Info Source control is disabled
[2014.07.04-18.49.34:438][  0]SourceControl: Info Source control is disabled
[2014.07.04-18.49.34:443][  0]SourceControl: Info Source control is disabled
[2014.07.04-18.49.34:514][  0]BlueprintLog: New page: Editor Load
[2014.07.04-18.49.34:544][  0]LogObj: 19203 objects as part of root set at end of initial load.
[2014.07.04-18.49.34:544][  0]LogUObjectAllocator: 3820576 out of 0 bytes used by permanent object pool.
[2014.07.04-18.49.34:860][  0]LogEngine: Initializing Engine...
[2014.07.04-18.49.34:958][  0]LogInit: XAudio2 using 'Lautsprecher (Corsair Vengeance 2000 Headset)' : 8 channels at 44.1 kHz using 16 bits per sample (channel mask 0x63f)
[2014.07.04-18.49.34:980][  0]LogInit: FAudioDevice initialized.
[2014.07.04-18.49.35:000][  0]LogDerivedDataCache: Saved boot cache 0.02s 39MB C:/Users/Spaehling/AppData/Local/UnrealEngine/4.2/DerivedDataCache/Boot.ddc.
[2014.07.04-18.49.35:004][  0]LogInit: Texture streaming: Enabled
[2014.07.04-18.49.35:026][  0]LogInit: Transaction tracking system initialized
[2014.07.04-18.49.35:101][  0]LogAssetRegistry: FAssetRegistry took 0.0094 seconds to start up
[2014.07.04-18.49.35:214][  0]LogModuleManager:Warning: ModuleManager: Unable to load module '' because the file was not found.
[2014.07.04-18.49.35:217][  0]LogModuleManager:Warning: ModuleManager: Unable to load module '' because the file was not found.
[2014.07.04-18.49.35:254][  0]LogConsoleResponse:Display: 
[2014.07.04-18.49.35:416][  0]SourceControl: Info Source control is disabled
[2014.07.04-18.49.53:611][  0]Cmd: MAP LOAD FILE="D:/UDK4 Projects/MyProject3/Content/Maps/waagenbau.umap" TEMPLATE=0 SHOWPROGRESS=1 WORLDCOMPOSITION=0
[2014.07.04-18.49.53:611][  0]LightingResults: New page: Lighting Build
[2014.07.04-18.49.53:616][  0]MapCheck: New page: Map Check
[2014.07.04-18.49.53:616][  0]LightingResults: New page: Lighting Build
[2014.07.04-18.49.53:621][  0]LogParticles: Destroying 0 GPU particle simulations for FXSystem 0x0000000012056A20
[2014.07.04-18.49.54:933][  0]LogBlueprintUserMessages:Warning: SetTimer passed a bad function () or object (DiscoLight_1_C_0)
[2014.07.04-18.49.54:934][  0]LogBlueprintUserMessages:Warning: SetTimer passed a bad function () or object (DiscoLight_1_C_1)
[2014.07.04-18.49.54:935][  0]LogBlueprintUserMessages:Warning: SetTimer passed a bad function () or object (DiscoLight_1_C_2)
[2014.07.04-18.49.54:935][  0]LogBlueprintUserMessages:Warning: SetTimer passed a bad function () or object (DiscoLight_1_C_3)
[2014.07.04-18.49.54:936][  0]LogBlueprintUserMessages:Warning: SetTimer passed a bad function () or object (DiscoLight_1_C_4)
[2014.07.04-18.49.54:937][  0]LogBlueprintUserMessages:Warning: SetTimer passed a bad function () or object (DiscoLight_1_C_5)
[2014.07.04-18.49.54:938][  0]LogBlueprintUserMessages:Warning: SetTimer passed a bad function () or object (DiscoLight_1_C_6)
[2014.07.04-18.49.54:938][  0]LogBlueprintUserMessages:Warning: SetTimer passed a bad function () or object (DiscoLight_1_C_7)
[2014.07.04-18.49.54:939][  0]LogBlueprintUserMessages:Warning: SetTimer passed a bad function () or object (DiscoLight_1_C_8)
[2014.07.04-18.49.54:940][  0]LogBlueprintUserMessages:Warning: SetTimer passed a bad function () or object (DiscoLight_1_C_9)
[2014.07.04-18.49.54:940][  0]LogBlueprintUserMessages:Warning: SetTimer passed a bad function () or object (DiscoLight_1_C_10)
[2014.07.04-18.49.54:941][  0]LogBlueprintUserMessages:Warning: SetTimer passed a bad function () or object (DiscoLight_1_C_11)
[2014.07.04-18.49.54:942][  0]LogBlueprintUserMessages:Warning: SetTimer passed a bad function () or object (DiscoLight_1_C_12)
[2014.07.04-18.49.54:942][  0]LogBlueprintUserMessages:Warning: SetTimer passed a bad function () or object (DiscoLight_1_C_13)
[2014.07.04-18.49.54:943][  0]LogBlueprintUserMessages:Warning: SetTimer passed a bad function () or object (DiscoLight_1_C_14)
[2014.07.04-18.49.54:943][  0]LogBlueprintUserMessages:Warning: SetTimer passed a bad function () or object (DiscoLight_1_C_15)
[2014.07.04-18.49.54:944][  0]LogBlueprintUserMessages:Warning: SetTimer passed a bad function () or object (DiscoLight_1_C_16)
[2014.07.04-18.49.54:945][  0]LogBlueprintUserMessages:Warning: SetTimer passed a bad function () or object (DiscoLight_1_C_17)
[2014.07.04-18.49.54:945][  0]LogBlueprintUserMessages:Warning: SetTimer passed a bad function () or object (DiscoLight_1_C_18)
[2014.07.04-18.49.54:946][  0]LogBlueprintUserMessages:Warning: SetTimer passed a bad function () or object (DiscoLight_1_C_19)
[2014.07.04-18.49.54:946][  0]LogBlueprintUserMessages:Warning: SetTimer passed a bad function () or object (DiscoLight_1_C_20)
[2014.07.04-18.49.54:954][  0]LogEditorServer: Finished looking for orphan Actors (0.000 secs)
[2014.07.04-18.49.54:955][  0]Cmd: MAP CHECKDEP
[2014.07.04-18.49.54:955][  0]MapCheck: New page: waagenbau - Jul 4, 2014, 10:49:54 PM
[2014.07.04-18.49.55:014][  0]MapCheck: Info ========== Map Check: 0 Error(s), 0 Warning(s), [58.913ms] ==========
[2014.07.04-18.49.55:014][  0]LogFileHelpers: Loading map 'waagenbau' took 1.403
[2014.07.04-18.49.55:113][  0]LogStats:Warning: MetaData mismatch. Did you assign a stat to two groups? New //STATGROUP_Threads//SplashScreenThread///Thread_1994_0///////STATCAT_Advanced//// old //STATGROUP_Threads//SplashScreenThread///Thread_1e3c_0///////STATCAT_Advanced////
[2014.07.04-18.49.55:113][  0]LogCrashTracker: Crashtracker disabled due to settings.
[2014.07.04-18.49.55:113][  0]Cmd: MODE PLACEMENT
[2014.07.04-18.49.55:168][  0]LogLoad: Full Startup: 23.48 seconds (BP compile: 0.29 seconds)
[2014.07.04-18.49.55:249][  0]LogRenderer:Warning: Reallocating scene render targets to support 32x32.
[2014.07.04-18.49.55:319][  0]LogRenderer:Warning: Reallocating scene render targets to support 1120x856.
[2014.07.04-18.49.55:590][  1]LogEpicStorage:Warning: EnumerateFiles request failed. Invalid response. code=403 error=<?xml version="1.0" encoding="UTF-8"?>
<Error><Code>AccessDenied</Code><Message>Access Denied</Message><RequestId>A11E3475082F2A7A</RequestId><HostId>emI2vDxXjCEXthS6DrvLi59cZzJVadubKWL4TcphtDujWtreo0rE08STTGn6l07O/zhggF3rB6I=</HostId></Error>
[2014.07.04-18.49.55:613][  1]LogAssetRegistry: Asset discovery search completed in 20.5221 seconds
[2014.07.04-18.49.55:686][  2]LogEpicSurvey:Warning: EnumerateFiles request failed. Invalid response. code=403 error=<?xml version="1.0" encoding="UTF-8"?>
<Error><Code>AccessDenied</Code><Message>Access Denied</Message><RequestId>5EB80512A5093487</RequestId><HostId>YRp2piDBcqJkczWRuIHJEocpl9qBXGJXaTqBTSJgipsl9MSXtDAyzKd+xSXQfcmu</HostId></Error>
[2014.07.04-18.49.55:730][  3]LogEpicStorage:Warning: EnumerateFiles request failed. Invalid response. code=403 error=<?xml version="1.0" encoding="UTF-8"?>
<Error><Code>AccessDenied</Code><Message>Access Denied</Message><RequestId>A11E3475082F2A7A</RequestId><HostId>emI2vDxXjCEXthS6DrvLi59cZzJVadubKWL4TcphtDujWtreo0rE08STTGn6l07O/zhggF3rB6I=</HostId></Error>
[2014.07.04-18.49.55:773][  4]LogEpicSurvey:Warning: EnumerateFiles request failed. Invalid response. code=403 error=<?xml version="1.0" encoding="UTF-8"?>
<Error><Code>AccessDenied</Code><Message>Access Denied</Message><RequestId>5EB80512A5093487</RequestId><HostId>YRp2piDBcqJkczWRuIHJEocpl9qBXGJXaTqBTSJgipsl9MSXtDAyzKd+xSXQfcmu</HostId></Error>
[2014.07.04-18.49.55:808][  8]LogEpicSurvey:Warning: EnumerateFiles request failed. Invalid response. code=403 error=<?xml version="1.0" encoding="UTF-8"?>
<Error><Code>AccessDenied</Code><Message>Access Denied</Message><RequestId>79234684931D8622</RequestId><HostId>PXDLH/U1BA2ZeS4/2DFgB8pSMTozz/YfVzvFaq6JHT/6Wmj48kub02MmjQUYiEp5MUW00h/7Zhc=</HostId></Error>
[2014.07.04-18.49.55:818][  9]LogEpicStorage:Warning: ReadFile request failed. File request already pending for filename=http://cdn.unrealengine.com/newsfeed/blueprint_icon_b.png
[2014.07.04-18.49.55:819][  9]LogEpicStorage:Warning: ReadFile request failed. File request already pending for filename=http://cdn.unrealengine.com/newsfeed/blueprint_icon_b.png
[2014.07.04-18.50.02:817][280]LogEditorViewport: Clicking on Actor (context menu): SkeletalMeshActor (gizzi_2)
[2014.07.04-18.50.03:895][371]LogCollectionManager: Loaded 0 collections in 0.000680 seconds
[2014.07.04-18.50.03:935][371]LogContentBrowser:Verbose: The majority of assets in the view are of type: AnimSequence
[2014.07.04-18.50.03:978][371]LogRenderer:Warning: Reallocating scene render targets to support 1120x896.
[2014.07.04-18.50.34:043][779]Cmd: OBJ SAVEPACKAGE PACKAGE="/Game/Character/gizzi" FILE="D:/UDK4 Projects/MyProject3/Content/Character/gizzi.uasset" SILENT=true
[2014.07.04-18.50.34:398][779]LogSavePackage: Save=351.019623ms
[2014.07.04-18.50.34:398][779]LogSavePackage: Moving 'D:/UDK4 Projects/MyProject3/Saved/gizzi8213040148095D67AD403FA78140034D.tmp' to 'D:/UDK4 Projects/MyProject3/Content/Character/gizzi.uasset'
[2014.07.04-18.50.35:175][803]LogPlayLevel: PIE:  No blueprints needed recompiling
[2014.07.04-18.50.35:175][803]PIE: New page: SIE session: waagenbau (Jul 4, 2014, 10:50:35 PM)
[2014.07.04-18.50.35:218][803]LogPlayLevel: PIE: StaticDuplicateObject took: (0.043093s)
[2014.07.04-18.50.35:219][803]LogPlayLevel: PIE: World Init took: (0.000606s)
[2014.07.04-18.50.35:219][803]LogPlayLevel: PIE: Created PIE world by copying editor world from /Game/Maps/waagenbau.waagenbau to /Game/Maps/UEDPIE_0_waagenbau.waagenbau (0.044033s)
[2014.07.04-18.50.35:251][803]LogBlueprint:Warning: [compiler] Warning InputAction Event references unknown Action 'Action' for  InputAction Action 
[2014.07.04-18.50.35:254][803]LogBlueprint:Warning: [compiler] Warning [0063.56] Compile of MyCharacter successful, but with 1 Warning(s) [in 6 ms]
[2014.07.04-18.50.35:262][803]LogBlueprint:Warning: [compiler] Warning InputAction Event references unknown Action 'Action' for  InputAction Action 
[2014.07.04-18.50.35:265][803]LogBlueprint:Warning: [compiler] Warning [0063.58] Compile of MyCharacter successful, but with 1 Warning(s) [in 5 ms]
[2014.07.04-18.50.35:284][803]LogWorld: Game class is 'MyGame_C'
[2014.07.04-18.50.35:285][803]LogSelection:Warning: PIE object was selected: "SkeletalMeshActor /Game/Maps/UEDPIE_0_waagenbau.waagenbau:PersistentLevel.gizzi_15"
[2014.07.04-18.50.35:366][803]LogBlueprintUserMessages:Warning: SetTimer passed a bad function () or object (DiscoLight_1_C_0)
[2014.07.04-18.50.35:366][803]LogBlueprintUserMessages:Warning: SetTimer passed a bad function () or object (DiscoLight_1_C_1)
[2014.07.04-18.50.35:366][803]LogBlueprintUserMessages:Warning: SetTimer passed a bad function () or object (DiscoLight_1_C_2)
[2014.07.04-18.50.35:367][803]LogBlueprintUserMessages:Warning: SetTimer passed a bad function () or object (DiscoLight_1_C_3)
[2014.07.04-18.50.35:367][803]LogBlueprintUserMessages:Warning: SetTimer passed a bad function () or object (DiscoLight_1_C_4)
[2014.07.04-18.50.35:368][803]LogBlueprintUserMessages:Warning: SetTimer passed a bad function () or object (DiscoLight_1_C_5)
[2014.07.04-18.50.35:368][803]LogBlueprintUserMessages:Warning: SetTimer passed a bad function () or object (DiscoLight_1_C_6)
[2014.07.04-18.50.35:369][803]LogBlueprintUserMessages:Warning: SetTimer passed a bad function () or object (DiscoLight_1_C_7)
[2014.07.04-18.50.35:369][803]LogBlueprintUserMessages:Warning: SetTimer passed a bad function () or object (DiscoLight_1_C_8)
[2014.07.04-18.50.35:370][803]LogBlueprintUserMessages:Warning: SetTimer passed a bad function () or object (DiscoLight_1_C_9)
[2014.07.04-18.50.35:370][803]LogBlueprintUserMessages:Warning: SetTimer passed a bad function () or object (DiscoLight_1_C_10)
[2014.07.04-18.50.35:371][803]LogBlueprintUserMessages:Warning: SetTimer passed a bad function () or object (DiscoLight_1_C_11)
[2014.07.04-18.50.35:371][803]LogBlueprintUserMessages:Warning: SetTimer passed a bad function () or object (DiscoLight_1_C_12)
[2014.07.04-18.50.35:371][803]LogBlueprintUserMessages:Warning: SetTimer passed a bad function () or object (DiscoLight_1_C_13)
[2014.07.04-18.50.35:372][803]LogBlueprintUserMessages:Warning: SetTimer passed a bad function () or object (DiscoLight_1_C_14)
[2014.07.04-18.50.35:372][803]LogBlueprintUserMessages:Warning: SetTimer passed a bad function () or object (DiscoLight_1_C_15)
[2014.07.04-18.50.35:373][803]LogBlueprintUserMessages:Warning: SetTimer passed a bad function () or object (DiscoLight_1_C_16)
[2014.07.04-18.50.35:373][803]LogBlueprintUserMessages:Warning: SetTimer passed a bad function () or object (DiscoLight_1_C_17)
[2014.07.04-18.50.35:373][803]LogBlueprintUserMessages:Warning: SetTimer passed a bad function () or object (DiscoLight_1_C_18)
[2014.07.04-18.50.35:374][803]LogBlueprintUserMessages:Warning: SetTimer passed a bad function () or object (DiscoLight_1_C_19)
[2014.07.04-18.50.35:374][803]LogBlueprintUserMessages:Warning: SetTimer passed a bad function () or object (DiscoLight_1_C_20)
[2014.07.04-18.50.35:380][803]LogWorld:Warning: *** WARNING - PATHS MAY NOT BE VALID ***
[2014.07.04-18.50.35:380][803]LogWorld: Bringing World /Game/Maps/UEDPIE_0_waagenbau.waagenbau up for play (max tick rate 0) at 2014.07.04-20.50.35
[2014.07.04-18.50.35:384][803]LogWorld: Bringing up level for play took: 0.062331
[2014.07.04-18.50.35:384][803]LogPlayerController: Spawned spectator SpectatorPawn_0 [server:1]
[2014.07.04-18.50.35:390][803]PIE: Info Play in editor start time for /Game/Maps/UEDPIE_0_waagenbau 0.86
[2014.07.04-18.50.35:403][803]LogSelection:Warning: PIE object was selected: "SkeletalMeshActor /Game/Maps/UEDPIE_0_waagenbau.waagenbau:PersistentLevel.gizzi_15"
[2014.07.04-18.50.38:871][904]LogParticles: Destroying 0 GPU particle simulations for FXSystem 0x000000003BCB4720
[2014.07.04-18.51.25:199][ 50]LogActorComponent: RegisterComponentWithWorld: (/Engine/Transient.DebugSkelMeshComponent_0) Already registered. Aborting.
[2014.07.04-18.51.25:220][ 50]LogContentBrowser:Verbose: The majority of assets in the view are of type: AnimSequence
[2014.07.04-18.51.39:506][405]Cmd: OBJ SAVEPACKAGE PACKAGE="/Game/Character/gizzi" FILE="D:/UDK4 Projects/MyProject3/Content/Character/gizzi.uasset" SILENT=true
[2014.07.04-18.51.39:868][405]LogSavePackage: Save=354.609039ms
[2014.07.04-18.51.39:868][405]LogSavePackage: Moving 'D:/UDK4 Projects/MyProject3/Saved/gizzi428E83AA49D27F5A9B31A2978E2F1077.tmp' to 'D:/UDK4 Projects/MyProject3/Content/Character/gizzi.uasset'
[2014.07.04-18.51.40:791][431]LogPlayLevel: PIE:  No blueprints needed recompiling
[2014.07.04-18.51.40:792][431]PIE: New page: SIE session: waagenbau (Jul 4, 2014, 10:51:40 PM)
[2014.07.04-18.51.40:829][431]LogPlayLevel: PIE: StaticDuplicateObject took: (0.037687s)
[2014.07.04-18.51.40:830][431]LogPlayLevel: PIE: World Init took: (0.000585s)
[2014.07.04-18.51.40:830][431]LogPlayLevel: PIE: Created PIE world by copying editor world from /Game/Maps/waagenbau.waagenbau to /Game/Maps/UEDPIE_0_waagenbau.waagenbau (0.038552s)
[2014.07.04-18.51.40:831][431]LogWorld: Game class is 'MyGame_C'
[2014.07.04-18.51.40:831][431]LogSelection:Warning: PIE object was selected: "SkeletalMeshActor /Game/Maps/UEDPIE_0_waagenbau.waagenbau:PersistentLevel.gizzi_15"
[2014.07.04-18.51.40:903][431]LogBlueprintUserMessages:Warning: SetTimer passed a bad function () or object (DiscoLight_1_C_0)
[2014.07.04-18.51.40:904][431]LogBlueprintUserMessages:Warning: SetTimer passed a bad function () or object (DiscoLight_1_C_1)
[2014.07.04-18.51.40:904][431]LogBlueprintUserMessages:Warning: SetTimer passed a bad function () or object (DiscoLight_1_C_2)
[2014.07.04-18.51.40:905][431]LogBlueprintUserMessages:Warning: SetTimer passed a bad function () or object (DiscoLight_1_C_3)
[2014.07.04-18.51.40:905][431]LogBlueprintUserMessages:Warning: SetTimer passed a bad function () or object (DiscoLight_1_C_4)
[2014.07.04-18.51.40:906][431]LogBlueprintUserMessages:Warning: SetTimer passed a bad function () or object (DiscoLight_1_C_5)
[2014.07.04-18.51.40:906][431]LogBlueprintUserMessages:Warning: SetTimer passed a bad function () or object (DiscoLight_1_C_6)
[2014.07.04-18.51.40:906][431]LogBlueprintUserMessages:Warning: SetTimer passed a bad function () or object (DiscoLight_1_C_7)
[2014.07.04-18.51.40:907][431]LogBlueprintUserMessages:Warning: SetTimer passed a bad function () or object (DiscoLight_1_C_8)
[2014.07.04-18.51.40:907][431]LogBlueprintUserMessages:Warning: SetTimer passed a bad function () or object (DiscoLight_1_C_9)
[2014.07.04-18.51.40:908][431]LogBlueprintUserMessages:Warning: SetTimer passed a bad function () or object (DiscoLight_1_C_10)
[2014.07.04-18.51.40:908][431]LogBlueprintUserMessages:Warning: SetTimer passed a bad function () or object (DiscoLight_1_C_11)
[2014.07.04-18.51.40:909][431]LogBlueprintUserMessages:Warning: SetTimer passed a bad function () or object (DiscoLight_1_C_12)
[2014.07.04-18.51.40:909][431]LogBlueprintUserMessages:Warning: SetTimer passed a bad function () or object (DiscoLight_1_C_13)
[2014.07.04-18.51.40:909][431]LogBlueprintUserMessages:Warning: SetTimer passed a bad function () or object (DiscoLight_1_C_14)
[2014.07.04-18.51.40:910][431]LogBlueprintUserMessages:Warning: SetTimer passed a bad function () or object (DiscoLight_1_C_15)
[2014.07.04-18.51.40:910][431]LogBlueprintUserMessages:Warning: SetTimer passed a bad function () or object (DiscoLight_1_C_16)
[2014.07.04-18.51.40:911][431]LogBlueprintUserMessages:Warning: SetTimer passed a bad function () or object (DiscoLight_1_C_17)
[2014.07.04-18.51.40:911][431]LogBlueprintUserMessages:Warning: SetTimer passed a bad function () or object (DiscoLight_1_C_18)
[2014.07.04-18.51.40:912][431]LogBlueprintUserMessages:Warning: SetTimer passed a bad function () or object (DiscoLight_1_C_19)
[2014.07.04-18.51.40:912][431]LogBlueprintUserMessages:Warning: SetTimer passed a bad function () or object (DiscoLight_1_C_20)
[2014.07.04-18.51.40:918][431]LogWorld:Warning: *** WARNING - PATHS MAY NOT BE VALID ***
[2014.07.04-18.51.40:918][431]LogWorld: Bringing World /Game/Maps/UEDPIE_0_waagenbau.waagenbau up for play (max tick rate 0) at 2014.07.04-20.51.40
[2014.07.04-18.51.40:922][431]LogWorld: Bringing up level for play took: 0.062727
[2014.07.04-18.51.40:922][431]LogPlayerController: Spawned spectator SpectatorPawn_1 [server:1]
[2014.07.04-18.51.40:928][431]PIE: Info Play in editor start time for /Game/Maps/UEDPIE_0_waagenbau 0.397
[2014.07.04-18.51.40:940][431]LogSelection:Warning: PIE object was selected: "SkeletalMeshActor /Game/Maps/UEDPIE_0_waagenbau.waagenbau:PersistentLevel.gizzi_15"
[2014.07.04-18.51.43:327][501]LogParticles: Destroying 0 GPU particle simulations for FXSystem 0x000000003BD84B80
[2014.07.04-19.04.55:330][ 96]LogEpicStorage:Warning: ReadFile request failed. File request already pending for filename=http://cdn.unrealengine.com/newsfeed/blueprint_icon_b.png
[2014.07.04-19.04.55:330][ 96]LogEpicStorage:Warning: ReadFile request failed. File request already pending for filename=http://cdn.unrealengine.com/newsfeed/blueprint_icon_b.png
[2014.07.04-19.19.55:394][779]LogEpicStorage:Warning: ReadFile request failed. File request already pending for filename=http://cdn.unrealengine.com/newsfeed/blueprint_icon_b.png
[2014.07.04-19.19.55:395][779]LogEpicStorage:Warning: ReadFile request failed. File request already pending for filename=http://cdn.unrealengine.com/newsfeed/blueprint_icon_b.png
[2014.07.04-19.34.55:548][465]LogEpicStorage:Warning: ReadFile request failed. File request already pending for filename=http://cdn.unrealengine.com/newsfeed/blueprint_icon_b.png
[2014.07.04-19.34.55:553][465]LogEpicStorage:Warning: ReadFile request failed. File request already pending for filename=http://cdn.unrealengine.com/newsfeed/blueprint_icon_b.png
[2014.07.04-19.49.55:431][142]LogEpicStorage:Warning: ReadFile request failed. File request already pending for filename=http://cdn.unrealengine.com/newsfeed/blueprint_icon_b.png
[2014.07.04-19.49.55:431][142]LogEpicStorage:Warning: ReadFile request failed. File request already pending for filename=http://cdn.unrealengine.com/newsfeed/blueprint_icon_b.png
[2014.07.04-20.04.55:469][823]LogEpicStorage:Warning: ReadFile request failed. File request already pending for filename=http://cdn.unrealengine.com/newsfeed/blueprint_icon_b.png
[2014.07.04-20.04.55:469][823]LogEpicStorage:Warning: ReadFile request failed. File request already pending for filename=http://cdn.unrealengine.com/newsfeed/blueprint_icon_b.png
[2014.07.04-20.19.55:556][520]LogEpicStorage:Warning: ReadFile request failed. File request already pending for filename=http://cdn.unrealengine.com/newsfeed/blueprint_icon_b.png
[2014.07.04-20.19.55:556][520]LogEpicStorage:Warning: ReadFile request failed. File request already pending for filename=http://cdn.unrealengine.com/newsfeed/blueprint_icon_b.png
[2014.07.04-20.34.55:509][215]LogEpicStorage:Warning: ReadFile request failed. File request already pending for filename=http://cdn.unrealengine.com/newsfeed/blueprint_icon_b.png
[2014.07.04-20.34.55:510][215]LogEpicStorage:Warning: ReadFile request failed. File request already pending for filename=http://cdn.unrealengine.com/newsfeed/blueprint_icon_b.png
[2014.07.04-20.49.55:570][913]LogEpicStorage:Warning: ReadFile request failed. File request already pending for filename=http://cdn.unrealengine.com/newsfeed/blueprint_icon_b.png
[2014.07.04-20.49.55:571][913]LogEpicStorage:Warning: ReadFile request failed. File request already pending for filename=http://cdn.unrealengine.com/newsfeed/blueprint_icon_b.png
[2014.07.04-21.04.55:630][613]LogEpicStorage:Warning: ReadFile request failed. File request already pending for filename=http://cdn.unrealengine.com/newsfeed/blueprint_icon_b.png
[2014.07.04-21.04.55:631][613]LogEpicStorage:Warning: ReadFile request failed. File request already pending for filename=http://cdn.unrealengine.com/newsfeed/blueprint_icon_b.png
[2014.07.04-21.19.55:605][304]LogEpicStorage:Warning: ReadFile request failed. File request already pending for filename=http://cdn.unrealengine.com/newsfeed/blueprint_icon_b.png
[2014.07.04-21.19.55:606][304]LogEpicStorage:Warning: ReadFile request failed. File request already pending for filename=http://cdn.unrealengine.com/newsfeed/blueprint_icon_b.png
[2014.07.04-21.34.55:677][  1]LogEpicStorage:Warning: ReadFile request failed. File request already pending for filename=http://cdn.unrealengine.com/newsfeed/blueprint_icon_b.png
[2014.07.04-21.34.55:678][  1]LogEpicStorage:Warning: ReadFile request failed. File request already pending for filename=http://cdn.unrealengine.com/newsfeed/blueprint_icon_b.png
[2014.07.04-21.49.55:702][703]LogEpicStorage:Warning: ReadFile request failed. File request already pending for filename=http://cdn.unrealengine.com/newsfeed/blueprint_icon_b.png
[2014.07.04-21.49.55:702][703]LogEpicStorage:Warning: ReadFile request failed. File request already pending for filename=http://cdn.unrealengine.com/newsfeed/blueprint_icon_b.png
[2014.07.04-22.04.55:974][410]LogEpicStorage:Warning: ReadFile request failed. File request already pending for filename=http://cdn.unrealengine.com/newsfeed/blueprint_icon_b.png
[2014.07.04-22.04.55:974][410]LogEpicStorage:Warning: ReadFile request failed. File request already pending for filename=http://cdn.unrealengine.com/newsfeed/blueprint_icon_b.png
[2014.07.04-22.11.06:047][265]LogEditorViewport: Clicking on Actor (LMB): StaticMeshActor (bottle_sm_22)
[2014.07.04-22.11.09:950][487]LogActorComponent: UnregisterComponent: (/Engine/Transient.SkeletalMeshComponent_1) Not registered. Aborting.
[2014.07.04-22.11.09:971][487]LogActorComponent: UnregisterComponent: (/Engine/Transient.SkeletalMeshComponent_1) Not registered. Aborting.
[2014.07.04-22.11.09:971][487]LogActorComponent: RegisterComponentWithWorld: (/Engine/Transient.MaterialEditorMeshComponent_0) Already registered. Aborting.
[2014.07.04-22.11.09:972][487]LogActorComponent: UnregisterComponent: (/Engine/Transient.SkeletalMeshComponent_1) Not registered. Aborting.
[2014.07.04-22.11.09:972][487]LogActorComponent: RegisterComponentWithWorld: (/Engine/Transient.MaterialEditorMeshComponent_0) Already registered. Aborting.
[2014.07.04-22.11.10:016][487]LogRenderer:Warning: Reallocating scene render targets to support 1392x936.
[2014.07.04-22.11.11:517][572]LogContentBrowser:Verbose: The content browser source was changed by the sources view to '/Game/Particles'
[2014.07.04-22.11.11:517][572]LogContentBrowser:Verbose: The content browser source was changed by the sources view to 'None'
[2014.07.04-22.11.11:517][572]LogContentBrowser:Verbose: The content browser source was changed by the sources view to '/Game/Materials/Instances'
[2014.07.04-22.11.23:160][100]LogActorComponent: UnregisterComponent: (/Engine/Transient.SkeletalMeshComponent_2) Not registered. Aborting.
[2014.07.04-22.11.23:182][100]LogActorComponent: UnregisterComponent: (/Engine/Transient.SkeletalMeshComponent_2) Not registered. Aborting.
[2014.07.04-22.11.23:182][100]LogActorComponent: RegisterComponentWithWorld: (/Engine/Transient.MaterialEditorMeshComponent_1) Already registered. Aborting.
[2014.07.04-22.11.23:182][100]LogActorComponent: UnregisterComponent: (/Engine/Transient.SkeletalMeshComponent_2) Not registered. Aborting.
[2014.07.04-22.11.23:182][100]LogActorComponent: RegisterComponentWithWorld: (/Engine/Transient.MaterialEditorMeshComponent_1) Already registered. Aborting.
[2014.07.04-22.11.30:061][426]LogParticles: Destroying 0 GPU particle simulations for FXSystem 0x00000000295E4680
[2014.07.04-22.11.30:061][426]LogFileHelpers: Editor autosave (incl. sublevels) for '/Game/Maps/waagenbau' took 0.010
[2014.07.04-22.11.30:070][426]OBJ SavePackage: Generating thumbnails for [1] asset(s) in package [/Game/Materials/Instances/M_Glass_Inst_Becks_3] ([1] browsable assets)...
[2014.07.04-22.11.30:101][426]OBJ SavePackage:     Rendered thumbnail for [MaterialInstanceConstant /Game/Materials/Instances/M_Glass_Inst_Becks_3.M_Glass_Inst_Becks_3]
[2014.07.04-22.11.30:101][426]OBJ SavePackage: Finished generating thumbnails for package [/Game/Materials/Instances/M_Glass_Inst_Becks_3]
[2014.07.04-22.11.30:407][426]LogSavePackage: Save=284.872345ms
[2014.07.04-22.11.30:407][426]LogSavePackage: Moving 'D:/UDK4 Projects/MyProject3/Saved/M_Glass_Inst_Becks_3_Auto1CF7F25C949AF63463C3BBB8E615BC6F5.tmp' to 'D:/UDK4 Projects/MyProject3/Saved/Autosaves/Game/Materials/Instances/M_Glass_Inst_Becks_3_Auto1.uasset'
[2014.07.04-22.11.30:412][426]LogFileHelpers: Auto-saving content packages took 0.351
[2014.07.04-22.11.35:280][677]LogUObjectHash:Warning: Ambiguous search, could be FloatProperty /Script/Engine.KismetMathLibrary:RGBToHSV.H or FloatProperty /Script/Engine.KismetMathLibrary:HSVToRGB.H
[2014.07.04-22.11.35:323][678]LogUObjectHash:Warning: Ambiguous search, could be FloatProperty /Script/Engine.KismetMathLibrary:RGBToHSV.H or FloatProperty /Script/Engine.KismetMathLibrary:HSVToRGB.H
[2014.07.04-22.11.35:354][679]LogUObjectHash:Warning: Ambiguous search, could be FloatProperty /Script/Engine.KismetMathLibrary:RGBToHSV.H or FloatProperty /Script/Engine.KismetMathLibrary:HSVToRGB.H
[2014.07.04-22.11.35:400][680]LogUObjectHash:Warning: Ambiguous search, could be FloatProperty /Script/Engine.KismetMathLibrary:RGBToHSV.H or FloatProperty /Script/Engine.KismetMathLibrary:HSVToRGB.H
[2014.07.04-22.11.35:433][681]LogUObjectHash:Warning: Ambiguous search, could be FloatProperty /Script/Engine.KismetMathLibrary:RGBToHSV.H or FloatProperty /Script/Engine.KismetMathLibrary:HSVToRGB.H
[2014.07.04-22.11.35:486][682]LogUObjectHash:Warning: Ambiguous search, could be FloatProperty /Script/Engine.KismetMathLibrary:RGBToHSV.H or FloatProperty /Script/Engine.KismetMathLibrary:HSVToRGB.H
[2014.07.04-22.11.35:524][683]LogUObjectHash:Warning: Ambiguous search, could be FloatProperty /Script/Engine.KismetMathLibrary:RGBToHSV.H or FloatProperty /Script/Engine.KismetMathLibrary:HSVToRGB.H
[2014.07.04-22.11.35:551][684]LogUObjectHash:Warning: Ambiguous search, could be FloatProperty /Script/Engine.KismetMathLibrary:RGBToHSV.H or FloatProperty /Script/Engine.KismetMathLibrary:HSVToRGB.H
[2014.07.04-22.11.35:587][685]LogUObjectHash:Warning: Ambiguous search, could be FloatProperty /Script/Engine.KismetMathLibrary:RGBToHSV.H or FloatProperty /Script/Engine.KismetMathLibrary:HSVToRGB.H
[2014.07.04-22.11.35:620][686]LogUObjectHash:Warning: Ambiguous search, could be FloatProperty /Script/Engine.KismetMathLibrary:RGBToHSV.H or FloatProperty /Script/Engine.KismetMathLibrary:HSVToRGB.H
[2014.07.04-22.11.35:642][687]LogUObjectHash:Warning: Ambiguous search, could be FloatProperty /Script/Engine.KismetMathLibrary:RGBToHSV.H or FloatProperty /Script/Engine.KismetMathLibrary:HSVToRGB.H
[2014.07.04-22.11.35:687][688]LogUObjectHash:Warning: Ambiguous search, could be FloatProperty /Script/Engine.KismetMathLibrary:RGBToHSV.H or FloatProperty /Script/Engine.KismetMathLibrary:HSVToRGB.H
[2014.07.04-22.11.35:715][689]LogUObjectHash:Warning: Ambiguous search, could be FloatProperty /Script/Engine.KismetMathLibrary:RGBToHSV.H or FloatProperty /Script/Engine.KismetMathLibrary:HSVToRGB.H
[2014.07.04-22.11.35:744][690]LogUObjectHash:Warning: Ambiguous search, could be FloatProperty /Script/Engine.KismetMathLibrary:RGBToHSV.H or FloatProperty /Script/Engine.KismetMathLibrary:HSVToRGB.H
[2014.07.04-22.11.35:830][691]LogUObjectHash:Warning: Ambiguous search, could be FloatProperty /Script/Engine.KismetMathLibrary:RGBToHSV.H or FloatProperty /Script/Engine.KismetMathLibrary:HSVToRGB.H
[2014.07.04-22.11.35:858][692]LogUObjectHash:Warning: Ambiguous search, could be FloatProperty /Script/Engine.KismetMathLibrary:RGBToHSV.H or FloatProperty /Script/Engine.KismetMathLibrary:HSVToRGB.H
[2014.07.04-22.11.35:887][693]LogUObjectHash:Warning: Ambiguous search, could be FloatProperty /Script/Engine.KismetMathLibrary:RGBToHSV.H or FloatProperty /Script/Engine.KismetMathLibrary:HSVToRGB.H
[2014.07.04-22.11.35:903][694]LogUObjectHash:Warning: Ambiguous search, could be FloatProperty /Script/Engine.KismetMathLibrary:RGBToHSV.H or FloatProperty /Script/Engine.KismetMathLibrary:HSVToRGB.H
[2014.07.04-22.11.35:920][695]LogUObjectHash:Warning: Ambiguous search, could be FloatProperty /Script/Engine.KismetMathLibrary:RGBToHSV.H or FloatProperty /Script/Engine.KismetMathLibrary:HSVToRGB.H
[2014.07.04-22.11.35:950][696]LogUObjectHash:Warning: Ambiguous search, could be FloatProperty /Script/Engine.KismetMathLibrary:RGBToHSV.H or FloatProperty /Script/Engine.KismetMathLibrary:HSVToRGB.H
[2014.07.04-22.11.35:977][697]LogUObjectHash:Warning: Ambiguous search, could be FloatProperty /Script/Engine.KismetMathLibrary:RGBToHSV.H or FloatProperty /Script/Engine.KismetMathLibrary:HSVToRGB.H
[2014.07.04-22.11.36:009][698]LogUObjectHash:Warning: Ambiguous search, could be FloatProperty /Script/Engine.KismetMathLibrary:RGBToHSV.H or FloatProperty /Script/Engine.KismetMathLibrary:HSVToRGB.H
[2014.07.04-22.11.36:036][699]LogUObjectHash:Warning: Ambiguous search, could be FloatProperty /Script/Engine.KismetMathLibrary:RGBToHSV.H or FloatProperty /Script/Engine.KismetMathLibrary:HSVToRGB.H
[2014.07.04-22.11.36:060][700]LogUObjectHash:Warning: Ambiguous search, could be FloatProperty /Script/Engine.KismetMathLibrary:RGBToHSV.H or FloatProperty /Script/Engine.KismetMathLibrary:HSVToRGB.H
[2014.07.04-22.11.36:089][701]LogUObjectHash:Warning: Ambiguous search, could be FloatProperty /Script/Engine.KismetMathLibrary:RGBToHSV.H or FloatProperty /Script/Engine.KismetMathLibrary:HSVToRGB.H
[2014.07.04-22.11.36:105][702]LogUObjectHash:Warning: Ambiguous search, could be FloatProperty /Script/Engine.KismetMathLibrary:RGBToHSV.H or FloatProperty /Script/Engine.KismetMathLibrary:HSVToRGB.H
[2014.07.04-22.11.36:127][703]LogUObjectHash:Warning: Ambiguous search, could be FloatProperty /Script/Engine.KismetMathLibrary:RGBToHSV.H or FloatProperty /Script/Engine.KismetMathLibrary:HSVToRGB.H
[2014.07.04-22.11.36:186][704]LogUObjectHash:Warning: Ambiguous search, could be FloatProperty /Script/Engine.KismetMathLibrary:RGBToHSV.H or FloatProperty /Script/Engine.KismetMathLibrary:HSVToRGB.H
[2014.07.04-22.11.36:204][705]LogUObjectHash:Warning: Ambiguous search, could be FloatProperty /Script/Engine.KismetMathLibrary:RGBToHSV.H or FloatProperty /Script/Engine.KismetMathLibrary:HSVToRGB.H
[2014.07.04-22.11.36:230][706]LogUObjectHash:Warning: Ambiguous search, could be FloatProperty /Script/Engine.KismetMathLibrary:RGBToHSV.H or FloatProperty /Script/Engine.KismetMathLibrary:HSVToRGB.H
[2014.07.04-22.11.36:262][707]LogUObjectHash:Warning: Ambiguous search, could be FloatProperty /Script/Engine.KismetMathLibrary:RGBToHSV.H or FloatProperty /Script/Engine.KismetMathLibrary:HSVToRGB.H
[2014.07.04-22.11.36:281][708]LogUObjectHash:Warning: Ambiguous search, could be FloatProperty /Script/Engine.KismetMathLibrary:RGBToHSV.H or FloatProperty /Script/Engine.KismetMathLibrary:HSVToRGB.H
[2014.07.04-22.11.38:620][808]LogSavePackage: Save=315.570190ms
[2014.07.04-22.11.38:620][808]LogSavePackage: Moving 'D:/UDK4 Projects/MyProject3/Saved/waagenbau4FE57402499E6F79793385A608B44D9C.tmp' to 'D:/UDK4 Projects/MyProject3/Content/Maps/waagenbau.umap'
[2014.07.04-22.11.38:661][808]LogFileHelpers: Saving map 'waagenbau' took 0.438
[2014.07.04-22.11.38:675][808]Cmd: OBJ SAVEPACKAGE PACKAGE="/Game/Materials/Instances/M_Glass_Inst_Becks_3" FILE="D:/UDK4 Projects/MyProject3/Content/Materials/Instances/M_Glass_Inst_Becks_3.uasset" SILENT=true
[2014.07.04-22.11.38:965][808]LogSavePackage: Save=287.928040ms
[2014.07.04-22.11.38:965][808]LogSavePackage: Moving 'D:/UDK4 Projects/MyProject3/Saved/M_Glass_Inst_Becks_3BAF206A941FD0C2031A827AEAF5880B6.tmp' to 'D:/UDK4 Projects/MyProject3/Content/Materials/Instances/M_Glass_Inst_Becks_3.uasset'
[2014.07.04-22.11.53:675][660]Cmd: TRANSACTION UNDO
[2014.07.04-22.11.53:675][660]LogEditorTransaction: Undo Rotate Actors
[2014.07.04-22.11.59:123][933]LogSavePackage: Save=256.887024ms
[2014.07.04-22.11.59:123][933]LogSavePackage: Moving 'D:/UDK4 Projects/MyProject3/Saved/waagenbauADE28091445166208B98F893B282BC3E.tmp' to 'D:/UDK4 Projects/MyProject3/Content/Maps/waagenbau.umap'
[2014.07.04-22.11.59:163][933]LogFileHelpers: Saving map 'waagenbau' took 0.369
[2014.07.04-22.11.59:177][933]Cmd: OBJ SAVEPACKAGE PACKAGE="/Game/Materials/Instances/M_Glass_Inst_Becks_3" FILE="D:/UDK4 Projects/MyProject3/Content/Materials/Instances/M_Glass_Inst_Becks_3.uasset" SILENT=true
[2014.07.04-22.11.59:463][933]LogSavePackage: Save=281.327362ms
[2014.07.04-22.11.59:463][933]LogSavePackage: Moving 'D:/UDK4 Projects/MyProject3/Saved/M_Glass_Inst_Becks_36B261ECB405C16AC8562C1A66BF2D2B4.tmp' to 'D:/UDK4 Projects/MyProject3/Content/Materials/Instances/M_Glass_Inst_Becks_3.uasset'
[2014.07.04-22.12.34:650][807]Cmd: OBJ SAVEPACKAGE PACKAGE="/Game/Materials/Instances/M_Glass_Inst_Becks_3" FILE="D:/UDK4 Projects/MyProject3/Content/Materials/Instances/M_Glass_Inst_Becks_3.uasset" SILENT=true
[2014.07.04-22.12.34:932][807]LogSavePackage: Save=277.406647ms
[2014.07.04-22.12.34:932][807]LogSavePackage: Moving 'D:/UDK4 Projects/MyProject3/Saved/M_Glass_Inst_Becks_3A9F1A7ED45EE940189D859987A3554AE.tmp' to 'D:/UDK4 Projects/MyProject3/Content/Materials/Instances/M_Glass_Inst_Becks_3.uasset'
[2014.07.04-22.12.43:073][251]LogEditorViewport: Clicking on Actor (LMB): StaticMeshActor (wg_wall)
[2014.07.04-22.12.44:017][294]LogEditorViewport: Clicking on Actor (LMB): StaticMeshActor (bottle_sm_3)
[2014.07.04-22.12.45:389][359]LogContentBrowser:Verbose: The content browser source was changed by the sources view to '/Game/Materials/Instances'
[2014.07.04-22.12.45:390][359]Lo