Log file open, 07/14/14 19:40:40
LogInit:Display: Running engine for game: MyProject3
LogInit: Version: 4.2.1-2101290+++depot+UE4-Releases+4.2
LogInit: Compiled (64-bit): Jun 10 2014 22:21:56
LogInit: Build Configuration: Development
LogInit: Branch Name: ++depot+UE4-Releases+4.2
LogInit: Command line:  
LogInit: Base directory: E:/Unreal Engine/4.2/Engine/Binaries/Win64/
LogInit: Rocket: 1
[2014.07.14-17.40.40:335][  0]LogTaskGraph: Started task graph with 3 named threads and 6 total threads.
[2014.07.14-17.40.40:380][  0]LogOnline:Warning: No default platform service specified for OnlineSubsystem
[2014.07.14-17.40.40:387][  0]LogInit: Presizing for 0 objects not considered by GC, pre-allocating 0 bytes.
[2014.07.14-17.40.40:393][  0]LogInit: Object subsystem initialized
[2014.07.14-17.40.40:394][  0]LogInit: Selected Device Profile: [Windows]
[2014.07.14-17.40.40:394][  0]LogInit: Applying CVar settings loaded from the selected device profile: [Windows]
[2014.07.14-17.40.40:397][  0]LogInit: Computer: SPAEHLING-PC
[2014.07.14-17.40.40:397][  0]LogInit: User: Spaehling
[2014.07.14-17.40.40:398][  0]LogInit: CPU Page size=4096, Cores=6
[2014.07.14-17.40.40:398][  0]LogInit: High frequency timer resolution =3.126972 MHz
[2014.07.14-17.40.40:398][  0]LogMemory: Memory total: Physical=64.0GB (64GB approx) Virtual=8192.0GB
[2014.07.14-17.40.40:398][  0]LogMemory: Platform Memory Stats for Windows
[2014.07.14-17.40.40:398][  0]LogMemory: Process Physical Memory: 61.65 MB used, 61.65 MB peak
[2014.07.14-17.40.40:398][  0]LogMemory: Process Virtual Memory: 37.75 MB used, 37.89 MB peak
[2014.07.14-17.40.40:398][  0]LogMemory: Physical Memory: 7442.56 MB used, 65486.15 MB total
[2014.07.14-17.40.40:398][  0]LogMemory: Virtual Memory: 245.71 MB used, 8388608.00 MB total
[2014.07.14-17.40.40:435][  0]LogD3D11RHI: Found D3D11 adapter 0: NVIDIA GeForce GTX 690 (Feature Level 11_0)
[2014.07.14-17.40.40:435][  0]LogD3D11RHI: Adapter has 1990MB of dedicated video memory, 0MB of dedicated system memory, and 2048MB of shared system memory, 1 output[s]
[2014.07.14-17.40.40:456][  0]LogD3D11RHI: Found D3D11 adapter 1: NVIDIA GeForce GTX 690 (Feature Level 11_0)
[2014.07.14-17.40.40:456][  0]LogD3D11RHI: Adapter has 1990MB of dedicated video memory, 0MB of dedicated system memory, and 2048MB of shared system memory, 1 output[s]
[2014.07.14-17.40.40:456][  0]LogD3D11RHI: Chosen D3D11 Adapter Id = 0
[2014.07.14-17.40.40:464][  0]LogRHI: Texture pool is 1361 MB (70% of 1945 MB)
[2014.07.14-17.40.40:474][  0]LogD3D11RHI: Async texture creation enabled
[2014.07.14-17.40.40:524][  0]LogTextLocalizationManager:Warning: The selected culture 'de_DE' is not available; falling back to 'en'
[2014.07.14-17.40.40:573][  0]LogContentStreaming: Texture pool size is 0.000000MB
[2014.07.14-17.40.41:323][  0]LogTargetPlatformManager:Display: Building Assets For Windows
[2014.07.14-17.40.41:399][  0]LogTargetPlatformManager:Display: Building Assets For Windows
[2014.07.14-17.40.41:425][  0]LogDerivedDataCache:Display: Max Cache Size: 512 MB
[2014.07.14-17.40.41:460][  0]LogDerivedDataCache: Loaded boot cache 0.04s 39MB C:/Users/Spaehling/AppData/Local/UnrealEngine/4.2/DerivedDataCache/Boot.ddc.
[2014.07.14-17.40.41:460][  0]LogDerivedDataCache:Display: Loaded Boot cache: C:/Users/Spaehling/AppData/Local/UnrealEngine/4.2/DerivedDataCache/Boot.ddc
[2014.07.14-17.40.41:460][  0]LogDerivedDataCache: FDerivedDataBackendGraph:  Pak pak cache file D:/UDK4 Projects/Git Projects/Waagenbau/MyProject3/DerivedDataCache/DDC.ddp not found, will not use a pak cache.
[2014.07.14-17.40.41:460][  0]LogDerivedDataCache: Unable to find inner node Pak for hierarchical cache Hierarchy.
[2014.07.14-17.40.41:471][  0]LogDerivedDataCache:Display: Pak cache opened for reading ../../../Engine/DerivedDataCache/DDC.ddp.
[2014.07.14-17.40.41:483][  0]LogDerivedDataCache: Using Local data cache path C:/Users/Spaehling/AppData/Local/UnrealEngine/4.2/DerivedDataCache: Writable
[2014.07.14-17.40.41:627][  0]LogMeshUtilities: No automatic mesh reduction module available
[2014.07.14-17.40.41:627][  0]LogMeshUtilities: No automatic mesh merging module available
[2014.07.14-17.40.41:909][  0]LogInit: WinSock: version 1.1 (2.2), MaxSocks=32767, MaxUdp=65467
[2014.07.14-17.40.42:206][  0]LogStreaming:Warning: Failed to read file '../../../Engine/Content/Editor/Slate/Icons/ActorIcons/GroupActor_16x.png' error.
[2014.07.14-17.40.42:206][  0]LogSlate: Could not find file for Slate resource: ../../../Engine/Content/Editor/Slate/Icons/ActorIcons/GroupActor_16x.png
[2014.07.14-17.40.42:210][  0]LogStreaming:Warning: Failed to read file '../../../Engine/Content/Editor/Slate/Icons/ActorIcons/DecalActor_16x.png' error.
[2014.07.14-17.40.42:210][  0]LogSlate: Could not find file for Slate resource: ../../../Engine/Content/Editor/Slate/Icons/ActorIcons/DecalActor_16x.png
[2014.07.14-17.40.42:447][  0]UdpMessaging: Initializing bridge on interface 0.0.0.0:0 to multicast group 230.0.0.1:6666.
[2014.07.14-17.40.42:519][  0]SourceControl: Info Source control is disabled
[2014.07.14-17.40.42:519][  0]SourceControl: Info Source control is disabled
[2014.07.14-17.40.42:523][  0]SourceControl: Info Source control is disabled
[2014.07.14-17.40.42:592][  0]BlueprintLog: New page: Editor Load
[2014.07.14-17.40.42:623][  0]LogObj: 19203 objects as part of root set at end of initial load.
[2014.07.14-17.40.42:623][  0]LogUObjectAllocator: 3820576 out of 0 bytes used by permanent object pool.
[2014.07.14-17.40.42:944][  0]LogEngine: Initializing Engine...
[2014.07.14-17.40.43:045][  0]LogInit: XAudio2 using 'Lautsprecher (Corsair Vengeance 2000 Headset)' : 8 channels at 44.1 kHz using 16 bits per sample (channel mask 0x63f)
[2014.07.14-17.40.43:054][  0]LogInit: FAudioDevice initialized.
[2014.07.14-17.40.43:076][  0]LogDerivedDataCache: Saved boot cache 0.02s 39MB C:/Users/Spaehling/AppData/Local/UnrealEngine/4.2/DerivedDataCache/Boot.ddc.
[2014.07.14-17.40.43:080][  0]LogInit: Texture streaming: Enabled
[2014.07.14-17.40.43:103][  0]LogInit: Transaction tracking system initialized
[2014.07.14-17.40.43:180][  0]LogAssetRegistry: FAssetRegistry took 0.0093 seconds to start up
[2014.07.14-17.40.43:296][  0]LogModuleManager:Warning: ModuleManager: Unable to load module '' because the file was not found.
[2014.07.14-17.40.43:300][  0]LogModuleManager:Warning: ModuleManager: Unable to load module '' because the file was not found.
[2014.07.14-17.40.43:335][  0]LogConsoleResponse:Display: 
[2014.07.14-17.40.43:505][  0]SourceControl: Info Source control is disabled
[2014.07.14-17.40.43:505][  0]Cmd: MAP LOAD FILE="D:/UDK4 Projects/Git Projects/Waagenbau/MyProject3/Content/Maps/waagenbau.umap" TEMPLATE=0 SHOWPROGRESS=1 WORLDCOMPOSITION=0
[2014.07.14-17.40.43:505][  0]LightingResults: New page: Lighting Build
[2014.07.14-17.40.43:510][  0]MapCheck: New page: Map Check
[2014.07.14-17.40.43:510][  0]LightingResults: New page: Lighting Build
[2014.07.14-17.40.43:515][  0]LogParticles: Destroying 0 GPU particle simulations for FXSystem 0x0000000015C97F60
[2014.07.14-17.40.44:633][  0]LogBlueprint:Warning: Node '/Game/Blueprints/Assets/Cigarettes.cigarettes:UserConstructionScript.K2Node_VariableGet_424' missing NodeGuid.
[2014.07.14-17.40.45:027][  0]LogBlueprintUserMessages:Warning: SetTimer passed a bad function () or object (DiscoLight_1_C_0)
[2014.07.14-17.40.45:027][  0]LogBlueprintUserMessages:Warning: SetTimer passed a bad function () or object (DiscoLight_1_C_1)
[2014.07.14-17.40.45:028][  0]LogBlueprintUserMessages:Warning: SetTimer passed a bad function () or object (DiscoLight_1_C_2)
[2014.07.14-17.40.45:029][  0]LogBlueprintUserMessages:Warning: SetTimer passed a bad function () or object (DiscoLight_1_C_3)
[2014.07.14-17.40.45:029][  0]LogBlueprintUserMessages:Warning: SetTimer passed a bad function () or object (DiscoLight_1_C_4)
[2014.07.14-17.40.45:030][  0]LogBlueprintUserMessages:Warning: SetTimer passed a bad function () or object (DiscoLight_1_C_5)
[2014.07.14-17.40.45:030][  0]LogBlueprintUserMessages:Warning: SetTimer passed a bad function () or object (DiscoLight_1_C_6)
[2014.07.14-17.40.45:031][  0]LogBlueprintUserMessages:Warning: SetTimer passed a bad function () or object (DiscoLight_1_C_7)
[2014.07.14-17.40.45:032][  0]LogBlueprintUserMessages:Warning: SetTimer passed a bad function () or object (DiscoLight_1_C_8)
[2014.07.14-17.40.45:032][  0]LogBlueprintUserMessages:Warning: SetTimer passed a bad function () or object (DiscoLight_1_C_9)
[2014.07.14-17.40.45:033][  0]LogBlueprintUserMessages:Warning: SetTimer passed a bad function () or object (DiscoLight_1_C_10)
[2014.07.14-17.40.45:034][  0]LogBlueprintUserMessages:Warning: SetTimer passed a bad function () or object (DiscoLight_1_C_11)
[2014.07.14-17.40.45:034][  0]LogBlueprintUserMessages:Warning: SetTimer passed a bad function () or object (DiscoLight_1_C_12)
[2014.07.14-17.40.45:035][  0]LogBlueprintUserMessages:Warning: SetTimer passed a bad function () or object (DiscoLight_1_C_13)
[2014.07.14-17.40.45:036][  0]LogBlueprintUserMessages:Warning: SetTimer passed a bad function () or object (DiscoLight_1_C_14)
[2014.07.14-17.40.45:037][  0]LogBlueprintUserMessages:Warning: SetTimer passed a bad function () or object (DiscoLight_1_C_15)
[2014.07.14-17.40.45:037][  0]LogBlueprintUserMessages:Warning: SetTimer passed a bad function () or object (DiscoLight_1_C_16)
[2014.07.14-17.40.45:038][  0]LogBlueprintUserMessages:Warning: SetTimer passed a bad function () or object (DiscoLight_1_C_17)
[2014.07.14-17.40.45:038][  0]LogBlueprintUserMessages:Warning: SetTimer passed a bad function () or object (DiscoLight_1_C_18)
[2014.07.14-17.40.45:039][  0]LogBlueprintUserMessages:Warning: SetTimer passed a bad function () or object (DiscoLight_1_C_20)
[2014.07.14-17.40.45:040][  0]LogBlueprintUserMessages:Warning: SetTimer passed a bad function () or object (DiscoLight_1_C_21)
[2014.07.14-17.40.45:040][  0]LogBlueprintUserMessages:Warning: SetTimer passed a bad function () or object (DiscoLight_1_C_22)
[2014.07.14-17.40.45:041][  0]LogBlueprintUserMessages:Warning: SetTimer passed a bad function () or object (DiscoLight_1_C_23)
[2014.07.14-17.40.45:139][  0]LogEditorServer: Finished looking for orphan Actors (0.000 secs)
[2014.07.14-17.40.45:140][  0]Cmd: MAP CHECKDEP
[2014.07.14-17.40.45:140][  0]MapCheck: New page: waagenbau - Jul 14, 2014, 9:40:45 PM
[2014.07.14-17.40.45:211][  0]MapCheck: Info ========== Map Check: 0 Error(s), 0 Warning(s), [70.809ms] ==========
[2014.07.14-17.40.45:211][  0]LogFileHelpers: Loading map 'waagenbau' took 1.706
[2014.07.14-17.40.45:383][  0]LogCrashTracker: Crashtracker disabled due to settings.
[2014.07.14-17.40.45:384][  0]Cmd: MODE PLACEMENT
[2014.07.14-17.40.45:420][  0]LogCollectionManager: Loaded 0 collections in 0.000810 seconds
[2014.07.14-17.40.46:357][  0]LogLoad: Full Startup: 6.65 seconds (BP compile: 0.31 seconds)
[2014.07.14-17.40.46:373][  0]LogContentBrowser:Verbose: The content browser source was changed by the sources view to '/Game/Blueprints/Assets'
[2014.07.14-17.40.46:480][  0]LogRenderer:Warning: Reallocating scene render targets to support 32x32.
[2014.07.14-17.40.46:622][  0]LogRenderer:Warning: Reallocating scene render targets to support 1112x856.
[2014.07.14-17.40.46:805][  1]LogEpicStorage:Warning: EnumerateFiles request failed. Invalid response. code=403 error=<?xml version="1.0" encoding="UTF-8"?>
<Error><Code>AccessDenied</Code><Message>Access Denied</Message><RequestId>7095536C2DA62B05</RequestId><HostId>PXGVMyBc0v84H7uh/JEOPxnAfeClFgfLLxHmJari9u1Mi/sHd9Vu+RE3S0MMFr5i2SBqNWyrUWo=</HostId></Error>
[2014.07.14-17.40.46:937][  2]LogEpicSurvey:Warning: EnumerateFiles request failed. Invalid response. code=403 error=<?xml version="1.0" encoding="UTF-8"?>
<Error><Code>AccessDenied</Code><Message>Access Denied</Message><RequestId>ACD13A18DDE4FFA2</RequestId><HostId>OCF3vqDWBoRlP0ACUdhNflb7rpek+09TMyeoWxRF03/7R4c2rkza2R0SxiISYAF3</HostId></Error>
[2014.07.14-17.40.46:947][  2]LogAssetRegistry: Asset discovery search completed in 3.7771 seconds
[2014.07.14-17.40.47:390][  3]LogEpicStorage:Warning: EnumerateFiles request failed. Invalid response. code=403 error=<?xml version="1.0" encoding="UTF-8"?>
<Error><Code>AccessDenied</Code><Message>Access Denied</Message><RequestId>7095536C2DA62B05</RequestId><HostId>PXGVMyBc0v84H7uh/JEOPxnAfeClFgfLLxHmJari9u1Mi/sHd9Vu+RE3S0MMFr5i2SBqNWyrUWo=</HostId></Error>
[2014.07.14-17.40.47:409][  4]LogEpicSurvey:Warning: EnumerateFiles request failed. Invalid response. code=403 error=<?xml version="1.0" encoding="UTF-8"?>
<Error><Code>AccessDenied</Code><Message>Access Denied</Message><RequestId>ACD13A18DDE4FFA2</RequestId><HostId>OCF3vqDWBoRlP0ACUdhNflb7rpek+09TMyeoWxRF03/7R4c2rkza2R0SxiISYAF3</HostId></Error>
[2014.07.14-17.40.47:561][  6]LogEpicSurvey:Warning: EnumerateFiles request failed. Invalid response. code=403 error=<?xml version="1.0" encoding="UTF-8"?>
<Error><Code>AccessDenied</Code><Message>Access Denied</Message><RequestId>C88D7E9896A06548</RequestId><HostId>lb/hKWWPxicnFt3ef+kXMaMrrYd2npR78FGrfE1KUCwBHqZnz21FVQxgNuf+yIyV6S2W3aakRmI=</HostId></Error>
[2014.07.14-17.40.47:620][  7]LogEpicStorage:Warning: ReadFile request failed. File request already pending for filename=http://cdn.unrealengine.com/newsfeed/blueprint_icon_b.png
[2014.07.14-17.40.47:624][  7]LogEpicStorage:Warning: ReadFile request failed. File request already pending for filename=http://cdn.unrealengine.com/newsfeed/blueprint_icon_b.png
[2014.07.14-17.40.54:405][223]LogUObjectGlobals:Warning: Failed to find object 'Object None.'
[2014.07.14-17.40.54:405][223]LogUObjectGlobals:Warning: Failed to find object 'Object None.'
[2014.07.14-17.40.54:405][223]LogUObjectGlobals:Warning: Failed to find object 'Object None.'
[2014.07.14-17.40.54:406][223]LogUObjectGlobals:Warning: Failed to find object 'Object None.'
[2014.07.14-17.40.54:406][223]LogUObjectGlobals:Warning: Failed to find object 'Object None.'
[2014.07.14-17.40.54:406][223]LogUObjectGlobals:Warning: Failed to find object 'Object None.'
[2014.07.14-17.40.54:406][223]LogUObjectGlobals:Warning: Failed to find object 'Object None.'
[2014.07.14-17.40.54:406][223]LogUObjectGlobals:Warning: Failed to find object 'Object None.'
[2014.07.14-17.40.54:406][223]LogUObjectGlobals:Warning: Failed to find object 'Object None.'
[2014.07.14-17.40.54:406][223]LogUObjectGlobals:Warning: Failed to find object 'Object None.'
[2014.07.14-17.40.54:406][223]LogUObjectGlobals:Warning: Failed to find object 'Object None.'
[2014.07.14-17.40.54:406][223]LogUObjectGlobals:Warning: Failed to find object 'Object None.'
[2014.07.14-17.40.54:407][223]LogUObjectGlobals:Warning: Failed to find object 'Object None.'
[2014.07.14-17.40.54:407][223]LogUObjectGlobals:Warning: Failed to find object 'Object None.'
[2014.07.14-17.40.54:407][223]LogUObjectGlobals:Warning: Failed to find object 'Object None.'
[2014.07.14-17.40.54:407][223]LogUObjectGlobals:Warning: Failed to find object 'Object None.'
[2014.07.14-17.40.54:407][223]LogUObjectGlobals:Warning: Failed to find object 'Object None.'
[2014.07.14-17.40.54:408][223]LogProperty:Warning: ObjectProperty /Script/Engine.EdGraphPin:LinkedTo.LinkedTo: unresolved reference to 'EdGraphPin'"K2Node_VariableSet_431.EdGraphPin_10573"''
[2014.07.14-17.40.54:408][223]LogProperty:Warning: ObjectProperty /Script/Engine.EdGraphPin:LinkedTo.LinkedTo: unresolved reference to 'EdGraphPin'"K2Node_CallFunction_30394.EdGraphPin_9667"''
[2014.07.14-17.40.54:408][223]LogProperty:Warning: ObjectProperty /Script/Engine.EdGraphPin:LinkedTo.LinkedTo: unresolved reference to 'EdGraphPin'"K2Node_CallFunction_30303.EdGraphPin_9655"''
[2014.07.14-17.40.54:408][223]LogProperty:Warning: ObjectProperty /Script/Engine.EdGraphPin:LinkedTo.LinkedTo: unresolved reference to 'EdGraphPin'"K2Node_CallFunction_30575.EdGraphPin_9679"''
[2014.07.14-17.40.54:408][223]LogProperty:Warning: ObjectProperty /Script/Engine.EdGraphPin:LinkedTo.LinkedTo: unresolved reference to 'EdGraphPin'"K2Node_CallFunction_30575.EdGraphPin_9677"''
[2014.07.14-17.40.54:409][223]LogProperty:Warning: ObjectProperty /Script/Engine.EdGraphPin:LinkedTo.LinkedTo: unresolved reference to 'EdGraphPin'"K2Node_CallFunction_33016.EdGraphPin_9691"''
[2014.07.14-17.40.54:409][223]LogUObjectHash:Warning: Ambiguous search, could be K2Node_VariableGet /Game/Blueprints/Assets/Sound_Box.Sound_Box:EventGraph.K2Node_VariableGet_618 or K2Node_VariableGet /Game/Blueprints/Characters/BotCharacter_Male.BotCharacter_Male:EdGraph_92.K2Node_VariableGet_618
[2014.07.14-17.40.54:409][223]LogUObjectHash:Warning: Ambiguous search, could be K2Node_VariableGet /Game/Blueprints/Assets/Sound_Box.Sound_Box:EventGraph.K2Node_VariableGet_618 or K2Node_VariableGet /Game/Blueprints/Characters/BotCharacter_Male.BotCharacter_Male:EdGraph_90.K2Node_VariableGet_618
[2014.07.14-17.40.54:409][223]LogUObjectHash:Warning: Ambiguous search, could be K2Node_VariableGet /Game/Blueprints/Assets/Sound_Box.Sound_Box:EventGraph.K2Node_VariableGet_618 or K2Node_VariableGet /Game/Blueprints/Characters/BotCharacter_Male.BotCharacter_Male:EdGraph_74.K2Node_VariableGet_618
[2014.07.14-17.40.54:409][223]LogUObjectHash:Warning: Ambiguous search, could be K2Node_VariableGet /Game/Blueprints/Assets/Sound_Box.Sound_Box:EventGraph.K2Node_VariableGet_618 or K2Node_VariableGet /Game/Blueprints/Characters/BotCharacter_Male.BotCharacter_Male:EdGraph_72.K2Node_VariableGet_618
[2014.07.14-17.40.54:409][223]LogUObjectHash:Warning: Ambiguous search, could be K2Node_VariableGet /Game/Blueprints/Assets/Sound_Box.Sound_Box:EventGraph.K2Node_VariableGet_618 or K2Node_VariableGet /Game/Blueprints/Characters/BotCharacter_Male.BotCharacter_Male:EdGraph_70.K2Node_VariableGet_618
[2014.07.14-17.40.54:409][223]LogUObjectHash:Warning: Ambiguous search, could be K2Node_VariableGet /Game/Blueprints/Assets/Sound_Box.Sound_Box:EventGraph.K2Node_VariableGet_618 or K2Node_VariableGet /Game/Blueprints/Characters/BotCharacter_Male.BotCharacter_Male:EdGraph_68.K2Node_VariableGet_618
[2014.07.14-17.40.54:409][223]LogUObjectHash:Warning: Ambiguous search, could be K2Node_VariableGet /Game/Blueprints/Assets/Sound_Box.Sound_Box:EventGraph.K2Node_VariableGet_618 or K2Node_VariableGet /Game/Blueprints/Characters/BotCharacter_Male.BotCharacter_Male:UserConstructionScript.K2Node_VariableGet_618
[2014.07.14-17.40.54:409][223]LogProperty:Warning: ObjectProperty /Script/Engine.EdGraphPin:LinkedTo.LinkedTo: unresolved reference to 'EdGraphPin'"K2Node_VariableGet_618.EdGraphPin_9700"''
[2014.07.14-17.40.54:409][223]LogProperty:Warning: ObjectProperty /Script/Engine.EdGraphPin:LinkedTo.LinkedTo: unresolved reference to 'EdGraphPin'"K2Node_VariableGet_290.EdGraphPin_9643"''
[2014.07.14-17.40.54:410][223]LogProperty:Warning: ObjectProperty /Script/Engine.EdGraphPin:LinkedTo.LinkedTo: unresolved reference to 'EdGraphPin'"K2Node_CallFunction_30303.EdGraphPin_9657"''
[2014.07.14-17.40.54:410][223]LogProperty:Warning: ObjectProperty /Script/Engine.EdGraphPin:LinkedTo.LinkedTo: unresolved reference to 'EdGraphPin'"K2Node_CallFunction_30394.EdGraphPin_9669"''
[2014.07.14-17.40.54:410][223]LogProperty:Warning: ObjectProperty /Script/Engine.EdGraphPin:LinkedTo.LinkedTo: unresolved reference to 'EdGraphPin'"K2Node_CallFunction_30575.EdGraphPin_9678"''
[2014.07.14-17.40.54:410][223]LogProperty:Warning: ObjectProperty /Script/Engine.EdGraphPin:LinkedTo.LinkedTo: unresolved reference to 'EdGraphPin'"K2Node_CallFunction_33016.EdGraphPin_9690"''
[2014.07.14-17.40.54:411][223]LogProperty:Warning: ObjectProperty /Script/Engine.EdGraphPin:LinkedTo.LinkedTo: unresolved reference to 'EdGraphPin'"K2Node_CallFunction_33016.EdGraphPin_9689"''
[2014.07.14-17.40.54:412][223]LogProperty:Warning: ObjectProperty /Script/Engine.EdGraphPin:LinkedTo.LinkedTo: unresolved reference to 'EdGraphPin'"K2Node_VariableSet_431.EdGraphPin_10574"''
[2014.07.14-17.40.54:412][223]LogProperty:Warning: ObjectProperty /Script/Engine.EdGraphPin:LinkedTo.LinkedTo: unresolved reference to 'EdGraphPin'"K2Node_CommutativeAssociativeBinaryOperator_1831.EdGraphPin_10570"''
[2014.07.14-17.40.54:413][223]LogUObjectHash:Warning: Ambiguous search, could be K2Node_CallFunction /Game/Blueprints/Assets/Sound_Box.Sound_Box:EventGraph.K2Node_CallFunction_280228 or K2Node_CallFunction /Game/Blueprints/Assets/laptop.laptop:EventGraph.K2Node_CallFunction_280228
[2014.07.14-17.40.54:413][223]LogProperty:Warning: ObjectProperty /Script/Engine.EdGraphPin:LinkedTo.LinkedTo: unresolved reference to 'EdGraphPin'"K2Node_CallFunction_280228.EdGraphPin_9778"''
[2014.07.14-17.40.54:413][223]LogProperty:Warning: ObjectProperty /Script/Engine.EdGraphPin:LinkedTo.LinkedTo: unresolved reference to 'EdGraphPin'"K2Node_ComponentBoundEvent_39.EdGraphPin_9788"''
[2014.07.14-17.40.54:413][223]LogUObjectHash:Warning: Ambiguous search, could be K2Node_CallFunction /Game/Blueprints/Assets/Sound_Box.Sound_Box:EventGraph.K2Node_CallFunction_280228 or K2Node_CallFunction /Game/Blueprints/Assets/laptop.laptop:EventGraph.K2Node_CallFunction_280228
[2014.07.14-17.40.54:413][223]LogProperty:Warning: ObjectProperty /Script/Engine.EdGraphPin:LinkedTo.LinkedTo: unresolved reference to 'EdGraphPin'"K2Node_CallFunction_280228.EdGraphPin_9778"''
[2014.07.14-17.40.54:413][223]LogProperty:Warning: ObjectProperty /Script/Engine.EdGraphPin:LinkedTo.LinkedTo: unresolved reference to 'EdGraphPin'"K2Node_ComponentBoundEvent_51.EdGraphPin_9808"''
[2014.07.14-17.40.54:415][223]LogProperty:Warning: ObjectProperty /Script/Engine.EdGraphPin:LinkedTo.LinkedTo: unresolved reference to 'EdGraphPin'"K2Node_VariableSet_431.EdGraphPin_10575"''
[2014.07.14-17.40.54:431][223]LogBlueprint:Warning: [Sound_Box] CreatePinForVariable: 'Track No' variable not found. Base class was probably changed.
[2014.07.14-17.40.54:432][223]LogBlueprint:Warning: [Sound_Box] CreatePinForVariable: 'Track No' variable not found. Base class was probably changed.
[2014.07.14-17.40.55:827][262]LogEditorTransaction: Undo Paste clipboard contents
[2014.07.14-17.40.58:319][361]LogUObjectGlobals:Warning: Failed to find object 'Object None.'
[2014.07.14-17.40.58:319][361]LogUObjectHash:Warning: Ambiguous search, could be K2Node_InputKey /Game/Blueprints/Assets/Sound_Box.Sound_Box:EventGraph.K2Node_InputKey_3985 or K2Node_InputKey /Game/Blueprints/Assets/Sound_Box.Sound_Box:EventGraph.K2Node_InputKey_3985
[2014.07.14-17.40.58:319][361]LogUObjectGlobals:Warning: Failed to find object 'Object None.'
[2014.07.14-17.40.58:319][361]LogUObjectHash:Warning: Ambiguous search, could be K2Node_IfThenElse /Game/Blueprints/Assets/Sound_Box.Sound_Box:EventGraph.K2Node_IfThenElse_77 or K2Node_IfThenElse /Game/Blueprints/Assets/Sound_Box.Sound_Box:EventGraph.K2Node_IfThenElse_77
[2014.07.14-17.40.58:319][361]LogUObjectGlobals:Warning: Failed to find object 'Object None.'
[2014.07.14-17.40.58:319][361]LogUObjectHash:Warning: Ambiguous search, could be K2Node_CallArrayFunction /Game/Blueprints/Assets/Sound_Box.Sound_Box:EventGraph.K2Node_CallArrayFunction_147 or K2Node_CallArrayFunction /Game/Blueprints/Assets/Sound_Box.Sound_Box:EventGraph.K2Node_CallArrayFunction_147
[2014.07.14-17.40.58:319][361]LogUObjectGlobals:Warning: Failed to find object 'Object None.'
[2014.07.14-17.40.58:319][361]LogUObjectHash:Warning: Ambiguous search, could be K2Node_VariableGet /Game/Blueprints/Assets/Sound_Box.Sound_Box:EventGraph.K2Node_VariableGet_290 or K2Node_VariableGet /Game/Blueprints/Assets/Sound_Box.Sound_Box:EventGraph.K2Node_VariableGet_290
[2014.07.14-17.40.58:319][361]LogUObjectGlobals:Warning: Failed to find object 'Object None.'
[2014.07.14-17.40.58:319][361]LogUObjectHash:Warning: Ambiguous search, could be K2Node_VariableGet /Game/Blueprints/Assets/Sound_Box.Sound_Box:EventGraph.K2Node_VariableGet_439 or K2Node_VariableGet /Game/Blueprints/Assets/Sound_Box.Sound_Box:EventGraph.K2Node_VariableGet_439
[2014.07.14-17.40.58:319][361]LogUObjectGlobals:Warning: Failed to find object 'Object None.'
[2014.07.14-17.40.58:319][361]LogUObjectHash:Warning: Ambiguous search, could be K2Node_CallFunction /Game/Blueprints/Assets/Sound_Box.Sound_Box:EventGraph.K2Node_CallFunction_30303 or K2Node_CallFunction /Game/Blueprints/Assets/Sound_Box.Sound_Box:EventGraph.K2Node_CallFunction_30303
[2014.07.14-17.40.58:319][361]LogUObjectGlobals:Warning: Failed to find object 'Object None.'
[2014.07.14-17.40.58:319][361]LogUObjectHash:Warning: Ambiguous search, could be K2Node_CallFunction /Game/Blueprints/Assets/Sound_Box.Sound_Box:EventGraph.K2Node_CallFunction_30394 or K2Node_CallFunction /Game/Blueprints/Assets/Sound_Box.Sound_Box:EventGraph.K2Node_CallFunction_30394
[2014.07.14-17.40.58:319][361]LogUObjectGlobals:Warning: Failed to find object 'Object None.'
[2014.07.14-17.40.58:319][361]LogUObjectHash:Warning: Ambiguous search, could be K2Node_CallFunction /Game/Blueprints/Assets/Sound_Box.Sound_Box:EventGraph.K2Node_CallFunction_30575 or K2Node_CallFunction /Game/Blueprints/Assets/Sound_Box.Sound_Box:EventGraph.K2Node_CallFunction_30575
[2014.07.14-17.40.58:320][361]LogUObjectGlobals:Warning: Failed to find object 'Object None.'
[2014.07.14-17.40.58:320][361]LogUObjectHash:Warning: Ambiguous search, could be K2Node_CallFunction /Game/Blueprints/Assets/Sound_Box.Sound_Box:EventGraph.K2Node_CallFunction_33016 or K2Node_CallFunction /Game/Blueprints/Assets/Sound_Box.Sound_Box:EventGraph.K2Node_CallFunction_33016
[2014.07.14-17.40.58:320][361]LogUObjectGlobals:Warning: Failed to find object 'Object None.'
[2014.07.14-17.40.58:320][361]LogUObjectHash:Warning: Ambiguous search, could be K2Node_VariableGet /Game/Blueprints/Assets/Sound_Box.Sound_Box:EventGraph.K2Node_VariableGet_618 or K2Node_VariableGet /Game/Blueprints/Assets/Sound_Box.Sound_Box:EventGraph.K2Node_VariableGet_618
[2014.07.14-17.40.58:320][361]LogUObjectGlobals:Warning: Failed to find object 'Object None.'
[2014.07.14-17.40.58:320][361]LogUObjectHash:Warning: Ambiguous search, could be K2Node_CallFunction /Game/Blueprints/Assets/Sound_Box.Sound_Box:EventGraph.K2Node_CallFunction_234538 or K2Node_CallFunction /Game/Blueprints/Assets/Sound_Box.Sound_Box:EventGraph.K2Node_CallFunction_234538
[2014.07.14-17.40.58:320][361]LogUObjectGlobals:Warning: Failed to find object 'Object None.'
[2014.07.14-17.40.58:320][361]LogUObjectHash:Warning: Ambiguous search, could be K2Node_CallFunction /Game/Blueprints/Assets/Sound_Box.Sound_Box:EventGraph.K2Node_CallFunction_282630 or K2Node_CallFunction /Game/Blueprints/Assets/Sound_Box.Sound_Box:EventGraph.K2Node_CallFunction_282630
[2014.07.14-17.40.58:320][361]LogUObjectGlobals:Warning: Failed to find object 'Object None.'
[2014.07.14-17.40.58:320][361]LogUObjectHash:Warning: Ambiguous search, could be K2Node_CallFunction /Game/Blueprints/Assets/Sound_Box.Sound_Box:EventGraph.K2Node_CallFunction_280228 or K2Node_CallFunction /Game/Blueprints/Assets/Sound_Box.Sound_Box:EventGraph.K2Node_CallFunction_280228
[2014.07.14-17.40.58:320][361]LogUObjectGlobals:Warning: Failed to find object 'Object None.'
[2014.07.14-17.40.58:320][361]LogUObjectHash:Warning: Ambiguous search, could be K2Node_CustomEvent /Game/Blueprints/Assets/Sound_Box.Sound_Box:EventGraph.K2Node_ComponentBoundEvent_39 or K2Node_ComponentBoundEvent /Game/Blueprints/Assets/Sound_Box.Sound_Box:EventGraph.K2Node_ComponentBoundEvent_39
[2014.07.14-17.40.58:320][361]LogUObjectHash:Warning: Ambiguous search, could be K2Node_CustomEvent /Game/Blueprints/Assets/Sound_Box.Sound_Box:EventGraph.K2Node_ComponentBoundEvent_39 or K2Node_ComponentBoundEvent /Game/Blueprints/Assets/Sound_Box.Sound_Box:EventGraph.K2Node_ComponentBoundEvent_39
[2014.07.14-17.40.58:320][361]LogUObjectHash:Warning: Ambiguous search, could be K2Node_ComponentBoundEvent /Game/Blueprints/Assets/Sound_Box.Sound_Box:EventGraph.K2Node_ComponentBoundEvent_39 or K2Node_ComponentBoundEvent /Game/Blueprints/Assets/Sound_Box.Sound_Box:EventGraph.K2Node_ComponentBoundEvent_39
[2014.07.14-17.40.58:320][361]LogUObjectGlobals:Warning: Failed to find object 'Object None.'
[2014.07.14-17.40.58:320][361]LogUObjectHash:Warning: Ambiguous search, could be K2Node_CustomEvent /Game/Blueprints/Assets/Sound_Box.Sound_Box:EventGraph.K2Node_ComponentBoundEvent_51 or K2Node_ComponentBoundEvent /Game/Blueprints/Assets/Sound_Box.Sound_Box:EventGraph.K2Node_ComponentBoundEvent_51
[2014.07.14-17.40.58:320][361]LogUObjectHash:Warning: Ambiguous search, could be K2Node_CustomEvent /Game/Blueprints/Assets/Sound_Box.Sound_Box:EventGraph.K2Node_ComponentBoundEvent_51 or K2Node_ComponentBoundEvent /Game/Blueprints/Assets/Sound_Box.Sound_Box:EventGraph.K2Node_ComponentBoundEvent_51
[2014.07.14-17.40.58:320][361]LogUObjectHash:Warning: Ambiguous search, could be K2Node_ComponentBoundEvent /Game/Blueprints/Assets/Sound_Box.Sound_Box:EventGraph.K2Node_ComponentBoundEvent_51 or K2Node_ComponentBoundEvent /Game/Blueprints/Assets/Sound_Box.Sound_Box:EventGraph.K2Node_ComponentBoundEvent_51
[2014.07.14-17.40.58:321][361]LogUObjectGlobals:Warning: Failed to find object 'Object None.'
[2014.07.14-17.40.58:321][361]LogUObjectGlobals:Warning: Failed to find object 'Object None.'
[2014.07.14-17.40.58:321][361]LogUObjectHash:Warning: Ambiguous search, could be K2Node_VariableSet /Game/Blueprints/Assets/Sound_Box.Sound_Box:EventGraph.K2Node_VariableSet_431 or K2Node_VariableSet /Engine/Transient.EdGraph_204:K2Node_VariableSet_431
[2014.07.14-17.40.58:321][361]LogProperty:Warning: ObjectProperty /Script/Engine.EdGraphPin:LinkedTo.LinkedTo: unresolved reference to 'EdGraphPin'"K2Node_VariableSet_431.EdGraphPin_10573"''
[2014.07.14-17.40.58:321][361]LogUObjectHash:Warning: Ambiguous search, could be K2Node_CallFunction /Game/Blueprints/Assets/Sound_Box.Sound_Box:EventGraph.K2Node_CallFunction_30394 or K2Node_CallFunction /Engine/Transient.EdGraph_204:K2Node_CallFunction_30394
[2014.07.14-17.40.58:321][361]LogProperty:Warning: ObjectProperty /Script/Engine.EdGraphPin:LinkedTo.LinkedTo: unresolved reference to 'EdGraphPin'"K2Node_CallFunction_30394.EdGraphPin_9667"''
[2014.07.14-17.40.58:321][361]LogUObjectHash:Warning: Ambiguous search, could be K2Node_CallFunction /Game/Blueprints/Assets/Sound_Box.Sound_Box:EventGraph.K2Node_CallFunction_30303 or K2Node_CallFunction /Engine/Transient.EdGraph_204:K2Node_CallFunction_30303
[2014.07.14-17.40.58:321][361]LogProperty:Warning: ObjectProperty /Script/Engine.EdGraphPin:LinkedTo.LinkedTo: unresolved reference to 'EdGraphPin'"K2Node_CallFunction_30303.EdGraphPin_9655"''
[2014.07.14-17.40.58:321][361]LogUObjectHash:Warning: Ambiguous search, could be K2Node_CallFunction /Game/Blueprints/Assets/Sound_Box.Sound_Box:EventGraph.K2Node_CallFunction_30575 or K2Node_CallFunction /Engine/Transient.EdGraph_204:K2Node_CallFunction_30575
[2014.07.14-17.40.58:321][361]LogProperty:Warning: ObjectProperty /Script/Engine.EdGraphPin:LinkedTo.LinkedTo: unresolved reference to 'EdGraphPin'"K2Node_CallFunction_30575.EdGraphPin_9679"''
[2014.07.14-17.40.58:321][361]LogUObjectHash:Warning: Ambiguous search, could be K2Node_CallFunction /Game/Blueprints/Assets/Sound_Box.Sound_Box:EventGraph.K2Node_CallFunction_30575 or K2Node_CallFunction /Engine/Transient.EdGraph_204:K2Node_CallFunction_30575
[2014.07.14-17.40.58:321][361]LogProperty:Warning: ObjectProperty /Script/Engine.EdGraphPin:LinkedTo.LinkedTo: unresolved reference to 'EdGraphPin'"K2Node_CallFunction_30575.EdGraphPin_9677"''
[2014.07.14-17.40.58:322][361]LogUObjectHash:Warning: Ambiguous search, could be K2Node_CallFunction /Game/Blueprints/Assets/Sound_Box.Sound_Box:EventGraph.K2Node_CallFunction_33016 or K2Node_CallFunction /Engine/Transient.EdGraph_204:K2Node_CallFunction_33016
[2014.07.14-17.40.58:322][361]LogProperty:Warning: ObjectProperty /Script/Engine.EdGraphPin:LinkedTo.LinkedTo: unresolved reference to 'EdGraphPin'"K2Node_CallFunction_33016.EdGraphPin_9691"''
[2014.07.14-17.40.58:322][361]LogUObjectHash:Warning: Ambiguous search, could be K2Node_VariableGet /Game/Blueprints/Assets/Sound_Box.Sound_Box:EventGraph.K2Node_VariableGet_618 or K2Node_VariableGet /Engine/Transient.EdGraph_204:K2Node_VariableGet_618
[2014.07.14-17.40.58:322][361]LogUObjectHash:Warning: Ambiguous search, could be K2Node_VariableGet /Game/Blueprints/Assets/Sound_Box.Sound_Box:EventGraph.K2Node_VariableGet_618 or K2Node_VariableGet /Game/Blueprints/Characters/BotCharacter_Male.BotCharacter_Male:EdGraph_92.K2Node_VariableGet_618
[2014.07.14-17.40.58:322][361]LogUObjectHash:Warning: Ambiguous search, could be K2Node_VariableGet /Game/Blueprints/Assets/Sound_Box.Sound_Box:EventGraph.K2Node_VariableGet_618 or K2Node_VariableGet /Game/Blueprints/Characters/BotCharacter_Male.BotCharacter_Male:EdGraph_90.K2Node_VariableGet_618
[2014.07.14-17.40.58:322][361]LogUObjectHash:Warning: Ambiguous search, could be K2Node_VariableGet /Game/Blueprints/Assets/Sound_Box.Sound_Box:EventGraph.K2Node_VariableGet_618 or K2Node_VariableGet /Game/Blueprints/Characters/BotCharacter_Male.BotCharacter_Male:EdGraph_74.K2Node_VariableGet_618
[2014.07.14-17.40.58:322][361]LogUObjectHash:Warning: Ambiguous search, could be K2Node_VariableGet /Game/Blueprints/Assets/Sound_Box.Sound_Box:EventGraph.K2Node_VariableGet_618 or K2Node_VariableGet /Game/Blueprints/Characters/BotCharacter_Male.BotCharacter_Male:EdGraph_72.K2Node_VariableGet_618
[2014.07.14-17.40.58:322][361]LogUObjectHash:Warning: Ambiguous search, could be K2Node_VariableGet /Game/Blueprints/Assets/Sound_Box.Sound_Box:EventGraph.K2Node_VariableGet_618 or K2Node_VariableGet /Game/Blueprints/Characters/BotCharacter_Male.BotCharacter_Male:EdGraph_70.K2Node_VariableGet_618
[2014.07.14-17.40.58:322][361]LogUObjectHash:Warning: Ambiguous search, could be K2Node_VariableGet /Game/Blueprints/Assets/Sound_Box.Sound_Box:EventGraph.K2Node_VariableGet_618 or K2Node_VariableGet /Game/Blueprints/Characters/BotCharacter_Male.BotCharacter_Male:EdGraph_68.K2Node_VariableGet_618
[2014.07.14-17.40.58:322][361]LogUObjectHash:Warning: Ambiguous search, could be K2Node_VariableGet /Game/Blueprints/Assets/Sound_Box.Sound_Box:EventGraph.K2Node_VariableGet_618 or K2Node_VariableGet /Game/Blueprints/Characters/BotCharacter_Male.BotCharacter_Male:UserConstructionScript.K2Node_VariableGet_618
[2014.07.14-17.40.58:322][361]LogProperty:Warning: ObjectProperty /Script/Engine.EdGraphPin:LinkedTo.LinkedTo: unresolved reference to 'EdGraphPin'"K2Node_VariableGet_618.EdGraphPin_9700"''
[2014.07.14-17.40.58:322][361]LogUObjectHash:Warning: Ambiguous search, could be K2Node_VariableGet /Game/Blueprints/Assets/Sound_Box.Sound_Box:EventGraph.K2Node_VariableGet_290 or K2Node_VariableGet /Engine/Transient.EdGraph_204:K2Node_VariableGet_290
[2014.07.14-17.40.58:322][361]LogProperty:Warning: ObjectProperty /Script/Engine.EdGraphPin:LinkedTo.LinkedTo: unresolved reference to 'EdGraphPin'"K2Node_VariableGet_290.EdGraphPin_9643"''
[2014.07.14-17.40.58:323][361]LogUObjectHash:Warning: Ambiguous search, could be K2Node_CallFunction /Game/Blueprints/Assets/Sound_Box.Sound_Box:EventGraph.K2Node_CallFunction_30303 or K2Node_CallFunction /Engine/Transient.EdGraph_204:K2Node_CallFunction_30303
[2014.07.14-17.40.58:323][361]LogProperty:Warning: ObjectProperty /Script/Engine.EdGraphPin:LinkedTo.LinkedTo: unresolved reference to 'EdGraphPin'"K2Node_CallFunction_30303.EdGraphPin_9657"''
[2014.07.14-17.40.58:323][361]LogUObjectHash:Warning: Ambiguous search, could be K2Node_CallFunction /Game/Blueprints/Assets/Sound_Box.Sound_Box:EventGraph.K2Node_CallFunction_30394 or K2Node_CallFunction /Engine/Transient.EdGraph_204:K2Node_CallFunction_30394
[2014.07.14-17.40.58:323][361]LogProperty:Warning: ObjectProperty /Script/Engine.EdGraphPin:LinkedTo.LinkedTo: unresolved reference to 'EdGraphPin'"K2Node_CallFunction_30394.EdGraphPin_9669"''
[2014.07.14-17.40.58:323][361]LogUObjectHash:Warning: Ambiguous search, could be K2Node_CallFunction /Game/Blueprints/Assets/Sound_Box.Sound_Box:EventGraph.K2Node_CallFunction_30575 or K2Node_CallFunction /Engine/Transient.EdGraph_204:K2Node_CallFunction_30575
[2014.07.14-17.40.58:323][361]LogProperty:Warning: ObjectProperty /Script/Engine.EdGraphPin:LinkedTo.LinkedTo: unresolved reference to 'EdGraphPin'"K2Node_CallFunction_30575.EdGraphPin_9678"''
[2014.07.14-17.40.58:323][361]LogUObjectHash:Warning: Ambiguous search, could be K2Node_CallFunction /Game/Blueprints/Assets/Sound_Box.Sound_Box:EventGraph.K2Node_CallFunction_33016 or K2Node_CallFunction /Engine/Transient.EdGraph_204:K2Node_CallFunction_33016
[2014.07.14-17.40.58:323][361]LogProperty:Warning: ObjectProperty /Script/Engine.EdGraphPin:LinkedTo.LinkedTo: unresolved reference to 'EdGraphPin'"K2Node_CallFunction_33016.EdGraphPin_9690"''
[2014.07.14-17.40.58:324][361]LogUObjectHash:Warning: Ambiguous search, could be K2Node_CallFunction /Game/Blueprints/Assets/Sound_Box.Sound_Box:EventGraph.K2Node_CallFunction_33016 or K2Node_CallFunction /Engine/Transient.EdGraph_204:K2Node_CallFunction_33016
[2014.07.14-17.40.58:324][361]LogProperty:Warning: ObjectProperty /Script/Engine.EdGraphPin:LinkedTo.LinkedTo: unresolved reference to 'EdGraphPin'"K2Node_CallFunction_33016.EdGraphPin_9689"''
[2014.07.14-17.40.58:324][361]LogUObjectHash:Warning: Ambiguous search, could be K2Node_VariableSet /Game/Blueprints/Assets/Sound_Box.Sound_Box:EventGraph.K2Node_VariableSet_431 or K2Node_VariableSet /Engine/Transient.EdGraph_204:K2Node_VariableSet_431
[2014.07.14-17.40.58:324][361]LogProperty:Warning: ObjectProperty /Script/Engine.EdGraphPin:LinkedTo.LinkedTo: unresolved reference to 'EdGraphPin'"K2Node_VariableSet_431.EdGraphPin_10574"''
[2014.07.14-17.40.58:325][361]LogUObjectHash:Warning: Ambiguous search, could be K2Node_CommutativeAssociativeBinaryOperator /Game/Blueprints/Assets/Sound_Box.Sound_Box:EventGraph.K2Node_CommutativeAssociativeBinaryOperator_1831 or K2Node_CommutativeAssociativeBinaryOperator /Engine/Transient.EdGraph_204:K2Node_CommutativeAssociativeBinaryOperator_1831
[2014.07.14-17.40.58:325][361]LogProperty:Warning: ObjectProperty /Script/Engine.EdGraphPin:LinkedTo.LinkedTo: unresolved reference to 'EdGraphPin'"K2Node_CommutativeAssociativeBinaryOperator_1831.EdGraphPin_10570"''
[2014.07.14-17.40.58:325][361]LogUObjectHash:Warning: Ambiguous search, could be K2Node_CallFunction /Game/Blueprints/Assets/Sound_Box.Sound_Box:EventGraph.K2Node_CallFunction_280228 or K2Node_CallFunction /Engine/Transient.EdGraph_204:K2Node_CallFunction_280228
[2014.07.14-17.40.58:325][361]LogUObjectHash:Warning: Ambiguous search, could be K2Node_CallFunction /Game/Blueprints/Assets/Sound_Box.Sound_Box:EventGraph.K2Node_CallFunction_280228 or K2Node_CallFunction /Game/Blueprints/Assets/laptop.laptop:EventGraph.K2Node_CallFunction_280228
[2014.07.14-17.40.58:325][361]LogProperty:Warning: ObjectProperty /Script/Engine.EdGraphPin:LinkedTo.LinkedTo: unresolved reference to 'EdGraphPin'"K2Node_CallFunction_280228.EdGraphPin_9778"''
[2014.07.14-17.40.58:325][361]LogUObjectHash:Warning: Ambiguous search, could be K2Node_ComponentBoundEvent /Game/Blueprints/Assets/Sound_Box.Sound_Box:EventGraph.K2Node_ComponentBoundEvent_39 or K2Node_ComponentBoundEvent /Game/Blueprints/Assets/Sound_Box.Sound_Box:EventGraph.K2Node_ComponentBoundEvent_39
[2014.07.14-17.40.58:325][361]LogUObjectHash:Warning: Ambiguous search, could be K2Node_CallFunction /Game/Blueprints/Assets/Sound_Box.Sound_Box:EventGraph.K2Node_CallFunction_280228 or K2Node_CallFunction /Engine/Transient.EdGraph_204:K2Node_CallFunction_280228
[2014.07.14-17.40.58:325][361]LogUObjectHash:Warning: Ambiguous search, could be K2Node_CallFunction /Game/Blueprints/Assets/Sound_Box.Sound_Box:EventGraph.K2Node_CallFunction_280228 or K2Node_CallFunction /Game/Blueprints/Assets/laptop.laptop:EventGraph.K2Node_CallFunction_280228
[2014.07.14-17.40.58:325][361]LogProperty:Warning: ObjectProperty /Script/Engine.EdGraphPin:LinkedTo.LinkedTo: unresolved reference to 'EdGraphPin'"K2Node_CallFunction_280228.EdGraphPin_9778"''
[2014.07.14-17.40.58:325][361]LogUObjectHash:Warning: Ambiguous search, could be K2Node_ComponentBoundEvent /Game/Blueprints/Assets/Sound_Box.Sound_Box:EventGraph.K2Node_ComponentBoundEvent_51 or K2Node_ComponentBoundEvent /Game/Blueprints/Assets/Sound_Box.Sound_Box:EventGraph.K2Node_ComponentBoundEvent_51
[2014.07.14-17.40.58:327][361]LogUObjectHash:Warning: Ambiguous search, could be K2Node_ComponentBoundEvent /Game/Blueprints/Assets/Sound_Box.Sound_Box:EventGraph.K2Node_ComponentBoundEvent_39 or K2Node_ComponentBoundEvent /Game/Blueprints/Assets/Sound_Box.Sound_Box:EventGraph.K2Node_ComponentBoundEvent_39
[2014.07.14-17.40.58:327][361]LogUObjectHash:Warning: Ambiguous search, could be K2Node_ComponentBoundEvent /Game/Blueprints/Assets/Sound_Box.Sound_Box:EventGraph.K2Node_ComponentBoundEvent_51 or K2Node_ComponentBoundEvent /Game/Blueprints/Assets/Sound_Box.Sound_Box:EventGraph.K2Node_ComponentBoundEvent_51
[2014.07.14-17.40.58:329][361]LogProperty:Warning: WeakObjectProperty /Script/Engine.EdGraphPin:EdGraphPinType.PinSubCategoryObject: unresolved reference to 'Function'/Game/Blueprints/Assets/Sound_Box.SKEL_Sound_Box_C:BndEvt__Trigger_K2Node_ComponentBoundEvent_29_ComponentBeginOverlapSignature__DelegateSignature')'
[2014.07.14-17.40.58:329][361]LogUObjectHash:Warning: Ambiguous search, could be K2Node_ComponentBoundEvent /Game/Blueprints/Assets/Sound_Box.Sound_Box:EventGraph.K2Node_ComponentBoundEvent_39 or K2Node_ComponentBoundEvent /Game/Blueprints/Assets/Sound_Box.Sound_Box:EventGraph.K2Node_ComponentBoundEvent_39
[2014.07.14-17.40.58:329][361]LogWindows:Error: appError called: Objects have the same fully qualified name but different paths.
	New Object: K2Node_CustomEvent /Game/Blueprints/Assets/Sound_Box.Sound_Box:EventGraph.K2Node_ComponentBoundEvent
	Existing Object: K2Node_ComponentBoundEvent /Game/Blueprints/Assets/Sound_Box.Sound_Box:EventGraph.K2Node_ComponentBoundEvent_39
[2014.07.14-17.40.58:329][361]LogWindows:Error: Windows GetLastError: Der Vorgang wurde erfolgreich beendet. (0)
[2014.07.14-17.40.58:595][361]LogCrashTracker: 


[2014.07.14-17.40.58:852][361]LogCrashTracker: 


[2014.07.14-17.40.58:852][361]LogWindows: === Critical error: ===
Unhandled Exception: 0x00000001

[2014.07.14-17.40.58:852][361]LogWindows: Objects have the same fully qualified name but different paths.
	New Object: K2Node_CustomEvent /Game/Blueprints/Assets/Sound_Box.Sound_Box:EventGraph.K2Node_ComponentBoundEvent
	Existing Object: K2Node_ComponentBoundEvent /Game/Blueprints/Assets/Sound_Box.Sound_Box:EventGraph.K2Node_ComponentBoundEvent_39

Address = 0xfd9c940d (filename not found) [in C:\Windows\system32\KERNELBASE.dll]
Address = 0xe81fc1dc (filename not found) [in E:\Unreal Engine\4.2\Engine\Binaries\Win64\UE4Editor-Core.dll]
Address = 0xe80ab94a (filename not found) [in E:\Unreal Engine\4.2\Engine\Binaries\Win64\UE4Editor-Core.dll]
Address = 0xe7da9886 (filename not found) [in E:\Unreal Engine\4.2\Engine\Binaries\Win64\UE4Editor-CoreUObject.dll]
Address = 0xe7daa776 (filename not found) [in E:\Unreal Engine\4.2\Engine\Binaries\Win64\UE4Editor-CoreUObject.dll]
Address = 0xe491d737 (filename not found) [in E:\Unreal Engine\4.2\Engine\Binaries\Win64\UE4Editor-BlueprintGraph.dll]
Address = 0xe49554e7 (filename not found) [in E:\Unreal Engine\4.2\Engine\Binaries\Win64\UE4Editor-BlueprintGraph.dll]
Address = 0xe32e6add (filename not found) [in E:\Unreal Engine\4.2\Engine\Binaries\Win64\UE4Editor-UnrealEd.dll]
Address = 0xe388cf63 (filename not found) [in E:\Unreal Engine\4.2\Engine\Binaries\Win64\UE4Editor-UnrealEd.dll]
Address = 0xe32dba03 (filename not found) [in E:\Unreal Engine\4.2\Engine\Binaries\Win64\UE4Editor-UnrealEd.dll]
Address = 0xe28e4d74 (filename not found) [in E:\Unreal Engine\4.2\Engine\Binaries\Win64\UE4Editor-Kismet.dll]
Address = 0xe28e4bef (filename not found) [in E:\Unreal Engine\4.2\Engine\Binaries\Win64\UE4Editor-Kismet.dll]
Address = 0xe288fe4d (filename not found) [in E:\Unreal Engine\4.2\Engine\Binaries\Win64\UE4Editor-Kismet.dll]
Address = 0xe28949c7 (filename not found) [in E:\Unreal Engine\4.2\Engine\Binaries\Win64\UE4Editor-Kismet.dll]
Address = 0xe76c5e4d (filename not found) [in E:\Unreal Engine\4.2\Engine\Binaries\Win64\UE4Editor-Slate.dll]
Address = 0xe76f9344 (filename not found) [in E:\Unreal Engine\4.2\Engine\Binaries\Win64\UE4Editor-Slate.dll]
Address = 0xe6cfddff (filename not found) [in E:\Unreal Engine\4.2\Engine\Binaries\Win64\UE4Editor-GraphEditor.dll]
Address = 0xe76f9ce4 (filename not found) [in E:\Unreal Engine\4.2\Engine\Binaries\Win64\UE4Editor-Slate.dll]
Address = 0xe76f01e5 (filename not found) [in E:\Unreal Engine\4.2\Engine\Binaries\Win64\UE4Editor-Slate.dll]
Address = 0xe81a0ab2 (filename not found) [in E:\Unreal Engine\4.2\Engine\Binaries\Win64\UE4Editor-Core.dll]
Address = 0xe8190b81 (filename not found) [in E:\Unreal Engine\4.2\Engine\Binaries\Win64\UE4Editor-Core.dll]
Address = 0xe81a1e9f (filename not found) [in E:\Unreal Engine\4.2\Engine\Binaries\Win64\UE4Editor-Core.dll]
Address = 0xe818df62 (filename not found) [in E:\Unreal Engine\4.2\Engine\Binaries\Win64\UE4Editor-Core.dll]
Address = 0x77a39bd1 (filename not found) [in C:\Windows\system32\USER32.dll]
Address = 0x77a398da (filename not found) [in C:\Windows\system32\USER32.dll]
Address = 0xe81a2296 (filename not found) [in E:\Unreal Engine\4.2\Engine\Binaries\Win64\UE4Editor-Core.dll]
FEngineLoop::Tick() 0x3fc6795f + 8 bytes [File=d:\buildfarm\buildmachine_++depot+ue4-releases+4.2\engine\source\runtime\launch\private\launchengineloop.cpp:2073] [in E:\Unreal Engine\4.2\Engine\Binaries\Win64\UE4Editor.exe]
GuardedMain() 0x3fc5d1ec + 0 bytes [File=d:\buildfarm\buildmachine_++depot+ue4-releases+4.2\engine\source\runtime\launch\private\launch.cpp:132] [in E:\Unreal Engine\4.2\Engine\Binaries\Win64\UE4Editor.exe]
GuardedMainWrapper() 0x3fc5d25a + 5 bytes [File=d:\buildfarm\buildmachine_++depot+ue4-releases+4.2\engine\source\runtime\launch\private\windows\launchwindows.cpp:125] [in E:\Unreal Engine\4.2\Engine\Binaries\Win64\UE4Editor.exe]
WinMain() 0x3fc69119 + 17 bytes [File=d:\buildfarm\buildmachine_++depot+ue4-releases+4.2\engine\source\runtime\launch\private\windows\launchwindows.cpp:207] [in E:\Unreal Engine\4.2\Engine\Binaries\Win64\UE4Editor.exe]
__tmainCRTStartup() 0x3fc69fa9 + 21 bytes [File=f:\dd\vctools\crt\crtw32\dllstuff\crtexe.c:618] [in E:\Unreal Engine\4.2\Engine\Binaries\Win64\UE4Editor.exe]
Address = 0x779159ed (filename not found) [in C:\Windows\system32\kernel32.dll]
Address = 0x77b4c541 (filename not found) [in C:\Windows\SYSTEM32\ntdll.dll]
Address = 0x77b4c541 (filename not found) [in C:\Windows\SYSTEM32\ntdll.dll]

[2014.07.14-17.40.58:852][361]LogExit: Executing StaticShutdownAfterError
[2014.07.14-17.40.58:877][361]LogWindows: FPlatformMisc::RequestExit(1)
[2014.07.14-17.40.58:877][361]Log file closed, 07/14/14 19:40:58
