Log file open, 07/20/14 21:22:41
LogInit:Display: Running engine for game: MyProject3
LogInit: Version: 4.3.0-2215663+++depot+UE4-Releases+4.3
LogInit: API Version: 2215663
LogInit: Compiled (64-bit): Jul 14 2014 22:23:33
LogInit: Build Configuration: Development
LogInit: Branch Name: ++depot+UE4-Releases+4.3
LogInit: Command line:  
LogInit: Base directory: E:/Unreal Engine/4.3/Engine/Binaries/Win64/
LogInit: Rocket: 1
[2014.07.20-19.22.41:255][  0]LogTaskGraph: Started task graph with 3 named threads and 6 total threads.
[2014.07.20-19.22.41:300][  0]LogOnline:Warning: No default platform service specified for OnlineSubsystem
[2014.07.20-19.22.41:306][  0]LogInit: Presizing for 0 objects not considered by GC, pre-allocating 0 bytes.
[2014.07.20-19.22.41:311][  0]LogInit: Object subsystem initialized
[2014.07.20-19.22.41:313][  0]LogInit: Selected Device Profile: [Windows]
[2014.07.20-19.22.41:313][  0]LogInit: Applying CVar settings loaded from the selected device profile: [Windows]
[2014.07.20-19.22.41:316][  0]LogInit: Computer: SPAEHLING-PC
[2014.07.20-19.22.41:316][  0]LogInit: User: Spaehling
[2014.07.20-19.22.41:316][  0]LogInit: CPU Page size=4096, Cores=6
[2014.07.20-19.22.41:316][  0]LogInit: High frequency timer resolution =3.126962 MHz
[2014.07.20-19.22.41:316][  0]LogMemory: Memory total: Physical=64.0GB (64GB approx) Virtual=8192.0GB
[2014.07.20-19.22.41:317][  0]LogMemory: Platform Memory Stats for Windows
[2014.07.20-19.22.41:317][  0]LogMemory: Process Physical Memory: 64.95 MB used, 64.95 MB peak
[2014.07.20-19.22.41:317][  0]LogMemory: Process Virtual Memory: 41.58 MB used, 41.58 MB peak
[2014.07.20-19.22.41:317][  0]LogMemory: Physical Memory: 7166.47 MB used, 65486.15 MB total
[2014.07.20-19.22.41:317][  0]LogMemory: Virtual Memory: 251.21 MB used, 8388608.00 MB total
[2014.07.20-19.22.41:355][  0]LogD3D11RHI: Found D3D11 adapter 0: NVIDIA GeForce GTX 690 (Feature Level 11_0)
[2014.07.20-19.22.41:356][  0]LogD3D11RHI: Adapter has 1990MB of dedicated video memory, 0MB of dedicated system memory, and 2048MB of shared system memory, 1 output[s]
[2014.07.20-19.22.41:376][  0]LogD3D11RHI: Found D3D11 adapter 1: NVIDIA GeForce GTX 690 (Feature Level 11_0)
[2014.07.20-19.22.41:376][  0]LogD3D11RHI: Adapter has 1990MB of dedicated video memory, 0MB of dedicated system memory, and 2048MB of shared system memory, 1 output[s]
[2014.07.20-19.22.41:376][  0]LogD3D11RHI: Chosen D3D11 Adapter Id = 0
[2014.07.20-19.22.41:381][  0]LogRHI: Texture pool is 1361 MB (70% of 1945 MB)
[2014.07.20-19.22.41:389][  0]LogD3D11RHI: Async texture creation enabled
[2014.07.20-19.22.41:434][  0]LogTextLocalizationManager:Warning: The selected culture 'de_DE' is not available; falling back to 'en'
[2014.07.20-19.22.41:493][  0]LogContentStreaming: Texture pool size is 0.000000MB
[2014.07.20-19.22.42:046][  0]LogTargetPlatformManager:Display: Building Assets For Windows
[2014.07.20-19.22.42:115][  0]LogTargetPlatformManager:Display: Building Assets For Windows
[2014.07.20-19.22.42:140][  0]LogDerivedDataCache:Display: Max Cache Size: 512 MB
[2014.07.20-19.22.42:174][  0]LogDerivedDataCache: Loaded boot cache 0.03s 39MB C:/Users/Spaehling/AppData/Local/UnrealEngine/4.3/DerivedDataCache/Boot.ddc.
[2014.07.20-19.22.42:174][  0]LogDerivedDataCache:Display: Loaded Boot cache: C:/Users/Spaehling/AppData/Local/UnrealEngine/4.3/DerivedDataCache/Boot.ddc
[2014.07.20-19.22.42:175][  0]LogDerivedDataCache: FDerivedDataBackendGraph:  Pak pak cache file D:/UDK4 Projects/Waagenbau/DerivedDataCache/DDC.ddp not found, will not use a pak cache.
[2014.07.20-19.22.42:175][  0]LogDerivedDataCache: Unable to find inner node Pak for hierarchical cache Hierarchy.
[2014.07.20-19.22.42:190][  0]LogDerivedDataCache:Display: Pak cache opened for reading ../../../Engine/DerivedDataCache/DDC.ddp.
[2014.07.20-19.22.42:201][  0]LogDerivedDataCache: Using Local data cache path C:/Users/Spaehling/AppData/Local/UnrealEngine/4.3/DerivedDataCache: Writable
[2014.07.20-19.22.42:319][  0]LogMeshUtilities: No automatic mesh reduction module available
[2014.07.20-19.22.42:319][  0]LogMeshUtilities: No automatic mesh merging module available
[2014.07.20-19.22.42:593][  0]LogInit: WinSock: version 1.1 (2.2), MaxSocks=32767, MaxUdp=65467
[2014.07.20-19.22.43:129][  0]LogLinker:Warning: Asset '../../../Engine/Plugins/Experimental/Paper2D/Content/DefaultPaperTerrainMaterial.uasset' has been saved with empty engine version. The asset will be loaded but may be incompatible.
[2014.07.20-19.22.43:129][  0]LogLinker:Warning: Asset '../../../Engine/Plugins/Experimental/Paper2D/Content/DummySprite.uasset' has been saved with empty engine version. The asset will be loaded but may be incompatible.
[2014.07.20-19.22.43:130][  0]UdpMessaging: Initializing bridge on interface 0.0.0.0:0 to multicast group 230.0.0.1:6666.
[2014.07.20-19.22.43:217][  0]SourceControl: Info Source control is disabled
[2014.07.20-19.22.43:217][  0]SourceControl: Info Source control is disabled
[2014.07.20-19.22.43:221][  0]SourceControl: Info Source control is disabled
[2014.07.20-19.22.43:308][  0]BlueprintLog: New page: Editor Load
[2014.07.20-19.22.43:335][  0]LogObj: 20265 objects as part of root set at end of initial load.
[2014.07.20-19.22.43:335][  0]LogUObjectAllocator: 4015024 out of 0 bytes used by permanent object pool.
[2014.07.20-19.22.43:463][  0]LogEngine: Initializing Engine...
[2014.07.20-19.22.43:556][  0]LogInit: XAudio2 using 'Lautsprecher (Corsair Vengeance 2000 Headset)' : 8 channels at 44.1 kHz using 16 bits per sample (channel mask 0x63f)
[2014.07.20-19.22.43:578][  0]LogInit: FAudioDevice initialized.
[2014.07.20-19.22.43:588][  0]LogAIModule: Creating AISystem for world NewWorld
[2014.07.20-19.22.43:608][  0]LogDerivedDataCache: Saved boot cache 0.02s 39MB C:/Users/Spaehling/AppData/Local/UnrealEngine/4.3/DerivedDataCache/Boot.ddc.
[2014.07.20-19.22.43:612][  0]LogInit: Texture streaming: Enabled
[2014.07.20-19.22.43:631][  0]LogInit: Transaction tracking system initialized
[2014.07.20-19.22.43:691][  0]LogAssetRegistry: FAssetRegistry took 0.0093 seconds to start up
[2014.07.20-19.22.43:786][  0]LogTargetPlatformManager:Display: Building Assets For Windows
[2014.07.20-19.22.43:810][  0]LogTargetPlatformManager:Display: Building Assets For Windows
[2014.07.20-19.22.43:879][  0]LogConsoleResponse:Display: 
[2014.07.20-19.22.43:984][  0]SourceControl: Info Source control is disabled
[2014.07.20-19.22.43:984][  0]Cmd: MAP LOAD FILE="D:/UDK4 Projects/Waagenbau/Content/Maps/waagenbau.umap" TEMPLATE=0 SHOWPROGRESS=1
[2014.07.20-19.22.43:984][  0]LightingResults: New page: Lighting Build
[2014.07.20-19.22.43:988][  0]MapCheck: New page: Map Check
[2014.07.20-19.22.43:988][  0]LightingResults: New page: Lighting Build
[2014.07.20-19.22.43:993][  0]LogParticles: Destroying 0 GPU particle simulations for FXSystem 0x0000000014039440
[2014.07.20-19.22.45:268][  0]LogBlueprint:Warning: Node '/Game/Blueprints/Assets/Cigarettes.cigarettes:UserConstructionScript.K2Node_VariableGet_424' missing NodeGuid.
[2014.07.20-19.22.45:736][  0]LogBlueprintUserMessages:Warning: SetTimer passed a bad function () or object (DiscoLight_1_C_19)
[2014.07.20-19.22.45:737][  0]LogBlueprintUserMessages:Warning: SetTimer passed a bad function () or object (DiscoLight_1_C_24)
[2014.07.20-19.22.45:738][  0]LogBlueprintUserMessages:Warning: SetTimer passed a bad function () or object (DiscoLight_1_C_25)
[2014.07.20-19.22.45:738][  0]LogBlueprintUserMessages:Warning: SetTimer passed a bad function () or object (DiscoLight_1_C_26)
[2014.07.20-19.22.45:739][  0]LogBlueprintUserMessages:Warning: SetTimer passed a bad function () or object (DiscoLight_1_C_27)
[2014.07.20-19.22.45:740][  0]LogBlueprintUserMessages:Warning: SetTimer passed a bad function () or object (DiscoLight_1_C_28)
[2014.07.20-19.22.45:740][  0]LogBlueprintUserMessages:Warning: SetTimer passed a bad function () or object (DiscoLight_1_C_29)
[2014.07.20-19.22.45:741][  0]LogBlueprintUserMessages:Warning: SetTimer passed a bad function () or object (DiscoLight_1_C_30)
[2014.07.20-19.22.45:742][  0]LogBlueprintUserMessages:Warning: SetTimer passed a bad function () or object (DiscoLight_1_C_31)
[2014.07.20-19.22.45:742][  0]LogBlueprintUserMessages:Warning: SetTimer passed a bad function () or object (DiscoLight_1_C_32)
[2014.07.20-19.22.45:743][  0]LogBlueprintUserMessages:Warning: SetTimer passed a bad function () or object (DiscoLight_1_C_33)
[2014.07.20-19.22.45:744][  0]LogBlueprintUserMessages:Warning: SetTimer passed a bad function () or object (DiscoLight_1_C_34)
[2014.07.20-19.22.45:744][  0]LogBlueprintUserMessages:Warning: SetTimer passed a bad function () or object (DiscoLight_1_C_35)
[2014.07.20-19.22.45:745][  0]LogBlueprintUserMessages:Warning: SetTimer passed a bad function () or object (DiscoLight_1_C_36)
[2014.07.20-19.22.45:746][  0]LogBlueprintUserMessages:Warning: SetTimer passed a bad function () or object (DiscoLight_1_C_37)
[2014.07.20-19.22.45:746][  0]LogBlueprintUserMessages:Warning: SetTimer passed a bad function () or object (DiscoLight_1_C_38)
[2014.07.20-19.22.45:747][  0]LogBlueprintUserMessages:Warning: SetTimer passed a bad function () or object (DiscoLight_1_C_39)
[2014.07.20-19.22.45:748][  0]LogBlueprintUserMessages:Warning: SetTimer passed a bad function () or object (DiscoLight_1_C_40)
[2014.07.20-19.22.45:748][  0]LogBlueprintUserMessages:Warning: SetTimer passed a bad function () or object (DiscoLight_1_C_41)
[2014.07.20-19.22.45:749][  0]LogBlueprintUserMessages:Warning: SetTimer passed a bad function () or object (DiscoLight_1_C_42)
[2014.07.20-19.22.45:750][  0]LogBlueprintUserMessages:Warning: SetTimer passed a bad function () or object (DiscoLight_1_C_43)
[2014.07.20-19.22.45:750][  0]LogBlueprintUserMessages:Warning: SetTimer passed a bad function () or object (DiscoLight_1_C_44)
[2014.07.20-19.22.45:751][  0]LogBlueprintUserMessages:Warning: SetTimer passed a bad function () or object (DiscoLight_1_C_45)
[2014.07.20-19.22.45:752][  0]LogBlueprintUserMessages:Warning: SetTimer passed a bad function () or object (WallSconce_24)
[2014.07.20-19.22.47:100][  0]LogEditorServer: Finished looking for orphan Actors (0.000 secs)
[2014.07.20-19.22.47:100][  0]LogAIModule: Creating AISystem for world waagenbau
[2014.07.20-19.22.47:101][  0]Cmd: MAP CHECKDEP
[2014.07.20-19.22.47:101][  0]MapCheck: New page: waagenbau - Jul 20, 2014, 11:22:47 PM
[2014.07.20-19.22.47:168][  0]MapCheck: Info ========== Map Check: 0 Error(s), 0 Warning(s), [66.855ms] ==========
[2014.07.20-19.22.47:168][  0]LogFileHelpers: Loading map 'waagenbau' took 3.184
[2014.07.20-19.22.47:361][  0]LogCrashTracker: Crashtracker disabled due to settings.
[2014.07.20-19.22.47:966][  0]LogRenderer:Warning: Reallocating scene render targets to support 128x128.
[2014.07.20-19.22.48:074][  0]LogCollectionManager: Loaded 0 collections in 0.000732 seconds
[2014.07.20-19.22.48:155][  0]LogActorComponent: RegisterComponentWithWorld: (/Engine/Transient.DebugSkelMeshComponent_0) Already registered. Aborting.
[2014.07.20-19.22.48:632][  0]LogActorComponent: RegisterComponentWithWorld: (/Engine/Transient.DebugSkelMeshComponent_1) Already registered. Aborting.
[2014.07.20-19.22.49:084][  0]LogActorComponent: RegisterComponentWithWorld: (/Engine/Transient.DebugSkelMeshComponent_2) Already registered. Aborting.
[2014.07.20-19.22.49:105][  0]LogLoad: Full Startup: 8.47 seconds (BP compile: 0.39 seconds)
[2014.07.20-19.22.49:223][  0]LogContentBrowser:Verbose: The majority of assets in the view are of type: AnimSequence
[2014.07.20-19.22.49:234][  0]LogSlate: SRTH: 000000002342A5C0, 1156 x 853
[2014.07.20-19.22.49:267][  0]LogRenderer:Warning: Reallocating scene render targets to support 1160x856.
[2014.07.20-19.22.49:407][  0]LogSlate: SRTH: 000000001FCC3B80, 655 x 895
[2014.07.20-19.22.49:431][  0]LogRenderer:Warning: Reallocating scene render targets to support 1160x896.
[2014.07.20-19.22.49:525][  1]LogEpicStorage:Warning: EnumerateFiles request failed. Invalid response. code=403 error=<?xml version="1.0" encoding="UTF-8"?>
<Error><Code>AccessDenied</Code><Message>Access Denied</Message><RequestId>2C5488F8C3097A84</RequestId><HostId>uR+qQsrXlytAorm510/pF8yCV2OC8v4frpS+D37iZiOMr5139Pjg1STrROFOEmUQRa8XINsutbc=</HostId></Error>
[2014.07.20-19.22.49:575][  2]LogEpicSurvey:Warning: EnumerateFiles request failed. Invalid response. code=403 error=<?xml version="1.0" encoding="UTF-8"?>
<Error><Code>AccessDenied</Code><Message>Access Denied</Message><RequestId>0374FB035218C847</RequestId><HostId>+3HTYQ3sytg+KqtEHZqA/Of8m6UuVG7eXIPHfye7GxRY1AVtjBr2xMxeBkIQh29XAOKe2oDYxHw=</HostId></Error>
[2014.07.20-19.22.49:587][  2]LogAssetRegistry: Asset discovery search completed in 5.9056 seconds
[2014.07.20-19.22.49:652][  3]LogEpicStorage:Warning: EnumerateFiles request failed. Invalid response. code=403 error=<?xml version="1.0" encoding="UTF-8"?>
<Error><Code>AccessDenied</Code><Message>Access Denied</Message><RequestId>2C5488F8C3097A84</RequestId><HostId>uR+qQsrXlytAorm510/pF8yCV2OC8v4frpS+D37iZiOMr5139Pjg1STrROFOEmUQRa8XINsutbc=</HostId></Error>
[2014.07.20-19.22.49:698][  4]LogEpicSurvey:Warning: EnumerateFiles request failed. Invalid response. code=403 error=<?xml version="1.0" encoding="UTF-8"?>
<Error><Code>AccessDenied</Code><Message>Access Denied</Message><RequestId>0374FB035218C847</RequestId><HostId>+3HTYQ3sytg+KqtEHZqA/Of8m6UuVG7eXIPHfye7GxRY1AVtjBr2xMxeBkIQh29XAOKe2oDYxHw=</HostId></Error>
[2014.07.20-19.22.49:870][  6]LogEpicSurvey:Warning: EnumerateFiles request failed. Invalid response. code=403 error=<?xml version="1.0" encoding="UTF-8"?>
<Error><Code>AccessDenied</Code><Message>Access Denied</Message><RequestId>1F7068E56E604FDB</RequestId><HostId>yvNm8YbAcBNaMAIOyg89VXCHhH+RBgjsf1gLgfDB+LAeUvIhZr2R/tfsCNs1g8tM</HostId></Error>
[2014.07.20-19.22.49:915][  7]LogEpicStorage:Warning: ReadFile request failed. File request already pending for filename=http://cdn.unrealengine.com/newsfeed/blueprint_icon_b.png
[2014.07.20-19.22.49:919][  7]LogEpicStorage:Warning: ReadFile request failed. File request already pending for filename=http://cdn.unrealengine.com/newsfeed/blueprint_icon_b.png
[2014.07.20-19.22.53:413][178]LogEditorViewport: Clicking on Actor (context menu): BotCharacter_Male_C (BotCharacter_24)
[2014.07.20-19.22.58:708][461]LogEditorViewport: Clicking on Actor (LMB): BotCharacter_Male_C (BotCharacter_54)
[2014.07.20-19.23.00:421][552]LogContentBrowser:Verbose: The majority of assets in the view are of type: AnimSequence
[2014.07.20-19.23.00:514][557]LogSlate: SRTH: 000000001ADB1480, 655 x 895
[2014.07.20-19.23.00:922][576]LogContentBrowser:Verbose: The majority of assets in the view are of type: AnimSequence
[2014.07.20-19.23.01:006][580]LogSlate: SRTH: 000000001A3C7DC0, 655 x 895
[2014.07.20-19.23.21:589][407]LogSlate: SRTH: 000000001AD03AC0, 1353 x 935
[2014.07.20-19.23.21:612][408]LogRenderer:Warning: Reallocating scene render targets to support 1360x936.
[2014.07.20-19.23.48:055][298]LogActorComponent: UnregisterComponent: (/Engine/Transient.CharacterMovementComponent_0) Not registered. Aborting.
[2014.07.20-19.23.57:250][559]LogActorComponent: UnregisterComponent: (/Engine/Transient.CharacterMovementComponent_1) Not registered. Aborting.
[2014.07.20-19.23.57:251][559]BlueprintLog: New page: Compile BotCharacter_Male
[2014.07.20-19.24.00:188][559]BlueprintEditorCompileResults: Info [0076.68] Compile of BotCharacter_Male successful! [in 35 ms]
[2014.07.20-19.24.32:218][939]Cmd: MAP CHECK
[2014.07.20-19.24.32:218][939]MapCheck: New page: waagenbau - Jul 20, 2014, 11:24:32 PM
[2014.07.20-19.24.32:219][939]MapCheck:Warning: Warning BotCharacter_Male_C_51 BotCharacter_Male_C_51 : Static mesh actor has NULL StaticMesh property 
[2014.07.20-19.24.32:219][939]MapCheck:Warning: Warning BotCharacter_Male_C_51 BotCharacter_Male_C_51 : Static mesh actor has NULL StaticMesh property 
[2014.07.20-19.24.32:219][939]MapCheck:Warning: Warning BotCharacter_Male_C_56 BotCharacter_Male_C_56 : Static mesh actor has NULL StaticMesh property 
[2014.07.20-19.24.32:219][939]MapCheck:Warning: Warning BotCharacter_Male_C_56 BotCharacter_Male_C_56 : Static mesh actor has NULL StaticMesh property 
[2014.07.20-19.24.32:219][939]MapCheck:Warning: Warning BotCharacter_Male_C_57 BotCharacter_Male_C_57 : Static mesh actor has NULL StaticMesh property 
[2014.07.20-19.24.32:219][939]MapCheck:Warning: Warning BotCharacter_Male_C_57 BotCharacter_Male_C_57 : Static mesh actor has NULL StaticMesh property 
[2014.07.20-19.24.32:219][939]MapCheck:Warning: Warning BotCharacter_Male_C_58 BotCharacter_Male_C_58 : Static mesh actor has NULL StaticMesh property 
[2014.07.20-19.24.32:219][939]MapCheck:Warning: Warning BotCharacter_Male_C_58 BotCharacter_Male_C_58 : Static mesh actor has NULL StaticMesh property 
[2014.07.20-19.24.32:219][939]MapCheck:Warning: Warning BotCharacter_Male_C_59 BotCharacter_Male_C_59 : Static mesh actor has NULL StaticMesh property 
[2014.07.20-19.24.32:219][939]MapCheck:Warning: Warning BotCharacter_Male_C_59 BotCharacter_Male_C_59 : Static mesh actor has NULL StaticMesh property 
[2014.07.20-19.24.32:219][939]MapCheck:Warning: Warning BotCharacter_Male_C_60 BotCharacter_Male_C_60 : Static mesh actor has NULL StaticMesh property 
[2014.07.20-19.24.32:220][939]MapCheck:Warning: Warning BotCharacter_Male_C_60 BotCharacter_Male_C_60 : Static mesh actor has NULL StaticMesh property 
[2014.07.20-19.24.32:220][939]MapCheck:Warning: Warning BotCharacter_Male_C_61 BotCharacter_Male_C_61 : Static mesh actor has NULL StaticMesh property 
[2014.07.20-19.24.32:220][939]MapCheck:Warning: Warning BotCharacter_Male_C_61 BotCharacter_Male_C_61 : Static mesh actor has NULL StaticMesh property 
[2014.07.20-19.24.32:220][939]MapCheck:Warning: Warning BotCharacter_Male_C_62 BotCharacter_Male_C_62 : Static mesh actor has NULL StaticMesh property 
[2014.07.20-19.24.32:220][939]MapCheck:Warning: Warning BotCharacter_Male_C_62 BotCharacter_Male_C_62 : Static mesh actor has NULL StaticMesh property 
[2014.07.20-19.24.32:220][939]MapCheck:Warning: Warning BotCharacter_Male_C_63 BotCharacter_Male_C_63 : Static mesh actor has NULL StaticMesh property 
[2014.07.20-19.24.32:220][939]MapCheck:Warning: Warning BotCharacter_Male_C_63 BotCharacter_Male_C_63 : Static mesh actor has NULL StaticMesh property 
[2014.07.20-19.24.32:220][939]MapCheck:Warning: Warning BotCharacter_Male_C_64 BotCharacter_Male_C_64 : Static mesh actor has NULL StaticMesh property 
[2014.07.20-19.24.32:220][939]MapCheck:Warning: Warning BotCharacter_Male_C_64 BotCharacter_Male_C_64 : Static mesh actor has NULL StaticMesh property 
[2014.07.20-19.24.32:220][939]MapCheck:Warning: Warning BotCharacter_Male_C_65 BotCharacter_Male_C_65 : Static mesh actor has NULL StaticMesh property 
[2014.07.20-19.24.32:220][939]MapCheck:Warning: Warning BotCharacter_Male_C_65 BotCharacter_Male_C_65 : Static mesh actor has NULL StaticMesh property 
[2014.07.20-19.24.32:221][939]MapCheck:Warning: Warning BotCharacter_Male_C_66 BotCharacter_Male_C_66 : Static mesh actor has NULL StaticMesh property 
[2014.07.20-19.24.32:221][939]MapCheck:Warning: Warning BotCharacter_Male_C_66 BotCharacter_Male_C_66 : Static mesh actor has NULL StaticMesh property 
[2014.07.20-19.24.32:221][939]MapCheck:Warning: Warning BotCharacter_Male_C_67 BotCharacter_Male_C_67 : Static mesh actor has NULL StaticMesh property 
[2014.07.20-19.24.32:221][939]MapCheck:Warning: Warning BotCharacter_Male_C_67 BotCharacter_Male_C_67 : Static mesh actor has NULL StaticMesh property 
[2014.07.20-19.24.32:221][939]MapCheck:Warning: Warning BotCharacter_Male_C_68 BotCharacter_Male_C_68 : Static mesh actor has NULL StaticMesh property 
[2014.07.20-19.24.32:221][939]MapCheck:Warning: Warning BotCharacter_Male_C_68 BotCharacter_Male_C_68 : Static mesh actor has NULL StaticMesh property 
[2014.07.20-19.24.32:221][939]MapCheck:Warning: Warning BotCharacter_Male_C_69 BotCharacter_Male_C_69 : Static mesh actor has NULL StaticMesh property 
[2014.07.20-19.24.32:221][939]MapCheck:Warning: Warning BotCharacter_Male_C_69 BotCharacter_Male_C_69 : Static mesh actor has NULL StaticMesh property 
[2014.07.20-19.24.32:221][939]MapCheck:Warning: Warning BotCharacter_Male_C_70 BotCharacter_Male_C_70 : Static mesh actor has NULL StaticMesh property 
[2014.07.20-19.24.32:221][939]MapCheck:Warning: Warning BotCharacter_Male_C_70 BotCharacter_Male_C_70 : Static mesh actor has NULL StaticMesh property 
[2014.07.20-19.24.32:221][939]MapCheck:Warning: Warning BotCharacter_Male_C_71 BotCharacter_Male_C_71 : Static mesh actor has NULL StaticMesh property 
[2014.07.20-19.24.32:221][939]MapCheck:Warning: Warning BotCharacter_Male_C_71 BotCharacter_Male_C_71 : Static mesh actor has NULL StaticMesh property 
[2014.07.20-19.24.32:222][939]MapCheck:Warning: Warning BotCharacter_Male_C_72 BotCharacter_Male_C_72 : Static mesh actor has NULL StaticMesh property 
[2014.07.20-19.24.32:222][939]MapCheck:Warning: Warning BotCharacter_Male_C_72 BotCharacter_Male_C_72 : Static mesh actor has NULL StaticMesh property 
[2014.07.20-19.24.32:222][939]MapCheck:Warning: Warning BotCharacter_Male_C_73 BotCharacter_Male_C_73 : Static mesh actor has NULL StaticMesh property 
[2014.07.20-19.24.32:222][939]MapCheck:Warning: Warning BotCharacter_Male_C_73 BotCharacter_Male_C_73 : Static mesh actor has NULL StaticMesh property 
[2014.07.20-19.24.32:222][939]MapCheck:Warning: Warning BotCharacter_Male_C_74 BotCharacter_Male_C_74 : Static mesh actor has NULL StaticMesh property 
[2014.07.20-19.24.32:222][939]MapCheck:Warning: Warning BotCharacter_Male_C_74 BotCharacter_Male_C_74 : Static mesh actor has NULL StaticMesh property 
[2014.07.20-19.24.32:222][939]MapCheck:Warning: Warning BotCharacter_Male_C_75 BotCharacter_Male_C_75 : Static mesh actor has NULL StaticMesh property 
[2014.07.20-19.24.32:222][939]MapCheck:Warning: Warning BotCharacter_Male_C_75 BotCharacter_Male_C_75 : Static mesh actor has NULL StaticMesh property 
[2014.07.20-19.24.32:222][939]MapCheck:Warning: Warning BotCharacter_Male_C_76 BotCharacter_Male_C_76 : Static mesh actor has NULL StaticMesh property 
[2014.07.20-19.24.32:222][939]MapCheck:Warning: Warning BotCharacter_Male_C_76 BotCharacter_Male_C_76 : Static mesh actor has NULL StaticMesh property 
[2014.07.20-19.24.32:222][939]MapCheck:Warning: Warning BotCharacter_Male_C_77 BotCharacter_Male_C_77 : Static mesh actor has NULL StaticMesh property 
[2014.07.20-19.24.32:223][939]MapCheck:Warning: Warning BotCharacter_Male_C_78 BotCharacter_Male_C_78 : Static mesh actor has NULL StaticMesh property 
[2014.07.20-19.24.32:223][939]MapCheck:Warning: Warning BotCharacter_Male_C_78 BotCharacter_Male_C_78 : Static mesh actor has NULL StaticMesh property 
[2014.07.20-19.24.32:223][939]MapCheck:Warning: Warning BotCharacter_Male_C_79 BotCharacter_Male_C_79 : Static mesh actor has NULL StaticMesh property 
[2014.07.20-19.24.32:223][939]MapCheck:Warning: Warning BotCharacter_Male_C_79 BotCharacter_Male_C_79 : Static mesh actor has NULL StaticMesh property 
[2014.07.20-19.24.32:223][939]MapCheck:Warning: Warning BotCharacter_Male_C_80 BotCharacter_Male_C_80 : Static mesh actor has NULL StaticMesh property 
[2014.07.20-19.24.32:223][939]MapCheck:Warning: Warning BotCharacter_Male_C_80 BotCharacter_Male_C_80 : Static mesh actor has NULL StaticMesh property 
[2014.07.20-19.24.32:223][939]MapCheck:Warning: Warning BotCharacter_Male_C_81 BotCharacter_Male_C_81 : Static mesh actor has NULL StaticMesh property 
[2014.07.20-19.24.32:223][939]MapCheck:Warning: Warning BotCharacter_Male_C_81 BotCharacter_Male_C_81 : Static mesh actor has NULL StaticMesh property 
[2014.07.20-19.24.32:223][939]MapCheck:Warning: Warning BotCharacter_Male_C_82 BotCharacter_Male_C_82 : Static mesh actor has NULL StaticMesh property 
[2014.07.20-19.24.32:223][939]MapCheck:Warning: Warning BotCharacter_Male_C_82 BotCharacter_Male_C_82 : Static mesh actor has NULL StaticMesh property 
[2014.07.20-19.24.32:223][939]MapCheck:Warning: Warning BotCharacter_Male_C_83 BotCharacter_Male_C_83 : Static mesh actor has NULL StaticMesh property 
[2014.07.20-19.24.32:223][939]MapCheck:Warning: Warning BotCharacter_Male_C_83 BotCharacter_Male_C_83 : Static mesh actor has NULL StaticMesh property 
[2014.07.20-19.24.32:224][939]MapCheck:Warning: Warning BotCharacter_Male_C_84 BotCharacter_Male_C_84 : Static mesh actor has NULL StaticMesh property 
[2014.07.20-19.24.32:224][939]MapCheck:Warning: Warning BotCharacter_Male_C_84 BotCharacter_Male_C_84 : Static mesh actor has NULL StaticMesh property 
[2014.07.20-19.24.32:224][939]MapCheck:Warning: Warning BotCharacter_Male_C_85 BotCharacter_Male_C_85 : Static mesh actor has NULL StaticMesh property 
[2014.07.20-19.24.32:224][939]MapCheck:Warning: Warning BotCharacter_Male_C_85 BotCharacter_Male_C_85 : Static mesh actor has NULL StaticMesh property 
[2014.07.20-19.24.32:224][939]MapCheck:Warning: Warning BotCharacter_Male_C_86 BotCharacter_Male_C_86 : Static mesh actor has NULL StaticMesh property 
[2014.07.20-19.24.32:224][939]MapCheck:Warning: Warning BotCharacter_Male_C_86 BotCharacter_Male_C_86 : Static mesh actor has NULL StaticMesh property 
[2014.07.20-19.24.32:224][939]MapCheck:Warning: Warning BotCharacter_Male_C_87 BotCharacter_Male_C_87 : Static mesh actor has NULL StaticMesh property 
[2014.07.20-19.24.32:224][939]MapCheck:Warning: Warning BotCharacter_Male_C_87 BotCharacter_Male_C_87 : Static mesh actor has NULL StaticMesh property 
[2014.07.20-19.24.32:224][939]MapCheck:Warning: Warning BotCharacter_Male_C_88 BotCharacter_Male_C_88 : Static mesh actor has NULL StaticMesh property 
[2014.07.20-19.24.32:224][939]MapCheck:Warning: Warning BotCharacter_Male_C_88 BotCharacter_Male_C_88 : Static mesh actor has NULL StaticMesh property 
[2014.07.20-19.24.32:224][939]MapCheck:Warning: Warning BotCharacter_Male_C_89 BotCharacter_Male_C_89 : Static mesh actor has NULL StaticMesh property 
[2014.07.20-19.24.32:225][939]MapCheck:Warning: Warning BotCharacter_Male_C_89 BotCharacter_Male_C_89 : Static mesh actor has NULL StaticMesh property 
[2014.07.20-19.24.32:225][939]MapCheck:Warning: Warning BotCharacter_Male_C_90 BotCharacter_Male_C_90 : Static mesh actor has NULL StaticMesh property 
[2014.07.20-19.24.32:225][939]MapCheck:Warning: Warning BotCharacter_Male_C_91 BotCharacter_Male_C_91 : Static mesh actor has NULL StaticMesh property 
[2014.07.20-19.24.32:225][939]MapCheck:Warning: Warning BotCharacter_Male_C_91 BotCharacter_Male_C_91 : Static mesh actor has NULL StaticMesh property 
[2014.07.20-19.24.32:225][939]MapCheck:Warning: Warning BotCharacter_Male_C_92 BotCharacter_Male_C_92 : Static mesh actor has NULL StaticMesh property 
[2014.07.20-19.24.32:225][939]MapCheck:Warning: Warning BotCharacter_Male_C_92 BotCharacter_Male_C_92 : Static mesh actor has NULL StaticMesh property 
[2014.07.20-19.24.32:225][939]MapCheck:Warning: Warning BotCharacter_Male_C_93 BotCharacter_Male_C_93 : Static mesh actor has NULL StaticMesh property 
[2014.07.20-19.24.32:225][939]MapCheck:Warning: Warning BotCharacter_Male_C_93 BotCharacter_Male_C_93 : Static mesh actor has NULL StaticMesh property 
[2014.07.20-19.24.32:225][939]MapCheck:Warning: Warning BotCharacter_Male_C_94 BotCharacter_Male_C_94 : Static mesh actor has NULL StaticMesh property 
[2014.07.20-19.24.32:225][939]MapCheck:Warning: Warning BotCharacter_Male_C_94 BotCharacter_Male_C_94 : Static mesh actor has NULL StaticMesh property 
[2014.07.20-19.24.32:225][939]MapCheck:Warning: Warning BotCharacter_Male_C_95 BotCharacter_Male_C_95 : Static mesh actor has NULL StaticMesh property 
[2014.07.20-19.24.32:225][939]MapCheck:Warning: Warning BotCharacter_Male_C_95 BotCharacter_Male_C_95 : Static mesh actor has NULL StaticMesh property 
[2014.07.20-19.24.32:226][939]MapCheck:Warning: Warning BotCharacter_Male_C_96 BotCharacter_Male_C_96 : Static mesh actor has NULL StaticMesh property 
[2014.07.20-19.24.32:226][939]MapCheck:Warning: Warning BotCharacter_Male_C_96 BotCharacter_Male_C_96 : Static mesh actor has NULL StaticMesh property 
[2014.07.20-19.24.32:226][939]MapCheck:Warning: Warning BotCharacter_Male_C_97 BotCharacter_Male_C_97 : Static mesh actor has NULL StaticMesh property 
[2014.07.20-19.24.32:226][939]MapCheck:Warning: Warning BotCharacter_Male_C_97 BotCharacter_Male_C_97 : Static mesh actor has NULL StaticMesh property 
[2014.07.20-19.24.32:226][939]MapCheck:Warning: Warning BotCharacter_Male_C_98 BotCharacter_Male_C_98 : Static mesh actor has NULL StaticMesh property 
[2014.07.20-19.24.32:226][939]MapCheck:Warning: Warning BotCharacter_Male_C_98 BotCharacter_Male_C_98 : Static mesh actor has NULL StaticMesh property 
[2014.07.20-19.24.32:226][939]MapCheck:Warning: Warning BotCharacter_Male_C_99 BotCharacter_Male_C_99 : Static mesh actor has NULL StaticMesh property 
[2014.07.20-19.24.32:226][939]MapCheck:Warning: Warning BotCharacter_Male_C_99 BotCharacter_Male_C_99 : Static mesh actor has NULL StaticMesh property 
[2014.07.20-19.24.32:226][939]MapCheck:Warning: Warning BotCharacter_Male_C_100 BotCharacter_Male_C_100 : Static mesh actor has NULL StaticMesh property 
[2014.07.20-19.24.32:226][939]MapCheck:Warning: Warning BotCharacter_Male_C_100 BotCharacter_Male_C_100 : Static mesh actor has NULL StaticMesh property 
[2014.07.20-19.24.32:226][939]MapCheck:Warning: Warning BotCharacter_Male_C_101 BotCharacter_Male_C_101 : Static mesh actor has NULL StaticMesh property 
[2014.07.20-19.24.32:227][939]MapCheck:Warning: Warning BotCharacter_Male_C_101 BotCharacter_Male_C_101 : Static mesh actor has NULL StaticMesh property 
[2014.07.20-19.24.32:227][939]MapCheck:Warning: Warning BotCharacter_Male_C_102 BotCharacter_Male_C_102 : Static mesh actor has NULL StaticMesh property 
[2014.07.20-19.24.32:227][939]MapCheck:Warning: Warning BotCharacter_Male_C_102 BotCharacter_Male_C_102 : Static mesh actor has NULL StaticMesh property 
[2014.07.20-19.24.32:227][939]MapCheck:Warning: Warning BotCharacter_Male_C_103 BotCharacter_Male_C_103 : Static mesh actor has NULL StaticMesh property 
[2014.07.20-19.24.32:227][939]MapCheck:Warning: Warning BotCharacter_Male_C_103 BotCharacter_Male_C_103 : Static mesh actor has NULL StaticMesh property 
[2014.07.20-19.24.32:227][939]MapCheck:Warning: Warning BotCharacter_Male_C_104 BotCharacter_Male_C_104 : Static mesh actor has NULL StaticMesh property 
[2014.07.20-19.24.32:227][939]MapCheck:Warning: Warning BotCharacter_Male_C_104 BotCharacter_Male_C_104 : Static mesh actor has NULL StaticMesh property 
[2014.07.20-19.24.32:227][939]MapCheck:Warning: Warning BotCharacter_Male_C_105 BotCharacter_Male_C_105 : Static mesh actor has NULL StaticMesh property 
[2014.07.20-19.24.32:227][939]MapCheck:Warning: Warning BotCharacter_Male_C_105 BotCharacter_Male_C_105 : Static mesh actor has NULL StaticMesh property 
[2014.07.20-19.24.32:227][939]MapCheck:Warning: Warning BotCharacter_Male_C_106 BotCharacter_Male_C_106 : Static mesh actor has NULL StaticMesh property 
[2014.07.20-19.24.32:227][939]MapCheck:Warning: Warning BotCharacter_Male_C_106 BotCharacter_Male_C_106 : Static mesh actor has NULL StaticMesh property 
[2014.07.20-19.24.32:227][939]MapCheck:Warning: Warning BotCharacter_Male_C_107 BotCharacter_Male_C_107 : Static mesh actor has NULL StaticMesh property 
[2014.07.20-19.24.32:228][939]MapCheck:Warning: Warning BotCharacter_Male_C_107 BotCharacter_Male_C_107 : Static mesh actor has NULL StaticMesh property 
[2014.07.20-19.24.32:228][939]MapCheck:Warning: Warning BotCharacter_Male_C_108 BotCharacter_Male_C_108 : Static mesh actor has NULL StaticMesh property 
[2014.07.20-19.24.32:228][939]MapCheck:Warning: Warning BotCharacter_Male_C_108 BotCharacter_Male_C_108 : Static mesh actor has NULL StaticMesh property 
[2014.07.20-19.24.32:228][939]MapCheck:Warning: Warning BotCharacter_Male_C_109 BotCharacter_Male_C_109 : Static mesh actor has NULL StaticMesh property 
[2014.07.20-19.24.32:228][939]MapCheck:Warning: Warning BotCharacter_Male_C_109 BotCharacter_Male_C_109 : Static mesh actor has NULL StaticMesh property 
[2014.07.20-19.24.32:228][939]MapCheck:Warning: Warning BotCharacter_Male_C_111 BotCharacter_Male_C_111 : Static mesh actor has NULL StaticMesh property 
[2014.07.20-19.24.32:228][939]MapCheck:Warning: Warning BotCharacter_Male_C_111 BotCharacter_Male_C_111 : Static mesh actor has NULL StaticMesh property 
[2014.07.20-19.24.32:298][939]MapCheck: Info ========== Map Check: 0 Error(s), 110 Warning(s), [79.649ms] ==========
[2014.07.20-19.25.29:464][306]LogActorComponent: UnregisterComponent: (/Engine/Transient.CharacterMovementComponent_2) Not registered. Aborting.
[2014.07.20-19.25.36:294][600]LogActorComponent: UnregisterComponent: (/Engine/Transient.CharacterMovementComponent_3) Not registered. Aborting.
[2014.07.20-19.25.37:542][645]BlueprintLog: New page: Compile BotCharacter_Male
[2014.07.20-19.25.38:757][645]LogActorComponent: UnregisterComponent: (/Engine/Transient.CharacterMovementComponent_4) Not registered. Aborting.
[2014.07.20-19.25.40:204][645]BlueprintEditorCompileResults: Info [0176.97] Compile of BotCharacter_Male successful! [in 32 ms]
[2014.07.20-19.26.06:959][741]LogSlate:Warning: GetFontFace failed to load or process 'Roboto-Regular'
[2014.07.20-19.26.06:959][741]LogSlate:Warning: GetFontFace failed to load or process 'Roboto-Regular'
[2014.07.20-19.26.06:961][741]LogSlate:Warning: GetFontFace failed to load or process 'Roboto-Regular'
[2014.07.20-19.26.06:961][741]LogSlate:Warning: GetFontFace failed to load or process 'Roboto-Regular'
[2014.07.20-19.26.06:961][741]LogSlate:Warning: GetFontFace failed to load or process 'Roboto-Regular'
[2014.07.20-19.26.06:962][741]LogSlate:Warning: GetFontFace failed to load or process 'Roboto-Regular'
[2014.07.20-19.26.06:962][741]LogSlate:Warning: GetFontFace failed to load or process 'Roboto-Regular'
[2014.07.20-19.26.06:962][741]LogSlate:Warning: GetFontFace failed to load or process 'Roboto-Regular'
[2014.07.20-19.26.06:962][741]LogSlate:Warning: GetFontFace failed to load or process 'Roboto-Regular'
[2014.07.20-19.26.06:962][741]LogSlate:Warning: GetFontFace failed to load or process 'Roboto-Regular'
[2014.07.20-19.26.06:962][741]LogSlate:Warning: GetFontFace failed to load or process 'Roboto-Regular'
[2014.07.20-19.26.06:962][741]LogSlate:Warning: GetFontFace failed to load or process 'Roboto-Regular'
[2014.07.20-19.26.06:962][741]LogSlate:Warning: GetFontFace failed to load or process 'Roboto-Regular'
[2014.07.20-19.26.06:962][741]LogSlate:Warning: GetFontFace failed to load or process 'Roboto-Regular'
[2014.07.20-19.26.06:962][741]LogSlate:Warning: GetFontFace failed to load or process 'Roboto-Regular'
[2014.07.20-19.26.06:962][741]LogSlate:Warning: GetFontFace failed to load or process 'Roboto-Regular'
[2014.07.20-19.26.24:553][599]LogSlate:Warning: GetFontFace failed to load or process 'Roboto-Regular'
[2014.07.20-19.26.24:553][599]LogSlate:Warning: GetFontFace failed to load or process 'Roboto-Regular'
[2014.07.20-19.26.24:553][599]LogSlate:Warning: GetFontFace failed to load or process 'Roboto-Regular'
[2014.07.20-19.26.24:554][599]LogSlate:Warning: GetFontFace failed to load or process 'Roboto-Regular'
[2014.07.20-19.26.24:554][599]LogSlate:Warning: GetFontFace failed to load or process 'Roboto-Regular'
[2014.07.20-19.26.24:554][599]LogSlate:Warning: GetFontFace failed to load or process 'Roboto-Regular'
[2014.07.20-19.26.24:554][599]LogSlate:Warning: GetFontFace failed to load or process 'Roboto-Regular'
[2014.07.20-19.26.24:554][599]LogSlate:Warning: GetFontFace failed to load or process 'Roboto-Regular'
[2014.07.20-19.26.24:554][599]LogSlate:Warning: GetFontFace failed to load or process 'Roboto-Regular'
[2014.07.20-19.26.24:554][599]LogSlate:Warning: GetFontFace failed to load or process 'Roboto-Regular'
[2014.07.20-19.26.24:554][599]LogSlate:Warning: GetFontFace failed to load or process 'Roboto-Regular'
[2014.07.20-19.26.24:554][599]LogSlate:Warning: GetFontFace failed to load or process 'Roboto-Regular'
[2014.07.20-19.26.55:767][981]BlueprintLog: New page: Compile BotCharacter_Male
[2014.07.20-19.26.57:004][981]LogActorComponent: UnregisterComponent: (/Engine/Transient.CharacterMovementComponent_5) Not registered. Aborting.
[2014.07.20-19.26.58:441][981]BlueprintEditorCompileResults: Info [0255.19] Compile of BotCharacter_Male successful! [in 31 ms]
[2014.07.20-19.27.20:669][846]BlueprintLog: New page: Compile BotCharacter_Male
[2014.07.20-19.27.21:926][846]LogActorComponent: UnregisterComponent: (/Engine/Transient.CharacterMovementComponent_6) Not registered. Aborting.
[2014.07.20-19.27.23:357][846]BlueprintEditorCompileResults: Info [0280.10] Compile of BotCharacter_Male successful! [in 31 ms]
[2014.07.20-19.27.30:022][ 92]LogActorComponent: UnregisterComponent: (/Engine/Transient.CharacterMovementComponent_7) Not registered. Aborting.
[2014.07.20-19.27.30:666][ 92]LogSavePackage: Save=494.892487ms
[2014.07.20-19.27.30:667][ 92]LogSavePackage: Moving 'D:/UDK4 Projects/Waagenbau/Saved/waagenbau316ED2634CC1FA63A58205B4505EC487.tmp' to 'D:/UDK4 Projects/Waagenbau/Content/Maps/waagenbau.umap'
[2014.07.20-19.27.30:742][ 92]LogFileHelpers: Saving map 'waagenbau' took 0.676
[2014.07.20-19.27.30:745][ 92]Cmd: OBJ SAVEPACKAGE PACKAGE="/Game/Blueprints/Animation/female_idle_walk_run" FILE="D:/UDK4 Projects/Waagenbau/Content/Blueprints/Animation/female_idle_walk_run.uasset" SILENT=true
[2014.07.20-19.27.30:775][ 92]LogSavePackage: Save=24.291948ms
[2014.07.20-19.27.30:775][ 92]LogSavePackage: Moving 'D:/UDK4 Projects/Waagenbau/Saved/female_idle_walk_run552A984F44A96F79B616308E22235704.tmp' to 'D:/UDK4 Projects/Waagenbau/Content/Blueprints/Animation/female_idle_walk_run.uasset'
[2014.07.20-19.27.30:811][ 92]Cmd: OBJ SAVEPACKAGE PACKAGE="/Game/Blueprints/Characters/BotCharacter_Male" FILE="D:/UDK4 Projects/Waagenbau/Content/Blueprints/Characters/BotCharacter_Male.uasset" SILENT=true
[2014.07.20-19.27.31:152][ 92]LogSavePackage: Save=335.532074ms
[2014.07.20-19.27.31:152][ 92]LogSavePackage: Moving 'D:/UDK4 Projects/Waagenbau/Saved/BotCharacter_Male7BEF8C8242DF8C0270C2C0A9027A0193.tmp' to 'D:/UDK4 Projects/Waagenbau/Content/Blueprints/Characters/BotCharacter_Male.uasset'
[2014.07.20-19.27.31:165][ 92]Cmd: OBJ SAVEPACKAGE PACKAGE="/Game/Blueprints/Animation/male_bot_all" FILE="D:/UDK4 Projects/Waagenbau/Content/Blueprints/Animation/male_bot_all.uasset" SILENT=true
[2014.07.20-19.27.31:205][ 92]LogSavePackage: Save=33.196438ms
[2014.07.20-19.27.31:205][ 92]LogSavePackage: Moving 'D:/UDK4 Projects/Waagenbau/Saved/male_bot_allD11B71EA4622D373BA7E338F95B4673D.tmp' to 'D:/UDK4 Projects/Waagenbau/Content/Blueprints/Animation/male_bot_all.uasset'
[2014.07.20-19.27.31:217][ 92]Cmd: OBJ SAVEPACKAGE PACKAGE="/Game/Blueprints/Characters/BTT_BotWalkSpeed" FILE="D:/UDK4 Projects/Waagenbau/Content/Blueprints/Characters/BTT_BotWalkSpeed.uasset" SILENT=true
[2014.07.20-19.27.31:233][ 92]LogSavePackage: Save=8.979642ms
[2014.07.20-19.27.31:233][ 92]LogSavePackage: Moving 'D:/UDK4 Projects/Waagenbau/Saved/BTT_BotWalkSpeedF379E8F5406865296C05588D57A1DBE6.tmp' to 'D:/UDK4 Projects/Waagenbau/Content/Blueprints/Characters/BTT_BotWalkSpeed.uasset'
[2014.07.20-19.27.38:633][391]Cmd: MAP CHECK
[2014.07.20-19.27.38:633][391]MapCheck: New page: waagenbau - Jul 20, 2014, 11:27:38 PM
[2014.07.20-19.27.38:705][391]MapCheck: Info ========== Map Check: 0 Error(s), 0 Warning(s), [71.862ms] ==========
[2014.07.20-19.27.58:324][165]LogEditorViewport: Clicking on Actor (LMB): BotCharacter_Male_C (BotCharacter_6)
[2014.07.20-19.36.45:898][441]LogContentBrowser:Verbose: The content browser source was changed by the sources view to '/Game/Meshes'
[2014.07.20-19.36.49:926][564]LogContentBrowser:Verbose: The content browser source was changed by the sources view to '/Game/Blueprints'
[2014.07.20-19.37.30:116][310]LogActorComponent: UnregisterComponent: (/Engine/Transient.CharacterMovementComponent_8) Not registered. Aborting.
[2014.07.20-19.37.30:745][310]LogSavePackage: Save=404.152344ms
[2014.07.20-19.37.30:745][310]LogSavePackage: Moving 'D:/UDK4 Projects/Waagenbau/Saved/waagenbau_Auto10D25A00144D2CABB4C07D8B30920804B.tmp' to 'D:/UDK4 Projects/Waagenbau/Saved/Autosaves/Game/Maps/waagenbau_Auto1.umap'
[2014.07.20-19.37.30:755][310]LogFileHelpers: Editor autosave (incl. sublevels) for '/Game/Maps/waagenbau' took 0.639
[2014.07.20-19.37.30:755][310]LogFileHelpers: Editor autosave (incl. sublevels) for all levels took 0.639
[2014.07.20-19.37.30:767][310]OBJ SavePackage: Generating thumbnails for [0] asset(s) in package [/Game/Blueprints/Characters/BotCharacter_Male] ([1] browsable assets)...
[2014.07.20-19.37.30:782][310]OBJ SavePackage: Finished generating thumbnails for package [/Game/Blueprints/Characters/BotCharacter_Male]
[2014.07.20-19.37.30:845][310]LogSavePackage: Save=45.726810ms
[2014.07.20-19.37.30:845][310]LogSavePackage: Moving 'D:/UDK4 Projects/Waagenbau/Saved/BotCharacter_Male_Auto1154A094943B02DC04057C087123C7399.tmp' to 'D:/UDK4 Projects/Waagenbau/Saved/Autosaves/Game/Blueprints/Characters/BotCharacter_Male_Auto1.uasset'
[2014.07.20-19.37.30:851][310]LogFileHelpers: Auto-saving content packages took 0.096
[2014.07.20-19.37.49:313][979]LogEpicStorage:Warning: ReadFile request failed. File request already pending for filename=http://cdn.unrealengine.com/newsfeed/blueprint_icon_b.png
[2014.07.20-19.37.49:319][979]LogEpicStorage:Warning: ReadFile request failed. File request already pending for filename=http://cdn.unrealengine.com/newsfeed/blueprint_icon_b.png
[2014.07.20-19.43.25:131][348]LogSavePackage: Save=400.742950ms
[2014.07.20-19.43.25:131][348]LogSavePackage: Moving 'D:/UDK4 Projects/Waagenbau/Saved/waagenbauA3BA1BC54E3600746F5F74B4D94BBD9F.tmp' to 'D:/UDK4 Projects/Waagenbau/Content/Maps/waagenbau.umap'
[2014.07.20-19.43.25:202][348]LogFileHelpers: Saving map 'waagenbau' took 0.576
[2014.07.20-19.43.25:205][348]Cmd: OBJ SAVEPACKAGE PACKAGE="/Game/Blueprints/Characters/BotCharacter_Male" FILE="D:/UDK4 Projects/Waagenbau/Content/Blueprints/Characters/BotCharacter_Male.uasset" SILENT=true
[2014.07.20-19.43.25:247][348]LogSavePackage: Save=36.847584ms
[2014.07.20-19.43.25:247][348]LogSavePackage: Moving 'D:/UDK4 Projects/Waagenbau/Saved/BotCharacter_MaleAEAF2C2048B05CF6566F2FBA8D083BFA.tmp' to 'D:/UDK4 Projects/Waagenbau/Content/Blueprints/Characters/BotCharacter_Male.uasset'
[2014.07.20-19.44.17:971][152]LogEditorViewport: Clicking on Actor (LMB): BotCharacter_Male_C (BotCharacter_59)
[2014.07.20-19.44.18:465][169]LogEditorViewport: Clicking on Actor (CTRL LMB): BotCharacter_Male_C (BotCharacter_58)
[2014.07.20-19.44.18:969][189]LogEditorViewport: Clicking on Actor (CTRL LMB): BotCharacter_Male_C (BotCharacter_57)
[2014.07.20-19.44.48:274][409]LogEditorViewport: Clicking on Actor (LMB): BotCharacter_Male_C (BotCharacter_37)
[2014.07.20-19.44.55:880][699]LogSavePackage: Save=400.010925ms
[2014.07.20-19.44.55:880][699]LogSavePackage: Moving 'D:/UDK4 Projects/Waagenbau/Saved/waagenbauE0246BA049A73810251ED6AC14822027.tmp' to 'D:/UDK4 Projects/Waagenbau/Content/Maps/waagenbau.umap'
[2014.07.20-19.44.55:954][699]LogFileHelpers: Saving map 'waagenbau' took 0.563
[2014.07.20-19.46.01:341][171]Cmd: OBJ SAVEPACKAGE PACKAGE="/Game/Blueprints/Characters/BotCharacter_Male" FILE="D:/UDK4 Projects/Waagenbau/Content/Blueprints/Characters/BotCharacter_Male.uasset" SILENT=true
[2014.07.20-19.46.01:387][171]LogSavePackage: Save=41.627625ms
[2014.07.20-19.46.01:387][171]LogSavePackage: Moving 'D:/UDK4 Projects/Waagenbau/Saved/BotCharacter_Male369765A7475EE706EC7566A6E1D1F33D.tmp' to 'D:/UDK4 Projects/Waagenbau/Content/Blueprints/Characters/BotCharacter_Male.uasset'
[2014.07.20-19.46.03:360][225]Cmd: QUIT_EDITOR
[2014.07.20-19.46.03:468][225]LogWindowsTextInputMethodSystem:Error: Terminating failed while unadvising the language notification sink from the TSF source.
[2014.07.20-19.46.03:469][225]LogExit: Preparing to exit.
[2014.07.20-19.46.04:382][225]LogExit: Editor shut down
[2014.07.20-19.46.04:382][225]LogExit: Transaction tracking system shut down
[2014.07.20-19.46.04:385][225]LogParticles: Destroying 0 GPU particle simulations for FXSystem 0x0000000020BC89A0
[2014.07.20-19.46.04:386][225]LogParticles: Destroying 0 GPU particle simulations for FXSystem 0x0000000021C8E980
[2014.07.20-19.46.04:386][225]LogParticles: Destroying 0 GPU particle simulations for FXSystem 0x00000000277CDBC0
[2014.07.20-19.46.04:386][225]LogParticles: Destroying 0 GPU particle simulations for FXSystem 0x0000000027D1E700
[2014.07.20-19.46.04:387][225]LogParticles: Destroying 0 GPU particle simulations for FXSystem 0x0000000026150860
[2014.07.20-19.46.04:387][225]LogParticles: Destroying 0 GPU particle simulations for FXSystem 0x000000001FF78F40
[2014.07.20-19.46.04:387][225]LogParticles: Destroying 0 GPU particle simulations for FXSystem 0x000000001FF78FE0
[2014.07.20-19.46.04:387][225]LogParticles: Destroying 0 GPU particle simulations for FXSystem 0x000000001FF78CC0
[2014.07.20-19.46.04:387][225]LogParticles: Destroying 0 GPU particle simulations for FXSystem 0x000000003552BF60
[2014.07.20-19.46.04:423][225]LogExit: Object subsystem successfully closed.
[2014.07.20-19.46.04:447][225]LogModuleManager: Shutting down and abandoning module AndroidDeviceDetection (173)
[2014.07.20-19.46.04:447][225]LogModuleManager: Shutting down and abandoning module CollectionManager (172)
[2014.07.20-19.46.04:447][225]LogModuleManager: Shutting down and abandoning module EditorWidgets (171)
[2014.07.20-19.46.04:447][225]LogModuleManager: Shutting down and abandoning module GameLiveStreaming (170)
[2014.07.20-19.46.04:447][225]LogModuleManager: Shutting down and abandoning module CrashTracker (169)
[2014.07.20-19.46.04:447][225]LogModuleManager: Shutting down and abandoning module HTTP (168)
[2014.07.20-19.46.04:447][225]LogModuleManager: Shutting down and abandoning module NewsFeed (167)
[2014.07.20-19.46.04:447][225]LogModuleManager: Shutting down and abandoning module SceneOutliner (166)
[2014.07.20-19.46.04:447][225]LogModuleManager: Shutting down and abandoning module StatsViewer (165)
[2014.07.20-19.46.04:447][225]LogModuleManager: Shutting down and abandoning module FoliageEdit (164)
[2014.07.20-19.46.04:447][225]LogModuleManager: Shutting down and abandoning module LandscapeEditor (163)
[2014.07.20-19.46.04:448][225]LogModuleManager: Shutting down and abandoning module MeshPaint (162)
[2014.07.20-19.46.04:448][225]LogModuleManager: Shutting down and abandoning module ActorPickerMode (161)
[2014.07.20-19.46.04:448][225]LogModuleManager: Shutting down and abandoning module GeometryMode (160)
[2014.07.20-19.46.04:448][225]LogModuleManager: Shutting down and abandoning module TextureAlignMode (159)
[2014.07.20-19.46.04:448][225]LogModuleManager: Shutting down and abandoning module BspMode (158)
[2014.07.20-19.46.04:448][225]LogModuleManager: Shutting down and abandoning module PlacementMode (157)
[2014.07.20-19.46.04:448][225]LogModuleManager: Shutting down and abandoning module DesktopPlatform (156)
[2014.07.20-19.46.04:448][225]LogModuleManager: Shutting down and abandoning module AutomationWorker (155)
[2014.07.20-19.46.04:448][225]LogModuleManager: Shutting down and abandoning module EditorLiveStreaming (154)
[2014.07.20-19.46.04:448][225]LogModuleManager: Shutting down and abandoning module DeviceProfileEditor (153)
[2014.07.20-19.46.04:448][225]LogModuleManager: Shutting down and abandoning module UndoHistory (152)
[2014.07.20-19.46.04:448][225]LogModuleManager: Shutting down and abandoning module GameplayTagsEditor (151)
[2014.07.20-19.46.04:448][225]LogModuleManager: Shutting down and abandoning module UserFeedback (150)
[2014.07.20-19.46.04:448][225]LogModuleManager: Shutting down and abandoning module XmlParser (149)
[2014.07.20-19.46.04:448][225]LogModuleManager: Shutting down and abandoning module Blutility (148)
[2014.07.20-19.46.04:448][225]LogModuleManager: Shutting down and abandoning module IOSPlatformEditor (147)
[2014.07.20-19.46.04:448][225]LogModuleManager: Shutting down and abandoning module IOSRuntimeSettings (146)
[2014.07.20-19.46.04:448][225]LogModuleManager: Shutting down and abandoning module AndroidPlatformEditor (145)
[2014.07.20-19.46.04:448][225]LogModuleManager: Shutting down and abandoning module AndroidRuntimeSettings (144)
[2014.07.20-19.46.04:448][225]LogModuleManager: Shutting down and abandoning module ProjectTargetPlatformEditor (143)
[2014.07.20-19.46.04:448][225]LogModuleManager: Shutting down and abandoning module ProjectSettingsViewer (142)
[2014.07.20-19.46.04:448][225]LogModuleManager: Shutting down and abandoning module InputBindingEditor (141)
[2014.07.20-19.46.04:448][225]LogModuleManager: Shutting down and abandoning module EditorSettingsViewer (140)
[2014.07.20-19.46.04:448][225]LogModuleManager: Shutting down and abandoning module SettingsEditor (139)
[2014.07.20-19.46.04:448][225]LogModuleManager: Shutting down and abandoning module SessionLauncher (138)
[2014.07.20-19.46.04:448][225]LogModuleManager: Shutting down and abandoning module SessionFrontend (137)
[2014.07.20-19.46.04:448][225]LogModuleManager: Shutting down and abandoning module ProfilerClient (136)
[2014.07.20-19.46.04:448][225]LogModuleManager: Shutting down and abandoning module TargetDeviceServices (135)
[2014.07.20-19.46.04:448][225]LogModuleManager: Shutting down and abandoning module DeviceManager (134)
[2014.07.20-19.46.04:448][225]LogModuleManager: Shutting down and abandoning module AutomationController (133)
[2014.07.20-19.46.04:448][225]LogModuleManager: Shutting down and abandoning module AutomationWindow (132)
[2014.07.20-19.46.04:448][225]LogModuleManager: Shutting down and abandoning module Layers (131)
[2014.07.20-19.46.04:448][225]LogModuleManager: Shutting down and abandoning module ComponentVisualizers (130)
[2014.07.20-19.46.04:448][225]LogModuleManager: Shutting down and abandoning module DetailCustomizations (129)
[2014.07.20-19.46.04:448][225]LogModuleManager: Shutting down and abandoning module PackagesDialog (128)
[2014.07.20-19.46.04:448][225]LogModuleManager: Shutting down and abandoning module DirectoryWatcher (127)
[2014.07.20-19.46.04:449][225]LogModuleManager: Shutting down and abandoning module AssetRegistry (126)
[2014.07.20-19.46.04:561][225]LogModuleManager: Shutting down and abandoning module Persona (125)
[2014.07.20-19.46.04:561][225]LogModuleManager: Shutting down and abandoning module GraphEditor (124)
[2014.07.20-19.46.04:561][225]LogModuleManager: Shutting down and abandoning module ClassViewer (123)
[2014.07.20-19.46.04:561][225]LogModuleManager: Shutting down and abandoning module Toolbox (122)
[2014.07.20-19.46.04:561][225]LogModuleManager: Shutting down and abandoning module ModuleUI (121)
[2014.07.20-19.46.04:561][225]LogModuleManager: Shutting down and abandoning module Sequencer (120)
[2014.07.20-19.46.04:561][225]LogModuleManager: Shutting down and abandoning module MovieSceneTools (119)
[2014.07.20-19.46.04:561][225]LogModuleManager: Shutting down and abandoning module OutputLog (118)
[2014.07.20-19.46.04:561][225]LogModuleManager: Shutting down and abandoning module GammaUI (117)
[2014.07.20-19.46.04:561][225]LogModuleManager: Shutting down and abandoning module Documentation (116)
[2014.07.20-19.46.04:561][225]LogModuleManager: Shutting down and abandoning module StreamingPauseRendering (115)
[2014.07.20-19.46.04:561][225]LogModuleManager: Shutting down and abandoning module AnalyticsET (114)
[2014.07.20-19.46.04:561][225]LogModuleManager: Shutting down and abandoning module Analytics (113)
[2014.07.20-19.46.04:561][225]LogModuleManager: Shutting down and abandoning module GameplayDebugger (112)
[2014.07.20-19.46.04:561][225]LogModuleManager: Shutting down and abandoning module AIModule (111)
[2014.07.20-19.46.04:561][225]LogModuleManager: Shutting down and abandoning module ProfilerService (110)
[2014.07.20-19.46.04:679][225]LogModuleManager: Shutting down and abandoning module TaskGraph (109)
[2014.07.20-19.46.04:679][225]LogModuleManager: Shutting down and abandoning module ViewportSnapping (108)
[2014.07.20-19.46.04:679][225]LogModuleManager: Shutting down and abandoning module GameProjectGeneration (107)
[2014.07.20-19.46.04:679][225]LogModuleManager: Shutting down and abandoning module Matinee (106)
[2014.07.20-19.46.04:679][225]LogModuleManager: Shutting down and abandoning module Kismet (105)
[2014.07.20-19.46.04:679][225]LogModuleManager: Shutting down and abandoning module SlateReflector (104)
[2014.07.20-19.46.04:679][225]LogModuleManager: Shutting down and abandoning module LevelEditor (103)
[2014.07.20-19.46.04:681][225]LogModuleManager: Shutting down and abandoning module IntroTutorials (102)
[2014.07.20-19.46.04:681][225]LogModuleManager: Shutting down and abandoning module ContentBrowser (101)
[2014.07.20-19.46.04:681][225]LogModuleManager: Shutting down and abandoning module MainFrame (100)
[2014.07.20-19.46.04:681][225]LogModuleManager: Shutting down and abandoning module SourceControl (99)
[2014.07.20-19.46.04:681][225]LogModuleManager: Shutting down and abandoning module ImageWrapper (98)
[2014.07.20-19.46.04:681][225]LogModuleManager: Shutting down and abandoning module OnlineBlueprintSupport (97)
[2014.07.20-19.46.04:681][225]LogModuleManager: Shutting down and abandoning module PropertyEditor (96)
[2014.07.20-19.46.04:681][225]LogModuleManager: Shutting down and abandoning module AssetTools (95)
[2014.07.20-19.46.04:681][225]LogModuleManager: Shutting down and abandoning module BehaviorTreeEditor (94)
[2014.07.20-19.46.04:681][225]LogModuleManager: Shutting down and abandoning module FunctionalTesting (93)
[2014.07.20-19.46.04:681][225]LogModuleManager: Shutting down and abandoning module CollisionAnalyzer (92)
[2014.07.20-19.46.04:681][225]LogModuleManager: Shutting down and abandoning module WorkspaceMenuStructure (91)
[2014.07.20-19.46.04:682][225]LogModuleManager: Shutting down and abandoning module MessageLog (90)
[2014.07.20-19.46.04:682][225]LogModuleManager: Shutting down and abandoning module Slate (89)
[2014.07.20-19.46.04:682][225]LogModuleManager: Shutting down and abandoning module EditorStyle (88)
[2014.07.20-19.46.04:685][225]LogModuleManager: Shutting down and abandoning module SessionServices (87)
[2014.07.20-19.46.04:685][225]LogModuleManager: Shutting down and abandoning module SourceCodeAccess (86)
[2014.07.20-19.46.04:685][225]LogModuleManager: Shutting down and abandoning module HeadMountedDisplay (85)
[2014.07.20-19.46.04:685][225]LogModuleManager: Shutting down and abandoning module XAudio2 (84)
[2014.07.20-19.46.04:685][225]LogModuleManager: Shutting down and abandoning module Networking (82)
[2014.07.20-19.46.04:685][225]LogModuleManager: Shutting down and abandoning module Core (81)
[2014.07.20-19.46.04:685][225]LogModuleManager: Shutting down and abandoning module KismetCompiler (80)
[2014.07.20-19.46.04:685][225]LogModuleManager: Shutting down and abandoning module PhysXFormats (79)
[2014.07.20-19.46.04:685][225]LogModuleManager: Shutting down and abandoning module MeshUtilities (78)
[2014.07.20-19.46.04:685][225]LogModuleManager: Shutting down and abandoning module DerivedDataCache (77)
[2014.07.20-19.46.04:785][225]LogDerivedDataCache: Shutdown
[2014.07.20-19.46.04:785][225]LogModuleManager: Shutting down and abandoning module ShaderFormatOpenGL (76)
[2014.07.20-19.46.04:785][225]LogModuleManager: Shutting down and abandoning module ShaderFormatD3D (75)
[2014.07.20-19.46.04:785][225]LogModuleManager: Shutting down and abandoning module MetalShaderFormat (74)
[2014.07.20-19.46.04:785][225]LogModuleManager: Shutting down and abandoning module TextureFormatUncompressed (73)
[2014.07.20-19.46.04:785][225]LogModuleManager: Shutting down and abandoning module TextureFormatPVR (72)
[2014.07.20-19.46.04:785][225]LogModuleManager: Shutting down and abandoning module TextureFormatDXT (71)
[2014.07.20-19.46.04:785][225]LogModuleManager: Shutting down and abandoning module TextureFormatAndroid (70)
[2014.07.20-19.46.04:785][225]LogModuleManager: Shutting down and abandoning module AudioFormatOpus (69)
[2014.07.20-19.46.04:785][225]LogModuleManager: Shutting down and abandoning module AudioFormatOgg (68)
[2014.07.20-19.46.04:785][225]LogModuleManager: Shutting down and abandoning module AudioFormatADPCM (67)
[2014.07.20-19.46.04:785][225]LogModuleManager: Shutting down and abandoning module Messaging (66)
[2014.07.20-19.46.04:785][225]LogModuleManager: Shutting down and abandoning module IOSTargetPlatform (65)
[2014.07.20-19.46.04:785][225]LogModuleManager: Shutting down and abandoning module Android_PVRTCTargetPlatform (64)
[2014.07.20-19.46.04:785][225]LogModuleManager: Shutting down and abandoning module Android_ETC2TargetPlatform (63)
[2014.07.20-19.46.04:785][225]LogModuleManager: Shutting down and abandoning module Android_ETC1TargetPlatform (62)
[2014.07.20-19.46.04:785][225]LogModuleManager: Shutting down and abandoning module Android_DXTTargetPlatform (61)
[2014.07.20-19.46.04:785][225]LogModuleManager: Shutting down and abandoning module Android_ATCTargetPlatform (60)
[2014.07.20-19.46.04:785][225]LogModuleManager: Shutting down and abandoning module AndroidTargetPlatform (59)
[2014.07.20-19.46.04:785][225]LogModuleManager: Shutting down and abandoning module WindowsTargetPlatform (58)
[2014.07.20-19.46.04:785][225]LogModuleManager: Shutting down and abandoning module WindowsServerTargetPlatform (57)
[2014.07.20-19.46.04:785][225]LogModuleManager: Shutting down and abandoning module WindowsNoEditorTargetPlatform (56)
[2014.07.20-19.46.04:785][225]LogModuleManager: Shutting down and abandoning module WindowsClientTargetPlatform (55)
[2014.07.20-19.46.04:785][225]LogModuleManager: Shutting down and abandoning module TargetPlatform (54)
[2014.07.20-19.46.04:785][225]LogModuleManager: Shutting down and abandoning module InputCore (53)
[2014.07.20-19.46.04:785][225]LogModuleManager: Shutting down and abandoning module Settings (52)
[2014.07.20-19.46.04:785][225]LogModuleManager: Shutting down and abandoning module TextureCompressor (49)
[2014.07.20-19.46.04:785][225]LogModuleManager: Shutting down and abandoning module ShaderCore (48)
[2014.07.20-19.46.04:785][225]LogModuleManager: Shutting down and abandoning module OpenGLDrv (47)
[2014.07.20-19.46.04:785][225]LogModuleManager: Shutting down and abandoning module D3D11RHI (46)
[2014.07.20-19.46.04:785][225]LogModuleManager: Shutting down and abandoning module SlateRHIRenderer (45)
[2014.07.20-19.46.04:785][225]LogModuleManager: Shutting down and abandoning module Renderer (44)
[2014.07.20-19.46.04:785][225]LogModuleManager: Shutting down and abandoning module Engine (43)
[2014.07.20-19.46.04:785][225]LogModuleManager: Shutting down and abandoning module SlateRemote (42)
[2014.07.20-19.46.04:785][225]LogModuleManager: Shutting down and abandoning module ScriptPlugin (41)
[2014.07.20-19.46.04:785][225]LogModuleManager: Shutting down and abandoning module ScriptEditorPlugin (39)
[2014.07.20-19.46.04:785][225]LogModuleManager: Shutting down and abandoning module WindowsMoviePlayer (38)
[2014.07.20-19.46.04:790][225]LogModuleManager: Shutting down and abandoning module ExampleDeviceProfileSelector (31)
[2014.07.20-19.46.04:790][225]LogModuleManager: Shutting down and abandoning module CustomMeshComponent (30)
[2014.07.20-19.46.04:790][225]LogModuleManager: Shutting down and abandoning module CableComponent (29)
[2014.07.20-19.46.04:790][225]LogModuleManager: Shutting down and abandoning module OculusRift (25)
[2014.07.20-19.46.04:790][225]LogModuleManager: Shutting down and abandoning module UdpMessaging (24)
[2014.07.20-19.46.04:890][225]LogModuleManager: Shutting down and abandoning module MessagingDebugger (23)
[2014.07.20-19.46.04:890][225]LogModuleManager: Shutting down and abandoning module SmartSnapping (21)
[2014.07.20-19.46.04:890][225]LogModuleManager: Shutting down and abandoning module PaperJsonImporter (20)
[2014.07.20-19.46.04:890][225]LogModuleManager: Shutting down and abandoning module Paper2DEditor (19)
[2014.07.20-19.46.04:890][225]LogModuleManager: Shutting down and abandoning module Paper2D (18)
[2014.07.20-19.46.04:890][225]LogModuleManager: Shutting down and abandoning module SpeedTreeImporter (14)
[2014.07.20-19.46.04:890][225]LogModuleManager: Shutting down and abandoning module PluginsEditor (13)
[2014.07.20-19.46.04:890][225]LogModuleManager: Shutting down and abandoning module EpicSurvey (12)
[2014.07.20-19.46.04:890][225]LogModuleManager: Shutting down and abandoning module VisualStudioSourceCodeAccess (10)
[2014.07.20-19.46.04:890][225]LogModuleManager: Shutting down and abandoning module UObjectPlugin (9)
[2014.07.20-19.46.04:890][225]LogModuleManager: Shutting down and abandoning module SubversionSourceControl (8)
[2014.07.20-19.46.04:890][225]LogModuleManager: Shutting down and abandoning module PerforceSourceControl (7)
[2014.07.20-19.46.04:890][225]LogModuleManager: Shutting down and abandoning module BlankPlugin (6)
[2014.07.20-19.46.04:890][225]LogModuleManager: Shutting down and abandoning module CoreUObject (5)
[2014.07.20-19.46.04:890][225]LogModuleManager: Shutting down and abandoning module NetworkFile (4)
[2014.07.20-19.46.04:890][225]LogModuleManager: Shutting down and abandoning module StreamingFile (3)
[2014.07.20-19.46.04:890][225]LogModuleManager: Shutting down and abandoning module SandboxFile (2)
[2014.07.20-19.46.04:890][225]LogModuleManager: Shutting down and abandoning module PakFile (1)
[2014.07.20-19.46.04:891][225]LogExit: Exiting.
[2014.07.20-19.46.04:896][225]Log file closed, 07/20/14 21:46:04
