Log file open, 07/05/14 05:52:13
LogInit:Display: Running engine for game: MyProject3
LogInit: Version: 4.2.1-2101290+++depot+UE4-Releases+4.2
LogInit: Compiled (64-bit): Jun 10 2014 22:21:56
LogInit: Build Configuration: Development
LogInit: Branch Name: ++depot+UE4-Releases+4.2
LogInit: Command line:  
LogInit: Base directory: E:/Unreal Engine/4.2/Engine/Binaries/Win64/
LogInit: Rocket: 1
[2014.07.05-03.52.13:755][  0]LogTaskGraph: Started task graph with 3 named threads and 6 total threads.
[2014.07.05-03.52.13:799][  0]LogOnline:Warning: No default platform service specified for OnlineSubsystem
[2014.07.05-03.52.13:805][  0]LogInit: Presizing for 0 objects not considered by GC, pre-allocating 0 bytes.
[2014.07.05-03.52.13:811][  0]LogInit: Object subsystem initialized
[2014.07.05-03.52.13:812][  0]LogInit: Selected Device Profile: [Windows]
[2014.07.05-03.52.13:812][  0]LogInit: Applying CVar settings loaded from the selected device profile: [Windows]
[2014.07.05-03.52.13:816][  0]LogInit: Computer: SPAEHLING-PC
[2014.07.05-03.52.13:816][  0]LogInit: User: Spaehling
[2014.07.05-03.52.13:817][  0]LogInit: CPU Page size=4096, Cores=6
[2014.07.05-03.52.13:817][  0]LogInit: High frequency timer resolution =3.126962 MHz
[2014.07.05-03.52.13:817][  0]LogMemory: Memory total: Physical=64.0GB (64GB approx) Virtual=8192.0GB
[2014.07.05-03.52.13:817][  0]LogMemory: Platform Memory Stats for Windows
[2014.07.05-03.52.13:817][  0]LogMemory: Process Physical Memory: 60.49 MB used, 60.49 MB peak
[2014.07.05-03.52.13:817][  0]LogMemory: Process Virtual Memory: 36.68 MB used, 36.83 MB peak
[2014.07.05-03.52.13:817][  0]LogMemory: Physical Memory: 6954.31 MB used, 65486.15 MB total
[2014.07.05-03.52.13:817][  0]LogMemory: Virtual Memory: 244.71 MB used, 8388608.00 MB total
[2014.07.05-03.52.13:864][  0]LogD3D11RHI: Found D3D11 adapter 0: NVIDIA GeForce GTX 690 (Feature Level 11_0)
[2014.07.05-03.52.13:864][  0]LogD3D11RHI: Adapter has 1990MB of dedicated video memory, 0MB of dedicated system memory, and 2048MB of shared system memory, 1 output[s]
[2014.07.05-03.52.13:886][  0]LogD3D11RHI: Found D3D11 adapter 1: NVIDIA GeForce GTX 690 (Feature Level 11_0)
[2014.07.05-03.52.13:886][  0]LogD3D11RHI: Adapter has 1990MB of dedicated video memory, 0MB of dedicated system memory, and 2048MB of shared system memory, 1 output[s]
[2014.07.05-03.52.13:886][  0]LogD3D11RHI: Chosen D3D11 Adapter Id = 0
[2014.07.05-03.52.13:891][  0]LogRHI: Texture pool is 1361 MB (70% of 1945 MB)
[2014.07.05-03.52.13:900][  0]LogD3D11RHI: Async texture creation enabled
[2014.07.05-03.52.13:949][  0]LogTextLocalizationManager:Warning: The selected culture 'de_DE' is not available; falling back to 'en'
[2014.07.05-03.52.13:997][  0]LogContentStreaming: Texture pool size is 0.000000MB
[2014.07.05-03.52.14:739][  0]LogTargetPlatformManager:Display: Building Assets For Windows
[2014.07.05-03.52.14:814][  0]LogTargetPlatformManager:Display: Building Assets For Windows
[2014.07.05-03.52.14:842][  0]LogDerivedDataCache:Display: Max Cache Size: 512 MB
[2014.07.05-03.52.14:877][  0]LogDerivedDataCache: Loaded boot cache 0.03s 39MB C:/Users/Spaehling/AppData/Local/UnrealEngine/4.2/DerivedDataCache/Boot.ddc.
[2014.07.05-03.52.14:877][  0]LogDerivedDataCache:Display: Loaded Boot cache: C:/Users/Spaehling/AppData/Local/UnrealEngine/4.2/DerivedDataCache/Boot.ddc
[2014.07.05-03.52.14:877][  0]LogDerivedDataCache: FDerivedDataBackendGraph:  Pak pak cache file D:/UDK4 Projects/MyProject3/DerivedDataCache/DDC.ddp not found, will not use a pak cache.
[2014.07.05-03.52.14:877][  0]LogDerivedDataCache: Unable to find inner node Pak for hierarchical cache Hierarchy.
[2014.07.05-03.52.14:887][  0]LogDerivedDataCache:Display: Pak cache opened for reading ../../../Engine/DerivedDataCache/DDC.ddp.
[2014.07.05-03.52.14:899][  0]LogDerivedDataCache: Using Local data cache path C:/Users/Spaehling/AppData/Local/UnrealEngine/4.2/DerivedDataCache: Writable
[2014.07.05-03.52.15:043][  0]LogMeshUtilities: No automatic mesh reduction module available
[2014.07.05-03.52.15:043][  0]LogMeshUtilities: No automatic mesh merging module available
[2014.07.05-03.52.15:328][  0]LogInit: WinSock: version 1.1 (2.2), MaxSocks=32767, MaxUdp=65467
[2014.07.05-03.52.15:628][  0]LogStreaming:Warning: Failed to read file '../../../Engine/Content/Editor/Slate/Icons/ActorIcons/GroupActor_16x.png' error.
[2014.07.05-03.52.15:628][  0]LogSlate: Could not find file for Slate resource: ../../../Engine/Content/Editor/Slate/Icons/ActorIcons/GroupActor_16x.png
[2014.07.05-03.52.15:632][  0]LogStreaming:Warning: Failed to read file '../../../Engine/Content/Editor/Slate/Icons/ActorIcons/DecalActor_16x.png' error.
[2014.07.05-03.52.15:632][  0]LogSlate: Could not find file for Slate resource: ../../../Engine/Content/Editor/Slate/Icons/ActorIcons/DecalActor_16x.png
[2014.07.05-03.52.15:871][  0]UdpMessaging: Initializing bridge on interface 0.0.0.0:0 to multicast group 230.0.0.1:6666.
[2014.07.05-03.52.15:941][  0]SourceControl: Info Source control is disabled
[2014.07.05-03.52.15:941][  0]SourceControl: Info Source control is disabled
[2014.07.05-03.52.15:945][  0]SourceControl: Info Source control is disabled
[2014.07.05-03.52.16:015][  0]BlueprintLog: New page: Editor Load
[2014.07.05-03.52.16:045][  0]LogObj: 19203 objects as part of root set at end of initial load.
[2014.07.05-03.52.16:045][  0]LogUObjectAllocator: 3820576 out of 0 bytes used by permanent object pool.
[2014.07.05-03.52.16:358][  0]LogEngine: Initializing Engine...
[2014.07.05-03.52.16:461][  0]LogInit: XAudio2 using 'Lautsprecher (Corsair Vengeance 2000 Headset)' : 8 channels at 44.1 kHz using 16 bits per sample (channel mask 0x63f)
[2014.07.05-03.52.16:469][  0]LogInit: FAudioDevice initialized.
[2014.07.05-03.52.16:494][  0]LogDerivedDataCache: Saved boot cache 0.02s 39MB C:/Users/Spaehling/AppData/Local/UnrealEngine/4.2/DerivedDataCache/Boot.ddc.
[2014.07.05-03.52.16:498][  0]LogInit: Texture streaming: Enabled
[2014.07.05-03.52.16:531][  0]LogInit: Transaction tracking system initialized
[2014.07.05-03.52.16:608][  0]LogAssetRegistry: FAssetRegistry took 0.0094 seconds to start up
[2014.07.05-03.52.16:722][  0]LogModuleManager:Warning: ModuleManager: Unable to load module '' because the file was not found.
[2014.07.05-03.52.16:726][  0]LogModuleManager:Warning: ModuleManager: Unable to load module '' because the file was not found.
[2014.07.05-03.52.16:763][  0]LogConsoleResponse:Display: 
[2014.07.05-03.52.16:928][  0]SourceControl: Info Source control is disabled
[2014.07.05-03.52.16:928][  0]Cmd: MAP LOAD FILE="D:/UDK4 Projects/MyProject3/Content/Maps/waagenbau.umap" TEMPLATE=0 SHOWPROGRESS=1 WORLDCOMPOSITION=0
[2014.07.05-03.52.16:929][  0]LightingResults: New page: Lighting Build
[2014.07.05-03.52.16:934][  0]MapCheck: New page: Map Check
[2014.07.05-03.52.16:934][  0]LightingResults: New page: Lighting Build
[2014.07.05-03.52.16:939][  0]LogParticles: Destroying 0 GPU particle simulations for FXSystem 0x000000001017EA20
[2014.07.05-03.52.17:906][  0]LogBlueprint:Warning: Node '/Game/Blueprints/Assets/Cigarettes.cigarettes:UserConstructionScript.K2Node_VariableGet_424' missing NodeGuid.
[2014.07.05-03.52.18:283][  0]LogBlueprintUserMessages:Warning: SetTimer passed a bad function () or object (DiscoLight_1_C_0)
[2014.07.05-03.52.18:284][  0]LogBlueprintUserMessages:Warning: SetTimer passed a bad function () or object (DiscoLight_1_C_1)
[2014.07.05-03.52.18:285][  0]LogBlueprintUserMessages:Warning: SetTimer passed a bad function () or object (DiscoLight_1_C_2)
[2014.07.05-03.52.18:285][  0]LogBlueprintUserMessages:Warning: SetTimer passed a bad function () or object (DiscoLight_1_C_3)
[2014.07.05-03.52.18:286][  0]LogBlueprintUserMessages:Warning: SetTimer passed a bad function () or object (DiscoLight_1_C_4)
[2014.07.05-03.52.18:287][  0]LogBlueprintUserMessages:Warning: SetTimer passed a bad function () or object (DiscoLight_1_C_5)
[2014.07.05-03.52.18:287][  0]LogBlueprintUserMessages:Warning: SetTimer passed a bad function () or object (DiscoLight_1_C_6)
[2014.07.05-03.52.18:288][  0]LogBlueprintUserMessages:Warning: SetTimer passed a bad function () or object (DiscoLight_1_C_7)
[2014.07.05-03.52.18:289][  0]LogBlueprintUserMessages:Warning: SetTimer passed a bad function () or object (DiscoLight_1_C_8)
[2014.07.05-03.52.18:289][  0]LogBlueprintUserMessages:Warning: SetTimer passed a bad function () or object (DiscoLight_1_C_9)
[2014.07.05-03.52.18:290][  0]LogBlueprintUserMessages:Warning: SetTimer passed a bad function () or object (DiscoLight_1_C_10)
[2014.07.05-03.52.18:290][  0]LogBlueprintUserMessages:Warning: SetTimer passed a bad function () or object (DiscoLight_1_C_11)
[2014.07.05-03.52.18:291][  0]LogBlueprintUserMessages:Warning: SetTimer passed a bad function () or object (DiscoLight_1_C_12)
[2014.07.05-03.52.18:292][  0]LogBlueprintUserMessages:Warning: SetTimer passed a bad function () or object (DiscoLight_1_C_13)
[2014.07.05-03.52.18:292][  0]LogBlueprintUserMessages:Warning: SetTimer passed a bad function () or object (DiscoLight_1_C_14)
[2014.07.05-03.52.18:293][  0]LogBlueprintUserMessages:Warning: SetTimer passed a bad function () or object (DiscoLight_1_C_15)
[2014.07.05-03.52.18:293][  0]LogBlueprintUserMessages:Warning: SetTimer passed a bad function () or object (DiscoLight_1_C_16)
[2014.07.05-03.52.18:294][  0]LogBlueprintUserMessages:Warning: SetTimer passed a bad function () or object (DiscoLight_1_C_17)
[2014.07.05-03.52.18:295][  0]LogBlueprintUserMessages:Warning: SetTimer passed a bad function () or object (DiscoLight_1_C_18)
[2014.07.05-03.52.18:295][  0]LogBlueprintUserMessages:Warning: SetTimer passed a bad function () or object (DiscoLight_1_C_19)
[2014.07.05-03.52.18:296][  0]LogBlueprintUserMessages:Warning: SetTimer passed a bad function () or object (DiscoLight_1_C_20)
[2014.07.05-03.52.18:305][  0]LogEditorServer: Finished looking for orphan Actors (0.000 secs)
[2014.07.05-03.52.18:306][  0]Cmd: MAP CHECKDEP
[2014.07.05-03.52.18:306][  0]MapCheck: New page: waagenbau - Jul 5, 2014, 7:52:18 AM
[2014.07.05-03.52.18:365][  0]MapCheck: Info ========== Map Check: 0 Error(s), 0 Warning(s), [58.68ms] ==========
[2014.07.05-03.52.18:365][  0]LogFileHelpers: Loading map 'waagenbau' took 1.437
[2014.07.05-03.52.18:543][  0]LogCrashTracker: Crashtracker disabled due to settings.
[2014.07.05-03.52.18:543][  0]Cmd: MODE PLACEMENT
[2014.07.05-03.52.18:595][  0]LogLoad: Full Startup: 5.39 seconds (BP compile: 0.31 seconds)
[2014.07.05-03.52.18:685][  0]LogRenderer:Warning: Reallocating scene render targets to support 32x32.
[2014.07.05-03.52.18:764][  0]LogRenderer:Warning: Reallocating scene render targets to support 1120x856.
[2014.07.05-03.52.18:925][  1]LogEpicStorage:Warning: EnumerateFiles request failed. Invalid response. code=403 error=<?xml version="1.0" encoding="UTF-8"?>
<Error><Code>AccessDenied</Code><Message>Access Denied</Message><RequestId>51281AC5C0795B60</RequestId><HostId>XsvPcGdUXKQ35IpB4tc1nuiTGRg3wyyyCZFa2+oYVb4z1OoBhpOzw20ta41MPd0b</HostId></Error>
[2014.07.05-03.52.18:979][  1]LogAssetRegistry: Asset discovery search completed in 2.3805 seconds
[2014.07.05-03.52.19:049][  2]LogEpicSurvey:Warning: EnumerateFiles request failed. Invalid response. code=403 error=<?xml version="1.0" encoding="UTF-8"?>
<Error><Code>AccessDenied</Code><Message>Access Denied</Message><RequestId>E0BBC1BA66861DAD</RequestId><HostId>B0DqTo65Ngqx571DtqRv7fm/jZVAo3jnTFJH+rrqQ2JEHpMGHLe6Dlqn+k6kmJmc</HostId></Error>
[2014.07.05-03.52.19:089][  3]LogEpicStorage:Warning: EnumerateFiles request failed. Invalid response. code=403 error=<?xml version="1.0" encoding="UTF-8"?>
<Error><Code>AccessDenied</Code><Message>Access Denied</Message><RequestId>51281AC5C0795B60</RequestId><HostId>XsvPcGdUXKQ35IpB4tc1nuiTGRg3wyyyCZFa2+oYVb4z1OoBhpOzw20ta41MPd0b</HostId></Error>
[2014.07.05-03.52.19:133][  4]LogEpicSurvey:Warning: EnumerateFiles request failed. Invalid response. code=403 error=<?xml version="1.0" encoding="UTF-8"?>
<Error><Code>AccessDenied</Code><Message>Access Denied</Message><RequestId>E0BBC1BA66861DAD</RequestId><HostId>B0DqTo65Ngqx571DtqRv7fm/jZVAo3jnTFJH+rrqQ2JEHpMGHLe6Dlqn+k6kmJmc</HostId></Error>
[2014.07.05-03.52.19:206][  7]LogEpicStorage:Warning: ReadFile request failed. File request already pending for filename=http://cdn.unrealengine.com/newsfeed/blueprint_icon_b.png
[2014.07.05-03.52.19:207][  7]LogEpicStorage:Warning: ReadFile request failed. File request already pending for filename=http://cdn.unrealengine.com/newsfeed/blueprint_icon_b.png
[2014.07.05-03.52.19:277][ 15]LogEpicSurvey:Warning: EnumerateFiles request failed. Invalid response. code=403 error=<?xml version="1.0" encoding="UTF-8"?>
<Error><Code>AccessDenied</Code><Message>Access Denied</Message><RequestId>E66CBE61AE141725</RequestId><HostId>RKTvylR1mMRpQlIJTxCE8jubrtGgZuPiUV3b+9Sf2XH/B32YceTLPs9GPS3dWbS4</HostId></Error>
[2014.07.05-03.52.24:497][363]LogCollectionManager: Loaded 0 collections in 0.000781 seconds
[2014.07.05-03.52.24:508][363]LogContentBrowser:Verbose: The content browser source was changed by the sources view to '/Game/Meshes'
[2014.07.05-03.52.25:609][400]LogContentBrowser:Verbose: The content browser source was changed by the sources view to '/Game/Blueprints'
[2014.07.05-03.52.26:655][463]LogContentBrowser:Verbose: The content browser source was changed by the sources view to '/Game/Character'
[2014.07.05-03.52.29:977][614]LogContentBrowser:Verbose: The content browser source was changed by the sources view to '/Game/Audio'
[2014.07.05-03.52.30:505][636]LogContentBrowser:Verbose: The content browser source was changed by the sources view to '/Game/Character/Animations'
[2014.07.05-03.52.31:428][692]LogContentBrowser:Verbose: The content browser source was changed by the sources view to '/Game/Character'
[2014.07.05-03.52.31:887][716]LogContentBrowser:Verbose: The content browser source was changed by the sources view to '/Game/Blueprints'
[2014.07.05-03.52.33:998][846]LogContentBrowser:Verbose: The content browser source was changed by the sources view to '/Game/Blueprints/Characters'
[2014.07.05-03.52.39:418][115]LogContentBrowser:Verbose: The content browser source was changed by the sources view to '/Game/Blueprints/GameLogic'
[2014.07.05-03.52.39:918][148]LogContentBrowser:Verbose: The content browser source was changed by the sources view to '/Game/Blueprints/Materials'
[2014.07.05-03.52.40:434][182]LogContentBrowser:Verbose: The content browser source was changed by the sources view to '/Game/Blueprints/Particles'
[2014.07.05-03.52.40:918][215]LogContentBrowser:Verbose: The content browser source was changed by the sources view to '/Game/Blueprints/Characters'
[2014.07.05-03.52.41:359][240]LogContentBrowser:Verbose: The content browser source was changed by the sources view to '/Game/Blueprints/Animation'
[2014.07.05-03.52.41:921][278]LogContentBrowser:Verbose: The content browser source was changed by the sources view to '/Game/Blueprints/Assets'
[2014.07.05-03.52.42:518][309]LogContentBrowser:Verbose: The content browser source was changed by the sources view to '/Game/Blueprints/Characters'
[2014.07.05-03.52.44:768][421]LogContentBrowser:Verbose: The content browser source was changed by the sources view to '/Game/Character/Animations'
[2014.07.05-03.52.46:338][529]LogContentBrowser:Verbose: The content browser source was changed by the sources view to '/Game/Character/Animations/Female'
[2014.07.05-03.52.47:240][587]LogContentBrowser:Verbose: The content browser source was changed by the sources view to '/Game/Character/Animations/Male'
[2014.07.05-03.52.49:115][668]LogContentBrowser:Verbose: The majority of assets in the view are of type: AnimSequence
[2014.07.05-03.53.07:244][632]LogActorComponent: UnregisterComponent: (/Engine/Transient.CharacterMovementComponent_0) Not registered. Aborting.
[2014.07.05-03.53.07:274][632]LogParticles: Destroying 0 GPU particle simulations for FXSystem 0x000000001D43BF60
[2014.07.05-03.53.07:689][633]Cmd: QUIT_EDITOR
[2014.07.05-03.53.07:749][633]LogWindowsTextInputMethodSystem:Error: Terminating failed while unadvising the language notification sink from the TSF source.
[2014.07.05-03.53.07:751][633]LogExit: Preparing to exit.
[2014.07.05-03.53.08:028][633]LogExit: Editor shut down
[2014.07.05-03.53.08:028][633]LogExit: Transaction tracking system shut down
[2014.07.05-03.53.08:031][633]LogParticles: Destroying 0 GPU particle simulations for FXSystem 0x000000001E02C900
[2014.07.05-03.53.08:032][633]LogParticles: Destroying 0 GPU particle simulations for FXSystem 0x000000001C5F9B20
[2014.07.05-03.53.08:065][633]LogParticles: Destroying 0 GPU particle simulations for FXSystem 0x000000001E41E520
[2014.07.05-03.53.08:065][633]LogParticles: Destroying 0 GPU particle simulations for FXSystem 0x000000001D43BE20
[2014.07.05-03.53.08:065][633]LogExit: Object subsystem successfully closed.
[2014.07.05-03.53.08:087][633]LogModuleManager: Shutting down and abandoning module EditorWidgets (165)
[2014.07.05-03.53.08:087][633]LogModuleManager: Shutting down and abandoning module CollectionManager (164)
[2014.07.05-03.53.08:087][633]LogModuleManager: Shutting down and abandoning module AndroidDeviceDetection (163)
[2014.07.05-03.53.08:087][633]LogModuleManager: Shutting down and abandoning module CrashTracker (162)
[2014.07.05-03.53.08:087][633]LogModuleManager: Shutting down and abandoning module HTTP (161)
[2014.07.05-03.53.08:087][633]LogModuleManager: Shutting down and abandoning module NewsFeed (160)
[2014.07.05-03.53.08:087][633]LogModuleManager: Shutting down and abandoning module SceneOutliner (159)
[2014.07.05-03.53.08:087][633]LogModuleManager: Shutting down and abandoning module StatsViewer (158)
[2014.07.05-03.53.08:087][633]LogModuleManager: Shutting down and abandoning module FoliageEdit (157)
[2014.07.05-03.53.08:087][633]LogModuleManager: Shutting down and abandoning module LandscapeEditor (156)
[2014.07.05-03.53.08:092][633]LogModuleManager: Shutting down and abandoning module MeshPaint (155)
[2014.07.05-03.53.08:092][633]LogModuleManager: Shutting down and abandoning module ActorPickerMode (154)
[2014.07.05-03.53.08:092][633]LogModuleManager: Shutting down and abandoning module GeometryMode (153)
[2014.07.05-03.53.08:092][633]LogModuleManager: Shutting down and abandoning module TextureAlignMode (152)
[2014.07.05-03.53.08:092][633]LogModuleManager: Shutting down and abandoning module BspMode (151)
[2014.07.05-03.53.08:092][633]LogModuleManager: Shutting down and abandoning module PlacementMode (150)
[2014.07.05-03.53.08:093][633]LogModuleManager: Shutting down and abandoning module AutomationWorker (149)
[2014.07.05-03.53.08:093][633]LogModuleManager: Shutting down and abandoning module ViewportSnapping (148)
[2014.07.05-03.53.08:093][633]LogModuleManager: Shutting down and abandoning module DeviceProfileEditor (147)
[2014.07.05-03.53.08:093][633]LogModuleManager: Shutting down and abandoning module UndoHistory (146)
[2014.07.05-03.53.08:093][633]LogModuleManager: Shutting down and abandoning module GameplayTagsEditor (145)
[2014.07.05-03.53.08:093][633]LogModuleManager: Shutting down and abandoning module UserFeedback (144)
[2014.07.05-03.53.08:093][633]LogModuleManager: Shutting down and abandoning module XmlParser (143)
[2014.07.05-03.53.08:093][633]LogModuleManager: Shutting down and abandoning module Blutility (142)
[2014.07.05-03.53.08:093][633]LogModuleManager: Shutting down and abandoning module AndroidPlatformEditor (139)
[2014.07.05-03.53.08:093][633]LogModuleManager: Shutting down and abandoning module AndroidRuntimeSettings (138)
[2014.07.05-03.53.08:093][633]LogModuleManager: Shutting down and abandoning module ProjectSettingsViewer (137)
[2014.07.05-03.53.08:093][633]LogModuleManager: Shutting down and abandoning module InputBindingEditor (136)
[2014.07.05-03.53.08:093][633]LogModuleManager: Shutting down and abandoning module EditorSettingsViewer (135)
[2014.07.05-03.53.08:093][633]LogModuleManager: Shutting down and abandoning module SettingsEditor (134)
[2014.07.05-03.53.08:093][633]LogModuleManager: Shutting down and abandoning module SessionLauncher (133)
[2014.07.05-03.53.08:093][633]LogModuleManager: Shutting down and abandoning module SessionFrontend (132)
[2014.07.05-03.53.08:093][633]LogModuleManager: Shutting down and abandoning module ProfilerClient (131)
[2014.07.05-03.53.08:093][633]LogModuleManager: Shutting down and abandoning module TargetDeviceServices (130)
[2014.07.05-03.53.08:093][633]LogModuleManager: Shutting down and abandoning module DeviceManager (129)
[2014.07.05-03.53.08:093][633]LogModuleManager: Shutting down and abandoning module AutomationController (128)
[2014.07.05-03.53.08:093][633]LogModuleManager: Shutting down and abandoning module AutomationWindow (127)
[2014.07.05-03.53.08:093][633]LogModuleManager: Shutting down and abandoning module Layers (126)
[2014.07.05-03.53.08:093][633]LogModuleManager: Shutting down and abandoning module ComponentVisualizers (125)
[2014.07.05-03.53.08:093][633]LogModuleManager: Shutting down and abandoning module DetailCustomizations (124)
[2014.07.05-03.53.08:093][633]LogModuleManager: Shutting down and abandoning module PackagesDialog (123)
[2014.07.05-03.53.08:093][633]LogModuleManager: Shutting down and abandoning module DirectoryWatcher (122)
[2014.07.05-03.53.08:093][633]LogModuleManager: Shutting down and abandoning module AssetRegistry (121)
[2014.07.05-03.53.08:138][633]LogModuleManager: Shutting down and abandoning module Persona (120)
[2014.07.05-03.53.08:138][633]LogModuleManager: Shutting down and abandoning module GraphEditor (119)
[2014.07.05-03.53.08:138][633]LogModuleManager: Shutting down and abandoning module ContentBrowser (118)
[2014.07.05-03.53.08:138][633]LogModuleManager: Shutting down and abandoning module ClassViewer (117)
[2014.07.05-03.53.08:138][633]LogModuleManager: Shutting down and abandoning module Toolbox (116)
[2014.07.05-03.53.08:138][633]LogModuleManager: Shutting down and abandoning module ModuleUI (115)
[2014.07.05-03.53.08:138][633]LogModuleManager: Shutting down and abandoning module Sequencer (114)
[2014.07.05-03.53.08:138][633]LogModuleManager: Shutting down and abandoning module MovieSceneTools (113)
[2014.07.05-03.53.08:138][633]LogModuleManager: Shutting down and abandoning module OutputLog (112)
[2014.07.05-03.53.08:138][633]LogModuleManager: Shutting down and abandoning module GammaUI (111)
[2014.07.05-03.53.08:138][633]LogModuleManager: Shutting down and abandoning module Documentation (110)
[2014.07.05-03.53.08:138][633]LogModuleManager: Shutting down and abandoning module DesktopPlatform (109)
[2014.07.05-03.53.08:138][633]LogModuleManager: Shutting down and abandoning module StreamingPauseRendering (108)
[2014.07.05-03.53.08:138][633]LogModuleManager: Shutting down and abandoning module AnalyticsET (107)
[2014.07.05-03.53.08:138][633]LogModuleManager: Shutting down and abandoning module Analytics (106)
[2014.07.05-03.53.08:138][633]LogModuleManager: Shutting down and abandoning module ProfilerService (105)
[2014.07.05-03.53.08:310][633]LogModuleManager: Shutting down and abandoning module TaskGraph (104)
[2014.07.05-03.53.08:310][633]LogModuleManager: Shutting down and abandoning module GameProjectGeneration (103)
[2014.07.05-03.53.08:310][633]LogModuleManager: Shutting down and abandoning module Matinee (102)
[2014.07.05-03.53.08:310][633]LogModuleManager: Shutting down and abandoning module Kismet (101)
[2014.07.05-03.53.08:310][633]LogModuleManager: Shutting down and abandoning module SlateReflector (100)
[2014.07.05-03.53.08:310][633]LogModuleManager: Shutting down and abandoning module LevelEditor (99)
[2014.07.05-03.53.08:312][633]LogModuleManager: Shutting down and abandoning module MainFrame (98)
[2014.07.05-03.53.08:312][633]LogModuleManager: Shutting down and abandoning module SourceControl (97)
[2014.07.05-03.53.08:312][633]LogModuleManager: Shutting down and abandoning module ImageWrapper (96)
[2014.07.05-03.53.08:312][633]LogModuleManager: Shutting down and abandoning module OnlineBlueprintSupport (95)
[2014.07.05-03.53.08:312][633]LogModuleManager: Shutting down and abandoning module PropertyEditor (94)
[2014.07.05-03.53.08:312][633]LogModuleManager: Shutting down and abandoning module AssetTools (93)
[2014.07.05-03.53.08:312][633]LogModuleManager: Shutting down and abandoning module BehaviorTreeEditor (92)
[2014.07.05-03.53.08:312][633]LogModuleManager: Shutting down and abandoning module FunctionalTesting (91)
[2014.07.05-03.53.08:312][633]LogModuleManager: Shutting down and abandoning module CollisionAnalyzer (90)
[2014.07.05-03.53.08:312][633]LogModuleManager: Shutting down and abandoning module WorkspaceMenuStructure (89)
[2014.07.05-03.53.08:312][633]LogModuleManager: Shutting down and abandoning module MessageLog (88)
[2014.07.05-03.53.08:312][633]LogModuleManager: Shutting down and abandoning module Slate (87)
[2014.07.05-03.53.08:312][633]LogModuleManager: Shutting down and abandoning module EditorStyle (86)
[2014.07.05-03.53.08:315][633]LogModuleManager: Shutting down and abandoning module SessionServices (85)
[2014.07.05-03.53.08:315][633]LogModuleManager: Shutting down and abandoning module Messaging (84)
[2014.07.05-03.53.08:315][633]LogModuleManager: Shutting down and abandoning module SourceCodeAccess (83)
[2014.07.05-03.53.08:315][633]LogModuleManager: Shutting down and abandoning module HeadMountedDisplay (82)
[2014.07.05-03.53.08:315][633]LogModuleManager: Shutting down and abandoning module XAudio2 (81)
[2014.07.05-03.53.08:315][633]LogModuleManager: Shutting down and abandoning module Networking (79)
[2014.07.05-03.53.08:316][633]LogModuleManager: Shutting down and abandoning module Core (78)
[2014.07.05-03.53.08:316][633]LogModuleManager: Shutting down and abandoning module KismetCompiler (77)
[2014.07.05-03.53.08:316][633]LogModuleManager: Shutting down and abandoning module PhysXFormats (76)
[2014.07.05-03.53.08:316][633]LogModuleManager: Shutting down and abandoning module SimplygonMeshReduction (75)
[2014.07.05-03.53.08:316][633]LogModuleManager: Shutting down and abandoning module MeshUtilities (74)
[2014.07.05-03.53.08:316][633]LogModuleManager: Shutting down and abandoning module DerivedDataCache (73)
[2014.07.05-03.53.08:392][633]LogDerivedDataCache: Shutdown
[2014.07.05-03.53.08:392][633]LogModuleManager: Shutting down and abandoning module ShaderFormatOpenGL (72)
[2014.07.05-03.53.08:392][633]LogModuleManager: Shutting down and abandoning module ShaderFormatD3D (71)
[2014.07.05-03.53.08:392][633]LogModuleManager: Shutting down and abandoning module TextureFormatUncompressed (70)
[2014.07.05-03.53.08:392][633]LogModuleManager: Shutting down and abandoning module TextureFormatPVR (69)
[2014.07.05-03.53.08:392][633]LogModuleManager: Shutting down and abandoning module TextureFormatDXT (68)
[2014.07.05-03.53.08:392][633]LogModuleManager: Shutting down and abandoning module TextureFormatAndroid (67)
[2014.07.05-03.53.08:392][633]LogModuleManager: Shutting down and abandoning module AudioFormatOpus (66)
[2014.07.05-03.53.08:392][633]LogModuleManager: Shutting down and abandoning module AudioFormatOgg (65)
[2014.07.05-03.53.08:392][633]LogModuleManager: Shutting down and abandoning module AudioFormatADPCM (64)
[2014.07.05-03.53.08:392][633]LogModuleManager: Shutting down and abandoning module Android_PVRTCTargetPlatform (63)
[2014.07.05-03.53.08:392][633]LogModuleManager: Shutting down and abandoning module Android_ETC2TargetPlatform (62)
[2014.07.05-03.53.08:392][633]LogModuleManager: Shutting down and abandoning module Android_ETC1TargetPlatform (61)
[2014.07.05-03.53.08:392][633]LogModuleManager: Shutting down and abandoning module Android_DXTTargetPlatform (60)
[2014.07.05-03.53.08:392][633]LogModuleManager: Shutting down and abandoning module Android_ATCTargetPlatform (59)
[2014.07.05-03.53.08:392][633]LogModuleManager: Shutting down and abandoning module AndroidTargetPlatform (58)
[2014.07.05-03.53.08:392][633]LogModuleManager: Shutting down and abandoning module WindowsTargetPlatform (57)
[2014.07.05-03.53.08:392][633]LogModuleManager: Shutting down and abandoning module WindowsServerTargetPlatform (56)
[2014.07.05-03.53.08:392][633]LogModuleManager: Shutting down and abandoning module WindowsNoEditorTargetPlatform (55)
[2014.07.05-03.53.08:392][633]LogModuleManager: Shutting down and abandoning module WindowsClientTargetPlatform (54)
[2014.07.05-03.53.08:392][633]LogModuleManager: Shutting down and abandoning module TargetPlatform (53)
[2014.07.05-03.53.08:392][633]LogModuleManager: Shutting down and abandoning module InputCore (52)
[2014.07.05-03.53.08:392][633]LogModuleManager: Shutting down and abandoning module Settings (51)
[2014.07.05-03.53.08:392][633]LogModuleManager: Shutting down and abandoning module TextureCompressor (48)
[2014.07.05-03.53.08:392][633]LogModuleManager: Shutting down and abandoning module ShaderCore (47)
[2014.07.05-03.53.08:392][633]LogModuleManager: Shutting down and abandoning module OpenGLDrv (46)
[2014.07.05-03.53.08:392][633]LogModuleManager: Shutting down and abandoning module D3D11RHI (45)
[2014.07.05-03.53.08:392][633]LogModuleManager: Shutting down and abandoning module SlateRHIRenderer (44)
[2014.07.05-03.53.08:392][633]LogModuleManager: Shutting down and abandoning module Renderer (43)
[2014.07.05-03.53.08:392][633]LogModuleManager: Shutting down and abandoning module Engine (42)
[2014.07.05-03.53.08:392][633]LogModuleManager: Shutting down and abandoning module SlateRemote (41)
[2014.07.05-03.53.08:392][633]LogModuleManager: Shutting down and abandoning module ScriptPlugin (40)
[2014.07.05-03.53.08:392][633]LogModuleManager: Shutting down and abandoning module ScriptEditorPlugin (38)
[2014.07.05-03.53.08:392][633]LogModuleManager: Shutting down and abandoning module WindowsMoviePlayer (37)
[2014.07.05-03.53.08:394][633]LogModuleManager: Shutting down and abandoning module ExampleDeviceProfileSelector (32)
[2014.07.05-03.53.08:394][633]LogModuleManager: Shutting down and abandoning module CustomMeshComponent (31)
[2014.07.05-03.53.08:394][633]LogModuleManager: Shutting down and abandoning module CableComponent (30)
[2014.07.05-03.53.08:394][633]LogModuleManager: Shutting down and abandoning module OculusRift (26)
[2014.07.05-03.53.08:394][633]LogModuleManager: Shutting down and abandoning module UdpMessaging (25)
[2014.07.05-03.53.08:494][633]LogModuleManager: Shutting down and abandoning module MessagingDebugger (24)
[2014.07.05-03.53.08:494][633]LogModuleManager: Shutting down and abandoning module PluginsEditor (14)
[2014.07.05-03.53.08:494][633]LogModuleManager: Shutting down and abandoning module IntroTutorials (13)
[2014.07.05-03.53.08:494][633]LogModuleManager: Shutting down and abandoning module EpicSurvey (12)
[2014.07.05-03.53.08:494][633]LogModuleManager: Shutting down and abandoning module VisualStudioSourceCodeAccess (10)
[2014.07.05-03.53.08:494][633]LogModuleManager: Shutting down and abandoning module UObjectPlugin (9)
[2014.07.05-03.53.08:494][633]LogModuleManager: Shutting down and abandoning module SubversionSourceControl (8)
[2014.07.05-03.53.08:494][633]LogModuleManager: Shutting down and abandoning module PerforceSourceControl (7)
[2014.07.05-03.53.08:494][633]LogModuleManager: Shutting down and abandoning module BlankPlugin (6)
[2014.07.05-03.53.08:494][633]LogModuleManager: Shutting down and abandoning module CoreUObject (5)
[2014.07.05-03.53.08:494][633]LogModuleManager: Shutting down and abandoning module NetworkFile (4)
[2014.07.05-03.53.08:494][633]LogModuleManager: Shutting down and abandoning module StreamingFile (3)
[2014.07.05-03.53.08:494][633]LogModuleManager: Shutting down and abandoning module SandboxFile (2)
[2014.07.05-03.53.08:494][633]LogModuleManager: Shutting down and abandoning module PakFile (1)
[2014.07.05-03.53.08:495][633]LogExit: Exiting.
[2014.07.05-03.53.08:500][633]Log file closed, 07/05/14 05:53:08
