Log file open, 07/22/14 00:01:37
LogInit:Display: Running engine for game: MyProject3
LogInit: Version: 4.3.0-2215663+++depot+UE4-Releases+4.3
LogInit: API Version: 2215663
LogInit: Compiled (64-bit): Jul 14 2014 22:23:33
LogInit: Build Configuration: Development
LogInit: Branch Name: ++depot+UE4-Releases+4.3
LogInit: Command line:  
LogInit: Base directory: E:/Unreal Engine/4.3/Engine/Binaries/Win64/
LogInit: Rocket: 1
[2014.07.21-22.01.37:992][  0]LogTaskGraph: Started task graph with 3 named threads and 6 total threads.
[2014.07.21-22.01.38:036][  0]LogOnline:Warning: No default platform service specified for OnlineSubsystem
[2014.07.21-22.01.38:041][  0]LogInit: Presizing for 0 objects not considered by GC, pre-allocating 0 bytes.
[2014.07.21-22.01.38:047][  0]LogInit: Object subsystem initialized
[2014.07.21-22.01.38:049][  0]LogInit: Selected Device Profile: [Windows]
[2014.07.21-22.01.38:049][  0]LogInit: Applying CVar settings loaded from the selected device profile: [Windows]
[2014.07.21-22.01.38:052][  0]LogInit: Computer: SPAEHLING-PC
[2014.07.21-22.01.38:052][  0]LogInit: User: Spaehling
[2014.07.21-22.01.38:052][  0]LogInit: CPU Page size=4096, Cores=6
[2014.07.21-22.01.38:052][  0]LogInit: High frequency timer resolution =3.126962 MHz
[2014.07.21-22.01.38:053][  0]LogMemory: Memory total: Physical=64.0GB (64GB approx) Virtual=8192.0GB
[2014.07.21-22.01.38:053][  0]LogMemory: Platform Memory Stats for Windows
[2014.07.21-22.01.38:053][  0]LogMemory: Process Physical Memory: 65.08 MB used, 65.08 MB peak
[2014.07.21-22.01.38:053][  0]LogMemory: Process Virtual Memory: 41.69 MB used, 41.69 MB peak
[2014.07.21-22.01.38:053][  0]LogMemory: Physical Memory: 6381.93 MB used, 65486.15 MB total
[2014.07.21-22.01.38:053][  0]LogMemory: Virtual Memory: 251.34 MB used, 8388608.00 MB total
[2014.07.21-22.01.38:086][  0]LogD3D11RHI: Found D3D11 adapter 0: NVIDIA GeForce GTX 690 (Feature Level 11_0)
[2014.07.21-22.01.38:086][  0]LogD3D11RHI: Adapter has 1990MB of dedicated video memory, 0MB of dedicated system memory, and 2048MB of shared system memory, 1 output[s]
[2014.07.21-22.01.38:105][  0]LogD3D11RHI: Found D3D11 adapter 1: NVIDIA GeForce GTX 690 (Feature Level 11_0)
[2014.07.21-22.01.38:105][  0]LogD3D11RHI: Adapter has 1990MB of dedicated video memory, 0MB of dedicated system memory, and 2048MB of shared system memory, 1 output[s]
[2014.07.21-22.01.38:105][  0]LogD3D11RHI: Chosen D3D11 Adapter Id = 0
[2014.07.21-22.01.38:110][  0]LogRHI: Texture pool is 1361 MB (70% of 1945 MB)
[2014.07.21-22.01.38:118][  0]LogD3D11RHI: Async texture creation enabled
[2014.07.21-22.01.38:161][  0]LogTextLocalizationManager:Warning: The selected culture 'de_DE' is not available; falling back to 'en'
[2014.07.21-22.01.38:216][  0]LogContentStreaming: Texture pool size is 0.000000MB
[2014.07.21-22.01.38:771][  0]LogTargetPlatformManager:Display: Building Assets For Windows
[2014.07.21-22.01.38:838][  0]LogTargetPlatformManager:Display: Building Assets For Windows
[2014.07.21-22.01.38:864][  0]LogDerivedDataCache:Display: Max Cache Size: 512 MB
[2014.07.21-22.01.38:897][  0]LogDerivedDataCache: Loaded boot cache 0.03s 39MB C:/Users/Spaehling/AppData/Local/UnrealEngine/4.3/DerivedDataCache/Boot.ddc.
[2014.07.21-22.01.38:897][  0]LogDerivedDataCache:Display: Loaded Boot cache: C:/Users/Spaehling/AppData/Local/UnrealEngine/4.3/DerivedDataCache/Boot.ddc
[2014.07.21-22.01.38:897][  0]LogDerivedDataCache: FDerivedDataBackendGraph:  Pak pak cache file D:/UDK4 Projects/Waagenbau/DerivedDataCache/DDC.ddp not found, will not use a pak cache.
[2014.07.21-22.01.38:897][  0]LogDerivedDataCache: Unable to find inner node Pak for hierarchical cache Hierarchy.
[2014.07.21-22.01.38:912][  0]LogDerivedDataCache:Display: Pak cache opened for reading ../../../Engine/DerivedDataCache/DDC.ddp.
[2014.07.21-22.01.38:924][  0]LogDerivedDataCache: Using Local data cache path C:/Users/Spaehling/AppData/Local/UnrealEngine/4.3/DerivedDataCache: Writable
[2014.07.21-22.01.39:043][  0]LogMeshUtilities: No automatic mesh reduction module available
[2014.07.21-22.01.39:043][  0]LogMeshUtilities: No automatic mesh merging module available
[2014.07.21-22.01.39:318][  0]LogInit: WinSock: version 1.1 (2.2), MaxSocks=32767, MaxUdp=65467
[2014.07.21-22.01.39:854][  0]LogLinker:Warning: Asset '../../../Engine/Plugins/Experimental/Paper2D/Content/DefaultPaperTerrainMaterial.uasset' has been saved with empty engine version. The asset will be loaded but may be incompatible.
[2014.07.21-22.01.39:854][  0]LogLinker:Warning: Asset '../../../Engine/Plugins/Experimental/Paper2D/Content/DummySprite.uasset' has been saved with empty engine version. The asset will be loaded but may be incompatible.
[2014.07.21-22.01.39:855][  0]UdpMessaging: Initializing bridge on interface 0.0.0.0:0 to multicast group 230.0.0.1:6666.
[2014.07.21-22.01.39:921][  0]SourceControl: Info Source control is disabled
[2014.07.21-22.01.39:921][  0]SourceControl: Info Source control is disabled
[2014.07.21-22.01.39:925][  0]SourceControl: Info Source control is disabled
[2014.07.21-22.01.40:009][  0]BlueprintLog: New page: Editor Load
[2014.07.21-22.01.40:037][  0]LogObj: 20265 objects as part of root set at end of initial load.
[2014.07.21-22.01.40:037][  0]LogUObjectAllocator: 4015024 out of 0 bytes used by permanent object pool.
[2014.07.21-22.01.40:162][  0]LogEngine: Initializing Engine...
[2014.07.21-22.01.40:252][  0]LogInit: XAudio2 using 'Lautsprecher (Corsair Vengeance 2000 Headset)' : 8 channels at 44.1 kHz using 16 bits per sample (channel mask 0x63f)
[2014.07.21-22.01.40:260][  0]LogInit: FAudioDevice initialized.
[2014.07.21-22.01.40:269][  0]LogAIModule: Creating AISystem for world NewWorld
[2014.07.21-22.01.40:288][  0]LogDerivedDataCache: Saved boot cache 0.02s 39MB C:/Users/Spaehling/AppData/Local/UnrealEngine/4.3/DerivedDataCache/Boot.ddc.
[2014.07.21-22.01.40:292][  0]LogInit: Texture streaming: Enabled
[2014.07.21-22.01.40:310][  0]LogInit: Transaction tracking system initialized
[2014.07.21-22.01.40:371][  0]LogAssetRegistry: FAssetRegistry took 0.0093 seconds to start up
[2014.07.21-22.01.40:464][  0]LogTargetPlatformManager:Display: Building Assets For Windows
[2014.07.21-22.01.40:488][  0]LogTargetPlatformManager:Display: Building Assets For Windows
[2014.07.21-22.01.40:554][  0]LogConsoleResponse:Display: 
[2014.07.21-22.01.40:655][  0]SourceControl: Info Source control is disabled
[2014.07.21-22.01.40:655][  0]Cmd: MAP LOAD FILE="D:/UDK4 Projects/Waagenbau/Content/Maps/waagenbau.umap" TEMPLATE=0 SHOWPROGRESS=1
[2014.07.21-22.01.40:656][  0]LightingResults: New page: Lighting Build
[2014.07.21-22.01.40:660][  0]MapCheck: New page: Map Check
[2014.07.21-22.01.40:660][  0]LightingResults: New page: Lighting Build
[2014.07.21-22.01.40:666][  0]LogParticles: Destroying 0 GPU particle simulations for FXSystem 0x00000000107E9440
[2014.07.21-22.01.40:971][  0]LogBlueprint:Warning: [male_bot_all] CreatePinForVariable: 'Dancing High' variable not found. Base class was probably changed.
[2014.07.21-22.01.41:006][  0]LogBlueprint:Warning: [compiler] Warning Unable to find variable with name 'Dancing High' for  Get Dancing High 
[2014.07.21-22.01.41:009][  0]LogBlueprint:Error: [compiler] Error The property associated with  Dancing High  could not be found
[2014.07.21-22.01.41:010][  0]LogBlueprint:Warning: [compiler] Warning [0003.63] Compile of male_bot_all failed. 1 Fatal Issue(s) 1 Warning(s) [in 18 ms]
[2014.07.21-22.01.41:085][  0]LogBlueprint:Warning: [female_idle_walk_run] CreatePinForVariable: 'Dancing High' variable not found. Base class was probably changed.
[2014.07.21-22.01.41:106][  0]LogBlueprint:Warning: [compiler] Warning Unable to find variable with name 'Dancing High' for  Get Dancing High 
[2014.07.21-22.01.41:108][  0]LogBlueprint:Error: [compiler] Error The property associated with  Dancing High  could not be found
[2014.07.21-22.01.41:109][  0]LogBlueprint:Warning: [compiler] Warning [0003.72] Compile of female_idle_walk_run failed. 1 Fatal Issue(s) 1 Warning(s) [in 10 ms]
[2014.07.21-22.01.41:120][  0]LogBlueprint:Warning: [female_idle_walk_run] CreatePinForVariable: 'Dancing High' variable not found. Base class was probably changed.
[2014.07.21-22.01.42:030][  0]LogBlueprint:Warning: Node '/Game/Blueprints/Assets/Cigarettes.cigarettes:UserConstructionScript.K2Node_VariableGet_424' missing NodeGuid.
[2014.07.21-22.01.42:478][  0]LogBlueprintUserMessages:Warning: SetTimer passed a bad function () or object (DiscoLight_1_C_19)
[2014.07.21-22.01.42:478][  0]LogBlueprintUserMessages:Warning: SetTimer passed a bad function () or object (DiscoLight_1_C_24)
[2014.07.21-22.01.42:479][  0]LogBlueprintUserMessages:Warning: SetTimer passed a bad function () or object (DiscoLight_1_C_25)
[2014.07.21-22.01.42:480][  0]LogBlueprintUserMessages:Warning: SetTimer passed a bad function () or object (DiscoLight_1_C_26)
[2014.07.21-22.01.42:480][  0]LogBlueprintUserMessages:Warning: SetTimer passed a bad function () or object (DiscoLight_1_C_27)
[2014.07.21-22.01.42:481][  0]LogBlueprintUserMessages:Warning: SetTimer passed a bad function () or object (DiscoLight_1_C_28)
[2014.07.21-22.01.42:482][  0]LogBlueprintUserMessages:Warning: SetTimer passed a bad function () or object (DiscoLight_1_C_29)
[2014.07.21-22.01.42:482][  0]LogBlueprintUserMessages:Warning: SetTimer passed a bad function () or object (DiscoLight_1_C_30)
[2014.07.21-22.01.42:483][  0]LogBlueprintUserMessages:Warning: SetTimer passed a bad function () or object (DiscoLight_1_C_31)
[2014.07.21-22.01.42:484][  0]LogBlueprintUserMessages:Warning: SetTimer passed a bad function () or object (DiscoLight_1_C_32)
[2014.07.21-22.01.42:484][  0]LogBlueprintUserMessages:Warning: SetTimer passed a bad function () or object (DiscoLight_1_C_33)
[2014.07.21-22.01.42:485][  0]LogBlueprintUserMessages:Warning: SetTimer passed a bad function () or object (DiscoLight_1_C_34)
[2014.07.21-22.01.42:486][  0]LogBlueprintUserMessages:Warning: SetTimer passed a bad function () or object (DiscoLight_1_C_35)
[2014.07.21-22.01.42:486][  0]LogBlueprintUserMessages:Warning: SetTimer passed a bad function () or object (DiscoLight_1_C_36)
[2014.07.21-22.01.42:487][  0]LogBlueprintUserMessages:Warning: SetTimer passed a bad function () or object (DiscoLight_1_C_37)
[2014.07.21-22.01.42:487][  0]LogBlueprintUserMessages:Warning: SetTimer passed a bad function () or object (DiscoLight_1_C_38)
[2014.07.21-22.01.42:488][  0]LogBlueprintUserMessages:Warning: SetTimer passed a bad function () or object (DiscoLight_1_C_39)
[2014.07.21-22.01.42:489][  0]LogBlueprintUserMessages:Warning: SetTimer passed a bad function () or object (DiscoLight_1_C_40)
[2014.07.21-22.01.42:490][  0]LogBlueprintUserMessages:Warning: SetTimer passed a bad function () or object (DiscoLight_1_C_41)
[2014.07.21-22.01.42:490][  0]LogBlueprintUserMessages:Warning: SetTimer passed a bad function () or object (DiscoLight_1_C_42)
[2014.07.21-22.01.42:491][  0]LogBlueprintUserMessages:Warning: SetTimer passed a bad function () or object (DiscoLight_1_C_43)
[2014.07.21-22.01.42:491][  0]LogBlueprintUserMessages:Warning: SetTimer passed a bad function () or object (DiscoLight_1_C_44)
[2014.07.21-22.01.42:492][  0]LogBlueprintUserMessages:Warning: SetTimer passed a bad function () or object (DiscoLight_1_C_45)
[2014.07.21-22.01.42:493][  0]LogBlueprintUserMessages:Warning: SetTimer passed a bad function () or object (WallSconce_24)
[2014.07.21-22.01.43:843][  0]LogEditorServer: Finished looking for orphan Actors (0.000 secs)
[2014.07.21-22.01.43:844][  0]LogAIModule: Creating AISystem for world waagenbau
[2014.07.21-22.01.43:844][  0]Cmd: MAP CHECKDEP
[2014.07.21-22.01.43:844][  0]MapCheck: New page: waagenbau - Jul 22, 2014, 2:01:43 AM
[2014.07.21-22.01.43:911][  0]MapCheck: Info ========== Map Check: 0 Error(s), 0 Warning(s), [66.442ms] ==========
[2014.07.21-22.01.43:911][  0]LogFileHelpers: Loading map 'waagenbau' took 3.255
[2014.07.21-22.01.44:106][  0]LogCrashTracker: Crashtracker disabled due to settings.
[2014.07.21-22.01.44:166][  0]LogLoad: Full Startup: 6.78 seconds (BP compile: 0.44 seconds)
[2014.07.21-22.01.44:300][  0]LogRenderer:Warning: Reallocating scene render targets to support 32x32.
[2014.07.21-22.01.44:355][  0]LogSlate: SRTH: 000000002681FDC0, 1156 x 853
[2014.07.21-22.01.44:396][  0]LogRenderer:Warning: Reallocating scene render targets to support 1160x856.
[2014.07.21-22.01.44:680][  1]LogEpicStorage:Warning: EnumerateFiles request failed. Invalid response. code=403 error=<?xml version="1.0" encoding="UTF-8"?>
<Error><Code>AccessDenied</Code><Message>Access Denied</Message><RequestId>62CEF63B6AE2DE58</RequestId><HostId>H8bvdCd8PBwxdMVKdvlIW0rneUC/eixSINAzoGCs69zGU3dvj8U6mwbkvq8qHROL</HostId></Error>
[2014.07.21-22.01.44:807][  2]LogEpicSurvey:Warning: EnumerateFiles request failed. Invalid response. code=403 error=<?xml version="1.0" encoding="UTF-8"?>
<Error><Code>AccessDenied</Code><Message>Access Denied</Message><RequestId>E25949F99312B531</RequestId><HostId>VQt1DnuDy52v61DF/gDUZaRC0MfTlfzHveg6MqkhfGWdXgV8q/KQ3CAni9oyFtuM</HostId></Error>
[2014.07.21-22.01.44:823][  2]LogAssetRegistry: Asset discovery search completed in 4.4622 seconds
[2014.07.21-22.01.44:842][  3]LogEpicStorage:Warning: EnumerateFiles request failed. Invalid response. code=403 error=<?xml version="1.0" encoding="UTF-8"?>
<Error><Code>AccessDenied</Code><Message>Access Denied</Message><RequestId>62CEF63B6AE2DE58</RequestId><HostId>H8bvdCd8PBwxdMVKdvlIW0rneUC/eixSINAzoGCs69zGU3dvj8U6mwbkvq8qHROL</HostId></Error>
[2014.07.21-22.01.44:860][  4]LogEpicSurvey:Warning: EnumerateFiles request failed. Invalid response. code=403 error=<?xml version="1.0" encoding="UTF-8"?>
<Error><Code>AccessDenied</Code><Message>Access Denied</Message><RequestId>E25949F99312B531</RequestId><HostId>VQt1DnuDy52v61DF/gDUZaRC0MfTlfzHveg6MqkhfGWdXgV8q/KQ3CAni9oyFtuM</HostId></Error>
[2014.07.21-22.01.44:915][ 10]LogEpicStorage:Warning: ReadFile request failed. File request already pending for filename=http://cdn.unrealengine.com/newsfeed/blueprint_icon_b.png
[2014.07.21-22.01.44:916][ 10]LogEpicStorage:Warning: ReadFile request failed. File request already pending for filename=http://cdn.unrealengine.com/newsfeed/blueprint_icon_b.png
[2014.07.21-22.01.45:082][ 29]LogEpicSurvey:Warning: EnumerateFiles request failed. Invalid response. code=403 error=<?xml version="1.0" encoding="UTF-8"?>
<Error><Code>AccessDenied</Code><Message>Access Denied</Message><RequestId>3E0A9B949CBE3063</RequestId><HostId>WGgxPuMyUhPj9UewS/QnhkMEJfVRnM/i2C3eHgArrrhlUuJmNVZBA5sTIzh/I4OD</HostId></Error>
[2014.07.21-22.02.51:669][487]LogCollectionManager: Loaded 0 collections in 0.000688 seconds
[2014.07.21-22.03.04:224][913]LogEditorViewport: Clicking on Actor (LMB): BotCharacter_Male_C (BotCharacter_10)
[2014.07.21-22.03.09:566][ 89]LogPlayLevel: PIE:  No blueprints needed recompiling
[2014.07.21-22.03.14:988][208]LogActorComponent: UnregisterComponent: (/Engine/Transient.CharacterMovementComponent_0) Not registered. Aborting.
[2014.07.21-22.03.15:041][208]LogParticles: Destroying 0 GPU particle simulations for FXSystem 0x0000000021F21F80
[2014.07.21-22.03.16:465][209]Cmd: QUIT_EDITOR
[2014.07.21-22.03.16:561][209]LogWindowsTextInputMethodSystem:Error: Terminating failed while unadvising the language notification sink from the TSF source.
[2014.07.21-22.03.16:562][209]LogExit: Preparing to exit.
[2014.07.21-22.03.17:122][209]LogExit: Editor shut down
[2014.07.21-22.03.17:123][209]LogExit: Transaction tracking system shut down
[2014.07.21-22.03.17:125][209]LogParticles: Destroying 0 GPU particle simulations for FXSystem 0x000000001FAFE020
[2014.07.21-22.03.17:159][209]LogParticles: Destroying 0 GPU particle simulations for FXSystem 0x0000000025ED8900
[2014.07.21-22.03.17:159][209]LogParticles: Destroying 0 GPU particle simulations for FXSystem 0x0000000025F9E520
[2014.07.21-22.03.17:159][209]LogParticles: Destroying 0 GPU particle simulations for FXSystem 0x0000000025F9E480
[2014.07.21-22.03.17:159][209]LogParticles: Destroying 0 GPU particle simulations for FXSystem 0x000000001C8D5620
[2014.07.21-22.03.17:159][209]LogExit: Object subsystem successfully closed.
[2014.07.21-22.03.17:183][209]LogModuleManager: Shutting down and abandoning module CollectionManager (173)
[2014.07.21-22.03.17:183][209]LogModuleManager: Shutting down and abandoning module EditorWidgets (172)
[2014.07.21-22.03.17:183][209]LogModuleManager: Shutting down and abandoning module AndroidDeviceDetection (171)
[2014.07.21-22.03.17:183][209]LogModuleManager: Shutting down and abandoning module GameLiveStreaming (170)
[2014.07.21-22.03.17:183][209]LogModuleManager: Shutting down and abandoning module CrashTracker (169)
[2014.07.21-22.03.17:183][209]LogModuleManager: Shutting down and abandoning module HTTP (168)
[2014.07.21-22.03.17:183][209]LogModuleManager: Shutting down and abandoning module NewsFeed (167)
[2014.07.21-22.03.17:183][209]LogModuleManager: Shutting down and abandoning module SceneOutliner (166)
[2014.07.21-22.03.17:183][209]LogModuleManager: Shutting down and abandoning module StatsViewer (165)
[2014.07.21-22.03.17:183][209]LogModuleManager: Shutting down and abandoning module FoliageEdit (164)
[2014.07.21-22.03.17:183][209]LogModuleManager: Shutting down and abandoning module LandscapeEditor (163)
[2014.07.21-22.03.17:183][209]LogModuleManager: Shutting down and abandoning module MeshPaint (162)
[2014.07.21-22.03.17:183][209]LogModuleManager: Shutting down and abandoning module ActorPickerMode (161)
[2014.07.21-22.03.17:183][209]LogModuleManager: Shutting down and abandoning module GeometryMode (160)
[2014.07.21-22.03.17:183][209]LogModuleManager: Shutting down and abandoning module TextureAlignMode (159)
[2014.07.21-22.03.17:183][209]LogModuleManager: Shutting down and abandoning module BspMode (158)
[2014.07.21-22.03.17:183][209]LogModuleManager: Shutting down and abandoning module PlacementMode (157)
[2014.07.21-22.03.17:183][209]LogModuleManager: Shutting down and abandoning module DesktopPlatform (156)
[2014.07.21-22.03.17:183][209]LogModuleManager: Shutting down and abandoning module AutomationWorker (155)
[2014.07.21-22.03.17:183][209]LogModuleManager: Shutting down and abandoning module EditorLiveStreaming (154)
[2014.07.21-22.03.17:183][209]LogModuleManager: Shutting down and abandoning module DeviceProfileEditor (153)
[2014.07.21-22.03.17:183][209]LogModuleManager: Shutting down and abandoning module UndoHistory (152)
[2014.07.21-22.03.17:183][209]LogModuleManager: Shutting down and abandoning module GameplayTagsEditor (151)
[2014.07.21-22.03.17:183][209]LogModuleManager: Shutting down and abandoning module UserFeedback (150)
[2014.07.21-22.03.17:183][209]LogModuleManager: Shutting down and abandoning module XmlParser (149)
[2014.07.21-22.03.17:183][209]LogModuleManager: Shutting down and abandoning module Blutility (148)
[2014.07.21-22.03.17:183][209]LogModuleManager: Shutting down and abandoning module IOSPlatformEditor (147)
[2014.07.21-22.03.17:183][209]LogModuleManager: Shutting down and abandoning module IOSRuntimeSettings (146)
[2014.07.21-22.03.17:183][209]LogModuleManager: Shutting down and abandoning module AndroidPlatformEditor (145)
[2014.07.21-22.03.17:183][209]LogModuleManager: Shutting down and abandoning module AndroidRuntimeSettings (144)
[2014.07.21-22.03.17:183][209]LogModuleManager: Shutting down and abandoning module ProjectTargetPlatformEditor (143)
[2014.07.21-22.03.17:183][209]LogModuleManager: Shutting down and abandoning module ProjectSettingsViewer (142)
[2014.07.21-22.03.17:183][209]LogModuleManager: Shutting down and abandoning module InputBindingEditor (141)
[2014.07.21-22.03.17:183][209]LogModuleManager: Shutting down and abandoning module EditorSettingsViewer (140)
[2014.07.21-22.03.17:183][209]LogModuleManager: Shutting down and abandoning module SettingsEditor (139)
[2014.07.21-22.03.17:184][209]LogModuleManager: Shutting down and abandoning module SessionLauncher (138)
[2014.07.21-22.03.17:184][209]LogModuleManager: Shutting down and abandoning module SessionFrontend (137)
[2014.07.21-22.03.17:184][209]LogModuleManager: Shutting down and abandoning module ProfilerClient (136)
[2014.07.21-22.03.17:184][209]LogModuleManager: Shutting down and abandoning module TargetDeviceServices (135)
[2014.07.21-22.03.17:184][209]LogModuleManager: Shutting down and abandoning module DeviceManager (134)
[2014.07.21-22.03.17:184][209]LogModuleManager: Shutting down and abandoning module AutomationController (133)
[2014.07.21-22.03.17:184][209]LogModuleManager: Shutting down and abandoning module AutomationWindow (132)
[2014.07.21-22.03.17:184][209]LogModuleManager: Shutting down and abandoning module Layers (131)
[2014.07.21-22.03.17:184][209]LogModuleManager: Shutting down and abandoning module ComponentVisualizers (130)
[2014.07.21-22.03.17:184][209]LogModuleManager: Shutting down and abandoning module DetailCustomizations (129)
[2014.07.21-22.03.17:184][209]LogModuleManager: Shutting down and abandoning module PackagesDialog (128)
[2014.07.21-22.03.17:184][209]LogModuleManager: Shutting down and abandoning module DirectoryWatcher (127)
[2014.07.21-22.03.17:184][209]LogModuleManager: Shutting down and abandoning module AssetRegistry (126)
[2014.07.21-22.03.17:229][209]LogModuleManager: Shutting down and abandoning module Persona (125)
[2014.07.21-22.03.17:229][209]LogModuleManager: Shutting down and abandoning module GraphEditor (124)
[2014.07.21-22.03.17:229][209]LogModuleManager: Shutting down and abandoning module ClassViewer (123)
[2014.07.21-22.03.17:230][209]LogModuleManager: Shutting down and abandoning module Toolbox (122)
[2014.07.21-22.03.17:230][209]LogModuleManager: Shutting down and abandoning module ModuleUI (121)
[2014.07.21-22.03.17:230][209]LogModuleManager: Shutting down and abandoning module Sequencer (120)
[2014.07.21-22.03.17:230][209]LogModuleManager: Shutting down and abandoning module MovieSceneTools (119)
[2014.07.21-22.03.17:230][209]LogModuleManager: Shutting down and abandoning module OutputLog (118)
[2014.07.21-22.03.17:230][209]LogModuleManager: Shutting down and abandoning module GammaUI (117)
[2014.07.21-22.03.17:230][209]LogModuleManager: Shutting down and abandoning module Documentation (116)
[2014.07.21-22.03.17:230][209]LogModuleManager: Shutting down and abandoning module StreamingPauseRendering (115)
[2014.07.21-22.03.17:230][209]LogModuleManager: Shutting down and abandoning module AnalyticsET (114)
[2014.07.21-22.03.17:230][209]LogModuleManager: Shutting down and abandoning module Analytics (113)
[2014.07.21-22.03.17:230][209]LogModuleManager: Shutting down and abandoning module GameplayDebugger (112)
[2014.07.21-22.03.17:230][209]LogModuleManager: Shutting down and abandoning module AIModule (111)
[2014.07.21-22.03.17:230][209]LogModuleManager: Shutting down and abandoning module ProfilerService (110)
[2014.07.21-22.03.17:303][209]LogModuleManager: Shutting down and abandoning module TaskGraph (109)
[2014.07.21-22.03.17:303][209]LogModuleManager: Shutting down and abandoning module ViewportSnapping (108)
[2014.07.21-22.03.17:303][209]LogModuleManager: Shutting down and abandoning module GameProjectGeneration (107)
[2014.07.21-22.03.17:303][209]LogModuleManager: Shutting down and abandoning module Matinee (106)
[2014.07.21-22.03.17:303][209]LogModuleManager: Shutting down and abandoning module Kismet (105)
[2014.07.21-22.03.17:303][209]LogModuleManager: Shutting down and abandoning module SlateReflector (104)
[2014.07.21-22.03.17:303][209]LogModuleManager: Shutting down and abandoning module LevelEditor (103)
[2014.07.21-22.03.17:304][209]LogModuleManager: Shutting down and abandoning module IntroTutorials (102)
[2014.07.21-22.03.17:304][209]LogModuleManager: Shutting down and abandoning module ContentBrowser (101)
[2014.07.21-22.03.17:304][209]LogModuleManager: Shutting down and abandoning module MainFrame (100)
[2014.07.21-22.03.17:304][209]LogModuleManager: Shutting down and abandoning module SourceControl (99)
[2014.07.21-22.03.17:304][209]LogModuleManager: Shutting down and abandoning module ImageWrapper (98)
[2014.07.21-22.03.17:304][209]LogModuleManager: Shutting down and abandoning module OnlineBlueprintSupport (97)
[2014.07.21-22.03.17:304][209]LogModuleManager: Shutting down and abandoning module PropertyEditor (96)
[2014.07.21-22.03.17:304][209]LogModuleManager: Shutting down and abandoning module AssetTools (95)
[2014.07.21-22.03.17:304][209]LogModuleManager: Shutting down and abandoning module BehaviorTreeEditor (94)
[2014.07.21-22.03.17:304][209]LogModuleManager: Shutting down and abandoning module FunctionalTesting (93)
[2014.07.21-22.03.17:304][209]LogModuleManager: Shutting down and abandoning module CollisionAnalyzer (92)
[2014.07.21-22.03.17:304][209]LogModuleManager: Shutting down and abandoning module WorkspaceMenuStructure (91)
[2014.07.21-22.03.17:304][209]LogModuleManager: Shutting down and abandoning module MessageLog (90)
[2014.07.21-22.03.17:304][209]LogModuleManager: Shutting down and abandoning module Slate (89)
[2014.07.21-22.03.17:304][209]LogModuleManager: Shutting down and abandoning module EditorStyle (88)
[2014.07.21-22.03.17:305][209]LogModuleManager: Shutting down and abandoning module SessionServices (87)
[2014.07.21-22.03.17:305][209]LogModuleManager: Shutting down and abandoning module SourceCodeAccess (86)
[2014.07.21-22.03.17:305][209]LogModuleManager: Shutting down and abandoning module HeadMountedDisplay (85)
[2014.07.21-22.03.17:305][209]LogModuleManager: Shutting down and abandoning module XAudio2 (84)
[2014.07.21-22.03.17:305][209]LogModuleManager: Shutting down and abandoning module Networking (82)
[2014.07.21-22.03.17:305][209]LogModuleManager: Shutting down and abandoning module Core (81)
[2014.07.21-22.03.17:305][209]LogModuleManager: Shutting down and abandoning module KismetCompiler (80)
[2014.07.21-22.03.17:305][209]LogModuleManager: Shutting down and abandoning module PhysXFormats (79)
[2014.07.21-22.03.17:305][209]LogModuleManager: Shutting down and abandoning module MeshUtilities (78)
[2014.07.21-22.03.17:305][209]LogModuleManager: Shutting down and abandoning module DerivedDataCache (77)
[2014.07.21-22.03.17:420][209]LogDerivedDataCache: Shutdown
[2014.07.21-22.03.17:420][209]LogModuleManager: Shutting down and abandoning module ShaderFormatOpenGL (76)
[2014.07.21-22.03.17:420][209]LogModuleManager: Shutting down and abandoning module ShaderFormatD3D (75)
[2014.07.21-22.03.17:420][209]LogModuleManager: Shutting down and abandoning module MetalShaderFormat (74)
[2014.07.21-22.03.17:420][209]LogModuleManager: Shutting down and abandoning module TextureFormatUncompressed (73)
[2014.07.21-22.03.17:420][209]LogModuleManager: Shutting down and abandoning module TextureFormatPVR (72)
[2014.07.21-22.03.17:420][209]LogModuleManager: Shutting down and abandoning module TextureFormatDXT (71)
[2014.07.21-22.03.17:420][209]LogModuleManager: Shutting down and abandoning module TextureFormatAndroid (70)
[2014.07.21-22.03.17:420][209]LogModuleManager: Shutting down and abandoning module AudioFormatOpus (69)
[2014.07.21-22.03.17:420][209]LogModuleManager: Shutting down and abandoning module AudioFormatOgg (68)
[2014.07.21-22.03.17:420][209]LogModuleManager: Shutting down and abandoning module AudioFormatADPCM (67)
[2014.07.21-22.03.17:420][209]LogModuleManager: Shutting down and abandoning module Messaging (66)
[2014.07.21-22.03.17:420][209]LogModuleManager: Shutting down and abandoning module IOSTargetPlatform (65)
[2014.07.21-22.03.17:420][209]LogModuleManager: Shutting down and abandoning module Android_PVRTCTargetPlatform (64)
[2014.07.21-22.03.17:420][209]LogModuleManager: Shutting down and abandoning module Android_ETC2TargetPlatform (63)
[2014.07.21-22.03.17:421][209]LogModuleManager: Shutting down and abandoning module Android_ETC1TargetPlatform (62)
[2014.07.21-22.03.17:421][209]LogModuleManager: Shutting down and abandoning module Android_DXTTargetPlatform (61)
[2014.07.21-22.03.17:421][209]LogModuleManager: Shutting down and abandoning module Android_ATCTargetPlatform (60)
[2014.07.21-22.03.17:421][209]LogModuleManager: Shutting down and abandoning module AndroidTargetPlatform (59)
[2014.07.21-22.03.17:421][209]LogModuleManager: Shutting down and abandoning module WindowsTargetPlatform (58)
[2014.07.21-22.03.17:421][209]LogModuleManager: Shutting down and abandoning module WindowsServerTargetPlatform (57)
[2014.07.21-22.03.17:421][209]LogModuleManager: Shutting down and abandoning module WindowsNoEditorTargetPlatform (56)
[2014.07.21-22.03.17:421][209]LogModuleManager: Shutting down and abandoning module WindowsClientTargetPlatform (55)
[2014.07.21-22.03.17:421][209]LogModuleManager: Shutting down and abandoning module TargetPlatform (54)
[2014.07.21-22.03.17:421][209]LogModuleManager: Shutting down and abandoning module InputCore (53)
[2014.07.21-22.03.17:421][209]LogModuleManager: Shutting down and abandoning module Settings (52)
[2014.07.21-22.03.17:421][209]LogModuleManager: Shutting down and abandoning module TextureCompressor (49)
[2014.07.21-22.03.17:421][209]LogModuleManager: Shutting down and abandoning module ShaderCore (48)
[2014.07.21-22.03.17:421][209]LogModuleManager: Shutting down and abandoning module OpenGLDrv (47)
[2014.07.21-22.03.17:421][209]LogModuleManager: Shutting down and abandoning module D3D11RHI (46)
[2014.07.21-22.03.17:421][209]LogModuleManager: Shutting down and abandoning module SlateRHIRenderer (45)
[2014.07.21-22.03.17:421][209]LogModuleManager: Shutting down and abandoning module Renderer (44)
[2014.07.21-22.03.17:421][209]LogModuleManager: Shutting down and abandoning module Engine (43)
[2014.07.21-22.03.17:421][209]LogModuleManager: Shutting down and abandoning module SlateRemote (42)
[2014.07.21-22.03.17:421][209]LogModuleManager: Shutting down and abandoning module ScriptPlugin (41)
[2014.07.21-22.03.17:421][209]LogModuleManager: Shutting down and abandoning module ScriptEditorPlugin (39)
[2014.07.21-22.03.17:421][209]LogModuleManager: Shutting down and abandoning module WindowsMoviePlayer (38)
[2014.07.21-22.03.17:430][209]LogModuleManager: Shutting down and abandoning module ExampleDeviceProfileSelector (31)
[2014.07.21-22.03.17:430][209]LogModuleManager: Shutting down and abandoning module CustomMeshComponent (30)
[2014.07.21-22.03.17:430][209]LogModuleManager: Shutting down and abandoning module CableComponent (29)
[2014.07.21-22.03.17:430][209]LogModuleManager: Shutting down and abandoning module OculusRift (25)
[2014.07.21-22.03.17:430][209]LogModuleManager: Shutting down and abandoning module UdpMessaging (24)
[2014.07.21-22.03.17:530][209]LogModuleManager: Shutting down and abandoning module MessagingDebugger (23)
[2014.07.21-22.03.17:530][209]LogModuleManager: Shutting down and abandoning module SmartSnapping (21)
[2014.07.21-22.03.17:530][209]LogModuleManager: Shutting down and abandoning module PaperJsonImporter (20)
[2014.07.21-22.03.17:530][209]LogModuleManager: Shutting down and abandoning module Paper2DEditor (19)
[2014.07.21-22.03.17:530][209]LogModuleManager: Shutting down and abandoning module Paper2D (18)
[2014.07.21-22.03.17:530][209]LogModuleManager: Shutting down and abandoning module SpeedTreeImporter (14)
[2014.07.21-22.03.17:530][209]LogModuleManager: Shutting down and abandoning module PluginsEditor (13)
[2014.07.21-22.03.17:530][209]LogModuleManager: Shutting down and abandoning module EpicSurvey (12)
[2014.07.21-22.03.17:530][209]LogModuleManager: Shutting down and abandoning module VisualStudioSourceCodeAccess (10)
[2014.07.21-22.03.17:530][209]LogModuleManager: Shutting down and abandoning module UObjectPlugin (9)
[2014.07.21-22.03.17:530][209]LogModuleManager: Shutting down and abandoning module SubversionSourceControl (8)
[2014.07.21-22.03.17:530][209]LogModuleManager: Shutting down and abandoning module PerforceSourceControl (7)
[2014.07.21-22.03.17:530][209]LogModuleManager: Shutting down and abandoning module BlankPlugin (6)
[2014.07.21-22.03.17:530][209]LogModuleManager: Shutting down and abandoning module CoreUObject (5)
[2014.07.21-22.03.17:530][209]LogModuleManager: Shutting down and abandoning module NetworkFile (4)
[2014.07.21-22.03.17:530][209]LogModuleManager: Shutting down and abandoning module StreamingFile (3)
[2014.07.21-22.03.17:530][209]LogModuleManager: Shutting down and abandoning module SandboxFile (2)
[2014.07.21-22.03.17:530][209]LogModuleManager: Shutting down and abandoning module PakFile (1)
[2014.07.21-22.03.17:531][209]LogExit: Exiting.
[2014.07.21-22.03.17:536][209]Log file closed, 07/22/14 00:03:17
