Log file open, 07/01/14 16:50:01
LogInit:Display: Running engine for game: MyProject3
LogInit: Version: 4.2.1-2101290+++depot+UE4-Releases+4.2
LogInit: Compiled (64-bit): Jun 10 2014 22:21:56
LogInit: Build Configuration: Development
LogInit: Branch Name: ++depot+UE4-Releases+4.2
LogInit: Command line:  
LogInit: Base directory: E:/Unreal Engine/4.2/Engine/Binaries/Win64/
LogInit: Rocket: 1
[2014.07.01-14.50.01:176][  0]LogTaskGraph: Started task graph with 3 named threads and 6 total threads.
[2014.07.01-14.50.01:220][  0]LogOnline:Warning: No default platform service specified for OnlineSubsystem
[2014.07.01-14.50.01:226][  0]LogInit: Presizing for 0 objects not considered by GC, pre-allocating 0 bytes.
[2014.07.01-14.50.01:232][  0]LogInit: Object subsystem initialized
[2014.07.01-14.50.01:234][  0]LogInit: Selected Device Profile: [Windows]
[2014.07.01-14.50.01:234][  0]LogInit: Applying CVar settings loaded from the selected device profile: [Windows]
[2014.07.01-14.50.01:236][  0]LogInit: Computer: SPAEHLING-PC
[2014.07.01-14.50.01:237][  0]LogInit: User: Spaehling
[2014.07.01-14.50.01:237][  0]LogInit: CPU Page size=4096, Cores=6
[2014.07.01-14.50.01:237][  0]LogInit: High frequency timer resolution =3.126943 MHz
[2014.07.01-14.50.01:237][  0]LogMemory: Memory total: Physical=64.0GB (64GB approx) Virtual=8192.0GB
[2014.07.01-14.50.01:237][  0]LogMemory: Platform Memory Stats for Windows
[2014.07.01-14.50.01:237][  0]LogMemory: Process Physical Memory: 57.48 MB used, 57.48 MB peak
[2014.07.01-14.50.01:237][  0]LogMemory: Process Virtual Memory: 33.52 MB used, 33.67 MB peak
[2014.07.01-14.50.01:237][  0]LogMemory: Physical Memory: 7848.19 MB used, 65486.15 MB total
[2014.07.01-14.50.01:237][  0]LogMemory: Virtual Memory: 241.65 MB used, 8388608.00 MB total
[2014.07.01-14.50.01:370][  0]LogD3D11RHI: Found D3D11 adapter 0: NVIDIA GeForce GTX 690 (Feature Level 11_0)
[2014.07.01-14.50.01:370][  0]LogD3D11RHI: Adapter has 1990MB of dedicated video memory, 0MB of dedicated system memory, and 2048MB of shared system memory, 1 output[s]
[2014.07.01-14.50.01:370][  0]LogD3D11RHI: Chosen D3D11 Adapter Id = 0
[2014.07.01-14.50.01:374][  0]LogRHI: Texture pool is 1361 MB (70% of 1945 MB)
[2014.07.01-14.50.01:383][  0]LogD3D11RHI: Async texture creation enabled
[2014.07.01-14.50.01:462][  0]LogTextLocalizationManager:Warning: The selected culture 'de_DE' is not available; falling back to 'en'
[2014.07.01-14.50.01:512][  0]LogContentStreaming: Texture pool size is 0.000000MB
[2014.07.01-14.50.02:276][  0]LogTargetPlatformManager:Display: Building Assets For Windows
[2014.07.01-14.50.02:351][  0]LogTargetPlatformManager:Display: Building Assets For Windows
[2014.07.01-14.50.02:378][  0]LogDerivedDataCache:Display: Max Cache Size: 512 MB
[2014.07.01-14.50.02:412][  0]LogDerivedDataCache: Loaded boot cache 0.03s 39MB C:/Users/Spaehling/AppData/Local/UnrealEngine/4.2/DerivedDataCache/Boot.ddc.
[2014.07.01-14.50.02:412][  0]LogDerivedDataCache:Display: Loaded Boot cache: C:/Users/Spaehling/AppData/Local/UnrealEngine/4.2/DerivedDataCache/Boot.ddc
[2014.07.01-14.50.02:412][  0]LogDerivedDataCache: FDerivedDataBackendGraph:  Pak pak cache file D:/UDK4 Projects/Waagenbau/MyProject3/DerivedDataCache/DDC.ddp not found, will not use a pak cache.
[2014.07.01-14.50.02:412][  0]LogDerivedDataCache: Unable to find inner node Pak for hierarchical cache Hierarchy.
[2014.07.01-14.50.02:422][  0]LogDerivedDataCache:Display: Pak cache opened for reading ../../../Engine/DerivedDataCache/DDC.ddp.
[2014.07.01-14.50.02:434][  0]LogDerivedDataCache: Using Local data cache path C:/Users/Spaehling/AppData/Local/UnrealEngine/4.2/DerivedDataCache: Writable
[2014.07.01-14.50.02:583][  0]LogMeshUtilities: No automatic mesh reduction module available
[2014.07.01-14.50.02:583][  0]LogMeshUtilities: No automatic mesh merging module available
[2014.07.01-14.50.02:872][  0]LogInit: WinSock: version 1.1 (2.2), MaxSocks=32767, MaxUdp=65467
[2014.07.01-14.50.03:175][  0]LogStreaming:Warning: Failed to read file '../../../Engine/Content/Editor/Slate/Icons/ActorIcons/GroupActor_16x.png' error.
[2014.07.01-14.50.03:175][  0]LogSlate: Could not find file for Slate resource: ../../../Engine/Content/Editor/Slate/Icons/ActorIcons/GroupActor_16x.png
[2014.07.01-14.50.03:179][  0]LogStreaming:Warning: Failed to read file '../../../Engine/Content/Editor/Slate/Icons/ActorIcons/DecalActor_16x.png' error.
[2014.07.01-14.50.03:179][  0]LogSlate: Could not find file for Slate resource: ../../../Engine/Content/Editor/Slate/Icons/ActorIcons/DecalActor_16x.png
[2014.07.01-14.50.03:415][  0]UdpMessaging: Initializing bridge on interface 0.0.0.0:0 to multicast group 230.0.0.1:6666.
[2014.07.01-14.50.03:486][  0]SourceControl: Info Source control is disabled
[2014.07.01-14.50.03:486][  0]SourceControl: Info Source control is disabled
[2014.07.01-14.50.03:490][  0]SourceControl: Info Source control is disabled
[2014.07.01-14.50.03:559][  0]BlueprintLog: New page: Editor Load
[2014.07.01-14.50.03:591][  0]LogObj: 19203 objects as part of root set at end of initial load.
[2014.07.01-14.50.03:591][  0]LogUObjectAllocator: 3820568 out of 0 bytes used by permanent object pool.
[2014.07.01-14.50.03:923][  0]LogEngine: Initializing Engine...
[2014.07.01-14.50.04:021][  0]LogInit: XAudio2 using 'Lautsprecher (Corsair Vengeance 2000 Headset)' : 8 channels at 44.1 kHz using 16 bits per sample (channel mask 0x63f)
[2014.07.01-14.50.04:030][  0]LogInit: FAudioDevice initialized.
[2014.07.01-14.50.04:049][  0]LogDerivedDataCache: Saved boot cache 0.02s 39MB C:/Users/Spaehling/AppData/Local/UnrealEngine/4.2/DerivedDataCache/Boot.ddc.
[2014.07.01-14.50.04:054][  0]LogInit: Texture streaming: Enabled
[2014.07.01-14.50.04:077][  0]LogInit: Transaction tracking system initialized
[2014.07.01-14.50.04:151][  0]LogAssetRegistry: FAssetRegistry took 0.0095 seconds to start up
[2014.07.01-14.50.04:264][  0]LogModuleManager:Warning: ModuleManager: Unable to load module '' because the file was not found.
[2014.07.01-14.50.04:268][  0]LogModuleManager:Warning: ModuleManager: Unable to load module '' because the file was not found.
[2014.07.01-14.50.04:304][  0]LogConsoleResponse:Display: 
[2014.07.01-14.50.04:473][  0]SourceControl: Info Source control is disabled
[2014.07.01-14.50.04:473][  0]Cmd: MAP LOAD FILE="D:/UDK4 Projects/Waagenbau/MyProject3/Content/Maps/waagenbau.umap" TEMPLATE=0 SHOWPROGRESS=1 WORLDCOMPOSITION=0
[2014.07.01-14.50.04:473][  0]LightingResults: New page: Lighting Build
[2014.07.01-14.50.04:478][  0]MapCheck: New page: Map Check
[2014.07.01-14.50.04:478][  0]LightingResults: New page: Lighting Build
[2014.07.01-14.50.04:485][  0]LogParticles: Destroying 0 GPU particle simulations for FXSystem 0x0000000012AA2F20
[2014.07.01-14.50.05:702][  0]LogBlueprintUserMessages:Warning: SetTimer passed a bad function () or object (DiscoLight_1_C_0)
[2014.07.01-14.50.05:703][  0]LogBlueprintUserMessages:Warning: SetTimer passed a bad function () or object (DiscoLight_1_C_1)
[2014.07.01-14.50.05:703][  0]LogBlueprintUserMessages:Warning: SetTimer passed a bad function () or object (DiscoLight_1_C_2)
[2014.07.01-14.50.05:704][  0]LogBlueprintUserMessages:Warning: SetTimer passed a bad function () or object (DiscoLight_1_C_3)
[2014.07.01-14.50.05:705][  0]LogBlueprintUserMessages:Warning: SetTimer passed a bad function () or object (DiscoLight_1_C_4)
[2014.07.01-14.50.05:705][  0]LogBlueprintUserMessages:Warning: SetTimer passed a bad function () or object (DiscoLight_1_C_5)
[2014.07.01-14.50.05:706][  0]LogBlueprintUserMessages:Warning: SetTimer passed a bad function () or object (DiscoLight_1_C_6)
[2014.07.01-14.50.05:706][  0]LogBlueprintUserMessages:Warning: SetTimer passed a bad function () or object (DiscoLight_1_C_7)
[2014.07.01-14.50.05:707][  0]LogBlueprintUserMessages:Warning: SetTimer passed a bad function () or object (DiscoLight_1_C_8)
[2014.07.01-14.50.05:708][  0]LogBlueprintUserMessages:Warning: SetTimer passed a bad function () or object (DiscoLight_1_C_9)
[2014.07.01-14.50.05:708][  0]LogBlueprintUserMessages:Warning: SetTimer passed a bad function () or object (DiscoLight_1_C_10)
[2014.07.01-14.50.05:709][  0]LogBlueprintUserMessages:Warning: SetTimer passed a bad function () or object (DiscoLight_1_C_11)
[2014.07.01-14.50.05:709][  0]LogBlueprintUserMessages:Warning: SetTimer passed a bad function () or object (DiscoLight_1_C_12)
[2014.07.01-14.50.05:710][  0]LogBlueprintUserMessages:Warning: SetTimer passed a bad function () or object (DiscoLight_1_C_13)
[2014.07.01-14.50.05:711][  0]LogBlueprintUserMessages:Warning: SetTimer passed a bad function () or object (DiscoLight_1_C_14)
[2014.07.01-14.50.05:711][  0]LogBlueprintUserMessages:Warning: SetTimer passed a bad function () or object (DiscoLight_1_C_15)
[2014.07.01-14.50.05:712][  0]LogBlueprintUserMessages:Warning: SetTimer passed a bad function () or object (DiscoLight_1_C_16)
[2014.07.01-14.50.05:713][  0]LogBlueprintUserMessages:Warning: SetTimer passed a bad function () or object (DiscoLight_1_C_34)
[2014.07.01-14.50.05:713][  0]LogBlueprintUserMessages:Warning: SetTimer passed a bad function () or object (DiscoLight_1_C_35)
[2014.07.01-14.50.05:714][  0]LogBlueprintUserMessages:Warning: SetTimer passed a bad function () or object (DiscoLight_1_C_36)
[2014.07.01-14.50.05:714][  0]LogBlueprintUserMessages:Warning: SetTimer passed a bad function () or object (DiscoLight_1_C_37)
[2014.07.01-14.50.05:732][  0]LogEditorServer: Finished looking for orphan Actors (0.000 secs)
[2014.07.01-14.50.05:734][  0]Cmd: MAP CHECKDEP
[2014.07.01-14.50.05:734][  0]MapCheck: New page: waagenbau - Jul 1, 2014, 6:50:05 PM
[2014.07.01-14.50.05:797][  0]MapCheck: Info ========== Map Check: 0 Error(s), 0 Warning(s), [62.94ms] ==========
[2014.07.01-14.50.05:797][  0]LogFileHelpers: Loading map 'waagenbau' took 1.324
[2014.07.01-14.50.05:943][  0]LogCrashTracker: Crashtracker disabled due to settings.
[2014.07.01-14.50.05:944][  0]Cmd: MODE PLACEMENT
[2014.07.01-14.50.05:979][  0]LogLoad: Full Startup: 5.42 seconds (BP compile: 0.28 seconds)
[2014.07.01-14.50.06:068][  0]LogRenderer:Warning: Reallocating scene render targets to support 32x32.
[2014.07.01-14.50.06:151][  0]LogRenderer:Warning: Reallocating scene render targets to support 1056x856.
[2014.07.01-14.50.06:359][  1]LogEpicStorage:Warning: EnumerateFiles request failed. Invalid response. code=403 error=<?xml version="1.0" encoding="UTF-8"?>
<Error><Code>AccessDenied</Code><Message>Access Denied</Message><RequestId>4635CEACFAB7EEB1</RequestId><HostId>n07YFKBxkCd7GcZjLyDaKSzW5/EquaXW9oj5ex7Mdj8xmpQWaf7fyJ2AKbW4Laam</HostId></Error>
[2014.07.01-14.50.06:503][  1]LogAssetRegistry: Asset discovery search completed in 2.3624 seconds
[2014.07.01-14.50.06:605][  2]LogEpicSurvey:Warning: EnumerateFiles request failed. Invalid response. code=403 error=<?xml version="1.0" encoding="UTF-8"?>
<Error><Code>AccessDenied</Code><Message>Access Denied</Message><RequestId>311FC9BE2B0516BE</RequestId><HostId>n2juLX0BiFS2QT9ixxZq73Am6V4nCimmMOaGSmBgB688CWXLByJGz+EIxHHDbdOj</HostId></Error>
[2014.07.01-14.50.06:613][  3]LogEpicStorage:Warning: EnumerateFiles request failed. Invalid response. code=403 error=<?xml version="1.0" encoding="UTF-8"?>
<Error><Code>AccessDenied</Code><Message>Access Denied</Message><RequestId>4635CEACFAB7EEB1</RequestId><HostId>n07YFKBxkCd7GcZjLyDaKSzW5/EquaXW9oj5ex7Mdj8xmpQWaf7fyJ2AKbW4Laam</HostId></Error>
[2014.07.01-14.50.06:641][  4]LogEpicSurvey:Warning: EnumerateFiles request failed. Invalid response. code=403 error=<?xml version="1.0" encoding="UTF-8"?>
<Error><Code>AccessDenied</Code><Message>Access Denied</Message><RequestId>311FC9BE2B0516BE</RequestId><HostId>n2juLX0BiFS2QT9ixxZq73Am6V4nCimmMOaGSmBgB688CWXLByJGz+EIxHHDbdOj</HostId></Error>
[2014.07.01-14.50.06:736][  8]LogEpicStorage:Warning: ReadFile request failed. File request already pending for filename=http://cdn.unrealengine.com/newsfeed/blueprint_icon_b.png
[2014.07.01-14.50.06:736][  8]LogEpicStorage:Warning: ReadFile request failed. File request already pending for filename=http://cdn.unrealengine.com/newsfeed/blueprint_icon_b.png
[2014.07.01-14.50.06:784][ 13]LogEpicSurvey:Warning: EnumerateFiles request failed. Invalid response. code=403 error=<?xml version="1.0" encoding="UTF-8"?>
<Error><Code>AccessDenied</Code><Message>Access Denied</Message><RequestId>DEBBEC5E4481A936</RequestId><HostId>7wUaKgOMyQyY1PdMVtOgZkVmEyQA3AoOORrWfsmBiAvMAHvuTLtGTIqI4gUDJvS8</HostId></Error>
[2014.07.01-14.50.20:475][280]LogPlayLevel: PIE:  No blueprints needed recompiling
[2014.07.01-14.50.20:475][280]PIE: New page: SIE session: waagenbau (Jul 1, 2014, 6:50:20 PM)
[2014.07.01-14.50.20:518][280]LogPlayLevel: PIE: StaticDuplicateObject took: (0.042637s)
[2014.07.01-14.50.20:519][280]LogPlayLevel: PIE: World Init took: (0.000559s)
[2014.07.01-14.50.20:519][280]LogPlayLevel: PIE: Created PIE world by copying editor world from /Game/Maps/waagenbau.waagenbau to /Game/Maps/UEDPIE_0_waagenbau.waagenbau (0.043509s)
[2014.07.01-14.50.20:564][280]LogBlueprint:Warning: [compiler] Warning InputAction Event references unknown Action 'Action' for  InputAction Action 
[2014.07.01-14.50.20:568][280]LogBlueprint:Warning: [compiler] Warning [0020.01] Compile of MyCharacter successful, but with 1 Warning(s) [in 6 ms]
[2014.07.01-14.50.20:575][280]LogBlueprint:Warning: [compiler] Warning InputAction Event references unknown Action 'Action' for  InputAction Action 
[2014.07.01-14.50.20:579][280]LogBlueprint:Warning: [compiler] Warning [0020.02] Compile of MyCharacter successful, but with 1 Warning(s) [in 5 ms]
[2014.07.01-14.50.20:599][280]LogWorld: Game class is 'MyGame_C'
[2014.07.01-14.50.20:699][280]LogBlueprintUserMessages:Warning: SetTimer passed a bad function () or object (DiscoLight_1_C_0)
[2014.07.01-14.50.20:700][280]LogBlueprintUserMessages:Warning: SetTimer passed a bad function () or object (DiscoLight_1_C_1)
[2014.07.01-14.50.20:700][280]LogBlueprintUserMessages:Warning: SetTimer passed a bad function () or object (DiscoLight_1_C_2)
[2014.07.01-14.50.20:701][280]LogBlueprintUserMessages:Warning: SetTimer passed a bad function () or object (DiscoLight_1_C_3)
[2014.07.01-14.50.20:701][280]LogBlueprintUserMessages:Warning: SetTimer passed a bad function () or object (DiscoLight_1_C_4)
[2014.07.01-14.50.20:702][280]LogBlueprintUserMessages:Warning: SetTimer passed a bad function () or object (DiscoLight_1_C_5)
[2014.07.01-14.50.20:702][280]LogBlueprintUserMessages:Warning: SetTimer passed a bad function () or object (DiscoLight_1_C_6)
[2014.07.01-14.50.20:702][280]LogBlueprintUserMessages:Warning: SetTimer passed a bad function () or object (DiscoLight_1_C_7)
[2014.07.01-14.50.20:703][280]LogBlueprintUserMessages:Warning: SetTimer passed a bad function () or object (DiscoLight_1_C_8)
[2014.07.01-14.50.20:703][280]LogBlueprintUserMessages:Warning: SetTimer passed a bad function () or object (DiscoLight_1_C_9)
[2014.07.01-14.50.20:704][280]LogBlueprintUserMessages:Warning: SetTimer passed a bad function () or object (DiscoLight_1_C_10)
[2014.07.01-14.50.20:704][280]LogBlueprintUserMessages:Warning: SetTimer passed a bad function () or object (DiscoLight_1_C_11)
[2014.07.01-14.50.20:705][280]LogBlueprintUserMessages:Warning: SetTimer passed a bad function () or object (DiscoLight_1_C_12)
[2014.07.01-14.50.20:705][280]LogBlueprintUserMessages:Warning: SetTimer passed a bad function () or object (DiscoLight_1_C_13)
[2014.07.01-14.50.20:705][280]LogBlueprintUserMessages:Warning: SetTimer passed a bad function () or object (DiscoLight_1_C_14)
[2014.07.01-14.50.20:706][280]LogBlueprintUserMessages:Warning: SetTimer passed a bad function () or object (DiscoLight_1_C_15)
[2014.07.01-14.50.20:706][280]LogBlueprintUserMessages:Warning: SetTimer passed a bad function () or object (DiscoLight_1_C_16)
[2014.07.01-14.50.20:707][280]LogBlueprintUserMessages:Warning: SetTimer passed a bad function () or object (DiscoLight_1_C_34)
[2014.07.01-14.50.20:707][280]LogBlueprintUserMessages:Warning: SetTimer passed a bad function () or object (DiscoLight_1_C_35)
[2014.07.01-14.50.20:707][280]LogBlueprintUserMessages:Warning: SetTimer passed a bad function () or object (DiscoLight_1_C_36)
[2014.07.01-14.50.20:708][280]LogBlueprintUserMessages:Warning: SetTimer passed a bad function () or object (DiscoLight_1_C_37)
[2014.07.01-14.50.20:721][280]LogWorld:Warning: *** WARNING - PATHS MAY NOT BE VALID ***
[2014.07.01-14.50.20:721][280]LogWorld: Bringing World /Game/Maps/UEDPIE_0_waagenbau.waagenbau up for play (max tick rate 0) at 2014.07.01-16.50.20
[2014.07.01-14.50.20:725][280]LogWorld: Bringing up level for play took: 0.048993
[2014.07.01-14.50.20:725][280]LogPlayerController: Spawned spectator SpectatorPawn_0 [server:1]
[2014.07.01-14.50.20:732][280]PIE: Info Play in editor start time for /Game/Maps/UEDPIE_0_waagenbau -0.179
[2014.07.01-14.50.20:965][281]LogRenderer:Warning: Reallocating scene render targets to support 1056x864.
[2014.07.01-14.50.22:173][292]LogParticles: Destroying 0 GPU particle simulations for FXSystem 0x000000001EB607C0
[2014.07.01-14.50.22:336][295]LogPlayLevel: PIE:  No blueprints needed recompiling
[2014.07.01-14.50.22:336][295]PIE: New page: PIE session: waagenbau (Jul 1, 2014, 6:50:22 PM)
[2014.07.01-14.50.22:378][295]LogPlayLevel: PIE: StaticDuplicateObject took: (0.041220s)
[2014.07.01-14.50.22:378][295]LogPlayLevel: PIE: World Init took: (0.000536s)
[2014.07.01-14.50.22:378][295]LogPlayLevel: PIE: Created PIE world by copying editor world from /Game/Maps/waagenbau.waagenbau to /Game/Maps/UEDPIE_0_waagenbau.waagenbau (0.042121s)
[2014.07.01-14.50.22:379][295]LogWorld: Game class is 'MyGame_C'
[2014.07.01-14.50.22:479][295]LogBlueprintUserMessages:Warning: SetTimer passed a bad function () or object (DiscoLight_1_C_0)
[2014.07.01-14.50.22:479][295]LogBlueprintUserMessages:Warning: SetTimer passed a bad function () or object (DiscoLight_1_C_1)
[2014.07.01-14.50.22:480][295]LogBlueprintUserMessages:Warning: SetTimer passed a bad function () or object (DiscoLight_1_C_2)
[2014.07.01-14.50.22:480][295]LogBlueprintUserMessages:Warning: SetTimer passed a bad function () or object (DiscoLight_1_C_3)
[2014.07.01-14.50.22:481][295]LogBlueprintUserMessages:Warning: SetTimer passed a bad function () or object (DiscoLight_1_C_4)
[2014.07.01-14.50.22:481][295]LogBlueprintUserMessages:Warning: SetTimer passed a bad function () or object (DiscoLight_1_C_5)
[2014.07.01-14.50.22:482][295]LogBlueprintUserMessages:Warning: SetTimer passed a bad function () or object (DiscoLight_1_C_6)
[2014.07.01-14.50.22:482][295]LogBlueprintUserMessages:Warning: SetTimer passed a bad function () or object (DiscoLight_1_C_7)
[2014.07.01-14.50.22:483][295]LogBlueprintUserMessages:Warning: SetTimer passed a bad function () or object (DiscoLight_1_C_8)
[2014.07.01-14.50.22:484][295]LogBlueprintUserMessages:Warning: SetTimer passed a bad function () or object (DiscoLight_1_C_9)
[2014.07.01-14.50.22:484][295]LogBlueprintUserMessages:Warning: SetTimer passed a bad function () or object (DiscoLight_1_C_10)
[2014.07.01-14.50.22:485][295]LogBlueprintUserMessages:Warning: SetTimer passed a bad function () or object (DiscoLight_1_C_11)
[2014.07.01-14.50.22:485][295]LogBlueprintUserMessages:Warning: SetTimer passed a bad function () or object (DiscoLight_1_C_12)
[2014.07.01-14.50.22:486][295]LogBlueprintUserMessages:Warning: SetTimer passed a bad function () or object (DiscoLight_1_C_13)
[2014.07.01-14.50.22:487][295]LogBlueprintUserMessages:Warning: SetTimer passed a bad function () or object (DiscoLight_1_C_14)
[2014.07.01-14.50.22:487][295]LogBlueprintUserMessages:Warning: SetTimer passed a bad function () or object (DiscoLight_1_C_15)
[2014.07.01-14.50.22:488][295]LogBlueprintUserMessages:Warning: SetTimer passed a bad function () or object (DiscoLight_1_C_16)
[2014.07.01-14.50.22:488][295]LogBlueprintUserMessages:Warning: SetTimer passed a bad function () or object (DiscoLight_1_C_34)
[2014.07.01-14.50.22:489][295]LogBlueprintUserMessages:Warning: SetTimer passed a bad function () or object (DiscoLight_1_C_35)
[2014.07.01-14.50.22:490][295]LogBlueprintUserMessages:Warning: SetTimer passed a bad function () or object (DiscoLight_1_C_36)
[2014.07.01-14.50.22:490][295]LogBlueprintUserMessages:Warning: SetTimer passed a bad function () or object (DiscoLight_1_C_37)
[2014.07.01-14.50.22:504][295]LogWorld:Warning: *** WARNING - PATHS MAY NOT BE VALID ***
[2014.07.01-14.50.22:504][295]LogWorld: Bringing World /Game/Maps/UEDPIE_0_waagenbau.waagenbau up for play (max tick rate 0) at 2014.07.01-16.50.22
[2014.07.01-14.50.22:508][295]LogWorld: Bringing up level for play took: 0.055096
[2014.07.01-14.50.22:508][295]LogPlayerController: Spawned spectator SpectatorPawn_1 [server:1]
[2014.07.01-14.50.22:508][295]LogGameMode: RestartPlayer 257
[2014.07.01-14.50.22:510][295]LogPlayerController: ClientRestart_Implementation MyCharacter_C_0
[2014.07.01-14.50.22:510][295]LogPlayerController: ServerAcknowledgePossession_Implementation MyCharacter_C_0
[2014.07.01-14.50.22:517][295]PIE: Info Play in editor start time for /Game/Maps/UEDPIE_0_waagenbau -0.394
[2014.07.01-14.50.22:630][295]LogRenderer:Warning: Reallocating scene render targets to support 1296x864.
[2014.07.01-14.50.28:484][406]LogCharacterMovement: BotCharacter_Male_C_13 is stuck and failed to move!
[2014.07.01-14.50.28:656][410]LogCharacterMovement: BotCharacter_Male_C_13 is stuck and failed to move!
[2014.07.01-14.50.28:857][414]LogCharacterMovement: BotCharacter_Male_C_13 is stuck and failed to move!
[2014.07.01-14.50.29:294][422]LogCharacterMovement: BotCharacter_Male_C_6 is stuck and failed to move!
[2014.07.01-14.50.36:267][566]LogCharacterMovement: BotCharacter_Male_C_13 is stuck and failed to move!
[2014.07.01-14.50.45:078][755]LogCharacterMovement: MyCharacter_C_0 is stuck and failed to move!
[2014.07.01-14.50.51:890][888]LogRenderer:Warning: Reallocating scene render targets to support 1920x976.
[2014.07.01-14.50.57:412][961]LogCharacterMovement: BotCharacter_Male_C_6 is stuck and failed to move!
[2014.07.01-14.50.57:472][962]LogCharacterMovement: BotCharacter_Male_C_6 is stuck and failed to move!
[2014.07.01-14.50.57:516][963]LogCharacterMovement: BotCharacter_Male_C_6 is stuck and failed to move!
[2014.07.01-14.50.57:554][964]LogCharacterMovement: BotCharacter_Male_C_6 is stuck and failed to move!
[2014.07.01-14.51.28:940][413]LogCharacterMovement: MyCharacter_C_0 is stuck and failed to move!
[2014.07.01-14.51.28:940][413]LogCharacterMovement: MyCharacter_C_0 is stuck and failed to move!
[2014.07.01-14.51.29:001][414]LogCharacterMovement: MyCharacter_C_0 is stuck and failed to move!
[2014.07.01-14.51.49:571][849]LogParticles: Destroying 0 GPU particle simulations for FXSystem 0x000000002F6ED4E0
[2014.07.01-14.59.25:560][671]Cmd: QUIT_EDITOR
[2014.07.01-14.59.25:599][671]LogWindowsTextInputMethodSystem:Error: Terminating failed while unadvising the language notification sink from the TSF source.
[2014.07.01-14.59.25:599][671]LogExit: Preparing to exit.
[2014.07.01-14.59.26:573][671]LogExit: Editor shut down
[2014.07.01-14.59.26:573][671]LogExit: Transaction tracking system shut down
[2014.07.01-14.59.26:576][671]LogParticles: Destroying 0 GPU particle simulations for FXSystem 0x000000000D7E0360
[2014.07.01-14.59.26:577][671]LogParticles: Destroying 0 GPU particle simulations for FXSystem 0x000000001E848CC0
[2014.07.01-14.59.26:577][671]LogParticles: Destroying 0 GPU particle simulations for FXSystem 0x000000001ED46200
[2014.07.01-14.59.26:600][671]LogExit: Object subsystem successfully closed.
[2014.07.01-14.59.26:622][671]LogModuleManager: Shutting down and abandoning module AndroidDeviceDetection (162)
[2014.07.01-14.59.26:622][671]LogModuleManager: Shutting down and abandoning module CrashTracker (161)
[2014.07.01-14.59.26:622][671]LogModuleManager: Shutting down and abandoning module HTTP (160)
[2014.07.01-14.59.26:622][671]LogModuleManager: Shutting down and abandoning module NewsFeed (159)
[2014.07.01-14.59.26:622][671]LogModuleManager: Shutting down and abandoning module SceneOutliner (158)
[2014.07.01-14.59.26:622][671]LogModuleManager: Shutting down and abandoning module StatsViewer (157)
[2014.07.01-14.59.26:622][671]LogModuleManager: Shutting down and abandoning module FoliageEdit (156)
[2014.07.01-14.59.26:622][671]LogModuleManager: Shutting down and abandoning module LandscapeEditor (155)
[2014.07.01-14.59.26:627][671]LogModuleManager: Shutting down and abandoning module MeshPaint (154)
[2014.07.01-14.59.26:627][671]LogModuleManager: Shutting down and abandoning module ActorPickerMode (153)
[2014.07.01-14.59.26:627][671]LogModuleManager: Shutting down and abandoning module GeometryMode (152)
[2014.07.01-14.59.26:627][671]LogModuleManager: Shutting down and abandoning module TextureAlignMode (151)
[2014.07.01-14.59.26:627][671]LogModuleManager: Shutting down and abandoning module BspMode (150)
[2014.07.01-14.59.26:627][671]LogModuleManager: Shutting down and abandoning module PlacementMode (149)
[2014.07.01-14.59.26:627][671]LogModuleManager: Shutting down and abandoning module AutomationWorker (148)
[2014.07.01-14.59.26:627][671]LogModuleManager: Shutting down and abandoning module ViewportSnapping (147)
[2014.07.01-14.59.26:627][671]LogModuleManager: Shutting down and abandoning module DeviceProfileEditor (146)
[2014.07.01-14.59.26:627][671]LogModuleManager: Shutting down and abandoning module UndoHistory (145)
[2014.07.01-14.59.26:627][671]LogModuleManager: Shutting down and abandoning module GameplayTagsEditor (144)
[2014.07.01-14.59.26:627][671]LogModuleManager: Shutting down and abandoning module UserFeedback (143)
[2014.07.01-14.59.26:627][671]LogModuleManager: Shutting down and abandoning module XmlParser (142)
[2014.07.01-14.59.26:627][671]LogModuleManager: Shutting down and abandoning module Blutility (141)
[2014.07.01-14.59.26:627][671]LogModuleManager: Shutting down and abandoning module AndroidPlatformEditor (138)
[2014.07.01-14.59.26:627][671]LogModuleManager: Shutting down and abandoning module AndroidRuntimeSettings (137)
[2014.07.01-14.59.26:627][671]LogModuleManager: Shutting down and abandoning module ProjectSettingsViewer (136)
[2014.07.01-14.59.26:627][671]LogModuleManager: Shutting down and abandoning module InputBindingEditor (135)
[2014.07.01-14.59.26:627][671]LogModuleManager: Shutting down and abandoning module EditorSettingsViewer (134)
[2014.07.01-14.59.26:627][671]LogModuleManager: Shutting down and abandoning module SettingsEditor (133)
[2014.07.01-14.59.26:627][671]LogModuleManager: Shutting down and abandoning module SessionLauncher (132)
[2014.07.01-14.59.26:627][671]LogModuleManager: Shutting down and abandoning module SessionFrontend (131)
[2014.07.01-14.59.26:627][671]LogModuleManager: Shutting down and abandoning module ProfilerClient (130)
[2014.07.01-14.59.26:627][671]LogModuleManager: Shutting down and abandoning module TargetDeviceServices (129)
[2014.07.01-14.59.26:627][671]LogModuleManager: Shutting down and abandoning module DeviceManager (128)
[2014.07.01-14.59.26:627][671]LogModuleManager: Shutting down and abandoning module AutomationController (127)
[2014.07.01-14.59.26:628][671]LogModuleManager: Shutting down and abandoning module AutomationWindow (126)
[2014.07.01-14.59.26:628][671]LogModuleManager: Shutting down and abandoning module Layers (125)
[2014.07.01-14.59.26:628][671]LogModuleManager: Shutting down and abandoning module ComponentVisualizers (124)
[2014.07.01-14.59.26:628][671]LogModuleManager: Shutting down and abandoning module DetailCustomizations (123)
[2014.07.01-14.59.26:628][671]LogModuleManager: Shutting down and abandoning module PackagesDialog (122)
[2014.07.01-14.59.26:628][671]LogModuleManager: Shutting down and abandoning module DirectoryWatcher (121)
[2014.07.01-14.59.26:628][671]LogModuleManager: Shutting down and abandoning module AssetRegistry (120)
[2014.07.01-14.59.26:657][671]LogModuleManager: Shutting down and abandoning module Persona (119)
[2014.07.01-14.59.26:657][671]LogModuleManager: Shutting down and abandoning module GraphEditor (118)
[2014.07.01-14.59.26:657][671]LogModuleManager: Shutting down and abandoning module ContentBrowser (117)
[2014.07.01-14.59.26:657][671]LogModuleManager: Shutting down and abandoning module ClassViewer (116)
[2014.07.01-14.59.26:657][671]LogModuleManager: Shutting down and abandoning module Toolbox (115)
[2014.07.01-14.59.26:657][671]LogModuleManager: Shutting down and abandoning module ModuleUI (114)
[2014.07.01-14.59.26:657][671]LogModuleManager: Shutting down and abandoning module Sequencer (113)
[2014.07.01-14.59.26:657][671]LogModuleManager: Shutting down and abandoning module MovieSceneTools (112)
[2014.07.01-14.59.26:657][671]LogModuleManager: Shutting down and abandoning module OutputLog (111)
[2014.07.01-14.59.26:657][671]LogModuleManager: Shutting down and abandoning module GammaUI (110)
[2014.07.01-14.59.26:657][671]LogModuleManager: Shutting down and abandoning module Documentation (109)
[2014.07.01-14.59.26:657][671]LogModuleManager: Shutting down and abandoning module StreamingPauseRendering (108)
[2014.07.01-14.59.26:657][671]LogModuleManager: Shutting down and abandoning module AnalyticsET (107)
[2014.07.01-14.59.26:657][671]LogModuleManager: Shutting down and abandoning module Analytics (106)
[2014.07.01-14.59.26:657][671]LogModuleManager: Shutting down and abandoning module ProfilerService (105)
[2014.07.01-14.59.26:893][671]LogModuleManager: Shutting down and abandoning module TaskGraph (104)
[2014.07.01-14.59.26:893][671]LogModuleManager: Shutting down and abandoning module GameProjectGeneration (103)
[2014.07.01-14.59.26:893][671]LogModuleManager: Shutting down and abandoning module Matinee (102)
[2014.07.01-14.59.26:893][671]LogModuleManager: Shutting down and abandoning module Kismet (101)
[2014.07.01-14.59.26:893][671]LogModuleManager: Shutting down and abandoning module SlateReflector (100)
[2014.07.01-14.59.26:893][671]LogModuleManager: Shutting down and abandoning module LevelEditor (99)
[2014.07.01-14.59.26:895][671]LogModuleManager: Shutting down and abandoning module MainFrame (98)
[2014.07.01-14.59.26:895][671]LogModuleManager: Shutting down and abandoning module SourceControl (97)
[2014.07.01-14.59.26:895][671]LogModuleManager: Shutting down and abandoning module ImageWrapper (96)
[2014.07.01-14.59.26:895][671]LogModuleManager: Shutting down and abandoning module OnlineBlueprintSupport (95)
[2014.07.01-14.59.26:895][671]LogModuleManager: Shutting down and abandoning module PropertyEditor (94)
[2014.07.01-14.59.26:895][671]LogModuleManager: Shutting down and abandoning module AssetTools (93)
[2014.07.01-14.59.26:895][671]LogModuleManager: Shutting down and abandoning module BehaviorTreeEditor (92)
[2014.07.01-14.59.26:895][671]LogModuleManager: Shutting down and abandoning module FunctionalTesting (91)
[2014.07.01-14.59.26:895][671]LogModuleManager: Shutting down and abandoning module CollisionAnalyzer (90)
[2014.07.01-14.59.26:895][671]LogModuleManager: Shutting down and abandoning module WorkspaceMenuStructure (89)
[2014.07.01-14.59.26:895][671]LogModuleManager: Shutting down and abandoning module MessageLog (88)
[2014.07.01-14.59.26:895][671]LogModuleManager: Shutting down and abandoning module Slate (87)
[2014.07.01-14.59.26:895][671]LogModuleManager: Shutting down and abandoning module EditorStyle (86)
[2014.07.01-14.59.26:898][671]LogModuleManager: Shutting down and abandoning module SessionServices (85)
[2014.07.01-14.59.26:898][671]LogModuleManager: Shutting down and abandoning module Messaging (84)
[2014.07.01-14.59.26:898][671]LogModuleManager: Shutting down and abandoning module SourceCodeAccess (83)
[2014.07.01-14.59.26:898][671]LogModuleManager: Shutting down and abandoning module HeadMountedDisplay (82)
[2014.07.01-14.59.26:898][671]LogModuleManager: Shutting down and abandoning module XAudio2 (81)
[2014.07.01-14.59.26:898][671]LogModuleManager: Shutting down and abandoning module Networking (79)
[2014.07.01-14.59.26:899][671]LogModuleManager: Shutting down and abandoning module Core (78)
[2014.07.01-14.59.26:899][671]LogModuleManager: Shutting down and abandoning module KismetCompiler (77)
[2014.07.01-14.59.26:899][671]LogModuleManager: Shutting down and abandoning module PhysXFormats (76)
[2014.07.01-14.59.26:899][671]LogModuleManager: Shutting down and abandoning module SimplygonMeshReduction (75)
[2014.07.01-14.59.26:899][671]LogModuleManager: Shutting down and abandoning module MeshUtilities (74)
[2014.07.01-14.59.26:899][671]LogModuleManager: Shutting down and abandoning module DerivedDataCache (73)
[2014.07.01-14.59.26:956][671]LogDerivedDataCache: Shutdown
[2014.07.01-14.59.26:956][671]LogModuleManager: Shutting down and abandoning module ShaderFormatOpenGL (72)
[2014.07.01-14.59.26:956][671]LogModuleManager: Shutting down and abandoning module ShaderFormatD3D (71)
[2014.07.01-14.59.26:956][671]LogModuleManager: Shutting down and abandoning module TextureFormatUncompressed (70)
[2014.07.01-14.59.26:956][671]LogModuleManager: Shutting down and abandoning module TextureFormatPVR (69)
[2014.07.01-14.59.26:956][671]LogModuleManager: Shutting down and abandoning module TextureFormatDXT (68)
[2014.07.01-14.59.26:956][671]LogModuleManager: Shutting down and abandoning module TextureFormatAndroid (67)
[2014.07.01-14.59.26:956][671]LogModuleManager: Shutting down and abandoning module AudioFormatOpus (66)
[2014.07.01-14.59.26:956][671]LogModuleManager: Shutting down and abandoning module AudioFormatOgg (65)
[2014.07.01-14.59.26:956][671]LogModuleManager: Shutting down and abandoning module AudioFormatADPCM (64)
[2014.07.01-14.59.26:956][671]LogModuleManager: Shutting down and abandoning module Android_PVRTCTargetPlatform (63)
[2014.07.01-14.59.26:956][671]LogModuleManager: Shutting down and abandoning module Android_ETC2TargetPlatform (62)
[2014.07.01-14.59.26:956][671]LogModuleManager: Shutting down and abandoning module Android_ETC1TargetPlatform (61)
[2014.07.01-14.59.26:956][671]LogModuleManager: Shutting down and abandoning module Android_DXTTargetPlatform (60)
[2014.07.01-14.59.26:956][671]LogModuleManager: Shutting down and abandoning module Android_ATCTargetPlatform (59)
[2014.07.01-14.59.26:956][671]LogModuleManager: Shutting down and abandoning module AndroidTargetPlatform (58)
[2014.07.01-14.59.26:956][671]LogModuleManager: Shutting down and abandoning module WindowsTargetPlatform (57)
[2014.07.01-14.59.26:956][671]LogModuleManager: Shutting down and abandoning module WindowsServerTargetPlatform (56)
[2014.07.01-14.59.26:956][671]LogModuleManager: Shutting down and abandoning module WindowsNoEditorTargetPlatform (55)
[2014.07.01-14.59.26:956][671]LogModuleManager: Shutting down and abandoning module WindowsClientTargetPlatform (54)
[2014.07.01-14.59.26:956][671]LogModuleManager: Shutting down and abandoning module TargetPlatform (53)
[2014.07.01-14.59.26:956][671]LogModuleManager: Shutting down and abandoning module InputCore (52)
[2014.07.01-14.59.26:956][671]LogModuleManager: Shutting down and abandoning module Settings (51)
[2014.07.01-14.59.26:956][671]LogModuleManager: Shutting down and abandoning module TextureCompressor (48)
[2014.07.01-14.59.26:956][671]LogModuleManager: Shutting down and abandoning module ShaderCore (47)
[2014.07.01-14.59.26:956][671]LogModuleManager: Shutting down and abandoning module OpenGLDrv (46)
[2014.07.01-14.59.26:956][671]LogModuleManager: Shutting down and abandoning module D3D11RHI (45)
[2014.07.01-14.59.26:956][671]LogModuleManager: Shutting down and abandoning module SlateRHIRenderer (44)
[2014.07.01-14.59.26:956][671]LogModuleManager: Shutting down and abandoning module Renderer (43)
[2014.07.01-14.59.26:956][671]LogModuleManager: Shutting down and abandoning module Engine (42)
[2014.07.01-14.59.26:956][671]LogModuleManager: Shutting down and abandoning module SlateRemote (41)
[2014.07.01-14.59.26:956][671]LogModuleManager: Shutting down and abandoning module ScriptPlugin (40)
[2014.07.01-14.59.26:956][671]LogModuleManager: Shutting down and abandoning module ScriptEditorPlugin (38)
[2014.07.01-14.59.26:956][671]LogModuleManager: Shutting down and abandoning module WindowsMoviePlayer (37)
[2014.07.01-14.59.26:960][671]LogModuleManager: Shutting down and abandoning module ExampleDeviceProfileSelector (32)
[2014.07.01-14.59.26:960][671]LogModuleManager: Shutting down and abandoning module CustomMeshComponent (31)
[2014.07.01-14.59.26:960][671]LogModuleManager: Shutting down and abandoning module CableComponent (30)
[2014.07.01-14.59.26:960][671]LogModuleManager: Shutting down and abandoning module OculusRift (26)
[2014.07.01-14.59.26:960][671]LogModuleManager: Shutting down and abandoning module UdpMessaging (25)
[2014.07.01-14.59.27:060][671]LogModuleManager: Shutting down and abandoning module MessagingDebugger (24)
[2014.07.01-14.59.27:060][671]LogModuleManager: Shutting down and abandoning module PluginsEditor (14)
[2014.07.01-14.59.27:060][671]LogModuleManager: Shutting down and abandoning module IntroTutorials (13)
[2014.07.01-14.59.27:060][671]LogModuleManager: Shutting down and abandoning module EpicSurvey (12)
[2014.07.01-14.59.27:060][671]LogModuleManager: Shutting down and abandoning module VisualStudioSourceCodeAccess (10)
[2014.07.01-14.59.27:060][671]LogModuleManager: Shutting down and abandoning module UObjectPlugin (9)
[2014.07.01-14.59.27:060][671]LogModuleManager: Shutting down and abandoning module SubversionSourceControl (8)
[2014.07.01-14.59.27:060][671]LogModuleManager: Shutting down and abandoning module PerforceSourceControl (7)
[2014.07.01-14.59.27:060][671]LogModuleManager: Shutting down and abandoning module BlankPlugin (6)
[2014.07.01-14.59.27:060][671]LogModuleManager: Shutting down and abandoning module CoreUObject (5)
[2014.07.01-14.59.27:060][671]LogModuleManager: Shutting down and abandoning module NetworkFile (4)
[2014.07.01-14.59.27:060][671]LogModuleManager: Shutting down and abandoning module StreamingFile (3)
[2014.07.01-14.59.27:060][671]LogModuleManager: Shutting down and abandoning module SandboxFile (2)
[2014.07.01-14.59.27:060][671]LogModuleManager: Shutting down and abandoning module PakFile (1)
[2014.07.01-14.59.27:060][671]LogExit: Exiting.
[2014.07.01-14.59.27:062][671]Log file closed, 07/01/14 16:59:27
