Log file open, 07/22/14 00:38:53
LogInit:Display: Running engine for game: MyProject3
LogInit: Version: 4.3.0-2215663+++depot+UE4-Releases+4.3
LogInit: API Version: 2215663
LogInit: Compiled (64-bit): Jul 14 2014 22:23:33
LogInit: Build Configuration: Development
LogInit: Branch Name: ++depot+UE4-Releases+4.3
LogInit: Command line:  
LogInit: Base directory: E:/Unreal Engine/4.3/Engine/Binaries/Win64/
LogInit: Rocket: 1
[2014.07.21-22.38.53:965][  0]LogTaskGraph: Started task graph with 3 named threads and 6 total threads.
[2014.07.21-22.38.54:009][  0]LogOnline:Warning: No default platform service specified for OnlineSubsystem
[2014.07.21-22.38.54:015][  0]LogInit: Presizing for 0 objects not considered by GC, pre-allocating 0 bytes.
[2014.07.21-22.38.54:021][  0]LogInit: Object subsystem initialized
[2014.07.21-22.38.54:022][  0]LogInit: Selected Device Profile: [Windows]
[2014.07.21-22.38.54:023][  0]LogInit: Applying CVar settings loaded from the selected device profile: [Windows]
[2014.07.21-22.38.54:025][  0]LogInit: Computer: SPAEHLING-PC
[2014.07.21-22.38.54:025][  0]LogInit: User: Spaehling
[2014.07.21-22.38.54:026][  0]LogInit: CPU Page size=4096, Cores=6
[2014.07.21-22.38.54:026][  0]LogInit: High frequency timer resolution =3.126962 MHz
[2014.07.21-22.38.54:026][  0]LogMemory: Memory total: Physical=64.0GB (64GB approx) Virtual=8192.0GB
[2014.07.21-22.38.54:026][  0]LogMemory: Platform Memory Stats for Windows
[2014.07.21-22.38.54:026][  0]LogMemory: Process Physical Memory: 62.91 MB used, 62.91 MB peak
[2014.07.21-22.38.54:026][  0]LogMemory: Process Virtual Memory: 42.95 MB used, 42.95 MB peak
[2014.07.21-22.38.54:026][  0]LogMemory: Physical Memory: 6490.92 MB used, 65486.15 MB total
[2014.07.21-22.38.54:026][  0]LogMemory: Virtual Memory: 252.59 MB used, 8388608.00 MB total
[2014.07.21-22.38.54:055][  0]LogD3D11RHI: Found D3D11 adapter 0: NVIDIA GeForce GTX 690 (Feature Level 11_0)
[2014.07.21-22.38.54:055][  0]LogD3D11RHI: Adapter has 1990MB of dedicated video memory, 0MB of dedicated system memory, and 2048MB of shared system memory, 1 output[s]
[2014.07.21-22.38.54:075][  0]LogD3D11RHI: Found D3D11 adapter 1: NVIDIA GeForce GTX 690 (Feature Level 11_0)
[2014.07.21-22.38.54:075][  0]LogD3D11RHI: Adapter has 1990MB of dedicated video memory, 0MB of dedicated system memory, and 2048MB of shared system memory, 1 output[s]
[2014.07.21-22.38.54:075][  0]LogD3D11RHI: Chosen D3D11 Adapter Id = 0
[2014.07.21-22.38.54:079][  0]LogRHI: Texture pool is 1361 MB (70% of 1945 MB)
[2014.07.21-22.38.54:087][  0]LogD3D11RHI: Async texture creation enabled
[2014.07.21-22.38.54:130][  0]LogTextLocalizationManager:Warning: The selected culture 'de_DE' is not available; falling back to 'en'
[2014.07.21-22.38.54:186][  0]LogContentStreaming: Texture pool size is 0.000000MB
[2014.07.21-22.38.54:745][  0]LogTargetPlatformManager:Display: Building Assets For Windows
[2014.07.21-22.38.54:816][  0]LogTargetPlatformManager:Display: Building Assets For Windows
[2014.07.21-22.38.54:842][  0]LogDerivedDataCache:Display: Max Cache Size: 512 MB
[2014.07.21-22.38.54:875][  0]LogDerivedDataCache: Loaded boot cache 0.03s 39MB C:/Users/Spaehling/AppData/Local/UnrealEngine/4.3/DerivedDataCache/Boot.ddc.
[2014.07.21-22.38.54:875][  0]LogDerivedDataCache:Display: Loaded Boot cache: C:/Users/Spaehling/AppData/Local/UnrealEngine/4.3/DerivedDataCache/Boot.ddc
[2014.07.21-22.38.54:875][  0]LogDerivedDataCache: FDerivedDataBackendGraph:  Pak pak cache file D:/UDK4 Projects/Waagenbau/DerivedDataCache/DDC.ddp not found, will not use a pak cache.
[2014.07.21-22.38.54:875][  0]LogDerivedDataCache: Unable to find inner node Pak for hierarchical cache Hierarchy.
[2014.07.21-22.38.54:890][  0]LogDerivedDataCache:Display: Pak cache opened for reading ../../../Engine/DerivedDataCache/DDC.ddp.
[2014.07.21-22.38.54:901][  0]LogDerivedDataCache: Using Local data cache path C:/Users/Spaehling/AppData/Local/UnrealEngine/4.3/DerivedDataCache: Writable
[2014.07.21-22.38.55:021][  0]LogMeshUtilities: No automatic mesh reduction module available
[2014.07.21-22.38.55:021][  0]LogMeshUtilities: No automatic mesh merging module available
[2014.07.21-22.38.55:291][  0]LogInit: WinSock: version 1.1 (2.2), MaxSocks=32767, MaxUdp=65467
[2014.07.21-22.38.55:835][  0]LogLinker:Warning: Asset '../../../Engine/Plugins/Experimental/Paper2D/Content/DefaultPaperTerrainMaterial.uasset' has been saved with empty engine version. The asset will be loaded but may be incompatible.
[2014.07.21-22.38.55:835][  0]LogLinker:Warning: Asset '../../../Engine/Plugins/Experimental/Paper2D/Content/DummySprite.uasset' has been saved with empty engine version. The asset will be loaded but may be incompatible.
[2014.07.21-22.38.55:836][  0]UdpMessaging: Initializing bridge on interface 0.0.0.0:0 to multicast group 230.0.0.1:6666.
[2014.07.21-22.38.55:902][  0]SourceControl: Info Source control is disabled
[2014.07.21-22.38.55:902][  0]SourceControl: Info Source control is disabled
[2014.07.21-22.38.55:906][  0]SourceControl: Info Source control is disabled
[2014.07.21-22.38.55:995][  0]BlueprintLog: New page: Editor Load
[2014.07.21-22.38.56:022][  0]LogObj: 20265 objects as part of root set at end of initial load.
[2014.07.21-22.38.56:022][  0]LogUObjectAllocator: 4015024 out of 0 bytes used by permanent object pool.
[2014.07.21-22.38.56:148][  0]LogEngine: Initializing Engine...
[2014.07.21-22.38.56:241][  0]LogInit: XAudio2 using 'Lautsprecher (Corsair Vengeance 2000 Headset)' : 8 channels at 44.1 kHz using 16 bits per sample (channel mask 0x63f)
[2014.07.21-22.38.56:248][  0]LogInit: FAudioDevice initialized.
[2014.07.21-22.38.56:258][  0]LogAIModule: Creating AISystem for world NewWorld
[2014.07.21-22.38.56:279][  0]LogDerivedDataCache: Saved boot cache 0.02s 39MB C:/Users/Spaehling/AppData/Local/UnrealEngine/4.3/DerivedDataCache/Boot.ddc.
[2014.07.21-22.38.56:283][  0]LogInit: Texture streaming: Enabled
[2014.07.21-22.38.56:303][  0]LogInit: Transaction tracking system initialized
[2014.07.21-22.38.56:365][  0]LogAssetRegistry: FAssetRegistry took 0.0097 seconds to start up
[2014.07.21-22.38.56:462][  0]LogTargetPlatformManager:Display: Building Assets For Windows
[2014.07.21-22.38.56:487][  0]LogTargetPlatformManager:Display: Building Assets For Windows
[2014.07.21-22.38.56:559][  0]LogConsoleResponse:Display: 
[2014.07.21-22.38.56:663][  0]SourceControl: Info Source control is disabled
[2014.07.21-22.38.56:663][  0]Cmd: MAP LOAD FILE="D:/UDK4 Projects/Waagenbau/Content/Maps/waagenbau.umap" TEMPLATE=0 SHOWPROGRESS=1
[2014.07.21-22.38.56:663][  0]LightingResults: New page: Lighting Build
[2014.07.21-22.38.56:668][  0]MapCheck: New page: Map Check
[2014.07.21-22.38.56:668][  0]LightingResults: New page: Lighting Build
[2014.07.21-22.38.56:673][  0]LogParticles: Destroying 0 GPU particle simulations for FXSystem 0x000000000EFED440
[2014.07.21-22.38.57:999][  0]LogBlueprint:Warning: Node '/Game/Blueprints/Assets/Cigarettes.cigarettes:UserConstructionScript.K2Node_VariableGet_424' missing NodeGuid.
[2014.07.21-22.38.58:408][  0]LogBlueprintUserMessages:Warning: SetTimer passed a bad function () or object (DiscoLight_1_C_19)
[2014.07.21-22.38.58:409][  0]LogBlueprintUserMessages:Warning: SetTimer passed a bad function () or object (DiscoLight_1_C_24)
[2014.07.21-22.38.58:410][  0]LogBlueprintUserMessages:Warning: SetTimer passed a bad function () or object (DiscoLight_1_C_25)
[2014.07.21-22.38.58:411][  0]LogBlueprintUserMessages:Warning: SetTimer passed a bad function () or object (DiscoLight_1_C_26)
[2014.07.21-22.38.58:411][  0]LogBlueprintUserMessages:Warning: SetTimer passed a bad function () or object (DiscoLight_1_C_27)
[2014.07.21-22.38.58:412][  0]LogBlueprintUserMessages:Warning: SetTimer passed a bad function () or object (DiscoLight_1_C_28)
[2014.07.21-22.38.58:413][  0]LogBlueprintUserMessages:Warning: SetTimer passed a bad function () or object (DiscoLight_1_C_29)
[2014.07.21-22.38.58:413][  0]LogBlueprintUserMessages:Warning: SetTimer passed a bad function () or object (DiscoLight_1_C_30)
[2014.07.21-22.38.58:414][  0]LogBlueprintUserMessages:Warning: SetTimer passed a bad function () or object (DiscoLight_1_C_31)
[2014.07.21-22.38.58:415][  0]LogBlueprintUserMessages:Warning: SetTimer passed a bad function () or object (DiscoLight_1_C_32)
[2014.07.21-22.38.58:415][  0]LogBlueprintUserMessages:Warning: SetTimer passed a bad function () or object (DiscoLight_1_C_33)
[2014.07.21-22.38.58:416][  0]LogBlueprintUserMessages:Warning: SetTimer passed a bad function () or object (DiscoLight_1_C_34)
[2014.07.21-22.38.58:416][  0]LogBlueprintUserMessages:Warning: SetTimer passed a bad function () or object (DiscoLight_1_C_35)
[2014.07.21-22.38.58:417][  0]LogBlueprintUserMessages:Warning: SetTimer passed a bad function () or object (DiscoLight_1_C_36)
[2014.07.21-22.38.58:418][  0]LogBlueprintUserMessages:Warning: SetTimer passed a bad function () or object (DiscoLight_1_C_37)
[2014.07.21-22.38.58:419][  0]LogBlueprintUserMessages:Warning: SetTimer passed a bad function () or object (DiscoLight_1_C_38)
[2014.07.21-22.38.58:420][  0]LogBlueprintUserMessages:Warning: SetTimer passed a bad function () or object (DiscoLight_1_C_39)
[2014.07.21-22.38.58:420][  0]LogBlueprintUserMessages:Warning: SetTimer passed a bad function () or object (DiscoLight_1_C_40)
[2014.07.21-22.38.58:421][  0]LogBlueprintUserMessages:Warning: SetTimer passed a bad function () or object (DiscoLight_1_C_41)
[2014.07.21-22.38.58:422][  0]LogBlueprintUserMessages:Warning: SetTimer passed a bad function () or object (DiscoLight_1_C_42)
[2014.07.21-22.38.58:422][  0]LogBlueprintUserMessages:Warning: SetTimer passed a bad function () or object (DiscoLight_1_C_43)
[2014.07.21-22.38.58:423][  0]LogBlueprintUserMessages:Warning: SetTimer passed a bad function () or object (DiscoLight_1_C_44)
[2014.07.21-22.38.58:424][  0]LogBlueprintUserMessages:Warning: SetTimer passed a bad function () or object (DiscoLight_1_C_45)
[2014.07.21-22.38.58:424][  0]LogBlueprintUserMessages:Warning: SetTimer passed a bad function () or object (WallSconce_24)
[2014.07.21-22.38.59:281][  0]LogEditorServer: Finished looking for orphan Actors (0.000 secs)
[2014.07.21-22.38.59:281][  0]LogAIModule: Creating AISystem for world waagenbau
[2014.07.21-22.38.59:282][  0]Cmd: MAP CHECKDEP
[2014.07.21-22.38.59:282][  0]MapCheck: New page: waagenbau - Jul 22, 2014, 2:38:59 AM
[2014.07.21-22.38.59:350][  0]MapCheck: Info ========== Map Check: 0 Error(s), 0 Warning(s), [68.131ms] ==========
[2014.07.21-22.38.59:350][  0]LogFileHelpers: Loading map 'waagenbau' took 2.687
[2014.07.21-22.38.59:544][  0]LogCrashTracker: Crashtracker disabled due to settings.
[2014.07.21-22.38.59:607][  0]LogLoad: Full Startup: 6.26 seconds (BP compile: 0.44 seconds)
[2014.07.21-22.38.59:744][  0]LogRenderer:Warning: Reallocating scene render targets to support 32x32.
[2014.07.21-22.38.59:802][  0]LogSlate: SRTH: 000000002CFCBDC0, 1156 x 853
[2014.07.21-22.38.59:843][  0]LogRenderer:Warning: Reallocating scene render targets to support 1160x856.
[2014.07.21-22.39.00:184][  2]LogAssetRegistry: Asset discovery search completed in 3.8289 seconds
[2014.07.21-22.39.00:741][ 58]LogEpicStorage:Warning: EnumerateFiles request failed. Invalid response. code=403 error=<?xml version="1.0" encoding="UTF-8"?>
<Error><Code>AccessDenied</Code><Message>Access Denied</Message><RequestId>9C94FA24181398F6</RequestId><HostId>aV/+4i8uFmGxiHYyf4NR1FKGI9N9dRQSVI+S6MEQooxux4flr7Si0AzYsS0MGCJD</HostId></Error>
[2014.07.21-22.39.00:776][ 59]LogEpicSurvey:Warning: EnumerateFiles request failed. Invalid response. code=403 error=<?xml version="1.0" encoding="UTF-8"?>
<Error><Code>AccessDenied</Code><Message>Access Denied</Message><RequestId>FB38447E914773DE</RequestId><HostId>dkO6GS+jvikBRiyxnUZnRoHDExu7zc06Thsn4eTjrCDbhf+8ACnjdezINbbvjnql</HostId></Error>
[2014.07.21-22.39.00:790][ 60]LogEpicStorage:Warning: EnumerateFiles request failed. Invalid response. code=403 error=<?xml version="1.0" encoding="UTF-8"?>
<Error><Code>AccessDenied</Code><Message>Access Denied</Message><RequestId>9C94FA24181398F6</RequestId><HostId>aV/+4i8uFmGxiHYyf4NR1FKGI9N9dRQSVI+S6MEQooxux4flr7Si0AzYsS0MGCJD</HostId></Error>
[2014.07.21-22.39.00:813][ 61]LogEpicSurvey:Warning: EnumerateFiles request failed. Invalid response. code=403 error=<?xml version="1.0" encoding="UTF-8"?>
<Error><Code>AccessDenied</Code><Message>Access Denied</Message><RequestId>FB38447E914773DE</RequestId><HostId>dkO6GS+jvikBRiyxnUZnRoHDExu7zc06Thsn4eTjrCDbhf+8ACnjdezINbbvjnql</HostId></Error>
[2014.07.21-22.39.00:896][ 63]LogEpicSurvey:Warning: EnumerateFiles request failed. Invalid response. code=403 error=<?xml version="1.0" encoding="UTF-8"?>
<Error><Code>AccessDenied</Code><Message>Access Denied</Message><RequestId>A01A634F68233825</RequestId><HostId>dCJ71skMeEWbsGZbqVSDFEOb9OBKkWsQ+p2uvsnKOiApEe4V+A6Uh4pj9Xdc/b8k</HostId></Error>
[2014.07.21-22.39.00:927][ 64]LogEpicStorage:Warning: ReadFile request failed. File request already pending for filename=http://cdn.unrealengine.com/newsfeed/blueprint_icon_b.png
[2014.07.21-22.39.00:928][ 64]LogEpicStorage:Warning: ReadFile request failed. File request already pending for filename=http://cdn.unrealengine.com/newsfeed/blueprint_icon_b.png
[2014.07.21-22.39.07:136][435]LogCollectionManager: Loaded 0 collections in 0.000692 seconds
[2014.07.21-22.39.07:342][435]LogActorComponent: RegisterComponentWithWorld: (/Engine/Transient.DebugSkelMeshComponent_0) Already registered. Aborting.
[2014.07.21-22.39.07:670][435]LogLinker:Warning: Asset '../../../Engine/Content/EditorMaterials/Cascade/CASC_Lights.uasset' has been saved with empty engine version. The asset will be loaded but may be incompatible.
[2014.07.21-22.39.07:741][435]LogSlate: SRTH: 000000003A4BEB00, 913 x 422
[2014.07.21-22.39.07:783][435]LogSlate: SRTH: 000000003A4BE380, 959 x 389
[2014.07.21-22.39.07:813][435]LogSlate: SRTH: 000000003A4BD600, 979 x 356
[2014.07.21-22.39.07:908][436]LogSlate: SRTH: 000000003A386980, 979 x 409, prev 0000000000000000
[2014.07.21-22.39.37:018][944]LogActorComponent: UnregisterComponent: (/Engine/Transient.CharacterMovementComponent_0) Not registered. Aborting.
[2014.07.21-22.39.38:661][  9]Cmd: OBJ SAVEPACKAGE PACKAGE="/Game/Blueprints/Characters/BotCharacter_Male" FILE="D:/UDK4 Projects/Waagenbau/Content/Blueprints/Characters/BotCharacter_Male.uasset" SILENT=true
[2014.07.21-22.39.39:021][  9]LogSavePackage: Save=347.421875ms
[2014.07.21-22.39.39:022][  9]LogSavePackage: Moving 'D:/UDK4 Projects/Waagenbau/Saved/BotCharacter_Male261FD38446A97C8E3D4DBCB9533ECE8D.tmp' to 'D:/UDK4 Projects/Waagenbau/Content/Blueprints/Characters/BotCharacter_Male.uasset'
[2014.07.21-22.39.39:694][ 46]BlueprintLog: New page: Compile BotCharacter_Male
[2014.07.21-22.39.39:764][ 46]LogOutputDevice:Warning: 

Script Stack:
male_bot_all_C.ExecuteUbergraph_male_bot_all
male_bot_all_C.BlueprintUpdateAnimation

[2014.07.21-22.39.39:854][ 46]LogWindows:Error: appError called: Assertion failed: Result [File:D:\BuildFarm\buildmachine_++depot+UE4-Releases+4.3\Engine\Source\Runtime\CoreUObject\Public\UObject\Stack.h] [Line: 220]

Stack:
Address = 0xe9bbf996 (filename not found) [in E:\Unreal Engine\4.3\Engine\Binaries\Win64\UE4Editor-Core.dll]
Address = 0xe9a6fde5 (filename not found) [in E:\Unreal Engine\4.3\Engine\Binaries\Win64\UE4Editor-Core.dll]
Address = 0xea2e6bba (filename not found) [in E:\Unreal Engine\4.3\Engine\Binaries\Win64\UE4Editor-CoreUObject.dll]
Address = 0xea2d2272 (filename not found) [in E:\Unreal Engine\4.3\Engine\Binaries\Win64\UE4Editor-CoreUObject.dll]
Address = 0xe86fdc13 (filename not found) [in E:\Unreal Engine\4.3\Engine\Binaries\Win64\UE4Editor-Engine.dll]
Address = 0xea2c41fb (filename not found) [in E:\Unreal Engine\4.3\Engine\Binaries\Win64\UE4Editor-CoreUObject.dll]
Address = 0xea2d2272 (filename not found) [in E:\Unreal Engine\4.3\Engine\Binaries\Win64\UE4Editor-CoreUObject.dll]
Address = 0xea2d35db (filename not found) [in E:\Unreal Engine\4.3\Engine\Binaries\Win64\UE4Editor-CoreUObject.dll]
Address = 0xea2c4708 (filename not found) [in E:\Unreal Engine\4.3\Engine\Binaries\Win64\UE4Editor-CoreUObject.dll]
Address = 0xea2d35db (filename not found) [in E:\Unreal Engine\4.3\Engine\Binaries\Win64\UE4Editor-CoreUObject.dll]
Address = 0xea2d2e30 (filename not found) [in E:\Unreal Engine\4.3\Engine\Binaries\Win64\UE4Editor-CoreUObject.dll]
Address = 0xe826fb34 (filename not found) [in E:\Unreal Engine\4.3\Engine\Binaries\Win64\UE4Editor-Engine.dll]
Address = 0xe7d87c25 (filename not found) [in E:\Unreal Engine\4.3\Engine\Binaries\Win64\UE4Editor-Engine.dll]
Address = 0xe7a04f2b (filename not found) [in E:\Unreal Engine\4.3\Engine\Binaries\Win64\UE4Editor-Engine.dll]
Address = 0xe79ee8e6 (filename not found) [in E:\Unreal Engine\4.3\Engine\Binaries\Win64\UE4Editor-Engine.dll]
Address = 0xe79f28bc (filename not found) [in E:\Unreal Engine\4.3\Engine\Binaries\Win64\UE4Editor-Engine.dll]
Address = 0xe74ebe60 (filename not found) [in E:\Unreal Engine\4.3\Engine\Binaries\Win64\UE4Editor-Engine.dll]
Address = 0xe750c735 (filename not found) [in E:\Unreal Engine\4.3\Engine\Binaries\Win64\UE4Editor-Engine.dll]
Address = 0xe750bf36 (filename not found) [in E:\Unreal Engine\4.3\Engine\Binaries\Win64\UE4Editor-Engine.dll]
Address = 0xe7509866 (filename not found) [in E:\Unreal Engine\4.3\Engine\Binaries\Win64\UE4Editor-Engine.dll]
Address = 0xe7834749 (filename not found) [in E:\Unreal Engine\4.3\Engine\Binaries\Win64\UE4Editor-Engine.dll]
Address = 0xe64bda6d (filename not found) [in E:\Unreal Engine\4.3\Engine\Binaries\Win64\UE4Editor-UnrealEd.dll]
Address = 0xe64b7b99 (filename not found) [in E:\Unreal Engine\4.3\Engine\Binaries\Win64\UE4Editor-UnrealEd.dll]
Address = 0xe649444c (filename not found) [in E:\Unreal Engine\4.3\Engine\Binaries\Win64\UE4Editor-UnrealEd.dll]
Address = 0xe3f6a207 (filename not found) [in E:\Unreal Engine\4.3\Engine\Binaries\Win64\UE4Editor-Kismet.dll]
Address = 0xe3fa16cd (filename not found) [in E:\Unreal Engine\4.3\Engine\Binaries\Win64\UE4Editor-Kismet.dll]
Address = 0xe3fa6227 (filename not found) [in E:\Unreal Engine\4.3\Engine\Binaries\Win64\UE4Editor-Kismet.dll]
Address = 0xe6e0d936 (filename not found) [in E:\Unreal Engine\4.3\Engine\Binaries\Win64\UE4Editor-Slate.dll]
Address = 0xe6eaf8dd (filename not found) [in E:\Unreal Engine\4.3\Engine\Binaries\Win64\UE4Editor-Slate.dll]
Address = 0xe6e9680c (filename not found) [in E:\Unreal Engine\4.3\Engine\Binaries\Win64\UE4Editor-Slate.dll]
Address = 0xe700081a (filename not found) [in E:\Unreal Engine\4.3\Engine\Binaries\Win64\UE4Editor-Slate.dll]
Address = 0xe7020949 (filename not found) [in E:\Unreal Engine\4.3\Engine\Binaries\Win64\UE4Editor-Slate.dll]
Address = 0xe6e2f939 (filename not found) [in E:\Unreal Engine\4.3\Engine\Binaries\Win64\UE4Editor-Slate.dll]
Address = 0xe6e259b9 (filename not found) [in E:\Unreal Engine\4.3\Engine\Binaries\Win64\UE4Editor-Slate.dll]
Address = 0xe9ba92cd (filename not found) [in E:\Unreal Engine\4.3\Engine\Binaries\Win64\UE
[2014.07.21-22.39.39:854][ 46]LogWindows:Error: Windows GetLastError: Der Vorgang wurde erfolgreich beendet. (0)
[2014.07.21-22.39.39:854][ 46]LogCrashTracker: 


[2014.07.21-22.39.39:995][ 46]LogCrashTracker: 


[2014.07.21-22.39.39:995][ 46]LogWindows: === Critical error: ===


[2014.07.21-22.39.39:995][ 46]LogWindows: Assertion failed: Result [File:D:\BuildFarm\buildmachine_++depot+UE4-Releases+4.3\Engine\Source\Runtime\CoreUObject\Public\UObject\Stack.h] [Line: 220]

Stack:
Address = 0xe9bbf996 (filename not found) [in E:\Unreal Engine\4.3\Engine\Binaries\Win64\UE4Editor-Core.dll]
Address = 0xe9a6fde5 (filename not found) [in E:\Unreal Engine\4.3\Engine\Binaries\Win64\UE4Editor-Core.dll]
Address = 0xea2e6bba (filename not found) [in E:\Unreal Engine\4.3\Engine\Binaries\Win64\UE4Editor-CoreUObject.dll]
Address = 0xea2d2272 (filename not found) [in E:\Unreal Engine\4.3\Engine\Binaries\Win64\UE4Editor-CoreUObject.dll]
Address = 0xe86fdc13 (filename not found) [in E:\Unreal Engine\4.3\Engine\Binaries\Win64\UE4Editor-Engine.dll]
Address = 0xea2c41fb (filename not found) [in E:\Unreal Engine\4.3\Engine\Binaries\Win64\UE4Editor-CoreUObject.dll]
Address = 0xea2d2272 (filename not found) [in E:\Unreal Engine\4.3\Engine\Binaries\Win64\UE4Editor-CoreUObject.dll]
Address = 0xea2d35db (filename not found) [in E:\Unreal Engine\4.3\Engine\Binaries\Win64\UE4Editor-CoreUObject.dll]
Address = 0xea2c4708 (filename not found) [in E:\Unreal Engine\4.3\Engine\Binaries\Win64\UE4Editor-CoreUObject.dll]
Address = 0xea2d35db (filename not found) [in E:\Unreal Engine\4.3\Engine\Binaries\Win64\UE4Editor-CoreUObject.dll]
Address = 0xea2d2e30 (filename not found) [in E:\Unreal Engine\4.3\Engine\Binaries\Win64\UE4Editor-CoreUObject.dll]
Address = 0xe826fb34 (filename not found) [in E:\Unreal Engine\4.3\Engine\Binaries\Win64\UE4Editor-Engine.dll]
Address = 0xe7d87c25 (filename not found) [in E:\Unreal Engine\4.3\Engine\Binaries\Win64\UE4Editor-Engine.dll]
Address = 0xe7a04f2b (filename not found) [in E:\Unreal Engine\4.3\Engine\Binaries\Win64\UE4Editor-Engine.dll]
Address = 0xe79ee8e6 (filename not found) [in E:\Unreal Engine\4.3\Engine\Binaries\Win64\UE4Editor-Engine.dll]
Address = 0xe79f28bc (filename not found) [in E:\Unreal Engine\4.3\Engine\Binaries\Win64\UE4Editor-Engine.dll]
Address = 0xe74ebe60 (filename not found) [in E:\Unreal Engine\4.3\Engine\Binaries\Win64\UE4Editor-Engine.dll]
Address = 0xe750c735 (filename not found) [in E:\Unreal Engine\4.3\Engine\Binaries\Win64\UE4Editor-Engine.dll]
Address = 0xe750bf36 (filename not found) [in E:\Unreal Engine\4.3\Engine\Binaries\Win64\UE4Editor-Engine.dll]
Address = 0xe7509866 (filename not found) [in E:\Unreal Engine\4.3\Engine\Binaries\Win64\UE4Editor-Engine.dll]
Address = 0xe7834749 (filename not found) [in E:\Unreal Engine\4.3\Engine\Binaries\Win64\UE4Editor-Engine.dll]
Address = 0xe64bda6d (filename not found) [in E:\Unreal Engine\4.3\Engine\Binaries\Win64\UE4Editor-UnrealEd.dll]
Address = 0xe64b7b99 (filename not found) [in E:\Unreal Engine\4.3\Engine\Binaries\Win64\UE4Editor-UnrealEd.dll]
Address = 0xe649444c (filename not found) [in E:\Unreal Engine\4.3\Engine\Binaries\Win64\UE4Editor-UnrealEd.dll]
Address = 0xe3f6a207 (filename not found) [in E:\Unreal Engine\4.3\Engine\Binaries\Win64\UE4Editor-Kismet.dll]
Address = 0xe3fa16cd (filename not found) [in E:\Unreal Engine\4.3\Engine\Binaries\Win64\UE4Editor-Kismet.dll]
Address = 0xe3fa6227 (filename not found) [in E:\Unreal Engine\4.3\Engine\Binaries\Win64\UE4Editor-Kismet.dll]
Address = 0xe6e0d936 (filename not found) [in E:\Unreal Engine\4.3\Engine\Binaries\Win64\UE4Editor-Slate.dll]
Address = 0xe6eaf8dd (filename not found) [in E:\Unreal Engine\4.3\Engine\Binaries\Win64\UE4Editor-Slate.dll]
Address = 0xe6e9680c (filename not found) [in E:\Unreal Engine\4.3\Engine\Binaries\Win64\UE4Editor-Slate.dll]
Address = 0xe700081a (filename not found) [in E:\Unreal Engine\4.3\Engine\Binaries\Win64\UE4Editor-Slate.dll]
Address = 0xe7020949 (filename not found) [in E:\Unreal Engine\4.3\Engine\Binaries\Win64\UE4Editor-Slate.dll]
Address = 0xe6e2f939 (filename not found) [in E:\Unreal Engine\4.3\Engine\Binaries\Win64\UE4Editor-Slate.dll]
Address = 0xe6e259b9 (filename not found) [in E:\Unreal Engine\4.3\Engine\Binaries\Win64\UE4Editor-Slate.dll]
Address = 0xe9ba92cd (filename not found) [in E:\Unreal Engine\4.3\Engine\Binaries\Win64\UE


[2014.07.21-22.39.39:995][ 46]LogExit: Executing StaticShutdownAfterError
[2014.07.21-22.39.40:020][ 46]LogWindows: FPlatformMisc::RequestExit(1)
[2014.07.21-22.39.40:020][ 46]Log file closed, 07/22/14 00:39:40
