Log file open, 07/02/14 15:17:35
LogInit:Display: Running engine without a game
LogInit:Display: Loading recent project file: D:/UDK4 Projects/Waagenbau/MyProject3/MyProject3.uproject
LogInit: Version: 4.2.1-2101290+++depot+UE4-Releases+4.2
LogInit: Compiled (64-bit): Jun 10 2014 22:21:56
LogInit: Build Configuration: Development
LogInit: Branch Name: ++depot+UE4-Releases+4.2
LogInit: Command line: 
LogInit: Base directory: E:/Unreal Engine/4.2/Engine/Binaries/Win64/
LogInit: Rocket: 1
[2014.07.02-13.17.35:229][  0]LogTaskGraph: Started task graph with 3 named threads and 6 total threads.
[2014.07.02-13.17.35:274][  0]LogOnline:Warning: No default platform service specified for OnlineSubsystem
[2014.07.02-13.17.35:358][  0]LogInit: Presizing for 0 objects not considered by GC, pre-allocating 0 bytes.
[2014.07.02-13.17.35:562][  0]LogInit: Object subsystem initialized
[2014.07.02-13.17.35:656][  0]LogInit: Selected Device Profile: [Windows]
[2014.07.02-13.17.35:660][  0]LogInit: Applying CVar settings loaded from the selected device profile: [Windows]
[2014.07.02-13.17.35:737][  0]LogInit: Computer: SPAEHLING-PC
[2014.07.02-13.17.35:737][  0]LogInit: User: Spaehling
[2014.07.02-13.17.35:737][  0]LogInit: CPU Page size=4096, Cores=6
[2014.07.02-13.17.35:747][  0]LogInit: High frequency timer resolution =3.126962 MHz
[2014.07.02-13.17.35:747][  0]LogMemory: Memory total: Physical=64.0GB (64GB approx) Virtual=8192.0GB
[2014.07.02-13.17.35:748][  0]LogMemory: Platform Memory Stats for Windows
[2014.07.02-13.17.35:748][  0]LogMemory: Process Physical Memory: 56.96 MB used, 56.96 MB peak
[2014.07.02-13.17.35:748][  0]LogMemory: Process Virtual Memory: 33.46 MB used, 33.62 MB peak
[2014.07.02-13.17.35:748][  0]LogMemory: Physical Memory: 5595.58 MB used, 65486.15 MB total
[2014.07.02-13.17.35:748][  0]LogMemory: Virtual Memory: 241.65 MB used, 8388608.00 MB total
[2014.07.02-13.17.35:833][  0]LogD3D11RHI: Found D3D11 adapter 0: NVIDIA GeForce GTX 690 (Feature Level 11_0)
[2014.07.02-13.17.35:833][  0]LogD3D11RHI: Adapter has 1990MB of dedicated video memory, 0MB of dedicated system memory, and 2048MB of shared system memory, 1 output[s]
[2014.07.02-13.17.35:833][  0]LogD3D11RHI: Chosen D3D11 Adapter Id = 0
[2014.07.02-13.17.35:838][  0]LogRHI: Texture pool is 1361 MB (70% of 1945 MB)
[2014.07.02-13.17.35:848][  0]LogD3D11RHI: Async texture creation enabled
[2014.07.02-13.17.36:667][  0]LogTextLocalizationManager:Warning: The selected culture 'de_DE' is not available; falling back to 'en'
[2014.07.02-13.17.36:790][  0]LogContentStreaming: Texture pool size is 0.000000MB
[2014.07.02-13.17.38:697][  0]LogTargetPlatformManager:Display: Building Assets For Windows
[2014.07.02-13.17.39:155][  0]LogTargetPlatformManager:Display: Building Assets For Windows
[2014.07.02-13.17.39:232][  0]LogDerivedDataCache:Display: Max Cache Size: 512 MB
[2014.07.02-13.17.39:402][  0]LogDerivedDataCache: Loaded boot cache 0.17s 39MB C:/Users/Spaehling/AppData/Local/UnrealEngine/4.2/DerivedDataCache/Boot.ddc.
[2014.07.02-13.17.39:402][  0]LogDerivedDataCache:Display: Loaded Boot cache: C:/Users/Spaehling/AppData/Local/UnrealEngine/4.2/DerivedDataCache/Boot.ddc
[2014.07.02-13.17.39:416][  0]LogDerivedDataCache: FDerivedDataBackendGraph:  Pak pak cache file D:/UDK4 Projects/Waagenbau/MyProject3/DerivedDataCache/DDC.ddp not found, will not use a pak cache.
[2014.07.02-13.17.39:416][  0]LogDerivedDataCache: Unable to find inner node Pak for hierarchical cache Hierarchy.
[2014.07.02-13.17.39:459][  0]LogDerivedDataCache:Display: Pak cache opened for reading ../../../Engine/DerivedDataCache/DDC.ddp.
[2014.07.02-13.17.39:470][  0]LogDerivedDataCache: Using Local data cache path C:/Users/Spaehling/AppData/Local/UnrealEngine/4.2/DerivedDataCache: Writable
[2014.07.02-13.17.43:687][  0]LogMeshUtilities: No automatic mesh reduction module available
[2014.07.02-13.17.43:687][  0]LogMeshUtilities: No automatic mesh merging module available
[2014.07.02-13.17.45:845][  0]LogInit: WinSock: version 1.1 (2.2), MaxSocks=32767, MaxUdp=65467
[2014.07.02-13.17.52:685][  0]LogStreaming:Warning: Failed to read file '../../../Engine/Content/Editor/Slate/Icons/ActorIcons/GroupActor_16x.png' error.
[2014.07.02-13.17.52:685][  0]LogSlate: Could not find file for Slate resource: ../../../Engine/Content/Editor/Slate/Icons/ActorIcons/GroupActor_16x.png
[2014.07.02-13.17.52:842][  0]LogStreaming:Warning: Failed to read file '../../../Engine/Content/Editor/Slate/Icons/ActorIcons/DecalActor_16x.png' error.
[2014.07.02-13.17.52:842][  0]LogSlate: Could not find file for Slate resource: ../../../Engine/Content/Editor/Slate/Icons/ActorIcons/DecalActor_16x.png
[2014.07.02-13.17.56:597][  0]UdpMessaging: Initializing bridge on interface 0.0.0.0:0 to multicast group 230.0.0.1:6666.
[2014.07.02-13.17.56:830][  0]SourceControl: Info Source control is disabled
[2014.07.02-13.17.56:831][  0]SourceControl: Info Source control is disabled
[2014.07.02-13.17.56:837][  0]SourceControl: Info Source control is disabled
[2014.07.02-13.17.57:781][  0]BlueprintLog: New page: Editor Load
[2014.07.02-13.17.58:242][  0]LogObj: 19203 objects as part of root set at end of initial load.
[2014.07.02-13.17.58:242][  0]LogUObjectAllocator: 3820576 out of 0 bytes used by permanent object pool.
[2014.07.02-13.17.58:903][  0]LogEngine: Initializing Engine...
[2014.07.02-13.17.59:362][  0]LogInit: XAudio2 using 'Lautsprecher (Corsair Vengeance 2000 Headset)' : 8 channels at 44.1 kHz using 16 bits per sample (channel mask 0x63f)
[2014.07.02-13.17.59:402][  0]LogInit: FAudioDevice initialized.
[2014.07.02-13.17.59:697][  0]LogDerivedDataCache: Saved boot cache 0.04s 39MB C:/Users/Spaehling/AppData/Local/UnrealEngine/4.2/DerivedDataCache/Boot.ddc.
[2014.07.02-13.17.59:702][  0]LogInit: Texture streaming: Enabled
[2014.07.02-13.17.59:799][  0]LogInit: Transaction tracking system initialized
[2014.07.02-13.18.00:218][  0]LogAssetRegistry: FAssetRegistry took 0.0177 seconds to start up
[2014.07.02-13.18.01:498][  0]LogModuleManager:Warning: ModuleManager: Unable to load module '' because the file was not found.
[2014.07.02-13.18.01:506][  0]LogModuleManager:Warning: ModuleManager: Unable to load module '' because the file was not found.
[2014.07.02-13.18.01:733][  0]LogConsoleResponse:Display: 
[2014.07.02-13.18.04:057][  0]SourceControl: Info Source control is disabled
[2014.07.02-13.18.04:068][  0]Cmd: MAP LOAD FILE="D:/UDK4 Projects/Waagenbau/MyProject3/Content/Maps/waagenbau.umap" TEMPLATE=0 SHOWPROGRESS=1 WORLDCOMPOSITION=0
[2014.07.02-13.18.04:146][  0]LightingResults: New page: Lighting Build
[2014.07.02-13.18.04:174][  0]MapCheck: New page: Map Check
[2014.07.02-13.18.04:175][  0]LightingResults: New page: Lighting Build
[2014.07.02-13.18.04:262][  0]LogParticles: Destroying 0 GPU particle simulations for FXSystem 0x0000000011E36F20
[2014.07.02-13.18.19:094][  0]LogBlueprintUserMessages:Warning: SetTimer passed a bad function () or object (DiscoLight_1_C_0)
[2014.07.02-13.18.19:095][  0]LogBlueprintUserMessages:Warning: SetTimer passed a bad function () or object (DiscoLight_1_C_1)
[2014.07.02-13.18.19:095][  0]LogBlueprintUserMessages:Warning: SetTimer passed a bad function () or object (DiscoLight_1_C_2)
[2014.07.02-13.18.19:096][  0]LogBlueprintUserMessages:Warning: SetTimer passed a bad function () or object (DiscoLight_1_C_3)
[2014.07.02-13.18.19:097][  0]LogBlueprintUserMessages:Warning: SetTimer passed a bad function () or object (DiscoLight_1_C_4)
[2014.07.02-13.18.19:097][  0]LogBlueprintUserMessages:Warning: SetTimer passed a bad function () or object (DiscoLight_1_C_5)
[2014.07.02-13.18.19:098][  0]LogBlueprintUserMessages:Warning: SetTimer passed a bad function () or object (DiscoLight_1_C_6)
[2014.07.02-13.18.19:098][  0]LogBlueprintUserMessages:Warning: SetTimer passed a bad function () or object (DiscoLight_1_C_7)
[2014.07.02-13.18.19:099][  0]LogBlueprintUserMessages:Warning: SetTimer passed a bad function () or object (DiscoLight_1_C_8)
[2014.07.02-13.18.19:100][  0]LogBlueprintUserMessages:Warning: SetTimer passed a bad function () or object (DiscoLight_1_C_9)
[2014.07.02-13.18.19:100][  0]LogBlueprintUserMessages:Warning: SetTimer passed a bad function () or object (DiscoLight_1_C_10)
[2014.07.02-13.18.19:101][  0]LogBlueprintUserMessages:Warning: SetTimer passed a bad function () or object (DiscoLight_1_C_11)
[2014.07.02-13.18.19:101][  0]LogBlueprintUserMessages:Warning: SetTimer passed a bad function () or object (DiscoLight_1_C_12)
[2014.07.02-13.18.19:102][  0]LogBlueprintUserMessages:Warning: SetTimer passed a bad function () or object (DiscoLight_1_C_13)
[2014.07.02-13.18.19:103][  0]LogBlueprintUserMessages:Warning: SetTimer passed a bad function () or object (DiscoLight_1_C_14)
[2014.07.02-13.18.19:103][  0]LogBlueprintUserMessages:Warning: SetTimer passed a bad function () or object (DiscoLight_1_C_15)
[2014.07.02-13.18.19:104][  0]LogBlueprintUserMessages:Warning: SetTimer passed a bad function () or object (DiscoLight_1_C_16)
[2014.07.02-13.18.19:104][  0]LogBlueprintUserMessages:Warning: SetTimer passed a bad function () or object (DiscoLight_1_C_34)
[2014.07.02-13.18.19:105][  0]LogBlueprintUserMessages:Warning: SetTimer passed a bad function () or object (DiscoLight_1_C_35)
[2014.07.02-13.18.19:106][  0]LogBlueprintUserMessages:Warning: SetTimer passed a bad function () or object (DiscoLight_1_C_36)
[2014.07.02-13.18.19:106][  0]LogBlueprintUserMessages:Warning: SetTimer passed a bad function () or object (DiscoLight_1_C_37)
[2014.07.02-13.18.19:188][  0]LogEditorServer: Finished looking for orphan Actors (0.000 secs)
[2014.07.02-13.18.19:220][  0]Cmd: MAP CHECKDEP
[2014.07.02-13.18.19:220][  0]MapCheck: New page: waagenbau - Jul 2, 2014, 5:18:19 PM
[2014.07.02-13.18.19:277][  0]MapCheck: Info ========== Map Check: 0 Error(s), 0 Warning(s), [56.989ms] ==========
[2014.07.02-13.18.19:277][  0]LogFileHelpers: Loading map 'waagenbau' took 15.214
[2014.07.02-13.18.20:311][  0]LogCrashTracker: Crashtracker disabled due to settings.
[2014.07.02-13.18.20:316][  0]Cmd: MODE PLACEMENT
[2014.07.02-13.18.20:488][  0]LogLoad: Full Startup: 50.63 seconds (BP compile: 0.66 seconds)
[2014.07.02-13.18.20:720][  0]LogRenderer:Warning: Reallocating scene render targets to support 32x32.
[2014.07.02-13.18.20:969][  1]LogRenderer:Warning: Reallocating scene render targets to support 816x768.
[2014.07.02-13.18.20:969][  1]LogEpicStorage:Warning: EnumerateFiles request failed. Invalid response. code=403 error=<?xml version="1.0" encoding="UTF-8"?>
<Error><Code>AccessDenied</Code><Message>Access Denied</Message><RequestId>9A1227F3ADE43EC7</RequestId><HostId>gQCZf2TXyH8BW+afMT5odhRHzTHUZ2yhp66yGcGNYpaLUzJbBxa//aUtY30iWw+A</HostId></Error>
[2014.07.02-13.18.21:217][  1]LogAssetRegistry: Asset discovery search completed in 21.0159 seconds
[2014.07.02-13.18.21:321][  2]LogEpicSurvey:Warning: EnumerateFiles request failed. Invalid response. code=403 error=<?xml version="1.0" encoding="UTF-8"?>
<Error><Code>AccessDenied</Code><Message>Access Denied</Message><RequestId>B6359CD0253F155E</RequestId><HostId>cYGCnbCE55VUNoQiQLlaekFtXLFGRnDtxR1siWZp5Ob7W/dlWk9QJx1kt0iAvRP1</HostId></Error>
[2014.07.02-13.18.21:335][  3]LogEpicStorage:Warning: EnumerateFiles request failed. Invalid response. code=403 error=<?xml version="1.0" encoding="UTF-8"?>
<Error><Code>AccessDenied</Code><Message>Access Denied</Message><RequestId>9A1227F3ADE43EC7</RequestId><HostId>gQCZf2TXyH8BW+afMT5odhRHzTHUZ2yhp66yGcGNYpaLUzJbBxa//aUtY30iWw+A</HostId></Error>
[2014.07.02-13.18.21:357][  4]LogEpicSurvey:Warning: EnumerateFiles request failed. Invalid response. code=403 error=<?xml version="1.0" encoding="UTF-8"?>
<Error><Code>AccessDenied</Code><Message>Access Denied</Message><RequestId>B6359CD0253F155E</RequestId><HostId>cYGCnbCE55VUNoQiQLlaekFtXLFGRnDtxR1siWZp5Ob7W/dlWk9QJx1kt0iAvRP1</HostId></Error>
[2014.07.02-13.18.21:390][  5]LogEpicSurvey:Warning: EnumerateFiles request failed. Invalid response. code=403 error=<?xml version="1.0" encoding="UTF-8"?>
<Error><Code>AccessDenied</Code><Message>Access Denied</Message><RequestId>AAD762073DCA521E</RequestId><HostId>orQplPxJi9smZe54N3I8jRMB/QwdPZcdCsgZJr3fFpHVzEfxFEjuIdhbUDq9m2De</HostId></Error>
[2014.07.02-13.18.21:666][ 10]LogEpicStorage:Warning: ReadFile request failed. File request already pending for filename=http://cdn.unrealengine.com/newsfeed/blueprint_icon_b.png
[2014.07.02-13.18.21:727][ 10]LogEpicStorage:Warning: ReadFile request failed. File request already pending for filename=http://cdn.unrealengine.com/newsfeed/blueprint_icon_b.png
[2014.07.02-13.19.22:339][218]LogRenderer:Warning: Reallocating scene render targets to support 1056x856.
[2014.07.02-13.19.23:301][245]LogPlayLevel: PIE:  No blueprints needed recompiling
[2014.07.02-13.19.23:301][245]PIE: New page: SIE session: waagenbau (Jul 2, 2014, 5:19:23 PM)
[2014.07.02-13.19.23:344][245]LogPlayLevel: PIE: StaticDuplicateObject took: (0.042961s)
[2014.07.02-13.19.23:345][245]LogPlayLevel: PIE: World Init took: (0.000602s)
[2014.07.02-13.19.23:345][245]LogPlayLevel: PIE: Created PIE world by copying editor world from /Game/Maps/waagenbau.waagenbau to /Game/Maps/UEDPIE_0_waagenbau.waagenbau (0.043899s)
[2014.07.02-13.19.23:536][245]LogBlueprint:Warning: [compiler] Warning InputAction Event references unknown Action 'Action' for  InputAction Action 
[2014.07.02-13.19.23:539][245]LogBlueprint:Warning: [compiler] Warning [0113.68] Compile of MyCharacter successful, but with 1 Warning(s) [in 6 ms]
[2014.07.02-13.19.23:548][245]LogBlueprint:Warning: [compiler] Warning InputAction Event references unknown Action 'Action' for  InputAction Action 
[2014.07.02-13.19.23:551][245]LogBlueprint:Warning: [compiler] Warning [0113.69] Compile of MyCharacter successful, but with 1 Warning(s) [in 5 ms]
[2014.07.02-13.19.23:675][245]LogWorld: Game class is 'MyGame_C'
[2014.07.02-13.19.23:810][245]LogBlueprintUserMessages:Warning: SetTimer passed a bad function () or object (DiscoLight_1_C_0)
[2014.07.02-13.19.23:811][245]LogBlueprintUserMessages:Warning: SetTimer passed a bad function () or object (DiscoLight_1_C_1)
[2014.07.02-13.19.23:812][245]LogBlueprintUserMessages:Warning: SetTimer passed a bad function () or object (DiscoLight_1_C_2)
[2014.07.02-13.19.23:812][245]LogBlueprintUserMessages:Warning: SetTimer passed a bad function () or object (DiscoLight_1_C_3)
[2014.07.02-13.19.23:813][245]LogBlueprintUserMessages:Warning: SetTimer passed a bad function () or object (DiscoLight_1_C_4)
[2014.07.02-13.19.23:814][245]LogBlueprintUserMessages:Warning: SetTimer passed a bad function () or object (DiscoLight_1_C_5)
[2014.07.02-13.19.23:815][245]LogBlueprintUserMessages:Warning: SetTimer passed a bad function () or object (DiscoLight_1_C_6)
[2014.07.02-13.19.23:815][245]LogBlueprintUserMessages:Warning: SetTimer passed a bad function () or object (DiscoLight_1_C_7)
[2014.07.02-13.19.23:816][245]LogBlueprintUserMessages:Warning: SetTimer passed a bad function () or object (DiscoLight_1_C_8)
[2014.07.02-13.19.23:817][245]LogBlueprintUserMessages:Warning: SetTimer passed a bad function () or object (DiscoLight_1_C_9)
[2014.07.02-13.19.23:817][245]LogBlueprintUserMessages:Warning: SetTimer passed a bad function () or object (DiscoLight_1_C_10)
[2014.07.02-13.19.23:817][245]LogBlueprintUserMessages:Warning: SetTimer passed a bad function () or object (DiscoLight_1_C_11)
[2014.07.02-13.19.23:818][245]LogBlueprintUserMessages:Warning: SetTimer passed a bad function () or object (DiscoLight_1_C_12)
[2014.07.02-13.19.23:818][245]LogBlueprintUserMessages:Warning: SetTimer passed a bad function () or object (DiscoLight_1_C_13)
[2014.07.02-13.19.23:819][245]LogBlueprintUserMessages:Warning: SetTimer passed a bad function () or object (DiscoLight_1_C_14)
[2014.07.02-13.19.23:819][245]LogBlueprintUserMessages:Warning: SetTimer passed a bad function () or object (DiscoLight_1_C_15)
[2014.07.02-13.19.23:820][245]LogBlueprintUserMessages:Warning: SetTimer passed a bad function () or object (DiscoLight_1_C_16)
[2014.07.02-13.19.23:820][245]LogBlueprintUserMessages:Warning: SetTimer passed a bad function () or object (DiscoLight_1_C_34)
[2014.07.02-13.19.23:820][245]LogBlueprintUserMessages:Warning: SetTimer passed a bad function () or object (DiscoLight_1_C_35)
[2014.07.02-13.19.23:821][245]LogBlueprintUserMessages:Warning: SetTimer passed a bad function () or object (DiscoLight_1_C_36)
[2014.07.02-13.19.23:821][245]LogBlueprintUserMessages:Warning: SetTimer passed a bad function () or object (DiscoLight_1_C_37)
[2014.07.02-13.19.23:851][245]LogWorld:Warning: *** WARNING - PATHS MAY NOT BE VALID ***
[2014.07.02-13.19.23:851][245]LogWorld: Bringing World /Game/Maps/UEDPIE_0_waagenbau.waagenbau up for play (max tick rate 0) at 2014.07.02-15.19.23
[2014.07.02-13.19.23:905][245]LogWorld: Bringing up level for play took: 0.138813
[2014.07.02-13.19.23:922][245]LogPlayerController: Spawned spectator SpectatorPawn_0 [server:1]
[2014.07.02-13.19.24:034][245]PIE: Info Play in editor start time for /Game/Maps/UEDPIE_0_waagenbau 0.792
[2014.07.02-13.19.24:248][246]LogRenderer:Warning: Reallocating scene render targets to support 1056x864.
[2014.07.02-13.19.30:270][517]LogCharacterMovement: BotCharacter_Male_C_12 is stuck and failed to move!
[2014.07.02-13.19.33:721][659]LogParticles: Destroying 0 GPU particle simulations for FXSystem 0x000000001EC1ED40
[2014.07.02-13.19.34:857][689]Cmd: QUIT_EDITOR
[2014.07.02-13.19.34:947][689]LogWindowsTextInputMethodSystem:Error: Terminating failed while unadvising the language notification sink from the TSF source.
[2014.07.02-13.19.34:950][689]LogExit: Preparing to exit.
[2014.07.02-13.19.35:728][689]LogExit: Editor shut down
[2014.07.02-13.19.35:728][689]LogExit: Transaction tracking system shut down
[2014.07.02-13.19.35:731][689]LogParticles: Destroying 0 GPU particle simulations for FXSystem 0x000000001E258180
[2014.07.02-13.19.35:732][689]LogParticles: Destroying 0 GPU particle simulations for FXSystem 0x000000001E83CEA0
[2014.07.02-13.19.35:732][689]LogParticles: Destroying 0 GPU particle simulations for FXSystem 0x000000001D1E5080
[2014.07.02-13.19.35:853][689]LogExit: Object subsystem successfully closed.
[2014.07.02-13.19.35:920][689]LogModuleManager: Shutting down and abandoning module AndroidDeviceDetection (162)
[2014.07.02-13.19.35:920][689]LogModuleManager: Shutting down and abandoning module CrashTracker (161)
[2014.07.02-13.19.35:920][689]LogModuleManager: Shutting down and abandoning module HTTP (160)
[2014.07.02-13.19.35:920][689]LogModuleManager: Shutting down and abandoning module NewsFeed (159)
[2014.07.02-13.19.35:920][689]LogModuleManager: Shutting down and abandoning module SceneOutliner (158)
[2014.07.02-13.19.35:920][689]LogModuleManager: Shutting down and abandoning module StatsViewer (157)
[2014.07.02-13.19.35:920][689]LogModuleManager: Shutting down and abandoning module FoliageEdit (156)
[2014.07.02-13.19.35:933][689]LogModuleManager: Shutting down and abandoning module LandscapeEditor (155)
[2014.07.02-13.19.35:953][689]LogModuleManager: Shutting down and abandoning module MeshPaint (154)
[2014.07.02-13.19.35:968][689]LogModuleManager: Shutting down and abandoning module ActorPickerMode (153)
[2014.07.02-13.19.35:968][689]LogModuleManager: Shutting down and abandoning module GeometryMode (152)
[2014.07.02-13.19.35:968][689]LogModuleManager: Shutting down and abandoning module TextureAlignMode (151)
[2014.07.02-13.19.35:968][689]LogModuleManager: Shutting down and abandoning module BspMode (150)
[2014.07.02-13.19.35:968][689]LogModuleManager: Shutting down and abandoning module PlacementMode (149)
[2014.07.02-13.19.35:968][689]LogModuleManager: Shutting down and abandoning module AutomationWorker (148)
[2014.07.02-13.19.35:968][689]LogModuleManager: Shutting down and abandoning module ViewportSnapping (147)
[2014.07.02-13.19.35:968][689]LogModuleManager: Shutting down and abandoning module DeviceProfileEditor (146)
[2014.07.02-13.19.35:968][689]LogModuleManager: Shutting down and abandoning module UndoHistory (145)
[2014.07.02-13.19.35:968][689]LogModuleManager: Shutting down and abandoning module GameplayTagsEditor (144)
[2014.07.02-13.19.35:968][689]LogModuleManager: Shutting down and abandoning module UserFeedback (143)
[2014.07.02-13.19.35:968][689]LogModuleManager: Shutting down and abandoning module XmlParser (142)
[2014.07.02-13.19.35:968][689]LogModuleManager: Shutting down and abandoning module Blutility (141)
[2014.07.02-13.19.35:968][689]LogModuleManager: Shutting down and abandoning module AndroidPlatformEditor (138)
[2014.07.02-13.19.35:968][689]LogModuleManager: Shutting down and abandoning module AndroidRuntimeSettings (137)
[2014.07.02-13.19.35:968][689]LogModuleManager: Shutting down and abandoning module ProjectSettingsViewer (136)
[2014.07.02-13.19.35:968][689]LogModuleManager: Shutting down and abandoning module InputBindingEditor (135)
[2014.07.02-13.19.35:969][689]LogModuleManager: Shutting down and abandoning module EditorSettingsViewer (134)
[2014.07.02-13.19.35:969][689]LogModuleManager: Shutting down and abandoning module SettingsEditor (133)
[2014.07.02-13.19.35:969][689]LogModuleManager: Shutting down and abandoning module SessionLauncher (132)
[2014.07.02-13.19.35:969][689]LogModuleManager: Shutting down and abandoning module SessionFrontend (131)
[2014.07.02-13.19.35:969][689]LogModuleManager: Shutting down and abandoning module ProfilerClient (130)
[2014.07.02-13.19.35:969][689]LogModuleManager: Shutting down and abandoning module TargetDeviceServices (129)
[2014.07.02-13.19.35:969][689]LogModuleManager: Shutting down and abandoning module DeviceManager (128)
[2014.07.02-13.19.35:969][689]LogModuleManager: Shutting down and abandoning module AutomationController (127)
[2014.07.02-13.19.35:969][689]LogModuleManager: Shutting down and abandoning module AutomationWindow (126)
[2014.07.02-13.19.35:979][689]LogModuleManager: Shutting down and abandoning module Layers (125)
[2014.07.02-13.19.36:001][689]LogModuleManager: Shutting down and abandoning module ComponentVisualizers (124)
[2014.07.02-13.19.36:001][689]LogModuleManager: Shutting down and abandoning module DetailCustomizations (123)
[2014.07.02-13.19.36:016][689]LogModuleManager: Shutting down and abandoning module PackagesDialog (122)
[2014.07.02-13.19.36:019][689]LogModuleManager: Shutting down and abandoning module DirectoryWatcher (121)
[2014.07.02-13.19.36:019][689]LogModuleManager: Shutting down and abandoning module AssetRegistry (120)
[2014.07.02-13.19.36:126][689]LogModuleManager: Shutting down and abandoning module Persona (119)
[2014.07.02-13.19.36:126][689]LogModuleManager: Shutting down and abandoning module GraphEditor (118)
[2014.07.02-13.19.36:146][689]LogModuleManager: Shutting down and abandoning module ContentBrowser (117)
[2014.07.02-13.19.36:157][689]LogModuleManager: Shutting down and abandoning module ClassViewer (116)
[2014.07.02-13.19.36:157][689]LogModuleManager: Shutting down and abandoning module Toolbox (115)
[2014.07.02-13.19.36:157][689]LogModuleManager: Shutting down and abandoning module ModuleUI (114)
[2014.07.02-13.19.36:157][689]LogModuleManager: Shutting down and abandoning module Sequencer (113)
[2014.07.02-13.19.36:164][689]LogModuleManager: Shutting down and abandoning module MovieSceneTools (112)
[2014.07.02-13.19.36:164][689]LogModuleManager: Shutting down and abandoning module OutputLog (111)
[2014.07.02-13.19.36:164][689]LogModuleManager: Shutting down and abandoning module GammaUI (110)
[2014.07.02-13.19.36:164][689]LogModuleManager: Shutting down and abandoning module Documentation (109)
[2014.07.02-13.19.36:164][689]LogModuleManager: Shutting down and abandoning module StreamingPauseRendering (108)
[2014.07.02-13.19.36:164][689]LogModuleManager: Shutting down and abandoning module AnalyticsET (107)
[2014.07.02-13.19.36:164][689]LogModuleManager: Shutting down and abandoning module Analytics (106)
[2014.07.02-13.19.36:164][689]LogModuleManager: Shutting down and abandoning module ProfilerService (105)
[2014.07.02-13.19.36:304][689]LogModuleManager: Shutting down and abandoning module TaskGraph (104)
[2014.07.02-13.19.36:308][689]LogModuleManager: Shutting down and abandoning module GameProjectGeneration (103)
[2014.07.02-13.19.36:308][689]LogModuleManager: Shutting down and abandoning module Matinee (102)
[2014.07.02-13.19.36:324][689]LogModuleManager: Shutting down and abandoning module Kismet (101)
[2014.07.02-13.19.36:339][689]LogModuleManager: Shutting down and abandoning module SlateReflector (100)
[2014.07.02-13.19.36:339][689]LogModuleManager: Shutting down and abandoning module LevelEditor (99)
[2014.07.02-13.19.36:340][689]LogModuleManager: Shutting down and abandoning module MainFrame (98)
[2014.07.02-13.19.36:340][689]LogModuleManager: Shutting down and abandoning module SourceControl (97)
[2014.07.02-13.19.36:340][689]LogModuleManager: Shutting down and abandoning module ImageWrapper (96)
[2014.07.02-13.19.36:341][689]LogModuleManager: Shutting down and abandoning module OnlineBlueprintSupport (95)
[2014.07.02-13.19.36:341][689]LogModuleManager: Shutting down and abandoning module PropertyEditor (94)
[2014.07.02-13.19.36:341][689]LogModuleManager: Shutting down and abandoning module AssetTools (93)
[2014.07.02-13.19.36:358][689]LogModuleManager: Shutting down and abandoning module BehaviorTreeEditor (92)
[2014.07.02-13.19.36:368][689]LogModuleManager: Shutting down and abandoning module FunctionalTesting (91)
[2014.07.02-13.19.36:368][689]LogModuleManager: Shutting down and abandoning module CollisionAnalyzer (90)
[2014.07.02-13.19.36:376][689]LogModuleManager: Shutting down and abandoning module WorkspaceMenuStructure (89)
[2014.07.02-13.19.36:385][689]LogModuleManager: Shutting down and abandoning module MessageLog (88)
[2014.07.02-13.19.36:385][689]LogModuleManager: Shutting down and abandoning module Slate (87)
[2014.07.02-13.19.36:385][689]LogModuleManager: Shutting down and abandoning module EditorStyle (86)
[2014.07.02-13.19.36:388][689]LogModuleManager: Shutting down and abandoning module SessionServices (85)
[2014.07.02-13.19.36:388][689]LogModuleManager: Shutting down and abandoning module Messaging (84)
[2014.07.02-13.19.36:388][689]LogModuleManager: Shutting down and abandoning module SourceCodeAccess (83)
[2014.07.02-13.19.36:388][689]LogModuleManager: Shutting down and abandoning module HeadMountedDisplay (82)
[2014.07.02-13.19.36:388][689]LogModuleManager: Shutting down and abandoning module XAudio2 (81)
[2014.07.02-13.19.36:388][689]LogModuleManager: Shutting down and abandoning module Networking (79)
[2014.07.02-13.19.36:388][689]LogModuleManager: Shutting down and abandoning module Core (78)
[2014.07.02-13.19.36:388][689]LogModuleManager: Shutting down and abandoning module KismetCompiler (77)
[2014.07.02-13.19.36:389][689]LogModuleManager: Shutting down and abandoning module PhysXFormats (76)
[2014.07.02-13.19.36:389][689]LogModuleManager: Shutting down and abandoning module SimplygonMeshReduction (75)
[2014.07.02-13.19.36:389][689]LogModuleManager: Shutting down and abandoning module MeshUtilities (74)
[2014.07.02-13.19.36:399][689]LogModuleManager: Shutting down and abandoning module DerivedDataCache (73)
[2014.07.02-13.19.36:467][689]LogDerivedDataCache: Shutdown
[2014.07.02-13.19.36:467][689]LogModuleManager: Shutting down and abandoning module ShaderFormatOpenGL (72)
[2014.07.02-13.19.36:467][689]LogModuleManager: Shutting down and abandoning module ShaderFormatD3D (71)
[2014.07.02-13.19.36:467][689]LogModuleManager: Shutting down and abandoning module TextureFormatUncompressed (70)
[2014.07.02-13.19.36:467][689]LogModuleManager: Shutting down and abandoning module TextureFormatPVR (69)
[2014.07.02-13.19.36:467][689]LogModuleManager: Shutting down and abandoning module TextureFormatDXT (68)
[2014.07.02-13.19.36:467][689]LogModuleManager: Shutting down and abandoning module TextureFormatAndroid (67)
[2014.07.02-13.19.36:467][689]LogModuleManager: Shutting down and abandoning module AudioFormatOpus (66)
[2014.07.02-13.19.36:467][689]LogModuleManager: Shutting down and abandoning module AudioFormatOgg (65)
[2014.07.02-13.19.36:467][689]LogModuleManager: Shutting down and abandoning module AudioFormatADPCM (64)
[2014.07.02-13.19.36:468][689]LogModuleManager: Shutting down and abandoning module Android_PVRTCTargetPlatform (63)
[2014.07.02-13.19.36:468][689]LogModuleManager: Shutting down and abandoning module Android_ETC2TargetPlatform (62)
[2014.07.02-13.19.36:468][689]LogModuleManager: Shutting down and abandoning module Android_ETC1TargetPlatform (61)
[2014.07.02-13.19.36:468][689]LogModuleManager: Shutting down and abandoning module Android_DXTTargetPlatform (60)
[2014.07.02-13.19.36:468][689]LogModuleManager: Shutting down and abandoning module Android_ATCTargetPlatform (59)
[2014.07.02-13.19.36:468][689]LogModuleManager: Shutting down and abandoning module AndroidTargetPlatform (58)
[2014.07.02-13.19.36:468][689]LogModuleManager: Shutting down and abandoning module WindowsTargetPlatform (57)
[2014.07.02-13.19.36:468][689]LogModuleManager: Shutting down and abandoning module WindowsServerTargetPlatform (56)
[2014.07.02-13.19.36:468][689]LogModuleManager: Shutting down and abandoning module WindowsNoEditorTargetPlatform (55)
[2014.07.02-13.19.36:468][689]LogModuleManager: Shutting down and abandoning module WindowsClientTargetPlatform (54)
[2014.07.02-13.19.36:468][689]LogModuleManager: Shutting down and abandoning module TargetPlatform (53)
[2014.07.02-13.19.36:468][689]LogModuleManager: Shutting down and abandoning module InputCore (52)
[2014.07.02-13.19.36:468][689]LogModuleManager: Shutting down and abandoning module Settings (51)
[2014.07.02-13.19.36:468][689]LogModuleManager: Shutting down and abandoning module TextureCompressor (48)
[2014.07.02-13.19.36:468][689]LogModuleManager: Shutting down and abandoning module ShaderCore (47)
[2014.07.02-13.19.36:468][689]LogModuleManager: Shutting down and abandoning module OpenGLDrv (46)
[2014.07.02-13.19.36:468][689]LogModuleManager: Shutting down and abandoning module D3D11RHI (45)
[2014.07.02-13.19.36:468][689]LogModuleManager: Shutting down and abandoning module SlateRHIRenderer (44)
[2014.07.02-13.19.36:468][689]LogModuleManager: Shutting down and abandoning module Renderer (43)
[2014.07.02-13.19.36:468][689]LogModuleManager: Shutting down and abandoning module Engine (42)
[2014.07.02-13.19.36:468][689]LogModuleManager: Shutting down and abandoning module SlateRemote (41)
[2014.07.02-13.19.36:468][689]LogModuleManager: Shutting down and abandoning module ScriptPlugin (40)
[2014.07.02-13.19.36:480][689]LogModuleManager: Shutting down and abandoning module ScriptEditorPlugin (38)
[2014.07.02-13.19.36:480][689]LogModuleManager: Shutting down and abandoning module WindowsMoviePlayer (37)
[2014.07.02-13.19.36:485][689]LogModuleManager: Shutting down and abandoning module ExampleDeviceProfileSelector (32)
[2014.07.02-13.19.36:486][689]LogModuleManager: Shutting down and abandoning module CustomMeshComponent (31)
[2014.07.02-13.19.36:486][689]LogModuleManager: Shutting down and abandoning module CableComponent (30)
[2014.07.02-13.19.36:486][689]LogModuleManager: Shutting down and abandoning module OculusRift (26)
[2014.07.02-13.19.36:486][689]LogModuleManager: Shutting down and abandoning module UdpMessaging (25)
[2014.07.02-13.19.36:586][689]LogModuleManager: Shutting down and abandoning module MessagingDebugger (24)
[2014.07.02-13.19.36:600][689]LogModuleManager: Shutting down and abandoning module PluginsEditor (14)
[2014.07.02-13.19.36:600][689]LogModuleManager: Shutting down and abandoning module IntroTutorials (13)
[2014.07.02-13.19.36:600][689]LogModuleManager: Shutting down and abandoning module EpicSurvey (12)
[2014.07.02-13.19.36:600][689]LogModuleManager: Shutting down and abandoning module VisualStudioSourceCodeAccess (10)
[2014.07.02-13.19.36:600][689]LogModuleManager: Shutting down and abandoning module UObjectPlugin (9)
[2014.07.02-13.19.36:600][689]LogModuleManager: Shutting down and abandoning module SubversionSourceControl (8)
[2014.07.02-13.19.36:600][689]LogModuleManager: Shutting down and abandoning module PerforceSourceControl (7)
[2014.07.02-13.19.36:600][689]LogModuleManager: Shutting down and abandoning module BlankPlugin (6)
[2014.07.02-13.19.36:600][689]LogModuleManager: Shutting down and abandoning module CoreUObject (5)
[2014.07.02-13.19.36:601][689]LogModuleManager: Shutting down and abandoning module NetworkFile (4)
[2014.07.02-13.19.36:601][689]LogModuleManager: Shutting down and abandoning module StreamingFile (3)
[2014.07.02-13.19.36:601][689]LogModuleManager: Shutting down and abandoning module SandboxFile (2)
[2014.07.02-13.19.36:601][689]LogModuleManager: Shutting down and abandoning module PakFile (1)
[2014.07.02-13.19.36:601][689]LogExit: Exiting.
[2014.07.02-13.19.36:606][689]Log file closed, 07/02/14 15:19:36
