Log file open, 07/03/14 05:13:26
LogInit:Display: Running engine without a game
LogInit:Display: Loading recent project file: D:/UDK4 Projects/Waagenbau/MyProject3/MyProject3.uproject
LogInit: Version: 4.2.1-2101290+++depot+UE4-Releases+4.2
LogInit: Compiled (64-bit): Jun 10 2014 22:21:56
LogInit: Build Configuration: Development
LogInit: Branch Name: ++depot+UE4-Releases+4.2
LogInit: Command line: 
LogInit: Base directory: E:/Unreal Engine/4.2/Engine/Binaries/Win64/
LogInit: Rocket: 1
[2014.07.03-03.13.26:061][  0]LogTaskGraph: Started task graph with 3 named threads and 6 total threads.
[2014.07.03-03.13.26:105][  0]LogOnline:Warning: No default platform service specified for OnlineSubsystem
[2014.07.03-03.13.26:111][  0]LogInit: Presizing for 0 objects not considered by GC, pre-allocating 0 bytes.
[2014.07.03-03.13.26:117][  0]LogInit: Object subsystem initialized
[2014.07.03-03.13.26:118][  0]LogInit: Selected Device Profile: [Windows]
[2014.07.03-03.13.26:118][  0]LogInit: Applying CVar settings loaded from the selected device profile: [Windows]
[2014.07.03-03.13.26:121][  0]LogInit: Computer: SPAEHLING-PC
[2014.07.03-03.13.26:121][  0]LogInit: User: Spaehling
[2014.07.03-03.13.26:122][  0]LogInit: CPU Page size=4096, Cores=6
[2014.07.03-03.13.26:122][  0]LogInit: High frequency timer resolution =3.126962 MHz
[2014.07.03-03.13.26:122][  0]LogMemory: Memory total: Physical=64.0GB (64GB approx) Virtual=8192.0GB
[2014.07.03-03.13.26:122][  0]LogMemory: Platform Memory Stats for Windows
[2014.07.03-03.13.26:122][  0]LogMemory: Process Physical Memory: 57.45 MB used, 57.45 MB peak
[2014.07.03-03.13.26:122][  0]LogMemory: Process Virtual Memory: 33.51 MB used, 33.66 MB peak
[2014.07.03-03.13.26:122][  0]LogMemory: Physical Memory: 12181.74 MB used, 65486.15 MB total
[2014.07.03-03.13.26:122][  0]LogMemory: Virtual Memory: 241.65 MB used, 8388608.00 MB total
[2014.07.03-03.13.26:165][  0]LogD3D11RHI: Found D3D11 adapter 0: NVIDIA GeForce GTX 690 (Feature Level 11_0)
[2014.07.03-03.13.26:165][  0]LogD3D11RHI: Adapter has 1990MB of dedicated video memory, 0MB of dedicated system memory, and 2048MB of shared system memory, 1 output[s]
[2014.07.03-03.13.26:188][  0]LogD3D11RHI: Found D3D11 adapter 1: NVIDIA GeForce GTX 690 (Feature Level 11_0)
[2014.07.03-03.13.26:188][  0]LogD3D11RHI: Adapter has 1990MB of dedicated video memory, 0MB of dedicated system memory, and 2048MB of shared system memory, 1 output[s]
[2014.07.03-03.13.26:188][  0]LogD3D11RHI: Chosen D3D11 Adapter Id = 0
[2014.07.03-03.13.26:193][  0]LogRHI: Texture pool is 1361 MB (70% of 1945 MB)
[2014.07.03-03.13.26:202][  0]LogD3D11RHI: Async texture creation enabled
[2014.07.03-03.13.26:254][  0]LogTextLocalizationManager:Warning: The selected culture 'de_DE' is not available; falling back to 'en'
[2014.07.03-03.13.26:302][  0]LogContentStreaming: Texture pool size is 0.000000MB
[2014.07.03-03.13.27:041][  0]LogTargetPlatformManager:Display: Building Assets For Windows
[2014.07.03-03.13.27:112][  0]LogTargetPlatformManager:Display: Building Assets For Windows
[2014.07.03-03.13.27:139][  0]LogDerivedDataCache:Display: Max Cache Size: 512 MB
[2014.07.03-03.13.27:174][  0]LogDerivedDataCache: Loaded boot cache 0.03s 39MB C:/Users/Spaehling/AppData/Local/UnrealEngine/4.2/DerivedDataCache/Boot.ddc.
[2014.07.03-03.13.27:174][  0]LogDerivedDataCache:Display: Loaded Boot cache: C:/Users/Spaehling/AppData/Local/UnrealEngine/4.2/DerivedDataCache/Boot.ddc
[2014.07.03-03.13.27:174][  0]LogDerivedDataCache: FDerivedDataBackendGraph:  Pak pak cache file D:/UDK4 Projects/Waagenbau/MyProject3/DerivedDataCache/DDC.ddp not found, will not use a pak cache.
[2014.07.03-03.13.27:174][  0]LogDerivedDataCache: Unable to find inner node Pak for hierarchical cache Hierarchy.
[2014.07.03-03.13.27:184][  0]LogDerivedDataCache:Display: Pak cache opened for reading ../../../Engine/DerivedDataCache/DDC.ddp.
[2014.07.03-03.13.27:196][  0]LogDerivedDataCache: Using Local data cache path C:/Users/Spaehling/AppData/Local/UnrealEngine/4.2/DerivedDataCache: Writable
[2014.07.03-03.13.27:335][  0]LogMeshUtilities: No automatic mesh reduction module available
[2014.07.03-03.13.27:335][  0]LogMeshUtilities: No automatic mesh merging module available
[2014.07.03-03.13.27:612][  0]LogInit: WinSock: version 1.1 (2.2), MaxSocks=32767, MaxUdp=65467
[2014.07.03-03.13.27:907][  0]LogStreaming:Warning: Failed to read file '../../../Engine/Content/Editor/Slate/Icons/ActorIcons/GroupActor_16x.png' error.
[2014.07.03-03.13.27:907][  0]LogSlate: Could not find file for Slate resource: ../../../Engine/Content/Editor/Slate/Icons/ActorIcons/GroupActor_16x.png
[2014.07.03-03.13.27:911][  0]LogStreaming:Warning: Failed to read file '../../../Engine/Content/Editor/Slate/Icons/ActorIcons/DecalActor_16x.png' error.
[2014.07.03-03.13.27:911][  0]LogSlate: Could not find file for Slate resource: ../../../Engine/Content/Editor/Slate/Icons/ActorIcons/DecalActor_16x.png
[2014.07.03-03.13.28:146][  0]UdpMessaging: Initializing bridge on interface 0.0.0.0:0 to multicast group 230.0.0.1:6666.
[2014.07.03-03.13.28:217][  0]SourceControl: Info Source control is disabled
[2014.07.03-03.13.28:217][  0]SourceControl: Info Source control is disabled
[2014.07.03-03.13.28:220][  0]SourceControl: Info Source control is disabled
[2014.07.03-03.13.28:288][  0]BlueprintLog: New page: Editor Load
[2014.07.03-03.13.28:319][  0]LogObj: 19203 objects as part of root set at end of initial load.
[2014.07.03-03.13.28:319][  0]LogUObjectAllocator: 3820568 out of 0 bytes used by permanent object pool.
[2014.07.03-03.13.28:629][  0]LogEngine: Initializing Engine...
[2014.07.03-03.13.28:727][  0]LogInit: XAudio2 using 'Lautsprecher (Corsair Vengeance 2000 Headset)' : 8 channels at 44.1 kHz using 16 bits per sample (channel mask 0x63f)
[2014.07.03-03.13.28:750][  0]LogInit: FAudioDevice initialized.
[2014.07.03-03.13.28:770][  0]LogDerivedDataCache: Saved boot cache 0.02s 39MB C:/Users/Spaehling/AppData/Local/UnrealEngine/4.2/DerivedDataCache/Boot.ddc.
[2014.07.03-03.13.28:774][  0]LogInit: Texture streaming: Enabled
[2014.07.03-03.13.28:797][  0]LogInit: Transaction tracking system initialized
[2014.07.03-03.13.28:871][  0]LogAssetRegistry: FAssetRegistry took 0.0093 seconds to start up
[2014.07.03-03.13.28:981][  0]LogModuleManager:Warning: ModuleManager: Unable to load module '' because the file was not found.
[2014.07.03-03.13.28:984][  0]LogModuleManager:Warning: ModuleManager: Unable to load module '' because the file was not found.
[2014.07.03-03.13.29:020][  0]LogConsoleResponse:Display: 
[2014.07.03-03.13.29:184][  0]SourceControl: Info Source control is disabled
[2014.07.03-03.13.29:184][  0]Cmd: MAP LOAD FILE="D:/UDK4 Projects/Waagenbau/MyProject3/Content/Maps/waagenbau.umap" TEMPLATE=0 SHOWPROGRESS=1 WORLDCOMPOSITION=0
[2014.07.03-03.13.29:184][  0]LightingResults: New page: Lighting Build
[2014.07.03-03.13.29:190][  0]MapCheck: New page: Map Check
[2014.07.03-03.13.29:190][  0]LightingResults: New page: Lighting Build
[2014.07.03-03.13.29:194][  0]LogParticles: Destroying 0 GPU particle simulations for FXSystem 0x0000000011F26F20
[2014.07.03-03.13.30:431][  0]LogBlueprintUserMessages:Warning: SetTimer passed a bad function () or object (DiscoLight_1_C_0)
[2014.07.03-03.13.30:431][  0]LogBlueprintUserMessages:Warning: SetTimer passed a bad function () or object (DiscoLight_1_C_1)
[2014.07.03-03.13.30:432][  0]LogBlueprintUserMessages:Warning: SetTimer passed a bad function () or object (DiscoLight_1_C_2)
[2014.07.03-03.13.30:432][  0]LogBlueprintUserMessages:Warning: SetTimer passed a bad function () or object (DiscoLight_1_C_3)
[2014.07.03-03.13.30:433][  0]LogBlueprintUserMessages:Warning: SetTimer passed a bad function () or object (DiscoLight_1_C_4)
[2014.07.03-03.13.30:434][  0]LogBlueprintUserMessages:Warning: SetTimer passed a bad function () or object (DiscoLight_1_C_5)
[2014.07.03-03.13.30:434][  0]LogBlueprintUserMessages:Warning: SetTimer passed a bad function () or object (DiscoLight_1_C_6)
[2014.07.03-03.13.30:435][  0]LogBlueprintUserMessages:Warning: SetTimer passed a bad function () or object (DiscoLight_1_C_7)
[2014.07.03-03.13.30:436][  0]LogBlueprintUserMessages:Warning: SetTimer passed a bad function () or object (DiscoLight_1_C_8)
[2014.07.03-03.13.30:436][  0]LogBlueprintUserMessages:Warning: SetTimer passed a bad function () or object (DiscoLight_1_C_9)
[2014.07.03-03.13.30:437][  0]LogBlueprintUserMessages:Warning: SetTimer passed a bad function () or object (DiscoLight_1_C_10)
[2014.07.03-03.13.30:437][  0]LogBlueprintUserMessages:Warning: SetTimer passed a bad function () or object (DiscoLight_1_C_11)
[2014.07.03-03.13.30:438][  0]LogBlueprintUserMessages:Warning: SetTimer passed a bad function () or object (DiscoLight_1_C_12)
[2014.07.03-03.13.30:439][  0]LogBlueprintUserMessages:Warning: SetTimer passed a bad function () or object (DiscoLight_1_C_13)
[2014.07.03-03.13.30:439][  0]LogBlueprintUserMessages:Warning: SetTimer passed a bad function () or object (DiscoLight_1_C_14)
[2014.07.03-03.13.30:440][  0]LogBlueprintUserMessages:Warning: SetTimer passed a bad function () or object (DiscoLight_1_C_15)
[2014.07.03-03.13.30:440][  0]LogBlueprintUserMessages:Warning: SetTimer passed a bad function () or object (DiscoLight_1_C_16)
[2014.07.03-03.13.30:441][  0]LogBlueprintUserMessages:Warning: SetTimer passed a bad function () or object (DiscoLight_1_C_34)
[2014.07.03-03.13.30:441][  0]LogBlueprintUserMessages:Warning: SetTimer passed a bad function () or object (DiscoLight_1_C_35)
[2014.07.03-03.13.30:442][  0]LogBlueprintUserMessages:Warning: SetTimer passed a bad function () or object (DiscoLight_1_C_36)
[2014.07.03-03.13.30:443][  0]LogBlueprintUserMessages:Warning: SetTimer passed a bad function () or object (DiscoLight_1_C_37)
[2014.07.03-03.13.30:488][  0]LogEditorServer: Finished looking for orphan Actors (0.000 secs)
[2014.07.03-03.13.30:489][  0]Cmd: MAP CHECKDEP
[2014.07.03-03.13.30:489][  0]MapCheck: New page: waagenbau - Jul 3, 2014, 7:13:30 AM
[2014.07.03-03.13.30:548][  0]MapCheck: Info ========== Map Check: 0 Error(s), 0 Warning(s), [58.31ms] ==========
[2014.07.03-03.13.30:548][  0]LogFileHelpers: Loading map 'waagenbau' took 1.364
[2014.07.03-03.13.30:716][  0]LogCrashTracker: Crashtracker disabled due to settings.
[2014.07.03-03.13.30:716][  0]Cmd: MODE PLACEMENT
[2014.07.03-03.13.30:770][  0]LogLoad: Full Startup: 5.29 seconds (BP compile: 0.28 seconds)
[2014.07.03-03.13.30:848][  0]LogRenderer:Warning: Reallocating scene render targets to support 32x32.
[2014.07.03-03.13.30:921][  0]LogRenderer:Warning: Reallocating scene render targets to support 1056x856.
[2014.07.03-03.13.31:153][  1]LogEpicStorage:Warning: EnumerateFiles request failed. Invalid response. code=403 error=<?xml version="1.0" encoding="UTF-8"?>
<Error><Code>AccessDenied</Code><Message>Access Denied</Message><RequestId>4DFE20B76EAFF4E7</RequestId><HostId>GDh5Z7y4KFB084ipTjCBX+gsyCHNGe7EnAOqkVdY4V0IaF4lvRyd3YRkMz9Nt+9I</HostId></Error>
[2014.07.03-03.13.31:185][  1]LogAssetRegistry: Asset discovery search completed in 2.3240 seconds
[2014.07.03-03.13.31:239][  2]LogEpicSurvey:Warning: EnumerateFiles request failed. Invalid response. code=403 error=<?xml version="1.0" encoding="UTF-8"?>
<Error><Code>AccessDenied</Code><Message>Access Denied</Message><RequestId>EA455FC7197EAA1E</RequestId><HostId>YXpx0bkaNjKl6tDrjodUBMalIh/EgLhSTeIGlRWIH3gdYZWTKrGyOaiSu0k2cMju</HostId></Error>
[2014.07.03-03.13.31:254][  3]LogEpicStorage:Warning: EnumerateFiles request failed. Invalid response. code=403 error=<?xml version="1.0" encoding="UTF-8"?>
<Error><Code>AccessDenied</Code><Message>Access Denied</Message><RequestId>4DFE20B76EAFF4E7</RequestId><HostId>GDh5Z7y4KFB084ipTjCBX+gsyCHNGe7EnAOqkVdY4V0IaF4lvRyd3YRkMz9Nt+9I</HostId></Error>
[2014.07.03-03.13.31:273][  4]LogEpicSurvey:Warning: EnumerateFiles request failed. Invalid response. code=403 error=<?xml version="1.0" encoding="UTF-8"?>
<Error><Code>AccessDenied</Code><Message>Access Denied</Message><RequestId>EA455FC7197EAA1E</RequestId><HostId>YXpx0bkaNjKl6tDrjodUBMalIh/EgLhSTeIGlRWIH3gdYZWTKrGyOaiSu0k2cMju</HostId></Error>
[2014.07.03-03.13.31:355][  6]LogEpicStorage:Warning: ReadFile request failed. File request already pending for filename=http://cdn.unrealengine.com/newsfeed/blueprint_icon_b.png
[2014.07.03-03.13.31:356][  6]LogEpicStorage:Warning: ReadFile request failed. File request already pending for filename=http://cdn.unrealengine.com/newsfeed/blueprint_icon_b.png
[2014.07.03-03.13.31:492][  8]LogEpicSurvey:Warning: EnumerateFiles request failed. Invalid response. code=403 error=<?xml version="1.0" encoding="UTF-8"?>
<Error><Code>AccessDenied</Code><Message>Access Denied</Message><RequestId>B839476F4A836C65</RequestId><HostId>DeVZLvRc9yddHxmFDw7W9sQqvJHpGdLJoRxOtxWywYA176Yr+gh9Q1yij6f/caeU</HostId></Error>
[2014.07.03-03.13.34:455][107]LogCollectionManager: Loaded 0 collections in 0.000653 seconds
[2014.07.03-03.13.42:371][318]LogEditorViewport: Clicking on Actor (LMB): Smoking_Bot_C (Smoking_Bot)
[2014.07.03-03.13.44:526][378]LogContentBrowser:Verbose: The majority of assets in the view are of type: AnimSequence
[2014.07.03-03.13.44:626][380]LogRenderer:Warning: Reallocating scene render targets to support 1056x896.
[2014.07.03-03.13.46:707][443]LogRenderer:Warning: Reallocating scene render targets to support 1400x936.
[2014.07.03-03.14.10:040][ 30]BlueprintLog: New page: Compile Smoking_Bot
[2014.07.03-03.14.10:454][ 30]BlueprintEditorCompileResults: Info [0044.56] Compile of Smoking_Bot successful! [in 0 ms]
[2014.07.03-03.14.16:355][185]LogEditorViewport: Clicking on Actor (context menu): Smoking_Bot_C (Smoking_Bot)
[2014.07.03-03.14.49:509][ 69]BlueprintLog: New page: Compile Smoking_Bot
[2014.07.03-03.14.49:619][ 69]LogParticles: Destroying 0 GPU particle simulations for FXSystem 0x00000000379D2E80
[2014.07.03-03.14.49:874][ 69]BlueprintEditorCompileResults: Info [0084.03] Compile of Smoking_Bot successful! [in 0 ms]
[2014.07.03-03.14.51:297][104]LogEditorViewport: Clicking on Actor (LMB): Emitter (Smoke_Machine_2)
[2014.07.03-03.15.12:691][636]Cmd: DELETE
[2014.07.03-03.15.12:691][636]Cmd: ACTOR DELETE
[2014.07.03-03.15.12:693][636]LogEditorActor: Deleted Actor: Emitter
[2014.07.03-03.15.12:732][636]LogEditorActor: Deleted 1 Actors (0.041 secs)
[2014.07.03-03.15.15:008][694]BlueprintLog: New page: Compile Smoking_Bot
[2014.07.03-03.15.15:349][694]BlueprintEditorCompileResults: Info [0109.53] Compile of Smoking_Bot successful! [in 0 ms]
[2014.07.03-03.15.18:023][763]BlueprintLog: New page: Compile Smoking_Bot
[2014.07.03-03.15.18:371][763]BlueprintEditorCompileResults: Info [0112.54] Compile of Smoking_Bot successful! [in 0 ms]
[2014.07.03-03.15.18:693][771]Cmd: OBJ SAVEPACKAGE PACKAGE="/Game/Blueprints/Characters/Smoking_Bot" FILE="D:/UDK4 Projects/Waagenbau/MyProject3/Content/Blueprints/Characters/Smoking_Bot.uasset" SILENT=true
[2014.07.03-03.15.19:007][771]LogSavePackage: Save=309.721375ms
[2014.07.03-03.15.19:007][771]LogSavePackage: Moving 'D:/UDK4 Projects/Waagenbau/MyProject3/Saved/Smoking_Bot0AB8609F4F855EC8F9873D85D420648E.tmp' to 'D:/UDK4 Projects/Waagenbau/MyProject3/Content/Blueprints/Characters/Smoking_Bot.uasset'
[2014.07.03-03.15.23:486][899]LogContentBrowser:Verbose: The content browser source was changed by the sources view to '/Game/Maps'
[2014.07.03-03.15.23:487][899]LogContentBrowser:Verbose: The content browser source was changed by the sources view to 'None'
[2014.07.03-03.15.23:487][899]LogContentBrowser:Verbose: The content browser source was changed by the sources view to '/Game/Particles'
[2014.07.03-03.15.58:219][726]LogSavePackage: Save=322.105286ms
[2014.07.03-03.15.58:219][726]LogSavePackage: Moving 'D:/UDK4 Projects/Waagenbau/MyProject3/Saved/waagenbau640F794041BB6DAC7930D7A5B15045DB.tmp' to 'D:/UDK4 Projects/Waagenbau/MyProject3/Content/Maps/waagenbau.umap'
[2014.07.03-03.15.58:260][726]LogFileHelpers: Saving map 'waagenbau' took 0.450
[2014.07.03-03.15.58:667][736]LogPlayLevel: PIE:  No blueprints needed recompiling
[2014.07.03-03.15.58:667][736]PIE: New page: SIE session: waagenbau (Jul 3, 2014, 7:15:58 AM)
[2014.07.03-03.15.58:706][736]LogPlayLevel: PIE: StaticDuplicateObject took: (0.038958s)
[2014.07.03-03.15.58:707][736]LogPlayLevel: PIE: World Init took: (0.000623s)
[2014.07.03-03.15.58:707][736]LogPlayLevel: PIE: Created PIE world by copying editor world from /Game/Maps/waagenbau.waagenbau to /Game/Maps/UEDPIE_0_waagenbau.waagenbau (0.039943s)
[2014.07.03-03.15.58:740][736]LogBlueprint:Warning: [compiler] Warning InputAction Event references unknown Action 'Action' for  InputAction Action 
[2014.07.03-03.15.58:743][736]LogBlueprint:Warning: [compiler] Warning [0153.26] Compile of MyCharacter successful, but with 1 Warning(s) [in 5 ms]
[2014.07.03-03.15.58:750][736]LogBlueprint:Warning: [compiler] Warning InputAction Event references unknown Action 'Action' for  InputAction Action 
[2014.07.03-03.15.58:753][736]LogBlueprint:Warning: [compiler] Warning [0153.27] Compile of MyCharacter successful, but with 1 Warning(s) [in 5 ms]
[2014.07.03-03.15.58:772][736]LogWorld: Game class is 'MyGame_C'
[2014.07.03-03.15.58:845][736]LogBlueprintUserMessages:Warning: SetTimer passed a bad function () or object (DiscoLight_1_C_0)
[2014.07.03-03.15.58:846][736]LogBlueprintUserMessages:Warning: SetTimer passed a bad function () or object (DiscoLight_1_C_1)
[2014.07.03-03.15.58:846][736]LogBlueprintUserMessages:Warning: SetTimer passed a bad function () or object (DiscoLight_1_C_2)
[2014.07.03-03.15.58:846][736]LogBlueprintUserMessages:Warning: SetTimer passed a bad function () or object (DiscoLight_1_C_3)
[2014.07.03-03.15.58:847][736]LogBlueprintUserMessages:Warning: SetTimer passed a bad function () or object (DiscoLight_1_C_4)
[2014.07.03-03.15.58:847][736]LogBlueprintUserMessages:Warning: SetTimer passed a bad function () or object (DiscoLight_1_C_5)
[2014.07.03-03.15.58:848][736]LogBlueprintUserMessages:Warning: SetTimer passed a bad function () or object (DiscoLight_1_C_6)
[2014.07.03-03.15.58:848][736]LogBlueprintUserMessages:Warning: SetTimer passed a bad function () or object (DiscoLight_1_C_7)
[2014.07.03-03.15.58:849][736]LogBlueprintUserMessages:Warning: SetTimer passed a bad function () or object (DiscoLight_1_C_8)
[2014.07.03-03.15.58:849][736]LogBlueprintUserMessages:Warning: SetTimer passed a bad function () or object (DiscoLight_1_C_9)
[2014.07.03-03.15.58:849][736]LogBlueprintUserMessages:Warning: SetTimer passed a bad function () or object (DiscoLight_1_C_10)
[2014.07.03-03.15.58:850][736]LogBlueprintUserMessages:Warning: SetTimer passed a bad function () or object (DiscoLight_1_C_11)
[2014.07.03-03.15.58:850][736]LogBlueprintUserMessages:Warning: SetTimer passed a bad function () or object (DiscoLight_1_C_12)
[2014.07.03-03.15.58:851][736]LogBlueprintUserMessages:Warning: SetTimer passed a bad function () or object (DiscoLight_1_C_13)
[2014.07.03-03.15.58:851][736]LogBlueprintUserMessages:Warning: SetTimer passed a bad function () or object (DiscoLight_1_C_14)
[2014.07.03-03.15.58:852][736]LogBlueprintUserMessages:Warning: SetTimer passed a bad function () or object (DiscoLight_1_C_15)
[2014.07.03-03.15.58:852][736]LogBlueprintUserMessages:Warning: SetTimer passed a bad function () or object (DiscoLight_1_C_16)
[2014.07.03-03.15.58:852][736]LogBlueprintUserMessages:Warning: SetTimer passed a bad function () or object (DiscoLight_1_C_34)
[2014.07.03-03.15.58:853][736]LogBlueprintUserMessages:Warning: SetTimer passed a bad function () or object (DiscoLight_1_C_35)
[2014.07.03-03.15.58:853][736]LogBlueprintUserMessages:Warning: SetTimer passed a bad function () or object (DiscoLight_1_C_36)
[2014.07.03-03.15.58:854][736]LogBlueprintUserMessages:Warning: SetTimer passed a bad function () or object (DiscoLight_1_C_37)
[2014.07.03-03.15.58:886][736]LogWorld:Warning: *** WARNING - PATHS MAY NOT BE VALID ***
[2014.07.03-03.15.58:886][736]LogWorld: Bringing World /Game/Maps/UEDPIE_0_waagenbau.waagenbau up for play (max tick rate 0) at 2014.07.03-05.15.58
[2014.07.03-03.15.58:890][736]LogWorld: Bringing up level for play took: 0.067941
[2014.07.03-03.15.58:890][736]LogPlayerController: Spawned spectator SpectatorPawn_0 [server:1]
[2014.07.03-03.15.58:896][736]PIE: Info Play in editor start time for /Game/Maps/UEDPIE_0_waagenbau 0.869
[2014.07.03-03.16.05:943][952]LogParticles:Warning: MaxCount =  613 for Emitter ParticleSpriteEmitter_2 (/Game/Particles/Smoke_Cigarette_3.Smoke_Cigarette_3)
[2014.07.03-03.16.08:752][ 52]LogParticles:Warning: MaxCount =  613 for Emitter ParticleSpriteEmitter_2 (/Game/Particles/Smoke_Cigarette_3.Smoke_Cigarette_3)
[2014.07.03-03.16.10:860][129]LogParticles:Warning: MaxCount =  613 for Emitter ParticleSpriteEmitter_2 (/Game/Particles/Smoke_Cigarette_3.Smoke_Cigarette_3)
[2014.07.03-03.16.13:970][232]LogParticles:Warning: MaxCount =  613 for Emitter ParticleSpriteEmitter_2 (/Game/Particles/Smoke_Cigarette_3.Smoke_Cigarette_3)
[2014.07.03-03.16.15:958][302]LogParticles:Warning: MaxCount =  613 for Emitter ParticleSpriteEmitter_2 (/Game/Particles/Smoke_Cigarette_3.Smoke_Cigarette_3)
[2014.07.03-03.16.27:100][747]LogParticles:Warning: MaxCount =  613 for Emitter ParticleSpriteEmitter_2 (/Game/Particles/Smoke_Cigarette_3.Smoke_Cigarette_3)
[2014.07.03-03.16.28:659][823]LogParticles:Warning: MaxCount =  613 for Emitter ParticleSpriteEmitter_2 (/Game/Particles/Smoke_Cigarette_3.Smoke_Cigarette_3)
[2014.07.03-03.16.41:488][283]LogParticles:Warning: MaxCount =  613 for Emitter ParticleSpriteEmitter_2 (/Game/Particles/Smoke_Cigarette_3.Smoke_Cigarette_3)
[2014.07.03-03.16.43:414][344]LogParticles:Warning: MaxCount =  613 for Emitter ParticleSpriteEmitter_2 (/Game/Particles/Smoke_Cigarette_3.Smoke_Cigarette_3)
[2014.07.03-03.16.45:362][409]LogParticles:Warning: MaxCount =  613 for Emitter ParticleSpriteEmitter_2 (/Game/Particles/Smoke_Cigarette_3.Smoke_Cigarette_3)
[2014.07.03-03.16.48:011][500]LogParticles:Warning: MaxCount =  613 for Emitter ParticleSpriteEmitter_2 (/Game/Particles/Smoke_Cigarette_3.Smoke_Cigarette_3)
[2014.07.03-03.16.50:881][604]LogParticles:Warning: MaxCount =  613 for Emitter ParticleSpriteEmitter_2 (/Game/Particles/Smoke_Cigarette_3.Smoke_Cigarette_3)
[2014.07.03-03.17.01:713][988]LogParticles: Destroying 0 GPU particle simulations for FXSystem 0x00000000126BC180
[2014.07.03-03.17.02:846][ 27]LogParticles:Warning: MaxCount =  613 for Emitter ParticleSpriteEmitter_2 (/Game/Particles/Smoke_Cigarette_3.Smoke_Cigarette_3)
[2014.07.03-03.17.04:212][ 70]LogParticles:Warning: MaxCount =  613 for Emitter ParticleSpriteEmitter_2 (/Game/Particles/Smoke_Cigarette_3.Smoke_Cigarette_3)
[2014.07.03-03.17.07:856][197]LogParticles:Warning: MaxCount =  613 for Emitter ParticleSpriteEmitter_2 (/Game/Particles/Smoke_Cigarette_3.Smoke_Cigarette_3)
[2014.07.03-03.17.18:771][538]LogParticles:Warning: MaxCount =  613 for Emitter ParticleSpriteEmitter_2 (/Game/Particles/Smoke_Cigarette_3.Smoke_Cigarette_3)
[2014.07.03-03.17.24:853][723]LogParticles:Warning: MaxCount =  613 for Emitter ParticleSpriteEmitter_2 (/Game/Particles/Smoke_Cigarette_3.Smoke_Cigarette_3)
[2014.07.03-03.17.27:376][809]LogParticles:Warning: MaxCount =  613 for Emitter ParticleSpriteEmitter_2 (/Game/Particles/Smoke_Cigarette_3.Smoke_Cigarette_3)
[2014.07.03-03.17.29:751][889]LogParticles:Warning: MaxCount =  613 for Emitter ParticleSpriteEmitter_2 (/Game/Particles/Smoke_Cigarette_3.Smoke_Cigarette_3)
[2014.07.03-03.17.37:689][141]LogParticles:Warning: MaxCount =  613 for Emitter ParticleSpriteEmitter_2 (/Game/Particles/Smoke_Cigarette_3.Smoke_Cigarette_3)
[2014.07.03-03.18.23:204][561]LogEditorViewport: Clicking on Actor (LMB): Smoking_Bot_C (Smoking_Bot)
[2014.07.03-03.18.23:204][561]LogSelection:Warning: PIE object was selected: "Smoking_Bot_C /Game/Maps/UEDPIE_0_waagenbau.waagenbau:PersistentLevel.Smoking_Bot_C_4"
[2014.07.03-03.18.23:759][573]LogEditorViewport: Clicking on Actor (context menu): Smoking_Bot_C (Smoking_Bot)
[2014.07.03-03.18.47:422][305]Cmd: OBJ SAVEPACKAGE PACKAGE="/Game/Blueprints/Characters/Smoking_Bot" FILE="D:/UDK4 Projects/Waagenbau/MyProject3/Content/Blueprints/Characters/Smoking_Bot.uasset" SILENT=true
[2014.07.03-03.18.47:746][305]LogSavePackage: Save=315.346985ms
[2014.07.03-03.18.47:746][305]LogSavePackage: Moving 'D:/UDK4 Projects/Waagenbau/MyProject3/Saved/Smoking_Bot8E55B2A84D61C15831A0A1BA52B0F41E.tmp' to 'D:/UDK4 Projects/Waagenbau/MyProject3/Content/Blueprints/Characters/Smoking_Bot.uasset'
[2014.07.03-03.19.32:871][339]Cmd: OBJ SAVEPACKAGE PACKAGE="/Game/Blueprints/Characters/Smoking_Bot" FILE="D:/UDK4 Projects/Waagenbau/MyProject3/Content/Blueprints/Characters/Smoking_Bot.uasset" SILENT=true
[2014.07.03-03.19.33:190][339]LogSavePackage: Save=314.344086ms
[2014.07.03-03.19.33:190][339]LogSavePackage: Moving 'D:/UDK4 Projects/Waagenbau/MyProject3/Saved/Smoking_BotC15413314F401A7988CE40AF22473740.tmp' to 'D:/UDK4 Projects/Waagenbau/MyProject3/Content/Blueprints/Characters/Smoking_Bot.uasset'
[2014.07.03-03.19.40:859][523]LogParticles:Warning: MaxCount =  613 for Emitter ParticleSpriteEmitter_2 (/Game/Particles/Smoke_Cigarette_1.Smoke_Cigarette_1)
[2014.07.03-03.19.40:882][523]LogParticles:Warning: MaxCount =  613 for Emitter ParticleSpriteEmitter_2 (/Game/Particles/Smoke_Cigarette_1.Smoke_Cigarette_1)
[2014.07.03-03.19.42:330][557]LogParticles:Warning: MaxCount =  613 for Emitter ParticleSpriteEmitter_2 (/Game/Particles/Smoke_Cigarette_1.Smoke_Cigarette_1)
[2014.07.03-03.19.42:352][557]LogParticles:Warning: MaxCount =  613 for Emitter ParticleSpriteEmitter_2 (/Game/Particles/Smoke_Cigarette_1.Smoke_Cigarette_1)
[2014.07.03-03.19.56:412][881]LogCascade: Quitting Cascade. FXSystem=0x000000001C5149A0
[2014.07.03-03.19.56:450][881]LogParticles: Destroying 0 GPU particle simulations for FXSystem 0x000000001C5149A0
[2014.07.03-03.20.09:187][201]LogParticles: Destroying 0 GPU particle simulations for FXSystem 0x000000001D436660
[2014.07.03-03.20.09:187][201]LogParticles: Destroying 0 GPU particle simulations for FXSystem 0x000000001C515580
[2014.07.03-03.20.12:643][291]LogParticles:Warning: MaxCount =  613 for Emitter ParticleSpriteEmitter_2 (/Game/Particles/Smoke_Cigarette_3.Smoke_Cigarette_3)
[2014.07.03-03.20.13:930][316]LogParticles:Warning: MaxCount =  613 for Emitter ParticleSpriteEmitter_2 (/Game/Particles/Smoke_Cigarette_3.Smoke_Cigarette_3)
[2014.07.03-03.20.28:555][680]LogParticles:Warning: MaxCount =  613 for Emitter ParticleSpriteEmitter_2 (/Game/Particles/Smoke_Cigarette_3.Smoke_Cigarette_3)
[2014.07.03-03.20.32:975][792]LogParticles:Warning: MaxCount =  613 for Emitter ParticleSpriteEmitter_2 (/Game/Particles/Smoke_Cigarette_3.Smoke_Cigarette_3)
[2014.07.03-03.20.36:158][870]LogParticles:Warning: MaxCount =  613 for Emitter ParticleSpriteEmitter_2 (/Game/Particles/Smoke_Cigarette_3.Smoke_Cigarette_3)
[2014.07.03-03.20.44:411][ 77]LogParticles:Warning: MaxCount =  613 for Emitter ParticleSpriteEmitter_2 (/Game/Particles/Smoke_Cigarette_3.Smoke_Cigarette_3)
[2014.07.03-03.20.48:509][176]LogParticles:Warning: MaxCount =  613 for Emitter ParticleSpriteEmitter_2 (/Game/Particles/Smoke_Cigarette_3.Smoke_Cigarette_3)
[2014.07.03-03.20.58:004][422]LogParticles:Warning: MaxCount =  613 for Emitter ParticleSpriteEmitter_2 (/Game/Particles/Smoke_Cigarette_3.Smoke_Cigarette_3)
[2014.07.03-03.22.52:415][551]LogCascade: Non-seeded module ParticleModuleVelocityCone
[2014.07.03-03.23.34:391][316]LogCascade: Non-seeded module ParticleModuleLifetime
[2014.07.03-03.27.03:225][923]Cmd: OBJ SAVEPACKAGE PACKAGE="/Game/Particles/Smoke_Cigarette_3" FILE="D:/UDK4 Projects/Waagenbau/MyProject3/Content/Particles/Smoke_Cigarette_3.uasset" SILENT=true
[2014.07.03-03.27.03:256][923]LogSavePackage: Save=25.795324ms
[2014.07.03-03.27.03:256][923]LogSavePackage: Moving 'D:/UDK4 Projects/Waagenbau/MyProject3/Saved/Smoke_Cigarette_35B344FB5423CA6D53270CEB0D843622F.tmp' to 'D:/UDK4 Projects/Waagenbau/MyProject3/Content/Particles/Smoke_Cigarette_3.uasset'
[2014.07.03-03.27.28:971][567]Cmd: OBJ SAVEPACKAGE PACKAGE="/Game/Particles/Smoke_Cigarette_3" FILE="D:/UDK4 Projects/Waagenbau/MyProject3/Content/Particles/Smoke_Cigarette_3.uasset" SILENT=true
[2014.07.03-03.27.29:004][567]LogSavePackage: Save=25.333534ms
[2014.07.03-03.27.29:004][567]LogSavePackage: Moving 'D:/UDK4 Projects/Waagenbau/MyProject3/Saved/Smoke_Cigarette_3C9E2E943481B98410BA54CAA1987616E.tmp' to 'D:/UDK4 Projects/Waagenbau/MyProject3/Content/Particles/Smoke_Cigarette_3.uasset'
[2014.07.03-03.28.30:976][267]LogEpicStorage:Warning: ReadFile request failed. File request already pending for filename=http://cdn.unrealengine.com/newsfeed/blueprint_icon_b.png
[2014.07.03-03.28.30:977][267]LogEpicStorage:Warning: ReadFile request failed. File request already pending for filename=http://cdn.unrealengine.com/newsfeed/blueprint_icon_b.png
[2014.07.03-03.31.17:970][ 59]Cmd: OBJ SAVEPACKAGE PACKAGE="/Game/Particles/Smoke_Cigarette_3" FILE="D:/UDK4 Projects/Waagenbau/MyProject3/Content/Particles/Smoke_Cigarette_3.uasset" SILENT=true
[2014.07.03-03.31.18:006][ 59]LogSavePackage: Save=30.538588ms
[2014.07.03-03.31.18:006][ 59]LogSavePackage: Moving 'D:/UDK4 Projects/Waagenbau/MyProject3/Saved/Smoke_Cigarette_337EB83184A916537DED55EA78AB8C06F.tmp' to 'D:/UDK4 Projects/Waagenbau/MyProject3/Content/Particles/Smoke_Cigarette_3.uasset'
[2014.07.03-03.32.02:133][257]Cmd: OBJ SAVEPACKAGE PACKAGE="/Game/Particles/Smoke_Cigarette_3" FILE="D:/UDK4 Projects/Waagenbau/MyProject3/Content/Particles/Smoke_Cigarette_3.uasset" SILENT=true
[2014.07.03-03.32.02:171][257]LogSavePackage: Save=30.611820ms
[2014.07.03-03.32.02:171][257]LogSavePackage: Moving 'D:/UDK4 Projects/Waagenbau/MyProject3/Saved/Smoke_Cigarette_3E34E74334F181EA4A03EE6BE3D94AFC2.tmp' to 'D:/UDK4 Projects/Waagenbau/MyProject3/Content/Particles/Smoke_Cigarette_3.uasset'
[2014.07.03-03.32.09:476][466]LogCascade: Quitting Cascade. FXSystem=0x000000001C515D00
[2014.07.03-03.32.09:515][466]LogParticles: Destroying 0 GPU particle simulations for FXSystem 0x000000001C515D00
[2014.07.03-03.32.13:975][547]LogParticles: Destroying 0 GPU particle simulations for FXSystem 0x000000000A9B2DE0
[2014.07.03-03.32.13:975][547]LogParticles: Destroying 0 GPU particle simulations for FXSystem 0x000000001C5162A0
[2014.07.03-03.32.13:976][547]LogParticles: Destroying 0 GPU particle simulations for FXSystem 0x000000000CAF3740
[2014.07.03-03.32.14:923][558]LogSavePackage: Save=255.098404ms
[2014.07.03-03.32.14:923][558]LogSavePackage: Moving 'D:/UDK4 Projects/Waagenbau/MyProject3/Saved/waagenbau042A1454410F64AD09BF5F832893EC87.tmp' to 'D:/UDK4 Projects/Waagenbau/MyProject3/Content/Maps/waagenbau.umap'
[2014.07.03-03.32.14:952][558]LogFileHelpers: Saving map 'waagenbau' took 0.394
[2014.07.03-03.32.14:973][558]Cmd: OBJ SAVEPACKAGE PACKAGE="/Game/Blueprints/Characters/Smoking_Bot" FILE="D:/UDK4 Projects/Waagenbau/MyProject3/Content/Blueprints/Characters/Smoking_Bot.uasset" SILENT=true
[2014.07.03-03.32.15:286][558]LogSavePackage: Save=307.937866ms
[2014.07.03-03.32.15:286][558]LogSavePackage: Moving 'D:/UDK4 Projects/Waagenbau/MyProject3/Saved/Smoking_BotF17D940D4529A7EB6B7EB985E9BF40A3.tmp' to 'D:/UDK4 Projects/Waagenbau/MyProject3/Content/Blueprints/Characters/Smoking_Bot.uasset'
[2014.07.03-03.32.15:300][558]Cmd: OBJ SAVEPACKAGE PACKAGE="/Game/Particles/Smoke_Cigarette_1" FILE="D:/UDK4 Projects/Waagenbau/MyProject3/Content/Particles/Smoke_Cigarette_1.uasset" SILENT=true
[2014.07.03-03.32.15:328][558]LogSavePackage: Save=23.863417ms
[2014.07.03-03.32.15:328][558]LogSavePackage: Moving 'D:/UDK4 Projects/Waagenbau/MyProject3/Saved/Smoke_Cigarette_119E86F164333996F56FA1FB1631A10E9.tmp' to 'D:/UDK4 Projects/Waagenbau/MyProject3/Content/Particles/Smoke_Cigarette_1.uasset'
[2014.07.03-03.32.15:734][568]BlueprintLog: New page: Pre-PIE auto-recompile
[2014.07.03-03.32.15:734][568]LogPlayLevel: [PIE] Compiling Smoking_Bot before PIE...
[2014.07.03-03.32.15:805][568]LogPlayLevel: PIE:  Blueprint regeneration took 70 ms (1 blueprints)
[2014.07.03-03.32.15:805][568]PIE: New page: PIE session: waagenbau (Jul 3, 2014, 7:32:15 AM)
[2014.07.03-03.32.15:845][568]LogPlayLevel: PIE: StaticDuplicateObject took: (0.039806s)
[2014.07.03-03.32.15:846][568]LogPlayLevel: PIE: World Init took: (0.000933s)
[2014.07.03-03.32.15:846][568]LogPlayLevel: PIE: Created PIE world by copying editor world from /Game/Maps/waagenbau.waagenbau to /Game/Maps/UEDPIE_0_waagenbau.waagenbau (0.041015s)
[2014.07.03-03.32.15:846][568]LogWorld: Game class is 'MyGame_C'
[2014.07.03-03.32.15:947][568]LogBlueprintUserMessages:Warning: SetTimer passed a bad function () or object (DiscoLight_1_C_0)
[2014.07.03-03.32.15:947][568]LogBlueprintUserMessages:Warning: SetTimer passed a bad function () or object (DiscoLight_1_C_1)
[2014.07.03-03.32.15:948][568]LogBlueprintUserMessages:Warning: SetTimer passed a bad function () or object (DiscoLight_1_C_2)
[2014.07.03-03.32.15:948][568]LogBlueprintUserMessages:Warning: SetTimer passed a bad function () or object (DiscoLight_1_C_3)
[2014.07.03-03.32.15:949][568]LogBlueprintUserMessages:Warning: SetTimer passed a bad function () or object (DiscoLight_1_C_4)
[2014.07.03-03.32.15:949][568]LogBlueprintUserMessages:Warning: SetTimer passed a bad function () or object (DiscoLight_1_C_5)
[2014.07.03-03.32.15:950][568]LogBlueprintUserMessages:Warning: SetTimer passed a bad function () or object (DiscoLight_1_C_6)
[2014.07.03-03.32.15:950][568]LogBlueprintUserMessages:Warning: SetTimer passed a bad function () or object (DiscoLight_1_C_7)
[2014.07.03-03.32.15:951][568]LogBlueprintUserMessages:Warning: SetTimer passed a bad function () or object (DiscoLight_1_C_8)
[2014.07.03-03.32.15:951][568]LogBlueprintUserMessages:Warning: SetTimer passed a bad function () or object (DiscoLight_1_C_9)
[2014.07.03-03.32.15:952][568]LogBlueprintUserMessages:Warning: SetTimer passed a bad function () or object (DiscoLight_1_C_10)
[2014.07.03-03.32.15:952][568]LogBlueprintUserMessages:Warning: SetTimer passed a bad function () or object (DiscoLight_1_C_11)
[2014.07.03-03.32.15:953][568]LogBlueprintUserMessages:Warning: SetTimer passed a bad function () or object (DiscoLight_1_C_12)
[2014.07.03-03.32.15:953][568]LogBlueprintUserMessages:Warning: SetTimer passed a bad function () or object (DiscoLight_1_C_13)
[2014.07.03-03.32.15:954][568]LogBlueprintUserMessages:Warning: SetTimer passed a bad function () or object (DiscoLight_1_C_14)
[2014.07.03-03.32.15:954][568]LogBlueprintUserMessages:Warning: SetTimer passed a bad function () or object (DiscoLight_1_C_15)
[2014.07.03-03.32.15:955][568]LogBlueprintUserMessages:Warning: SetTimer passed a bad function () or object (DiscoLight_1_C_16)
[2014.07.03-03.32.15:955][568]LogBlueprintUserMessages:Warning: SetTimer passed a bad function () or object (DiscoLight_1_C_34)
[2014.07.03-03.32.15:956][568]LogBlueprintUserMessages:Warning: SetTimer passed a bad function () or object (DiscoLight_1_C_35)
[2014.07.03-03.32.15:956][568]LogBlueprintUserMessages:Warning: SetTimer passed a bad function () or object (DiscoLight_1_C_36)
[2014.07.03-03.32.15:957][568]LogBlueprintUserMessages:Warning: SetTimer passed a bad function () or object (DiscoLight_1_C_37)
[2014.07.03-03.32.15:976][568]LogWorld:Warning: *** WARNING - PATHS MAY NOT BE VALID ***
[2014.07.03-03.32.15:976][568]LogWorld: Bringing World /Game/Maps/UEDPIE_0_waagenbau.waagenbau up for play (max tick rate 0) at 2014.07.03-05.32.15
[2014.07.03-03.32.15:980][568]LogWorld: Bringing up level for play took: 0.068214
[2014.07.03-03.32.15:980][568]LogPlayerController: Spawned spectator SpectatorPawn_1 [server:1]
[2014.07.03-03.32.15:980][568]LogGameMode: RestartPlayer 257
[2014.07.03-03.32.15:981][568]LogPlayerController: ClientRestart_Implementation MyCharacter_C_0
[2014.07.03-03.32.15:981][568]LogPlayerController: ServerAcknowledgePossession_Implementation MyCharacter_C_0
[2014.07.03-03.32.15:989][568]PIE: Info Play in editor start time for /Game/Maps/UEDPIE_0_waagenbau -0.053
[2014.07.03-03.32.18:675][655]LogRenderer:Warning: Reallocating scene render targets to support 1920x976.
[2014.07.03-03.32.40:021][142]LogCharacterMovement: BotCharacter_Male_C_31 is stuck and failed to move!
[2014.07.03-03.32.48:839][360]LogCharacterMovement: BotCharacter_Male_C_31 is stuck and failed to move!
[2014.07.03-03.32.48:964][364]LogCharacterMovement: BotCharacter_Male_C_31 is stuck and failed to move!
[2014.07.03-03.32.48:998][365]LogCharacterMovement: BotCharacter_Male_C_31 is stuck and failed to move!
[2014.07.03-03.32.49:098][368]LogCharacterMovement: BotCharacter_Male_C_31 is stuck and failed to move!
[2014.07.03-03.32.49:410][377]LogCharacterMovement: BotCharacter_Male_C_31 is stuck and failed to move!
[2014.07.03-03.32.52:082][465]LogParticles: Destroying 0 GPU particle simulations for FXSystem 0x000000000A8E8540
[2014.07.03-03.32.56:372][680]LogEditorViewport: Clicking on Actor (LMB): Emitter (smoke_cigarettes)
[2014.07.03-03.32.56:836][709]Cmd: DELETE
[2014.07.03-03.32.56:836][709]Cmd: ACTOR DELETE
[2014.07.03-03.32.56:837][709]LogEditorActor: Deleted Actor: Emitter
[2014.07.03-03.32.56:848][709]LogEditorActor: Deleted 1 Actors (0.012 secs)
[2014.07.03-03.33.04:751][202]LogSavePackage: Save=250.318359ms
[2014.07.03-03.33.04:751][202]LogSavePackage: Moving 'D:/UDK4 Projects/Waagenbau/MyProject3/Saved/waagenbauB6627D14461C272BF879229E53A698E4.tmp' to 'D:/UDK4 Projects/Waagenbau/MyProject3/Content/Maps/waagenbau.umap'
[2014.07.03-03.33.04:793][202]LogFileHelpers: Saving map 'waagenbau' took 0.366
[2014.07.03-03.33.08:831][425]Cmd: DELETE
[2014.07.03-03.33.08:831][425]Cmd: ACTOR DELETE
[2014.07.03-03.33.08:832][425]LogEditorActor: Deleted Actor: Emitter
[2014.07.03-03.33.08:848][425]LogEditorActor: Deleted 1 Actors (0.017 secs)
[2014.07.03-03.33.15:995][848]Cmd: DELETE
[2014.07.03-03.33.15:995][848]Cmd: ACTOR DELETE
[2014.07.03-03.33.15:997][848]LogEditorActor: Deleted Actor: Emitter
[2014.07.03-03.33.16:013][848]LogEditorActor: Deleted 1 Actors (0.018 secs)
[2014.07.03-03.33.19:839][ 48]LogSavePackage: Save=248.616714ms
[2014.07.03-03.33.19:839][ 48]LogSavePackage: Moving 'D:/UDK4 Projects/Waagenbau/MyProject3/Saved/waagenbau8B0E94A549E1BD1A985C539E2BE736DE.tmp' to 'D:/UDK4 Projects/Waagenbau/MyProject3/Content/Maps/waagenbau.umap'
[2014.07.03-03.33.19:881][ 48]LogFileHelpers: Saving map 'waagenbau' took 0.365
[2014.07.03-03.33.39:562][ 42]LogSavePackage: Save=253.642029ms
[2014.07.03-03.33.39:562][ 42]LogSavePackage: Moving 'D:/UDK4 Projects/Waagenbau/MyProject3/Saved/waagenbau840526BB44561F68A1FB2090A5F9D110.tmp' to 'D:/UDK4 Projects/Waagenbau/MyProject3/Content/Maps/waagenbau.umap'
[2014.07.03-03.33.39:604][ 42]LogFileHelpers: Saving map 'waagenbau' took 0.389
[2014.07.03-03.33.50:144][548]LogPlayLevel: PIE:  No blueprints needed recompiling
[2014.07.03-03.33.50:144][548]PIE: New page: SIE session: waagenbau (Jul 3, 2014, 7:33:50 AM)
[2014.07.03-03.33.50:182][548]LogPlayLevel: PIE: StaticDuplicateObject took: (0.038562s)
[2014.07.03-03.33.50:183][548]LogPlayLevel: PIE: World Init took: (0.000595s)
[2014.07.03-03.33.50:183][548]LogPlayLevel: PIE: Created PIE world by copying editor world from /Game/Maps/waagenbau.waagenbau to /Game/Maps/UEDPIE_0_waagenbau.waagenbau (0.039445s)
[2014.07.03-03.33.50:184][548]LogWorld: Game class is 'MyGame_C'
[2014.07.03-03.33.50:184][548]LogSelection:Warning: PIE object was selected: "Emitter /Game/Maps/UEDPIE_0_waagenbau.waagenbau:PersistentLevel.Smoke_Cigarette_4"
[2014.07.03-03.33.50:261][548]LogBlueprintUserMessages:Warning: SetTimer passed a bad function () or object (DiscoLight_1_C_0)
[2014.07.03-03.33.50:262][548]LogBlueprintUserMessages:Warning: SetTimer passed a bad function () or object (DiscoLight_1_C_1)
[2014.07.03-03.33.50:262][548]LogBlueprintUserMessages:Warning: SetTimer passed a bad function () or object (DiscoLight_1_C_2)
[2014.07.03-03.33.50:263][548]LogBlueprintUserMessages:Warning: SetTimer passed a bad function () or object (DiscoLight_1_C_3)
[2014.07.03-03.33.50:263][548]LogBlueprintUserMessages:Warning: SetTimer passed a bad function () or object (DiscoLight_1_C_4)
[2014.07.03-03.33.50:264][548]LogBlueprintUserMessages:Warning: SetTimer passed a bad function () or object (DiscoLight_1_C_5)
[2014.07.03-03.33.50:264][548]LogBlueprintUserMessages:Warning: SetTimer passed a bad function () or object (DiscoLight_1_C_6)
[2014.07.03-03.33.50:265][548]LogBlueprintUserMessages:Warning: SetTimer passed a bad function () or object (DiscoLight_1_C_7)
[2014.07.03-03.33.50:265][548]LogBlueprintUserMessages:Warning: SetTimer passed a bad function () or object (DiscoLight_1_C_8)
[2014.07.03-03.33.50:266][548]LogBlueprintUserMessages:Warning: SetTimer passed a bad function () or object (DiscoLight_1_C_9)
[2014.07.03-03.33.50:266][548]LogBlueprintUserMessages:Warning: SetTimer passed a bad function () or object (DiscoLight_1_C_10)
[2014.07.03-03.33.50:267][548]LogBlueprintUserMessages:Warning: SetTimer passed a bad function () or object (DiscoLight_1_C_11)
[2014.07.03-03.33.50:267][548]LogBlueprintUserMessages:Warning: SetTimer passed a bad function () or object (DiscoLight_1_C_12)
[2014.07.03-03.33.50:268][548]LogBlueprintUserMessages:Warning: SetTimer passed a bad function () or object (DiscoLight_1_C_13)
[2014.07.03-03.33.50:268][548]LogBlueprintUserMessages:Warning: SetTimer passed a bad function () or object (DiscoLight_1_C_14)
[2014.07.03-03.33.50:269][548]LogBlueprintUserMessages:Warning: SetTimer passed a bad function () or object (DiscoLight_1_C_15)
[2014.07.03-03.33.50:269][548]LogBlueprintUserMessages:Warning: SetTimer passed a bad function () or object (DiscoLight_1_C_16)
[2014.07.03-03.33.50:270][548]LogBlueprintUserMessages:Warning: SetTimer passed a bad function () or object (DiscoLight_1_C_34)
[2014.07.03-03.33.50:270][548]LogBlueprintUserMessages:Warning: SetTimer passed a bad function () or object (DiscoLight_1_C_35)
[2014.07.03-03.33.50:271][548]LogBlueprintUserMessages:Warning: SetTimer passed a bad function () or object (DiscoLight_1_C_36)
[2014.07.03-03.33.50:271][548]LogBlueprintUserMessages:Warning: SetTimer passed a bad function () or object (DiscoLight_1_C_37)
[2014.07.03-03.33.50:297][548]LogWorld:Warning: *** WARNING - PATHS MAY NOT BE VALID ***
[2014.07.03-03.33.50:297][548]LogWorld: Bringing World /Game/Maps/UEDPIE_0_waagenbau.waagenbau up for play (max tick rate 0) at 2014.07.03-05.33.50
[2014.07.03-03.33.50:301][548]LogWorld: Bringing up level for play took: 0.080435
[2014.07.03-03.33.50:301][548]LogPlayerController: Spawned spectator SpectatorPawn_2 [server:1]
[2014.07.03-03.33.50:307][548]PIE: Info Play in editor start time for /Game/Maps/UEDPIE_0_waagenbau 0.264
[2014.07.03-03.33.50:315][548]LogSelection:Warning: PIE object was selected: "Emitter /Game/Maps/UEDPIE_0_waagenbau.waagenbau:PersistentLevel.Smoke_Cigarette_4"
[2014.07.03-03.33.53:079][705]LogParticles: Destroying 0 GPU particle simulations for FXSystem 0x000000000CEF9A80
[2014.07.03-03.34.00:006][ 17]LogSavePackage: Save=251.242905ms
[2014.07.03-03.34.00:006][ 17]LogSavePackage: Moving 'D:/UDK4 Projects/Waagenbau/MyProject3/Saved/waagenbau7A925BAD412D22268355E48AE7AEED9B.tmp' to 'D:/UDK4 Projects/Waagenbau/MyProject3/Content/Maps/waagenbau.umap'
[2014.07.03-03.34.00:050][ 17]LogFileHelpers: Saving map 'waagenbau' took 0.369
[2014.07.03-03.34.00:356][ 35]LogPlayLevel: PIE:  No blueprints needed recompiling
[2014.07.03-03.34.00:356][ 35]PIE: New page: SIE session: waagenbau (Jul 3, 2014, 7:34:00 AM)
[2014.07.03-03.34.00:396][ 35]LogPlayLevel: PIE: StaticDuplicateObject took: (0.040362s)
[2014.07.03-03.34.00:397][ 35]LogPlayLevel: PIE: World Init took: (0.000585s)
[2014.07.03-03.34.00:397][ 35]LogPlayLevel: PIE: Created PIE world by copying editor world from /Game/Maps/waagenbau.waagenbau to /Game/Maps/UEDPIE_0_waagenbau.waagenbau (0.041232s)
[2014.07.03-03.34.00:397][ 35]LogWorld: Game class is 'MyGame_C'
[2014.07.03-03.34.00:398][ 35]LogSelection:Warning: PIE object was selected: "Emitter /Game/Maps/UEDPIE_0_waagenbau.waagenbau:PersistentLevel.Smoke_Cigarette_4"
[2014.07.03-03.34.00:456][ 35]LogBlueprintUserMessages:Warning: SetTimer passed a bad function () or object (DiscoLight_1_C_0)
[2014.07.03-03.34.00:456][ 35]LogBlueprintUserMessages:Warning: SetTimer passed a bad function () or object (DiscoLight_1_C_1)
[2014.07.03-03.34.00:457][ 35]LogBlueprintUserMessages:Warning: SetTimer passed a bad function () or object (DiscoLight_1_C_2)
[2014.07.03-03.34.00:457][ 35]LogBlueprintUserMessages:Warning: SetTimer passed a bad function () or object (DiscoLight_1_C_3)
[2014.07.03-03.34.00:458][ 35]LogBlueprintUserMessages:Warning: SetTimer passed a bad function () or object (DiscoLight_1_C_4)
[2014.07.03-03.34.00:458][ 35]LogBlueprintUserMessages:Warning: SetTimer passed a bad function () or object (DiscoLight_1_C_5)
[2014.07.03-03.34.00:458][ 35]LogBlueprintUserMessages:Warning: SetTimer passed a bad function () or object (DiscoLight_1_C_6)
[2014.07.03-03.34.00:459][ 35]LogBlueprintUserMessages:Warning: SetTimer passed a bad function () or object (DiscoLight_1_C_7)
[2014.07.03-03.34.00:459][ 35]LogBlueprintUserMessages:Warning: SetTimer passed a bad function () or object (DiscoLight_1_C_8)
[2014.07.03-03.34.00:460][ 35]LogBlueprintUserMessages:Warning: SetTimer passed a bad function () or object (DiscoLight_1_C_9)
[2014.07.03-03.34.00:460][ 35]LogBlueprintUserMessages:Warning: SetTimer passed a bad function () or object (DiscoLight_1_C_10)
[2014.07.03-03.34.00:461][ 35]LogBlueprintUserMessages:Warning: SetTimer passed a bad function () or object (DiscoLight_1_C_11)
[2014.07.03-03.34.00:461][ 35]LogBlueprintUserMessages:Warning: SetTimer passed a bad function () or object (DiscoLight_1_C_12)
[2014.07.03-03.34.00:461][ 35]LogBlueprintUserMessages:Warning: SetTimer passed a bad function () or object (DiscoLight_1_C_13)
[2014.07.03-03.34.00:462][ 35]LogBlueprintUserMessages:Warning: SetTimer passed a bad function () or object (DiscoLight_1_C_14)
[2014.07.03-03.34.00:462][ 35]LogBlueprintUserMessages:Warning: SetTimer passed a bad function () or object (DiscoLight_1_C_15)
[2014.07.03-03.34.00:463][ 35]LogBlueprintUserMessages:Warning: SetTimer passed a bad function () or object (DiscoLight_1_C_16)
[2014.07.03-03.34.00:463][ 35]LogBlueprintUserMessages:Warning: SetTimer passed a bad function () or object (DiscoLight_1_C_34)
[2014.07.03-03.34.00:464][ 35]LogBlueprintUserMessages:Warning: SetTimer passed a bad function () or object (DiscoLight_1_C_35)
[2014.07.03-03.34.00:464][ 35]LogBlueprintUserMessages:Warning: SetTimer passed a bad function () or object (DiscoLight_1_C_36)
[2014.07.03-03.34.00:465][ 35]LogBlueprintUserMessages:Warning: SetTimer passed a bad function () or object (DiscoLight_1_C_37)
[2014.07.03-03.34.00:491][ 35]LogWorld:Warning: *** WARNING - PATHS MAY NOT BE VALID ***
[2014.07.03-03.34.00:491][ 35]LogWorld: Bringing World /Game/Maps/UEDPIE_0_waagenbau.waagenbau up for play (max tick rate 0) at 2014.07.03-05.34.00
[2014.07.03-03.34.00:494][ 35]LogWorld: Bringing up level for play took: 0.062077
[2014.07.03-03.34.00:495][ 35]LogPlayerController: Spawned spectator SpectatorPawn_3 [server:1]
[2014.07.03-03.34.00:500][ 35]PIE: Info Play in editor start time for /Game/Maps/UEDPIE_0_waagenbau 0.457
[2014.07.03-03.34.00:508][ 35]LogSelection:Warning: PIE object was selected: "Emitter /Game/Maps/UEDPIE_0_waagenbau.waagenbau:PersistentLevel.Smoke_Cigarette_4"
[2014.07.03-03.34.09:316][501]LogParticles: Destroying 0 GPU particle simulations for FXSystem 0x00000000379D2840
[2014.07.03-03.34.42:147][874]Cmd: QUIT_EDITOR
[2014.07.03-03.34.42:201][874]LogWindowsTextInputMethodSystem:Error: Terminating failed while unadvising the language notification sink from the TSF source.
[2014.07.03-03.34.42:202][874]LogExit: Preparing to exit.
[2014.07.03-03.34.43:374][874]LogExit: Editor shut down
[2014.07.03-03.34.43:374][874]LogExit: Transaction tracking system shut down
[2014.07.03-03.34.43:377][874]LogParticles: Destroying 0 GPU particle simulations for FXSystem 0x000000001BFB7380
[2014.07.03-03.34.43:378][874]LogParticles: Destroying 0 GPU particle simulations for FXSystem 0x000000001E464FE0
[2014.07.03-03.34.43:378][874]LogParticles: Destroying 0 GPU particle simulations for FXSystem 0x000000001C81AA20
[2014.07.03-03.34.43:404][874]LogParticles: Destroying 0 GPU particle simulations for FXSystem 0x000000000C4063E0
[2014.07.03-03.34.43:404][874]LogParticles: Destroying 0 GPU particle simulations for FXSystem 0x00000000128384A0
[2014.07.03-03.34.43:404][874]LogExit: Object subsystem successfully closed.
[2014.07.03-03.34.43:430][874]LogModuleManager: Shutting down and abandoning module DesktopPlatform (167)
[2014.07.03-03.34.43:430][874]LogModuleManager: Shutting down and abandoning module AndroidDeviceDetection (166)
[2014.07.03-03.34.43:430][874]LogModuleManager: Shutting down and abandoning module DistCurveEditor (165)
[2014.07.03-03.34.43:430][874]LogModuleManager: Shutting down and abandoning module Cascade (164)
[2014.07.03-03.34.43:430][874]LogModuleManager: Shutting down and abandoning module CollectionManager (163)
[2014.07.03-03.34.43:430][874]LogModuleManager: Shutting down and abandoning module EditorWidgets (162)
[2014.07.03-03.34.43:430][874]LogModuleManager: Shutting down and abandoning module CrashTracker (161)
[2014.07.03-03.34.43:430][874]LogModuleManager: Shutting down and abandoning module HTTP (160)
[2014.07.03-03.34.43:430][874]LogModuleManager: Shutting down and abandoning module NewsFeed (159)
[2014.07.03-03.34.43:430][874]LogModuleManager: Shutting down and abandoning module SceneOutliner (158)
[2014.07.03-03.34.43:430][874]LogModuleManager: Shutting down and abandoning module StatsViewer (157)
[2014.07.03-03.34.43:430][874]LogModuleManager: Shutting down and abandoning module FoliageEdit (156)
[2014.07.03-03.34.43:430][874]LogModuleManager: Shutting down and abandoning module LandscapeEditor (155)
[2014.07.03-03.34.43:436][874]LogModuleManager: Shutting down and abandoning module MeshPaint (154)
[2014.07.03-03.34.43:436][874]LogModuleManager: Shutting down and abandoning module ActorPickerMode (153)
[2014.07.03-03.34.43:436][874]LogModuleManager: Shutting down and abandoning module GeometryMode (152)
[2014.07.03-03.34.43:436][874]LogModuleManager: Shutting down and abandoning module TextureAlignMode (151)
[2014.07.03-03.34.43:436][874]LogModuleManager: Shutting down and abandoning module BspMode (150)
[2014.07.03-03.34.43:436][874]LogModuleManager: Shutting down and abandoning module PlacementMode (149)
[2014.07.03-03.34.43:437][874]LogModuleManager: Shutting down and abandoning module AutomationWorker (148)
[2014.07.03-03.34.43:437][874]LogModuleManager: Shutting down and abandoning module ViewportSnapping (147)
[2014.07.03-03.34.43:437][874]LogModuleManager: Shutting down and abandoning module DeviceProfileEditor (146)
[2014.07.03-03.34.43:437][874]LogModuleManager: Shutting down and abandoning module UndoHistory (145)
[2014.07.03-03.34.43:437][874]LogModuleManager: Shutting down and abandoning module GameplayTagsEditor (144)
[2014.07.03-03.34.43:437][874]LogModuleManager: Shutting down and abandoning module UserFeedback (143)
[2014.07.03-03.34.43:437][874]LogModuleManager: Shutting down and abandoning module XmlParser (142)
[2014.07.03-03.34.43:437][874]LogModuleManager: Shutting down and abandoning module Blutility (141)
[2014.07.03-03.34.43:437][874]LogModuleManager: Shutting down and abandoning module AndroidPlatformEditor (138)
[2014.07.03-03.34.43:437][874]LogModuleManager: Shutting down and abandoning module AndroidRuntimeSettings (137)
[2014.07.03-03.34.43:437][874]LogModuleManager: Shutting down and abandoning module ProjectSettingsViewer (136)
[2014.07.03-03.34.43:437][874]LogModuleManager: Shutting down and abandoning module InputBindingEditor (135)
[2014.07.03-03.34.43:437][874]LogModuleManager: Shutting down and abandoning module EditorSettingsViewer (134)
[2014.07.03-03.34.43:437][874]LogModuleManager: Shutting down and abandoning module SettingsEditor (133)
[2014.07.03-03.34.43:437][874]LogModuleManager: Shutting down and abandoning module SessionLauncher (132)
[2014.07.03-03.34.43:437][874]LogModuleManager: Shutting down and abandoning module SessionFrontend (131)
[2014.07.03-03.34.43:437][874]LogModuleManager: Shutting down and abandoning module ProfilerClient (130)
[2014.07.03-03.34.43:437][874]LogModuleManager: Shutting down and abandoning module TargetDeviceServices (129)
[2014.07.03-03.34.43:437][874]LogModuleManager: Shutting down and abandoning module DeviceManager (128)
[2014.07.03-03.34.43:437][874]LogModuleManager: Shutting down and abandoning module AutomationController (127)
[2014.07.03-03.34.43:437][874]LogModuleManager: Shutting down and abandoning module AutomationWindow (126)
[2014.07.03-03.34.43:437][874]LogModuleManager: Shutting down and abandoning module Layers (125)
[2014.07.03-03.34.43:437][874]LogModuleManager: Shutting down and abandoning module ComponentVisualizers (124)
[2014.07.03-03.34.43:437][874]LogModuleManager: Shutting down and abandoning module DetailCustomizations (123)
[2014.07.03-03.34.43:437][874]LogModuleManager: Shutting down and abandoning module PackagesDialog (122)
[2014.07.03-03.34.43:437][874]LogModuleManager: Shutting down and abandoning module DirectoryWatcher (121)
[2014.07.03-03.34.43:437][874]LogModuleManager: Shutting down and abandoning module AssetRegistry (120)
[2014.07.03-03.34.43:486][874]LogModuleManager: Shutting down and abandoning module Persona (119)
[2014.07.03-03.34.43:486][874]LogModuleManager: Shutting down and abandoning module GraphEditor (118)
[2014.07.03-03.34.43:486][874]LogModuleManager: Shutting down and abandoning module ContentBrowser (117)
[2014.07.03-03.34.43:486][874]LogModuleManager: Shutting down and abandoning module ClassViewer (116)
[2014.07.03-03.34.43:486][874]LogModuleManager: Shutting down and abandoning module Toolbox (115)
[2014.07.03-03.34.43:486][874]LogModuleManager: Shutting down and abandoning module ModuleUI (114)
[2014.07.03-03.34.43:486][874]LogModuleManager: Shutting down and abandoning module Sequencer (113)
[2014.07.03-03.34.43:486][874]LogModuleManager: Shutting down and abandoning module MovieSceneTools (112)
[2014.07.03-03.34.43:486][874]LogModuleManager: Shutting down and abandoning module OutputLog (111)
[2014.07.03-03.34.43:486][874]LogModuleManager: Shutting down and abandoning module GammaUI (110)
[2014.07.03-03.34.43:486][874]LogModuleManager: Shutting down and abandoning module Documentation (109)
[2014.07.03-03.34.43:486][874]LogModuleManager: Shutting down and abandoning module StreamingPauseRendering (108)
[2014.07.03-03.34.43:486][874]LogModuleManager: Shutting down and abandoning module AnalyticsET (107)
[2014.07.03-03.34.43:486][874]LogModuleManager: Shutting down and abandoning module Analytics (106)
[2014.07.03-03.34.43:486][874]LogModuleManager: Shutting down and abandoning module ProfilerService (105)
[2014.07.03-03.34.43:663][874]LogModuleManager: Shutting down and abandoning module TaskGraph (104)
[2014.07.03-03.34.43:663][874]LogModuleManager: Shutting down and abandoning module GameProjectGeneration (103)
[2014.07.03-03.34.43:663][874]LogModuleManager: Shutting down and abandoning module Matinee (102)
[2014.07.03-03.34.43:663][874]LogModuleManager: Shutting down and abandoning module Kismet (101)
[2014.07.03-03.34.43:663][874]LogModuleManager: Shutting down and abandoning module SlateReflector (100)
[2014.07.03-03.34.43:663][874]LogModuleManager: Shutting down and abandoning module LevelEditor (99)
[2014.07.03-03.34.43:665][874]LogModuleManager: Shutting down and abandoning module MainFrame (98)
[2014.07.03-03.34.43:665][874]LogModuleManager: Shutting down and abandoning module SourceControl (97)
[2014.07.03-03.34.43:665][874]LogModuleManager: Shutting down and abandoning module ImageWrapper (96)
[2014.07.03-03.34.43:665][874]LogModuleManager: Shutting down and abandoning module OnlineBlueprintSupport (95)
[2014.07.03-03.34.43:665][874]LogModuleManager: Shutting down and abandoning module PropertyEditor (94)
[2014.07.03-03.34.43:665][874]LogModuleManager: Shutting down and abandoning module AssetTools (93)
[2014.07.03-03.34.43:665][874]LogModuleManager: Shutting down and abandoning module BehaviorTreeEditor (92)
[2014.07.03-03.34.43:665][874]LogModuleManager: Shutting down and abandoning module FunctionalTesting (91)
[2014.07.03-03.34.43:665][874]LogModuleManager: Shutting down and abandoning module CollisionAnalyzer (90)
[2014.07.03-03.34.43:665][874]LogModuleManager: Shutting down and abandoning module WorkspaceMenuStructure (89)
[2014.07.03-03.34.43:666][874]LogModuleManager: Shutting down and abandoning module MessageLog (88)
[2014.07.03-03.34.43:666][874]LogModuleManager: Shutting down and abandoning module Slate (87)
[2014.07.03-03.34.43:666][874]LogModuleManager: Shutting down and abandoning module EditorStyle (86)
[2014.07.03-03.34.43:669][874]LogModuleManager: Shutting down and abandoning module SessionServices (85)
[2014.07.03-03.34.43:669][874]LogModuleManager: Shutting down and abandoning module Messaging (84)
[2014.07.03-03.34.43:669][874]LogModuleManager: Shutting down and abandoning module SourceCodeAccess (83)
[2014.07.03-03.34.43:669][874]LogModuleManager: Shutting down and abandoning module HeadMountedDisplay (82)
[2014.07.03-03.34.43:669][874]LogModuleManager: Shutting down and abandoning module XAudio2 (81)
[2014.07.03-03.34.43:669][874]LogModuleManager: Shutting down and abandoning module Networking (79)
[2014.07.03-03.34.43:669][874]LogModuleManager: Shutting down and abandoning module Core (78)
[2014.07.03-03.34.43:669][874]LogModuleManager: Shutting down and abandoning module KismetCompiler (77)
[2014.07.03-03.34.43:669][874]LogModuleManager: Shutting down and abandoning module PhysXFormats (76)
[2014.07.03-03.34.43:669][874]LogModuleManager: Shutting down and abandoning module SimplygonMeshReduction (75)
[2014.07.03-03.34.43:669][874]LogModuleManager: Shutting down and abandoning module MeshUtilities (74)
[2014.07.03-03.34.43:669][874]LogModuleManager: Shutting down and abandoning module DerivedDataCache (73)
[2014.07.03-03.34.43:768][874]LogDerivedDataCache: Shutdown
[2014.07.03-03.34.43:768][874]LogModuleManager: Shutting down and abandoning module ShaderFormatOpenGL (72)
[2014.07.03-03.34.43:768][874]LogModuleManager: Shutting down and abandoning module ShaderFormatD3D (71)
[2014.07.03-03.34.43:768][874]LogModuleManager: Shutting down and abandoning module TextureFormatUncompressed (70)
[2014.07.03-03.34.43:768][874]LogModuleManager: Shutting down and abandoning module TextureFormatPVR (69)
[2014.07.03-03.34.43:768][874]LogModuleManager: Shutting down and abandoning module TextureFormatDXT (68)
[2014.07.03-03.34.43:768][874]LogModuleManager: Shutting down and abandoning module TextureFormatAndroid (67)
[2014.07.03-03.34.43:768][874]LogModuleManager: Shutting down and abandoning module AudioFormatOpus (66)
[2014.07.03-03.34.43:768][874]LogModuleManager: Shutting down and abandoning module AudioFormatOgg (65)
[2014.07.03-03.34.43:768][874]LogModuleManager: Shutting down and abandoning module AudioFormatADPCM (64)
[2014.07.03-03.34.43:768][874]LogModuleManager: Shutting down and abandoning module Android_PVRTCTargetPlatform (63)
[2014.07.03-03.34.43:768][874]LogModuleManager: Shutting down and abandoning module Android_ETC2TargetPlatform (62)
[2014.07.03-03.34.43:768][874]LogModuleManager: Shutting down and abandoning module Android_ETC1TargetPlatform (61)
[2014.07.03-03.34.43:768][874]LogModuleManager: Shutting down and abandoning module Android_DXTTargetPlatform (60)
[2014.07.03-03.34.43:768][874]LogModuleManager: Shutting down and abandoning module Android_ATCTargetPlatform (59)
[2014.07.03-03.34.43:768][874]LogModuleManager: Shutting down and abandoning module AndroidTargetPlatform (58)
[2014.07.03-03.34.43:768][874]LogModuleManager: Shutting down and abandoning module WindowsTargetPlatform (57)
[2014.07.03-03.34.43:768][874]LogModuleManager: Shutting down and abandoning module WindowsServerTargetPlatform (56)
[2014.07.03-03.34.43:768][874]LogModuleManager: Shutting down and abandoning module WindowsNoEditorTargetPlatform (55)
[2014.07.03-03.34.43:768][874]LogModuleManager: Shutting down and abandoning module WindowsClientTargetPlatform (54)
[2014.07.03-03.34.43:768][874]LogModuleManager: Shutting down and abandoning module TargetPlatform (53)
[2014.07.03-03.34.43:768][874]LogModuleManager: Shutting down and abandoning module InputCore (52)
[2014.07.03-03.34.43:768][874]LogModuleManager: Shutting down and abandoning module Settings (51)
[2014.07.03-03.34.43:768][874]LogModuleManager: Shutting down and abandoning module TextureCompressor (48)
[2014.07.03-03.34.43:769][874]LogModuleManager: Shutting down and abandoning module ShaderCore (47)
[2014.07.03-03.34.43:769][874]LogModuleManager: Shutting down and abandoning module OpenGLDrv (46)
[2014.07.03-03.34.43:769][874]LogModuleManager: Shutting down and abandoning module D3D11RHI (45)
[2014.07.03-03.34.43:769][874]LogModuleManager: Shutting down and abandoning module SlateRHIRenderer (44)
[2014.07.03-03.34.43:769][874]LogModuleManager: Shutting down and abandoning module Renderer (43)
[2014.07.03-03.34.43:769][874]LogModuleManager: Shutting down and abandoning module Engine (42)
[2014.07.03-03.34.43:769][874]LogModuleManager: Shutting down and abandoning module SlateRemote (41)
[2014.07.03-03.34.43:769][874]LogModuleManager: Shutting down and abandoning module ScriptPlugin (40)
[2014.07.03-03.34.43:769][874]LogModuleManager: Shutting down and abandoning module ScriptEditorPlugin (38)
[2014.07.03-03.34.43:769][874]LogModuleManager: Shutting down and abandoning module WindowsMoviePlayer (37)
[2014.07.03-03.34.43:774][874]LogModuleManager: Shutting down and abandoning module ExampleDeviceProfileSelector (32)
[2014.07.03-03.34.43:774][874]LogModuleManager: Shutting down and abandoning module CustomMeshComponent (31)
[2014.07.03-03.34.43:774][874]LogModuleManager: Shutting down and abandoning module CableComponent (30)
[2014.07.03-03.34.43:774][874]LogModuleManager: Shutting down and abandoning module OculusRift (26)
[2014.07.03-03.34.43:774][874]LogModuleManager: Shutting down and abandoning module UdpMessaging (25)
[2014.07.03-03.34.43:874][874]LogModuleManager: Shutting down and abandoning module MessagingDebugger (24)
[2014.07.03-03.34.43:874][874]LogModuleManager: Shutting down and abandoning module PluginsEditor (14)
[2014.07.03-03.34.43:874][874]LogModuleManager: Shutting down and abandoning module IntroTutorials (13)
[2014.07.03-03.34.43:874][874]LogModuleManager: Shutting down and abandoning module EpicSurvey (12)
[2014.07.03-03.34.43:874][874]LogModuleManager: Shutting down and abandoning module VisualStudioSourceCodeAccess (10)
[2014.07.03-03.34.43:874][874]LogModuleManager: Shutting down and abandoning module UObjectPlugin (9)
[2014.07.03-03.34.43:874][874]LogModuleManager: Shutting down and abandoning module SubversionSourceControl (8)
[2014.07.03-03.34.43:874][874]LogModuleManager: Shutting down and abandoning module PerforceSourceControl (7)
[2014.07.03-03.34.43:874][874]LogModuleManager: Shutting down and abandoning module BlankPlugin (6)
[2014.07.03-03.34.43:874][874]LogModuleManager: Shutting down and abandoning module CoreUObject (5)
[2014.07.03-03.34.43:874][874]LogModuleManager: Shutting down and abandoning module NetworkFile (4)
[2014.07.03-03.34.43:874][874]LogModuleManager: Shutting down and abandoning module StreamingFile (3)
[2014.07.03-03.34.43:874][874]LogModuleManager: Shutting down and abandoning module SandboxFile (2)
[2014.07.03-03.34.43:874][874]LogModuleManager: Shutting down and abandoning module PakFile (1)
[2014.07.03-03.34.43:875][874]LogExit: Exiting.
[2014.07.03-03.34.43:880][874]Log file closed, 07/03/14 05:34:43
