Log file open, 07/01/14 15:50:26
LogInit:Display: Running engine without a game
LogInit:Display: Loading recent project file: D:/UDK4 Projects/Waagenbau/MyProject3/MyProject3.uproject
LogInit: Version: 4.2.1-2101290+++depot+UE4-Releases+4.2
LogInit: Compiled (64-bit): Jun 10 2014 22:21:56
LogInit: Build Configuration: Development
LogInit: Branch Name: ++depot+UE4-Releases+4.2
LogInit: Command line: 
LogInit: Base directory: E:/Unreal Engine/4.2/Engine/Binaries/Win64/
LogInit: Rocket: 1
[2014.07.01-13.50.26:147][  0]LogTaskGraph: Started task graph with 3 named threads and 6 total threads.
[2014.07.01-13.50.26:191][  0]LogOnline:Warning: No default platform service specified for OnlineSubsystem
[2014.07.01-13.50.26:197][  0]LogInit: Presizing for 0 objects not considered by GC, pre-allocating 0 bytes.
[2014.07.01-13.50.26:204][  0]LogInit: Object subsystem initialized
[2014.07.01-13.50.26:205][  0]LogInit: Selected Device Profile: [Windows]
[2014.07.01-13.50.26:205][  0]LogInit: Applying CVar settings loaded from the selected device profile: [Windows]
[2014.07.01-13.50.26:208][  0]LogInit: Computer: SPAEHLING-PC
[2014.07.01-13.50.26:208][  0]LogInit: User: Spaehling
[2014.07.01-13.50.26:209][  0]LogInit: CPU Page size=4096, Cores=6
[2014.07.01-13.50.26:209][  0]LogInit: High frequency timer resolution =3.126943 MHz
[2014.07.01-13.50.26:209][  0]LogMemory: Memory total: Physical=64.0GB (64GB approx) Virtual=8192.0GB
[2014.07.01-13.50.26:209][  0]LogMemory: Platform Memory Stats for Windows
[2014.07.01-13.50.26:209][  0]LogMemory: Process Physical Memory: 57.37 MB used, 57.37 MB peak
[2014.07.01-13.50.26:209][  0]LogMemory: Process Virtual Memory: 33.46 MB used, 33.63 MB peak
[2014.07.01-13.50.26:209][  0]LogMemory: Physical Memory: 5820.43 MB used, 65486.15 MB total
[2014.07.01-13.50.26:209][  0]LogMemory: Virtual Memory: 241.65 MB used, 8388608.00 MB total
[2014.07.01-13.50.26:253][  0]LogD3D11RHI: Found D3D11 adapter 0: NVIDIA GeForce GTX 690 (Feature Level 11_0)
[2014.07.01-13.50.26:253][  0]LogD3D11RHI: Adapter has 1990MB of dedicated video memory, 0MB of dedicated system memory, and 2048MB of shared system memory, 1 output[s]
[2014.07.01-13.50.26:253][  0]LogD3D11RHI: Chosen D3D11 Adapter Id = 0
[2014.07.01-13.50.26:258][  0]LogRHI: Texture pool is 1361 MB (70% of 1945 MB)
[2014.07.01-13.50.26:267][  0]LogD3D11RHI: Async texture creation enabled
[2014.07.01-13.50.26:319][  0]LogTextLocalizationManager:Warning: The selected culture 'de_DE' is not available; falling back to 'en'
[2014.07.01-13.50.26:367][  0]LogContentStreaming: Texture pool size is 0.000000MB
[2014.07.01-13.50.27:107][  0]LogTargetPlatformManager:Display: Building Assets For Windows
[2014.07.01-13.50.27:177][  0]LogTargetPlatformManager:Display: Building Assets For Windows
[2014.07.01-13.50.27:204][  0]LogDerivedDataCache:Display: Max Cache Size: 512 MB
[2014.07.01-13.50.27:236][  0]LogDerivedDataCache: Loaded boot cache 0.03s 39MB C:/Users/Spaehling/AppData/Local/UnrealEngine/4.2/DerivedDataCache/Boot.ddc.
[2014.07.01-13.50.27:236][  0]LogDerivedDataCache:Display: Loaded Boot cache: C:/Users/Spaehling/AppData/Local/UnrealEngine/4.2/DerivedDataCache/Boot.ddc
[2014.07.01-13.50.27:236][  0]LogDerivedDataCache: FDerivedDataBackendGraph:  Pak pak cache file D:/UDK4 Projects/Waagenbau/MyProject3/DerivedDataCache/DDC.ddp not found, will not use a pak cache.
[2014.07.01-13.50.27:236][  0]LogDerivedDataCache: Unable to find inner node Pak for hierarchical cache Hierarchy.
[2014.07.01-13.50.27:246][  0]LogDerivedDataCache:Display: Pak cache opened for reading ../../../Engine/DerivedDataCache/DDC.ddp.
[2014.07.01-13.50.27:258][  0]LogDerivedDataCache: Using Local data cache path C:/Users/Spaehling/AppData/Local/UnrealEngine/4.2/DerivedDataCache: Writable
[2014.07.01-13.50.27:393][  0]LogMeshUtilities: No automatic mesh reduction module available
[2014.07.01-13.50.27:393][  0]LogMeshUtilities: No automatic mesh merging module available
[2014.07.01-13.50.27:677][  0]LogInit: WinSock: version 1.1 (2.2), MaxSocks=32767, MaxUdp=65467
[2014.07.01-13.50.27:970][  0]LogStreaming:Warning: Failed to read file '../../../Engine/Content/Editor/Slate/Icons/ActorIcons/GroupActor_16x.png' error.
[2014.07.01-13.50.27:970][  0]LogSlate: Could not find file for Slate resource: ../../../Engine/Content/Editor/Slate/Icons/ActorIcons/GroupActor_16x.png
[2014.07.01-13.50.27:974][  0]LogStreaming:Warning: Failed to read file '../../../Engine/Content/Editor/Slate/Icons/ActorIcons/DecalActor_16x.png' error.
[2014.07.01-13.50.27:974][  0]LogSlate: Could not find file for Slate resource: ../../../Engine/Content/Editor/Slate/Icons/ActorIcons/DecalActor_16x.png
[2014.07.01-13.50.28:210][  0]UdpMessaging: Initializing bridge on interface 0.0.0.0:0 to multicast group 230.0.0.1:6666.
[2014.07.01-13.50.28:294][  0]SourceControl: Info Source control is disabled
[2014.07.01-13.50.28:294][  0]SourceControl: Info Source control is disabled
[2014.07.01-13.50.28:299][  0]SourceControl: Info Source control is disabled
[2014.07.01-13.50.28:366][  0]BlueprintLog: New page: Editor Load
[2014.07.01-13.50.28:396][  0]LogObj: 19203 objects as part of root set at end of initial load.
[2014.07.01-13.50.28:396][  0]LogUObjectAllocator: 3820576 out of 0 bytes used by permanent object pool.
[2014.07.01-13.50.28:705][  0]LogEngine: Initializing Engine...
[2014.07.01-13.50.28:800][  0]LogInit: XAudio2 using 'Lautsprecher (Corsair Vengeance 2000 Headset)' : 8 channels at 44.1 kHz using 16 bits per sample (channel mask 0x63f)
[2014.07.01-13.50.28:808][  0]LogInit: FAudioDevice initialized.
[2014.07.01-13.50.28:829][  0]LogDerivedDataCache: Saved boot cache 0.02s 39MB C:/Users/Spaehling/AppData/Local/UnrealEngine/4.2/DerivedDataCache/Boot.ddc.
[2014.07.01-13.50.28:833][  0]LogInit: Texture streaming: Enabled
[2014.07.01-13.50.28:855][  0]LogInit: Transaction tracking system initialized
[2014.07.01-13.50.28:928][  0]LogAssetRegistry: FAssetRegistry took 0.0098 seconds to start up
[2014.07.01-13.50.29:035][  0]LogModuleManager:Warning: ModuleManager: Unable to load module '' because the file was not found.
[2014.07.01-13.50.29:039][  0]LogModuleManager:Warning: ModuleManager: Unable to load module '' because the file was not found.
[2014.07.01-13.50.29:073][  0]LogConsoleResponse:Display: 
[2014.07.01-13.50.29:234][  0]SourceControl: Info Source control is disabled
[2014.07.01-13.50.29:234][  0]Cmd: MAP LOAD FILE="D:/UDK4 Projects/Waagenbau/MyProject3/Content/Maps/waagenbau.umap" TEMPLATE=0 SHOWPROGRESS=1 WORLDCOMPOSITION=0
[2014.07.01-13.50.29:234][  0]LightingResults: New page: Lighting Build
[2014.07.01-13.50.29:239][  0]MapCheck: New page: Map Check
[2014.07.01-13.50.29:239][  0]LightingResults: New page: Lighting Build
[2014.07.01-13.50.29:244][  0]LogParticles: Destroying 0 GPU particle simulations for FXSystem 0x0000000010A9EF20
[2014.07.01-13.50.30:433][  0]LogBlueprintUserMessages:Warning: SetTimer passed a bad function () or object (DiscoLight_1_C_0)
[2014.07.01-13.50.30:433][  0]LogBlueprintUserMessages:Warning: SetTimer passed a bad function () or object (DiscoLight_1_C_1)
[2014.07.01-13.50.30:434][  0]LogBlueprintUserMessages:Warning: SetTimer passed a bad function () or object (DiscoLight_1_C_2)
[2014.07.01-13.50.30:434][  0]LogBlueprintUserMessages:Warning: SetTimer passed a bad function () or object (DiscoLight_1_C_3)
[2014.07.01-13.50.30:435][  0]LogBlueprintUserMessages:Warning: SetTimer passed a bad function () or object (DiscoLight_1_C_4)
[2014.07.01-13.50.30:436][  0]LogBlueprintUserMessages:Warning: SetTimer passed a bad function () or object (DiscoLight_1_C_5)
[2014.07.01-13.50.30:436][  0]LogBlueprintUserMessages:Warning: SetTimer passed a bad function () or object (DiscoLight_1_C_6)
[2014.07.01-13.50.30:437][  0]LogBlueprintUserMessages:Warning: SetTimer passed a bad function () or object (DiscoLight_1_C_7)
[2014.07.01-13.50.30:438][  0]LogBlueprintUserMessages:Warning: SetTimer passed a bad function () or object (DiscoLight_1_C_8)
[2014.07.01-13.50.30:438][  0]LogBlueprintUserMessages:Warning: SetTimer passed a bad function () or object (DiscoLight_1_C_9)
[2014.07.01-13.50.30:439][  0]LogBlueprintUserMessages:Warning: SetTimer passed a bad function () or object (DiscoLight_1_C_10)
[2014.07.01-13.50.30:440][  0]LogBlueprintUserMessages:Warning: SetTimer passed a bad function () or object (DiscoLight_1_C_11)
[2014.07.01-13.50.30:440][  0]LogBlueprintUserMessages:Warning: SetTimer passed a bad function () or object (DiscoLight_1_C_12)
[2014.07.01-13.50.30:441][  0]LogBlueprintUserMessages:Warning: SetTimer passed a bad function () or object (DiscoLight_1_C_13)
[2014.07.01-13.50.30:441][  0]LogBlueprintUserMessages:Warning: SetTimer passed a bad function () or object (DiscoLight_1_C_14)
[2014.07.01-13.50.30:442][  0]LogBlueprintUserMessages:Warning: SetTimer passed a bad function () or object (DiscoLight_1_C_15)
[2014.07.01-13.50.30:442][  0]LogBlueprintUserMessages:Warning: SetTimer passed a bad function () or object (DiscoLight_1_C_16)
[2014.07.01-13.50.30:443][  0]LogBlueprintUserMessages:Warning: SetTimer passed a bad function () or object (DiscoLight_1_C_34)
[2014.07.01-13.50.30:444][  0]LogBlueprintUserMessages:Warning: SetTimer passed a bad function () or object (DiscoLight_1_C_35)
[2014.07.01-13.50.30:444][  0]LogBlueprintUserMessages:Warning: SetTimer passed a bad function () or object (DiscoLight_1_C_36)
[2014.07.01-13.50.30:445][  0]LogBlueprintUserMessages:Warning: SetTimer passed a bad function () or object (DiscoLight_1_C_37)
[2014.07.01-13.50.30:462][  0]LogEditorServer: Finished looking for orphan Actors (0.000 secs)
[2014.07.01-13.50.30:462][  0]Cmd: MAP CHECKDEP
[2014.07.01-13.50.30:463][  0]MapCheck: New page: waagenbau - Jul 1, 2014, 5:50:30 PM
[2014.07.01-13.50.30:518][  0]MapCheck: Info ========== Map Check: 0 Error(s), 0 Warning(s), [55.013ms] ==========
[2014.07.01-13.50.30:518][  0]LogFileHelpers: Loading map 'waagenbau' took 1.284
[2014.07.01-13.50.30:660][  0]LogCrashTracker: Crashtracker disabled due to settings.
[2014.07.01-13.50.30:660][  0]Cmd: MODE PLACEMENT
[2014.07.01-13.50.30:703][  0]LogLoad: Full Startup: 5.13 seconds (BP compile: 0.26 seconds)
[2014.07.01-13.50.30:786][  0]LogRenderer:Warning: Reallocating scene render targets to support 32x32.
[2014.07.01-13.50.30:866][  0]LogRenderer:Warning: Reallocating scene render targets to support 1056x856.
[2014.07.01-13.50.31:048][  1]LogEpicStorage:Warning: EnumerateFiles request failed. Invalid response. code=403 error=<?xml version="1.0" encoding="UTF-8"?>
<Error><Code>AccessDenied</Code><Message>Access Denied</Message><RequestId>4148313858543174</RequestId><HostId>1iYI4decbwlGGdWImruDga774fMOlEmypRaeLP64OUijCy5KFDqfZm0pj3HycoiF</HostId></Error>
[2014.07.01-13.50.31:104][  1]LogAssetRegistry: Asset discovery search completed in 2.1861 seconds
[2014.07.01-13.50.31:162][  2]LogEpicSurvey:Warning: EnumerateFiles request failed. Invalid response. code=403 error=<?xml version="1.0" encoding="UTF-8"?>
<Error><Code>AccessDenied</Code><Message>Access Denied</Message><RequestId>744FB67FA5700C79</RequestId><HostId>0vRI+ekWeTVWl/Dcy+xVc4d5eeHJHIYxrBfPvhKuENw3hkN+PNxL9cMaUvWzAO1R</HostId></Error>
[2014.07.01-13.50.31:254][  3]LogEpicStorage:Warning: EnumerateFiles request failed. Invalid response. code=403 error=<?xml version="1.0" encoding="UTF-8"?>
<Error><Code>AccessDenied</Code><Message>Access Denied</Message><RequestId>4148313858543174</RequestId><HostId>1iYI4decbwlGGdWImruDga774fMOlEmypRaeLP64OUijCy5KFDqfZm0pj3HycoiF</HostId></Error>
[2014.07.01-13.50.31:282][  4]LogEpicSurvey:Warning: EnumerateFiles request failed. Invalid response. code=403 error=<?xml version="1.0" encoding="UTF-8"?>
<Error><Code>AccessDenied</Code><Message>Access Denied</Message><RequestId>744FB67FA5700C79</RequestId><HostId>0vRI+ekWeTVWl/Dcy+xVc4d5eeHJHIYxrBfPvhKuENw3hkN+PNxL9cMaUvWzAO1R</HostId></Error>
[2014.07.01-13.50.31:314][  7]LogEpicSurvey:Warning: EnumerateFiles request failed. Invalid response. code=403 error=<?xml version="1.0" encoding="UTF-8"?>
<Error><Code>AccessDenied</Code><Message>Access Denied</Message><RequestId>DB0D337626FE0306</RequestId><HostId>Mt5lMr6yTOGNjg9723ZOX1zr6vktboxryEz0/xietZSWaLh60yQIhrVpVIL8ntNS</HostId></Error>
[2014.07.01-13.50.31:333][  9]LogEpicStorage:Warning: ReadFile request failed. File request already pending for filename=http://cdn.unrealengine.com/newsfeed/blueprint_icon_b.png
[2014.07.01-13.50.31:333][  9]LogEpicStorage:Warning: ReadFile request failed. File request already pending for filename=http://cdn.unrealengine.com/newsfeed/blueprint_icon_b.png
[2014.07.01-13.50.32:635][ 91]LogPlayLevel: PIE:  No blueprints needed recompiling
[2014.07.01-13.50.32:636][ 91]PIE: New page: PIE session: waagenbau (Jul 1, 2014, 5:50:32 PM)
[2014.07.01-13.50.32:675][ 91]LogPlayLevel: PIE: StaticDuplicateObject took: (0.039452s)
[2014.07.01-13.50.32:676][ 91]LogPlayLevel: PIE: World Init took: (0.000580s)
[2014.07.01-13.50.32:676][ 91]LogPlayLevel: PIE: Created PIE world by copying editor world from /Game/Maps/waagenbau.waagenbau to /Game/Maps/UEDPIE_0_waagenbau.waagenbau (0.040373s)
[2014.07.01-13.50.32:917][ 91]LogBlueprint:Warning: [compiler] Warning InputAction Event references unknown Action 'Action' for  InputAction Action 
[2014.07.01-13.50.32:922][ 91]LogBlueprint:Warning: [compiler] Warning [0007.35] Compile of MyCharacter successful, but with 1 Warning(s) [in 12 ms]
[2014.07.01-13.50.32:931][ 91]LogBlueprint:Warning: [compiler] Warning InputAction Event references unknown Action 'Action' for  InputAction Action 
[2014.07.01-13.50.32:935][ 91]LogBlueprint:Warning: [compiler] Warning [0007.37] Compile of MyCharacter successful, but with 1 Warning(s) [in 6 ms]
[2014.07.01-13.50.33:074][ 91]LogWorld: Game class is 'MyGame_C'
[2014.07.01-13.50.33:148][ 91]LogBlueprintUserMessages:Warning: SetTimer passed a bad function () or object (DiscoLight_1_C_0)
[2014.07.01-13.50.33:163][ 91]LogBlueprintUserMessages:Warning: SetTimer passed a bad function () or object (DiscoLight_1_C_1)
[2014.07.01-13.50.33:164][ 91]LogBlueprintUserMessages:Warning: SetTimer passed a bad function () or object (DiscoLight_1_C_2)
[2014.07.01-13.50.33:164][ 91]LogBlueprintUserMessages:Warning: SetTimer passed a bad function () or object (DiscoLight_1_C_3)
[2014.07.01-13.50.33:165][ 91]LogBlueprintUserMessages:Warning: SetTimer passed a bad function () or object (DiscoLight_1_C_4)
[2014.07.01-13.50.33:165][ 91]LogBlueprintUserMessages:Warning: SetTimer passed a bad function () or object (DiscoLight_1_C_5)
[2014.07.01-13.50.33:166][ 91]LogBlueprintUserMessages:Warning: SetTimer passed a bad function () or object (DiscoLight_1_C_6)
[2014.07.01-13.50.33:166][ 91]LogBlueprintUserMessages:Warning: SetTimer passed a bad function () or object (DiscoLight_1_C_7)
[2014.07.01-13.50.33:167][ 91]LogBlueprintUserMessages:Warning: SetTimer passed a bad function () or object (DiscoLight_1_C_8)
[2014.07.01-13.50.33:167][ 91]LogBlueprintUserMessages:Warning: SetTimer passed a bad function () or object (DiscoLight_1_C_9)
[2014.07.01-13.50.33:168][ 91]LogBlueprintUserMessages:Warning: SetTimer passed a bad function () or object (DiscoLight_1_C_10)
[2014.07.01-13.50.33:168][ 91]LogBlueprintUserMessages:Warning: SetTimer passed a bad function () or object (DiscoLight_1_C_11)
[2014.07.01-13.50.33:169][ 91]LogBlueprintUserMessages:Warning: SetTimer passed a bad function () or object (DiscoLight_1_C_12)
[2014.07.01-13.50.33:169][ 91]LogBlueprintUserMessages:Warning: SetTimer passed a bad function () or object (DiscoLight_1_C_13)
[2014.07.01-13.50.33:170][ 91]LogBlueprintUserMessages:Warning: SetTimer passed a bad function () or object (DiscoLight_1_C_14)
[2014.07.01-13.50.33:170][ 91]LogBlueprintUserMessages:Warning: SetTimer passed a bad function () or object (DiscoLight_1_C_15)
[2014.07.01-13.50.33:171][ 91]LogBlueprintUserMessages:Warning: SetTimer passed a bad function () or object (DiscoLight_1_C_16)
[2014.07.01-13.50.33:171][ 91]LogBlueprintUserMessages:Warning: SetTimer passed a bad function () or object (DiscoLight_1_C_34)
[2014.07.01-13.50.33:172][ 91]LogBlueprintUserMessages:Warning: SetTimer passed a bad function () or object (DiscoLight_1_C_35)
[2014.07.01-13.50.33:172][ 91]LogBlueprintUserMessages:Warning: SetTimer passed a bad function () or object (DiscoLight_1_C_36)
[2014.07.01-13.50.33:173][ 91]LogBlueprintUserMessages:Warning: SetTimer passed a bad function () or object (DiscoLight_1_C_37)
[2014.07.01-13.50.33:188][ 91]LogWorld:Warning: *** WARNING - PATHS MAY NOT BE VALID ***
[2014.07.01-13.50.33:188][ 91]LogWorld: Bringing World /Game/Maps/UEDPIE_0_waagenbau.waagenbau up for play (max tick rate 0) at 2014.07.01-15.50.33
[2014.07.01-13.50.33:247][ 91]LogWorld: Bringing up level for play took: 0.125842
[2014.07.01-13.50.33:261][ 91]LogPlayerController: Spawned spectator SpectatorPawn_0 [server:1]
[2014.07.01-13.50.33:287][ 91]LogGameMode: RestartPlayer 256
[2014.07.01-13.50.33:292][ 91]LogPlayerController: ClientRestart_Implementation MyCharacter_C_0
[2014.07.01-13.50.33:292][ 91]LogPlayerController: ServerAcknowledgePossession_Implementation MyCharacter_C_0
[2014.07.01-13.50.33:384][ 91]PIE: Info Play in editor start time for /Game/Maps/UEDPIE_0_waagenbau 0.508
[2014.07.01-13.50.33:566][ 91]LogRenderer:Warning: Reallocating scene render targets to support 1296x856.
[2014.07.01-13.50.33:645][ 91]LogRenderer:Warning: Reallocating scene render targets to support 1296x864.
[2014.07.01-13.50.55:809][ 30]LogCharacterMovement: BotCharacter_Male_C_13 is stuck and failed to move!
[2014.07.01-13.50.55:909][ 34]LogCharacterMovement: BotCharacter_Male_C_13 is stuck and failed to move!
[2014.07.01-13.50.56:015][ 38]LogCharacterMovement: BotCharacter_Male_C_13 is stuck and failed to move!
[2014.07.01-13.50.56:100][ 41]LogCharacterMovement: BotCharacter_Male_C_13 is stuck and failed to move!
[2014.07.01-13.50.56:306][ 52]LogCharacterMovement: BotCharacter_Male_C_13 is stuck and failed to move!
[2014.07.01-13.51.19:087][ 68]LogRenderer:Warning: Reallocating scene render targets to support 1920x976.
[2014.07.01-13.52.03:724][335]LogCharacterMovement: BotCharacter_Male_C_13 is stuck and failed to move!
[2014.07.01-13.52.03:856][339]LogCharacterMovement: BotCharacter_Male_C_13 is stuck and failed to move!
[2014.07.01-13.52.19:669][786]LogCharacterMovement: BotCharacter_Male_C_13 is stuck and failed to move!
[2014.07.01-13.52.37:249][291]LogCharacterMovement: BotCharacter_Male_C_13 is stuck and failed to move!
[2014.07.01-13.52.37:339][295]LogCharacterMovement: BotCharacter_Male_C_13 is stuck and failed to move!
[2014.07.01-13.52.37:454][299]LogCharacterMovement: BotCharacter_Male_C_13 is stuck and failed to move!
[2014.07.01-13.52.37:603][303]LogCharacterMovement: BotCharacter_Male_C_13 is stuck and failed to move!
[2014.07.01-13.52.37:733][306]LogCharacterMovement: BotCharacter_Male_C_13 is stuck and failed to move!
[2014.07.01-13.54.06:651][840]LogParticles: Destroying 0 GPU particle simulations for FXSystem 0x000000001C9E20C0
[2014.07.01-14.05.30:912][150]LogEpicStorage:Warning: ReadFile request failed. File request already pending for filename=http://cdn.unrealengine.com/newsfeed/blueprint_icon_b.png
[2014.07.01-14.05.30:913][150]LogEpicStorage:Warning: ReadFile request failed. File request already pending for filename=http://cdn.unrealengine.com/newsfeed/blueprint_icon_b.png
[2014.07.01-14.20.31:085][790]LogEpicStorage:Warning: ReadFile request failed. File request already pending for filename=http://cdn.unrealengine.com/newsfeed/blueprint_icon_b.png
[2014.07.01-14.20.31:085][790]LogEpicStorage:Warning: ReadFile request failed. File request already pending for filename=http://cdn.unrealengine.com/newsfeed/blueprint_icon_b.png
[2014.07.01-14.35.30:986][529]LogEpicStorage:Warning: ReadFile request failed. File request already pending for filename=http://cdn.unrealengine.com/newsfeed/blueprint_icon_b.png
[2014.07.01-14.35.30:987][529]LogEpicStorage:Warning: ReadFile request failed. File request already pending for filename=http://cdn.unrealengine.com/newsfeed/blueprint_icon_b.png
[2014.07.01-14.50.31:045][253]LogEpicStorage:Warning: ReadFile request failed. File request already pending for filename=http://cdn.unrealengine.com/newsfeed/blueprint_icon_b.png
[2014.07.01-14.50.31:046][253]LogEpicStorage:Warning: ReadFile request failed. File request already pending for filename=http://cdn.unrealengine.com/newsfeed/blueprint_icon_b.png
[2014.07.01-14.59.25:527][  4]Cmd: QUIT_EDITOR
[2014.07.01-14.59.25:567][  4]LogWindowsTextInputMethodSystem:Error: Terminating failed while unadvising the language notification sink from the TSF source.
[2014.07.01-14.59.25:567][  4]LogExit: Preparing to exit.
[2014.07.01-14.59.26:559][  4]LogExit: Editor shut down
[2014.07.01-14.59.26:559][  4]LogExit: Transaction tracking system shut down
[2014.07.01-14.59.26:562][  4]LogParticles: Destroying 0 GPU particle simulations for FXSystem 0x000000001B250360
[2014.07.01-14.59.26:563][  4]LogParticles: Destroying 0 GPU particle simulations for FXSystem 0x000000001E3F4CC0
[2014.07.01-14.59.26:563][  4]LogParticles: Destroying 0 GPU particle simulations for FXSystem 0x000000001CBC0900
[2014.07.01-14.59.26:585][  4]LogExit: Object subsystem successfully closed.
[2014.07.01-14.59.26:608][  4]LogModuleManager: Shutting down and abandoning module AndroidDeviceDetection (162)
[2014.07.01-14.59.26:608][  4]LogModuleManager: Shutting down and abandoning module CrashTracker (161)
[2014.07.01-14.59.26:608][  4]LogModuleManager: Shutting down and abandoning module HTTP (160)
[2014.07.01-14.59.26:608][  4]LogModuleManager: Shutting down and abandoning module NewsFeed (159)
[2014.07.01-14.59.26:608][  4]LogModuleManager: Shutting down and abandoning module SceneOutliner (158)
[2014.07.01-14.59.26:608][  4]LogModuleManager: Shutting down and abandoning module StatsViewer (157)
[2014.07.01-14.59.26:608][  4]LogModuleManager: Shutting down and abandoning module FoliageEdit (156)
[2014.07.01-14.59.26:608][  4]LogModuleManager: Shutting down and abandoning module LandscapeEditor (155)
[2014.07.01-14.59.26:613][  4]LogModuleManager: Shutting down and abandoning module MeshPaint (154)
[2014.07.01-14.59.26:613][  4]LogModuleManager: Shutting down and abandoning module ActorPickerMode (153)
[2014.07.01-14.59.26:613][  4]LogModuleManager: Shutting down and abandoning module GeometryMode (152)
[2014.07.01-14.59.26:613][  4]LogModuleManager: Shutting down and abandoning module TextureAlignMode (151)
[2014.07.01-14.59.26:613][  4]LogModuleManager: Shutting down and abandoning module BspMode (150)
[2014.07.01-14.59.26:613][  4]LogModuleManager: Shutting down and abandoning module PlacementMode (149)
[2014.07.01-14.59.26:613][  4]LogModuleManager: Shutting down and abandoning module AutomationWorker (148)
[2014.07.01-14.59.26:613][  4]LogModuleManager: Shutting down and abandoning module ViewportSnapping (147)
[2014.07.01-14.59.26:613][  4]LogModuleManager: Shutting down and abandoning module DeviceProfileEditor (146)
[2014.07.01-14.59.26:613][  4]LogModuleManager: Shutting down and abandoning module UndoHistory (145)
[2014.07.01-14.59.26:613][  4]LogModuleManager: Shutting down and abandoning module GameplayTagsEditor (144)
[2014.07.01-14.59.26:613][  4]LogModuleManager: Shutting down and abandoning module UserFeedback (143)
[2014.07.01-14.59.26:613][  4]LogModuleManager: Shutting down and abandoning module XmlParser (142)
[2014.07.01-14.59.26:613][  4]LogModuleManager: Shutting down and abandoning module Blutility (141)
[2014.07.01-14.59.26:613][  4]LogModuleManager: Shutting down and abandoning module AndroidPlatformEditor (138)
[2014.07.01-14.59.26:613][  4]LogModuleManager: Shutting down and abandoning module AndroidRuntimeSettings (137)
[2014.07.01-14.59.26:613][  4]LogModuleManager: Shutting down and abandoning module ProjectSettingsViewer (136)
[2014.07.01-14.59.26:613][  4]LogModuleManager: Shutting down and abandoning module InputBindingEditor (135)
[2014.07.01-14.59.26:613][  4]LogModuleManager: Shutting down and abandoning module EditorSettingsViewer (134)
[2014.07.01-14.59.26:613][  4]LogModuleManager: Shutting down and abandoning module SettingsEditor (133)
[2014.07.01-14.59.26:613][  4]LogModuleManager: Shutting down and abandoning module SessionLauncher (132)
[2014.07.01-14.59.26:613][  4]LogModuleManager: Shutting down and abandoning module SessionFrontend (131)
[2014.07.01-14.59.26:613][  4]LogModuleManager: Shutting down and abandoning module ProfilerClient (130)
[2014.07.01-14.59.26:614][  4]LogModuleManager: Shutting down and abandoning module TargetDeviceServices (129)
[2014.07.01-14.59.26:614][  4]LogModuleManager: Shutting down and abandoning module DeviceManager (128)
[2014.07.01-14.59.26:614][  4]LogModuleManager: Shutting down and abandoning module AutomationController (127)
[2014.07.01-14.59.26:614][  4]LogModuleManager: Shutting down and abandoning module AutomationWindow (126)
[2014.07.01-14.59.26:614][  4]LogModuleManager: Shutting down and abandoning module Layers (125)
[2014.07.01-14.59.26:614][  4]LogModuleManager: Shutting down and abandoning module ComponentVisualizers (124)
[2014.07.01-14.59.26:614][  4]LogModuleManager: Shutting down and abandoning module DetailCustomizations (123)
[2014.07.01-14.59.26:614][  4]LogModuleManager: Shutting down and abandoning module PackagesDialog (122)
[2014.07.01-14.59.26:614][  4]LogModuleManager: Shutting down and abandoning module DirectoryWatcher (121)
[2014.07.01-14.59.26:614][  4]LogModuleManager: Shutting down and abandoning module AssetRegistry (120)
[2014.07.01-14.59.26:663][  4]LogModuleManager: Shutting down and abandoning module Persona (119)
[2014.07.01-14.59.26:663][  4]LogModuleManager: Shutting down and abandoning module GraphEditor (118)
[2014.07.01-14.59.26:663][  4]LogModuleManager: Shutting down and abandoning module ContentBrowser (117)
[2014.07.01-14.59.26:663][  4]LogModuleManager: Shutting down and abandoning module ClassViewer (116)
[2014.07.01-14.59.26:663][  4]LogModuleManager: Shutting down and abandoning module Toolbox (115)
[2014.07.01-14.59.26:663][  4]LogModuleManager: Shutting down and abandoning module ModuleUI (114)
[2014.07.01-14.59.26:663][  4]LogModuleManager: Shutting down and abandoning module Sequencer (113)
[2014.07.01-14.59.26:663][  4]LogModuleManager: Shutting down and abandoning module MovieSceneTools (112)
[2014.07.01-14.59.26:663][  4]LogModuleManager: Shutting down and abandoning module OutputLog (111)
[2014.07.01-14.59.26:663][  4]LogModuleManager: Shutting down and abandoning module GammaUI (110)
[2014.07.01-14.59.26:663][  4]LogModuleManager: Shutting down and abandoning module Documentation (109)
[2014.07.01-14.59.26:663][  4]LogModuleManager: Shutting down and abandoning module StreamingPauseRendering (108)
[2014.07.01-14.59.26:663][  4]LogModuleManager: Shutting down and abandoning module AnalyticsET (107)
[2014.07.01-14.59.26:663][  4]LogModuleManager: Shutting down and abandoning module Analytics (106)
[2014.07.01-14.59.26:663][  4]LogModuleManager: Shutting down and abandoning module ProfilerService (105)
[2014.07.01-14.59.26:694][  4]LogModuleManager: Shutting down and abandoning module TaskGraph (104)
[2014.07.01-14.59.26:694][  4]LogModuleManager: Shutting down and abandoning module GameProjectGeneration (103)
[2014.07.01-14.59.26:694][  4]LogModuleManager: Shutting down and abandoning module Matinee (102)
[2014.07.01-14.59.26:694][  4]LogModuleManager: Shutting down and abandoning module Kismet (101)
[2014.07.01-14.59.26:694][  4]LogModuleManager: Shutting down and abandoning module SlateReflector (100)
[2014.07.01-14.59.26:694][  4]LogModuleManager: Shutting down and abandoning module LevelEditor (99)
[2014.07.01-14.59.26:695][  4]LogModuleManager: Shutting down and abandoning module MainFrame (98)
[2014.07.01-14.59.26:695][  4]LogModuleManager: Shutting down and abandoning module SourceControl (97)
[2014.07.01-14.59.26:695][  4]LogModuleManager: Shutting down and abandoning module ImageWrapper (96)
[2014.07.01-14.59.26:695][  4]LogModuleManager: Shutting down and abandoning module OnlineBlueprintSupport (95)
[2014.07.01-14.59.26:695][  4]LogModuleManager: Shutting down and abandoning module PropertyEditor (94)
[2014.07.01-14.59.26:695][  4]LogModuleManager: Shutting down and abandoning module AssetTools (93)
[2014.07.01-14.59.26:695][  4]LogModuleManager: Shutting down and abandoning module BehaviorTreeEditor (92)
[2014.07.01-14.59.26:695][  4]LogModuleManager: Shutting down and abandoning module FunctionalTesting (91)
[2014.07.01-14.59.26:695][  4]LogModuleManager: Shutting down and abandoning module CollisionAnalyzer (90)
[2014.07.01-14.59.26:695][  4]LogModuleManager: Shutting down and abandoning module WorkspaceMenuStructure (89)
[2014.07.01-14.59.26:695][  4]LogModuleManager: Shutting down and abandoning module MessageLog (88)
[2014.07.01-14.59.26:695][  4]LogModuleManager: Shutting down and abandoning module Slate (87)
[2014.07.01-14.59.26:695][  4]LogModuleManager: Shutting down and abandoning module EditorStyle (86)
[2014.07.01-14.59.26:696][  4]LogModuleManager: Shutting down and abandoning module SessionServices (85)
[2014.07.01-14.59.26:696][  4]LogModuleManager: Shutting down and abandoning module Messaging (84)
[2014.07.01-14.59.26:696][  4]LogModuleManager: Shutting down and abandoning module SourceCodeAccess (83)
[2014.07.01-14.59.26:696][  4]LogModuleManager: Shutting down and abandoning module HeadMountedDisplay (82)
[2014.07.01-14.59.26:696][  4]LogModuleManager: Shutting down and abandoning module XAudio2 (81)
[2014.07.01-14.59.26:696][  4]LogModuleManager: Shutting down and abandoning module Networking (79)
[2014.07.01-14.59.26:696][  4]LogModuleManager: Shutting down and abandoning module Core (78)
[2014.07.01-14.59.26:696][  4]LogModuleManager: Shutting down and abandoning module KismetCompiler (77)
[2014.07.01-14.59.26:696][  4]LogModuleManager: Shutting down and abandoning module PhysXFormats (76)
[2014.07.01-14.59.26:696][  4]LogModuleManager: Shutting down and abandoning module SimplygonMeshReduction (75)
[2014.07.01-14.59.26:696][  4]LogModuleManager: Shutting down and abandoning module MeshUtilities (74)
[2014.07.01-14.59.26:696][  4]LogModuleManager: Shutting down and abandoning module DerivedDataCache (73)
[2014.07.01-14.59.26:792][  4]LogDerivedDataCache: Shutdown
[2014.07.01-14.59.26:792][  4]LogModuleManager: Shutting down and abandoning module ShaderFormatOpenGL (72)
[2014.07.01-14.59.26:792][  4]LogModuleManager: Shutting down and abandoning module ShaderFormatD3D (71)
[2014.07.01-14.59.26:792][  4]LogModuleManager: Shutting down and abandoning module TextureFormatUncompressed (70)
[2014.07.01-14.59.26:792][  4]LogModuleManager: Shutting down and abandoning module TextureFormatPVR (69)
[2014.07.01-14.59.26:792][  4]LogModuleManager: Shutting down and abandoning module TextureFormatDXT (68)
[2014.07.01-14.59.26:792][  4]LogModuleManager: Shutting down and abandoning module TextureFormatAndroid (67)
[2014.07.01-14.59.26:792][  4]LogModuleManager: Shutting down and abandoning module AudioFormatOpus (66)
[2014.07.01-14.59.26:792][  4]LogModuleManager: Shutting down and abandoning module AudioFormatOgg (65)
[2014.07.01-14.59.26:792][  4]LogModuleManager: Shutting down and abandoning module AudioFormatADPCM (64)
[2014.07.01-14.59.26:792][  4]LogModuleManager: Shutting down and abandoning module Android_PVRTCTargetPlatform (63)
[2014.07.01-14.59.26:792][  4]LogModuleManager: Shutting down and abandoning module Android_ETC2TargetPlatform (62)
[2014.07.01-14.59.26:792][  4]LogModuleManager: Shutting down and abandoning module Android_ETC1TargetPlatform (61)
[2014.07.01-14.59.26:792][  4]LogModuleManager: Shutting down and abandoning module Android_DXTTargetPlatform (60)
[2014.07.01-14.59.26:792][  4]LogModuleManager: Shutting down and abandoning module Android_ATCTargetPlatform (59)
[2014.07.01-14.59.26:792][  4]LogModuleManager: Shutting down and abandoning module AndroidTargetPlatform (58)
[2014.07.01-14.59.26:792][  4]LogModuleManager: Shutting down and abandoning module WindowsTargetPlatform (57)
[2014.07.01-14.59.26:792][  4]LogModuleManager: Shutting down and abandoning module WindowsServerTargetPlatform (56)
[2014.07.01-14.59.26:792][  4]LogModuleManager: Shutting down and abandoning module WindowsNoEditorTargetPlatform (55)
[2014.07.01-14.59.26:792][  4]LogModuleManager: Shutting down and abandoning module WindowsClientTargetPlatform (54)
[2014.07.01-14.59.26:792][  4]LogModuleManager: Shutting down and abandoning module TargetPlatform (53)
[2014.07.01-14.59.26:792][  4]LogModuleManager: Shutting down and abandoning module InputCore (52)
[2014.07.01-14.59.26:792][  4]LogModuleManager: Shutting down and abandoning module Settings (51)
[2014.07.01-14.59.26:792][  4]LogModuleManager: Shutting down and abandoning module TextureCompressor (48)
[2014.07.01-14.59.26:793][  4]LogModuleManager: Shutting down and abandoning module ShaderCore (47)
[2014.07.01-14.59.26:793][  4]LogModuleManager: Shutting down and abandoning module OpenGLDrv (46)
[2014.07.01-14.59.26:793][  4]LogModuleManager: Shutting down and abandoning module D3D11RHI (45)
[2014.07.01-14.59.26:793][  4]LogModuleManager: Shutting down and abandoning module SlateRHIRenderer (44)
[2014.07.01-14.59.26:793][  4]LogModuleManager: Shutting down and abandoning module Renderer (43)
[2014.07.01-14.59.26:793][  4]LogModuleManager: Shutting down and abandoning module Engine (42)
[2014.07.01-14.59.26:793][  4]LogModuleManager: Shutting down and abandoning module SlateRemote (41)
[2014.07.01-14.59.26:793][  4]LogModuleManager: Shutting down and abandoning module ScriptPlugin (40)
[2014.07.01-14.59.26:793][  4]LogModuleManager: Shutting down and abandoning module ScriptEditorPlugin (38)
[2014.07.01-14.59.26:793][  4]LogModuleManager: Shutting down and abandoning module WindowsMoviePlayer (37)
[2014.07.01-14.59.26:798][  4]LogModuleManager: Shutting down and abandoning module ExampleDeviceProfileSelector (32)
[2014.07.01-14.59.26:798][  4]LogModuleManager: Shutting down and abandoning module CustomMeshComponent (31)
[2014.07.01-14.59.26:798][  4]LogModuleManager: Shutting down and abandoning module CableComponent (30)
[2014.07.01-14.59.26:798][  4]LogModuleManager: Shutting down and abandoning module OculusRift (26)
[2014.07.01-14.59.26:798][  4]LogModuleManager: Shutting down and abandoning module UdpMessaging (25)
[2014.07.01-14.59.26:898][  4]LogModuleManager: Shutting down and abandoning module MessagingDebugger (24)
[2014.07.01-14.59.26:898][  4]LogModuleManager: Shutting down and abandoning module PluginsEditor (14)
[2014.07.01-14.59.26:898][  4]LogModuleManager: Shutting down and abandoning module IntroTutorials (13)
[2014.07.01-14.59.26:898][  4]LogModuleManager: Shutting down and abandoning module EpicSurvey (12)
[2014.07.01-14.59.26:898][  4]LogModuleManager: Shutting down and abandoning module VisualStudioSourceCodeAccess (10)
[2014.07.01-14.59.26:898][  4]LogModuleManager: Shutting down and abandoning module UObjectPlugin (9)
[2014.07.01-14.59.26:898][  4]LogModuleManager: Shutting down and abandoning module SubversionSourceControl (8)
[2014.07.01-14.59.26:898][  4]LogModuleManager: Shutting down and abandoning module PerforceSourceControl (7)
[2014.07.01-14.59.26:898][  4]LogModuleManager: Shutting down and abandoning module BlankPlugin (6)
[2014.07.01-14.59.26:898][  4]LogModuleManager: Shutting down and abandoning module CoreUObject (5)
[2014.07.01-14.59.26:898][  4]LogModuleManager: Shutting down and abandoning module NetworkFile (4)
[2014.07.01-14.59.26:898][  4]LogModuleManager: Shutting down and abandoning module StreamingFile (3)
[2014.07.01-14.59.26:898][  4]LogModuleManager: Shutting down and abandoning module SandboxFile (2)
[2014.07.01-14.59.26:898][  4]LogModuleManager: Shutting down and abandoning module PakFile (1)
[2014.07.01-14.59.26:899][  4]LogExit: Exiting.
[2014.07.01-14.59.26:903][  4]Log file closed, 07/01/14 16:59:26
