Log file open, 07/21/14 23:54:53
LogInit:Display: Running engine for game: MyProject3
LogInit: Version: 4.3.0-2215663+++depot+UE4-Releases+4.3
LogInit: API Version: 2215663
LogInit: Compiled (64-bit): Jul 14 2014 22:23:33
LogInit: Build Configuration: Development
LogInit: Branch Name: ++depot+UE4-Releases+4.3
LogInit: Command line:  
LogInit: Base directory: E:/Unreal Engine/4.3/Engine/Binaries/Win64/
LogInit: Rocket: 1
[2014.07.21-21.54.53:761][  0]LogTaskGraph: Started task graph with 3 named threads and 6 total threads.
[2014.07.21-21.54.53:805][  0]LogOnline:Warning: No default platform service specified for OnlineSubsystem
[2014.07.21-21.54.53:821][  0]LogInit: Presizing for 0 objects not considered by GC, pre-allocating 0 bytes.
[2014.07.21-21.54.53:827][  0]LogInit: Object subsystem initialized
[2014.07.21-21.54.53:829][  0]LogInit: Selected Device Profile: [Windows]
[2014.07.21-21.54.53:829][  0]LogInit: Applying CVar settings loaded from the selected device profile: [Windows]
[2014.07.21-21.54.53:832][  0]LogInit: Computer: SPAEHLING-PC
[2014.07.21-21.54.53:832][  0]LogInit: User: Spaehling
[2014.07.21-21.54.53:833][  0]LogInit: CPU Page size=4096, Cores=6
[2014.07.21-21.54.53:833][  0]LogInit: High frequency timer resolution =3.126962 MHz
[2014.07.21-21.54.53:833][  0]LogMemory: Memory total: Physical=64.0GB (64GB approx) Virtual=8192.0GB
[2014.07.21-21.54.53:833][  0]LogMemory: Platform Memory Stats for Windows
[2014.07.21-21.54.53:833][  0]LogMemory: Process Physical Memory: 65.01 MB used, 65.01 MB peak
[2014.07.21-21.54.53:833][  0]LogMemory: Process Virtual Memory: 41.69 MB used, 41.69 MB peak
[2014.07.21-21.54.53:833][  0]LogMemory: Physical Memory: 6225.18 MB used, 65486.15 MB total
[2014.07.21-21.54.53:833][  0]LogMemory: Virtual Memory: 251.34 MB used, 8388608.00 MB total
[2014.07.21-21.54.53:865][  0]LogD3D11RHI: Found D3D11 adapter 0: NVIDIA GeForce GTX 690 (Feature Level 11_0)
[2014.07.21-21.54.53:866][  0]LogD3D11RHI: Adapter has 1990MB of dedicated video memory, 0MB of dedicated system memory, and 2048MB of shared system memory, 1 output[s]
[2014.07.21-21.54.53:884][  0]LogD3D11RHI: Found D3D11 adapter 1: NVIDIA GeForce GTX 690 (Feature Level 11_0)
[2014.07.21-21.54.53:884][  0]LogD3D11RHI: Adapter has 1990MB of dedicated video memory, 0MB of dedicated system memory, and 2048MB of shared system memory, 1 output[s]
[2014.07.21-21.54.53:884][  0]LogD3D11RHI: Chosen D3D11 Adapter Id = 0
[2014.07.21-21.54.53:889][  0]LogRHI: Texture pool is 1361 MB (70% of 1945 MB)
[2014.07.21-21.54.53:896][  0]LogD3D11RHI: Async texture creation enabled
[2014.07.21-21.54.53:967][  0]LogTextLocalizationManager:Warning: The selected culture 'de_DE' is not available; falling back to 'en'
[2014.07.21-21.54.54:022][  0]LogContentStreaming: Texture pool size is 0.000000MB
[2014.07.21-21.54.54:649][  0]LogTargetPlatformManager:Display: Building Assets For Windows
[2014.07.21-21.54.54:775][  0]LogTargetPlatformManager:Display: Building Assets For Windows
[2014.07.21-21.54.54:805][  0]LogDerivedDataCache:Display: Max Cache Size: 512 MB
[2014.07.21-21.54.54:839][  0]LogDerivedDataCache: Loaded boot cache 0.03s 39MB C:/Users/Spaehling/AppData/Local/UnrealEngine/4.3/DerivedDataCache/Boot.ddc.
[2014.07.21-21.54.54:839][  0]LogDerivedDataCache:Display: Loaded Boot cache: C:/Users/Spaehling/AppData/Local/UnrealEngine/4.3/DerivedDataCache/Boot.ddc
[2014.07.21-21.54.54:839][  0]LogDerivedDataCache: FDerivedDataBackendGraph:  Pak pak cache file D:/UDK4 Projects/Waagenbau/DerivedDataCache/DDC.ddp not found, will not use a pak cache.
[2014.07.21-21.54.54:839][  0]LogDerivedDataCache: Unable to find inner node Pak for hierarchical cache Hierarchy.
[2014.07.21-21.54.54:854][  0]LogDerivedDataCache:Display: Pak cache opened for reading ../../../Engine/DerivedDataCache/DDC.ddp.
[2014.07.21-21.54.54:865][  0]LogDerivedDataCache: Using Local data cache path C:/Users/Spaehling/AppData/Local/UnrealEngine/4.3/DerivedDataCache: Writable
[2014.07.21-21.54.55:221][  0]LogMeshUtilities: No automatic mesh reduction module available
[2014.07.21-21.54.55:221][  0]LogMeshUtilities: No automatic mesh merging module available
[2014.07.21-21.54.55:502][  0]LogInit: WinSock: version 1.1 (2.2), MaxSocks=32767, MaxUdp=65467
[2014.07.21-21.54.56:904][  0]LogLinker:Warning: Asset '../../../Engine/Plugins/Experimental/Paper2D/Content/DefaultPaperTerrainMaterial.uasset' has been saved with empty engine version. The asset will be loaded but may be incompatible.
[2014.07.21-21.54.56:904][  0]LogLinker:Warning: Asset '../../../Engine/Plugins/Experimental/Paper2D/Content/DummySprite.uasset' has been saved with empty engine version. The asset will be loaded but may be incompatible.
[2014.07.21-21.54.56:911][  0]UdpMessaging: Initializing bridge on interface 0.0.0.0:0 to multicast group 230.0.0.1:6666.
[2014.07.21-21.54.57:002][  0]SourceControl: Info Source control is disabled
[2014.07.21-21.54.57:002][  0]SourceControl: Info Source control is disabled
[2014.07.21-21.54.57:005][  0]SourceControl: Info Source control is disabled
[2014.07.21-21.54.57:161][  0]BlueprintLog: New page: Editor Load
[2014.07.21-21.54.57:248][  0]LogObj: 20265 objects as part of root set at end of initial load.
[2014.07.21-21.54.57:248][  0]LogUObjectAllocator: 4015024 out of 0 bytes used by permanent object pool.
[2014.07.21-21.54.57:384][  0]LogEngine: Initializing Engine...
[2014.07.21-21.54.57:480][  0]LogInit: XAudio2 using 'Lautsprecher (Corsair Vengeance 2000 Headset)' : 8 channels at 44.1 kHz using 16 bits per sample (channel mask 0x63f)
[2014.07.21-21.54.57:487][  0]LogInit: FAudioDevice initialized.
[2014.07.21-21.54.57:497][  0]LogAIModule: Creating AISystem for world NewWorld
[2014.07.21-21.54.57:515][  0]LogDerivedDataCache: Saved boot cache 0.02s 39MB C:/Users/Spaehling/AppData/Local/UnrealEngine/4.3/DerivedDataCache/Boot.ddc.
[2014.07.21-21.54.57:520][  0]LogInit: Texture streaming: Enabled
[2014.07.21-21.54.57:551][  0]LogInit: Transaction tracking system initialized
[2014.07.21-21.54.57:658][  0]LogAssetRegistry: FAssetRegistry took 0.0096 seconds to start up
[2014.07.21-21.54.57:846][  0]LogTargetPlatformManager:Display: Building Assets For Windows
[2014.07.21-21.54.57:875][  0]LogTargetPlatformManager:Display: Building Assets For Windows
[2014.07.21-21.54.57:992][  0]LogConsoleResponse:Display: 
[2014.07.21-21.54.58:142][  0]SourceControl: Info Source control is disabled
[2014.07.21-21.54.58:142][  0]Cmd: MAP LOAD FILE="D:/UDK4 Projects/Waagenbau/Content/Maps/waagenbau.umap" TEMPLATE=0 SHOWPROGRESS=1
[2014.07.21-21.54.58:143][  0]LightingResults: New page: Lighting Build
[2014.07.21-21.54.58:147][  0]MapCheck: New page: Map Check
[2014.07.21-21.54.58:147][  0]LightingResults: New page: Lighting Build
[2014.07.21-21.54.58:152][  0]LogParticles: Destroying 0 GPU particle simulations for FXSystem 0x0000000010B2D440
[2014.07.21-21.54.59:468][  0]LogBlueprint:Warning: Node '/Game/Blueprints/Assets/Cigarettes.cigarettes:UserConstructionScript.K2Node_VariableGet_424' missing NodeGuid.
[2014.07.21-21.54.59:932][  0]LogBlueprintUserMessages:Warning: SetTimer passed a bad function () or object (DiscoLight_1_C_19)
[2014.07.21-21.54.59:933][  0]LogBlueprintUserMessages:Warning: SetTimer passed a bad function () or object (DiscoLight_1_C_24)
[2014.07.21-21.54.59:933][  0]LogBlueprintUserMessages:Warning: SetTimer passed a bad function () or object (DiscoLight_1_C_25)
[2014.07.21-21.54.59:934][  0]LogBlueprintUserMessages:Warning: SetTimer passed a bad function () or object (DiscoLight_1_C_26)
[2014.07.21-21.54.59:935][  0]LogBlueprintUserMessages:Warning: SetTimer passed a bad function () or object (DiscoLight_1_C_27)
[2014.07.21-21.54.59:935][  0]LogBlueprintUserMessages:Warning: SetTimer passed a bad function () or object (DiscoLight_1_C_28)
[2014.07.21-21.54.59:936][  0]LogBlueprintUserMessages:Warning: SetTimer passed a bad function () or object (DiscoLight_1_C_29)
[2014.07.21-21.54.59:937][  0]LogBlueprintUserMessages:Warning: SetTimer passed a bad function () or object (DiscoLight_1_C_30)
[2014.07.21-21.54.59:937][  0]LogBlueprintUserMessages:Warning: SetTimer passed a bad function () or object (DiscoLight_1_C_31)
[2014.07.21-21.54.59:938][  0]LogBlueprintUserMessages:Warning: SetTimer passed a bad function () or object (DiscoLight_1_C_32)
[2014.07.21-21.54.59:939][  0]LogBlueprintUserMessages:Warning: SetTimer passed a bad function () or object (DiscoLight_1_C_33)
[2014.07.21-21.54.59:939][  0]LogBlueprintUserMessages:Warning: SetTimer passed a bad function () or object (DiscoLight_1_C_34)
[2014.07.21-21.54.59:940][  0]LogBlueprintUserMessages:Warning: SetTimer passed a bad function () or object (DiscoLight_1_C_35)
[2014.07.21-21.54.59:941][  0]LogBlueprintUserMessages:Warning: SetTimer passed a bad function () or object (DiscoLight_1_C_36)
[2014.07.21-21.54.59:941][  0]LogBlueprintUserMessages:Warning: SetTimer passed a bad function () or object (DiscoLight_1_C_37)
[2014.07.21-21.54.59:942][  0]LogBlueprintUserMessages:Warning: SetTimer passed a bad function () or object (DiscoLight_1_C_38)
[2014.07.21-21.54.59:943][  0]LogBlueprintUserMessages:Warning: SetTimer passed a bad function () or object (DiscoLight_1_C_39)
[2014.07.21-21.54.59:943][  0]LogBlueprintUserMessages:Warning: SetTimer passed a bad function () or object (DiscoLight_1_C_40)
[2014.07.21-21.54.59:944][  0]LogBlueprintUserMessages:Warning: SetTimer passed a bad function () or object (DiscoLight_1_C_41)
[2014.07.21-21.54.59:945][  0]LogBlueprintUserMessages:Warning: SetTimer passed a bad function () or object (DiscoLight_1_C_42)
[2014.07.21-21.54.59:945][  0]LogBlueprintUserMessages:Warning: SetTimer passed a bad function () or object (DiscoLight_1_C_43)
[2014.07.21-21.54.59:946][  0]LogBlueprintUserMessages:Warning: SetTimer passed a bad function () or object (DiscoLight_1_C_44)
[2014.07.21-21.54.59:947][  0]LogBlueprintUserMessages:Warning: SetTimer passed a bad function () or object (DiscoLight_1_C_45)
[2014.07.21-21.54.59:947][  0]LogBlueprintUserMessages:Warning: SetTimer passed a bad function () or object (WallSconce_24)
[2014.07.21-21.55.01:308][  0]LogEditorServer: Finished looking for orphan Actors (0.000 secs)
[2014.07.21-21.55.01:309][  0]LogAIModule: Creating AISystem for world waagenbau
[2014.07.21-21.55.01:309][  0]Cmd: MAP CHECKDEP
[2014.07.21-21.55.01:309][  0]MapCheck: New page: waagenbau - Jul 22, 2014, 1:55:01 AM
[2014.07.21-21.55.01:379][  0]MapCheck: Info ========== Map Check: 0 Error(s), 0 Warning(s), [69.596ms] ==========
[2014.07.21-21.55.01:379][  0]LogFileHelpers: Loading map 'waagenbau' took 3.237
[2014.07.21-21.55.01:614][  0]LogCrashTracker: Crashtracker disabled due to settings.
[2014.07.21-21.55.01:679][  0]LogLoad: Full Startup: 8.63 seconds (BP compile: 0.42 seconds)
[2014.07.21-21.55.01:814][  0]LogRenderer:Warning: Reallocating scene render targets to support 32x32.
[2014.07.21-21.55.01:867][  0]LogSlate: SRTH: 00000000261FA380, 1156 x 853
[2014.07.21-21.55.01:908][  0]LogRenderer:Warning: Reallocating scene render targets to support 1160x856.
[2014.07.21-21.55.02:156][  1]LogEpicStorage:Warning: EnumerateFiles request failed. Invalid response. code=403 error=<?xml version="1.0" encoding="UTF-8"?>
<Error><Code>AccessDenied</Code><Message>Access Denied</Message><RequestId>17D7E5BE9883E436</RequestId><HostId>2BeB+1uFj1qbPkl7q/UQ9g77L5P4X+22vPZ0beqkNss8FqPChQlasJCBMTlb8YI/</HostId></Error>
[2014.07.21-21.55.02:261][  2]LogEpicSurvey:Warning: EnumerateFiles request failed. Invalid response. code=403 error=<?xml version="1.0" encoding="UTF-8"?>
<Error><Code>AccessDenied</Code><Message>Access Denied</Message><RequestId>69E706138C93D579</RequestId><HostId>idHIoNzoy4FYC0ascuS+NSkIJByP9tk840ymkYQ4ZV0EubqSPnr9pz88qkR+xEq0</HostId></Error>
[2014.07.21-21.55.02:275][  2]LogAssetRegistry: Asset discovery search completed in 4.6269 seconds
[2014.07.21-21.55.02:302][  3]LogEpicStorage:Warning: EnumerateFiles request failed. Invalid response. code=403 error=<?xml version="1.0" encoding="UTF-8"?>
<Error><Code>AccessDenied</Code><Message>Access Denied</Message><RequestId>17D7E5BE9883E436</RequestId><HostId>2BeB+1uFj1qbPkl7q/UQ9g77L5P4X+22vPZ0beqkNss8FqPChQlasJCBMTlb8YI/</HostId></Error>
[2014.07.21-21.55.02:316][  4]LogEpicSurvey:Warning: EnumerateFiles request failed. Invalid response. code=403 error=<?xml version="1.0" encoding="UTF-8"?>
<Error><Code>AccessDenied</Code><Message>Access Denied</Message><RequestId>69E706138C93D579</RequestId><HostId>idHIoNzoy4FYC0ascuS+NSkIJByP9tk840ymkYQ4ZV0EubqSPnr9pz88qkR+xEq0</HostId></Error>
[2014.07.21-21.55.02:376][  6]LogEpicSurvey:Warning: EnumerateFiles request failed. Invalid response. code=403 error=<?xml version="1.0" encoding="UTF-8"?>
<Error><Code>AccessDenied</Code><Message>Access Denied</Message><RequestId>02862ED76CA4669A</RequestId><HostId>B50yHVVhuCaTjVc/JmYog2YfuOs3S6rUxfTRAMoEc6JExLi/FZdnytQUxzsJ1A7z</HostId></Error>
[2014.07.21-21.55.02:443][  7]LogEpicStorage:Warning: ReadFile request failed. File request already pending for filename=http://cdn.unrealengine.com/newsfeed/blueprint_icon_b.png
[2014.07.21-21.55.02:444][  7]LogEpicStorage:Warning: ReadFile request failed. File request already pending for filename=http://cdn.unrealengine.com/newsfeed/blueprint_icon_b.png
[2014.07.21-21.55.05:833][166]LogEditorViewport: Clicking on Actor (LMB): BotCharacter_Male_C (BotCharacter_11)
[2014.07.21-21.55.07:218][230]LogEditorViewport: Clicking on Actor (context menu): BotCharacter_Male_C (BotCharacter_11)
[2014.07.21-21.55.08:373][311]LogCollectionManager: Loaded 0 collections in 0.000909 seconds
[2014.07.21-21.55.18:079][615]LogActorComponent: UnregisterComponent: (/Engine/Transient.CharacterMovementComponent_0) Not registered. Aborting.
[2014.07.21-21.55.23:341][856]BlueprintLog: New page: Compile BotCharacter_Male
[2014.07.21-21.55.23:406][856]LogBlueprint:Warning: [male_bot_all] CreatePinForVariable: 'Dancing High' variable not found. Base class was probably changed.
[2014.07.21-21.55.23:408][856]LogBlueprint:Warning: [female_idle_walk_run] CreatePinForVariable: 'Dancing High' variable not found. Base class was probably changed.
[2014.07.21-21.55.23:409][856]LogOutputDevice:Warning: 

Script Stack:
male_bot_all_C.ExecuteUbergraph_male_bot_all
male_bot_all_C.BlueprintUpdateAnimation

[2014.07.21-21.55.23:520][856]LogWindows:Error: appError called: Assertion failed: Result [File:D:\BuildFarm\buildmachine_++depot+UE4-Releases+4.3\Engine\Source\Runtime\CoreUObject\Public\UObject\Stack.h] [Line: 220]

Stack:
Address = 0xe9bbf996 (filename not found) [in E:\Unreal Engine\4.3\Engine\Binaries\Win64\UE4Editor-Core.dll]
Address = 0xe9a6fde5 (filename not found) [in E:\Unreal Engine\4.3\Engine\Binaries\Win64\UE4Editor-Core.dll]
Address = 0xea2e6bba (filename not found) [in E:\Unreal Engine\4.3\Engine\Binaries\Win64\UE4Editor-CoreUObject.dll]
Address = 0xea2d2272 (filename not found) [in E:\Unreal Engine\4.3\Engine\Binaries\Win64\UE4Editor-CoreUObject.dll]
Address = 0xea2e72e7 (filename not found) [in E:\Unreal Engine\4.3\Engine\Binaries\Win64\UE4Editor-CoreUObject.dll]
Address = 0xea2d35db (filename not found) [in E:\Unreal Engine\4.3\Engine\Binaries\Win64\UE4Editor-CoreUObject.dll]
Address = 0xea2c4708 (filename not found) [in E:\Unreal Engine\4.3\Engine\Binaries\Win64\UE4Editor-CoreUObject.dll]
Address = 0xea2d35db (filename not found) [in E:\Unreal Engine\4.3\Engine\Binaries\Win64\UE4Editor-CoreUObject.dll]
Address = 0xea2d2e30 (filename not found) [in E:\Unreal Engine\4.3\Engine\Binaries\Win64\UE4Editor-CoreUObject.dll]
Address = 0xe826fb34 (filename not found) [in E:\Unreal Engine\4.3\Engine\Binaries\Win64\UE4Editor-Engine.dll]
Address = 0xe7d87c25 (filename not found) [in E:\Unreal Engine\4.3\Engine\Binaries\Win64\UE4Editor-Engine.dll]
Address = 0xe7a04f2b (filename not found) [in E:\Unreal Engine\4.3\Engine\Binaries\Win64\UE4Editor-Engine.dll]
Address = 0xe79ee8e6 (filename not found) [in E:\Unreal Engine\4.3\Engine\Binaries\Win64\UE4Editor-Engine.dll]
Address = 0xe79f28bc (filename not found) [in E:\Unreal Engine\4.3\Engine\Binaries\Win64\UE4Editor-Engine.dll]
Address = 0xe74ebe60 (filename not found) [in E:\Unreal Engine\4.3\Engine\Binaries\Win64\UE4Editor-Engine.dll]
Address = 0xe750c735 (filename not found) [in E:\Unreal Engine\4.3\Engine\Binaries\Win64\UE4Editor-Engine.dll]
Address = 0xe750bf36 (filename not found) [in E:\Unreal Engine\4.3\Engine\Binaries\Win64\UE4Editor-Engine.dll]
Address = 0xe7509866 (filename not found) [in E:\Unreal Engine\4.3\Engine\Binaries\Win64\UE4Editor-Engine.dll]
Address = 0xe7834749 (filename not found) [in E:\Unreal Engine\4.3\Engine\Binaries\Win64\UE4Editor-Engine.dll]
Address = 0xe61fda6d (filename not found) [in E:\Unreal Engine\4.3\Engine\Binaries\Win64\UE4Editor-UnrealEd.dll]
Address = 0xe61f7b99 (filename not found) [in E:\Unreal Engine\4.3\Engine\Binaries\Win64\UE4Editor-UnrealEd.dll]
Address = 0xe61d444c (filename not found) [in E:\Unreal Engine\4.3\Engine\Binaries\Win64\UE4Editor-UnrealEd.dll]
Address = 0xe3d5a207 (filename not found) [in E:\Unreal Engine\4.3\Engine\Binaries\Win64\UE4Editor-Kismet.dll]
Address = 0xe3d916cd (filename not found) [in E:\Unreal Engine\4.3\Engine\Binaries\Win64\UE4Editor-Kismet.dll]
Address = 0xe3d96227 (filename not found) [in E:\Unreal Engine\4.3\Engine\Binaries\Win64\UE4Editor-Kismet.dll]
Address = 0xe6e0d936 (filename not found) [in E:\Unreal Engine\4.3\Engine\Binaries\Win64\UE4Editor-Slate.dll]
Address = 0xe6eaf8dd (filename not found) [in E:\Unreal Engine\4.3\Engine\Binaries\Win64\UE4Editor-Slate.dll]
Address = 0xe6e9680c (filename not found) [in E:\Unreal Engine\4.3\Engine\Binaries\Win64\UE4Editor-Slate.dll]
Address = 0xe700081a (filename not found) [in E:\Unreal Engine\4.3\Engine\Binaries\Win64\UE4Editor-Slate.dll]
Address = 0xe7020949 (filename not found) [in E:\Unreal Engine\4.3\Engine\Binaries\Win64\UE4Editor-Slate.dll]
Address = 0xe6e2f939 (filename not found) [in E:\Unreal Engine\4.3\Engine\Binaries\Win64\UE4Editor-Slate.dll]
Address = 0xe6e259b9 (filename not found) [in E:\Unreal Engine\4.3\Engine\Binaries\Win64\UE4Editor-Slate.dll]
Address = 0xe9ba92cd (filename not found) [in E:\Unreal Engine\4.3\Engine\Binaries\Win64\UE4Editor-Core.dll]
Address = 0xe9b98df1 (filename not found) [in E:\Unreal Engine\4.3\Engine\Binaries\Win64\UE4Editor-Core.dll]
Address = 0xe9baa38f (filename not found) [in E:\Unreal Engine\4.3\Engine\Binaries\Win64\UE4Editor-C
[2014.07.21-21.55.23:520][856]LogWindows:Error: Windows GetLastError: Der Vorgang wurde erfolgreich beendet. (0)
[2014.07.21-21.55.23:520][856]LogCrashTracker: 


[2014.07.21-21.55.23:663][856]LogCrashTracker: 


[2014.07.21-21.55.23:663][856]LogWindows: === Critical error: ===


[2014.07.21-21.55.23:663][856]LogWindows: Assertion failed: Result [File:D:\BuildFarm\buildmachine_++depot+UE4-Releases+4.3\Engine\Source\Runtime\CoreUObject\Public\UObject\Stack.h] [Line: 220]

Stack:
Address = 0xe9bbf996 (filename not found) [in E:\Unreal Engine\4.3\Engine\Binaries\Win64\UE4Editor-Core.dll]
Address = 0xe9a6fde5 (filename not found) [in E:\Unreal Engine\4.3\Engine\Binaries\Win64\UE4Editor-Core.dll]
Address = 0xea2e6bba (filename not found) [in E:\Unreal Engine\4.3\Engine\Binaries\Win64\UE4Editor-CoreUObject.dll]
Address = 0xea2d2272 (filename not found) [in E:\Unreal Engine\4.3\Engine\Binaries\Win64\UE4Editor-CoreUObject.dll]
Address = 0xea2e72e7 (filename not found) [in E:\Unreal Engine\4.3\Engine\Binaries\Win64\UE4Editor-CoreUObject.dll]
Address = 0xea2d35db (filename not found) [in E:\Unreal Engine\4.3\Engine\Binaries\Win64\UE4Editor-CoreUObject.dll]
Address = 0xea2c4708 (filename not found) [in E:\Unreal Engine\4.3\Engine\Binaries\Win64\UE4Editor-CoreUObject.dll]
Address = 0xea2d35db (filename not found) [in E:\Unreal Engine\4.3\Engine\Binaries\Win64\UE4Editor-CoreUObject.dll]
Address = 0xea2d2e30 (filename not found) [in E:\Unreal Engine\4.3\Engine\Binaries\Win64\UE4Editor-CoreUObject.dll]
Address = 0xe826fb34 (filename not found) [in E:\Unreal Engine\4.3\Engine\Binaries\Win64\UE4Editor-Engine.dll]
Address = 0xe7d87c25 (filename not found) [in E:\Unreal Engine\4.3\Engine\Binaries\Win64\UE4Editor-Engine.dll]
Address = 0xe7a04f2b (filename not found) [in E:\Unreal Engine\4.3\Engine\Binaries\Win64\UE4Editor-Engine.dll]
Address = 0xe79ee8e6 (filename not found) [in E:\Unreal Engine\4.3\Engine\Binaries\Win64\UE4Editor-Engine.dll]
Address = 0xe79f28bc (filename not found) [in E:\Unreal Engine\4.3\Engine\Binaries\Win64\UE4Editor-Engine.dll]
Address = 0xe74ebe60 (filename not found) [in E:\Unreal Engine\4.3\Engine\Binaries\Win64\UE4Editor-Engine.dll]
Address = 0xe750c735 (filename not found) [in E:\Unreal Engine\4.3\Engine\Binaries\Win64\UE4Editor-Engine.dll]
Address = 0xe750bf36 (filename not found) [in E:\Unreal Engine\4.3\Engine\Binaries\Win64\UE4Editor-Engine.dll]
Address = 0xe7509866 (filename not found) [in E:\Unreal Engine\4.3\Engine\Binaries\Win64\UE4Editor-Engine.dll]
Address = 0xe7834749 (filename not found) [in E:\Unreal Engine\4.3\Engine\Binaries\Win64\UE4Editor-Engine.dll]
Address = 0xe61fda6d (filename not found) [in E:\Unreal Engine\4.3\Engine\Binaries\Win64\UE4Editor-UnrealEd.dll]
Address = 0xe61f7b99 (filename not found) [in E:\Unreal Engine\4.3\Engine\Binaries\Win64\UE4Editor-UnrealEd.dll]
Address = 0xe61d444c (filename not found) [in E:\Unreal Engine\4.3\Engine\Binaries\Win64\UE4Editor-UnrealEd.dll]
Address = 0xe3d5a207 (filename not found) [in E:\Unreal Engine\4.3\Engine\Binaries\Win64\UE4Editor-Kismet.dll]
Address = 0xe3d916cd (filename not found) [in E:\Unreal Engine\4.3\Engine\Binaries\Win64\UE4Editor-Kismet.dll]
Address = 0xe3d96227 (filename not found) [in E:\Unreal Engine\4.3\Engine\Binaries\Win64\UE4Editor-Kismet.dll]
Address = 0xe6e0d936 (filename not found) [in E:\Unreal Engine\4.3\Engine\Binaries\Win64\UE4Editor-Slate.dll]
Address = 0xe6eaf8dd (filename not found) [in E:\Unreal Engine\4.3\Engine\Binaries\Win64\UE4Editor-Slate.dll]
Address = 0xe6e9680c (filename not found) [in E:\Unreal Engine\4.3\Engine\Binaries\Win64\UE4Editor-Slate.dll]
Address = 0xe700081a (filename not found) [in E:\Unreal Engine\4.3\Engine\Binaries\Win64\UE4Editor-Slate.dll]
Address = 0xe7020949 (filename not found) [in E:\Unreal Engine\4.3\Engine\Binaries\Win64\UE4Editor-Slate.dll]
Address = 0xe6e2f939 (filename not found) [in E:\Unreal Engine\4.3\Engine\Binaries\Win64\UE4Editor-Slate.dll]
Address = 0xe6e259b9 (filename not found) [in E:\Unreal Engine\4.3\Engine\Binaries\Win64\UE4Editor-Slate.dll]
Address = 0xe9ba92cd (filename not found) [in E:\Unreal Engine\4.3\Engine\Binaries\Win64\UE4Editor-Core.dll]
Address = 0xe9b98df1 (filename not found) [in E:\Unreal Engine\4.3\Engine\Binaries\Win64\UE4Editor-Core.dll]
Address = 0xe9baa38f (filename not found) [in E:\Unreal Engine\4.3\Engine\Binaries\Win64\UE4Editor-C


[2014.07.21-21.55.23:663][856]LogExit: Executing StaticShutdownAfterError
[2014.07.21-21.55.23:688][856]LogWindows: FPlatformMisc::RequestExit(1)
[2014.07.21-21.55.23:688][856]Log file closed, 07/21/14 23:55:23
