Log file open, 07/20/14 13:58:27
LogInit:Display: Running engine for game: MyProject3
LogInit: Version: 4.2.1-2101290+++depot+UE4-Releases+4.2
LogInit: Compiled (64-bit): Jun 10 2014 22:21:56
LogInit: Build Configuration: Development
LogInit: Branch Name: ++depot+UE4-Releases+4.2
LogInit: Command line:  
LogInit: Base directory: E:/Unreal Engine/4.2/Engine/Binaries/Win64/
LogInit: Rocket: 1
[2014.07.20-11.58.27:802][  0]LogTaskGraph: Started task graph with 3 named threads and 6 total threads.
[2014.07.20-11.58.27:846][  0]LogOnline:Warning: No default platform service specified for OnlineSubsystem
[2014.07.20-11.58.27:869][  0]LogInit: Presizing for 0 objects not considered by GC, pre-allocating 0 bytes.
[2014.07.20-11.58.27:875][  0]LogInit: Object subsystem initialized
[2014.07.20-11.58.27:876][  0]LogInit: Selected Device Profile: [Windows]
[2014.07.20-11.58.27:876][  0]LogInit: Applying CVar settings loaded from the selected device profile: [Windows]
[2014.07.20-11.58.27:880][  0]LogInit: Computer: SPAEHLING-PC
[2014.07.20-11.58.27:880][  0]LogInit: User: Spaehling
[2014.07.20-11.58.27:881][  0]LogInit: CPU Page size=4096, Cores=6
[2014.07.20-11.58.27:881][  0]LogInit: High frequency timer resolution =3.126962 MHz
[2014.07.20-11.58.27:881][  0]LogMemory: Memory total: Physical=64.0GB (64GB approx) Virtual=8192.0GB
[2014.07.20-11.58.27:881][  0]LogMemory: Platform Memory Stats for Windows
[2014.07.20-11.58.27:881][  0]LogMemory: Process Physical Memory: 60.40 MB used, 60.40 MB peak
[2014.07.20-11.58.27:881][  0]LogMemory: Process Virtual Memory: 36.39 MB used, 36.56 MB peak
[2014.07.20-11.58.27:881][  0]LogMemory: Physical Memory: 6320.49 MB used, 65486.15 MB total
[2014.07.20-11.58.27:881][  0]LogMemory: Virtual Memory: 244.40 MB used, 8388608.00 MB total
[2014.07.20-11.58.27:939][  0]LogD3D11RHI: Found D3D11 adapter 0: NVIDIA GeForce GTX 690 (Feature Level 11_0)
[2014.07.20-11.58.27:939][  0]LogD3D11RHI: Adapter has 1990MB of dedicated video memory, 0MB of dedicated system memory, and 2048MB of shared system memory, 1 output[s]
[2014.07.20-11.58.27:961][  0]LogD3D11RHI: Found D3D11 adapter 1: NVIDIA GeForce GTX 690 (Feature Level 11_0)
[2014.07.20-11.58.27:961][  0]LogD3D11RHI: Adapter has 1990MB of dedicated video memory, 0MB of dedicated system memory, and 2048MB of shared system memory, 1 output[s]
[2014.07.20-11.58.27:961][  0]LogD3D11RHI: Chosen D3D11 Adapter Id = 0
[2014.07.20-11.58.27:965][  0]LogRHI: Texture pool is 1361 MB (70% of 1945 MB)
[2014.07.20-11.58.27:975][  0]LogD3D11RHI: Async texture creation enabled
[2014.07.20-11.58.28:064][  0]LogTextLocalizationManager:Warning: The selected culture 'de_DE' is not available; falling back to 'en'
[2014.07.20-11.58.28:112][  0]LogContentStreaming: Texture pool size is 0.000000MB
[2014.07.20-11.58.28:964][  0]LogTargetPlatformManager:Display: Building Assets For Windows
[2014.07.20-11.58.29:129][  0]LogTargetPlatformManager:Display: Building Assets For Windows
[2014.07.20-11.58.29:166][  0]LogDerivedDataCache:Display: Max Cache Size: 512 MB
[2014.07.20-11.58.29:199][  0]LogDerivedDataCache: Loaded boot cache 0.03s 39MB C:/Users/Spaehling/AppData/Local/UnrealEngine/4.2/DerivedDataCache/Boot.ddc.
[2014.07.20-11.58.29:199][  0]LogDerivedDataCache:Display: Loaded Boot cache: C:/Users/Spaehling/AppData/Local/UnrealEngine/4.2/DerivedDataCache/Boot.ddc
[2014.07.20-11.58.29:199][  0]LogDerivedDataCache: FDerivedDataBackendGraph:  Pak pak cache file D:/UDK4 Projects/Waagenbau/DerivedDataCache/DDC.ddp not found, will not use a pak cache.
[2014.07.20-11.58.29:199][  0]LogDerivedDataCache: Unable to find inner node Pak for hierarchical cache Hierarchy.
[2014.07.20-11.58.29:209][  0]LogDerivedDataCache:Display: Pak cache opened for reading ../../../Engine/DerivedDataCache/DDC.ddp.
[2014.07.20-11.58.29:221][  0]LogDerivedDataCache: Using Local data cache path C:/Users/Spaehling/AppData/Local/UnrealEngine/4.2/DerivedDataCache: Writable
[2014.07.20-11.58.29:918][  0]LogMeshUtilities: No automatic mesh reduction module available
[2014.07.20-11.58.29:918][  0]LogMeshUtilities: No automatic mesh merging module available
[2014.07.20-11.58.30:203][  0]LogInit: WinSock: version 1.1 (2.2), MaxSocks=32767, MaxUdp=65467
[2014.07.20-11.58.31:040][  0]LogStreaming:Warning: Failed to read file '../../../Engine/Content/Editor/Slate/Icons/ActorIcons/GroupActor_16x.png' error.
[2014.07.20-11.58.31:040][  0]LogSlate: Could not find file for Slate resource: ../../../Engine/Content/Editor/Slate/Icons/ActorIcons/GroupActor_16x.png
[2014.07.20-11.58.31:059][  0]LogStreaming:Warning: Failed to read file '../../../Engine/Content/Editor/Slate/Icons/ActorIcons/DecalActor_16x.png' error.
[2014.07.20-11.58.31:059][  0]LogSlate: Could not find file for Slate resource: ../../../Engine/Content/Editor/Slate/Icons/ActorIcons/DecalActor_16x.png
[2014.07.20-11.58.31:701][  0]UdpMessaging: Initializing bridge on interface 0.0.0.0:0 to multicast group 230.0.0.1:6666.
[2014.07.20-11.58.31:799][  0]SourceControl: Info Source control is disabled
[2014.07.20-11.58.31:799][  0]SourceControl: Info Source control is disabled
[2014.07.20-11.58.31:802][  0]SourceControl: Info Source control is disabled
[2014.07.20-11.58.31:922][  0]BlueprintLog: New page: Editor Load
[2014.07.20-11.58.32:015][  0]LogObj: 19203 objects as part of root set at end of initial load.
[2014.07.20-11.58.32:015][  0]LogUObjectAllocator: 3820576 out of 0 bytes used by permanent object pool.
[2014.07.20-11.58.32:350][  0]LogEngine: Initializing Engine...
[2014.07.20-11.58.32:455][  0]LogInit: XAudio2 using 'Lautsprecher (Corsair Vengeance 2000 Headset)' : 8 channels at 44.1 kHz using 16 bits per sample (channel mask 0x63f)
[2014.07.20-11.58.32:468][  0]LogInit: FAudioDevice initialized.
[2014.07.20-11.58.32:488][  0]LogDerivedDataCache: Saved boot cache 0.02s 39MB C:/Users/Spaehling/AppData/Local/UnrealEngine/4.2/DerivedDataCache/Boot.ddc.
[2014.07.20-11.58.32:492][  0]LogInit: Texture streaming: Enabled
[2014.07.20-11.58.32:528][  0]LogInit: Transaction tracking system initialized
[2014.07.20-11.58.32:658][  0]LogAssetRegistry: FAssetRegistry took 0.0097 seconds to start up
[2014.07.20-11.58.32:883][  0]LogModuleManager:Warning: ModuleManager: Unable to load module '' because the file was not found.
[2014.07.20-11.58.32:886][  0]LogModuleManager:Warning: ModuleManager: Unable to load module '' because the file was not found.
[2014.07.20-11.58.32:953][  0]LogConsoleResponse:Display: 
[2014.07.20-11.58.33:174][  0]SourceControl: Info Source control is disabled
[2014.07.20-11.58.33:175][  0]Cmd: MAP LOAD FILE="D:/UDK4 Projects/Waagenbau/Content/Maps/waagenbau.umap" TEMPLATE=0 SHOWPROGRESS=1 WORLDCOMPOSITION=0
[2014.07.20-11.58.33:175][  0]LightingResults: New page: Lighting Build
[2014.07.20-11.58.33:180][  0]MapCheck: New page: Map Check
[2014.07.20-11.58.33:180][  0]LightingResults: New page: Lighting Build
[2014.07.20-11.58.33:185][  0]LogParticles: Destroying 0 GPU particle simulations for FXSystem 0x0000000011E6E8E0
[2014.07.20-11.58.34:471][  0]LogBlueprint:Warning: Node '/Game/Blueprints/Assets/Cigarettes.cigarettes:UserConstructionScript.K2Node_VariableGet_424' missing NodeGuid.
[2014.07.20-11.58.34:947][  0]LogBlueprintUserMessages:Warning: SetTimer passed a bad function () or object (DiscoLight_1_C_19)
[2014.07.20-11.58.34:948][  0]LogBlueprintUserMessages:Warning: SetTimer passed a bad function () or object (DiscoLight_1_C_24)
[2014.07.20-11.58.34:949][  0]LogBlueprintUserMessages:Warning: SetTimer passed a bad function () or object (DiscoLight_1_C_25)
[2014.07.20-11.58.34:949][  0]LogBlueprintUserMessages:Warning: SetTimer passed a bad function () or object (DiscoLight_1_C_26)
[2014.07.20-11.58.34:950][  0]LogBlueprintUserMessages:Warning: SetTimer passed a bad function () or object (DiscoLight_1_C_27)
[2014.07.20-11.58.34:951][  0]LogBlueprintUserMessages:Warning: SetTimer passed a bad function () or object (DiscoLight_1_C_28)
[2014.07.20-11.58.34:951][  0]LogBlueprintUserMessages:Warning: SetTimer passed a bad function () or object (DiscoLight_1_C_29)
[2014.07.20-11.58.34:952][  0]LogBlueprintUserMessages:Warning: SetTimer passed a bad function () or object (DiscoLight_1_C_30)
[2014.07.20-11.58.34:953][  0]LogBlueprintUserMessages:Warning: SetTimer passed a bad function () or object (DiscoLight_1_C_31)
[2014.07.20-11.58.34:954][  0]LogBlueprintUserMessages:Warning: SetTimer passed a bad function () or object (DiscoLight_1_C_32)
[2014.07.20-11.58.34:954][  0]LogBlueprintUserMessages:Warning: SetTimer passed a bad function () or object (DiscoLight_1_C_33)
[2014.07.20-11.58.34:955][  0]LogBlueprintUserMessages:Warning: SetTimer passed a bad function () or object (DiscoLight_1_C_34)
[2014.07.20-11.58.34:956][  0]LogBlueprintUserMessages:Warning: SetTimer passed a bad function () or object (DiscoLight_1_C_35)
[2014.07.20-11.58.34:956][  0]LogBlueprintUserMessages:Warning: SetTimer passed a bad function () or object (DiscoLight_1_C_36)
[2014.07.20-11.58.34:957][  0]LogBlueprintUserMessages:Warning: SetTimer passed a bad function () or object (DiscoLight_1_C_37)
[2014.07.20-11.58.34:958][  0]LogBlueprintUserMessages:Warning: SetTimer passed a bad function () or object (DiscoLight_1_C_38)
[2014.07.20-11.58.34:958][  0]LogBlueprintUserMessages:Warning: SetTimer passed a bad function () or object (DiscoLight_1_C_39)
[2014.07.20-11.58.34:959][  0]LogBlueprintUserMessages:Warning: SetTimer passed a bad function () or object (DiscoLight_1_C_40)
[2014.07.20-11.58.34:959][  0]LogBlueprintUserMessages:Warning: SetTimer passed a bad function () or object (DiscoLight_1_C_41)
[2014.07.20-11.58.34:960][  0]LogBlueprintUserMessages:Warning: SetTimer passed a bad function () or object (DiscoLight_1_C_42)
[2014.07.20-11.58.34:961][  0]LogBlueprintUserMessages:Warning: SetTimer passed a bad function () or object (DiscoLight_1_C_43)
[2014.07.20-11.58.34:961][  0]LogBlueprintUserMessages:Warning: SetTimer passed a bad function () or object (DiscoLight_1_C_44)
[2014.07.20-11.58.34:962][  0]LogBlueprintUserMessages:Warning: SetTimer passed a bad function () or object (DiscoLight_1_C_45)
[2014.07.20-11.58.34:963][  0]LogBlueprintUserMessages:Warning: SetTimer passed a bad function () or object (WallSconce_24)
[2014.07.20-11.58.36:347][  0]LogEditorServer: Finished looking for orphan Actors (0.000 secs)
[2014.07.20-11.58.36:348][  0]Cmd: MAP CHECKDEP
[2014.07.20-11.58.36:348][  0]MapCheck: New page: waagenbau - Jul 20, 2014, 3:58:36 PM
[2014.07.20-11.58.36:420][  0]MapCheck: Info ========== Map Check: 0 Error(s), 0 Warning(s), [71.486ms] ==========
[2014.07.20-11.58.36:420][  0]LogFileHelpers: Loading map 'waagenbau' took 3.246
[2014.07.20-11.58.36:632][  0]LogCrashTracker: Crashtracker disabled due to settings.
[2014.07.20-11.58.36:632][  0]Cmd: MODE PLACEMENT
[2014.07.20-11.58.36:673][  0]LogCollectionManager: Loaded 0 collections in 0.000856 seconds
[2014.07.20-11.58.36:730][  0]LogLoad: Full Startup: 9.75 seconds (BP compile: 0.39 seconds)
[2014.07.20-11.58.36:745][  0]LogContentBrowser:Verbose: The content browser source was changed by the sources view to '/Game/Character/Animations/Male'
[2014.07.20-11.58.36:857][  0]LogRenderer:Warning: Reallocating scene render targets to support 32x32.
[2014.07.20-11.58.36:965][  0]LogRenderer:Warning: Reallocating scene render targets to support 856x840.
[2014.07.20-11.58.37:189][  1]LogEpicStorage:Warning: EnumerateFiles request failed. Invalid response. code=403 error=<?xml version="1.0" encoding="UTF-8"?>
<Error><Code>AccessDenied</Code><Message>Access Denied</Message><RequestId>D481C4BB3C84EF58</RequestId><HostId>unJ+O4qYM+rxOl6Jg2oSrKuR08L01gywO40Gnx/IZkGWqYMahzr7EU29DdZb/ZjF</HostId></Error>
[2014.07.20-11.58.37:314][  2]LogEpicSurvey:Warning: EnumerateFiles request failed. Invalid response. code=403 error=<?xml version="1.0" encoding="UTF-8"?>
<Error><Code>AccessDenied</Code><Message>Access Denied</Message><RequestId>6452A87EED8FC9F6</RequestId><HostId>Ms3WM+Td8fhyDn5cK9sY2HdIxoRPfesZHemuMBx7Mo/xPb4sXViOz7XLR42QGOYKdWLZhX+EB9w=</HostId></Error>
[2014.07.20-11.58.37:320][  2]LogAssetRegistry: Asset discovery search completed in 4.6728 seconds
[2014.07.20-11.58.37:385][  3]LogEpicStorage:Warning: EnumerateFiles request failed. Invalid response. code=403 error=<?xml version="1.0" encoding="UTF-8"?>
<Error><Code>AccessDenied</Code><Message>Access Denied</Message><RequestId>D481C4BB3C84EF58</RequestId><HostId>unJ+O4qYM+rxOl6Jg2oSrKuR08L01gywO40Gnx/IZkGWqYMahzr7EU29DdZb/ZjF</HostId></Error>
[2014.07.20-11.58.37:395][  4]LogEpicSurvey:Warning: EnumerateFiles request failed. Invalid response. code=403 error=<?xml version="1.0" encoding="UTF-8"?>
<Error><Code>AccessDenied</Code><Message>Access Denied</Message><RequestId>6452A87EED8FC9F6</RequestId><HostId>Ms3WM+Td8fhyDn5cK9sY2HdIxoRPfesZHemuMBx7Mo/xPb4sXViOz7XLR42QGOYKdWLZhX+EB9w=</HostId></Error>
[2014.07.20-11.58.37:425][  7]LogEpicSurvey:Warning: EnumerateFiles request failed. Invalid response. code=403 error=<?xml version="1.0" encoding="UTF-8"?>
<Error><Code>AccessDenied</Code><Message>Access Denied</Message><RequestId>841C9AF5C59A1937</RequestId><HostId>XdUYhtzYUN0k1s1KLwPlLbHkl5YSryfH9OOP09DkQPCULMRiRelvxH0mkOimh0wk</HostId></Error>
[2014.07.20-11.58.37:450][  9]LogEpicStorage:Warning: ReadFile request failed. File request already pending for filename=http://cdn.unrealengine.com/newsfeed/blueprint_icon_b.png
[2014.07.20-11.58.37:451][  9]LogEpicStorage:Warning: ReadFile request failed. File request already pending for filename=http://cdn.unrealengine.com/newsfeed/blueprint_icon_b.png
[2014.07.20-11.58.43:434][271]LogRenderer:Warning: Reallocating scene render targets to support 1160x856.
[2014.07.20-11.59.46:093][ 89]Cmd: MAP CHECK
[2014.07.20-11.59.46:093][ 89]MapCheck: New page: waagenbau - Jul 20, 2014, 3:59:46 PM
[2014.07.20-11.59.46:098][ 89]MapCheck:Warning: Warning sm_bank_hard_11 More overriden materials (3) on static mesh component than are referenced (2) in source mesh 'sm_bank_hard' 
[2014.07.20-11.59.46:098][ 89]MapCheck:Warning: Warning sm_bank_hard_5 More overriden materials (3) on static mesh component than are referenced (2) in source mesh 'sm_bank_hard' 
[2014.07.20-11.59.46:170][ 89]MapCheck: Info ========== Map Check: 0 Error(s), 2 Warning(s), [75.951ms] ==========
[2014.07.20-11.59.48:554][186]LogEditorViewport: Clicking on Actor (LMB): BotCharacter_Male_C (BotCharacter_26)
[2014.07.20-11.59.48:712][191]Cmd: CAMERA ALIGN ACTIVEVIEWPORTONLY
[2014.07.20-11.59.48:712][191]Aligned camera to fit all selected actors.
[2014.07.20-11.59.51:218][273]Cmd: CAMERA ALIGN ACTIVEVIEWPORTONLY
[2014.07.20-11.59.51:218][273]Aligned camera to fit all selected actors.
[2014.07.20-12.13.36:879][653]LogEpicStorage:Warning: ReadFile request failed. File request already pending for filename=http://cdn.unrealengine.com/newsfeed/blueprint_icon_b.png
[2014.07.20-12.13.36:880][653]LogEpicStorage:Warning: ReadFile request failed. File request already pending for filename=http://cdn.unrealengine.com/newsfeed/blueprint_icon_b.png
[2014.07.20-12.15.29:486][351]LogActorComponent: UnregisterComponent: (/Engine/Transient.CharacterMovementComponent_0) Not registered. Aborting.
[2014.07.20-12.15.30:123][352]Cmd: QUIT_EDITOR
[2014.07.20-12.15.30:233][352]LogWindowsTextInputMethodSystem:Error: Terminating failed while unadvising the language notification sink from the TSF source.
[2014.07.20-12.15.30:234][352]LogExit: Preparing to exit.
[2014.07.20-12.15.30:945][352]LogExit: Editor shut down
[2014.07.20-12.15.30:945][352]LogExit: Transaction tracking system shut down
[2014.07.20-12.15.30:948][352]LogParticles: Destroying 0 GPU particle simulations for FXSystem 0x000000001C7FAD40
[2014.07.20-12.15.30:977][352]LogParticles: Destroying 0 GPU particle simulations for FXSystem 0x0000000027536020
[2014.07.20-12.15.30:977][352]LogParticles: Destroying 0 GPU particle simulations for FXSystem 0x0000000026D4BF60
[2014.07.20-12.15.30:977][352]LogParticles: Destroying 0 GPU particle simulations for FXSystem 0x0000000026D4BE20
[2014.07.20-12.15.30:977][352]LogParticles: Destroying 0 GPU particle simulations for FXSystem 0x0000000025F8B240
[2014.07.20-12.15.30:977][352]LogExit: Object subsystem successfully closed.
[2014.07.20-12.15.31:003][352]LogModuleManager: Shutting down and abandoning module AndroidDeviceDetection (164)
[2014.07.20-12.15.31:003][352]LogModuleManager: Shutting down and abandoning module EditorWidgets (163)
[2014.07.20-12.15.31:003][352]LogModuleManager: Shutting down and abandoning module CollectionManager (162)
[2014.07.20-12.15.31:004][352]LogModuleManager: Shutting down and abandoning module CrashTracker (161)
[2014.07.20-12.15.31:004][352]LogModuleManager: Shutting down and abandoning module HTTP (160)
[2014.07.20-12.15.31:004][352]LogModuleManager: Shutting down and abandoning module NewsFeed (159)
[2014.07.20-12.15.31:004][352]LogModuleManager: Shutting down and abandoning module SceneOutliner (158)
[2014.07.20-12.15.31:004][352]LogModuleManager: Shutting down and abandoning module StatsViewer (157)
[2014.07.20-12.15.31:004][352]LogModuleManager: Shutting down and abandoning module FoliageEdit (156)
[2014.07.20-12.15.31:004][352]LogModuleManager: Shutting down and abandoning module LandscapeEditor (155)
[2014.07.20-12.15.31:009][352]LogModuleManager: Shutting down and abandoning module MeshPaint (154)
[2014.07.20-12.15.31:009][352]LogModuleManager: Shutting down and abandoning module ActorPickerMode (153)
[2014.07.20-12.15.31:009][352]LogModuleManager: Shutting down and abandoning module GeometryMode (152)
[2014.07.20-12.15.31:009][352]LogModuleManager: Shutting down and abandoning module TextureAlignMode (151)
[2014.07.20-12.15.31:009][352]LogModuleManager: Shutting down and abandoning module BspMode (150)
[2014.07.20-12.15.31:009][352]LogModuleManager: Shutting down and abandoning module PlacementMode (149)
[2014.07.20-12.15.31:009][352]LogModuleManager: Shutting down and abandoning module AutomationWorker (148)
[2014.07.20-12.15.31:009][352]LogModuleManager: Shutting down and abandoning module ViewportSnapping (147)
[2014.07.20-12.15.31:009][352]LogModuleManager: Shutting down and abandoning module DeviceProfileEditor (146)
[2014.07.20-12.15.31:009][352]LogModuleManager: Shutting down and abandoning module UndoHistory (145)
[2014.07.20-12.15.31:009][352]LogModuleManager: Shutting down and abandoning module GameplayTagsEditor (144)
[2014.07.20-12.15.31:009][352]LogModuleManager: Shutting down and abandoning module UserFeedback (143)
[2014.07.20-12.15.31:009][352]LogModuleManager: Shutting down and abandoning module XmlParser (142)
[2014.07.20-12.15.31:009][352]LogModuleManager: Shutting down and abandoning module Blutility (141)
[2014.07.20-12.15.31:009][352]LogModuleManager: Shutting down and abandoning module AndroidPlatformEditor (138)
[2014.07.20-12.15.31:009][352]LogModuleManager: Shutting down and abandoning module AndroidRuntimeSettings (137)
[2014.07.20-12.15.31:009][352]LogModuleManager: Shutting down and abandoning module ProjectSettingsViewer (136)
[2014.07.20-12.15.31:009][352]LogModuleManager: Shutting down and abandoning module InputBindingEditor (135)
[2014.07.20-12.15.31:009][352]LogModuleManager: Shutting down and abandoning module EditorSettingsViewer (134)
[2014.07.20-12.15.31:009][352]LogModuleManager: Shutting down and abandoning module SettingsEditor (133)
[2014.07.20-12.15.31:009][352]LogModuleManager: Shutting down and abandoning module SessionLauncher (132)
[2014.07.20-12.15.31:009][352]LogModuleManager: Shutting down and abandoning module SessionFrontend (131)
[2014.07.20-12.15.31:009][352]LogModuleManager: Shutting down and abandoning module ProfilerClient (130)
[2014.07.20-12.15.31:009][352]LogModuleManager: Shutting down and abandoning module TargetDeviceServices (129)
[2014.07.20-12.15.31:010][352]LogModuleManager: Shutting down and abandoning module DeviceManager (128)
[2014.07.20-12.15.31:010][352]LogModuleManager: Shutting down and abandoning module AutomationController (127)
[2014.07.20-12.15.31:010][352]LogModuleManager: Shutting down and abandoning module AutomationWindow (126)
[2014.07.20-12.15.31:010][352]LogModuleManager: Shutting down and abandoning module Layers (125)
[2014.07.20-12.15.31:010][352]LogModuleManager: Shutting down and abandoning module ComponentVisualizers (124)
[2014.07.20-12.15.31:010][352]LogModuleManager: Shutting down and abandoning module DetailCustomizations (123)
[2014.07.20-12.15.31:010][352]LogModuleManager: Shutting down and abandoning module PackagesDialog (122)
[2014.07.20-12.15.31:010][352]LogModuleManager: Shutting down and abandoning module DirectoryWatcher (121)
[2014.07.20-12.15.31:010][352]LogModuleManager: Shutting down and abandoning module AssetRegistry (120)
[2014.07.20-12.15.31:103][352]LogModuleManager: Shutting down and abandoning module Persona (119)
[2014.07.20-12.15.31:103][352]LogModuleManager: Shutting down and abandoning module GraphEditor (118)
[2014.07.20-12.15.31:103][352]LogModuleManager: Shutting down and abandoning module ContentBrowser (117)
[2014.07.20-12.15.31:103][352]LogModuleManager: Shutting down and abandoning module ClassViewer (116)
[2014.07.20-12.15.31:103][352]LogModuleManager: Shutting down and abandoning module Toolbox (115)
[2014.07.20-12.15.31:103][352]LogModuleManager: Shutting down and abandoning module ModuleUI (114)
[2014.07.20-12.15.31:103][352]LogModuleManager: Shutting down and abandoning module Sequencer (113)
[2014.07.20-12.15.31:103][352]LogModuleManager: Shutting down and abandoning module MovieSceneTools (112)
[2014.07.20-12.15.31:103][352]LogModuleManager: Shutting down and abandoning module OutputLog (111)
[2014.07.20-12.15.31:103][352]LogModuleManager: Shutting down and abandoning module GammaUI (110)
[2014.07.20-12.15.31:103][352]LogModuleManager: Shutting down and abandoning module Documentation (109)
[2014.07.20-12.15.31:103][352]LogModuleManager: Shutting down and abandoning module StreamingPauseRendering (108)
[2014.07.20-12.15.31:103][352]LogModuleManager: Shutting down and abandoning module AnalyticsET (107)
[2014.07.20-12.15.31:103][352]LogModuleManager: Shutting down and abandoning module Analytics (106)
[2014.07.20-12.15.31:103][352]LogModuleManager: Shutting down and abandoning module ProfilerService (105)
[2014.07.20-12.15.31:353][352]LogModuleManager: Shutting down and abandoning module TaskGraph (104)
[2014.07.20-12.15.31:353][352]LogModuleManager: Shutting down and abandoning module GameProjectGeneration (103)
[2014.07.20-12.15.31:353][352]LogModuleManager: Shutting down and abandoning module Matinee (102)
[2014.07.20-12.15.31:353][352]LogModuleManager: Shutting down and abandoning module Kismet (101)
[2014.07.20-12.15.31:353][352]LogModuleManager: Shutting down and abandoning module SlateReflector (100)
[2014.07.20-12.15.31:353][352]LogModuleManager: Shutting down and abandoning module LevelEditor (99)
[2014.07.20-12.15.31:354][352]LogModuleManager: Shutting down and abandoning module MainFrame (98)
[2014.07.20-12.15.31:354][352]LogModuleManager: Shutting down and abandoning module SourceControl (97)
[2014.07.20-12.15.31:354][352]LogModuleManager: Shutting down and abandoning module ImageWrapper (96)
[2014.07.20-12.15.31:354][352]LogModuleManager: Shutting down and abandoning module OnlineBlueprintSupport (95)
[2014.07.20-12.15.31:354][352]LogModuleManager: Shutting down and abandoning module PropertyEditor (94)
[2014.07.20-12.15.31:354][352]LogModuleManager: Shutting down and abandoning module AssetTools (93)
[2014.07.20-12.15.31:354][352]LogModuleManager: Shutting down and abandoning module BehaviorTreeEditor (92)
[2014.07.20-12.15.31:354][352]LogModuleManager: Shutting down and abandoning module FunctionalTesting (91)
[2014.07.20-12.15.31:354][352]LogModuleManager: Shutting down and abandoning module CollisionAnalyzer (90)
[2014.07.20-12.15.31:354][352]LogModuleManager: Shutting down and abandoning module WorkspaceMenuStructure (89)
[2014.07.20-12.15.31:354][352]LogModuleManager: Shutting down and abandoning module MessageLog (88)
[2014.07.20-12.15.31:354][352]LogModuleManager: Shutting down and abandoning module Slate (87)
[2014.07.20-12.15.31:354][352]LogModuleManager: Shutting down and abandoning module EditorStyle (86)
[2014.07.20-12.15.31:355][352]LogModuleManager: Shutting down and abandoning module SessionServices (85)
[2014.07.20-12.15.31:355][352]LogModuleManager: Shutting down and abandoning module Messaging (84)
[2014.07.20-12.15.31:355][352]LogModuleManager: Shutting down and abandoning module SourceCodeAccess (83)
[2014.07.20-12.15.31:355][352]LogModuleManager: Shutting down and abandoning module HeadMountedDisplay (82)
[2014.07.20-12.15.31:355][352]LogModuleManager: Shutting down and abandoning module XAudio2 (81)
[2014.07.20-12.15.31:355][352]LogModuleManager: Shutting down and abandoning module Networking (79)
[2014.07.20-12.15.31:355][352]LogModuleManager: Shutting down and abandoning module Core (78)
[2014.07.20-12.15.31:355][352]LogModuleManager: Shutting down and abandoning module KismetCompiler (77)
[2014.07.20-12.15.31:355][352]LogModuleManager: Shutting down and abandoning module PhysXFormats (76)
[2014.07.20-12.15.31:355][352]LogModuleManager: Shutting down and abandoning module SimplygonMeshReduction (75)
[2014.07.20-12.15.31:355][352]LogModuleManager: Shutting down and abandoning module MeshUtilities (74)
[2014.07.20-12.15.31:355][352]LogModuleManager: Shutting down and abandoning module DerivedDataCache (73)
[2014.07.20-12.15.31:414][352]LogDerivedDataCache: Shutdown
[2014.07.20-12.15.31:414][352]LogModuleManager: Shutting down and abandoning module ShaderFormatOpenGL (72)
[2014.07.20-12.15.31:414][352]LogModuleManager: Shutting down and abandoning module ShaderFormatD3D (71)
[2014.07.20-12.15.31:414][352]LogModuleManager: Shutting down and abandoning module TextureFormatUncompressed (70)
[2014.07.20-12.15.31:414][352]LogModuleManager: Shutting down and abandoning module TextureFormatPVR (69)
[2014.07.20-12.15.31:414][352]LogModuleManager: Shutting down and abandoning module TextureFormatDXT (68)
[2014.07.20-12.15.31:414][352]LogModuleManager: Shutting down and abandoning module TextureFormatAndroid (67)
[2014.07.20-12.15.31:414][352]LogModuleManager: Shutting down and abandoning module AudioFormatOpus (66)
[2014.07.20-12.15.31:414][352]LogModuleManager: Shutting down and abandoning module AudioFormatOgg (65)
[2014.07.20-12.15.31:414][352]LogModuleManager: Shutting down and abandoning module AudioFormatADPCM (64)
[2014.07.20-12.15.31:414][352]LogModuleManager: Shutting down and abandoning module Android_PVRTCTargetPlatform (63)
[2014.07.20-12.15.31:414][352]LogModuleManager: Shutting down and abandoning module Android_ETC2TargetPlatform (62)
[2014.07.20-12.15.31:414][352]LogModuleManager: Shutting down and abandoning module Android_ETC1TargetPlatform (61)
[2014.07.20-12.15.31:414][352]LogModuleManager: Shutting down and abandoning module Android_DXTTargetPlatform (60)
[2014.07.20-12.15.31:414][352]LogModuleManager: Shutting down and abandoning module Android_ATCTargetPlatform (59)
[2014.07.20-12.15.31:414][352]LogModuleManager: Shutting down and abandoning module AndroidTargetPlatform (58)
[2014.07.20-12.15.31:414][352]LogModuleManager: Shutting down and abandoning module WindowsTargetPlatform (57)
[2014.07.20-12.15.31:414][352]LogModuleManager: Shutting down and abandoning module WindowsServerTargetPlatform (56)
[2014.07.20-12.15.31:414][352]LogModuleManager: Shutting down and abandoning module WindowsNoEditorTargetPlatform (55)
[2014.07.20-12.15.31:414][352]LogModuleManager: Shutting down and abandoning module WindowsClientTargetPlatform (54)
[2014.07.20-12.15.31:414][352]LogModuleManager: Shutting down and abandoning module TargetPlatform (53)
[2014.07.20-12.15.31:414][352]LogModuleManager: Shutting down and abandoning module InputCore (52)
[2014.07.20-12.15.31:414][352]LogModuleManager: Shutting down and abandoning module Settings (51)
[2014.07.20-12.15.31:414][352]LogModuleManager: Shutting down and abandoning module TextureCompressor (48)
[2014.07.20-12.15.31:414][352]LogModuleManager: Shutting down and abandoning module ShaderCore (47)
[2014.07.20-12.15.31:414][352]LogModuleManager: Shutting down and abandoning module OpenGLDrv (46)
[2014.07.20-12.15.31:414][352]LogModuleManager: Shutting down and abandoning module D3D11RHI (45)
[2014.07.20-12.15.31:414][352]LogModuleManager: Shutting down and abandoning module SlateRHIRenderer (44)
[2014.07.20-12.15.31:414][352]LogModuleManager: Shutting down and abandoning module Renderer (43)
[2014.07.20-12.15.31:414][352]LogModuleManager: Shutting down and abandoning module Engine (42)
[2014.07.20-12.15.31:414][352]LogModuleManager: Shutting down and abandoning module SlateRemote (41)
[2014.07.20-12.15.31:414][352]LogModuleManager: Shutting down and abandoning module ScriptPlugin (40)
[2014.07.20-12.15.31:414][352]LogModuleManager: Shutting down and abandoning module ScriptEditorPlugin (38)
[2014.07.20-12.15.31:414][352]LogModuleManager: Shutting down and abandoning module WindowsMoviePlayer (37)
[2014.07.20-12.15.31:417][352]LogModuleManager: Shutting down and abandoning module ExampleDeviceProfileSelector (32)
[2014.07.20-12.15.31:417][352]LogModuleManager: Shutting down and abandoning module CustomMeshComponent (31)
[2014.07.20-12.15.31:417][352]LogModuleManager: Shutting down and abandoning module CableComponent (30)
[2014.07.20-12.15.31:417][352]LogModuleManager: Shutting down and abandoning module OculusRift (26)
[2014.07.20-12.15.31:417][352]LogModuleManager: Shutting down and abandoning module UdpMessaging (25)
[2014.07.20-12.15.31:517][352]LogModuleManager: Shutting down and abandoning module MessagingDebugger (24)
[2014.07.20-12.15.31:517][352]LogModuleManager: Shutting down and abandoning module PluginsEditor (14)
[2014.07.20-12.15.31:517][352]LogModuleManager: Shutting down and abandoning module IntroTutorials (13)
[2014.07.20-12.15.31:517][352]LogModuleManager: Shutting down and abandoning module EpicSurvey (12)
[2014.07.20-12.15.31:517][352]LogModuleManager: Shutting down and abandoning module VisualStudioSourceCodeAccess (10)
[2014.07.20-12.15.31:517][352]LogModuleManager: Shutting down and abandoning module UObjectPlugin (9)
[2014.07.20-12.15.31:517][352]LogModuleManager: Shutting down and abandoning module SubversionSourceControl (8)
[2014.07.20-12.15.31:517][352]LogModuleManager: Shutting down and abandoning module PerforceSourceControl (7)
[2014.07.20-12.15.31:517][352]LogModuleManager: Shutting down and abandoning module BlankPlugin (6)
[2014.07.20-12.15.31:517][352]LogModuleManager: Shutting down and abandoning module CoreUObject (5)
[2014.07.20-12.15.31:517][352]LogModuleManager: Shutting down and abandoning module NetworkFile (4)
[2014.07.20-12.15.31:517][352]LogModuleManager: Shutting down and abandoning module StreamingFile (3)
[2014.07.20-12.15.31:517][352]LogModuleManager: Shutting down and abandoning module SandboxFile (2)
[2014.07.20-12.15.31:517][352]LogModuleManager: Shutting down and abandoning module PakFile (1)
[2014.07.20-12.15.31:518][352]LogExit: Exiting.
[2014.07.20-12.15.31:524][352]Log file closed, 07/20/14 14:15:31
