Log file open, 07/21/14 23:58:38
LogInit:Display: Running engine for game: MyProject3
LogInit: Version: 4.3.0-2215663+++depot+UE4-Releases+4.3
LogInit: API Version: 2215663
LogInit: Compiled (64-bit): Jul 14 2014 22:23:33
LogInit: Build Configuration: Development
LogInit: Branch Name: ++depot+UE4-Releases+4.3
LogInit: Command line:  
LogInit: Base directory: E:/Unreal Engine/4.3/Engine/Binaries/Win64/
LogInit: Rocket: 1
[2014.07.21-21.58.38:711][  0]LogTaskGraph: Started task graph with 3 named threads and 6 total threads.
[2014.07.21-21.58.38:755][  0]LogOnline:Warning: No default platform service specified for OnlineSubsystem
[2014.07.21-21.58.38:761][  0]LogInit: Presizing for 0 objects not considered by GC, pre-allocating 0 bytes.
[2014.07.21-21.58.38:767][  0]LogInit: Object subsystem initialized
[2014.07.21-21.58.38:768][  0]LogInit: Selected Device Profile: [Windows]
[2014.07.21-21.58.38:768][  0]LogInit: Applying CVar settings loaded from the selected device profile: [Windows]
[2014.07.21-21.58.38:771][  0]LogInit: Computer: SPAEHLING-PC
[2014.07.21-21.58.38:771][  0]LogInit: User: Spaehling
[2014.07.21-21.58.38:772][  0]LogInit: CPU Page size=4096, Cores=6
[2014.07.21-21.58.38:772][  0]LogInit: High frequency timer resolution =3.126962 MHz
[2014.07.21-21.58.38:772][  0]LogMemory: Memory total: Physical=64.0GB (64GB approx) Virtual=8192.0GB
[2014.07.21-21.58.38:772][  0]LogMemory: Platform Memory Stats for Windows
[2014.07.21-21.58.38:772][  0]LogMemory: Process Physical Memory: 65.03 MB used, 65.03 MB peak
[2014.07.21-21.58.38:772][  0]LogMemory: Process Virtual Memory: 41.69 MB used, 41.69 MB peak
[2014.07.21-21.58.38:772][  0]LogMemory: Physical Memory: 6662.22 MB used, 65486.15 MB total
[2014.07.21-21.58.38:772][  0]LogMemory: Virtual Memory: 251.34 MB used, 8388608.00 MB total
[2014.07.21-21.58.38:801][  0]LogD3D11RHI: Found D3D11 adapter 0: NVIDIA GeForce GTX 690 (Feature Level 11_0)
[2014.07.21-21.58.38:801][  0]LogD3D11RHI: Adapter has 1990MB of dedicated video memory, 0MB of dedicated system memory, and 2048MB of shared system memory, 1 output[s]
[2014.07.21-21.58.38:820][  0]LogD3D11RHI: Found D3D11 adapter 1: NVIDIA GeForce GTX 690 (Feature Level 11_0)
[2014.07.21-21.58.38:820][  0]LogD3D11RHI: Adapter has 1990MB of dedicated video memory, 0MB of dedicated system memory, and 2048MB of shared system memory, 1 output[s]
[2014.07.21-21.58.38:820][  0]LogD3D11RHI: Chosen D3D11 Adapter Id = 0
[2014.07.21-21.58.38:825][  0]LogRHI: Texture pool is 1361 MB (70% of 1945 MB)
[2014.07.21-21.58.38:833][  0]LogD3D11RHI: Async texture creation enabled
[2014.07.21-21.58.38:876][  0]LogTextLocalizationManager:Warning: The selected culture 'de_DE' is not available; falling back to 'en'
[2014.07.21-21.58.38:936][  0]LogContentStreaming: Texture pool size is 0.000000MB
[2014.07.21-21.58.39:509][  0]LogTargetPlatformManager:Display: Building Assets For Windows
[2014.07.21-21.58.39:581][  0]LogTargetPlatformManager:Display: Building Assets For Windows
[2014.07.21-21.58.39:608][  0]LogDerivedDataCache:Display: Max Cache Size: 512 MB
[2014.07.21-21.58.39:647][  0]LogDerivedDataCache: Loaded boot cache 0.04s 39MB C:/Users/Spaehling/AppData/Local/UnrealEngine/4.3/DerivedDataCache/Boot.ddc.
[2014.07.21-21.58.39:647][  0]LogDerivedDataCache:Display: Loaded Boot cache: C:/Users/Spaehling/AppData/Local/UnrealEngine/4.3/DerivedDataCache/Boot.ddc
[2014.07.21-21.58.39:647][  0]LogDerivedDataCache: FDerivedDataBackendGraph:  Pak pak cache file D:/UDK4 Projects/Waagenbau/DerivedDataCache/DDC.ddp not found, will not use a pak cache.
[2014.07.21-21.58.39:647][  0]LogDerivedDataCache: Unable to find inner node Pak for hierarchical cache Hierarchy.
[2014.07.21-21.58.39:662][  0]LogDerivedDataCache:Display: Pak cache opened for reading ../../../Engine/DerivedDataCache/DDC.ddp.
[2014.07.21-21.58.39:674][  0]LogDerivedDataCache: Using Local data cache path C:/Users/Spaehling/AppData/Local/UnrealEngine/4.3/DerivedDataCache: Writable
[2014.07.21-21.58.39:796][  0]LogMeshUtilities: No automatic mesh reduction module available
[2014.07.21-21.58.39:796][  0]LogMeshUtilities: No automatic mesh merging module available
[2014.07.21-21.58.40:067][  0]LogInit: WinSock: version 1.1 (2.2), MaxSocks=32767, MaxUdp=65467
[2014.07.21-21.58.40:612][  0]LogLinker:Warning: Asset '../../../Engine/Plugins/Experimental/Paper2D/Content/DefaultPaperTerrainMaterial.uasset' has been saved with empty engine version. The asset will be loaded but may be incompatible.
[2014.07.21-21.58.40:612][  0]LogLinker:Warning: Asset '../../../Engine/Plugins/Experimental/Paper2D/Content/DummySprite.uasset' has been saved with empty engine version. The asset will be loaded but may be incompatible.
[2014.07.21-21.58.40:613][  0]UdpMessaging: Initializing bridge on interface 0.0.0.0:0 to multicast group 230.0.0.1:6666.
[2014.07.21-21.58.40:680][  0]SourceControl: Info Source control is disabled
[2014.07.21-21.58.40:680][  0]SourceControl: Info Source control is disabled
[2014.07.21-21.58.40:684][  0]SourceControl: Info Source control is disabled
[2014.07.21-21.58.40:771][  0]BlueprintLog: New page: Editor Load
[2014.07.21-21.58.40:799][  0]LogObj: 20265 objects as part of root set at end of initial load.
[2014.07.21-21.58.40:800][  0]LogUObjectAllocator: 4015024 out of 0 bytes used by permanent object pool.
[2014.07.21-21.58.40:925][  0]LogEngine: Initializing Engine...
[2014.07.21-21.58.41:019][  0]LogInit: XAudio2 using 'Lautsprecher (Corsair Vengeance 2000 Headset)' : 8 channels at 44.1 kHz using 16 bits per sample (channel mask 0x63f)
[2014.07.21-21.58.41:026][  0]LogInit: FAudioDevice initialized.
[2014.07.21-21.58.41:037][  0]LogAIModule: Creating AISystem for world NewWorld
[2014.07.21-21.58.41:055][  0]LogDerivedDataCache: Saved boot cache 0.02s 39MB C:/Users/Spaehling/AppData/Local/UnrealEngine/4.3/DerivedDataCache/Boot.ddc.
[2014.07.21-21.58.41:060][  0]LogInit: Texture streaming: Enabled
[2014.07.21-21.58.41:078][  0]LogInit: Transaction tracking system initialized
[2014.07.21-21.58.41:141][  0]LogAssetRegistry: FAssetRegistry took 0.0096 seconds to start up
[2014.07.21-21.58.41:238][  0]LogTargetPlatformManager:Display: Building Assets For Windows
[2014.07.21-21.58.41:262][  0]LogTargetPlatformManager:Display: Building Assets For Windows
[2014.07.21-21.58.41:331][  0]LogConsoleResponse:Display: 
[2014.07.21-21.58.41:439][  0]SourceControl: Info Source control is disabled
[2014.07.21-21.58.41:439][  0]Cmd: MAP LOAD FILE="D:/UDK4 Projects/Waagenbau/Content/Maps/waagenbau.umap" TEMPLATE=0 SHOWPROGRESS=1
[2014.07.21-21.58.41:439][  0]LightingResults: New page: Lighting Build
[2014.07.21-21.58.41:444][  0]MapCheck: New page: Map Check
[2014.07.21-21.58.41:444][  0]LightingResults: New page: Lighting Build
[2014.07.21-21.58.41:449][  0]LogParticles: Destroying 0 GPU particle simulations for FXSystem 0x00000000104BD440
[2014.07.21-21.58.42:795][  0]LogBlueprint:Warning: Node '/Game/Blueprints/Assets/Cigarettes.cigarettes:UserConstructionScript.K2Node_VariableGet_424' missing NodeGuid.
[2014.07.21-21.58.43:265][  0]LogBlueprintUserMessages:Warning: SetTimer passed a bad function () or object (DiscoLight_1_C_19)
[2014.07.21-21.58.43:266][  0]LogBlueprintUserMessages:Warning: SetTimer passed a bad function () or object (DiscoLight_1_C_24)
[2014.07.21-21.58.43:267][  0]LogBlueprintUserMessages:Warning: SetTimer passed a bad function () or object (DiscoLight_1_C_25)
[2014.07.21-21.58.43:267][  0]LogBlueprintUserMessages:Warning: SetTimer passed a bad function () or object (DiscoLight_1_C_26)
[2014.07.21-21.58.43:268][  0]LogBlueprintUserMessages:Warning: SetTimer passed a bad function () or object (DiscoLight_1_C_27)
[2014.07.21-21.58.43:269][  0]LogBlueprintUserMessages:Warning: SetTimer passed a bad function () or object (DiscoLight_1_C_28)
[2014.07.21-21.58.43:269][  0]LogBlueprintUserMessages:Warning: SetTimer passed a bad function () or object (DiscoLight_1_C_29)
[2014.07.21-21.58.43:270][  0]LogBlueprintUserMessages:Warning: SetTimer passed a bad function () or object (DiscoLight_1_C_30)
[2014.07.21-21.58.43:271][  0]LogBlueprintUserMessages:Warning: SetTimer passed a bad function () or object (DiscoLight_1_C_31)
[2014.07.21-21.58.43:271][  0]LogBlueprintUserMessages:Warning: SetTimer passed a bad function () or object (DiscoLight_1_C_32)
[2014.07.21-21.58.43:272][  0]LogBlueprintUserMessages:Warning: SetTimer passed a bad function () or object (DiscoLight_1_C_33)
[2014.07.21-21.58.43:273][  0]LogBlueprintUserMessages:Warning: SetTimer passed a bad function () or object (DiscoLight_1_C_34)
[2014.07.21-21.58.43:273][  0]LogBlueprintUserMessages:Warning: SetTimer passed a bad function () or object (DiscoLight_1_C_35)
[2014.07.21-21.58.43:274][  0]LogBlueprintUserMessages:Warning: SetTimer passed a bad function () or object (DiscoLight_1_C_36)
[2014.07.21-21.58.43:275][  0]LogBlueprintUserMessages:Warning: SetTimer passed a bad function () or object (DiscoLight_1_C_37)
[2014.07.21-21.58.43:275][  0]LogBlueprintUserMessages:Warning: SetTimer passed a bad function () or object (DiscoLight_1_C_38)
[2014.07.21-21.58.43:276][  0]LogBlueprintUserMessages:Warning: SetTimer passed a bad function () or object (DiscoLight_1_C_39)
[2014.07.21-21.58.43:277][  0]LogBlueprintUserMessages:Warning: SetTimer passed a bad function () or object (DiscoLight_1_C_40)
[2014.07.21-21.58.43:277][  0]LogBlueprintUserMessages:Warning: SetTimer passed a bad function () or object (DiscoLight_1_C_41)
[2014.07.21-21.58.43:278][  0]LogBlueprintUserMessages:Warning: SetTimer passed a bad function () or object (DiscoLight_1_C_42)
[2014.07.21-21.58.43:279][  0]LogBlueprintUserMessages:Warning: SetTimer passed a bad function () or object (DiscoLight_1_C_43)
[2014.07.21-21.58.43:279][  0]LogBlueprintUserMessages:Warning: SetTimer passed a bad function () or object (DiscoLight_1_C_44)
[2014.07.21-21.58.43:280][  0]LogBlueprintUserMessages:Warning: SetTimer passed a bad function () or object (DiscoLight_1_C_45)
[2014.07.21-21.58.43:281][  0]LogBlueprintUserMessages:Warning: SetTimer passed a bad function () or object (WallSconce_24)
[2014.07.21-21.58.44:661][  0]LogEditorServer: Finished looking for orphan Actors (0.000 secs)
[2014.07.21-21.58.44:661][  0]LogAIModule: Creating AISystem for world waagenbau
[2014.07.21-21.58.44:661][  0]Cmd: MAP CHECKDEP
[2014.07.21-21.58.44:662][  0]MapCheck: New page: waagenbau - Jul 22, 2014, 1:58:44 AM
[2014.07.21-21.58.44:741][  0]MapCheck: Info ========== Map Check: 0 Error(s), 0 Warning(s), [79.359ms] ==========
[2014.07.21-21.58.44:741][  0]LogFileHelpers: Loading map 'waagenbau' took 3.302
[2014.07.21-21.58.44:938][  0]LogCrashTracker: Crashtracker disabled due to settings.
[2014.07.21-21.58.45:000][  0]LogLoad: Full Startup: 6.91 seconds (BP compile: 0.44 seconds)
[2014.07.21-21.58.45:132][  0]LogRenderer:Warning: Reallocating scene render targets to support 32x32.
[2014.07.21-21.58.45:190][  0]LogSlate: SRTH: 0000000026AA2380, 1156 x 853
[2014.07.21-21.58.45:231][  0]LogRenderer:Warning: Reallocating scene render targets to support 1160x856.
[2014.07.21-21.58.45:485][  1]LogEpicStorage:Warning: EnumerateFiles request failed. Invalid response. code=403 error=<?xml version="1.0" encoding="UTF-8"?>
<Error><Code>AccessDenied</Code><Message>Access Denied</Message><RequestId>C26165314B3D53AC</RequestId><HostId>OIO8u+t7Md6w6Fhfpt64BWZa8HR6PooWHqFezyUsndClt+5GMng3Y96apxs5SefS</HostId></Error>
[2014.07.21-21.58.45:548][  2]LogEpicSurvey:Warning: EnumerateFiles request failed. Invalid response. code=403 error=<?xml version="1.0" encoding="UTF-8"?>
<Error><Code>AccessDenied</Code><Message>Access Denied</Message><RequestId>8BEFDF94BDFE18E7</RequestId><HostId>czwby5JPloNTtYMYdN9wenaQII0SKkYe9lvgsyzioNgpiPyncY0Ti/jzLyo4871g</HostId></Error>
[2014.07.21-21.58.45:554][  2]LogAssetRegistry: Asset discovery search completed in 4.4234 seconds
[2014.07.21-21.58.45:584][  3]LogEpicStorage:Warning: EnumerateFiles request failed. Invalid response. code=403 error=<?xml version="1.0" encoding="UTF-8"?>
<Error><Code>AccessDenied</Code><Message>Access Denied</Message><RequestId>C26165314B3D53AC</RequestId><HostId>OIO8u+t7Md6w6Fhfpt64BWZa8HR6PooWHqFezyUsndClt+5GMng3Y96apxs5SefS</HostId></Error>
[2014.07.21-21.58.45:601][  4]LogEpicSurvey:Warning: EnumerateFiles request failed. Invalid response. code=403 error=<?xml version="1.0" encoding="UTF-8"?>
<Error><Code>AccessDenied</Code><Message>Access Denied</Message><RequestId>8BEFDF94BDFE18E7</RequestId><HostId>czwby5JPloNTtYMYdN9wenaQII0SKkYe9lvgsyzioNgpiPyncY0Ti/jzLyo4871g</HostId></Error>
[2014.07.21-21.58.45:668][  6]LogEpicSurvey:Warning: EnumerateFiles request failed. Invalid response. code=403 error=<?xml version="1.0" encoding="UTF-8"?>
<Error><Code>AccessDenied</Code><Message>Access Denied</Message><RequestId>D578CEF11386242F</RequestId><HostId>bPPVFKiHEp0g/jrggF8wD0Z5iM+AjQPKXN1ZsGJJz3646ymqBd6O6/GdtLb/aoMJ</HostId></Error>
[2014.07.21-21.58.45:752][  7]LogEpicStorage:Warning: ReadFile request failed. File request already pending for filename=http://cdn.unrealengine.com/newsfeed/blueprint_icon_b.png
[2014.07.21-21.58.45:753][  7]LogEpicStorage:Warning: ReadFile request failed. File request already pending for filename=http://cdn.unrealengine.com/newsfeed/blueprint_icon_b.png
[2014.07.21-21.58.49:006][134]LogCollectionManager: Loaded 0 collections in 0.000702 seconds
[2014.07.21-21.58.55:057][273]LogActorComponent: UnregisterComponent: (/Engine/Transient.CharacterMovementComponent_0) Not registered. Aborting.
[2014.07.21-21.58.55:812][294]LogActorComponent: UnregisterComponent: (/Engine/Transient.CharacterMovementComponent_1) Not registered. Aborting.
[2014.07.21-21.58.56:497][294]LogSavePackage: Save=480.720581ms
[2014.07.21-21.58.56:497][294]LogSavePackage: Moving 'D:/UDK4 Projects/Waagenbau/Saved/waagenbau29905EAA4A303C6F3490BEADF67CDBF1.tmp' to 'D:/UDK4 Projects/Waagenbau/Content/Maps/waagenbau.umap'
[2014.07.21-21.58.56:550][294]LogFileHelpers: Saving map 'waagenbau' took 0.633
[2014.07.21-21.58.56:578][294]Cmd: OBJ SAVEPACKAGE PACKAGE="/Game/Blueprints/Characters/BotCharacter_Male" FILE="D:/UDK4 Projects/Waagenbau/Content/Blueprints/Characters/BotCharacter_Male.uasset" SILENT=true
[2014.07.21-21.58.56:919][294]LogSavePackage: Save=333.861115ms
[2014.07.21-21.58.56:919][294]LogSavePackage: Moving 'D:/UDK4 Projects/Waagenbau/Saved/BotCharacter_Male1477E2014D2A8F70897712859DF7661F.tmp' to 'D:/UDK4 Projects/Waagenbau/Content/Blueprints/Characters/BotCharacter_Male.uasset'
[2014.07.21-21.58.58:243][350]BlueprintLog: New page: Compile BotCharacter_Male
[2014.07.21-21.58.58:309][350]LogBlueprint:Warning: [male_bot_all] CreatePinForVariable: 'Dancing High' variable not found. Base class was probably changed.
[2014.07.21-21.58.58:310][350]LogBlueprint:Warning: [female_idle_walk_run] CreatePinForVariable: 'Dancing High' variable not found. Base class was probably changed.
[2014.07.21-21.58.58:311][350]LogOutputDevice:Warning: 

Script Stack:
male_bot_all_C.ExecuteUbergraph_male_bot_all
male_bot_all_C.BlueprintUpdateAnimation

[2014.07.21-21.58.58:393][350]LogWindows:Error: appError called: Assertion failed: Result [File:D:\BuildFarm\buildmachine_++depot+UE4-Releases+4.3\Engine\Source\Runtime\CoreUObject\Public\UObject\Stack.h] [Line: 220]

Stack:
Address = 0xea18f996 (filename not found) [in E:\Unreal Engine\4.3\Engine\Binaries\Win64\UE4Editor-Core.dll]
Address = 0xea03fde5 (filename not found) [in E:\Unreal Engine\4.3\Engine\Binaries\Win64\UE4Editor-Core.dll]
Address = 0xe9d16bba (filename not found) [in E:\Unreal Engine\4.3\Engine\Binaries\Win64\UE4Editor-CoreUObject.dll]
Address = 0xe9d02272 (filename not found) [in E:\Unreal Engine\4.3\Engine\Binaries\Win64\UE4Editor-CoreUObject.dll]
Address = 0xe9d172e7 (filename not found) [in E:\Unreal Engine\4.3\Engine\Binaries\Win64\UE4Editor-CoreUObject.dll]
Address = 0xe9d035db (filename not found) [in E:\Unreal Engine\4.3\Engine\Binaries\Win64\UE4Editor-CoreUObject.dll]
Address = 0xe9cf4708 (filename not found) [in E:\Unreal Engine\4.3\Engine\Binaries\Win64\UE4Editor-CoreUObject.dll]
Address = 0xe9d035db (filename not found) [in E:\Unreal Engine\4.3\Engine\Binaries\Win64\UE4Editor-CoreUObject.dll]
Address = 0xe9d02e30 (filename not found) [in E:\Unreal Engine\4.3\Engine\Binaries\Win64\UE4Editor-CoreUObject.dll]
Address = 0xe855fb34 (filename not found) [in E:\Unreal Engine\4.3\Engine\Binaries\Win64\UE4Editor-Engine.dll]
Address = 0xe8077c25 (filename not found) [in E:\Unreal Engine\4.3\Engine\Binaries\Win64\UE4Editor-Engine.dll]
Address = 0xe7cf4f2b (filename not found) [in E:\Unreal Engine\4.3\Engine\Binaries\Win64\UE4Editor-Engine.dll]
Address = 0xe7cde8e6 (filename not found) [in E:\Unreal Engine\4.3\Engine\Binaries\Win64\UE4Editor-Engine.dll]
Address = 0xe7ce28bc (filename not found) [in E:\Unreal Engine\4.3\Engine\Binaries\Win64\UE4Editor-Engine.dll]
Address = 0xe77dbe60 (filename not found) [in E:\Unreal Engine\4.3\Engine\Binaries\Win64\UE4Editor-Engine.dll]
Address = 0xe77fc735 (filename not found) [in E:\Unreal Engine\4.3\Engine\Binaries\Win64\UE4Editor-Engine.dll]
Address = 0xe77fbf36 (filename not found) [in E:\Unreal Engine\4.3\Engine\Binaries\Win64\UE4Editor-Engine.dll]
Address = 0xe77f9866 (filename not found) [in E:\Unreal Engine\4.3\Engine\Binaries\Win64\UE4Editor-Engine.dll]
Address = 0xe7b24749 (filename not found) [in E:\Unreal Engine\4.3\Engine\Binaries\Win64\UE4Editor-Engine.dll]
Address = 0xe64eda6d (filename not found) [in E:\Unreal Engine\4.3\Engine\Binaries\Win64\UE4Editor-UnrealEd.dll]
Address = 0xe64e7b99 (filename not found) [in E:\Unreal Engine\4.3\Engine\Binaries\Win64\UE4Editor-UnrealEd.dll]
Address = 0xe64c444c (filename not found) [in E:\Unreal Engine\4.3\Engine\Binaries\Win64\UE4Editor-UnrealEd.dll]
Address = 0xe3efa207 (filename not found) [in E:\Unreal Engine\4.3\Engine\Binaries\Win64\UE4Editor-Kismet.dll]
Address = 0xe3f316cd (filename not found) [in E:\Unreal Engine\4.3\Engine\Binaries\Win64\UE4Editor-Kismet.dll]
Address = 0xe3f36227 (filename not found) [in E:\Unreal Engine\4.3\Engine\Binaries\Win64\UE4Editor-Kismet.dll]
Address = 0xe70fd936 (filename not found) [in E:\Unreal Engine\4.3\Engine\Binaries\Win64\UE4Editor-Slate.dll]
Address = 0xe719f8dd (filename not found) [in E:\Unreal Engine\4.3\Engine\Binaries\Win64\UE4Editor-Slate.dll]
Address = 0xe718680c (filename not found) [in E:\Unreal Engine\4.3\Engine\Binaries\Win64\UE4Editor-Slate.dll]
Address = 0xe72f081a (filename not found) [in E:\Unreal Engine\4.3\Engine\Binaries\Win64\UE4Editor-Slate.dll]
Address = 0xe7310949 (filename not found) [in E:\Unreal Engine\4.3\Engine\Binaries\Win64\UE4Editor-Slate.dll]
Address = 0xe711f939 (filename not found) [in E:\Unreal Engine\4.3\Engine\Binaries\Win64\UE4Editor-Slate.dll]
Address = 0xe71159b9 (filename not found) [in E:\Unreal Engine\4.3\Engine\Binaries\Win64\UE4Editor-Slate.dll]
Address = 0xea1792cd (filename not found) [in E:\Unreal Engine\4.3\Engine\Binaries\Win64\UE4Editor-Core.dll]
Address = 0xea168df1 (filename not found) [in E:\Unreal Engine\4.3\Engine\Binaries\Win64\UE4Editor-Core.dll]
Address = 0xea17a38f (filename not found) [in E:\Unreal Engine\4.3\Engine\Binaries\Win64\UE4Editor-C
[2014.07.21-21.58.58:393][350]LogWindows:Error: Windows GetLastError: Der Vorgang wurde erfolgreich beendet. (0)
[2014.07.21-21.58.58:393][350]LogCrashTracker: 


[2014.07.21-21.58.58:534][350]LogCrashTracker: 


[2014.07.21-21.58.58:534][350]LogWindows: === Critical error: ===


[2014.07.21-21.58.58:534][350]LogWindows: Assertion failed: Result [File:D:\BuildFarm\buildmachine_++depot+UE4-Releases+4.3\Engine\Source\Runtime\CoreUObject\Public\UObject\Stack.h] [Line: 220]

Stack:
Address = 0xea18f996 (filename not found) [in E:\Unreal Engine\4.3\Engine\Binaries\Win64\UE4Editor-Core.dll]
Address = 0xea03fde5 (filename not found) [in E:\Unreal Engine\4.3\Engine\Binaries\Win64\UE4Editor-Core.dll]
Address = 0xe9d16bba (filename not found) [in E:\Unreal Engine\4.3\Engine\Binaries\Win64\UE4Editor-CoreUObject.dll]
Address = 0xe9d02272 (filename not found) [in E:\Unreal Engine\4.3\Engine\Binaries\Win64\UE4Editor-CoreUObject.dll]
Address = 0xe9d172e7 (filename not found) [in E:\Unreal Engine\4.3\Engine\Binaries\Win64\UE4Editor-CoreUObject.dll]
Address = 0xe9d035db (filename not found) [in E:\Unreal Engine\4.3\Engine\Binaries\Win64\UE4Editor-CoreUObject.dll]
Address = 0xe9cf4708 (filename not found) [in E:\Unreal Engine\4.3\Engine\Binaries\Win64\UE4Editor-CoreUObject.dll]
Address = 0xe9d035db (filename not found) [in E:\Unreal Engine\4.3\Engine\Binaries\Win64\UE4Editor-CoreUObject.dll]
Address = 0xe9d02e30 (filename not found) [in E:\Unreal Engine\4.3\Engine\Binaries\Win64\UE4Editor-CoreUObject.dll]
Address = 0xe855fb34 (filename not found) [in E:\Unreal Engine\4.3\Engine\Binaries\Win64\UE4Editor-Engine.dll]
Address = 0xe8077c25 (filename not found) [in E:\Unreal Engine\4.3\Engine\Binaries\Win64\UE4Editor-Engine.dll]
Address = 0xe7cf4f2b (filename not found) [in E:\Unreal Engine\4.3\Engine\Binaries\Win64\UE4Editor-Engine.dll]
Address = 0xe7cde8e6 (filename not found) [in E:\Unreal Engine\4.3\Engine\Binaries\Win64\UE4Editor-Engine.dll]
Address = 0xe7ce28bc (filename not found) [in E:\Unreal Engine\4.3\Engine\Binaries\Win64\UE4Editor-Engine.dll]
Address = 0xe77dbe60 (filename not found) [in E:\Unreal Engine\4.3\Engine\Binaries\Win64\UE4Editor-Engine.dll]
Address = 0xe77fc735 (filename not found) [in E:\Unreal Engine\4.3\Engine\Binaries\Win64\UE4Editor-Engine.dll]
Address = 0xe77fbf36 (filename not found) [in E:\Unreal Engine\4.3\Engine\Binaries\Win64\UE4Editor-Engine.dll]
Address = 0xe77f9866 (filename not found) [in E:\Unreal Engine\4.3\Engine\Binaries\Win64\UE4Editor-Engine.dll]
Address = 0xe7b24749 (filename not found) [in E:\Unreal Engine\4.3\Engine\Binaries\Win64\UE4Editor-Engine.dll]
Address = 0xe64eda6d (filename not found) [in E:\Unreal Engine\4.3\Engine\Binaries\Win64\UE4Editor-UnrealEd.dll]
Address = 0xe64e7b99 (filename not found) [in E:\Unreal Engine\4.3\Engine\Binaries\Win64\UE4Editor-UnrealEd.dll]
Address = 0xe64c444c (filename not found) [in E:\Unreal Engine\4.3\Engine\Binaries\Win64\UE4Editor-UnrealEd.dll]
Address = 0xe3efa207 (filename not found) [in E:\Unreal Engine\4.3\Engine\Binaries\Win64\UE4Editor-Kismet.dll]
Address = 0xe3f316cd (filename not found) [in E:\Unreal Engine\4.3\Engine\Binaries\Win64\UE4Editor-Kismet.dll]
Address = 0xe3f36227 (filename not found) [in E:\Unreal Engine\4.3\Engine\Binaries\Win64\UE4Editor-Kismet.dll]
Address = 0xe70fd936 (filename not found) [in E:\Unreal Engine\4.3\Engine\Binaries\Win64\UE4Editor-Slate.dll]
Address = 0xe719f8dd (filename not found) [in E:\Unreal Engine\4.3\Engine\Binaries\Win64\UE4Editor-Slate.dll]
Address = 0xe718680c (filename not found) [in E:\Unreal Engine\4.3\Engine\Binaries\Win64\UE4Editor-Slate.dll]
Address = 0xe72f081a (filename not found) [in E:\Unreal Engine\4.3\Engine\Binaries\Win64\UE4Editor-Slate.dll]
Address = 0xe7310949 (filename not found) [in E:\Unreal Engine\4.3\Engine\Binaries\Win64\UE4Editor-Slate.dll]
Address = 0xe711f939 (filename not found) [in E:\Unreal Engine\4.3\Engine\Binaries\Win64\UE4Editor-Slate.dll]
Address = 0xe71159b9 (filename not found) [in E:\Unreal Engine\4.3\Engine\Binaries\Win64\UE4Editor-Slate.dll]
Address = 0xea1792cd (filename not found) [in E:\Unreal Engine\4.3\Engine\Binaries\Win64\UE4Editor-Core.dll]
Address = 0xea168df1 (filename not found) [in E:\Unreal Engine\4.3\Engine\Binaries\Win64\UE4Editor-Core.dll]
Address = 0xea17a38f (filename not found) [in E:\Unreal Engine\4.3\Engine\Binaries\Win64\UE4Editor-C


[2014.07.21-21.58.58:535][350]LogExit: Executing StaticShutdownAfterError
[2014.07.21-21.58.58:551][350]LogWindows: FPlatformMisc::RequestExit(1)
[2014.07.21-21.58.58:551][350]Log file closed, 07/21/14 23:58:58
