Log file open, 07/15/14 03:24:55
LogInit:Display: Running engine for game: MyProject3
LogInit: Version: 4.2.1-2101290+++depot+UE4-Releases+4.2
LogInit: Compiled (64-bit): Jun 10 2014 22:21:56
LogInit: Build Configuration: Development
LogInit: Branch Name: ++depot+UE4-Releases+4.2
LogInit: Command line:  
LogInit: Base directory: E:/Unreal Engine/4.2/Engine/Binaries/Win64/
LogInit: Rocket: 1
[2014.07.15-01.24.55:063][  0]LogTaskGraph: Started task graph with 3 named threads and 6 total threads.
[2014.07.15-01.24.55:107][  0]LogOnline:Warning: No default platform service specified for OnlineSubsystem
[2014.07.15-01.24.55:129][  0]LogInit: Presizing for 0 objects not considered by GC, pre-allocating 0 bytes.
[2014.07.15-01.24.55:135][  0]LogInit: Object subsystem initialized
[2014.07.15-01.24.55:137][  0]LogInit: Selected Device Profile: [Windows]
[2014.07.15-01.24.55:137][  0]LogInit: Applying CVar settings loaded from the selected device profile: [Windows]
[2014.07.15-01.24.55:141][  0]LogInit: Computer: SPAEHLING-PC
[2014.07.15-01.24.55:141][  0]LogInit: User: Spaehling
[2014.07.15-01.24.55:142][  0]LogInit: CPU Page size=4096, Cores=6
[2014.07.15-01.24.55:142][  0]LogInit: High frequency timer resolution =3.126972 MHz
[2014.07.15-01.24.55:142][  0]LogMemory: Memory total: Physical=64.0GB (64GB approx) Virtual=8192.0GB
[2014.07.15-01.24.55:142][  0]LogMemory: Platform Memory Stats for Windows
[2014.07.15-01.24.55:142][  0]LogMemory: Process Physical Memory: 61.66 MB used, 61.66 MB peak
[2014.07.15-01.24.55:142][  0]LogMemory: Process Virtual Memory: 37.72 MB used, 37.86 MB peak
[2014.07.15-01.24.55:142][  0]LogMemory: Physical Memory: 9120.18 MB used, 65486.15 MB total
[2014.07.15-01.24.55:142][  0]LogMemory: Virtual Memory: 245.71 MB used, 8388608.00 MB total
[2014.07.15-01.24.55:194][  0]LogD3D11RHI: Found D3D11 adapter 0: NVIDIA GeForce GTX 690 (Feature Level 11_0)
[2014.07.15-01.24.55:194][  0]LogD3D11RHI: Adapter has 1990MB of dedicated video memory, 0MB of dedicated system memory, and 2048MB of shared system memory, 1 output[s]
[2014.07.15-01.24.55:214][  0]LogD3D11RHI: Found D3D11 adapter 1: NVIDIA GeForce GTX 690 (Feature Level 11_0)
[2014.07.15-01.24.55:214][  0]LogD3D11RHI: Adapter has 1990MB of dedicated video memory, 0MB of dedicated system memory, and 2048MB of shared system memory, 1 output[s]
[2014.07.15-01.24.55:214][  0]LogD3D11RHI: Chosen D3D11 Adapter Id = 0
[2014.07.15-01.24.55:219][  0]LogRHI: Texture pool is 1361 MB (70% of 1945 MB)
[2014.07.15-01.24.55:228][  0]LogD3D11RHI: Async texture creation enabled
[2014.07.15-01.24.55:312][  0]LogTextLocalizationManager:Warning: The selected culture 'de_DE' is not available; falling back to 'en'
[2014.07.15-01.24.55:358][  0]LogContentStreaming: Texture pool size is 0.000000MB
[2014.07.15-01.24.56:195][  0]LogTargetPlatformManager:Display: Building Assets For Windows
[2014.07.15-01.24.56:351][  0]LogTargetPlatformManager:Display: Building Assets For Windows
[2014.07.15-01.24.56:386][  0]LogDerivedDataCache:Display: Max Cache Size: 512 MB
[2014.07.15-01.24.56:421][  0]LogDerivedDataCache: Loaded boot cache 0.04s 39MB C:/Users/Spaehling/AppData/Local/UnrealEngine/4.2/DerivedDataCache/Boot.ddc.
[2014.07.15-01.24.56:421][  0]LogDerivedDataCache:Display: Loaded Boot cache: C:/Users/Spaehling/AppData/Local/UnrealEngine/4.2/DerivedDataCache/Boot.ddc
[2014.07.15-01.24.56:421][  0]LogDerivedDataCache: FDerivedDataBackendGraph:  Pak pak cache file D:/UDK4 Projects/Waagenbau/DerivedDataCache/DDC.ddp not found, will not use a pak cache.
[2014.07.15-01.24.56:421][  0]LogDerivedDataCache: Unable to find inner node Pak for hierarchical cache Hierarchy.
[2014.07.15-01.24.56:431][  0]LogDerivedDataCache:Display: Pak cache opened for reading ../../../Engine/DerivedDataCache/DDC.ddp.
[2014.07.15-01.24.56:443][  0]LogDerivedDataCache: Using Local data cache path C:/Users/Spaehling/AppData/Local/UnrealEngine/4.2/DerivedDataCache: Writable
[2014.07.15-01.24.57:150][  0]LogMeshUtilities: No automatic mesh reduction module available
[2014.07.15-01.24.57:150][  0]LogMeshUtilities: No automatic mesh merging module available
[2014.07.15-01.24.57:436][  0]LogInit: WinSock: version 1.1 (2.2), MaxSocks=32767, MaxUdp=65467
[2014.07.15-01.24.58:252][  0]LogStreaming:Warning: Failed to read file '../../../Engine/Content/Editor/Slate/Icons/ActorIcons/GroupActor_16x.png' error.
[2014.07.15-01.24.58:252][  0]LogSlate: Could not find file for Slate resource: ../../../Engine/Content/Editor/Slate/Icons/ActorIcons/GroupActor_16x.png
[2014.07.15-01.24.58:271][  0]LogStreaming:Warning: Failed to read file '../../../Engine/Content/Editor/Slate/Icons/ActorIcons/DecalActor_16x.png' error.
[2014.07.15-01.24.58:271][  0]LogSlate: Could not find file for Slate resource: ../../../Engine/Content/Editor/Slate/Icons/ActorIcons/DecalActor_16x.png
[2014.07.15-01.24.58:883][  0]UdpMessaging: Initializing bridge on interface 0.0.0.0:0 to multicast group 230.0.0.1:6666.
[2014.07.15-01.24.59:005][  0]SourceControl: Info Source control is disabled
[2014.07.15-01.24.59:005][  0]SourceControl: Info Source control is disabled
[2014.07.15-01.24.59:009][  0]SourceControl: Info Source control is disabled
[2014.07.15-01.24.59:120][  0]BlueprintLog: New page: Editor Load
[2014.07.15-01.24.59:209][  0]LogObj: 19203 objects as part of root set at end of initial load.
[2014.07.15-01.24.59:209][  0]LogUObjectAllocator: 3820576 out of 0 bytes used by permanent object pool.
[2014.07.15-01.24.59:539][  0]LogEngine: Initializing Engine...
[2014.07.15-01.24.59:643][  0]LogInit: XAudio2 using '237E4-0 (NVIDIA High Definition Audio)' : 2 channels at 48 kHz using 16 bits per sample (channel mask 0x3)
[2014.07.15-01.24.59:670][  0]LogInit: FAudioDevice initialized.
[2014.07.15-01.24.59:690][  0]LogDerivedDataCache: Saved boot cache 0.02s 39MB C:/Users/Spaehling/AppData/Local/UnrealEngine/4.2/DerivedDataCache/Boot.ddc.
[2014.07.15-01.24.59:695][  0]LogInit: Texture streaming: Enabled
[2014.07.15-01.24.59:730][  0]LogInit: Transaction tracking system initialized
[2014.07.15-01.24.59:854][  0]LogAssetRegistry: FAssetRegistry took 0.0096 seconds to start up
[2014.07.15-01.25.00:064][  0]LogModuleManager:Warning: ModuleManager: Unable to load module '' because the file was not found.
[2014.07.15-01.25.00:067][  0]LogModuleManager:Warning: ModuleManager: Unable to load module '' because the file was not found.
[2014.07.15-01.25.00:130][  0]LogConsoleResponse:Display: 
[2014.07.15-01.25.00:343][  0]SourceControl: Info Source control is disabled
[2014.07.15-01.25.00:344][  0]Cmd: MAP LOAD FILE="D:/UDK4 Projects/Waagenbau/Content/Maps/waagenbau.umap" TEMPLATE=0 SHOWPROGRESS=1 WORLDCOMPOSITION=0
[2014.07.15-01.25.00:344][  0]LightingResults: New page: Lighting Build
[2014.07.15-01.25.00:349][  0]MapCheck: New page: Map Check
[2014.07.15-01.25.00:349][  0]LightingResults: New page: Lighting Build
[2014.07.15-01.25.00:354][  0]LogParticles: Destroying 0 GPU particle simulations for FXSystem 0x0000000010D0E8E0
[2014.07.15-01.25.01:431][  0]LogBlueprint:Warning: Node '/Game/Blueprints/Assets/Cigarettes.cigarettes:UserConstructionScript.K2Node_VariableGet_424' missing NodeGuid.
[2014.07.15-01.25.01:798][  0]LogArray:Warning: Attempted to get an item from array Sounds out of bounds [0/0]!
[2014.07.15-01.25.01:803][  0]LogBlueprintUserMessages:Warning: SetTimer passed a bad function () or object (DiscoLight_1_C_0)
[2014.07.15-01.25.01:804][  0]LogBlueprintUserMessages:Warning: SetTimer passed a bad function () or object (DiscoLight_1_C_1)
[2014.07.15-01.25.01:805][  0]LogBlueprintUserMessages:Warning: SetTimer passed a bad function () or object (DiscoLight_1_C_2)
[2014.07.15-01.25.01:805][  0]LogBlueprintUserMessages:Warning: SetTimer passed a bad function () or object (DiscoLight_1_C_3)
[2014.07.15-01.25.01:806][  0]LogBlueprintUserMessages:Warning: SetTimer passed a bad function () or object (DiscoLight_1_C_4)
[2014.07.15-01.25.01:806][  0]LogBlueprintUserMessages:Warning: SetTimer passed a bad function () or object (DiscoLight_1_C_5)
[2014.07.15-01.25.01:807][  0]LogBlueprintUserMessages:Warning: SetTimer passed a bad function () or object (DiscoLight_1_C_6)
[2014.07.15-01.25.01:808][  0]LogBlueprintUserMessages:Warning: SetTimer passed a bad function () or object (DiscoLight_1_C_7)
[2014.07.15-01.25.01:808][  0]LogBlueprintUserMessages:Warning: SetTimer passed a bad function () or object (DiscoLight_1_C_8)
[2014.07.15-01.25.01:809][  0]LogBlueprintUserMessages:Warning: SetTimer passed a bad function () or object (DiscoLight_1_C_9)
[2014.07.15-01.25.01:810][  0]LogBlueprintUserMessages:Warning: SetTimer passed a bad function () or object (DiscoLight_1_C_10)
[2014.07.15-01.25.01:810][  0]LogBlueprintUserMessages:Warning: SetTimer passed a bad function () or object (DiscoLight_1_C_11)
[2014.07.15-01.25.01:811][  0]LogBlueprintUserMessages:Warning: SetTimer passed a bad function () or object (DiscoLight_1_C_12)
[2014.07.15-01.25.01:812][  0]LogBlueprintUserMessages:Warning: SetTimer passed a bad function () or object (DiscoLight_1_C_13)
[2014.07.15-01.25.01:812][  0]LogBlueprintUserMessages:Warning: SetTimer passed a bad function () or object (DiscoLight_1_C_14)
[2014.07.15-01.25.01:813][  0]LogBlueprintUserMessages:Warning: SetTimer passed a bad function () or object (DiscoLight_1_C_15)
[2014.07.15-01.25.01:814][  0]LogBlueprintUserMessages:Warning: SetTimer passed a bad function () or object (DiscoLight_1_C_16)
[2014.07.15-01.25.01:814][  0]LogBlueprintUserMessages:Warning: SetTimer passed a bad function () or object (DiscoLight_1_C_17)
[2014.07.15-01.25.01:815][  0]LogBlueprintUserMessages:Warning: SetTimer passed a bad function () or object (DiscoLight_1_C_18)
[2014.07.15-01.25.01:816][  0]LogBlueprintUserMessages:Warning: SetTimer passed a bad function () or object (DiscoLight_1_C_20)
[2014.07.15-01.25.01:816][  0]LogBlueprintUserMessages:Warning: SetTimer passed a bad function () or object (DiscoLight_1_C_21)
[2014.07.15-01.25.01:817][  0]LogBlueprintUserMessages:Warning: SetTimer passed a bad function () or object (DiscoLight_1_C_22)
[2014.07.15-01.25.01:818][  0]LogBlueprintUserMessages:Warning: SetTimer passed a bad function () or object (DiscoLight_1_C_23)
[2014.07.15-01.25.01:914][  0]LogEditorServer: Finished looking for orphan Actors (0.000 secs)
[2014.07.15-01.25.01:915][  0]Cmd: MAP CHECKDEP
[2014.07.15-01.25.01:915][  0]MapCheck: New page: waagenbau - Jul 15, 2014, 5:25:01 AM
[2014.07.15-01.25.02:006][  0]MapCheck: Info ========== Map Check: 0 Error(s), 0 Warning(s), [90.676ms] ==========
[2014.07.15-01.25.02:006][  0]LogFileHelpers: Loading map 'waagenbau' took 1.663
[2014.07.15-01.25.02:190][  0]LogCrashTracker: Crashtracker disabled due to settings.
[2014.07.15-01.25.02:191][  0]Cmd: MODE PLACEMENT
[2014.07.15-01.25.02:230][  0]LogCollectionManager: Loaded 0 collections in 0.000818 seconds
[2014.07.15-01.25.02:281][  0]LogLoad: Full Startup: 8.03 seconds (BP compile: 0.30 seconds)
[2014.07.15-01.25.02:296][  0]LogContentBrowser:Verbose: The content browser source was changed by the sources view to '/Game/Character'
[2014.07.15-01.25.02:407][  0]LogRenderer:Warning: Reallocating scene render targets to support 32x32.
[2014.07.15-01.25.02:510][  0]LogRenderer:Warning: Reallocating scene render targets to support 1120x856.
[2014.07.15-01.25.02:801][  1]LogEpicStorage:Warning: EnumerateFiles request failed. Invalid response. code=403 error=<?xml version="1.0" encoding="UTF-8"?>
<Error><Code>AccessDenied</Code><Message>Access Denied</Message><RequestId>D23A239452BEBD63</RequestId><HostId>y1QxsKQwwVSD9cLmjfv21EE5hJ81dnC0IT4rPM78xbt0vG3pvE3uH8s4HPblAvQG</HostId></Error>
[2014.07.15-01.25.02:831][  1]LogAssetRegistry: Asset discovery search completed in 2.9869 seconds
[2014.07.15-01.25.02:940][  2]LogEpicSurvey:Warning: EnumerateFiles request failed. Invalid response. code=403 error=<?xml version="1.0" encoding="UTF-8"?>
<Error><Code>AccessDenied</Code><Message>Access Denied</Message><RequestId>02E10535A8618024</RequestId><HostId>IRe13lWowoy8sCqQIzKPoN+xDc9gVgpgZtcU3ZsF3n9MWU75PcZXzpsNuZjGt3I+O+3DJ/dypIo=</HostId></Error>
[2014.07.15-01.25.02:950][  3]LogEpicStorage:Warning: EnumerateFiles request failed. Invalid response. code=403 error=<?xml version="1.0" encoding="UTF-8"?>
<Error><Code>AccessDenied</Code><Message>Access Denied</Message><RequestId>D23A239452BEBD63</RequestId><HostId>y1QxsKQwwVSD9cLmjfv21EE5hJ81dnC0IT4rPM78xbt0vG3pvE3uH8s4HPblAvQG</HostId></Error>
[2014.07.15-01.25.02:996][  4]LogEpicSurvey:Warning: EnumerateFiles request failed. Invalid response. code=403 error=<?xml version="1.0" encoding="UTF-8"?>
<Error><Code>AccessDenied</Code><Message>Access Denied</Message><RequestId>02E10535A8618024</RequestId><HostId>IRe13lWowoy8sCqQIzKPoN+xDc9gVgpgZtcU3ZsF3n9MWU75PcZXzpsNuZjGt3I+O+3DJ/dypIo=</HostId></Error>
[2014.07.15-01.25.03:090][  8]LogEpicStorage:Warning: ReadFile request failed. File request already pending for filename=http://cdn.unrealengine.com/newsfeed/blueprint_icon_b.png
[2014.07.15-01.25.03:095][  8]LogEpicStorage:Warning: ReadFile request failed. File request already pending for filename=http://cdn.unrealengine.com/newsfeed/blueprint_icon_b.png
[2014.07.15-01.25.03:230][ 21]LogEpicSurvey:Warning: EnumerateFiles request failed. Invalid response. code=403 error=<?xml version="1.0" encoding="UTF-8"?>
<Error><Code>AccessDenied</Code><Message>Access Denied</Message><RequestId>8DD5D4A0F92F9DC3</RequestId><HostId>fRULjVxEnV4G0DQ7fG9l6vvziNai0/i6S7wGbDHaaTGBN0E//MuwTxrXiD/iyBhO6zouMCx45TQ=</HostId></Error>
[2014.07.15-01.25.08:278][195]LogPlayLevel: PIE:  No blueprints needed recompiling
[2014.07.15-01.25.08:278][195]PIE: New page: PIE session: waagenbau (Jul 15, 2014, 5:25:08 AM)
[2014.07.15-01.25.08:340][195]LogPlayLevel: PIE: StaticDuplicateObject took: (0.061743s)
[2014.07.15-01.25.08:341][195]LogPlayLevel: PIE: World Init took: (0.000561s)
[2014.07.15-01.25.08:341][195]LogPlayLevel: PIE: Created PIE world by copying editor world from /Game/Maps/waagenbau.waagenbau to /Game/Maps/UEDPIE_0_waagenbau.waagenbau (0.062695s)
[2014.07.15-01.25.08:374][195]LogBlueprint:Warning: [compiler] Warning InputAction Event references unknown Action 'Action' for  InputAction Action 
[2014.07.15-01.25.08:376][195]LogBlueprint:Warning: [compiler] Warning [0014.13] Compile of MyCharacter successful, but with 1 Warning(s) [in 5 ms]
[2014.07.15-01.25.08:383][195]LogBlueprint:Warning: [compiler] Warning InputAction Event references unknown Action 'Action' for  InputAction Action 
[2014.07.15-01.25.08:386][195]LogBlueprint:Warning: [compiler] Warning [0014.14] Compile of MyCharacter successful, but with 1 Warning(s) [in 4 ms]
[2014.07.15-01.25.08:406][195]LogWorld: Game class is 'MyGame_C'
[2014.07.15-01.25.08:569][195]LogOutputDevice: === Handled error: ===
Ensure condition failed: false [File:D:\BuildFarm\buildmachine_++depot+UE4-Releases+4.2\Engine\Source\Runtime\Engine\Private\SceneComponent.cpp] [Line: 670]
Template Mismatch during attachment. Attaching instanced component to template component. Parent 'SceneComp' Self 'Sprite'
Stack: Address = 0xe831d866 (filename not found) [in E:\Unreal Engine\4.2\Engine\Binaries\Win64\UE4Editor-Core.dll]
Address = 0xe81c2101 (filename not found) [in E:\Unreal Engine\4.2\Engine\Binaries\Win64\UE4Editor-Core.dll]
Address = 0xe81c2347 (filename not found) [in E:\Unreal Engine\4.2\Engine\Binaries\Win64\UE4Editor-Core.dll]
Address = 0xe2213c04 (filename not found) [in E:\Unreal Engine\4.2\Engine\Binaries\Win64\UE4Editor-Engine.dll]
Address = 0xe1db0e36 (filename not found) [in E:\Unreal Engine\4.2\Engine\Binaries\Win64\UE4Editor-Engine.dll]
Address = 0xe20d5bd9 (filename not found) [in E:\Unreal Engine\4.2\Engine\Binaries\Win64\UE4Editor-Engine.dll]
Address = 0xe24da45b (filename not found) [in E:\Unreal Engine\4.2\Engine\Binaries\Win64\UE4Editor-Engine.dll]
Address = 0xe24c3d2c (filename not found) [in E:\Unreal Engine\4.2\Engine\Binaries\Win64\UE4Editor-Engine.dll]
Address = 0xe0e692ca (filename not found) [in E:\Unreal Engine\4.2\Engine\Binaries\Win64\UE4Editor-UnrealEd.dll]
Address = 0xe0e85524 (filename not found) [in E:\Unreal Engine\4.2\Engine\Binaries\Win64\UE4Editor-UnrealEd.dll]
Address = 0xe0e95a4b (filename not found) [in E:\Unreal Engine\4.2\Engine\Binaries\Win64\UE4Editor-UnrealEd.dll]
Address = 0xe0c95265 (filename not found) [in E:\Unreal Engine\4.2\Engine\Binaries\Win64\UE4Editor-UnrealEd.dll]
Address = 0xe1050606 (filename not found) [in E:\Unreal Engine\4.2\Engine\Binaries\Win64\UE4Editor-UnrealEd.dll]
FEngineLoop::Tick() 0x3f0d7b03 + 0 bytes [File=d:\buildfarm\buildmachine_++depot+ue4-releases+4.2\engine\source\runtime\launch\private\launchengineloop.cpp:2091] [in E:\Unreal Engine\4.2\Engine\Binaries\Win64\UE4Editor.exe]
GuardedMain() 0x3f0cd1ec + 0 bytes [File=d:\buildfarm\buildmachine_++depot+ue4-releases+4.2\engine\source\runtime\launch\private\launch.cpp:132] [in E:\Unreal Engine\4.2\Engine\Binaries\Win64\UE4Editor.exe]
GuardedMainWrapper() 0x3f0cd25a + 5 bytes [File=d:\buildfarm\buildmachine_++depot+ue4-releases+4.2\engine\source\runtime\launch\private\windows\launchwindows.cpp:125] [in E:\Unreal Engine\4.2\Engine\Binaries\Win64\UE4Editor.exe]
WinMain() 0x3f0d9119 + 17 bytes [File=d:\buildfarm\buildmachine_++depot+ue4-releases+4.2\engine\source\runtime\launch\private\windows\launchwindows.cpp:207] [in E:\Unreal Engine\4.2\Engine\Binaries\Win64\UE4Editor.exe]
__tmainCRTStartup() 0x3f0d9fa9 + 21 bytes [File=f:\dd\vctools\crt\crtw32\dllstuff\crtexe.c:618] [in E:\Unreal Engine\4.2\Engine\Binaries\Win64\UE4Editor.exe]
Address = 0x779159ed (filename not found) [in C:\Windows\system32\kernel32.dll]
Address = 0x77b4c541 (filename not found) [in C:\Windows\SYSTEM32\ntdll.dll]
Address = 0x77b4c541 (filename not found) [in C:\Windows\SYSTEM32\ntdll.dll]

[2014.07.15-01.25.09:027][195]LogOutputDevice: === Handled error: ===
Ensure condition failed: false [File:D:\BuildFarm\buildmachine_++depot+UE4-Releases+4.2\Engine\Source\Runtime\Engine\Private\SceneComponent.cpp] [Line: 670]
Template Mismatch during attachment. Attaching instanced component to template component. Parent 'SceneComp' Self 'Sprite'
Stack: Address = 0xe831d866 (filename not found) [in E:\Unreal Engine\4.2\Engine\Binaries\Win64\UE4Editor-Core.dll]
Address = 0xe81c2101 (filename not found) [in E:\Unreal Engine\4.2\Engine\Binaries\Win64\UE4Editor-Core.dll]
Address = 0xe81c2347 (filename not found) [in E:\Unreal Engine\4.2\Engine\Binaries\Win64\UE4Editor-Core.dll]
Address = 0xe2213c04 (filename not found) [in E:\Unreal Engine\4.2\Engine\Binaries\Win64\UE4Editor-Engine.dll]
Address = 0xe1db0e36 (filename not found) [in E:\Unreal Engine\4.2\Engine\Binaries\Win64\UE4Editor-Engine.dll]
Address = 0xe20d5bd9 (filename not found) [in E:\Unreal Engine\4.2\Engine\Binaries\Win64\UE4Editor-Engine.dll]
Address = 0xe24da45b (filename not found) [in E:\Unreal Engine\4.2\Engine\Binaries\Win64\UE4Editor-Engine.dll]
Address = 0xe24c3d2c (filename not found) [in E:\Unreal Engine\4.2\Engine\Binaries\Win64\UE4Editor-Engine.dll]
Address = 0xe0e692ca (filename not found) [in E:\Unreal Engine\4.2\Engine\Binaries\Win64\UE4Editor-UnrealEd.dll]
Address = 0xe0e85524 (filename not found) [in E:\Unreal Engine\4.2\Engine\Binaries\Win64\UE4Editor-UnrealEd.dll]
Address = 0xe0e95a4b (filename not found) [in E:\Unreal Engine\4.2\Engine\Binaries\Win64\UE4Editor-UnrealEd.dll]
Address = 0xe0c95265 (filename not found) [in E:\Unreal Engine\4.2\Engine\Binaries\Win64\UE4Editor-UnrealEd.dll]
Address = 0xe1050606 (filename not found) [in E:\Unreal Engine\4.2\Engine\Binaries\Win64\UE4Editor-UnrealEd.dll]
FEngineLoop::Tick() 0x3f0d7b03 + 0 bytes [File=d:\buildfarm\buildmachine_++depot+ue4-releases+4.2\engine\source\runtime\launch\private\launchengineloop.cpp:2091] [in E:\Unreal Engine\4.2\Engine\Binaries\Win64\UE4Editor.exe]
GuardedMain() 0x3f0cd1ec + 0 bytes [File=d:\buildfarm\buildmachine_++depot+ue4-releases+4.2\engine\source\runtime\launch\private\launch.cpp:132] [in E:\Unreal Engine\4.2\Engine\Binaries\Win64\UE4Editor.exe]
GuardedMainWrapper() 0x3f0cd25a + 5 bytes [File=d:\buildfarm\buildmachine_++depot+ue4-releases+4.2\engine\source\runtime\launch\private\windows\launchwindows.cpp:125] [in E:\Unreal Engine\4.2\Engine\Binaries\Win64\UE4Editor.exe]
WinMain() 0x3f0d9119 + 17 bytes [File=d:\buildfarm\buildmachine_++depot+ue4-releases+4.2\engine\source\runtime\launch\private\windows\launchwindows.cpp:207] [in E:\Unreal Engine\4.2\Engine\Binaries\Win64\UE4Editor.exe]
__tmainCRTStartup() 0x3f0d9fa9 + 21 bytes [File=f:\dd\vctools\crt\crtw32\dllstuff\crtexe.c:618] [in E:\Unreal Engine\4.2\Engine\Binaries\Win64\UE4Editor.exe]
Address = 0x779159ed (filename not found) [in C:\Windows\system32\kernel32.dll]
Address = 0x77b4c541 (filename not found) [in C:\Windows\SYSTEM32\ntdll.dll]
Address = 0x77b4c541 (filename not found) [in C:\Windows\SYSTEM32\ntdll.dll]

[2014.07.15-01.25.09:032][195]LogOutputDevice: === Handled error: ===
Ensure condition failed: false [File:D:\BuildFarm\buildmachine_++depot+UE4-Releases+4.2\Engine\Source\Runtime\Engine\Private\SceneComponent.cpp] [Line: 670]
Template Mismatch during attachment. Attaching instanced component to template component. Parent 'SceneComp' Self 'Sprite'
Stack: Address = 0xe831d866 (filename not found) [in E:\Unreal Engine\4.2\Engine\Binaries\Win64\UE4Editor-Core.dll]
Address = 0xe81c2101 (filename not found) [in E:\Unreal Engine\4.2\Engine\Binaries\Win64\UE4Editor-Core.dll]
Address = 0xe81c2347 (filename not found) [in E:\Unreal Engine\4.2\Engine\Binaries\Win64\UE4Editor-Core.dll]
Address = 0xe2213c04 (filename not found) [in E:\Unreal Engine\4.2\Engine\Binaries\Win64\UE4Editor-Engine.dll]
Address = 0xe1db0e36 (filename not found) [in E:\Unreal Engine\4.2\Engine\Binaries\Win64\UE4Editor-Engine.dll]
Address = 0xe20d5bd9 (filename not found) [in E:\Unreal Engine\4.2\Engine\Binaries\Win64\UE4Editor-Engine.dll]
Address = 0xe24da45b (filename not found) [in E:\Unreal Engine\4.2\Engine\Binaries\Win64\UE4Editor-Engine.dll]
Address = 0xe24c3d2c (filename not found) [in E:\Unreal Engine\4.2\Engine\Binaries\Win64\UE4Editor-Engine.dll]
Address = 0xe0e692ca (filename not found) [in E:\Unreal Engine\4.2\Engine\Binaries\Win64\UE4Editor-UnrealEd.dll]
Address = 0xe0e85524 (filename not found) [in E:\Unreal Engine\4.2\Engine\Binaries\Win64\UE4Editor-UnrealEd.dll]
Address = 0xe0e95a4b (filename not found) [in E:\Unreal Engine\4.2\Engine\Binaries\Win64\UE4Editor-UnrealEd.dll]
Address = 0xe0c95265 (filename not found) [in E:\Unreal Engine\4.2\Engine\Binaries\Win64\UE4Editor-UnrealEd.dll]
Address = 0xe1050606 (filename not found) [in E:\Unreal Engine\4.2\Engine\Binaries\Win64\UE4Editor-UnrealEd.dll]
FEngineLoop::Tick() 0x3f0d7b03 + 0 bytes [File=d:\buildfarm\buildmachine_++depot+ue4-releases+4.2\engine\source\runtime\launch\private\launchengineloop.cpp:2091] [in E:\Unreal Engine\4.2\Engine\Binaries\Win64\UE4Editor.exe]
GuardedMain() 0x3f0cd1ec + 0 bytes [File=d:\buildfarm\buildmachine_++depot+ue4-releases+4.2\engine\source\runtime\launch\private\launch.cpp:132] [in E:\Unreal Engine\4.2\Engine\Binaries\Win64\UE4Editor.exe]
GuardedMainWrapper() 0x3f0cd25a + 5 bytes [File=d:\buildfarm\buildmachine_++depot+ue4-releases+4.2\engine\source\runtime\launch\private\windows\launchwindows.cpp:125] [in E:\Unreal Engine\4.2\Engine\Binaries\Win64\UE4Editor.exe]
WinMain() 0x3f0d9119 + 17 bytes [File=d:\buildfarm\buildmachine_++depot+ue4-releases+4.2\engine\source\runtime\launch\private\windows\launchwindows.cpp:207] [in E:\Unreal Engine\4.2\Engine\Binaries\Win64\UE4Editor.exe]
__tmainCRTStartup() 0x3f0d9fa9 + 21 bytes [File=f:\dd\vctools\crt\crtw32\dllstuff\crtexe.c:618] [in E:\Unreal Engine\4.2\Engine\Binaries\Win64\UE4Editor.exe]
Address = 0x779159ed (filename not found) [in C:\Windows\system32\kernel32.dll]
Address = 0x77b4c541 (filename not found) [in C:\Windows\SYSTEM32\ntdll.dll]
Address = 0x77b4c541 (filename not found) [in C:\Windows\SYSTEM32\ntdll.dll]

[2014.07.15-01.25.09:038][195]LogOutputDevice: === Handled error: ===
Ensure condition failed: false [File:D:\BuildFarm\buildmachine_++depot+UE4-Releases+4.2\Engine\Source\Runtime\Engine\Private\SceneComponent.cpp] [Line: 670]
Template Mismatch during attachment. Attaching instanced component to template component. Parent 'SceneComp' Self 'Sprite'
Stack: Address = 0xe831d866 (filename not found) [in E:\Unreal Engine\4.2\Engine\Binaries\Win64\UE4Editor-Core.dll]
Address = 0xe81c2101 (filename not found) [in E:\Unreal Engine\4.2\Engine\Binaries\Win64\UE4Editor-Core.dll]
Address = 0xe81c2347 (filename not found) [in E:\Unreal Engine\4.2\Engine\Binaries\Win64\UE4Editor-Core.dll]
Address = 0xe2213c04 (filename not found) [in E:\Unreal Engine\4.2\Engine\Binaries\Win64\UE4Editor-Engine.dll]
Address = 0xe1db0e36 (filename not found) [in E:\Unreal Engine\4.2\Engine\Binaries\Win64\UE4Editor-Engine.dll]
Address = 0xe20d5bd9 (filename not found) [in E:\Unreal Engine\4.2\Engine\Binaries\Win64\UE4Editor-Engine.dll]
Address = 0xe24da45b (filename not found) [in E:\Unreal Engine\4.2\Engine\Binaries\Win64\UE4Editor-Engine.dll]
Address = 0xe24c3d2c (filename not found) [in E:\Unreal Engine\4.2\Engine\Binaries\Win64\UE4Editor-Engine.dll]
Address = 0xe0e692ca (filename not found) [in E:\Unreal Engine\4.2\Engine\Binaries\Win64\UE4Editor-UnrealEd.dll]
Address = 0xe0e85524 (filename not found) [in E:\Unreal Engine\4.2\Engine\Binaries\Win64\UE4Editor-UnrealEd.dll]
Address = 0xe0e95a4b (filename not found) [in E:\Unreal Engine\4.2\Engine\Binaries\Win64\UE4Editor-UnrealEd.dll]
Address = 0xe0c95265 (filename not found) [in E:\Unreal Engine\4.2\Engine\Binaries\Win64\UE4Editor-UnrealEd.dll]
Address = 0xe1050606 (filename not found) [in E:\Unreal Engine\4.2\Engine\Binaries\Win64\UE4Editor-UnrealEd.dll]
FEngineLoop::Tick() 0x3f0d7b03 + 0 bytes [File=d:\buildfarm\buildmachine_++depot+ue4-releases+4.2\engine\source\runtime\launch\private\launchengineloop.cpp:2091] [in E:\Unreal Engine\4.2\Engine\Binaries\Win64\UE4Editor.exe]
GuardedMain() 0x3f0cd1ec + 0 bytes [File=d:\buildfarm\buildmachine_++depot+ue4-releases+4.2\engine\source\runtime\launch\private\launch.cpp:132] [in E:\Unreal Engine\4.2\Engine\Binaries\Win64\UE4Editor.exe]
GuardedMainWrapper() 0x3f0cd25a + 5 bytes [File=d:\buildfarm\buildmachine_++depot+ue4-releases+4.2\engine\source\runtime\launch\private\windows\launchwindows.cpp:125] [in E:\Unreal Engine\4.2\Engine\Binaries\Win64\UE4Editor.exe]
WinMain() 0x3f0d9119 + 17 bytes [File=d:\buildfarm\buildmachine_++depot+ue4-releases+4.2\engine\source\runtime\launch\private\windows\launchwindows.cpp:207] [in E:\Unreal Engine\4.2\Engine\Binaries\Win64\UE4Editor.exe]
__tmainCRTStartup() 0x3f0d9fa9 + 21 bytes [File=f:\dd\vctools\crt\crtw32\dllstuff\crtexe.c:618] [in E:\Unreal Engine\4.2\Engine\Binaries\Win64\UE4Editor.exe]
Address = 0x779159ed (filename not found) [in C:\Windows\system32\kernel32.dll]
Address = 0x77b4c541 (filename not found) [in C:\Windows\SYSTEM32\ntdll.dll]
Address = 0x77b4c541 (filename not found) [in C:\Windows\SYSTEM32\ntdll.dll]

[2014.07.15-01.25.09:043][195]LogOutputDevice: === Handled error: ===
Ensure condition failed: false [File:D:\BuildFarm\buildmachine_++depot+UE4-Releases+4.2\Engine\Source\Runtime\Engine\Private\SceneComponent.cpp] [Line: 670]
Template Mismatch during attachment. Attaching instanced component to template component. Parent 'SceneComp' Self 'Sprite'
Stack: Address = 0xe831d866 (filename not found) [in E:\Unreal Engine\4.2\Engine\Binaries\Win64\UE4Editor-Core.dll]
Address = 0xe81c2101 (filename not found) [in E:\Unreal Engine\4.2\Engine\Binaries\Win64\UE4Editor-Core.dll]
Address = 0xe81c2347 (filename not found) [in E:\Unreal Engine\4.2\Engine\Binaries\Win64\UE4Editor-Core.dll]
Address = 0xe2213c04 (filename not found) [in E:\Unreal Engine\4.2\Engine\Binaries\Win64\UE4Editor-Engine.dll]
Address = 0xe1db0e36 (filename not found) [in E:\Unreal Engine\4.2\Engine\Binaries\Win64\UE4Editor-Engine.dll]
Address = 0xe20d5bd9 (filename not found) [in E:\Unreal Engine\4.2\Engine\Binaries\Win64\UE4Editor-Engine.dll]
Address = 0xe24da45b (filename not found) [in E:\Unreal Engine\4.2\Engine\Binaries\Win64\UE4Editor-Engine.dll]
Address = 0xe24c3d2c (filename not found) [in E:\Unreal Engine\4.2\Engine\Binaries\Win64\UE4Editor-Engine.dll]
Address = 0xe0e692ca (filename not found) [in E:\Unreal Engine\4.2\Engine\Binaries\Win64\UE4Editor-UnrealEd.dll]
Address = 0xe0e85524 (filename not found) [in E:\Unreal Engine\4.2\Engine\Binaries\Win64\UE4Editor-UnrealEd.dll]
Address = 0xe0e95a4b (filename not found) [in E:\Unreal Engine\4.2\Engine\Binaries\Win64\UE4Editor-UnrealEd.dll]
Address = 0xe0c95265 (filename not found) [in E:\Unreal Engine\4.2\Engine\Binaries\Win64\UE4Editor-UnrealEd.dll]
Address = 0xe1050606 (filename not found) [in E:\Unreal Engine\4.2\Engine\Binaries\Win64\UE4Editor-UnrealEd.dll]
FEngineLoop::Tick() 0x3f0d7b03 + 0 bytes [File=d:\buildfarm\buildmachine_++depot+ue4-releases+4.2\engine\source\runtime\launch\private\launchengineloop.cpp:2091] [in E:\Unreal Engine\4.2\Engine\Binaries\Win64\UE4Editor.exe]
GuardedMain() 0x3f0cd1ec + 0 bytes [File=d:\buildfarm\buildmachine_++depot+ue4-releases+4.2\engine\source\runtime\launch\private\launch.cpp:132] [in E:\Unreal Engine\4.2\Engine\Binaries\Win64\UE4Editor.exe]
GuardedMainWrapper() 0x3f0cd25a + 5 bytes [File=d:\buildfarm\buildmachine_++depot+ue4-releases+4.2\engine\source\runtime\launch\private\windows\launchwindows.cpp:125] [in E:\Unreal Engine\4.2\Engine\Binaries\Win64\UE4Editor.exe]
WinMain() 0x3f0d9119 + 17 bytes [File=d:\buildfarm\buildmachine_++depot+ue4-releases+4.2\engine\source\runtime\launch\private\windows\launchwindows.cpp:207] [in E:\Unreal Engine\4.2\Engine\Binaries\Win64\UE4Editor.exe]
__tmainCRTStartup() 0x3f0d9fa9 + 21 bytes [File=f:\dd\vctools\crt\crtw32\dllstuff\crtexe.c:618] [in E:\Unreal Engine\4.2\Engine\Binaries\Win64\UE4Editor.exe]
Address = 0x779159ed (filename not found) [in C:\Windows\system32\kernel32.dll]
Address = 0x77b4c541 (filename not found) [in C:\Windows\SYSTEM32\ntdll.dll]
Address = 0x77b4c541 (filename not found) [in C:\Windows\SYSTEM32\ntdll.dll]

[2014.07.15-01.25.09:049][195]LogOutputDevice: === Handled error: ===
Ensure condition failed: false [File:D:\BuildFarm\buildmachine_++depot+UE4-Releases+4.2\Engine\Source\Runtime\Engine\Private\SceneComponent.cpp] [Line: 670]
Template Mismatch during attachment. Attaching instanced component to template component. Parent 'SceneComp' Self 'Sprite'
Stack: Address = 0xe831d866 (filename not found) [in E:\Unreal Engine\4.2\Engine\Binaries\Win64\UE4Editor-Core.dll]
Address = 0xe81c2101 (filename not found) [in E:\Unreal Engine\4.2\Engine\Binaries\Win64\UE4Editor-Core.dll]
Address = 0xe81c2347 (filename not found) [in E:\Unreal Engine\4.2\Engine\Binaries\Win64\UE4Editor-Core.dll]
Address = 0xe2213c04 (filename not found) [in E:\Unreal Engine\4.2\Engine\Binaries\Win64\UE4Editor-Engine.dll]
Address = 0xe1db0e36 (filename not found) [in E:\Unreal Engine\4.2\Engine\Binaries\Win64\UE4Editor-Engine.dll]
Address = 0xe20d5bd9 (filename not found) [in E:\Unreal Engine\4.2\Engine\Binaries\Win64\UE4Editor-Engine.dll]
Address = 0xe24da45b (filename not found) [in E:\Unreal Engine\4.2\Engine\Binaries\Win64\UE4Editor-Engine.dll]
Address = 0xe24c3d2c (filename not found) [in E:\Unreal Engine\4.2\Engine\Binaries\Win64\UE4Editor-Engine.dll]
Address = 0xe0e692ca (filename not found) [in E:\Unreal Engine\4.2\Engine\Binaries\Win64\UE4Editor-UnrealEd.dll]
Address = 0xe0e85524 (filename not found) [in E:\Unreal Engine\4.2\Engine\Binaries\Win64\UE4Editor-UnrealEd.dll]
Address = 0xe0e95a4b (filename not found) [in E:\Unreal Engine\4.2\Engine\Binaries\Win64\UE4Editor-UnrealEd.dll]
Address = 0xe0c95265 (filename not found) [in E:\Unreal Engine\4.2\Engine\Binaries\Win64\UE4Editor-UnrealEd.dll]
Address = 0xe1050606 (filename not found) [in E:\Unreal Engine\4.2\Engine\Binaries\Win64\UE4Editor-UnrealEd.dll]
FEngineLoop::Tick() 0x3f0d7b03 + 0 bytes [File=d:\buildfarm\buildmachine_++depot+ue4-releases+4.2\engine\source\runtime\launch\private\launchengineloop.cpp:2091] [in E:\Unreal Engine\4.2\Engine\Binaries\Win64\UE4Editor.exe]
GuardedMain() 0x3f0cd1ec + 0 bytes [File=d:\buildfarm\buildmachine_++depot+ue4-releases+4.2\engine\source\runtime\launch\private\launch.cpp:132] [in E:\Unreal Engine\4.2\Engine\Binaries\Win64\UE4Editor.exe]
GuardedMainWrapper() 0x3f0cd25a + 5 bytes [File=d:\buildfarm\buildmachine_++depot+ue4-releases+4.2\engine\source\runtime\launch\private\windows\launchwindows.cpp:125] [in E:\Unreal Engine\4.2\Engine\Binaries\Win64\UE4Editor.exe]
WinMain() 0x3f0d9119 + 17 bytes [File=d:\buildfarm\buildmachine_++depot+ue4-releases+4.2\engine\source\runtime\launch\private\windows\launchwindows.cpp:207] [in E:\Unreal Engine\4.2\Engine\Binaries\Win64\UE4Editor.exe]
__tmainCRTStartup() 0x3f0d9fa9 + 21 bytes [File=f:\dd\vctools\crt\crtw32\dllstuff\crtexe.c:618] [in E:\Unreal Engine\4.2\Engine\Binaries\Win64\UE4Editor.exe]
Address = 0x779159ed (filename not found) [in C:\Windows\system32\kernel32.dll]
Address = 0x77b4c541 (filename not found) [in C:\Windows\SYSTEM32\ntdll.dll]
Address = 0x77b4c541 (filename not found) [in C:\Windows\SYSTEM32\ntdll.dll]

[2014.07.15-01.25.09:055][195]LogOutputDevice: === Handled error: ===
Ensure condition failed: false [File:D:\BuildFarm\buildmachine_++depot+UE4-Releases+4.2\Engine\Source\Runtime\Engine\Private\SceneComponent.cpp] [Line: 670]
Template Mismatch during attachment. Attaching instanced component to template component. Parent 'SceneComp' Self 'Sprite'
Stack: Address = 0xe831d866 (filename not found) [in E:\Unreal Engine\4.2\Engine\Binaries\Win64\UE4Editor-Core.dll]
Address = 0xe81c2101 (filename not found) [in E:\Unreal Engine\4.2\Engine\Binaries\Win64\UE4Editor-Core.dll]
Address = 0xe81c2347 (filename not found) [in E:\Unreal Engine\4.2\Engine\Binaries\Win64\UE4Editor-Core.dll]
Address = 0xe2213c04 (filename not found) [in E:\Unreal Engine\4.2\Engine\Binaries\Win64\UE4Editor-Engine.dll]
Address = 0xe1db0e36 (filename not found) [in E:\Unreal Engine\4.2\Engine\Binaries\Win64\UE4Editor-Engine.dll]
Address = 0xe20d5bd9 (filename not found) [in E:\Unreal Engine\4.2\Engine\Binaries\Win64\UE4Editor-Engine.dll]
Address = 0xe24da45b (filename not found) [in E:\Unreal Engine\4.2\Engine\Binaries\Win64\UE4Editor-Engine.dll]
Address = 0xe24c3d2c (filename not found) [in E:\Unreal Engine\4.2\Engine\Binaries\Win64\UE4Editor-Engine.dll]
Address = 0xe0e692ca (filename not found) [in E:\Unreal Engine\4.2\Engine\Binaries\Win64\UE4Editor-UnrealEd.dll]
Address = 0xe0e85524 (filename not found) [in E:\Unreal Engine\4.2\Engine\Binaries\Win64\UE4Editor-UnrealEd.dll]
Address = 0xe0e95a4b (filename not found) [in E:\Unreal Engine\4.2\Engine\Binaries\Win64\UE4Editor-UnrealEd.dll]
Address = 0xe0c95265 (filename not found) [in E:\Unreal Engine\4.2\Engine\Binaries\Win64\UE4Editor-UnrealEd.dll]
Address = 0xe1050606 (filename not found) [in E:\Unreal Engine\4.2\Engine\Binaries\Win64\UE4Editor-UnrealEd.dll]
FEngineLoop::Tick() 0x3f0d7b03 + 0 bytes [File=d:\buildfarm\buildmachine_++depot+ue4-releases+4.2\engine\source\runtime\launch\private\launchengineloop.cpp:2091] [in E:\Unreal Engine\4.2\Engine\Binaries\Win64\UE4Editor.exe]
GuardedMain() 0x3f0cd1ec + 0 bytes [File=d:\buildfarm\buildmachine_++depot+ue4-releases+4.2\engine\source\runtime\launch\private\launch.cpp:132] [in E:\Unreal Engine\4.2\Engine\Binaries\Win64\UE4Editor.exe]
GuardedMainWrapper() 0x3f0cd25a + 5 bytes [File=d:\buildfarm\buildmachine_++depot+ue4-releases+4.2\engine\source\runtime\launch\private\windows\launchwindows.cpp:125] [in E:\Unreal Engine\4.2\Engine\Binaries\Win64\UE4Editor.exe]
WinMain() 0x3f0d9119 + 17 bytes [File=d:\buildfarm\buildmachine_++depot+ue4-releases+4.2\engine\source\runtime\launch\private\windows\launchwindows.cpp:207] [in E:\Unreal Engine\4.2\Engine\Binaries\Win64\UE4Editor.exe]
__tmainCRTStartup() 0x3f0d9fa9 + 21 bytes [File=f:\dd\vctools\crt\crtw32\dllstuff\crtexe.c:618] [in E:\Unreal Engine\4.2\Engine\Binaries\Win64\UE4Editor.exe]
Address = 0x779159ed (filename not found) [in C:\Windows\system32\kernel32.dll]
Address = 0x77b4c541 (filename not found) [in C:\Windows\SYSTEM32\ntdll.dll]
Address = 0x77b4c541 (filename not found) [in C:\Windows\SYSTEM32\ntdll.dll]

[2014.07.15-01.25.09:062][195]LogArray:Warning: Attempted to get an item from array Sounds out of bounds [0/0]!
[2014.07.15-01.25.09:065][195]LogBlueprintUserMessages:Warning: SetTimer passed a bad function () or object (DiscoLight_1_C_0)
[2014.07.15-01.25.09:066][195]LogBlueprintUserMessages:Warning: SetTimer passed a bad function () or object (DiscoLight_1_C_1)
[2014.07.15-01.25.09:067][195]LogBlueprintUserMessages:Warning: SetTimer passed a bad function () or object (DiscoLight_1_C_2)
[2014.07.15-01.25.09:067][195]LogBlueprintUserMessages:Warning: SetTimer passed a bad function () or object (DiscoLight_1_C_3)
[2014.07.15-01.25.09:067][195]LogBlueprintUserMessages:Warning: SetTimer passed a bad function () or object (DiscoLight_1_C_4)
[2014.07.15-01.25.09:068][195]LogBlueprintUserMessages:Warning: SetTimer passed a bad function () or object (DiscoLight_1_C_5)
[2014.07.15-01.25.09:068][195]LogBlueprintUserMessages:Warning: SetTimer passed a bad function () or object (DiscoLight_1_C_6)
[2014.07.15-01.25.09:069][195]LogBlueprintUserMessages:Warning: SetTimer passed a bad function () or object (DiscoLight_1_C_7)
[2014.07.15-01.25.09:069][195]LogBlueprintUserMessages:Warning: SetTimer passed a bad function () or object (DiscoLight_1_C_8)
[2014.07.15-01.25.09:070][195]LogBlueprintUserMessages:Warning: SetTimer passed a bad function () or object (DiscoLight_1_C_9)
[2014.07.15-01.25.09:070][195]LogBlueprintUserMessages:Warning: SetTimer passed a bad function () or object (DiscoLight_1_C_10)
[2014.07.15-01.25.09:071][195]LogBlueprintUserMessages:Warning: SetTimer passed a bad function () or object (DiscoLight_1_C_11)
[2014.07.15-01.25.09:071][195]LogBlueprintUserMessages:Warning: SetTimer passed a bad function () or object (DiscoLight_1_C_12)
[2014.07.15-01.25.09:072][195]LogBlueprintUserMessages:Warning: SetTimer passed a bad function () or object (DiscoLight_1_C_13)
[2014.07.15-01.25.09:073][195]LogBlueprintUserMessages:Warning: SetTimer passed a bad function () or object (DiscoLight_1_C_14)
[2014.07.15-01.25.09:073][195]LogBlueprintUserMessages:Warning: SetTimer passed a bad function () or object (DiscoLight_1_C_15)
[2014.07.15-01.25.09:074][195]LogBlueprintUserMessages:Warning: SetTimer passed a bad function () or object (DiscoLight_1_C_16)
[2014.07.15-01.25.09:074][195]LogBlueprintUserMessages:Warning: SetTimer passed a bad function () or object (DiscoLight_1_C_17)
[2014.07.15-01.25.09:074][195]LogBlueprintUserMessages:Warning: SetTimer passed a bad function () or object (DiscoLight_1_C_18)
[2014.07.15-01.25.09:075][195]LogBlueprintUserMessages:Warning: SetTimer passed a bad function () or object (DiscoLight_1_C_20)
[2014.07.15-01.25.09:075][195]LogBlueprintUserMessages:Warning: SetTimer passed a bad function () or object (DiscoLight_1_C_21)
[2014.07.15-01.25.09:076][195]LogBlueprintUserMessages:Warning: SetTimer passed a bad function () or object (DiscoLight_1_C_22)
[2014.07.15-01.25.09:076][195]LogBlueprintUserMessages:Warning: SetTimer passed a bad function () or object (DiscoLight_1_C_23)
[2014.07.15-01.25.09:159][195]LogWorld:Warning: *** WARNING - PATHS MAY NOT BE VALID ***
[2014.07.15-01.25.09:159][195]LogWorld: Bringing World /Game/Maps/UEDPIE_0_waagenbau.waagenbau up for play (max tick rate 0) at 2014.07.15-03.25.09
[2014.07.15-01.25.09:167][195]LogWorld: Bringing up level for play took: 0.707774
[2014.07.15-01.25.09:168][195]LogPlayerController: Spawned spectator SpectatorPawn_0 [server:1]
[2014.07.15-01.25.09:168][195]LogGameMode: RestartPlayer 256
[2014.07.15-01.25.09:170][195]LogPlayerController: ClientRestart_Implementation MyCharacter_C_0
[2014.07.15-01.25.09:170][195]LogPlayerController: ServerAcknowledgePossession_Implementation MyCharacter_C_0
[2014.07.15-01.25.09:178][195]LogArray:Warning: Attempted to get an item from array Sounds out of bounds [1/0]!
[2014.07.15-01.25.09:181][195]PIE: Info Play in editor start time for /Game/Maps/UEDPIE_0_waagenbau 0.899
[2014.07.15-01.25.09:327][195]LogRenderer:Warning: Reallocating scene render targets to support 1296x856.
[2014.07.15-01.25.09:427][195]LogRenderer:Warning: Reallocating scene render targets to support 1296x864.
[2014.07.15-01.25.11:850][289]LogRenderer:Warning: Reallocating scene render targets to support 1920x976.
[2014.07.15-01.25.12:482][307]LogCharacterMovement: MyCharacter_C_0 is stuck and failed to move!
[2014.07.15-01.25.12:523][308]LogCharacterMovement: MyCharacter_C_0 is stuck and failed to move!
[2014.07.15-01.25.12:977][323]LogPawn:Error: EnableInput can only be specified on a Pawn for its Controller
[2014.07.15-01.25.13:146][329]LogPawn:Error: DisableInput can only be specified on a Pawn for its Controller
[2014.07.15-01.25.13:866][357]LogPawn:Error: EnableInput can only be specified on a Pawn for its Controller
[2014.07.15-01.25.15:660][410]LogParticles: Destroying 0 GPU particle simulations for FXSystem 0x000000002808C5E0
[2014.07.15-01.25.18:302][481]Cmd: QUIT_EDITOR
[2014.07.15-01.25.18:364][481]LogWindowsTextInputMethodSystem:Error: Terminating failed while unadvising the language notification sink from the TSF source.
[2014.07.15-01.25.18:366][481]LogExit: Preparing to exit.
[2014.07.15-01.25.19:185][481]LogExit: Editor shut down
[2014.07.15-01.25.19:186][481]LogExit: Transaction tracking system shut down
[2014.07.15-01.25.19:188][481]LogParticles: Destroying 0 GPU particle simulations for FXSystem 0x000000001B74BC40
[2014.07.15-01.25.19:213][481]LogParticles: Destroying 0 GPU particle simulations for FXSystem 0x0000000015A4D760
[2014.07.15-01.25.19:213][481]LogParticles: Destroying 0 GPU particle simulations for FXSystem 0x00000000259B5BC0
[2014.07.15-01.25.19:213][481]LogParticles: Destroying 0 GPU particle simulations for FXSystem 0x00000000259B5C60
[2014.07.15-01.25.19:213][481]LogExit: Object subsystem successfully closed.
[2014.07.15-01.25.19:238][481]LogModuleManager: Shutting down and abandoning module AndroidDeviceDetection (164)
[2014.07.15-01.25.19:238][481]LogModuleManager: Shutting down and abandoning module EditorWidgets (163)
[2014.07.15-01.25.19:238][481]LogModuleManager: Shutting down and abandoning module CollectionManager (162)
[2014.07.15-01.25.19:238][481]LogModuleManager: Shutting down and abandoning module CrashTracker (161)
[2014.07.15-01.25.19:238][481]LogModuleManager: Shutting down and abandoning module HTTP (160)
[2014.07.15-01.25.19:238][481]LogModuleManager: Shutting down and abandoning module NewsFeed (159)
[2014.07.15-01.25.19:238][481]LogModuleManager: Shutting down and abandoning module SceneOutliner (158)
[2014.07.15-01.25.19:238][481]LogModuleManager: Shutting down and abandoning module StatsViewer (157)
[2014.07.15-01.25.19:238][481]LogModuleManager: Shutting down and abandoning module FoliageEdit (156)
[2014.07.15-01.25.19:238][481]LogModuleManager: Shutting down and abandoning module LandscapeEditor (155)
[2014.07.15-01.25.19:244][481]LogModuleManager: Shutting down and abandoning module MeshPaint (154)
[2014.07.15-01.25.19:244][481]LogModuleManager: Shutting down and abandoning module ActorPickerMode (153)
[2014.07.15-01.25.19:244][481]LogModuleManager: Shutting down and abandoning module GeometryMode (152)
[2014.07.15-01.25.19:244][481]LogModuleManager: Shutting down and abandoning module TextureAlignMode (151)
[2014.07.15-01.25.19:244][481]LogModuleManager: Shutting down and abandoning module BspMode (150)
[2014.07.15-01.25.19:244][481]LogModuleManager: Shutting down and abandoning module PlacementMode (149)
[2014.07.15-01.25.19:245][481]LogModuleManager: Shutting down and abandoning module AutomationWorker (148)
[2014.07.15-01.25.19:245][481]LogModuleManager: Shutting down and abandoning module ViewportSnapping (147)
[2014.07.15-01.25.19:245][481]LogModuleManager: Shutting down and abandoning module DeviceProfileEditor (146)
[2014.07.15-01.25.19:245][481]LogModuleManager: Shutting down and abandoning module UndoHistory (145)
[2014.07.15-01.25.19:245][481]LogModuleManager: Shutting down and abandoning module GameplayTagsEditor (144)
[2014.07.15-01.25.19:245][481]LogModuleManager: Shutting down and abandoning module UserFeedback (143)
[2014.07.15-01.25.19:245][481]LogModuleManager: Shutting down and abandoning module XmlParser (142)
[2014.07.15-01.25.19:245][481]LogModuleManager: Shutting down and abandoning module Blutility (141)
[2014.07.15-01.25.19:245][481]LogModuleManager: Shutting down and abandoning module AndroidPlatformEditor (138)
[2014.07.15-01.25.19:245][481]LogModuleManager: Shutting down and abandoning module AndroidRuntimeSettings (137)
[2014.07.15-01.25.19:245][481]LogModuleManager: Shutting down and abandoning module ProjectSettingsViewer (136)
[2014.07.15-01.25.19:245][481]LogModuleManager: Shutting down and abandoning module InputBindingEditor (135)
[2014.07.15-01.25.19:245][481]LogModuleManager: Shutting down and abandoning module EditorSettingsViewer (134)
[2014.07.15-01.25.19:245][481]LogModuleManager: Shutting down and abandoning module SettingsEditor (133)
[2014.07.15-01.25.19:245][481]LogModuleManager: Shutting down and abandoning module SessionLauncher (132)
[2014.07.15-01.25.19:245][481]LogModuleManager: Shutting down and abandoning module SessionFrontend (131)
[2014.07.15-01.25.19:245][481]LogModuleManager: Shutting down and abandoning module ProfilerClient (130)
[2014.07.15-01.25.19:245][481]LogModuleManager: Shutting down and abandoning module TargetDeviceServices (129)
[2014.07.15-01.25.19:245][481]LogModuleManager: Shutting down and abandoning module DeviceManager (128)
[2014.07.15-01.25.19:245][481]LogModuleManager: Shutting down and abandoning module AutomationController (127)
[2014.07.15-01.25.19:245][481]LogModuleManager: Shutting down and abandoning module AutomationWindow (126)
[2014.07.15-01.25.19:245][481]LogModuleManager: Shutting down and abandoning module Layers (125)
[2014.07.15-01.25.19:245][481]LogModuleManager: Shutting down and abandoning module ComponentVisualizers (124)
[2014.07.15-01.25.19:245][481]LogModuleManager: Shutting down and abandoning module DetailCustomizations (123)
[2014.07.15-01.25.19:245][481]LogModuleManager: Shutting down and abandoning module PackagesDialog (122)
[2014.07.15-01.25.19:245][481]LogModuleManager: Shutting down and abandoning module DirectoryWatcher (121)
[2014.07.15-01.25.19:245][481]LogModuleManager: Shutting down and abandoning module AssetRegistry (120)
[2014.07.15-01.25.19:291][481]LogModuleManager: Shutting down and abandoning module Persona (119)
[2014.07.15-01.25.19:291][481]LogModuleManager: Shutting down and abandoning module GraphEditor (118)
[2014.07.15-01.25.19:291][481]LogModuleManager: Shutting down and abandoning module ContentBrowser (117)
[2014.07.15-01.25.19:291][481]LogModuleManager: Shutting down and abandoning module ClassViewer (116)
[2014.07.15-01.25.19:291][481]LogModuleManager: Shutting down and abandoning module Toolbox (115)
[2014.07.15-01.25.19:291][481]LogModuleManager: Shutting down and abandoning module ModuleUI (114)
[2014.07.15-01.25.19:291][481]LogModuleManager: Shutting down and abandoning module Sequencer (113)
[2014.07.15-01.25.19:291][481]LogModuleManager: Shutting down and abandoning module MovieSceneTools (112)
[2014.07.15-01.25.19:291][481]LogModuleManager: Shutting down and abandoning module OutputLog (111)
[2014.07.15-01.25.19:291][481]LogModuleManager: Shutting down and abandoning module GammaUI (110)
[2014.07.15-01.25.19:291][481]LogModuleManager: Shutting down and abandoning module Documentation (109)
[2014.07.15-01.25.19:291][481]LogModuleManager: Shutting down and abandoning module StreamingPauseRendering (108)
[2014.07.15-01.25.19:291][481]LogModuleManager: Shutting down and abandoning module AnalyticsET (107)
[2014.07.15-01.25.19:291][481]LogModuleManager: Shutting down and abandoning module Analytics (106)
[2014.07.15-01.25.19:291][481]LogModuleManager: Shutting down and abandoning module ProfilerService (105)
[2014.07.15-01.25.19:468][481]LogModuleManager: Shutting down and abandoning module TaskGraph (104)
[2014.07.15-01.25.19:468][481]LogModuleManager: Shutting down and abandoning module GameProjectGeneration (103)
[2014.07.15-01.25.19:468][481]LogModuleManager: Shutting down and abandoning module Matinee (102)
[2014.07.15-01.25.19:468][481]LogModuleManager: Shutting down and abandoning module Kismet (101)
[2014.07.15-01.25.19:468][481]LogModuleManager: Shutting down and abandoning module SlateReflector (100)
[2014.07.15-01.25.19:468][481]LogModuleManager: Shutting down and abandoning module LevelEditor (99)
[2014.07.15-01.25.19:470][481]LogModuleManager: Shutting down and abandoning module MainFrame (98)
[2014.07.15-01.25.19:470][481]LogModuleManager: Shutting down and abandoning module SourceControl (97)
[2014.07.15-01.25.19:470][481]LogModuleManager: Shutting down and abandoning module ImageWrapper (96)
[2014.07.15-01.25.19:470][481]LogModuleManager: Shutting down and abandoning module OnlineBlueprintSupport (95)
[2014.07.15-01.25.19:470][481]LogModuleManager: Shutting down and abandoning module PropertyEditor (94)
[2014.07.15-01.25.19:470][481]LogModuleManager: Shutting down and abandoning module AssetTools (93)
[2014.07.15-01.25.19:470][481]LogModuleManager: Shutting down and abandoning module BehaviorTreeEditor (92)
[2014.07.15-01.25.19:470][481]LogModuleManager: Shutting down and abandoning module FunctionalTesting (91)
[2014.07.15-01.25.19:470][481]LogModuleManager: Shutting down and abandoning module CollisionAnalyzer (90)
[2014.07.15-01.25.19:470][481]LogModuleManager: Shutting down and abandoning module WorkspaceMenuStructure (89)
[2014.07.15-01.25.19:470][481]LogModuleManager: Shutting down and abandoning module MessageLog (88)
[2014.07.15-01.25.19:470][481]LogModuleManager: Shutting down and abandoning module Slate (87)
[2014.07.15-01.25.19:470][481]LogModuleManager: Shutting down and abandoning module EditorStyle (86)
[2014.07.15-01.25.19:473][481]LogModuleManager: Shutting down and abandoning module SessionServices (85)
[2014.07.15-01.25.19:473][481]LogModuleManager: Shutting down and abandoning module Messaging (84)
[2014.07.15-01.25.19:473][481]LogModuleManager: Shutting down and abandoning module SourceCodeAccess (83)
[2014.07.15-01.25.19:474][481]LogModuleManager: Shutting down and abandoning module HeadMountedDisplay (82)
[2014.07.15-01.25.19:474][481]LogModuleManager: Shutting down and abandoning module XAudio2 (81)
[2014.07.15-01.25.19:474][481]LogModuleManager: Shutting down and abandoning module Networking (79)
[2014.07.15-01.25.19:474][481]LogModuleManager: Shutting down and abandoning module Core (78)
[2014.07.15-01.25.19:474][481]LogModuleManager: Shutting down and abandoning module KismetCompiler (77)
[2014.07.15-01.25.19:474][481]LogModuleManager: Shutting down and abandoning module PhysXFormats (76)
[2014.07.15-01.25.19:474][481]LogModuleManager: Shutting down and abandoning module SimplygonMeshReduction (75)
[2014.07.15-01.25.19:474][481]LogModuleManager: Shutting down and abandoning module MeshUtilities (74)
[2014.07.15-01.25.19:474][481]LogModuleManager: Shutting down and abandoning module DerivedDataCache (73)
[2014.07.15-01.25.19:969][481]LogDerivedDataCache: Shutdown
[2014.07.15-01.25.19:969][481]LogModuleManager: Shutting down and abandoning module ShaderFormatOpenGL (72)
[2014.07.15-01.25.19:969][481]LogModuleManager: Shutting down and abandoning module ShaderFormatD3D (71)
[2014.07.15-01.25.19:969][481]LogModuleManager: Shutting down and abandoning module TextureFormatUncompressed (70)
[2014.07.15-01.25.19:969][481]LogModuleManager: Shutting down and abandoning module TextureFormatPVR (69)
[2014.07.15-01.25.19:969][481]LogModuleManager: Shutting down and abandoning module TextureFormatDXT (68)
[2014.07.15-01.25.19:969][481]LogModuleManager: Shutting down and abandoning module TextureFormatAndroid (67)
[2014.07.15-01.25.19:969][481]LogModuleManager: Shutting down and abandoning module AudioFormatOpus (66)
[2014.07.15-01.25.19:969][481]LogModuleManager: Shutting down and abandoning module AudioFormatOgg (65)
[2014.07.15-01.25.19:969][481]LogModuleManager: Shutting down and abandoning module AudioFormatADPCM (64)
[2014.07.15-01.25.19:969][481]LogModuleManager: Shutting down and abandoning module Android_PVRTCTargetPlatform (63)
[2014.07.15-01.25.19:969][481]LogModuleManager: Shutting down and abandoning module Android_ETC2TargetPlatform (62)
[2014.07.15-01.25.19:969][481]LogModuleManager: Shutting down and abandoning module Android_ETC1TargetPlatform (61)
[2014.07.15-01.25.19:969][481]LogModuleManager: Shutting down and abandoning module Android_DXTTargetPlatform (60)
[2014.07.15-01.25.19:969][481]LogModuleManager: Shutting down and abandoning module Android_ATCTargetPlatform (59)
[2014.07.15-01.25.19:969][481]LogModuleManager: Shutting down and abandoning module AndroidTargetPlatform (58)
[2014.07.15-01.25.19:969][481]LogModuleManager: Shutting down and abandoning module WindowsTargetPlatform (57)
[2014.07.15-01.25.19:969][481]LogModuleManager: Shutting down and abandoning module WindowsServerTargetPlatform (56)
[2014.07.15-01.25.19:969][481]LogModuleManager: Shutting down and abandoning module WindowsNoEditorTargetPlatform (55)
[2014.07.15-01.25.19:969][481]LogModuleManager: Shutting down and abandoning module WindowsClientTargetPlatform (54)
[2014.07.15-01.25.19:969][481]LogModuleManager: Shutting down and abandoning module TargetPlatform (53)
[2014.07.15-01.25.19:969][481]LogModuleManager: Shutting down and abandoning module InputCore (52)
[2014.07.15-01.25.19:969][481]LogModuleManager: Shutting down and abandoning module Settings (51)
[2014.07.15-01.25.19:969][481]LogModuleManager: Shutting down and abandoning module TextureCompressor (48)
[2014.07.15-01.25.19:969][481]LogModuleManager: Shutting down and abandoning module ShaderCore (47)
[2014.07.15-01.25.19:969][481]LogModuleManager: Shutting down and abandoning module OpenGLDrv (46)
[2014.07.15-01.25.19:969][481]LogModuleManager: Shutting down and abandoning module D3D11RHI (45)
[2014.07.15-01.25.19:969][481]LogModuleManager: Shutting down and abandoning module SlateRHIRenderer (44)
[2014.07.15-01.25.19:969][481]LogModuleManager: Shutting down and abandoning module Renderer (43)
[2014.07.15-01.25.19:970][481]LogModuleManager: Shutting down and abandoning module Engine (42)
[2014.07.15-01.25.19:970][481]LogModuleManager: Shutting down and abandoning module SlateRemote (41)
[2014.07.15-01.25.19:970][481]LogModuleManager: Shutting down and abandoning module ScriptPlugin (40)
[2014.07.15-01.25.19:970][481]LogModuleManager: Shutting down and abandoning module ScriptEditorPlugin (38)
[2014.07.15-01.25.19:970][481]LogModuleManager: Shutting down and abandoning module WindowsMoviePlayer (37)
[2014.07.15-01.25.19:975][481]LogModuleManager: Shutting down and abandoning module ExampleDeviceProfileSelector (32)
[2014.07.15-01.25.19:975][481]LogModuleManager: Shutting down and abandoning module CustomMeshComponent (31)
[2014.07.15-01.25.19:975][481]LogModuleManager: Shutting down and abandoning module CableComponent (30)
[2014.07.15-01.25.19:975][481]LogModuleManager: Shutting down and abandoning module OculusRift (26)
[2014.07.15-01.25.19:975][481]LogModuleManager: Shutting down and abandoning module UdpMessaging (25)
[2014.07.15-01.25.20:075][481]LogModuleManager: Shutting down and abandoning module MessagingDebugger (24)
[2014.07.15-01.25.20:075][481]LogModuleManager: Shutting down and abandoning module PluginsEditor (14)
[2014.07.15-01.25.20:075][481]LogModuleManager: Shutting down and abandoning module IntroTutorials (13)
[2014.07.15-01.25.20:075][481]LogModuleManager: Shutting down and abandoning module EpicSurvey (12)
[2014.07.15-01.25.20:075][481]LogModuleManager: Shutting down and abandoning module VisualStudioSourceCodeAccess (10)
[2014.07.15-01.25.20:075][481]LogModuleManager: Shutting down and abandoning module UObjectPlugin (9)
[2014.07.15-01.25.20:075][481]LogModuleManager: Shutting down and abandoning module SubversionSourceControl (8)
[2014.07.15-01.25.20:075][481]LogModuleManager: Shutting down and abandoning module PerforceSourceControl (7)
[2014.07.15-01.25.20:075][481]LogModuleManager: Shutting down and abandoning module BlankPlugin (6)
[2014.07.15-01.25.20:075][481]LogModuleManager: Shutting down and abandoning module CoreUObject (5)
[2014.07.15-01.25.20:075][481]LogModuleManager: Shutting down and abandoning module NetworkFile (4)
[2014.07.15-01.25.20:075][481]LogModuleManager: Shutting down and abandoning module StreamingFile (3)
[2014.07.15-01.25.20:075][481]LogModuleManager: Shutting down and abandoning module SandboxFile (2)
[2014.07.15-01.25.20:075][481]LogModuleManager: Shutting down and abandoning module PakFile (1)
[2014.07.15-01.25.20:076][481]LogExit: Exiting.
[2014.07.15-01.25.20:081][481]Log file closed, 07/15/14 03:25:20
