Log file open, 07/05/14 14:11:04
LogInit:Display: Running engine for game: MyProject3
LogInit: Version: 4.2.1-2101290+++depot+UE4-Releases+4.2
LogInit: Compiled (64-bit): Jun 10 2014 22:21:56
LogInit: Build Configuration: Development
LogInit: Branch Name: ++depot+UE4-Releases+4.2
LogInit: Command line:  
LogInit: Base directory: E:/Unreal Engine/4.2/Engine/Binaries/Win64/
LogInit: Rocket: 1
[2014.07.05-12.11.04:133][  0]LogTaskGraph: Started task graph with 3 named threads and 6 total threads.
[2014.07.05-12.11.04:177][  0]LogOnline:Warning: No default platform service specified for OnlineSubsystem
[2014.07.05-12.11.04:183][  0]LogInit: Presizing for 0 objects not considered by GC, pre-allocating 0 bytes.
[2014.07.05-12.11.04:189][  0]LogInit: Object subsystem initialized
[2014.07.05-12.11.04:190][  0]LogInit: Selected Device Profile: [Windows]
[2014.07.05-12.11.04:190][  0]LogInit: Applying CVar settings loaded from the selected device profile: [Windows]
[2014.07.05-12.11.04:193][  0]LogInit: Computer: SPAEHLING-PC
[2014.07.05-12.11.04:193][  0]LogInit: User: Spaehling
[2014.07.05-12.11.04:194][  0]LogInit: CPU Page size=4096, Cores=6
[2014.07.05-12.11.04:194][  0]LogInit: High frequency timer resolution =3.126953 MHz
[2014.07.05-12.11.04:194][  0]LogMemory: Memory total: Physical=64.0GB (64GB approx) Virtual=8192.0GB
[2014.07.05-12.11.04:194][  0]LogMemory: Platform Memory Stats for Windows
[2014.07.05-12.11.04:194][  0]LogMemory: Process Physical Memory: 60.48 MB used, 60.48 MB peak
[2014.07.05-12.11.04:194][  0]LogMemory: Process Virtual Memory: 36.66 MB used, 36.82 MB peak
[2014.07.05-12.11.04:194][  0]LogMemory: Physical Memory: 5378.99 MB used, 65486.15 MB total
[2014.07.05-12.11.04:194][  0]LogMemory: Virtual Memory: 244.71 MB used, 8388608.00 MB total
[2014.07.05-12.11.04:241][  0]LogD3D11RHI: Found D3D11 adapter 0: NVIDIA GeForce GTX 690 (Feature Level 11_0)
[2014.07.05-12.11.04:241][  0]LogD3D11RHI: Adapter has 1990MB of dedicated video memory, 0MB of dedicated system memory, and 2048MB of shared system memory, 1 output[s]
[2014.07.05-12.11.04:264][  0]LogD3D11RHI: Found D3D11 adapter 1: NVIDIA GeForce GTX 690 (Feature Level 11_0)
[2014.07.05-12.11.04:264][  0]LogD3D11RHI: Adapter has 1990MB of dedicated video memory, 0MB of dedicated system memory, and 2048MB of shared system memory, 1 output[s]
[2014.07.05-12.11.04:264][  0]LogD3D11RHI: Chosen D3D11 Adapter Id = 0
[2014.07.05-12.11.04:268][  0]LogRHI: Texture pool is 1361 MB (70% of 1945 MB)
[2014.07.05-12.11.04:277][  0]LogD3D11RHI: Async texture creation enabled
[2014.07.05-12.11.04:325][  0]LogTextLocalizationManager:Warning: The selected culture 'de_DE' is not available; falling back to 'en'
[2014.07.05-12.11.04:373][  0]LogContentStreaming: Texture pool size is 0.000000MB
[2014.07.05-12.11.05:120][  0]LogTargetPlatformManager:Display: Building Assets For Windows
[2014.07.05-12.11.05:193][  0]LogTargetPlatformManager:Display: Building Assets For Windows
[2014.07.05-12.11.05:219][  0]LogDerivedDataCache:Display: Max Cache Size: 512 MB
[2014.07.05-12.11.05:251][  0]LogDerivedDataCache: Loaded boot cache 0.03s 39MB C:/Users/Spaehling/AppData/Local/UnrealEngine/4.2/DerivedDataCache/Boot.ddc.
[2014.07.05-12.11.05:251][  0]LogDerivedDataCache:Display: Loaded Boot cache: C:/Users/Spaehling/AppData/Local/UnrealEngine/4.2/DerivedDataCache/Boot.ddc
[2014.07.05-12.11.05:251][  0]LogDerivedDataCache: FDerivedDataBackendGraph:  Pak pak cache file D:/UDK4 Projects/MyProject3/DerivedDataCache/DDC.ddp not found, will not use a pak cache.
[2014.07.05-12.11.05:251][  0]LogDerivedDataCache: Unable to find inner node Pak for hierarchical cache Hierarchy.
[2014.07.05-12.11.05:261][  0]LogDerivedDataCache:Display: Pak cache opened for reading ../../../Engine/DerivedDataCache/DDC.ddp.
[2014.07.05-12.11.05:273][  0]LogDerivedDataCache: Using Local data cache path C:/Users/Spaehling/AppData/Local/UnrealEngine/4.2/DerivedDataCache: Writable
[2014.07.05-12.11.05:408][  0]LogMeshUtilities: No automatic mesh reduction module available
[2014.07.05-12.11.05:408][  0]LogMeshUtilities: No automatic mesh merging module available
[2014.07.05-12.11.05:685][  0]LogInit: WinSock: version 1.1 (2.2), MaxSocks=32767, MaxUdp=65467
[2014.07.05-12.11.05:982][  0]LogStreaming:Warning: Failed to read file '../../../Engine/Content/Editor/Slate/Icons/ActorIcons/GroupActor_16x.png' error.
[2014.07.05-12.11.05:982][  0]LogSlate: Could not find file for Slate resource: ../../../Engine/Content/Editor/Slate/Icons/ActorIcons/GroupActor_16x.png
[2014.07.05-12.11.05:986][  0]LogStreaming:Warning: Failed to read file '../../../Engine/Content/Editor/Slate/Icons/ActorIcons/DecalActor_16x.png' error.
[2014.07.05-12.11.05:986][  0]LogSlate: Could not find file for Slate resource: ../../../Engine/Content/Editor/Slate/Icons/ActorIcons/DecalActor_16x.png
[2014.07.05-12.11.06:219][  0]UdpMessaging: Initializing bridge on interface 0.0.0.0:0 to multicast group 230.0.0.1:6666.
[2014.07.05-12.11.06:305][  0]SourceControl: Info Source control is disabled
[2014.07.05-12.11.06:305][  0]SourceControl: Info Source control is disabled
[2014.07.05-12.11.06:309][  0]SourceControl: Info Source control is disabled
[2014.07.05-12.11.06:377][  0]BlueprintLog: New page: Editor Load
[2014.07.05-12.11.06:407][  0]LogObj: 19203 objects as part of root set at end of initial load.
[2014.07.05-12.11.06:407][  0]LogUObjectAllocator: 3820576 out of 0 bytes used by permanent object pool.
[2014.07.05-12.11.06:730][  0]LogEngine: Initializing Engine...
[2014.07.05-12.11.06:828][  0]LogInit: XAudio2 using 'Lautsprecher (Corsair Vengeance 2000 Headset)' : 8 channels at 44.1 kHz using 16 bits per sample (channel mask 0x63f)
[2014.07.05-12.11.06:836][  0]LogInit: FAudioDevice initialized.
[2014.07.05-12.11.06:855][  0]LogDerivedDataCache: Saved boot cache 0.02s 39MB C:/Users/Spaehling/AppData/Local/UnrealEngine/4.2/DerivedDataCache/Boot.ddc.
[2014.07.05-12.11.06:859][  0]LogInit: Texture streaming: Enabled
[2014.07.05-12.11.06:882][  0]LogInit: Transaction tracking system initialized
[2014.07.05-12.11.06:956][  0]LogAssetRegistry: FAssetRegistry took 0.0096 seconds to start up
[2014.07.05-12.11.07:070][  0]LogModuleManager:Warning: ModuleManager: Unable to load module '' because the file was not found.
[2014.07.05-12.11.07:074][  0]LogModuleManager:Warning: ModuleManager: Unable to load module '' because the file was not found.
[2014.07.05-12.11.07:110][  0]LogConsoleResponse:Display: 
[2014.07.05-12.11.07:269][  0]SourceControl: Info Source control is disabled
[2014.07.05-12.11.07:269][  0]Cmd: MAP LOAD FILE="D:/UDK4 Projects/MyProject3/Content/Maps/waagenbau.umap" TEMPLATE=0 SHOWPROGRESS=1 WORLDCOMPOSITION=0
[2014.07.05-12.11.07:269][  0]LightingResults: New page: Lighting Build
[2014.07.05-12.11.07:283][  0]MapCheck: New page: Map Check
[2014.07.05-12.11.07:283][  0]LightingResults: New page: Lighting Build
[2014.07.05-12.11.07:371][  0]LogParticles: Destroying 0 GPU particle simulations for FXSystem 0x000000000FBCEA20
[2014.07.05-12.11.17:791][  0]LogBlueprint:Warning: Node '/Game/Blueprints/Assets/Cigarettes.cigarettes:UserConstructionScript.K2Node_VariableGet_424' missing NodeGuid.
[2014.07.05-12.11.18:729][  0]LogBlueprintUserMessages:Warning: SetTimer passed a bad function () or object (DiscoLight_1_C_0)
[2014.07.05-12.11.18:730][  0]LogBlueprintUserMessages:Warning: SetTimer passed a bad function () or object (DiscoLight_1_C_1)
[2014.07.05-12.11.18:731][  0]LogBlueprintUserMessages:Warning: SetTimer passed a bad function () or object (DiscoLight_1_C_2)
[2014.07.05-12.11.18:731][  0]LogBlueprintUserMessages:Warning: SetTimer passed a bad function () or object (DiscoLight_1_C_3)
[2014.07.05-12.11.18:732][  0]LogBlueprintUserMessages:Warning: SetTimer passed a bad function () or object (DiscoLight_1_C_4)
[2014.07.05-12.11.18:732][  0]LogBlueprintUserMessages:Warning: SetTimer passed a bad function () or object (DiscoLight_1_C_5)
[2014.07.05-12.11.18:733][  0]LogBlueprintUserMessages:Warning: SetTimer passed a bad function () or object (DiscoLight_1_C_6)
[2014.07.05-12.11.18:734][  0]LogBlueprintUserMessages:Warning: SetTimer passed a bad function () or object (DiscoLight_1_C_7)
[2014.07.05-12.11.18:735][  0]LogBlueprintUserMessages:Warning: SetTimer passed a bad function () or object (DiscoLight_1_C_8)
[2014.07.05-12.11.18:735][  0]LogBlueprintUserMessages:Warning: SetTimer passed a bad function () or object (DiscoLight_1_C_9)
[2014.07.05-12.11.18:736][  0]LogBlueprintUserMessages:Warning: SetTimer passed a bad function () or object (DiscoLight_1_C_10)
[2014.07.05-12.11.18:736][  0]LogBlueprintUserMessages:Warning: SetTimer passed a bad function () or object (DiscoLight_1_C_11)
[2014.07.05-12.11.18:737][  0]LogBlueprintUserMessages:Warning: SetTimer passed a bad function () or object (DiscoLight_1_C_12)
[2014.07.05-12.11.18:738][  0]LogBlueprintUserMessages:Warning: SetTimer passed a bad function () or object (DiscoLight_1_C_13)
[2014.07.05-12.11.18:738][  0]LogBlueprintUserMessages:Warning: SetTimer passed a bad function () or object (DiscoLight_1_C_14)
[2014.07.05-12.11.18:739][  0]LogBlueprintUserMessages:Warning: SetTimer passed a bad function () or object (DiscoLight_1_C_15)
[2014.07.05-12.11.18:739][  0]LogBlueprintUserMessages:Warning: SetTimer passed a bad function () or object (DiscoLight_1_C_16)
[2014.07.05-12.11.18:740][  0]LogBlueprintUserMessages:Warning: SetTimer passed a bad function () or object (DiscoLight_1_C_17)
[2014.07.05-12.11.18:741][  0]LogBlueprintUserMessages:Warning: SetTimer passed a bad function () or object (DiscoLight_1_C_18)
[2014.07.05-12.11.18:741][  0]LogBlueprintUserMessages:Warning: SetTimer passed a bad function () or object (DiscoLight_1_C_19)
[2014.07.05-12.11.18:742][  0]LogBlueprintUserMessages:Warning: SetTimer passed a bad function () or object (DiscoLight_1_C_20)
[2014.07.05-12.11.18:772][  0]LogEditorServer: Finished looking for orphan Actors (0.000 secs)
[2014.07.05-12.11.18:796][  0]Cmd: MAP CHECKDEP
[2014.07.05-12.11.18:796][  0]MapCheck: New page: waagenbau - Jul 5, 2014, 4:11:18 PM
[2014.07.05-12.11.18:856][  0]MapCheck: Info ========== Map Check: 0 Error(s), 0 Warning(s), [59.915ms] ==========
[2014.07.05-12.11.18:856][  0]LogFileHelpers: Loading map 'waagenbau' took 11.587
[2014.07.05-12.11.20:524][  0]LogCrashTracker: Crashtracker disabled due to settings.
[2014.07.05-12.11.20:534][  0]Cmd: MODE PLACEMENT
[2014.07.05-12.11.20:789][  0]LogLoad: Full Startup: 17.23 seconds (BP compile: 0.52 seconds)
[2014.07.05-12.11.21:061][  0]LogRenderer:Warning: Reallocating scene render targets to support 32x32.
[2014.07.05-12.11.21:290][  0]LogRenderer:Warning: Reallocating scene render targets to support 1120x856.
[2014.07.05-12.11.21:490][  1]LogEpicStorage:Warning: EnumerateFiles request failed. Invalid response. code=403 error=<?xml version="1.0" encoding="UTF-8"?>
<Error><Code>AccessDenied</Code><Message>Access Denied</Message><RequestId>4F152F251286C28C</RequestId><HostId>YMRjD01VaHkAYGLP5jC9jrFTyEDmOcDWAR1tpkzQ238RLP7cA7Bvh4EtVy0JeiBx</HostId></Error>
[2014.07.05-12.11.21:568][  1]LogAssetRegistry: Asset discovery search completed in 14.6214 seconds
[2014.07.05-12.11.21:677][  2]LogEpicSurvey:Warning: EnumerateFiles request failed. Invalid response. code=403 error=<?xml version="1.0" encoding="UTF-8"?>
<Error><Code>AccessDenied</Code><Message>Access Denied</Message><RequestId>FA73852C5832C850</RequestId><HostId>rm3LHY4xH+bOVw1n7zD0jXNwigNPTae6syOD13dY7j7IyfhvTOeu2+ffJs8JEWRv</HostId></Error>
[2014.07.05-12.11.21:704][  3]LogEpicStorage:Warning: EnumerateFiles request failed. Invalid response. code=403 error=<?xml version="1.0" encoding="UTF-8"?>
<Error><Code>AccessDenied</Code><Message>Access Denied</Message><RequestId>4F152F251286C28C</RequestId><HostId>YMRjD01VaHkAYGLP5jC9jrFTyEDmOcDWAR1tpkzQ238RLP7cA7Bvh4EtVy0JeiBx</HostId></Error>
[2014.07.05-12.11.21:741][  4]LogEpicSurvey:Warning: EnumerateFiles request failed. Invalid response. code=403 error=<?xml version="1.0" encoding="UTF-8"?>
<Error><Code>AccessDenied</Code><Message>Access Denied</Message><RequestId>FA73852C5832C850</RequestId><HostId>rm3LHY4xH+bOVw1n7zD0jXNwigNPTae6syOD13dY7j7IyfhvTOeu2+ffJs8JEWRv</HostId></Error>
[2014.07.05-12.11.21:804][  6]LogEpicSurvey:Warning: EnumerateFiles request failed. Invalid response. code=403 error=<?xml version="1.0" encoding="UTF-8"?>
<Error><Code>AccessDenied</Code><Message>Access Denied</Message><RequestId>0C05B13875F019EA</RequestId><HostId>SWHQ6S7bnKRlJzM1HAbYKVppieW+l2gPf1nHN+BwjIDSW8QKiqUABYXw92TJN9Dm</HostId></Error>
[2014.07.05-12.11.21:837][  9]LogEpicStorage:Warning: ReadFile request failed. File request already pending for filename=http://cdn.unrealengine.com/newsfeed/blueprint_icon_b.png
[2014.07.05-12.11.21:842][  9]LogEpicStorage:Warning: ReadFile request failed. File request already pending for filename=http://cdn.unrealengine.com/newsfeed/blueprint_icon_b.png
[2014.07.05-12.11.30:884][292]Cmd: QUIT_EDITOR
[2014.07.05-12.11.30:939][292]LogWindowsTextInputMethodSystem:Error: Terminating failed while unadvising the language notification sink from the TSF source.
[2014.07.05-12.11.30:942][292]LogExit: Preparing to exit.
[2014.07.05-12.11.31:326][292]LogExit: Editor shut down
[2014.07.05-12.11.31:326][292]LogExit: Transaction tracking system shut down
[2014.07.05-12.11.31:330][292]LogParticles: Destroying 0 GPU particle simulations for FXSystem 0x000000001EF88900
[2014.07.05-12.11.31:331][292]LogParticles: Destroying 0 GPU particle simulations for FXSystem 0x000000001F2EDB20
[2014.07.05-12.11.31:331][292]LogParticles: Destroying 0 GPU particle simulations for FXSystem 0x000000001DF3B880
[2014.07.05-12.11.31:443][292]LogParticles: Destroying 0 GPU particle simulations for FXSystem 0x000000001F473A60
[2014.07.05-12.11.31:443][292]LogExit: Object subsystem successfully closed.
[2014.07.05-12.11.31:517][292]LogModuleManager: Shutting down and abandoning module AndroidDeviceDetection (162)
[2014.07.05-12.11.31:517][292]LogModuleManager: Shutting down and abandoning module CrashTracker (161)
[2014.07.05-12.11.31:517][292]LogModuleManager: Shutting down and abandoning module HTTP (160)
[2014.07.05-12.11.31:517][292]LogModuleManager: Shutting down and abandoning module NewsFeed (159)
[2014.07.05-12.11.31:517][292]LogModuleManager: Shutting down and abandoning module SceneOutliner (158)
[2014.07.05-12.11.31:517][292]LogModuleManager: Shutting down and abandoning module StatsViewer (157)
[2014.07.05-12.11.31:517][292]LogModuleManager: Shutting down and abandoning module FoliageEdit (156)
[2014.07.05-12.11.31:529][292]LogModuleManager: Shutting down and abandoning module LandscapeEditor (155)
[2014.07.05-12.11.31:548][292]LogModuleManager: Shutting down and abandoning module MeshPaint (154)
[2014.07.05-12.11.31:564][292]LogModuleManager: Shutting down and abandoning module ActorPickerMode (153)
[2014.07.05-12.11.31:564][292]LogModuleManager: Shutting down and abandoning module GeometryMode (152)
[2014.07.05-12.11.31:564][292]LogModuleManager: Shutting down and abandoning module TextureAlignMode (151)
[2014.07.05-12.11.31:564][292]LogModuleManager: Shutting down and abandoning module BspMode (150)
[2014.07.05-12.11.31:564][292]LogModuleManager: Shutting down and abandoning module PlacementMode (149)
[2014.07.05-12.11.31:564][292]LogModuleManager: Shutting down and abandoning module AutomationWorker (148)
[2014.07.05-12.11.31:564][292]LogModuleManager: Shutting down and abandoning module ViewportSnapping (147)
[2014.07.05-12.11.31:564][292]LogModuleManager: Shutting down and abandoning module DeviceProfileEditor (146)
[2014.07.05-12.11.31:564][292]LogModuleManager: Shutting down and abandoning module UndoHistory (145)
[2014.07.05-12.11.31:564][292]LogModuleManager: Shutting down and abandoning module GameplayTagsEditor (144)
[2014.07.05-12.11.31:564][292]LogModuleManager: Shutting down and abandoning module UserFeedback (143)
[2014.07.05-12.11.31:565][292]LogModuleManager: Shutting down and abandoning module XmlParser (142)
[2014.07.05-12.11.31:565][292]LogModuleManager: Shutting down and abandoning module Blutility (141)
[2014.07.05-12.11.31:565][292]LogModuleManager: Shutting down and abandoning module AndroidPlatformEditor (138)
[2014.07.05-12.11.31:565][292]LogModuleManager: Shutting down and abandoning module AndroidRuntimeSettings (137)
[2014.07.05-12.11.31:565][292]LogModuleManager: Shutting down and abandoning module ProjectSettingsViewer (136)
[2014.07.05-12.11.31:565][292]LogModuleManager: Shutting down and abandoning module InputBindingEditor (135)
[2014.07.05-12.11.31:565][292]LogModuleManager: Shutting down and abandoning module EditorSettingsViewer (134)
[2014.07.05-12.11.31:565][292]LogModuleManager: Shutting down and abandoning module SettingsEditor (133)
[2014.07.05-12.11.31:565][292]LogModuleManager: Shutting down and abandoning module SessionLauncher (132)
[2014.07.05-12.11.31:565][292]LogModuleManager: Shutting down and abandoning module SessionFrontend (131)
[2014.07.05-12.11.31:565][292]LogModuleManager: Shutting down and abandoning module ProfilerClient (130)
[2014.07.05-12.11.31:565][292]LogModuleManager: Shutting down and abandoning module TargetDeviceServices (129)
[2014.07.05-12.11.31:565][292]LogModuleManager: Shutting down and abandoning module DeviceManager (128)
[2014.07.05-12.11.31:565][292]LogModuleManager: Shutting down and abandoning module AutomationController (127)
[2014.07.05-12.11.31:565][292]LogModuleManager: Shutting down and abandoning module AutomationWindow (126)
[2014.07.05-12.11.31:576][292]LogModuleManager: Shutting down and abandoning module Layers (125)
[2014.07.05-12.11.31:597][292]LogModuleManager: Shutting down and abandoning module ComponentVisualizers (124)
[2014.07.05-12.11.31:597][292]LogModuleManager: Shutting down and abandoning module DetailCustomizations (123)
[2014.07.05-12.11.31:598][292]LogModuleManager: Shutting down and abandoning module PackagesDialog (122)
[2014.07.05-12.11.31:607][292]LogModuleManager: Shutting down and abandoning module DirectoryWatcher (121)
[2014.07.05-12.11.31:607][292]LogModuleManager: Shutting down and abandoning module AssetRegistry (120)
[2014.07.05-12.11.31:698][292]LogModuleManager: Shutting down and abandoning module Persona (119)
[2014.07.05-12.11.31:698][292]LogModuleManager: Shutting down and abandoning module GraphEditor (118)
[2014.07.05-12.11.31:718][292]LogModuleManager: Shutting down and abandoning module ContentBrowser (117)
[2014.07.05-12.11.31:728][292]LogModuleManager: Shutting down and abandoning module ClassViewer (116)
[2014.07.05-12.11.31:728][292]LogModuleManager: Shutting down and abandoning module Toolbox (115)
[2014.07.05-12.11.31:728][292]LogModuleManager: Shutting down and abandoning module ModuleUI (114)
[2014.07.05-12.11.31:729][292]LogModuleManager: Shutting down and abandoning module Sequencer (113)
[2014.07.05-12.11.31:735][292]LogModuleManager: Shutting down and abandoning module MovieSceneTools (112)
[2014.07.05-12.11.31:735][292]LogModuleManager: Shutting down and abandoning module OutputLog (111)
[2014.07.05-12.11.31:735][292]LogModuleManager: Shutting down and abandoning module GammaUI (110)
[2014.07.05-12.11.31:735][292]LogModuleManager: Shutting down and abandoning module Documentation (109)
[2014.07.05-12.11.31:735][292]LogModuleManager: Shutting down and abandoning module StreamingPauseRendering (108)
[2014.07.05-12.11.31:735][292]LogModuleManager: Shutting down and abandoning module AnalyticsET (107)
[2014.07.05-12.11.31:735][292]LogModuleManager: Shutting down and abandoning module Analytics (106)
[2014.07.05-12.11.31:735][292]LogModuleManager: Shutting down and abandoning module ProfilerService (105)
[2014.07.05-12.11.31:920][292]LogModuleManager: Shutting down and abandoning module TaskGraph (104)
[2014.07.05-12.11.31:930][292]LogModuleManager: Shutting down and abandoning module GameProjectGeneration (103)
[2014.07.05-12.11.31:930][292]LogModuleManager: Shutting down and abandoning module Matinee (102)
[2014.07.05-12.11.31:937][292]LogModuleManager: Shutting down and abandoning module Kismet (101)
[2014.07.05-12.11.31:943][292]LogModuleManager: Shutting down and abandoning module SlateReflector (100)
[2014.07.05-12.11.31:943][292]LogModuleManager: Shutting down and abandoning module LevelEditor (99)
[2014.07.05-12.11.31:944][292]LogModuleManager: Shutting down and abandoning module MainFrame (98)
[2014.07.05-12.11.31:944][292]LogModuleManager: Shutting down and abandoning module SourceControl (97)
[2014.07.05-12.11.31:944][292]LogModuleManager: Shutting down and abandoning module ImageWrapper (96)
[2014.07.05-12.11.31:944][292]LogModuleManager: Shutting down and abandoning module OnlineBlueprintSupport (95)
[2014.07.05-12.11.31:944][292]LogModuleManager: Shutting down and abandoning module PropertyEditor (94)
[2014.07.05-12.11.31:944][292]LogModuleManager: Shutting down and abandoning module AssetTools (93)
[2014.07.05-12.11.31:963][292]LogModuleManager: Shutting down and abandoning module BehaviorTreeEditor (92)
[2014.07.05-12.11.31:972][292]LogModuleManager: Shutting down and abandoning module FunctionalTesting (91)
[2014.07.05-12.11.31:972][292]LogModuleManager: Shutting down and abandoning module CollisionAnalyzer (90)
[2014.07.05-12.11.31:981][292]LogModuleManager: Shutting down and abandoning module WorkspaceMenuStructure (89)
[2014.07.05-12.11.31:990][292]LogModuleManager: Shutting down and abandoning module MessageLog (88)
[2014.07.05-12.11.31:990][292]LogModuleManager: Shutting down and abandoning module Slate (87)
[2014.07.05-12.11.31:990][292]LogModuleManager: Shutting down and abandoning module EditorStyle (86)
[2014.07.05-12.11.31:991][292]LogModuleManager: Shutting down and abandoning module SessionServices (85)
[2014.07.05-12.11.31:991][292]LogModuleManager: Shutting down and abandoning module Messaging (84)
[2014.07.05-12.11.31:991][292]LogModuleManager: Shutting down and abandoning module SourceCodeAccess (83)
[2014.07.05-12.11.31:991][292]LogModuleManager: Shutting down and abandoning module HeadMountedDisplay (82)
[2014.07.05-12.11.31:991][292]LogModuleManager: Shutting down and abandoning module XAudio2 (81)
[2014.07.05-12.11.31:991][292]LogModuleManager: Shutting down and abandoning module Networking (79)
[2014.07.05-12.11.31:991][292]LogModuleManager: Shutting down and abandoning module Core (78)
[2014.07.05-12.11.31:991][292]LogModuleManager: Shutting down and abandoning module KismetCompiler (77)
[2014.07.05-12.11.31:991][292]LogModuleManager: Shutting down and abandoning module PhysXFormats (76)
[2014.07.05-12.11.31:991][292]LogModuleManager: Shutting down and abandoning module SimplygonMeshReduction (75)
[2014.07.05-12.11.31:991][292]LogModuleManager: Shutting down and abandoning module MeshUtilities (74)
[2014.07.05-12.11.31:996][292]LogModuleManager: Shutting down and abandoning module DerivedDataCache (73)
[2014.07.05-12.11.32:264][292]LogDerivedDataCache: Shutdown
[2014.07.05-12.11.32:264][292]LogModuleManager: Shutting down and abandoning module ShaderFormatOpenGL (72)
[2014.07.05-12.11.32:264][292]LogModuleManager: Shutting down and abandoning module ShaderFormatD3D (71)
[2014.07.05-12.11.32:264][292]LogModuleManager: Shutting down and abandoning module TextureFormatUncompressed (70)
[2014.07.05-12.11.32:264][292]LogModuleManager: Shutting down and abandoning module TextureFormatPVR (69)
[2014.07.05-12.11.32:264][292]LogModuleManager: Shutting down and abandoning module TextureFormatDXT (68)
[2014.07.05-12.11.32:264][292]LogModuleManager: Shutting down and abandoning module TextureFormatAndroid (67)
[2014.07.05-12.11.32:264][292]LogModuleManager: Shutting down and abandoning module AudioFormatOpus (66)
[2014.07.05-12.11.32:264][292]LogModuleManager: Shutting down and abandoning module AudioFormatOgg (65)
[2014.07.05-12.11.32:264][292]LogModuleManager: Shutting down and abandoning module AudioFormatADPCM (64)
[2014.07.05-12.11.32:264][292]LogModuleManager: Shutting down and abandoning module Android_PVRTCTargetPlatform (63)
[2014.07.05-12.11.32:264][292]LogModuleManager: Shutting down and abandoning module Android_ETC2TargetPlatform (62)
[2014.07.05-12.11.32:264][292]LogModuleManager: Shutting down and abandoning module Android_ETC1TargetPlatform (61)
[2014.07.05-12.11.32:264][292]LogModuleManager: Shutting down and abandoning module Android_DXTTargetPlatform (60)
[2014.07.05-12.11.32:264][292]LogModuleManager: Shutting down and abandoning module Android_ATCTargetPlatform (59)
[2014.07.05-12.11.32:264][292]LogModuleManager: Shutting down and abandoning module AndroidTargetPlatform (58)
[2014.07.05-12.11.32:264][292]LogModuleManager: Shutting down and abandoning module WindowsTargetPlatform (57)
[2014.07.05-12.11.32:264][292]LogModuleManager: Shutting down and abandoning module WindowsServerTargetPlatform (56)
[2014.07.05-12.11.32:264][292]LogModuleManager: Shutting down and abandoning module WindowsNoEditorTargetPlatform (55)
[2014.07.05-12.11.32:264][292]LogModuleManager: Shutting down and abandoning module WindowsClientTargetPlatform (54)
[2014.07.05-12.11.32:264][292]LogModuleManager: Shutting down and abandoning module TargetPlatform (53)
[2014.07.05-12.11.32:264][292]LogModuleManager: Shutting down and abandoning module InputCore (52)
[2014.07.05-12.11.32:264][292]LogModuleManager: Shutting down and abandoning module Settings (51)
[2014.07.05-12.11.32:264][292]LogModuleManager: Shutting down and abandoning module TextureCompressor (48)
[2014.07.05-12.11.32:264][292]LogModuleManager: Shutting down and abandoning module ShaderCore (47)
[2014.07.05-12.11.32:264][292]LogModuleManager: Shutting down and abandoning module OpenGLDrv (46)
[2014.07.05-12.11.32:264][292]LogModuleManager: Shutting down and abandoning module D3D11RHI (45)
[2014.07.05-12.11.32:264][292]LogModuleManager: Shutting down and abandoning module SlateRHIRenderer (44)
[2014.07.05-12.11.32:264][292]LogModuleManager: Shutting down and abandoning module Renderer (43)
[2014.07.05-12.11.32:264][292]LogModuleManager: Shutting down and abandoning module Engine (42)
[2014.07.05-12.11.32:264][292]LogModuleManager: Shutting down and abandoning module SlateRemote (41)
[2014.07.05-12.11.32:264][292]LogModuleManager: Shutting down and abandoning module ScriptPlugin (40)
[2014.07.05-12.11.32:276][292]LogModuleManager: Shutting down and abandoning module ScriptEditorPlugin (38)
[2014.07.05-12.11.32:276][292]LogModuleManager: Shutting down and abandoning module WindowsMoviePlayer (37)
[2014.07.05-12.11.32:281][292]LogModuleManager: Shutting down and abandoning module ExampleDeviceProfileSelector (32)
[2014.07.05-12.11.32:281][292]LogModuleManager: Shutting down and abandoning module CustomMeshComponent (31)
[2014.07.05-12.11.32:281][292]LogModuleManager: Shutting down and abandoning module CableComponent (30)
[2014.07.05-12.11.32:281][292]LogModuleManager: Shutting down and abandoning module OculusRift (26)
[2014.07.05-12.11.32:281][292]LogModuleManager: Shutting down and abandoning module UdpMessaging (25)
[2014.07.05-12.11.32:381][292]LogModuleManager: Shutting down and abandoning module MessagingDebugger (24)
[2014.07.05-12.11.32:396][292]LogModuleManager: Shutting down and abandoning module PluginsEditor (14)
[2014.07.05-12.11.32:397][292]LogModuleManager: Shutting down and abandoning module IntroTutorials (13)
[2014.07.05-12.11.32:397][292]LogModuleManager: Shutting down and abandoning module EpicSurvey (12)
[2014.07.05-12.11.32:397][292]LogModuleManager: Shutting down and abandoning module VisualStudioSourceCodeAccess (10)
[2014.07.05-12.11.32:397][292]LogModuleManager: Shutting down and abandoning module UObjectPlugin (9)
[2014.07.05-12.11.32:397][292]LogModuleManager: Shutting down and abandoning module SubversionSourceControl (8)
[2014.07.05-12.11.32:397][292]LogModuleManager: Shutting down and abandoning module PerforceSourceControl (7)
[2014.07.05-12.11.32:397][292]LogModuleManager: Shutting down and abandoning module BlankPlugin (6)
[2014.07.05-12.11.32:397][292]LogModuleManager: Shutting down and abandoning module CoreUObject (5)
[2014.07.05-12.11.32:397][292]LogModuleManager: Shutting down and abandoning module NetworkFile (4)
[2014.07.05-12.11.32:397][292]LogModuleManager: Shutting down and abandoning module StreamingFile (3)
[2014.07.05-12.11.32:397][292]LogModuleManager: Shutting down and abandoning module SandboxFile (2)
[2014.07.05-12.11.32:397][292]LogModuleManager: Shutting down and abandoning module PakFile (1)
[2014.07.05-12.11.32:397][292]LogExit: Exiting.
[2014.07.05-12.11.32:399][292]Log file closed, 07/05/14 14:11:32
