Log file open, 07/19/14 13:51:50
LogInit:Display: Running engine for game: MyProject3
LogInit: Version: 4.2.1-2101290+++depot+UE4-Releases+4.2
LogInit: Compiled (64-bit): Jun 10 2014 22:21:56
LogInit: Build Configuration: Development
LogInit: Branch Name: ++depot+UE4-Releases+4.2
LogInit: Command line:  
LogInit: Base directory: E:/Unreal Engine/4.2/Engine/Binaries/Win64/
LogInit: Rocket: 1
[2014.07.19-11.51.50:942][  0]LogTaskGraph: Started task graph with 3 named threads and 6 total threads.
[2014.07.19-11.51.50:987][  0]LogOnline:Warning: No default platform service specified for OnlineSubsystem
[2014.07.19-11.51.51:007][  0]LogInit: Presizing for 0 objects not considered by GC, pre-allocating 0 bytes.
[2014.07.19-11.51.51:012][  0]LogInit: Object subsystem initialized
[2014.07.19-11.51.51:014][  0]LogInit: Selected Device Profile: [Windows]
[2014.07.19-11.51.51:014][  0]LogInit: Applying CVar settings loaded from the selected device profile: [Windows]
[2014.07.19-11.51.51:018][  0]LogInit: Computer: SPAEHLING-PC
[2014.07.19-11.51.51:018][  0]LogInit: User: Spaehling
[2014.07.19-11.51.51:019][  0]LogInit: CPU Page size=4096, Cores=6
[2014.07.19-11.51.51:019][  0]LogInit: High frequency timer resolution =3.126962 MHz
[2014.07.19-11.51.51:019][  0]LogMemory: Memory total: Physical=64.0GB (64GB approx) Virtual=8192.0GB
[2014.07.19-11.51.51:019][  0]LogMemory: Platform Memory Stats for Windows
[2014.07.19-11.51.51:019][  0]LogMemory: Process Physical Memory: 60.13 MB used, 60.13 MB peak
[2014.07.19-11.51.51:019][  0]LogMemory: Process Virtual Memory: 36.18 MB used, 36.32 MB peak
[2014.07.19-11.51.51:019][  0]LogMemory: Physical Memory: 8455.87 MB used, 65486.15 MB total
[2014.07.19-11.51.51:019][  0]LogMemory: Virtual Memory: 244.15 MB used, 8388608.00 MB total
[2014.07.19-11.51.51:078][  0]LogD3D11RHI: Found D3D11 adapter 0: NVIDIA GeForce GTX 690 (Feature Level 11_0)
[2014.07.19-11.51.51:078][  0]LogD3D11RHI: Adapter has 1990MB of dedicated video memory, 0MB of dedicated system memory, and 2048MB of shared system memory, 1 output[s]
[2014.07.19-11.51.51:099][  0]LogD3D11RHI: Found D3D11 adapter 1: NVIDIA GeForce GTX 690 (Feature Level 11_0)
[2014.07.19-11.51.51:099][  0]LogD3D11RHI: Adapter has 1990MB of dedicated video memory, 0MB of dedicated system memory, and 2048MB of shared system memory, 1 output[s]
[2014.07.19-11.51.51:099][  0]LogD3D11RHI: Chosen D3D11 Adapter Id = 0
[2014.07.19-11.51.51:105][  0]LogRHI: Texture pool is 1361 MB (70% of 1945 MB)
[2014.07.19-11.51.51:113][  0]LogD3D11RHI: Async texture creation enabled
[2014.07.19-11.51.51:198][  0]LogTextLocalizationManager:Warning: The selected culture 'de_DE' is not available; falling back to 'en'
[2014.07.19-11.51.51:246][  0]LogContentStreaming: Texture pool size is 0.000000MB
[2014.07.19-11.51.52:044][  0]LogTargetPlatformManager:Display: Building Assets For Windows
[2014.07.19-11.51.52:167][  0]LogTargetPlatformManager:Display: Building Assets For Windows
[2014.07.19-11.51.52:197][  0]LogDerivedDataCache:Display: Max Cache Size: 512 MB
[2014.07.19-11.51.52:232][  0]LogDerivedDataCache: Loaded boot cache 0.03s 39MB C:/Users/Spaehling/AppData/Local/UnrealEngine/4.2/DerivedDataCache/Boot.ddc.
[2014.07.19-11.51.52:232][  0]LogDerivedDataCache:Display: Loaded Boot cache: C:/Users/Spaehling/AppData/Local/UnrealEngine/4.2/DerivedDataCache/Boot.ddc
[2014.07.19-11.51.52:232][  0]LogDerivedDataCache: FDerivedDataBackendGraph:  Pak pak cache file D:/UDK4 Projects/Waagenbau/DerivedDataCache/DDC.ddp not found, will not use a pak cache.
[2014.07.19-11.51.52:232][  0]LogDerivedDataCache: Unable to find inner node Pak for hierarchical cache Hierarchy.
[2014.07.19-11.51.52:243][  0]LogDerivedDataCache:Display: Pak cache opened for reading ../../../Engine/DerivedDataCache/DDC.ddp.
[2014.07.19-11.51.52:255][  0]LogDerivedDataCache: Using Local data cache path C:/Users/Spaehling/AppData/Local/UnrealEngine/4.2/DerivedDataCache: Writable
[2014.07.19-11.51.52:626][  0]LogMeshUtilities: No automatic mesh reduction module available
[2014.07.19-11.51.52:626][  0]LogMeshUtilities: No automatic mesh merging module available
[2014.07.19-11.51.52:911][  0]LogInit: WinSock: version 1.1 (2.2), MaxSocks=32767, MaxUdp=65467
[2014.07.19-11.51.53:679][  0]LogStreaming:Warning: Failed to read file '../../../Engine/Content/Editor/Slate/Icons/ActorIcons/GroupActor_16x.png' error.
[2014.07.19-11.51.53:679][  0]LogSlate: Could not find file for Slate resource: ../../../Engine/Content/Editor/Slate/Icons/ActorIcons/GroupActor_16x.png
[2014.07.19-11.51.53:697][  0]LogStreaming:Warning: Failed to read file '../../../Engine/Content/Editor/Slate/Icons/ActorIcons/DecalActor_16x.png' error.
[2014.07.19-11.51.53:697][  0]LogSlate: Could not find file for Slate resource: ../../../Engine/Content/Editor/Slate/Icons/ActorIcons/DecalActor_16x.png
[2014.07.19-11.51.54:332][  0]UdpMessaging: Initializing bridge on interface 0.0.0.0:0 to multicast group 230.0.0.1:6666.
[2014.07.19-11.51.54:487][  0]SourceControl: Info Source control is disabled
[2014.07.19-11.51.54:487][  0]SourceControl: Info Source control is disabled
[2014.07.19-11.51.54:492][  0]SourceControl: Info Source control is disabled
[2014.07.19-11.51.54:615][  0]BlueprintLog: New page: Editor Load
[2014.07.19-11.51.54:705][  0]LogObj: 19203 objects as part of root set at end of initial load.
[2014.07.19-11.51.54:705][  0]LogUObjectAllocator: 3820576 out of 0 bytes used by permanent object pool.
[2014.07.19-11.51.55:030][  0]LogEngine: Initializing Engine...
[2014.07.19-11.51.55:139][  0]LogInit: XAudio2 using 'Lautsprecher (Corsair Vengeance 2000 Headset)' : 8 channels at 44.1 kHz using 16 bits per sample (channel mask 0x63f)
[2014.07.19-11.51.55:166][  0]LogInit: FAudioDevice initialized.
[2014.07.19-11.51.55:187][  0]LogDerivedDataCache: Saved boot cache 0.02s 39MB C:/Users/Spaehling/AppData/Local/UnrealEngine/4.2/DerivedDataCache/Boot.ddc.
[2014.07.19-11.51.55:191][  0]LogInit: Texture streaming: Enabled
[2014.07.19-11.51.55:227][  0]LogInit: Transaction tracking system initialized
[2014.07.19-11.51.55:354][  0]LogAssetRegistry: FAssetRegistry took 0.0100 seconds to start up
[2014.07.19-11.51.55:565][  0]LogModuleManager:Warning: ModuleManager: Unable to load module '' because the file was not found.
[2014.07.19-11.51.55:569][  0]LogModuleManager:Warning: ModuleManager: Unable to load module '' because the file was not found.
[2014.07.19-11.51.55:631][  0]LogConsoleResponse:Display: 
[2014.07.19-11.51.55:845][  0]SourceControl: Info Source control is disabled
[2014.07.19-11.51.55:845][  0]Cmd: MAP LOAD FILE="D:/UDK4 Projects/Waagenbau/Content/Maps/waagenbau.umap" TEMPLATE=0 SHOWPROGRESS=1 WORLDCOMPOSITION=0
[2014.07.19-11.51.55:845][  0]LightingResults: New page: Lighting Build
[2014.07.19-11.51.55:850][  0]MapCheck: New page: Map Check
[2014.07.19-11.51.55:850][  0]LightingResults: New page: Lighting Build
[2014.07.19-11.51.55:855][  0]LogParticles: Destroying 0 GPU particle simulations for FXSystem 0x000000001096A8E0
[2014.07.19-11.51.57:097][  0]LogBlueprint:Warning: Node '/Game/Blueprints/Assets/Cigarettes.cigarettes:UserConstructionScript.K2Node_VariableGet_424' missing NodeGuid.
[2014.07.19-11.51.57:530][  0]LogTexture:Display: Building textures: HQ_Lightmap1_1 (AutoDXT)
[2014.07.19-11.51.58:035][  0]LogTexture:Display: Building textures: HQ_Lightmap1_2 (AutoDXT)
[2014.07.19-11.51.58:157][  0]LogTexture:Display: Building textures: LQ_Lightmap_1_1 (DXT1)
[2014.07.19-11.51.58:538][  0]LogTexture:Display: Building textures: LQ_Lightmap_1_2 (DXT1)
[2014.07.19-11.51.58:678][  0]LogBlueprintUserMessages:Warning: SetTimer passed a bad function () or object (DiscoLight_1_C_19)
[2014.07.19-11.51.58:678][  0]LogBlueprintUserMessages:Warning: SetTimer passed a bad function () or object (DiscoLight_1_C_24)
[2014.07.19-11.51.58:679][  0]LogBlueprintUserMessages:Warning: SetTimer passed a bad function () or object (DiscoLight_1_C_25)
[2014.07.19-11.51.58:680][  0]LogBlueprintUserMessages:Warning: SetTimer passed a bad function () or object (DiscoLight_1_C_26)
[2014.07.19-11.51.58:680][  0]LogBlueprintUserMessages:Warning: SetTimer passed a bad function () or object (DiscoLight_1_C_27)
[2014.07.19-11.51.58:681][  0]LogBlueprintUserMessages:Warning: SetTimer passed a bad function () or object (DiscoLight_1_C_28)
[2014.07.19-11.51.58:682][  0]LogBlueprintUserMessages:Warning: SetTimer passed a bad function () or object (DiscoLight_1_C_29)
[2014.07.19-11.51.58:683][  0]LogBlueprintUserMessages:Warning: SetTimer passed a bad function () or object (DiscoLight_1_C_30)
[2014.07.19-11.51.58:683][  0]LogBlueprintUserMessages:Warning: SetTimer passed a bad function () or object (DiscoLight_1_C_31)
[2014.07.19-11.51.58:684][  0]LogBlueprintUserMessages:Warning: SetTimer passed a bad function () or object (DiscoLight_1_C_32)
[2014.07.19-11.51.58:685][  0]LogBlueprintUserMessages:Warning: SetTimer passed a bad function () or object (DiscoLight_1_C_33)
[2014.07.19-11.51.58:685][  0]LogBlueprintUserMessages:Warning: SetTimer passed a bad function () or object (DiscoLight_1_C_34)
[2014.07.19-11.51.58:686][  0]LogBlueprintUserMessages:Warning: SetTimer passed a bad function () or object (DiscoLight_1_C_35)
[2014.07.19-11.51.58:686][  0]LogBlueprintUserMessages:Warning: SetTimer passed a bad function () or object (DiscoLight_1_C_36)
[2014.07.19-11.51.58:687][  0]LogBlueprintUserMessages:Warning: SetTimer passed a bad function () or object (DiscoLight_1_C_37)
[2014.07.19-11.51.58:688][  0]LogBlueprintUserMessages:Warning: SetTimer passed a bad function () or object (DiscoLight_1_C_38)
[2014.07.19-11.51.58:688][  0]LogBlueprintUserMessages:Warning: SetTimer passed a bad function () or object (DiscoLight_1_C_39)
[2014.07.19-11.51.58:689][  0]LogBlueprintUserMessages:Warning: SetTimer passed a bad function () or object (DiscoLight_1_C_40)
[2014.07.19-11.51.58:690][  0]LogBlueprintUserMessages:Warning: SetTimer passed a bad function () or object (DiscoLight_1_C_41)
[2014.07.19-11.51.58:690][  0]LogBlueprintUserMessages:Warning: SetTimer passed a bad function () or object (DiscoLight_1_C_42)
[2014.07.19-11.51.58:691][  0]LogBlueprintUserMessages:Warning: SetTimer passed a bad function () or object (DiscoLight_1_C_43)
[2014.07.19-11.51.58:692][  0]LogBlueprintUserMessages:Warning: SetTimer passed a bad function () or object (DiscoLight_1_C_44)
[2014.07.19-11.51.58:692][  0]LogBlueprintUserMessages:Warning: SetTimer passed a bad function () or object (DiscoLight_1_C_45)
[2014.07.19-11.51.58:693][  0]LogBlueprintUserMessages:Warning: SetTimer passed a bad function () or object (WallSconce_24)
[2014.07.19-11.51.59:630][  0]LogEditorServer: Finished looking for orphan Actors (0.000 secs)
[2014.07.19-11.51.59:630][  0]Cmd: MAP CHECKDEP
[2014.07.19-11.51.59:631][  0]MapCheck: New page: waagenbau - Jul 19, 2014, 3:51:59 PM
[2014.07.19-11.51.59:708][  0]MapCheck: Info ========== Map Check: 0 Error(s), 0 Warning(s), [76.932ms] ==========
[2014.07.19-11.51.59:708][  0]LogFileHelpers: Loading map 'waagenbau' took 3.863
[2014.07.19-11.51.59:919][  0]LogCrashTracker: Crashtracker disabled due to settings.
[2014.07.19-11.51.59:920][  0]Cmd: MODE PLACEMENT
[2014.07.19-11.51.59:986][  0]LogLoad: Full Startup: 9.72 seconds (BP compile: 0.37 seconds)
[2014.07.19-11.52.00:112][  0]LogRenderer:Warning: Reallocating scene render targets to support 32x32.
[2014.07.19-11.52.00:203][  0]LogRenderer:Warning: Reallocating scene render targets to support 1160x856.
[2014.07.19-11.52.00:374][  1]LogEpicStorage:Warning: EnumerateFiles request failed. Invalid response. code=403 error=<?xml version="1.0" encoding="UTF-8"?>
<Error><Code>AccessDenied</Code><Message>Access Denied</Message><RequestId>B1473CC3E368D347</RequestId><HostId>pGeodvpTawQ0uf0I6wBSjRI4CtVUu1ESwoOA8aIFc727OsuflzeV8c8lEil+6VTv</HostId></Error>
[2014.07.19-11.52.00:403][  1]LogAssetRegistry: Asset discovery search completed in 5.0599 seconds
[2014.07.19-11.52.00:470][  2]LogEpicSurvey:Warning: EnumerateFiles request failed. Invalid response. code=403 error=<?xml version="1.0" encoding="UTF-8"?>
<Error><Code>AccessDenied</Code><Message>Access Denied</Message><RequestId>124AAA8FBA71614B</RequestId><HostId>4nrIEGZt+X0HrKwqkSSuM77PIyxvTTZLFZPXgUWDPMALBObk6iVTG1AHAYjukxIQH6N3j0Y2RHU=</HostId></Error>
[2014.07.19-11.52.00:487][  3]LogEpicStorage:Warning: EnumerateFiles request failed. Invalid response. code=403 error=<?xml version="1.0" encoding="UTF-8"?>
<Error><Code>AccessDenied</Code><Message>Access Denied</Message><RequestId>B1473CC3E368D347</RequestId><HostId>pGeodvpTawQ0uf0I6wBSjRI4CtVUu1ESwoOA8aIFc727OsuflzeV8c8lEil+6VTv</HostId></Error>
[2014.07.19-11.52.00:499][  4]LogEpicSurvey:Warning: EnumerateFiles request failed. Invalid response. code=403 error=<?xml version="1.0" encoding="UTF-8"?>
<Error><Code>AccessDenied</Code><Message>Access Denied</Message><RequestId>124AAA8FBA71614B</RequestId><HostId>4nrIEGZt+X0HrKwqkSSuM77PIyxvTTZLFZPXgUWDPMALBObk6iVTG1AHAYjukxIQH6N3j0Y2RHU=</HostId></Error>
[2014.07.19-11.52.00:567][  7]LogEpicStorage:Warning: ReadFile request failed. File request already pending for filename=http://cdn.unrealengine.com/newsfeed/blueprint_icon_b.png
[2014.07.19-11.52.00:568][  7]LogEpicStorage:Warning: ReadFile request failed. File request already pending for filename=http://cdn.unrealengine.com/newsfeed/blueprint_icon_b.png
[2014.07.19-11.52.00:705][ 15]LogEpicSurvey:Warning: EnumerateFiles request failed. Invalid response. code=403 error=<?xml version="1.0" encoding="UTF-8"?>
<Error><Code>AccessDenied</Code><Message>Access Denied</Message><RequestId>035CD008ED3043E3</RequestId><HostId>PFDxXHPppiG+g3QeYG6JhDLApE4wKqsFThMPfVMzzLTYZ2aTqGjIjM9TlYNrdbcP</HostId></Error>
[2014.07.19-11.54.38:621][986]LogPlayLevel: PIE:  No blueprints needed recompiling
[2014.07.19-11.54.38:622][986]PIE: New page: PIE session: waagenbau (Jul 19, 2014, 3:54:38 PM)
[2014.07.19-11.54.38:685][986]LogPlayLevel: PIE: StaticDuplicateObject took: (0.063602s)
[2014.07.19-11.54.38:686][986]LogPlayLevel: PIE: World Init took: (0.000600s)
[2014.07.19-11.54.38:686][986]LogPlayLevel: PIE: Created PIE world by copying editor world from /Game/Maps/waagenbau.waagenbau to /Game/Maps/UEDPIE_0_waagenbau.waagenbau (0.064639s)
[2014.07.19-11.54.38:761][986]LogWorld: Game class is 'MyGame_C'
[2014.07.19-11.54.38:925][986]LogOutputDevice: === Handled error: ===
Ensure condition failed: false [File:D:\BuildFarm\buildmachine_++depot+UE4-Releases+4.2\Engine\Source\Runtime\Engine\Private\SceneComponent.cpp] [Line: 670]
Template Mismatch during attachment. Attaching instanced component to template component. Parent 'SceneComp' Self 'Sprite'
Stack: Address = 0xe9d1d866 (filename not found) [in E:\Unreal Engine\4.2\Engine\Binaries\Win64\UE4Editor-Core.dll]
Address = 0xe9bc2101 (filename not found) [in E:\Unreal Engine\4.2\Engine\Binaries\Win64\UE4Editor-Core.dll]
Address = 0xe9bc2347 (filename not found) [in E:\Unreal Engine\4.2\Engine\Binaries\Win64\UE4Editor-Core.dll]
Address = 0xe4ec3c04 (filename not found) [in E:\Unreal Engine\4.2\Engine\Binaries\Win64\UE4Editor-Engine.dll]
Address = 0xe4a60e36 (filename not found) [in E:\Unreal Engine\4.2\Engine\Binaries\Win64\UE4Editor-Engine.dll]
Address = 0xe4d85bd9 (filename not found) [in E:\Unreal Engine\4.2\Engine\Binaries\Win64\UE4Editor-Engine.dll]
Address = 0xe518a45b (filename not found) [in E:\Unreal Engine\4.2\Engine\Binaries\Win64\UE4Editor-Engine.dll]
Address = 0xe5173d2c (filename not found) [in E:\Unreal Engine\4.2\Engine\Binaries\Win64\UE4Editor-Engine.dll]
Address = 0xe85792ca (filename not found) [in E:\Unreal Engine\4.2\Engine\Binaries\Win64\UE4Editor-UnrealEd.dll]
Address = 0xe8595524 (filename not found) [in E:\Unreal Engine\4.2\Engine\Binaries\Win64\UE4Editor-UnrealEd.dll]
Address = 0xe85a5a4b (filename not found) [in E:\Unreal Engine\4.2\Engine\Binaries\Win64\UE4Editor-UnrealEd.dll]
Address = 0xe83a5265 (filename not found) [in E:\Unreal Engine\4.2\Engine\Binaries\Win64\UE4Editor-UnrealEd.dll]
Address = 0xe8760606 (filename not found) [in E:\Unreal Engine\4.2\Engine\Binaries\Win64\UE4Editor-UnrealEd.dll]
FEngineLoop::Tick() 0x3fbe7b03 + 0 bytes [File=d:\buildfarm\buildmachine_++depot+ue4-releases+4.2\engine\source\runtime\launch\private\launchengineloop.cpp:2091] [in E:\Unreal Engine\4.2\Engine\Binaries\Win64\UE4Editor.exe]
GuardedMain() 0x3fbdd1ec + 0 bytes [File=d:\buildfarm\buildmachine_++depot+ue4-releases+4.2\engine\source\runtime\launch\private\launch.cpp:132] [in E:\Unreal Engine\4.2\Engine\Binaries\Win64\UE4Editor.exe]
GuardedMainWrapper() 0x3fbdd25a + 5 bytes [File=d:\buildfarm\buildmachine_++depot+ue4-releases+4.2\engine\source\runtime\launch\private\windows\launchwindows.cpp:125] [in E:\Unreal Engine\4.2\Engine\Binaries\Win64\UE4Editor.exe]
WinMain() 0x3fbe9119 + 17 bytes [File=d:\buildfarm\buildmachine_++depot+ue4-releases+4.2\engine\source\runtime\launch\private\windows\launchwindows.cpp:207] [in E:\Unreal Engine\4.2\Engine\Binaries\Win64\UE4Editor.exe]
__tmainCRTStartup() 0x3fbe9fa9 + 21 bytes [File=f:\dd\vctools\crt\crtw32\dllstuff\crtexe.c:618] [in E:\Unreal Engine\4.2\Engine\Binaries\Win64\UE4Editor.exe]
Address = 0x778459ed (filename not found) [in C:\Windows\system32\kernel32.dll]
Address = 0x7797c541 (filename not found) [in C:\Windows\SYSTEM32\ntdll.dll]
Address = 0x7797c541 (filename not found) [in C:\Windows\SYSTEM32\ntdll.dll]

[2014.07.19-11.54.39:084][986]LogOutputDevice: === Handled error: ===
Ensure condition failed: false [File:D:\BuildFarm\buildmachine_++depot+UE4-Releases+4.2\Engine\Source\Runtime\Engine\Private\SceneComponent.cpp] [Line: 670]
Template Mismatch during attachment. Attaching instanced component to template component. Parent 'SceneComp' Self 'Sprite'
Stack: Address = 0xe9d1d866 (filename not found) [in E:\Unreal Engine\4.2\Engine\Binaries\Win64\UE4Editor-Core.dll]
Address = 0xe9bc2101 (filename not found) [in E:\Unreal Engine\4.2\Engine\Binaries\Win64\UE4Editor-Core.dll]
Address = 0xe9bc2347 (filename not found) [in E:\Unreal Engine\4.2\Engine\Binaries\Win64\UE4Editor-Core.dll]
Address = 0xe4ec3c04 (filename not found) [in E:\Unreal Engine\4.2\Engine\Binaries\Win64\UE4Editor-Engine.dll]
Address = 0xe4a60e36 (filename not found) [in E:\Unreal Engine\4.2\Engine\Binaries\Win64\UE4Editor-Engine.dll]
Address = 0xe4d85bd9 (filename not found) [in E:\Unreal Engine\4.2\Engine\Binaries\Win64\UE4Editor-Engine.dll]
Address = 0xe518a45b (filename not found) [in E:\Unreal Engine\4.2\Engine\Binaries\Win64\UE4Editor-Engine.dll]
Address = 0xe5173d2c (filename not found) [in E:\Unreal Engine\4.2\Engine\Binaries\Win64\UE4Editor-Engine.dll]
Address = 0xe85792ca (filename not found) [in E:\Unreal Engine\4.2\Engine\Binaries\Win64\UE4Editor-UnrealEd.dll]
Address = 0xe8595524 (filename not found) [in E:\Unreal Engine\4.2\Engine\Binaries\Win64\UE4Editor-UnrealEd.dll]
Address = 0xe85a5a4b (filename not found) [in E:\Unreal Engine\4.2\Engine\Binaries\Win64\UE4Editor-UnrealEd.dll]
Address = 0xe83a5265 (filename not found) [in E:\Unreal Engine\4.2\Engine\Binaries\Win64\UE4Editor-UnrealEd.dll]
Address = 0xe8760606 (filename not found) [in E:\Unreal Engine\4.2\Engine\Binaries\Win64\UE4Editor-UnrealEd.dll]
FEngineLoop::Tick() 0x3fbe7b03 + 0 bytes [File=d:\buildfarm\buildmachine_++depot+ue4-releases+4.2\engine\source\runtime\launch\private\launchengineloop.cpp:2091] [in E:\Unreal Engine\4.2\Engine\Binaries\Win64\UE4Editor.exe]
GuardedMain() 0x3fbdd1ec + 0 bytes [File=d:\buildfarm\buildmachine_++depot+ue4-releases+4.2\engine\source\runtime\launch\private\launch.cpp:132] [in E:\Unreal Engine\4.2\Engine\Binaries\Win64\UE4Editor.exe]
GuardedMainWrapper() 0x3fbdd25a + 5 bytes [File=d:\buildfarm\buildmachine_++depot+ue4-releases+4.2\engine\source\runtime\launch\private\windows\launchwindows.cpp:125] [in E:\Unreal Engine\4.2\Engine\Binaries\Win64\UE4Editor.exe]
WinMain() 0x3fbe9119 + 17 bytes [File=d:\buildfarm\buildmachine_++depot+ue4-releases+4.2\engine\source\runtime\launch\private\windows\launchwindows.cpp:207] [in E:\Unreal Engine\4.2\Engine\Binaries\Win64\UE4Editor.exe]
__tmainCRTStartup() 0x3fbe9fa9 + 21 bytes [File=f:\dd\vctools\crt\crtw32\dllstuff\crtexe.c:618] [in E:\Unreal Engine\4.2\Engine\Binaries\Win64\UE4Editor.exe]
Address = 0x778459ed (filename not found) [in C:\Windows\system32\kernel32.dll]
Address = 0x7797c541 (filename not found) [in C:\Windows\SYSTEM32\ntdll.dll]
Address = 0x7797c541 (filename not found) [in C:\Windows\SYSTEM32\ntdll.dll]

[2014.07.19-11.54.39:089][986]LogOutputDevice: === Handled error: ===
Ensure condition failed: false [File:D:\BuildFarm\buildmachine_++depot+UE4-Releases+4.2\Engine\Source\Runtime\Engine\Private\SceneComponent.cpp] [Line: 670]
Template Mismatch during attachment. Attaching instanced component to template component. Parent 'SceneComp' Self 'Sprite'
Stack: Address = 0xe9d1d866 (filename not found) [in E:\Unreal Engine\4.2\Engine\Binaries\Win64\UE4Editor-Core.dll]
Address = 0xe9bc2101 (filename not found) [in E:\Unreal Engine\4.2\Engine\Binaries\Win64\UE4Editor-Core.dll]
Address = 0xe9bc2347 (filename not found) [in E:\Unreal Engine\4.2\Engine\Binaries\Win64\UE4Editor-Core.dll]
Address = 0xe4ec3c04 (filename not found) [in E:\Unreal Engine\4.2\Engine\Binaries\Win64\UE4Editor-Engine.dll]
Address = 0xe4a60e36 (filename not found) [in E:\Unreal Engine\4.2\Engine\Binaries\Win64\UE4Editor-Engine.dll]
Address = 0xe4d85bd9 (filename not found) [in E:\Unreal Engine\4.2\Engine\Binaries\Win64\UE4Editor-Engine.dll]
Address = 0xe518a45b (filename not found) [in E:\Unreal Engine\4.2\Engine\Binaries\Win64\UE4Editor-Engine.dll]
Address = 0xe5173d2c (filename not found) [in E:\Unreal Engine\4.2\Engine\Binaries\Win64\UE4Editor-Engine.dll]
Address = 0xe85792ca (filename not found) [in E:\Unreal Engine\4.2\Engine\Binaries\Win64\UE4Editor-UnrealEd.dll]
Address = 0xe8595524 (filename not found) [in E:\Unreal Engine\4.2\Engine\Binaries\Win64\UE4Editor-UnrealEd.dll]
Address = 0xe85a5a4b (filename not found) [in E:\Unreal Engine\4.2\Engine\Binaries\Win64\UE4Editor-UnrealEd.dll]
Address = 0xe83a5265 (filename not found) [in E:\Unreal Engine\4.2\Engine\Binaries\Win64\UE4Editor-UnrealEd.dll]
Address = 0xe8760606 (filename not found) [in E:\Unreal Engine\4.2\Engine\Binaries\Win64\UE4Editor-UnrealEd.dll]
FEngineLoop::Tick() 0x3fbe7b03 + 0 bytes [File=d:\buildfarm\buildmachine_++depot+ue4-releases+4.2\engine\source\runtime\launch\private\launchengineloop.cpp:2091] [in E:\Unreal Engine\4.2\Engine\Binaries\Win64\UE4Editor.exe]
GuardedMain() 0x3fbdd1ec + 0 bytes [File=d:\buildfarm\buildmachine_++depot+ue4-releases+4.2\engine\source\runtime\launch\private\launch.cpp:132] [in E:\Unreal Engine\4.2\Engine\Binaries\Win64\UE4Editor.exe]
GuardedMainWrapper() 0x3fbdd25a + 5 bytes [File=d:\buildfarm\buildmachine_++depot+ue4-releases+4.2\engine\source\runtime\launch\private\windows\launchwindows.cpp:125] [in E:\Unreal Engine\4.2\Engine\Binaries\Win64\UE4Editor.exe]
WinMain() 0x3fbe9119 + 17 bytes [File=d:\buildfarm\buildmachine_++depot+ue4-releases+4.2\engine\source\runtime\launch\private\windows\launchwindows.cpp:207] [in E:\Unreal Engine\4.2\Engine\Binaries\Win64\UE4Editor.exe]
__tmainCRTStartup() 0x3fbe9fa9 + 21 bytes [File=f:\dd\vctools\crt\crtw32\dllstuff\crtexe.c:618] [in E:\Unreal Engine\4.2\Engine\Binaries\Win64\UE4Editor.exe]
Address = 0x778459ed (filename not found) [in C:\Windows\system32\kernel32.dll]
Address = 0x7797c541 (filename not found) [in C:\Windows\SYSTEM32\ntdll.dll]
Address = 0x7797c541 (filename not found) [in C:\Windows\SYSTEM32\ntdll.dll]

[2014.07.19-11.54.39:094][986]LogOutputDevice: === Handled error: ===
Ensure condition failed: false [File:D:\BuildFarm\buildmachine_++depot+UE4-Releases+4.2\Engine\Source\Runtime\Engine\Private\SceneComponent.cpp] [Line: 670]
Template Mismatch during attachment. Attaching instanced component to template component. Parent 'SceneComp' Self 'Sprite'
Stack: Address = 0xe9d1d866 (filename not found) [in E:\Unreal Engine\4.2\Engine\Binaries\Win64\UE4Editor-Core.dll]
Address = 0xe9bc2101 (filename not found) [in E:\Unreal Engine\4.2\Engine\Binaries\Win64\UE4Editor-Core.dll]
Address = 0xe9bc2347 (filename not found) [in E:\Unreal Engine\4.2\Engine\Binaries\Win64\UE4Editor-Core.dll]
Address = 0xe4ec3c04 (filename not found) [in E:\Unreal Engine\4.2\Engine\Binaries\Win64\UE4Editor-Engine.dll]
Address = 0xe4a60e36 (filename not found) [in E:\Unreal Engine\4.2\Engine\Binaries\Win64\UE4Editor-Engine.dll]
Address = 0xe4d85bd9 (filename not found) [in E:\Unreal Engine\4.2\Engine\Binaries\Win64\UE4Editor-Engine.dll]
Address = 0xe518a45b (filename not found) [in E:\Unreal Engine\4.2\Engine\Binaries\Win64\UE4Editor-Engine.dll]
Address = 0xe5173d2c (filename not found) [in E:\Unreal Engine\4.2\Engine\Binaries\Win64\UE4Editor-Engine.dll]
Address = 0xe85792ca (filename not found) [in E:\Unreal Engine\4.2\Engine\Binaries\Win64\UE4Editor-UnrealEd.dll]
Address = 0xe8595524 (filename not found) [in E:\Unreal Engine\4.2\Engine\Binaries\Win64\UE4Editor-UnrealEd.dll]
Address = 0xe85a5a4b (filename not found) [in E:\Unreal Engine\4.2\Engine\Binaries\Win64\UE4Editor-UnrealEd.dll]
Address = 0xe83a5265 (filename not found) [in E:\Unreal Engine\4.2\Engine\Binaries\Win64\UE4Editor-UnrealEd.dll]
Address = 0xe8760606 (filename not found) [in E:\Unreal Engine\4.2\Engine\Binaries\Win64\UE4Editor-UnrealEd.dll]
FEngineLoop::Tick() 0x3fbe7b03 + 0 bytes [File=d:\buildfarm\buildmachine_++depot+ue4-releases+4.2\engine\source\runtime\launch\private\launchengineloop.cpp:2091] [in E:\Unreal Engine\4.2\Engine\Binaries\Win64\UE4Editor.exe]
GuardedMain() 0x3fbdd1ec + 0 bytes [File=d:\buildfarm\buildmachine_++depot+ue4-releases+4.2\engine\source\runtime\launch\private\launch.cpp:132] [in E:\Unreal Engine\4.2\Engine\Binaries\Win64\UE4Editor.exe]
GuardedMainWrapper() 0x3fbdd25a + 5 bytes [File=d:\buildfarm\buildmachine_++depot+ue4-releases+4.2\engine\source\runtime\launch\private\windows\launchwindows.cpp:125] [in E:\Unreal Engine\4.2\Engine\Binaries\Win64\UE4Editor.exe]
WinMain() 0x3fbe9119 + 17 bytes [File=d:\buildfarm\buildmachine_++depot+ue4-releases+4.2\engine\source\runtime\launch\private\windows\launchwindows.cpp:207] [in E:\Unreal Engine\4.2\Engine\Binaries\Win64\UE4Editor.exe]
__tmainCRTStartup() 0x3fbe9fa9 + 21 bytes [File=f:\dd\vctools\crt\crtw32\dllstuff\crtexe.c:618] [in E:\Unreal Engine\4.2\Engine\Binaries\Win64\UE4Editor.exe]
Address = 0x778459ed (filename not found) [in C:\Windows\system32\kernel32.dll]
Address = 0x7797c541 (filename not found) [in C:\Windows\SYSTEM32\ntdll.dll]
Address = 0x7797c541 (filename not found) [in C:\Windows\SYSTEM32\ntdll.dll]

[2014.07.19-11.54.39:100][986]LogOutputDevice: === Handled error: ===
Ensure condition failed: false [File:D:\BuildFarm\buildmachine_++depot+UE4-Releases+4.2\Engine\Source\Runtime\Engine\Private\SceneComponent.cpp] [Line: 670]
Template Mismatch during attachment. Attaching instanced component to template component. Parent 'SceneComp' Self 'Sprite'
Stack: Address = 0xe9d1d866 (filename not found) [in E:\Unreal Engine\4.2\Engine\Binaries\Win64\UE4Editor-Core.dll]
Address = 0xe9bc2101 (filename not found) [in E:\Unreal Engine\4.2\Engine\Binaries\Win64\UE4Editor-Core.dll]
Address = 0xe9bc2347 (filename not found) [in E:\Unreal Engine\4.2\Engine\Binaries\Win64\UE4Editor-Core.dll]
Address = 0xe4ec3c04 (filename not found) [in E:\Unreal Engine\4.2\Engine\Binaries\Win64\UE4Editor-Engine.dll]
Address = 0xe4a60e36 (filename not found) [in E:\Unreal Engine\4.2\Engine\Binaries\Win64\UE4Editor-Engine.dll]
Address = 0xe4d85bd9 (filename not found) [in E:\Unreal Engine\4.2\Engine\Binaries\Win64\UE4Editor-Engine.dll]
Address = 0xe518a45b (filename not found) [in E:\Unreal Engine\4.2\Engine\Binaries\Win64\UE4Editor-Engine.dll]
Address = 0xe5173d2c (filename not found) [in E:\Unreal Engine\4.2\Engine\Binaries\Win64\UE4Editor-Engine.dll]
Address = 0xe85792ca (filename not found) [in E:\Unreal Engine\4.2\Engine\Binaries\Win64\UE4Editor-UnrealEd.dll]
Address = 0xe8595524 (filename not found) [in E:\Unreal Engine\4.2\Engine\Binaries\Win64\UE4Editor-UnrealEd.dll]
Address = 0xe85a5a4b (filename not found) [in E:\Unreal Engine\4.2\Engine\Binaries\Win64\UE4Editor-UnrealEd.dll]
Address = 0xe83a5265 (filename not found) [in E:\Unreal Engine\4.2\Engine\Binaries\Win64\UE4Editor-UnrealEd.dll]
Address = 0xe8760606 (filename not found) [in E:\Unreal Engine\4.2\Engine\Binaries\Win64\UE4Editor-UnrealEd.dll]
FEngineLoop::Tick() 0x3fbe7b03 + 0 bytes [File=d:\buildfarm\buildmachine_++depot+ue4-releases+4.2\engine\source\runtime\launch\private\launchengineloop.cpp:2091] [in E:\Unreal Engine\4.2\Engine\Binaries\Win64\UE4Editor.exe]
GuardedMain() 0x3fbdd1ec + 0 bytes [File=d:\buildfarm\buildmachine_++depot+ue4-releases+4.2\engine\source\runtime\launch\private\launch.cpp:132] [in E:\Unreal Engine\4.2\Engine\Binaries\Win64\UE4Editor.exe]
GuardedMainWrapper() 0x3fbdd25a + 5 bytes [File=d:\buildfarm\buildmachine_++depot+ue4-releases+4.2\engine\source\runtime\launch\private\windows\launchwindows.cpp:125] [in E:\Unreal Engine\4.2\Engine\Binaries\Win64\UE4Editor.exe]
WinMain() 0x3fbe9119 + 17 bytes [File=d:\buildfarm\buildmachine_++depot+ue4-releases+4.2\engine\source\runtime\launch\private\windows\launchwindows.cpp:207] [in E:\Unreal Engine\4.2\Engine\Binaries\Win64\UE4Editor.exe]
__tmainCRTStartup() 0x3fbe9fa9 + 21 bytes [File=f:\dd\vctools\crt\crtw32\dllstuff\crtexe.c:618] [in E:\Unreal Engine\4.2\Engine\Binaries\Win64\UE4Editor.exe]
Address = 0x778459ed (filename not found) [in C:\Windows\system32\kernel32.dll]
Address = 0x7797c541 (filename not found) [in C:\Windows\SYSTEM32\ntdll.dll]
Address = 0x7797c541 (filename not found) [in C:\Windows\SYSTEM32\ntdll.dll]

[2014.07.19-11.54.39:105][986]LogOutputDevice: === Handled error: ===
Ensure condition failed: false [File:D:\BuildFarm\buildmachine_++depot+UE4-Releases+4.2\Engine\Source\Runtime\Engine\Private\SceneComponent.cpp] [Line: 670]
Template Mismatch during attachment. Attaching instanced component to template component. Parent 'SceneComp' Self 'Sprite'
Stack: Address = 0xe9d1d866 (filename not found) [in E:\Unreal Engine\4.2\Engine\Binaries\Win64\UE4Editor-Core.dll]
Address = 0xe9bc2101 (filename not found) [in E:\Unreal Engine\4.2\Engine\Binaries\Win64\UE4Editor-Core.dll]
Address = 0xe9bc2347 (filename not found) [in E:\Unreal Engine\4.2\Engine\Binaries\Win64\UE4Editor-Core.dll]
Address = 0xe4ec3c04 (filename not found) [in E:\Unreal Engine\4.2\Engine\Binaries\Win64\UE4Editor-Engine.dll]
Address = 0xe4a60e36 (filename not found) [in E:\Unreal Engine\4.2\Engine\Binaries\Win64\UE4Editor-Engine.dll]
Address = 0xe4d85bd9 (filename not found) [in E:\Unreal Engine\4.2\Engine\Binaries\Win64\UE4Editor-Engine.dll]
Address = 0xe518a45b (filename not found) [in E:\Unreal Engine\4.2\Engine\Binaries\Win64\UE4Editor-Engine.dll]
Address = 0xe5173d2c (filename not found) [in E:\Unreal Engine\4.2\Engine\Binaries\Win64\UE4Editor-Engine.dll]
Address = 0xe85792ca (filename not found) [in E:\Unreal Engine\4.2\Engine\Binaries\Win64\UE4Editor-UnrealEd.dll]
Address = 0xe8595524 (filename not found) [in E:\Unreal Engine\4.2\Engine\Binaries\Win64\UE4Editor-UnrealEd.dll]
Address = 0xe85a5a4b (filename not found) [in E:\Unreal Engine\4.2\Engine\Binaries\Win64\UE4Editor-UnrealEd.dll]
Address = 0xe83a5265 (filename not found) [in E:\Unreal Engine\4.2\Engine\Binaries\Win64\UE4Editor-UnrealEd.dll]
Address = 0xe8760606 (filename not found) [in E:\Unreal Engine\4.2\Engine\Binaries\Win64\UE4Editor-UnrealEd.dll]
FEngineLoop::Tick() 0x3fbe7b03 + 0 bytes [File=d:\buildfarm\buildmachine_++depot+ue4-releases+4.2\engine\source\runtime\launch\private\launchengineloop.cpp:2091] [in E:\Unreal Engine\4.2\Engine\Binaries\Win64\UE4Editor.exe]
GuardedMain() 0x3fbdd1ec + 0 bytes [File=d:\buildfarm\buildmachine_++depot+ue4-releases+4.2\engine\source\runtime\launch\private\launch.cpp:132] [in E:\Unreal Engine\4.2\Engine\Binaries\Win64\UE4Editor.exe]
GuardedMainWrapper() 0x3fbdd25a + 5 bytes [File=d:\buildfarm\buildmachine_++depot+ue4-releases+4.2\engine\source\runtime\launch\private\windows\launchwindows.cpp:125] [in E:\Unreal Engine\4.2\Engine\Binaries\Win64\UE4Editor.exe]
WinMain() 0x3fbe9119 + 17 bytes [File=d:\buildfarm\buildmachine_++depot+ue4-releases+4.2\engine\source\runtime\launch\private\windows\launchwindows.cpp:207] [in E:\Unreal Engine\4.2\Engine\Binaries\Win64\UE4Editor.exe]
__tmainCRTStartup() 0x3fbe9fa9 + 21 bytes [File=f:\dd\vctools\crt\crtw32\dllstuff\crtexe.c:618] [in E:\Unreal Engine\4.2\Engine\Binaries\Win64\UE4Editor.exe]
Address = 0x778459ed (filename not found) [in C:\Windows\system32\kernel32.dll]
Address = 0x7797c541 (filename not found) [in C:\Windows\SYSTEM32\ntdll.dll]
Address = 0x7797c541 (filename not found) [in C:\Windows\SYSTEM32\ntdll.dll]

[2014.07.19-11.54.39:111][986]LogOutputDevice: === Handled error: ===
Ensure condition failed: false [File:D:\BuildFarm\buildmachine_++depot+UE4-Releases+4.2\Engine\Source\Runtime\Engine\Private\SceneComponent.cpp] [Line: 670]
Template Mismatch during attachment. Attaching instanced component to template component. Parent 'SceneComp' Self 'Sprite'
Stack: Address = 0xe9d1d866 (filename not found) [in E:\Unreal Engine\4.2\Engine\Binaries\Win64\UE4Editor-Core.dll]
Address = 0xe9bc2101 (filename not found) [in E:\Unreal Engine\4.2\Engine\Binaries\Win64\UE4Editor-Core.dll]
Address = 0xe9bc2347 (filename not found) [in E:\Unreal Engine\4.2\Engine\Binaries\Win64\UE4Editor-Core.dll]
Address = 0xe4ec3c04 (filename not found) [in E:\Unreal Engine\4.2\Engine\Binaries\Win64\UE4Editor-Engine.dll]
Address = 0xe4a60e36 (filename not found) [in E:\Unreal Engine\4.2\Engine\Binaries\Win64\UE4Editor-Engine.dll]
Address = 0xe4d85bd9 (filename not found) [in E:\Unreal Engine\4.2\Engine\Binaries\Win64\UE4Editor-Engine.dll]
Address = 0xe518a45b (filename not found) [in E:\Unreal Engine\4.2\Engine\Binaries\Win64\UE4Editor-Engine.dll]
Address = 0xe5173d2c (filename not found) [in E:\Unreal Engine\4.2\Engine\Binaries\Win64\UE4Editor-Engine.dll]
Address = 0xe85792ca (filename not found) [in E:\Unreal Engine\4.2\Engine\Binaries\Win64\UE4Editor-UnrealEd.dll]
Address = 0xe8595524 (filename not found) [in E:\Unreal Engine\4.2\Engine\Binaries\Win64\UE4Editor-UnrealEd.dll]
Address = 0xe85a5a4b (filename not found) [in E:\Unreal Engine\4.2\Engine\Binaries\Win64\UE4Editor-UnrealEd.dll]
Address = 0xe83a5265 (filename not found) [in E:\Unreal Engine\4.2\Engine\Binaries\Win64\UE4Editor-UnrealEd.dll]
Address = 0xe8760606 (filename not found) [in E:\Unreal Engine\4.2\Engine\Binaries\Win64\UE4Editor-UnrealEd.dll]
FEngineLoop::Tick() 0x3fbe7b03 + 0 bytes [File=d:\buildfarm\buildmachine_++depot+ue4-releases+4.2\engine\source\runtime\launch\private\launchengineloop.cpp:2091] [in E:\Unreal Engine\4.2\Engine\Binaries\Win64\UE4Editor.exe]
GuardedMain() 0x3fbdd1ec + 0 bytes [File=d:\buildfarm\buildmachine_++depot+ue4-releases+4.2\engine\source\runtime\launch\private\launch.cpp:132] [in E:\Unreal Engine\4.2\Engine\Binaries\Win64\UE4Editor.exe]
GuardedMainWrapper() 0x3fbdd25a + 5 bytes [File=d:\buildfarm\buildmachine_++depot+ue4-releases+4.2\engine\source\runtime\launch\private\windows\launchwindows.cpp:125] [in E:\Unreal Engine\4.2\Engine\Binaries\Win64\UE4Editor.exe]
WinMain() 0x3fbe9119 + 17 bytes [File=d:\buildfarm\buildmachine_++depot+ue4-releases+4.2\engine\source\runtime\launch\private\windows\launchwindows.cpp:207] [in E:\Unreal Engine\4.2\Engine\Binaries\Win64\UE4Editor.exe]
__tmainCRTStartup() 0x3fbe9fa9 + 21 bytes [File=f:\dd\vctools\crt\crtw32\dllstuff\crtexe.c:618] [in E:\Unreal Engine\4.2\Engine\Binaries\Win64\UE4Editor.exe]
Address = 0x778459ed (filename not found) [in C:\Windows\system32\kernel32.dll]
Address = 0x7797c541 (filename not found) [in C:\Windows\SYSTEM32\ntdll.dll]
Address = 0x7797c541 (filename not found) [in C:\Windows\SYSTEM32\ntdll.dll]

[2014.07.19-11.54.39:127][986]LogBlueprintUserMessages:Warning: SetTimer passed a bad function () or object (DiscoLight_1_C_19)
[2014.07.19-11.54.39:128][986]LogBlueprintUserMessages:Warning: SetTimer passed a bad function () or object (DiscoLight_1_C_24)
[2014.07.19-11.54.39:128][986]LogBlueprintUserMessages:Warning: SetTimer passed a bad function () or object (DiscoLight_1_C_25)
[2014.07.19-11.54.39:129][986]LogBlueprintUserMessages:Warning: SetTimer passed a bad function () or object (DiscoLight_1_C_26)
[2014.07.19-11.54.39:129][986]LogBlueprintUserMessages:Warning: SetTimer passed a bad function () or object (DiscoLight_1_C_27)
[2014.07.19-11.54.39:130][986]LogBlueprintUserMessages:Warning: SetTimer passed a bad function () or object (DiscoLight_1_C_28)
[2014.07.19-11.54.39:130][986]LogBlueprintUserMessages:Warning: SetTimer passed a bad function () or object (DiscoLight_1_C_29)
[2014.07.19-11.54.39:131][986]LogBlueprintUserMessages:Warning: SetTimer passed a bad function () or object (DiscoLight_1_C_30)
[2014.07.19-11.54.39:131][986]LogBlueprintUserMessages:Warning: SetTimer passed a bad function () or object (DiscoLight_1_C_31)
[2014.07.19-11.54.39:132][986]LogBlueprintUserMessages:Warning: SetTimer passed a bad function () or object (DiscoLight_1_C_32)
[2014.07.19-11.54.39:132][986]LogBlueprintUserMessages:Warning: SetTimer passed a bad function () or object (DiscoLight_1_C_33)
[2014.07.19-11.54.39:133][986]LogBlueprintUserMessages:Warning: SetTimer passed a bad function () or object (DiscoLight_1_C_34)
[2014.07.19-11.54.39:133][986]LogBlueprintUserMessages:Warning: SetTimer passed a bad function () or object (DiscoLight_1_C_35)
[2014.07.19-11.54.39:134][986]LogBlueprintUserMessages:Warning: SetTimer passed a bad function () or object (DiscoLight_1_C_36)
[2014.07.19-11.54.39:134][986]LogBlueprintUserMessages:Warning: SetTimer passed a bad function () or object (DiscoLight_1_C_37)
[2014.07.19-11.54.39:135][986]LogBlueprintUserMessages:Warning: SetTimer passed a bad function () or object (DiscoLight_1_C_38)
[2014.07.19-11.54.39:135][986]LogBlueprintUserMessages:Warning: SetTimer passed a bad function () or object (DiscoLight_1_C_39)
[2014.07.19-11.54.39:136][986]LogBlueprintUserMessages:Warning: SetTimer passed a bad function () or object (DiscoLight_1_C_40)
[2014.07.19-11.54.39:136][986]LogBlueprintUserMessages:Warning: SetTimer passed a bad function () or object (DiscoLight_1_C_41)
[2014.07.19-11.54.39:137][986]LogBlueprintUserMessages:Warning: SetTimer passed a bad function () or object (DiscoLight_1_C_42)
[2014.07.19-11.54.39:137][986]LogBlueprintUserMessages:Warning: SetTimer passed a bad function () or object (DiscoLight_1_C_43)
[2014.07.19-11.54.39:138][986]LogBlueprintUserMessages:Warning: SetTimer passed a bad function () or object (DiscoLight_1_C_44)
[2014.07.19-11.54.39:138][986]LogBlueprintUserMessages:Warning: SetTimer passed a bad function () or object (DiscoLight_1_C_45)
[2014.07.19-11.54.39:139][986]LogBlueprintUserMessages:Warning: SetTimer passed a bad function () or object (WallSconce_24)
[2014.07.19-11.54.40:044][986]LogWorld:Warning: *** WARNING - PATHS MAY NOT BE VALID ***
[2014.07.19-11.54.40:044][986]LogWorld: Bringing World /Game/Maps/UEDPIE_0_waagenbau.waagenbau up for play (max tick rate 0) at 2014.07.19-13.54.40
[2014.07.19-11.54.40:054][986]LogWorld: Bringing up level for play took: 1.236712
[2014.07.19-11.54.40:055][986]LogPlayerController: Spawned spectator SpectatorPawn_0 [server:1]
[2014.07.19-11.54.40:055][986]LogGameMode: RestartPlayer 256
[2014.07.19-11.54.40:056][986]LogPlayerController: ClientRestart_Implementation MyCharacter_C_0
[2014.07.19-11.54.40:056][986]LogPlayerController: ServerAcknowledgePossession_Implementation MyCharacter_C_0
[2014.07.19-11.54.40:067][986]PIE: Info Play in editor start time for /Game/Maps/UEDPIE_0_waagenbau 1.327
[2014.07.19-11.54.40:188][986]LogRenderer:Warning: Reallocating scene render targets to support 1296x856.
[2014.07.19-11.54.40:306][986]LogRenderer:Warning: Reallocating scene render targets to support 1296x864.
[2014.07.19-11.54.41:271][ 14]LogParticles: Destroying 0 GPU particle simulations for FXSystem 0x0000000025998E00
[2014.07.19-11.54.41:903][ 53]MapCheck: New page: Map Check
[2014.07.19-11.54.41:950][ 53]Cmd: MAP REBUILD ALLVISIBLE
[2014.07.19-11.54.41:950][ 53]LogEditorServer: Rebuildmap Clear paths rebuilt
[2014.07.19-11.54.41:968][ 53]LogInstancedFoliage: Map Rebuilt - Update all BSP painted foliage!
[2014.07.19-11.54.42:057][ 53]LogBlueprintUserMessages:Warning: SetTimer passed a bad function () or object (DiscoLight_1_C_19)
[2014.07.19-11.54.42:058][ 53]LogBlueprintUserMessages:Warning: SetTimer passed a bad function () or object (DiscoLight_1_C_24)
[2014.07.19-11.54.42:058][ 53]LogBlueprintUserMessages:Warning: SetTimer passed a bad function () or object (DiscoLight_1_C_25)
[2014.07.19-11.54.42:059][ 53]LogBlueprintUserMessages:Warning: SetTimer passed a bad function () or object (DiscoLight_1_C_26)
[2014.07.19-11.54.42:060][ 53]LogBlueprintUserMessages:Warning: SetTimer passed a bad function () or object (DiscoLight_1_C_27)
[2014.07.19-11.54.42:061][ 53]LogBlueprintUserMessages:Warning: SetTimer passed a bad function () or object (DiscoLight_1_C_28)
[2014.07.19-11.54.42:062][ 53]LogBlueprintUserMessages:Warning: SetTimer passed a bad function () or object (DiscoLight_1_C_29)
[2014.07.19-11.54.42:063][ 53]LogBlueprintUserMessages:Warning: SetTimer passed a bad function () or object (DiscoLight_1_C_30)
[2014.07.19-11.54.42:063][ 53]LogBlueprintUserMessages:Warning: SetTimer passed a bad function () or object (DiscoLight_1_C_31)
[2014.07.19-11.54.42:064][ 53]LogBlueprintUserMessages:Warning: SetTimer passed a bad function () or object (DiscoLight_1_C_32)
[2014.07.19-11.54.42:065][ 53]LogBlueprintUserMessages:Warning: SetTimer passed a bad function () or object (DiscoLight_1_C_33)
[2014.07.19-11.54.42:066][ 53]LogBlueprintUserMessages:Warning: SetTimer passed a bad function () or object (DiscoLight_1_C_34)
[2014.07.19-11.54.42:067][ 53]LogBlueprintUserMessages:Warning: SetTimer passed a bad function () or object (DiscoLight_1_C_35)
[2014.07.19-11.54.42:067][ 53]LogBlueprintUserMessages:Warning: SetTimer passed a bad function () or object (DiscoLight_1_C_36)
[2014.07.19-11.54.42:068][ 53]LogBlueprintUserMessages:Warning: SetTimer passed a bad function () or object (DiscoLight_1_C_37)
[2014.07.19-11.54.42:069][ 53]LogBlueprintUserMessages:Warning: SetTimer passed a bad function () or object (DiscoLight_1_C_38)
[2014.07.19-11.54.42:070][ 53]LogBlueprintUserMessages:Warning: SetTimer passed a bad function () or object (DiscoLight_1_C_39)
[2014.07.19-11.54.42:071][ 53]LogBlueprintUserMessages:Warning: SetTimer passed a bad function () or object (DiscoLight_1_C_40)
[2014.07.19-11.54.42:071][ 53]LogBlueprintUserMessages:Warning: SetTimer passed a bad function () or object (DiscoLight_1_C_41)
[2014.07.19-11.54.42:072][ 53]LogBlueprintUserMessages:Warning: SetTimer passed a bad function () or object (DiscoLight_1_C_42)
[2014.07.19-11.54.42:073][ 53]LogBlueprintUserMessages:Warning: SetTimer passed a bad function () or object (DiscoLight_1_C_43)
[2014.07.19-11.54.42:074][ 53]LogBlueprintUserMessages:Warning: SetTimer passed a bad function () or object (DiscoLight_1_C_44)
[2014.07.19-11.54.42:075][ 53]LogBlueprintUserMessages:Warning: SetTimer passed a bad function () or object (DiscoLight_1_C_45)
[2014.07.19-11.54.42:076][ 53]LogBlueprintUserMessages:Warning: SetTimer passed a bad function () or object (WallSconce_24)
[2014.07.19-11.54.43:044][ 53]LightingResults: New page: Lighting Build - Jul 19, 2014, 3:54:43 PM
[2014.07.19-11.54.47:243][ 53]LogStaticLightingSystem: Running Lightmass w/ ImmediateImport mode ENABLED
[2014.07.19-11.54.47:243][ 53]LogStaticLightingSystem: Running Lightmass w/ ImmediateProcess mode ENABLED
[2014.07.19-11.54.47:243][ 53]LogStaticLightingSystem: Running Lightmass w/ Sorting mode ENABLED
[2014.07.19-11.54.47:243][ 53]LogStaticLightingSystem: Running Lightmass w/ Mapping paddings ENABLED
[2014.07.19-11.54.47:243][ 53]LogStaticLightingSystem: Running Lightmass w/ Mapping debug paddings DISABLED
[2014.07.19-11.54.47:335][ 53]LogEditorBuildUtils: Build time 0:00:05
[2014.07.19-11.55.04:032][843]Job is a success!
[2014.07.19-11.55.04:894][845]LogTexture:Display: Building textures: HQ_Lightmap0_1 (AutoDXT)
[2014.07.19-11.55.05:421][845]LogTexture:Display: Building textures: LQ_Lightmap_0_2 (DXT1)
[2014.07.19-11.55.05:500][845]LogTexture:Display: Building textures: HQ_Lightmap0_2 (AutoDXT)
[2014.07.19-11.55.05:592][845]LogTexture:Display: Building textures: LQ_Lightmap_0_1 (DXT1)
[2014.07.19-11.55.06:092][845]LogTexture:Display: Building textures: ShadowMapTexture2D_2 (BGRA8)
[2014.07.19-11.55.06:119][845]LogTexture:Display: Building textures: ShadowMapTexture2D_3 (BGRA8)
[2014.07.19-11.55.06:144][845]Lightmass on SPAEHLING-PC: 16.1 sec total, 567 ms importing, 509 ms setup, 724 ms photons, 14.3 sec processing, 0 ms extra exporting [422/422 mappings]. Threads: 3:05 min total, 2:22 min processing.
[2014.07.19-11.55.06:693][845]LogStaticLightingSystem:Warning: Illumination: 23.6 sec (1.34 sec encoding lightmaps)
[2014.07.19-11.55.06:693][845]LogStaticLightingSystem: Lightmap texture memory:  1.7 MB (1.7 MB streaming, 0.0 MB non-streaming), 4 textures
[2014.07.19-11.55.06:693][845]LogStaticLightingSystem: Shadowmap texture memory: 0.0 MB (0.0 MB streaming, 0.0 MB non-streaming), 2 textures
[2014.07.19-11.55.06:699][845]LogWindows:Error: appError called: Assertion failed: IsValid() [File:D:\BuildFarm\buildmachine_++depot+UE4-Releases+4.2\Engine\Source\Runtime\Core\Public\Templates\SharedPointer.h] [Line: 649]

Stack:
Address = 0xe9d1d866 (filename not found) [in E:\Unreal Engine\4.2\Engine\Binaries\Win64\UE4Editor-Core.dll]
Address = 0xe9bbd275 (filename not found) [in E:\Unreal Engine\4.2\Engine\Binaries\Win64\UE4Editor-Core.dll]
Address = 0xe45db64d (filename not found) [in E:\Unreal Engine\4.2\Engine\Binaries\Win64\UE4Editor-PropertyEditor.dll]
Address = 0xe45afcf0 (filename not found) [in E:\Unreal Engine\4.2\Engine\Binaries\Win64\UE4Editor-PropertyEditor.dll]
Address = 0xe4574570 (filename not found) [in E:\Unreal Engine\4.2\Engine\Binaries\Win64\UE4Editor-PropertyEditor.dll]
Address = 0xe4569f31 (filename not found) [in E:\Unreal Engine\4.2\Engine\Binaries\Win64\UE4Editor-PropertyEditor.dll]
Address = 0xe456e267 (filename not found) [in E:\Unreal Engine\4.2\Engine\Binaries\Win64\UE4Editor-PropertyEditor.dll]
Address = 0xdeaf8b3d (filename not found) [in E:\Unreal Engine\4.2\Engine\Binaries\Win64\UE4Editor-DetailCustomizations.dll]
Address = 0xdeafd367 (filename not found) [in E:\Unreal Engine\4.2\Engine\Binaries\Win64\UE4Editor-DetailCustomizations.dll]
Address = 0xe8279bf0 (filename not found) [in E:\Unreal Engine\4.2\Engine\Binaries\Win64\UE4Editor-UnrealEd.dll]
Address = 0xe8aba0ac (filename not found) [in E:\Unreal Engine\4.2\Engine\Binaries\Win64\UE4Editor-UnrealEd.dll]
Address = 0xe8acefb3 (filename not found) [in E:\Unreal Engine\4.2\Engine\Binaries\Win64\UE4Editor-UnrealEd.dll]
Address = 0xe8ace864 (filename not found) [in E:\Unreal Engine\4.2\Engine\Binaries\Win64\UE4Editor-UnrealEd.dll]
Address = 0xe87606a1 (filename not found) [in E:\Unreal Engine\4.2\Engine\Binaries\Win64\UE4Editor-UnrealEd.dll]
FEngineLoop::Tick() 0x3fbe7b03 + 0 bytes [File=d:\buildfarm\buildmachine_++depot+ue4-releases+4.2\engine\source\runtime\launch\private\launchengineloop.cpp:2091] [in E:\Unreal Engine\4.2\Engine\Binaries\Win64\UE4Editor.exe]
GuardedMain() 0x3fbdd1ec + 0 bytes [File=d:\buildfarm\buildmachine_++depot+ue4-releases+4.2\engine\source\runtime\launch\private\launch.cpp:132] [in E:\Unreal Engine\4.2\Engine\Binaries\Win64\UE4Editor.exe]
GuardedMainWrapper() 0x3fbdd25a + 5 bytes [File=d:\buildfarm\buildmachine_++depot+ue4-releases+4.2\engine\source\runtime\launch\private\windows\launchwindows.cpp:125] [in E:\Unreal Engine\4.2\Engine\Binaries\Win64\UE4Editor.exe]
WinMain() 0x3fbe9119 + 17 bytes [File=d:\buildfarm\buildmachine_++depot+ue4-releases+4.2\engine\source\runtime\launch\private\windows\launchwindows.cpp:207] [in E:\Unreal Engine\4.2\Engine\Binaries\Win64\UE4Editor.exe]
__tmainCRTStartup() 0x3fbe9fa9 + 21 bytes [File=f:\dd\vctools\crt\crtw32\dllstuff\crtexe.c:618] [in E:\Unreal Engine\4.2\Engine\Binaries\Win64\UE4Editor.exe]
Address = 0x778459ed (filename not found) [in C:\Windows\system32\kernel32.dll]
Address = 0x7797c541 (filename not found) [in C:\Windows\SYSTEM32\ntdll.dll]
Address = 0x7797c541 (filename not found) [in C:\Windows\SYSTEM32\ntdll.dll]

[2014.07.19-11.55.06:699][845]LogWindows:Error: Windows GetLastError: Der Vorgang wurde erfolgreich beendet. (0)
[2014.07.19-11.55.06:699][845]LogCrashTracker: 


[2014.07.19-11.55.06:872][845]LogCrashTracker: 


[2014.07.19-11.55.06:872][845]LogWindows: === Critical error: ===
Unhandled Exception: 0x00000001

[2014.07.19-11.55.06:872][845]LogWindows: Assertion failed: IsValid() [File:D:\BuildFarm\buildmachine_++depot+UE4-Releases+4.2\Engine\Source\Runtime\Core\Public\Templates\SharedPointer.h] [Line: 649]

Stack:
Address = 0xe9d1d866 (filename not found) [in E:\Unreal Engine\4.2\Engine\Binaries\Win64\UE4Editor-Core.dll]
Address = 0xe9bbd275 (filename not found) [in E:\Unreal Engine\4.2\Engine\Binaries\Win64\UE4Editor-Core.dll]
Address = 0xe45db64d (filename not found) [in E:\Unreal Engine\4.2\Engine\Binaries\Win64\UE4Editor-PropertyEditor.dll]
Address = 0xe45afcf0 (filename not found) [in E:\Unreal Engine\4.2\Engine\Binaries\Win64\UE4Editor-PropertyEditor.dll]
Address = 0xe4574570 (filename not found) [in E:\Unreal Engine\4.2\Engine\Binaries\Win64\UE4Editor-PropertyEditor.dll]
Address = 0xe4569f31 (filename not found) [in E:\Unreal Engine\4.2\Engine\Binaries\Win64\UE4Editor-PropertyEditor.dll]
Address = 0xe456e267 (filename not found) [in E:\Unreal Engine\4.2\Engine\Binaries\Win64\UE4Editor-PropertyEditor.dll]
Address = 0xdeaf8b3d (filename not found) [in E:\Unreal Engine\4.2\Engine\Binaries\Win64\UE4Editor-DetailCustomizations.dll]
Address = 0xdeafd367 (filename not found) [in E:\Unreal Engine\4.2\Engine\Binaries\Win64\UE4Editor-DetailCustomizations.dll]
Address = 0xe8279bf0 (filename not found) [in E:\Unreal Engine\4.2\Engine\Binaries\Win64\UE4Editor-UnrealEd.dll]
Address = 0xe8aba0ac (filename not found) [in E:\Unreal Engine\4.2\Engine\Binaries\Win64\UE4Editor-UnrealEd.dll]
Address = 0xe8acefb3 (filename not found) [in E:\Unreal Engine\4.2\Engine\Binaries\Win64\UE4Editor-UnrealEd.dll]
Address = 0xe8ace864 (filename not found) [in E:\Unreal Engine\4.2\Engine\Binaries\Win64\UE4Editor-UnrealEd.dll]
Address = 0xe87606a1 (filename not found) [in E:\Unreal Engine\4.2\Engine\Binaries\Win64\UE4Editor-UnrealEd.dll]
FEngineLoop::Tick() 0x3fbe7b03 + 0 bytes [File=d:\buildfarm\buildmachine_++depot+ue4-releases+4.2\engine\source\runtime\launch\private\launchengineloop.cpp:2091] [in E:\Unreal Engine\4.2\Engine\Binaries\Win64\UE4Editor.exe]
GuardedMain() 0x3fbdd1ec + 0 bytes [File=d:\buildfarm\buildmachine_++depot+ue4-releases+4.2\engine\source\runtime\launch\private\launch.cpp:132] [in E:\Unreal Engine\4.2\Engine\Binaries\Win64\UE4Editor.exe]
GuardedMainWrapper() 0x3fbdd25a + 5 bytes [File=d:\buildfarm\buildmachine_++depot+ue4-releases+4.2\engine\source\runtime\launch\private\windows\launchwindows.cpp:125] [in E:\Unreal Engine\4.2\Engine\Binaries\Win64\UE4Editor.exe]
WinMain() 0x3fbe9119 + 17 bytes [File=d:\buildfarm\buildmachine_++depot+ue4-releases+4.2\engine\source\runtime\launch\private\windows\launchwindows.cpp:207] [in E:\Unreal Engine\4.2\Engine\Binaries\Win64\UE4Editor.exe]
__tmainCRTStartup() 0x3fbe9fa9 + 21 bytes [File=f:\dd\vctools\crt\crtw32\dllstuff\crtexe.c:618] [in E:\Unreal Engine\4.2\Engine\Binaries\Win64\UE4Editor.exe]
Address = 0x778459ed (filename not found) [in C:\Windows\system32\kernel32.dll]
Address = 0x7797c541 (filename not found) [in C:\Windows\SYSTEM32\ntdll.dll]
Address = 0x7797c541 (filename not found) [in C:\Windows\SYSTEM32\ntdll.dll]


Address = 0xfd84940d (filename not found) [in C:\Windows\system32\KERNELBASE.dll]
Address = 0xe9d1c1dc (filename not found) [in E:\Unreal Engine\4.2\Engine\Binaries\Win64\UE4Editor-Core.dll]
Address = 0xe9bcb94a (filename not found) [in E:\Unreal Engine\4.2\Engine\Binaries\Win64\UE4Editor-Core.dll]
Address = 0xe9bbd320 (filename not found) [in E:\Unreal Engine\4.2\Engine\Binaries\Win64\UE4Editor-Core.dll]
Address = 0xe45db64d (filename not found) [in E:\Unreal Engine\4.2\Engine\Binaries\Win64\UE4Editor-PropertyEditor.dll]
Address = 0xe45afcf0 (filename not found) [in E:\Unreal Engine\4.2\Engine\Binaries\Win64\UE4Editor-PropertyEditor.dll]
Address = 0xe4574570 (filename not found) [in E:\Unreal Engine\4.2\Engine\Binaries\Win64\UE4Editor-PropertyEditor.dll]
Address = 0xe4569f31 (filename not found) [in E:\Unreal Engine\4.2\Engine\Binaries\Win64\UE4Editor-PropertyEditor.dll]
Address = 0xe456e267 (filename not found) [in E:\Unreal Engine\4.2\Engine\Binaries\Win64\UE4Editor-PropertyEditor.dll]
Address = 0xdeaf8b3d (filename not found) [in E:\Unreal Engine\4.2\Engine\Binaries\Win64\UE4Editor-DetailCustomizations.dll]
Address = 0xdeafd367 (filename not found) [in E:\Unreal Engine\4.2\Engine\Binaries\Win64\UE4Editor-DetailCustomizations.dll]
Address = 0xe8279bf0 (filename not found) [in E:\Unreal Engine\4.2\Engine\Binaries\Win64\UE4Editor-UnrealEd.dll]
Address = 0xe8aba0ac (filename not found) [in E:\Unreal Engine\4.2\Engine\Binaries\Win64\UE4Editor-UnrealEd.dll]
Address = 0xe8acefb3 (filename not found) [in E:\Unreal Engine\4.2\Engine\Binaries\Win64\UE4Editor-UnrealEd.dll]
Address = 0xe8ace864 (filename not found) [in E:\Unreal Engine\4.2\Engine\Binaries\Win64\UE4Editor-UnrealEd.dll]
Address = 0xe87606a1 (filename not found) [in E:\Unreal Engine\4.2\Engine\Binaries\Win64\UE4Editor-UnrealEd.dll]
FEngineLoop::Tick() 0x3fbe7b03 + 0 bytes [File=d:\buildfarm\buildmachine_++depot+ue4-releases+4.2\engine\source\runtime\launch\private\launchengineloop.cpp:2091] [in E:\Unreal Engine\4.2\Engine\Binaries\Win64\UE4Editor.exe]
GuardedMain() 0x3fbdd1ec + 0 bytes [File=d:\buildfarm\buildmachine_++depot+ue4-releases+4.2\engine\source\runtime\launch\private\launch.cpp:132] [in E:\Unreal Engine\4.2\Engine\Binaries\Win64\UE4Editor.exe]
GuardedMainWrapper() 0x3fbdd25a + 5 bytes [File=d:\buildfarm\buildmachine_++depot+ue4-releases+4.2\engine\source\runtime\launch\private\windows\launchwindows.cpp:125] [in E:\Unreal Engine\4.2\Engine\Binaries\Win64\UE4Editor.exe]
WinMain() 0x3fbe9119 + 17 bytes [File=d:\buildfarm\buildmachine_++depot+ue4-releases+4.2\engine\source\runtime\launch\private\windows\launchwindows.cpp:207] [in E:\Unreal Engine\4.2\Engine\Binaries\Win64\UE4Editor.exe]
__tmainCRTStartup() 0x3fbe9fa9 + 21 bytes [File=f:\dd\vctools\crt\crtw32\dllstuff\crtexe.c:618] [in E:\Unreal Engine\4.2\Engine\Binaries\Win64\UE4Editor.exe]
Address = 0x778459ed (filename not found) [in C:\Windows\system32\kernel32.dll]
Address = 0x7797c541 (filename not found) [in C:\Windows\SYSTEM32\ntdll.dll]
Address = 0x7797c541 (filename not found) [in C:\Windows\SYSTEM32\ntdll.dll]

[2014.07.19-11.55.06:873][845]LogExit: Executing StaticShutdownAfterError
[2014.07.19-11.55.06:889][845]LogWindows: FPlatformMisc::RequestExit(1)
[2014.07.19-11.55.06:889][845]Log file closed, 07/19/14 13:55:06
