Log file open, 07/03/14 17:24:50
LogInit:Display: Running engine for game: MyProject3
LogInit: Version: 4.2.1-2101290+++depot+UE4-Releases+4.2
LogInit: Compiled (64-bit): Jun 10 2014 22:21:56
LogInit: Build Configuration: Development
LogInit: Branch Name: ++depot+UE4-Releases+4.2
LogInit: Command line:  
LogInit: Base directory: E:/Unreal Engine/4.2/Engine/Binaries/Win64/
LogInit: Rocket: 1
[2014.07.03-15.24.50:208][  0]LogTaskGraph: Started task graph with 3 named threads and 6 total threads.
[2014.07.03-15.24.50:253][  0]LogOnline:Warning: No default platform service specified for OnlineSubsystem
[2014.07.03-15.24.50:276][  0]LogInit: Presizing for 0 objects not considered by GC, pre-allocating 0 bytes.
[2014.07.03-15.24.50:282][  0]LogInit: Object subsystem initialized
[2014.07.03-15.24.50:284][  0]LogInit: Selected Device Profile: [Windows]
[2014.07.03-15.24.50:284][  0]LogInit: Applying CVar settings loaded from the selected device profile: [Windows]
[2014.07.03-15.24.50:287][  0]LogInit: Computer: SPAEHLING-PC
[2014.07.03-15.24.50:287][  0]LogInit: User: Spaehling
[2014.07.03-15.24.50:288][  0]LogInit: CPU Page size=4096, Cores=6
[2014.07.03-15.24.50:288][  0]LogInit: High frequency timer resolution =3.126982 MHz
[2014.07.03-15.24.50:288][  0]LogMemory: Memory total: Physical=64.0GB (64GB approx) Virtual=8192.0GB
[2014.07.03-15.24.50:288][  0]LogMemory: Platform Memory Stats for Windows
[2014.07.03-15.24.50:288][  0]LogMemory: Process Physical Memory: 57.41 MB used, 57.41 MB peak
[2014.07.03-15.24.50:288][  0]LogMemory: Process Virtual Memory: 33.46 MB used, 33.64 MB peak
[2014.07.03-15.24.50:288][  0]LogMemory: Physical Memory: 5469.28 MB used, 65486.15 MB total
[2014.07.03-15.24.50:288][  0]LogMemory: Virtual Memory: 241.65 MB used, 8388608.00 MB total
[2014.07.03-15.24.50:353][  0]LogD3D11RHI: Found D3D11 adapter 0: NVIDIA GeForce GTX 690 (Feature Level 11_0)
[2014.07.03-15.24.50:353][  0]LogD3D11RHI: Adapter has 1990MB of dedicated video memory, 0MB of dedicated system memory, and 2048MB of shared system memory, 1 output[s]
[2014.07.03-15.24.50:375][  0]LogD3D11RHI: Found D3D11 adapter 1: NVIDIA GeForce GTX 690 (Feature Level 11_0)
[2014.07.03-15.24.50:375][  0]LogD3D11RHI: Adapter has 1990MB of dedicated video memory, 0MB of dedicated system memory, and 2048MB of shared system memory, 1 output[s]
[2014.07.03-15.24.50:375][  0]LogD3D11RHI: Chosen D3D11 Adapter Id = 0
[2014.07.03-15.24.50:380][  0]LogRHI: Texture pool is 1361 MB (70% of 1945 MB)
[2014.07.03-15.24.50:389][  0]LogD3D11RHI: Async texture creation enabled
[2014.07.03-15.24.50:469][  0]LogTextLocalizationManager:Warning: The selected culture 'de_DE' is not available; falling back to 'en'
[2014.07.03-15.24.50:516][  0]LogContentStreaming: Texture pool size is 0.000000MB
[2014.07.03-15.24.51:345][  0]LogTargetPlatformManager:Display: Building Assets For Windows
[2014.07.03-15.24.51:497][  0]LogTargetPlatformManager:Display: Building Assets For Windows
[2014.07.03-15.24.51:531][  0]LogDerivedDataCache:Display: Max Cache Size: 512 MB
[2014.07.03-15.24.51:563][  0]LogDerivedDataCache: Loaded boot cache 0.03s 39MB C:/Users/Spaehling/AppData/Local/UnrealEngine/4.2/DerivedDataCache/Boot.ddc.
[2014.07.03-15.24.51:563][  0]LogDerivedDataCache:Display: Loaded Boot cache: C:/Users/Spaehling/AppData/Local/UnrealEngine/4.2/DerivedDataCache/Boot.ddc
[2014.07.03-15.24.51:564][  0]LogDerivedDataCache: FDerivedDataBackendGraph:  Pak pak cache file D:/UDK4 Projects/Waagenbau/MyProject3/DerivedDataCache/DDC.ddp not found, will not use a pak cache.
[2014.07.03-15.24.51:564][  0]LogDerivedDataCache: Unable to find inner node Pak for hierarchical cache Hierarchy.
[2014.07.03-15.24.51:574][  0]LogDerivedDataCache:Display: Pak cache opened for reading ../../../Engine/DerivedDataCache/DDC.ddp.
[2014.07.03-15.24.51:585][  0]LogDerivedDataCache: Using Local data cache path C:/Users/Spaehling/AppData/Local/UnrealEngine/4.2/DerivedDataCache: Writable
[2014.07.03-15.24.52:210][  0]LogMeshUtilities: No automatic mesh reduction module available
[2014.07.03-15.24.52:210][  0]LogMeshUtilities: No automatic mesh merging module available
[2014.07.03-15.24.52:493][  0]LogInit: WinSock: version 1.1 (2.2), MaxSocks=32767, MaxUdp=65467
[2014.07.03-15.24.53:292][  0]LogStreaming:Warning: Failed to read file '../../../Engine/Content/Editor/Slate/Icons/ActorIcons/GroupActor_16x.png' error.
[2014.07.03-15.24.53:292][  0]LogSlate: Could not find file for Slate resource: ../../../Engine/Content/Editor/Slate/Icons/ActorIcons/GroupActor_16x.png
[2014.07.03-15.24.53:310][  0]LogStreaming:Warning: Failed to read file '../../../Engine/Content/Editor/Slate/Icons/ActorIcons/DecalActor_16x.png' error.
[2014.07.03-15.24.53:310][  0]LogSlate: Could not find file for Slate resource: ../../../Engine/Content/Editor/Slate/Icons/ActorIcons/DecalActor_16x.png
[2014.07.03-15.24.53:908][  0]UdpMessaging: Initializing bridge on interface 0.0.0.0:0 to multicast group 230.0.0.1:6666.
[2014.07.03-15.24.54:018][  0]SourceControl: Info Source control is disabled
[2014.07.03-15.24.54:018][  0]SourceControl: Info Source control is disabled
[2014.07.03-15.24.54:021][  0]SourceControl: Info Source control is disabled
[2014.07.03-15.24.54:128][  0]BlueprintLog: New page: Editor Load
[2014.07.03-15.24.54:212][  0]LogObj: 19203 objects as part of root set at end of initial load.
[2014.07.03-15.24.54:212][  0]LogUObjectAllocator: 3820576 out of 0 bytes used by permanent object pool.
[2014.07.03-15.24.54:532][  0]LogEngine: Initializing Engine...
[2014.07.03-15.24.54:635][  0]LogInit: XAudio2 using 'Lautsprecher (Corsair Vengeance 2000 Headset)' : 8 channels at 44.1 kHz using 16 bits per sample (channel mask 0x63f)
[2014.07.03-15.24.54:684][  0]LogInit: FAudioDevice initialized.
[2014.07.03-15.24.54:703][  0]LogDerivedDataCache: Saved boot cache 0.02s 39MB C:/Users/Spaehling/AppData/Local/UnrealEngine/4.2/DerivedDataCache/Boot.ddc.
[2014.07.03-15.24.54:707][  0]LogInit: Texture streaming: Enabled
[2014.07.03-15.24.54:754][  0]LogInit: Transaction tracking system initialized
[2014.07.03-15.24.54:876][  0]LogAssetRegistry: FAssetRegistry took 0.0096 seconds to start up
[2014.07.03-15.24.55:084][  0]LogModuleManager:Warning: ModuleManager: Unable to load module '' because the file was not found.
[2014.07.03-15.24.55:087][  0]LogModuleManager:Warning: ModuleManager: Unable to load module '' because the file was not found.
[2014.07.03-15.24.55:148][  0]LogConsoleResponse:Display: 
[2014.07.03-15.24.55:364][  0]SourceControl: Info Source control is disabled
[2014.07.03-15.24.55:364][  0]Cmd: MAP LOAD FILE="D:/UDK4 Projects/Waagenbau/MyProject3/Content/Maps/waagenbau.umap" TEMPLATE=0 SHOWPROGRESS=1 WORLDCOMPOSITION=0
[2014.07.03-15.24.55:364][  0]LightingResults: New page: Lighting Build
[2014.07.03-15.24.55:372][  0]MapCheck: New page: Map Check
[2014.07.03-15.24.55:372][  0]LightingResults: New page: Lighting Build
[2014.07.03-15.24.55:377][  0]LogParticles: Destroying 0 GPU particle simulations for FXSystem 0x000000000A132F20
[2014.07.03-15.24.56:594][  0]LogBlueprintUserMessages:Warning: SetTimer passed a bad function () or object (DiscoLight_1_C_0)
[2014.07.03-15.24.56:595][  0]LogBlueprintUserMessages:Warning: SetTimer passed a bad function () or object (DiscoLight_1_C_1)
[2014.07.03-15.24.56:596][  0]LogBlueprintUserMessages:Warning: SetTimer passed a bad function () or object (DiscoLight_1_C_2)
[2014.07.03-15.24.56:596][  0]LogBlueprintUserMessages:Warning: SetTimer passed a bad function () or object (DiscoLight_1_C_3)
[2014.07.03-15.24.56:597][  0]LogBlueprintUserMessages:Warning: SetTimer passed a bad function () or object (DiscoLight_1_C_4)
[2014.07.03-15.24.56:597][  0]LogBlueprintUserMessages:Warning: SetTimer passed a bad function () or object (DiscoLight_1_C_5)
[2014.07.03-15.24.56:598][  0]LogBlueprintUserMessages:Warning: SetTimer passed a bad function () or object (DiscoLight_1_C_6)
[2014.07.03-15.24.56:599][  0]LogBlueprintUserMessages:Warning: SetTimer passed a bad function () or object (DiscoLight_1_C_7)
[2014.07.03-15.24.56:599][  0]LogBlueprintUserMessages:Warning: SetTimer passed a bad function () or object (DiscoLight_1_C_8)
[2014.07.03-15.24.56:600][  0]LogBlueprintUserMessages:Warning: SetTimer passed a bad function () or object (DiscoLight_1_C_9)
[2014.07.03-15.24.56:601][  0]LogBlueprintUserMessages:Warning: SetTimer passed a bad function () or object (DiscoLight_1_C_10)
[2014.07.03-15.24.56:601][  0]LogBlueprintUserMessages:Warning: SetTimer passed a bad function () or object (DiscoLight_1_C_11)
[2014.07.03-15.24.56:602][  0]LogBlueprintUserMessages:Warning: SetTimer passed a bad function () or object (DiscoLight_1_C_12)
[2014.07.03-15.24.56:602][  0]LogBlueprintUserMessages:Warning: SetTimer passed a bad function () or object (DiscoLight_1_C_13)
[2014.07.03-15.24.56:603][  0]LogBlueprintUserMessages:Warning: SetTimer passed a bad function () or object (DiscoLight_1_C_14)
[2014.07.03-15.24.56:603][  0]LogBlueprintUserMessages:Warning: SetTimer passed a bad function () or object (DiscoLight_1_C_15)
[2014.07.03-15.24.56:604][  0]LogBlueprintUserMessages:Warning: SetTimer passed a bad function () or object (DiscoLight_1_C_16)
[2014.07.03-15.24.56:605][  0]LogBlueprintUserMessages:Warning: SetTimer passed a bad function () or object (DiscoLight_1_C_34)
[2014.07.03-15.24.56:605][  0]LogBlueprintUserMessages:Warning: SetTimer passed a bad function () or object (DiscoLight_1_C_35)
[2014.07.03-15.24.56:606][  0]LogBlueprintUserMessages:Warning: SetTimer passed a bad function () or object (DiscoLight_1_C_36)
[2014.07.03-15.24.56:606][  0]LogBlueprintUserMessages:Warning: SetTimer passed a bad function () or object (DiscoLight_1_C_37)
[2014.07.03-15.24.56:641][  0]LogEditorServer: Finished looking for orphan Actors (0.000 secs)
[2014.07.03-15.24.56:642][  0]Cmd: MAP CHECKDEP
[2014.07.03-15.24.56:642][  0]MapCheck: New page: waagenbau - Jul 3, 2014, 7:24:56 PM
[2014.07.03-15.24.56:698][  0]MapCheck: Info ========== Map Check: 0 Error(s), 0 Warning(s), [55.247ms] ==========
[2014.07.03-15.24.56:698][  0]LogFileHelpers: Loading map 'waagenbau' took 1.334
[2014.07.03-15.24.56:869][  0]LogCrashTracker: Crashtracker disabled due to settings.
[2014.07.03-15.24.56:870][  0]Cmd: MODE PLACEMENT
[2014.07.03-15.24.56:918][  0]LogLoad: Full Startup: 7.52 seconds (BP compile: 0.28 seconds)
[2014.07.03-15.24.57:005][  0]LogRenderer:Warning: Reallocating scene render targets to support 32x32.
[2014.07.03-15.24.57:087][  0]LogRenderer:Warning: Reallocating scene render targets to support 1056x856.
[2014.07.03-15.24.57:265][  1]LogEpicStorage:Warning: EnumerateFiles request failed. Invalid response. code=403 error=<?xml version="1.0" encoding="UTF-8"?>
<Error><Code>AccessDenied</Code><Message>Access Denied</Message><RequestId>683B1E952F471A10</RequestId><HostId>vXqj26TyuJ3eiCFOzYTxzCZjUsCDeMvZuBF/eywZ3syllvAbszCm8JGQKok4IfXA</HostId></Error>
[2014.07.03-15.24.57:315][  1]LogAssetRegistry: Asset discovery search completed in 2.4495 seconds
[2014.07.03-15.24.57:383][  2]LogEpicSurvey:Warning: EnumerateFiles request failed. Invalid response. code=403 error=<?xml version="1.0" encoding="UTF-8"?>
<Error><Code>AccessDenied</Code><Message>Access Denied</Message><RequestId>02B8CE7195F9D2A9</RequestId><HostId>fOkVZbCPr5OV8q0MT1526Tkpq6p0DhXOBa1RuPbhLUO6o4uvqAh/5r25qnaAYx6/</HostId></Error>
[2014.07.03-15.24.57:428][  3]LogEpicStorage:Warning: EnumerateFiles request failed. Invalid response. code=403 error=<?xml version="1.0" encoding="UTF-8"?>
<Error><Code>AccessDenied</Code><Message>Access Denied</Message><RequestId>683B1E952F471A10</RequestId><HostId>vXqj26TyuJ3eiCFOzYTxzCZjUsCDeMvZuBF/eywZ3syllvAbszCm8JGQKok4IfXA</HostId></Error>
[2014.07.03-15.24.57:471][  4]LogEpicSurvey:Warning: EnumerateFiles request failed. Invalid response. code=403 error=<?xml version="1.0" encoding="UTF-8"?>
<Error><Code>AccessDenied</Code><Message>Access Denied</Message><RequestId>02B8CE7195F9D2A9</RequestId><HostId>fOkVZbCPr5OV8q0MT1526Tkpq6p0DhXOBa1RuPbhLUO6o4uvqAh/5r25qnaAYx6/</HostId></Error>
[2014.07.03-15.24.57:545][  9]LogEpicStorage:Warning: ReadFile request failed. File request already pending for filename=http://cdn.unrealengine.com/newsfeed/blueprint_icon_b.png
[2014.07.03-15.24.57:546][  9]LogEpicStorage:Warning: ReadFile request failed. File request already pending for filename=http://cdn.unrealengine.com/newsfeed/blueprint_icon_b.png
[2014.07.03-15.24.57:789][ 38]LogEpicSurvey:Warning: EnumerateFiles request failed. Invalid response. code=403 error=<?xml version="1.0" encoding="UTF-8"?>
<Error><Code>AccessDenied</Code><Message>Access Denied</Message><RequestId>E671FC8CC938FB71</RequestId><HostId>8sfy1xfcZkatvSQD6L0VEUEYpRnywR5hrJys4k83ynsHKsEtxIKf5dxtKlvtwwi4</HostId></Error>
[2014.07.03-15.39.57:079][857]LogEpicStorage:Warning: ReadFile request failed. File request already pending for filename=http://cdn.unrealengine.com/newsfeed/blueprint_icon_b.png
[2014.07.03-15.39.57:080][857]LogEpicStorage:Warning: ReadFile request failed. File request already pending for filename=http://cdn.unrealengine.com/newsfeed/blueprint_icon_b.png
[2014.07.03-15.54.57:132][693]LogEpicStorage:Warning: ReadFile request failed. File request already pending for filename=http://cdn.unrealengine.com/newsfeed/blueprint_icon_b.png
[2014.07.03-15.54.57:133][693]LogEpicStorage:Warning: ReadFile request failed. File request already pending for filename=http://cdn.unrealengine.com/newsfeed/blueprint_icon_b.png
[2014.07.03-16.01.02:994][422]LogRenderer:Warning: Reallocating scene render targets to support 1056x936.
[2014.07.03-16.08.56:830][658]Cmd: QUIT_EDITOR
[2014.07.03-16.08.56:888][658]LogWindowsTextInputMethodSystem:Error: Terminating failed while unadvising the language notification sink from the TSF source.
[2014.07.03-16.08.56:889][658]LogExit: Preparing to exit.
[2014.07.03-16.08.57:169][658]LogExit: Editor shut down
[2014.07.03-16.08.57:170][658]LogExit: Transaction tracking system shut down
[2014.07.03-16.08.57:172][658]LogParticles: Destroying 0 GPU particle simulations for FXSystem 0x000000001D21B380
[2014.07.03-16.08.57:193][658]LogParticles: Destroying 0 GPU particle simulations for FXSystem 0x000000001E450EA0
[2014.07.03-16.08.57:194][658]LogParticles: Destroying 0 GPU particle simulations for FXSystem 0x000000001D9A8860
[2014.07.03-16.08.57:194][658]LogExit: Object subsystem successfully closed.
[2014.07.03-16.08.57:212][658]LogModuleManager: Shutting down and abandoning module AndroidDeviceDetection (163)
[2014.07.03-16.08.57:212][658]LogModuleManager: Shutting down and abandoning module CrashTracker (162)
[2014.07.03-16.08.57:212][658]LogModuleManager: Shutting down and abandoning module HTTP (161)
[2014.07.03-16.08.57:212][658]LogModuleManager: Shutting down and abandoning module NewsFeed (160)
[2014.07.03-16.08.57:212][658]LogModuleManager: Shutting down and abandoning module SceneOutliner (159)
[2014.07.03-16.08.57:212][658]LogModuleManager: Shutting down and abandoning module StatsViewer (158)
[2014.07.03-16.08.57:212][658]LogModuleManager: Shutting down and abandoning module FoliageEdit (157)
[2014.07.03-16.08.57:212][658]LogModuleManager: Shutting down and abandoning module LandscapeEditor (156)
[2014.07.03-16.08.57:217][658]LogModuleManager: Shutting down and abandoning module MeshPaint (155)
[2014.07.03-16.08.57:217][658]LogModuleManager: Shutting down and abandoning module ActorPickerMode (154)
[2014.07.03-16.08.57:217][658]LogModuleManager: Shutting down and abandoning module GeometryMode (153)
[2014.07.03-16.08.57:217][658]LogModuleManager: Shutting down and abandoning module TextureAlignMode (152)
[2014.07.03-16.08.57:217][658]LogModuleManager: Shutting down and abandoning module BspMode (151)
[2014.07.03-16.08.57:217][658]LogModuleManager: Shutting down and abandoning module PlacementMode (150)
[2014.07.03-16.08.57:218][658]LogModuleManager: Shutting down and abandoning module AutomationWorker (149)
[2014.07.03-16.08.57:218][658]LogModuleManager: Shutting down and abandoning module ViewportSnapping (148)
[2014.07.03-16.08.57:218][658]LogModuleManager: Shutting down and abandoning module DeviceProfileEditor (147)
[2014.07.03-16.08.57:218][658]LogModuleManager: Shutting down and abandoning module UndoHistory (146)
[2014.07.03-16.08.57:218][658]LogModuleManager: Shutting down and abandoning module GameplayTagsEditor (145)
[2014.07.03-16.08.57:218][658]LogModuleManager: Shutting down and abandoning module UserFeedback (144)
[2014.07.03-16.08.57:218][658]LogModuleManager: Shutting down and abandoning module XmlParser (143)
[2014.07.03-16.08.57:218][658]LogModuleManager: Shutting down and abandoning module Blutility (142)
[2014.07.03-16.08.57:218][658]LogModuleManager: Shutting down and abandoning module AndroidPlatformEditor (139)
[2014.07.03-16.08.57:218][658]LogModuleManager: Shutting down and abandoning module AndroidRuntimeSettings (138)
[2014.07.03-16.08.57:218][658]LogModuleManager: Shutting down and abandoning module ProjectSettingsViewer (137)
[2014.07.03-16.08.57:218][658]LogModuleManager: Shutting down and abandoning module InputBindingEditor (136)
[2014.07.03-16.08.57:218][658]LogModuleManager: Shutting down and abandoning module EditorSettingsViewer (135)
[2014.07.03-16.08.57:218][658]LogModuleManager: Shutting down and abandoning module SettingsEditor (134)
[2014.07.03-16.08.57:218][658]LogModuleManager: Shutting down and abandoning module SessionLauncher (133)
[2014.07.03-16.08.57:218][658]LogModuleManager: Shutting down and abandoning module SessionFrontend (132)
[2014.07.03-16.08.57:218][658]LogModuleManager: Shutting down and abandoning module ProfilerClient (131)
[2014.07.03-16.08.57:218][658]LogModuleManager: Shutting down and abandoning module TargetDeviceServices (130)
[2014.07.03-16.08.57:218][658]LogModuleManager: Shutting down and abandoning module DeviceManager (129)
[2014.07.03-16.08.57:218][658]LogModuleManager: Shutting down and abandoning module AutomationController (128)
[2014.07.03-16.08.57:218][658]LogModuleManager: Shutting down and abandoning module AutomationWindow (127)
[2014.07.03-16.08.57:218][658]LogModuleManager: Shutting down and abandoning module Layers (126)
[2014.07.03-16.08.57:218][658]LogModuleManager: Shutting down and abandoning module ComponentVisualizers (125)
[2014.07.03-16.08.57:218][658]LogModuleManager: Shutting down and abandoning module DetailCustomizations (124)
[2014.07.03-16.08.57:218][658]LogModuleManager: Shutting down and abandoning module PackagesDialog (123)
[2014.07.03-16.08.57:218][658]LogModuleManager: Shutting down and abandoning module DirectoryWatcher (122)
[2014.07.03-16.08.57:218][658]LogModuleManager: Shutting down and abandoning module AssetRegistry (121)
[2014.07.03-16.08.57:262][658]LogModuleManager: Shutting down and abandoning module Persona (120)
[2014.07.03-16.08.57:262][658]LogModuleManager: Shutting down and abandoning module GraphEditor (119)
[2014.07.03-16.08.57:262][658]LogModuleManager: Shutting down and abandoning module ContentBrowser (118)
[2014.07.03-16.08.57:262][658]LogModuleManager: Shutting down and abandoning module ClassViewer (117)
[2014.07.03-16.08.57:262][658]LogModuleManager: Shutting down and abandoning module Toolbox (116)
[2014.07.03-16.08.57:262][658]LogModuleManager: Shutting down and abandoning module ModuleUI (115)
[2014.07.03-16.08.57:262][658]LogModuleManager: Shutting down and abandoning module Sequencer (114)
[2014.07.03-16.08.57:262][658]LogModuleManager: Shutting down and abandoning module MovieSceneTools (113)
[2014.07.03-16.08.57:262][658]LogModuleManager: Shutting down and abandoning module OutputLog (112)
[2014.07.03-16.08.57:262][658]LogModuleManager: Shutting down and abandoning module GammaUI (111)
[2014.07.03-16.08.57:262][658]LogModuleManager: Shutting down and abandoning module Documentation (110)
[2014.07.03-16.08.57:262][658]LogModuleManager: Shutting down and abandoning module DesktopPlatform (109)
[2014.07.03-16.08.57:262][658]LogModuleManager: Shutting down and abandoning module StreamingPauseRendering (108)
[2014.07.03-16.08.57:262][658]LogModuleManager: Shutting down and abandoning module AnalyticsET (107)
[2014.07.03-16.08.57:262][658]LogModuleManager: Shutting down and abandoning module Analytics (106)
[2014.07.03-16.08.57:262][658]LogModuleManager: Shutting down and abandoning module ProfilerService (105)
[2014.07.03-16.08.57:387][658]LogModuleManager: Shutting down and abandoning module TaskGraph (104)
[2014.07.03-16.08.57:387][658]LogModuleManager: Shutting down and abandoning module GameProjectGeneration (103)
[2014.07.03-16.08.57:387][658]LogModuleManager: Shutting down and abandoning module Matinee (102)
[2014.07.03-16.08.57:387][658]LogModuleManager: Shutting down and abandoning module Kismet (101)
[2014.07.03-16.08.57:387][658]LogModuleManager: Shutting down and abandoning module SlateReflector (100)
[2014.07.03-16.08.57:387][658]LogModuleManager: Shutting down and abandoning module LevelEditor (99)
[2014.07.03-16.08.57:388][658]LogModuleManager: Shutting down and abandoning module MainFrame (98)
[2014.07.03-16.08.57:388][658]LogModuleManager: Shutting down and abandoning module SourceControl (97)
[2014.07.03-16.08.57:388][658]LogModuleManager: Shutting down and abandoning module ImageWrapper (96)
[2014.07.03-16.08.57:388][658]LogModuleManager: Shutting down and abandoning module OnlineBlueprintSupport (95)
[2014.07.03-16.08.57:388][658]LogModuleManager: Shutting down and abandoning module PropertyEditor (94)
[2014.07.03-16.08.57:388][658]LogModuleManager: Shutting down and abandoning module AssetTools (93)
[2014.07.03-16.08.57:388][658]LogModuleManager: Shutting down and abandoning module BehaviorTreeEditor (92)
[2014.07.03-16.08.57:388][658]LogModuleManager: Shutting down and abandoning module FunctionalTesting (91)
[2014.07.03-16.08.57:388][658]LogModuleManager: Shutting down and abandoning module CollisionAnalyzer (90)
[2014.07.03-16.08.57:388][658]LogModuleManager: Shutting down and abandoning module WorkspaceMenuStructure (89)
[2014.07.03-16.08.57:388][658]LogModuleManager: Shutting down and abandoning module MessageLog (88)
[2014.07.03-16.08.57:388][658]LogModuleManager: Shutting down and abandoning module Slate (87)
[2014.07.03-16.08.57:388][658]LogModuleManager: Shutting down and abandoning module EditorStyle (86)
[2014.07.03-16.08.57:390][658]LogModuleManager: Shutting down and abandoning module SessionServices (85)
[2014.07.03-16.08.57:390][658]LogModuleManager: Shutting down and abandoning module Messaging (84)
[2014.07.03-16.08.57:390][658]LogModuleManager: Shutting down and abandoning module SourceCodeAccess (83)
[2014.07.03-16.08.57:390][658]LogModuleManager: Shutting down and abandoning module HeadMountedDisplay (82)
[2014.07.03-16.08.57:390][658]LogModuleManager: Shutting down and abandoning module XAudio2 (81)
[2014.07.03-16.08.57:390][658]LogModuleManager: Shutting down and abandoning module Networking (79)
[2014.07.03-16.08.57:390][658]LogModuleManager: Shutting down and abandoning module Core (78)
[2014.07.03-16.08.57:390][658]LogModuleManager: Shutting down and abandoning module KismetCompiler (77)
[2014.07.03-16.08.57:390][658]LogModuleManager: Shutting down and abandoning module PhysXFormats (76)
[2014.07.03-16.08.57:390][658]LogModuleManager: Shutting down and abandoning module SimplygonMeshReduction (75)
[2014.07.03-16.08.57:390][658]LogModuleManager: Shutting down and abandoning module MeshUtilities (74)
[2014.07.03-16.08.57:390][658]LogModuleManager: Shutting down and abandoning module DerivedDataCache (73)
[2014.07.03-16.08.57:490][658]LogDerivedDataCache: Shutdown
[2014.07.03-16.08.57:490][658]LogModuleManager: Shutting down and abandoning module ShaderFormatOpenGL (72)
[2014.07.03-16.08.57:490][658]LogModuleManager: Shutting down and abandoning module ShaderFormatD3D (71)
[2014.07.03-16.08.57:490][658]LogModuleManager: Shutting down and abandoning module TextureFormatUncompressed (70)
[2014.07.03-16.08.57:490][658]LogModuleManager: Shutting down and abandoning module TextureFormatPVR (69)
[2014.07.03-16.08.57:490][658]LogModuleManager: Shutting down and abandoning module TextureFormatDXT (68)
[2014.07.03-16.08.57:490][658]LogModuleManager: Shutting down and abandoning module TextureFormatAndroid (67)
[2014.07.03-16.08.57:490][658]LogModuleManager: Shutting down and abandoning module AudioFormatOpus (66)
[2014.07.03-16.08.57:490][658]LogModuleManager: Shutting down and abandoning module AudioFormatOgg (65)
[2014.07.03-16.08.57:490][658]LogModuleManager: Shutting down and abandoning module AudioFormatADPCM (64)
[2014.07.03-16.08.57:490][658]LogModuleManager: Shutting down and abandoning module Android_PVRTCTargetPlatform (63)
[2014.07.03-16.08.57:490][658]LogModuleManager: Shutting down and abandoning module Android_ETC2TargetPlatform (62)
[2014.07.03-16.08.57:490][658]LogModuleManager: Shutting down and abandoning module Android_ETC1TargetPlatform (61)
[2014.07.03-16.08.57:490][658]LogModuleManager: Shutting down and abandoning module Android_DXTTargetPlatform (60)
[2014.07.03-16.08.57:490][658]LogModuleManager: Shutting down and abandoning module Android_ATCTargetPlatform (59)
[2014.07.03-16.08.57:490][658]LogModuleManager: Shutting down and abandoning module AndroidTargetPlatform (58)
[2014.07.03-16.08.57:490][658]LogModuleManager: Shutting down and abandoning module WindowsTargetPlatform (57)
[2014.07.03-16.08.57:490][658]LogModuleManager: Shutting down and abandoning module WindowsServerTargetPlatform (56)
[2014.07.03-16.08.57:490][658]LogModuleManager: Shutting down and abandoning module WindowsNoEditorTargetPlatform (55)
[2014.07.03-16.08.57:490][658]LogModuleManager: Shutting down and abandoning module WindowsClientTargetPlatform (54)
[2014.07.03-16.08.57:490][658]LogModuleManager: Shutting down and abandoning module TargetPlatform (53)
[2014.07.03-16.08.57:490][658]LogModuleManager: Shutting down and abandoning module InputCore (52)
[2014.07.03-16.08.57:490][658]LogModuleManager: Shutting down and abandoning module Settings (51)
[2014.07.03-16.08.57:490][658]LogModuleManager: Shutting down and abandoning module TextureCompressor (48)
[2014.07.03-16.08.57:491][658]LogModuleManager: Shutting down and abandoning module ShaderCore (47)
[2014.07.03-16.08.57:491][658]LogModuleManager: Shutting down and abandoning module OpenGLDrv (46)
[2014.07.03-16.08.57:491][658]LogModuleManager: Shutting down and abandoning module D3D11RHI (45)
[2014.07.03-16.08.57:491][658]LogModuleManager: Shutting down and abandoning module SlateRHIRenderer (44)
[2014.07.03-16.08.57:491][658]LogModuleManager: Shutting down and abandoning module Renderer (43)
[2014.07.03-16.08.57:491][658]LogModuleManager: Shutting down and abandoning module Engine (42)
[2014.07.03-16.08.57:491][658]LogModuleManager: Shutting down and abandoning module SlateRemote (41)
[2014.07.03-16.08.57:491][658]LogModuleManager: Shutting down and abandoning module ScriptPlugin (40)
[2014.07.03-16.08.57:491][658]LogModuleManager: Shutting down and abandoning module ScriptEditorPlugin (38)
[2014.07.03-16.08.57:491][658]LogModuleManager: Shutting down and abandoning module WindowsMoviePlayer (37)
[2014.07.03-16.08.57:496][658]LogModuleManager: Shutting down and abandoning module ExampleDeviceProfileSelector (32)
[2014.07.03-16.08.57:496][658]LogModuleManager: Shutting down and abandoning module CustomMeshComponent (31)
[2014.07.03-16.08.57:496][658]LogModuleManager: Shutting down and abandoning module CableComponent (30)
[2014.07.03-16.08.57:496][658]LogModuleManager: Shutting down and abandoning module OculusRift (26)
[2014.07.03-16.08.57:496][658]LogModuleManager: Shutting down and abandoning module UdpMessaging (25)
[2014.07.03-16.08.57:596][658]LogModuleManager: Shutting down and abandoning module MessagingDebugger (24)
[2014.07.03-16.08.57:596][658]LogModuleManager: Shutting down and abandoning module PluginsEditor (14)
[2014.07.03-16.08.57:596][658]LogModuleManager: Shutting down and abandoning module IntroTutorials (13)
[2014.07.03-16.08.57:596][658]LogModuleManager: Shutting down and abandoning module EpicSurvey (12)
[2014.07.03-16.08.57:596][658]LogModuleManager: Shutting down and abandoning module VisualStudioSourceCodeAccess (10)
[2014.07.03-16.08.57:596][658]LogModuleManager: Shutting down and abandoning module UObjectPlugin (9)
[2014.07.03-16.08.57:596][658]LogModuleManager: Shutting down and abandoning module SubversionSourceControl (8)
[2014.07.03-16.08.57:596][658]LogModuleManager: Shutting down and abandoning module PerforceSourceControl (7)
[2014.07.03-16.08.57:596][658]LogModuleManager: Shutting down and abandoning module BlankPlugin (6)
[2014.07.03-16.08.57:596][658]LogModuleManager: Shutting down and abandoning module CoreUObject (5)
[2014.07.03-16.08.57:596][658]LogModuleManager: Shutting down and abandoning module NetworkFile (4)
[2014.07.03-16.08.57:596][658]LogModuleManager: Shutting down and abandoning module StreamingFile (3)
[2014.07.03-16.08.57:596][658]LogModuleManager: Shutting down and abandoning module SandboxFile (2)
[2014.07.03-16.08.57:596][658]LogModuleManager: Shutting down and abandoning module PakFile (1)
[2014.07.03-16.08.57:597][658]LogExit: Exiting.
[2014.07.03-16.08.57:602][658]Log file closed, 07/03/14 18:08:57
