Log file open, 07/06/14 21:53:27
LogInit:Display: Running engine without a game
LogInit:Display: Loading recent project file: D:/UDK4 Projects/MyProject3/MyProject3.uproject
LogInit: Version: 4.2.1-2101290+++depot+UE4-Releases+4.2
LogInit: Compiled (64-bit): Jun 10 2014 22:21:56
LogInit: Build Configuration: Development
LogInit: Branch Name: ++depot+UE4-Releases+4.2
LogInit: Command line: 
LogInit: Base directory: E:/Unreal Engine/4.2/Engine/Binaries/Win64/
LogInit: Rocket: 1
[2014.07.06-19.53.27:446][  0]LogTaskGraph: Started task graph with 3 named threads and 6 total threads.
[2014.07.06-19.53.27:490][  0]LogOnline:Warning: No default platform service specified for OnlineSubsystem
[2014.07.06-19.53.27:511][  0]LogInit: Presizing for 0 objects not considered by GC, pre-allocating 0 bytes.
[2014.07.06-19.53.27:517][  0]LogInit: Object subsystem initialized
[2014.07.06-19.53.27:519][  0]LogInit: Selected Device Profile: [Windows]
[2014.07.06-19.53.27:519][  0]LogInit: Applying CVar settings loaded from the selected device profile: [Windows]
[2014.07.06-19.53.27:522][  0]LogInit: Computer: SPAEHLING-PC
[2014.07.06-19.53.27:522][  0]LogInit: User: Spaehling
[2014.07.06-19.53.27:523][  0]LogInit: CPU Page size=4096, Cores=6
[2014.07.06-19.53.27:523][  0]LogInit: High frequency timer resolution =3.126972 MHz
[2014.07.06-19.53.27:523][  0]LogMemory: Memory total: Physical=64.0GB (64GB approx) Virtual=8192.0GB
[2014.07.06-19.53.27:523][  0]LogMemory: Platform Memory Stats for Windows
[2014.07.06-19.53.27:523][  0]LogMemory: Process Physical Memory: 60.50 MB used, 60.50 MB peak
[2014.07.06-19.53.27:523][  0]LogMemory: Process Virtual Memory: 36.69 MB used, 36.83 MB peak
[2014.07.06-19.53.27:523][  0]LogMemory: Physical Memory: 6611.35 MB used, 65486.15 MB total
[2014.07.06-19.53.27:523][  0]LogMemory: Virtual Memory: 244.71 MB used, 8388608.00 MB total
[2014.07.06-19.53.27:598][  0]LogD3D11RHI: Found D3D11 adapter 0: NVIDIA GeForce GTX 690 (Feature Level 11_0)
[2014.07.06-19.53.27:598][  0]LogD3D11RHI: Adapter has 1990MB of dedicated video memory, 0MB of dedicated system memory, and 2048MB of shared system memory, 1 output[s]
[2014.07.06-19.53.27:619][  0]LogD3D11RHI: Found D3D11 adapter 1: NVIDIA GeForce GTX 690 (Feature Level 11_0)
[2014.07.06-19.53.27:619][  0]LogD3D11RHI: Adapter has 1990MB of dedicated video memory, 0MB of dedicated system memory, and 2048MB of shared system memory, 1 output[s]
[2014.07.06-19.53.27:619][  0]LogD3D11RHI: Chosen D3D11 Adapter Id = 0
[2014.07.06-19.53.27:624][  0]LogRHI: Texture pool is 1361 MB (70% of 1945 MB)
[2014.07.06-19.53.27:632][  0]LogD3D11RHI: Async texture creation enabled
[2014.07.06-19.53.27:742][  0]LogTextLocalizationManager:Warning: The selected culture 'de_DE' is not available; falling back to 'en'
[2014.07.06-19.53.27:790][  0]LogContentStreaming: Texture pool size is 0.000000MB
[2014.07.06-19.53.28:628][  0]LogTargetPlatformManager:Display: Building Assets For Windows
[2014.07.06-19.53.28:787][  0]LogTargetPlatformManager:Display: Building Assets For Windows
[2014.07.06-19.53.28:822][  0]LogDerivedDataCache:Display: Max Cache Size: 512 MB
[2014.07.06-19.53.28:857][  0]LogDerivedDataCache: Loaded boot cache 0.04s 39MB C:/Users/Spaehling/AppData/Local/UnrealEngine/4.2/DerivedDataCache/Boot.ddc.
[2014.07.06-19.53.28:857][  0]LogDerivedDataCache:Display: Loaded Boot cache: C:/Users/Spaehling/AppData/Local/UnrealEngine/4.2/DerivedDataCache/Boot.ddc
[2014.07.06-19.53.28:857][  0]LogDerivedDataCache: FDerivedDataBackendGraph:  Pak pak cache file D:/UDK4 Projects/MyProject3/DerivedDataCache/DDC.ddp not found, will not use a pak cache.
[2014.07.06-19.53.28:857][  0]LogDerivedDataCache: Unable to find inner node Pak for hierarchical cache Hierarchy.
[2014.07.06-19.53.28:867][  0]LogDerivedDataCache:Display: Pak cache opened for reading ../../../Engine/DerivedDataCache/DDC.ddp.
[2014.07.06-19.53.28:879][  0]LogDerivedDataCache: Using Local data cache path C:/Users/Spaehling/AppData/Local/UnrealEngine/4.2/DerivedDataCache: Writable
[2014.07.06-19.53.29:553][  0]LogMeshUtilities: No automatic mesh reduction module available
[2014.07.06-19.53.29:553][  0]LogMeshUtilities: No automatic mesh merging module available
[2014.07.06-19.53.29:838][  0]LogInit: WinSock: version 1.1 (2.2), MaxSocks=32767, MaxUdp=65467
[2014.07.06-19.53.30:671][  0]LogStreaming:Warning: Failed to read file '../../../Engine/Content/Editor/Slate/Icons/ActorIcons/GroupActor_16x.png' error.
[2014.07.06-19.53.30:671][  0]LogSlate: Could not find file for Slate resource: ../../../Engine/Content/Editor/Slate/Icons/ActorIcons/GroupActor_16x.png
[2014.07.06-19.53.30:690][  0]LogStreaming:Warning: Failed to read file '../../../Engine/Content/Editor/Slate/Icons/ActorIcons/DecalActor_16x.png' error.
[2014.07.06-19.53.30:690][  0]LogSlate: Could not find file for Slate resource: ../../../Engine/Content/Editor/Slate/Icons/ActorIcons/DecalActor_16x.png
[2014.07.06-19.53.31:329][  0]UdpMessaging: Initializing bridge on interface 0.0.0.0:0 to multicast group 230.0.0.1:6666.
[2014.07.06-19.53.31:482][  0]SourceControl: Info Source control is disabled
[2014.07.06-19.53.31:482][  0]SourceControl: Info Source control is disabled
[2014.07.06-19.53.31:488][  0]SourceControl: Info Source control is disabled
[2014.07.06-19.53.31:604][  0]BlueprintLog: New page: Editor Load
[2014.07.06-19.53.31:691][  0]LogObj: 19203 objects as part of root set at end of initial load.
[2014.07.06-19.53.31:691][  0]LogUObjectAllocator: 3820568 out of 0 bytes used by permanent object pool.
[2014.07.06-19.53.32:017][  0]LogEngine: Initializing Engine...
[2014.07.06-19.53.32:121][  0]LogInit: XAudio2 using 'Lautsprecher (Corsair Vengeance 2000 Headset)' : 8 channels at 44.1 kHz using 16 bits per sample (channel mask 0x63f)
[2014.07.06-19.53.32:129][  0]LogInit: FAudioDevice initialized.
[2014.07.06-19.53.32:150][  0]LogDerivedDataCache: Saved boot cache 0.02s 39MB C:/Users/Spaehling/AppData/Local/UnrealEngine/4.2/DerivedDataCache/Boot.ddc.
[2014.07.06-19.53.32:154][  0]LogInit: Texture streaming: Enabled
[2014.07.06-19.53.32:189][  0]LogInit: Transaction tracking system initialized
[2014.07.06-19.53.32:312][  0]LogAssetRegistry: FAssetRegistry took 0.0100 seconds to start up
[2014.07.06-19.53.32:520][  0]LogModuleManager:Warning: ModuleManager: Unable to load module '' because the file was not found.
[2014.07.06-19.53.32:523][  0]LogModuleManager:Warning: ModuleManager: Unable to load module '' because the file was not found.
[2014.07.06-19.53.32:585][  0]LogConsoleResponse:Display: 
[2014.07.06-19.53.32:799][  0]SourceControl: Info Source control is disabled
[2014.07.06-19.53.32:799][  0]Cmd: MAP LOAD FILE="D:/UDK4 Projects/MyProject3/Content/Maps/waagenbau.umap" TEMPLATE=0 SHOWPROGRESS=1 WORLDCOMPOSITION=0
[2014.07.06-19.53.32:799][  0]LightingResults: New page: Lighting Build
[2014.07.06-19.53.32:804][  0]MapCheck: New page: Map Check
[2014.07.06-19.53.32:804][  0]LightingResults: New page: Lighting Build
[2014.07.06-19.53.32:809][  0]LogParticles: Destroying 0 GPU particle simulations for FXSystem 0x000000000FF2EA20
[2014.07.06-19.53.33:745][  0]LogBlueprint:Warning: Node '/Game/Blueprints/Assets/Cigarettes.cigarettes:UserConstructionScript.K2Node_VariableGet_424' missing NodeGuid.
[2014.07.06-19.53.34:115][  0]LogBlueprintUserMessages:Warning: SetTimer passed a bad function () or object (DiscoLight_1_C_0)
[2014.07.06-19.53.34:116][  0]LogBlueprintUserMessages:Warning: SetTimer passed a bad function () or object (DiscoLight_1_C_21)
[2014.07.06-19.53.34:116][  0]LogBlueprintUserMessages:Warning: SetTimer passed a bad function () or object (DiscoLight_1_C_22)
[2014.07.06-19.53.34:117][  0]LogBlueprintUserMessages:Warning: SetTimer passed a bad function () or object (DiscoLight_1_C_23)
[2014.07.06-19.53.34:118][  0]LogBlueprintUserMessages:Warning: SetTimer passed a bad function () or object (DiscoLight_1_C_24)
[2014.07.06-19.53.34:118][  0]LogBlueprintUserMessages:Warning: SetTimer passed a bad function () or object (DiscoLight_1_C_25)
[2014.07.06-19.53.34:119][  0]LogBlueprintUserMessages:Warning: SetTimer passed a bad function () or object (DiscoLight_1_C_26)
[2014.07.06-19.53.34:120][  0]LogBlueprintUserMessages:Warning: SetTimer passed a bad function () or object (DiscoLight_1_C_27)
[2014.07.06-19.53.34:120][  0]LogBlueprintUserMessages:Warning: SetTimer passed a bad function () or object (DiscoLight_1_C_28)
[2014.07.06-19.53.34:121][  0]LogBlueprintUserMessages:Warning: SetTimer passed a bad function () or object (DiscoLight_1_C_29)
[2014.07.06-19.53.34:122][  0]LogBlueprintUserMessages:Warning: SetTimer passed a bad function () or object (DiscoLight_1_C_30)
[2014.07.06-19.53.34:122][  0]LogBlueprintUserMessages:Warning: SetTimer passed a bad function () or object (DiscoLight_1_C_31)
[2014.07.06-19.53.34:123][  0]LogBlueprintUserMessages:Warning: SetTimer passed a bad function () or object (DiscoLight_1_C_32)
[2014.07.06-19.53.34:124][  0]LogBlueprintUserMessages:Warning: SetTimer passed a bad function () or object (DiscoLight_1_C_33)
[2014.07.06-19.53.34:124][  0]LogBlueprintUserMessages:Warning: SetTimer passed a bad function () or object (DiscoLight_1_C_34)
[2014.07.06-19.53.34:125][  0]LogBlueprintUserMessages:Warning: SetTimer passed a bad function () or object (DiscoLight_1_C_35)
[2014.07.06-19.53.34:125][  0]LogBlueprintUserMessages:Warning: SetTimer passed a bad function () or object (DiscoLight_1_C_36)
[2014.07.06-19.53.34:126][  0]LogBlueprintUserMessages:Warning: SetTimer passed a bad function () or object (DiscoLight_1_C_37)
[2014.07.06-19.53.34:127][  0]LogBlueprintUserMessages:Warning: SetTimer passed a bad function () or object (DiscoLight_1_C_38)
[2014.07.06-19.53.34:127][  0]LogBlueprintUserMessages:Warning: SetTimer passed a bad function () or object (DiscoLight_1_C_39)
[2014.07.06-19.53.34:128][  0]LogBlueprintUserMessages:Warning: SetTimer passed a bad function () or object (DiscoLight_1_C_40)
[2014.07.06-19.53.34:129][  0]LogBlueprintUserMessages:Warning: SetTimer passed a bad function () or object (DiscoLight_1_C_41)
[2014.07.06-19.53.34:137][  0]LogEditorServer: Finished looking for orphan Actors (0.000 secs)
[2014.07.06-19.53.34:138][  0]Cmd: MAP CHECKDEP
[2014.07.06-19.53.34:138][  0]MapCheck: New page: waagenbau - Jul 6, 2014, 11:53:34 PM
[2014.07.06-19.53.34:194][  0]MapCheck: Info ========== Map Check: 0 Error(s), 0 Warning(s), [55.998ms] ==========
[2014.07.06-19.53.34:194][  0]LogFileHelpers: Loading map 'waagenbau' took 1.396
[2014.07.06-19.53.34:415][  0]LogCrashTracker: Crashtracker disabled due to settings.
[2014.07.06-19.53.34:415][  0]Cmd: MODE PLACEMENT
[2014.07.06-19.53.34:667][  0]LogActorComponent: UnregisterComponent: (/Engine/Transient.SkeletalMeshComponent_0) Not registered. Aborting.
[2014.07.06-19.53.34:690][  0]LogActorComponent: UnregisterComponent: (/Engine/Transient.SkeletalMeshComponent_0) Not registered. Aborting.
[2014.07.06-19.53.34:690][  0]LogActorComponent: RegisterComponentWithWorld: (/Engine/Transient.MaterialEditorMeshComponent_0) Already registered. Aborting.
[2014.07.06-19.53.34:711][  0]LogLoad: Full Startup: 8.09 seconds (BP compile: 0.28 seconds)
[2014.07.06-19.53.34:808][  0]LogRenderer:Warning: Reallocating scene render targets to support 32x32.
[2014.07.06-19.53.34:878][  0]LogRenderer:Warning: Reallocating scene render targets to support 1120x856.
[2014.07.06-19.53.34:991][  0]LogRenderer:Warning: Reallocating scene render targets to support 1392x936.
[2014.07.06-19.53.35:112][  1]LogEpicStorage:Warning: EnumerateFiles request failed. Invalid response. code=403 error=<?xml version="1.0" encoding="UTF-8"?>
<Error><Code>AccessDenied</Code><Message>Access Denied</Message><RequestId>5B0954876D11DE63</RequestId><HostId>7tqh4ir3CsG8Ri16dAHwvuTckhVJsLWvVTNA1Lf+pXlCrkO+qDkwJXqm34j0LSltIYMiUFV6Onc=</HostId></Error>
[2014.07.06-19.53.35:191][  2]LogEpicSurvey:Warning: EnumerateFiles request failed. Invalid response. code=403 error=<?xml version="1.0" encoding="UTF-8"?>
<Error><Code>AccessDenied</Code><Message>Access Denied</Message><RequestId>174AC58E7519F54D</RequestId><HostId>X4enccdFawBJNB43DKfxwYORtheoFz0L7cbGFKCVUv4SP2Z5wZOnGjjFKMeJI2xZ</HostId></Error>
[2014.07.06-19.53.35:197][  2]LogAssetRegistry: Asset discovery search completed in 2.8960 seconds
[2014.07.06-19.53.35:245][  3]LogEpicStorage:Warning: EnumerateFiles request failed. Invalid response. code=403 error=<?xml version="1.0" encoding="UTF-8"?>
<Error><Code>AccessDenied</Code><Message>Access Denied</Message><RequestId>5B0954876D11DE63</RequestId><HostId>7tqh4ir3CsG8Ri16dAHwvuTckhVJsLWvVTNA1Lf+pXlCrkO+qDkwJXqm34j0LSltIYMiUFV6Onc=</HostId></Error>
[2014.07.06-19.53.35:262][  4]LogEpicSurvey:Warning: EnumerateFiles request failed. Invalid response. code=403 error=<?xml version="1.0" encoding="UTF-8"?>
<Error><Code>AccessDenied</Code><Message>Access Denied</Message><RequestId>174AC58E7519F54D</RequestId><HostId>X4enccdFawBJNB43DKfxwYORtheoFz0L7cbGFKCVUv4SP2Z5wZOnGjjFKMeJI2xZ</HostId></Error>
[2014.07.06-19.53.35:436][  6]LogEpicSurvey:Warning: EnumerateFiles request failed. Invalid response. code=403 error=<?xml version="1.0" encoding="UTF-8"?>
<Error><Code>AccessDenied</Code><Message>Access Denied</Message><RequestId>209F2F1FC17AEB2F</RequestId><HostId>IOmLc5wMtu5D1pg96CkFzn9cbDYDxr9YUEr202t8+IiTzy24xM6Cl3WRNHaozwz2</HostId></Error>
[2014.07.06-19.53.35:488][  7]LogEpicStorage:Warning: ReadFile request failed. File request already pending for filename=http://cdn.unrealengine.com/newsfeed/blueprint_icon_b.png
[2014.07.06-19.53.35:498][  7]LogEpicStorage:Warning: ReadFile request failed. File request already pending for filename=http://cdn.unrealengine.com/newsfeed/blueprint_icon_b.png
[2014.07.06-19.53.42:289][211]LogRenderer:Warning: Reallocating scene render targets to support 1424x936.
[2014.07.06-19.53.59:177][343]LogCollectionManager: Loaded 0 collections in 0.000796 seconds
[2014.07.06-19.53.59:188][343]LogContentBrowser:Verbose: The content browser source was changed by the sources view to '/Game/Materials/Instances'
[2014.07.06-19.54.02:361][478]LogContentBrowser:Verbose: The content browser source was changed by the sources view to '/Game/Meshes'
[2014.07.06-19.54.19:552][547]LogFactory: FactoryCreateBinary: StaticMesh with FbxFactory (0 0 H:/Game Assets/Modern/club/assets/bottles/FBX/sm_beer_box.fbx)
[2014.07.06-19.54.19:645][547]LogFbx: ItemName: GlobalSettings, ItemCount : 1
[2014.07.06-19.54.19:645][547]LogFbx: ItemName: AnimationStack, ItemCount : 1
[2014.07.06-19.54.19:645][547]LogFbx: ItemName: AnimationLayer, ItemCount : 1
[2014.07.06-19.54.19:645][547]LogFbx: ItemName: Material, ItemCount : 4
[2014.07.06-19.54.19:645][547]LogFbx: ItemName: Model, ItemCount : 1
[2014.07.06-19.54.19:645][547]LogFbx: ItemName: Geometry, ItemCount : 1
[2014.07.06-19.54.21:070][547]LogFbx: Loading FBX Scene from H:/Game Assets/Modern/club/assets/bottles/FBX/sm_beer_box.fbx
[2014.07.06-19.54.21:107][547]LogFbx: FBX Scene Loaded Succesfully
[2014.07.06-19.54.21:132][547]LogFbx: == Initial material list:
[2014.07.06-19.54.21:132][547]LogFbx: 0: phongE1
[2014.07.06-19.54.21:132][547]LogFbx: 1: layeredShader1
[2014.07.06-19.54.21:132][547]LogFbx: 2: layeredShader2
[2014.07.06-19.54.21:132][547]LogFbx: 3: lambert1
[2014.07.06-19.54.21:132][547]LogFbx: == After sorting:
[2014.07.06-19.54.21:132][547]LogFbx: 0: phongE1
[2014.07.06-19.54.21:132][547]LogFbx: 1: layeredShader1
[2014.07.06-19.54.21:132][547]LogFbx: 2: layeredShader2
[2014.07.06-19.54.21:132][547]LogFbx: 3: lambert1
[2014.07.06-19.54.21:132][547]LogFbx: == Mapping table:
[2014.07.06-19.54.21:132][547]LogFbx:   sort 0 -> 0
[2014.07.06-19.54.21:132][547]LogFbx:   sort 1 -> 1
[2014.07.06-19.54.21:132][547]LogFbx:   sort 2 -> 2
[2014.07.06-19.54.21:132][547]LogFbx:   sort 3 -> 3
[2014.07.06-19.54.21:161][547]LogStaticMesh: Building static mesh sm_beer_box...
[2014.07.06-19.54.21:476][547]LogStaticMesh: Built static mesh [316.661926ms] /Game/Meshes/sm_beer_box.sm_beer_box
[2014.07.06-19.54.21:491][547]LogContentBrowser:Verbose: The content browser source was changed by the sources view to 'None'
[2014.07.06-19.54.21:491][547]LogContentBrowser:Verbose: The content browser source was changed by the sources view to '/Game/Meshes'
[2014.07.06-19.54.23:986][659]LogActorFactory: Actor Factory created sm_beer_box
[2014.07.06-19.54.25:042][713]LogActorFactory: Actor Factory created sm_beer_box
[2014.07.06-19.54.59:500][598]LogEditorViewport: Clicking on Actor (CTRL LMB): StaticMeshActor (sm_beer_box)
[2014.07.06-19.55.06:008][179]LogEditorViewport: Clicking on Actor (LMB): BP_Sky_Sphere_C (BP_Sky_saSphere)
[2014.07.06-19.55.08:575][392]LogParticles: Destroying 0 GPU particle simulations for FXSystem 0x0000000023BFA520
[2014.07.06-19.55.08:575][392]LogParticles: Destroying 0 GPU particle simulations for FXSystem 0x0000000023823880
[2014.07.06-19.55.08:979][392]LogSavePackage: Save=290.590698ms
[2014.07.06-19.55.08:979][392]LogSavePackage: Moving 'D:/UDK4 Projects/MyProject3/Saved/waagenbau9ECCE1E34E2B6F58FEA2B6889E54146B.tmp' to 'D:/UDK4 Projects/MyProject3/Content/Maps/waagenbau.umap'
[2014.07.06-19.55.09:009][392]LogFileHelpers: Saving map 'waagenbau' took 0.405
[2014.07.06-19.55.09:024][392]Cmd: OBJ SAVEPACKAGE PACKAGE="/Game/Meshes/sm_beer_box" FILE="D:/UDK4 Projects/MyProject3/Content/Meshes/sm_beer_box.uasset" SILENT=true
[2014.07.06-19.55.09:338][392]LogSavePackage: Save=312.322906ms
[2014.07.06-19.55.09:338][392]LogSavePackage: Moving 'D:/UDK4 Projects/MyProject3/Saved/sm_beer_box8C4BDA664DCF218E411951A6B4E64C6E.tmp' to 'D:/UDK4 Projects/MyProject3/Content/Meshes/sm_beer_box.uasset'
[2014.07.06-19.55.17:140][812]LogContentBrowser:Verbose: The content browser source was changed by the sources view to 'None'
[2014.07.06-19.55.17:140][812]LogContentBrowser:Verbose: The content browser source was changed by the sources view to '/Game/Materials/Instances'
[2014.07.06-19.55.29:910][534]LogContentBrowser:Verbose: The content browser source was changed by the sources view to 'None'
[2014.07.06-19.55.29:910][534]LogContentBrowser:Verbose: The content browser source was changed by the sources view to '/Game/Materials'
[2014.07.06-19.55.36:433][914]LogContentBrowser:Verbose: The content browser source was changed by the sources view to 'None'
[2014.07.06-19.55.36:433][914]LogContentBrowser:Verbose: The content browser source was changed by the sources view to '/Game/Materials/Instances'
[2014.07.06-19.55.41:549][178]Cmd: OBJ SAVEPACKAGE PACKAGE="/Game/Meshes/sm_beer_box" FILE="D:/UDK4 Projects/MyProject3/Content/Meshes/sm_beer_box.uasset" SILENT=true
[2014.07.06-19.55.41:880][178]LogSavePackage: Save=324.956207ms
[2014.07.06-19.55.41:880][178]LogSavePackage: Moving 'D:/UDK4 Projects/MyProject3/Saved/sm_beer_box6152647D4F153E2604FD1CBB90F94E19.tmp' to 'D:/UDK4 Projects/MyProject3/Content/Meshes/sm_beer_box.uasset'
[2014.07.06-19.56.36:922][329]LogEditorViewport: Clicking on Actor (LMB): StaticMeshActor (sm_beer_box_2)
[2014.07.06-19.57.08:972][671]LogEditorViewport: Clicking on Actor (CTRL LMB): StaticMeshActor (sm_beer_box_5)
[2014.07.06-19.57.09:770][732]Cmd: DELETE
[2014.07.06-19.57.09:770][732]Cmd: ACTOR DELETE
[2014.07.06-19.57.09:772][732]LogEditorActor: Deleted Actor: StaticMeshActor
[2014.07.06-19.57.09:774][732]LogEditorActor: Deleted Actor: StaticMeshActor
[2014.07.06-19.57.09:783][732]LogParticles: Destroying 0 GPU particle simulations for FXSystem 0x000000000DC55940
[2014.07.06-19.57.09:784][732]LogParticles: Destroying 0 GPU particle simulations for FXSystem 0x0000000015D39760
[2014.07.06-19.57.09:784][732]LogEditorActor: Deleted 2 Actors (0.014 secs)
[2014.07.06-19.57.11:751][868]LogEditorViewport: Clicking on Actor (LMB): StaticMeshActor (sm_beer_box_2)
[2014.07.06-19.57.28:631][ 53]LogSavePackage: Save=306.957672ms
[2014.07.06-19.57.28:631][ 53]LogSavePackage: Moving 'D:/UDK4 Projects/MyProject3/Saved/waagenbau85E57F64426AE12408655FA2F7718456.tmp' to 'D:/UDK4 Projects/MyProject3/Content/Maps/waagenbau.umap'
[2014.07.06-19.57.28:673][ 53]LogFileHelpers: Saving map 'waagenbau' took 0.416
[2014.07.06-19.57.30:252][160]LogPlayLevel: PIE:  No blueprints needed recompiling
[2014.07.06-19.57.30:252][160]PIE: New page: PIE session: waagenbau (Jul 6, 2014, 11:57:30 PM)
[2014.07.06-19.57.30:305][160]LogPlayLevel: PIE: StaticDuplicateObject took: (0.053243s)
[2014.07.06-19.57.30:306][160]LogPlayLevel: PIE: World Init took: (0.000662s)
[2014.07.06-19.57.30:306][160]LogPlayLevel: PIE: Created PIE world by copying editor world from /Game/Maps/waagenbau.waagenbau to /Game/Maps/UEDPIE_0_waagenbau.waagenbau (0.054350s)
[2014.07.06-19.57.30:338][160]LogBlueprint:Warning: [compiler] Warning InputAction Event references unknown Action 'Action' for  InputAction Action 
[2014.07.06-19.57.30:341][160]LogBlueprint:Warning: [compiler] Warning [0243.72] Compile of MyCharacter successful, but with 1 Warning(s) [in 5 ms]
[2014.07.06-19.57.30:349][160]LogBlueprint:Warning: [compiler] Warning InputAction Event references unknown Action 'Action' for  InputAction Action 
[2014.07.06-19.57.30:352][160]LogBlueprint:Warning: [compiler] Warning [0243.73] Compile of MyCharacter successful, but with 1 Warning(s) [in 5 ms]
[2014.07.06-19.57.30:372][160]LogWorld: Game class is 'MyGame_C'
[2014.07.06-19.57.30:572][160]LogOutputDevice: === Handled error: ===
Ensure condition failed: false [File:D:\BuildFarm\buildmachine_++depot+UE4-Releases+4.2\Engine\Source\Runtime\Engine\Private\SceneComponent.cpp] [Line: 670]
Template Mismatch during attachment. Attaching instanced component to template component. Parent 'SceneComp' Self 'Sprite'
Stack: Address = 0xd8d8d866 (filename not found) [in E:\Unreal Engine\4.2\Engine\Binaries\Win64\UE4Editor-Core.dll]
Address = 0xd8c32101 (filename not found) [in E:\Unreal Engine\4.2\Engine\Binaries\Win64\UE4Editor-Core.dll]
Address = 0xd8c32347 (filename not found) [in E:\Unreal Engine\4.2\Engine\Binaries\Win64\UE4Editor-Core.dll]
Address = 0xd1aa3c04 (filename not found) [in E:\Unreal Engine\4.2\Engine\Binaries\Win64\UE4Editor-Engine.dll]
Address = 0xd1640e36 (filename not found) [in E:\Unreal Engine\4.2\Engine\Binaries\Win64\UE4Editor-Engine.dll]
Address = 0xd1965bd9 (filename not found) [in E:\Unreal Engine\4.2\Engine\Binaries\Win64\UE4Editor-Engine.dll]
Address = 0xd1d6a45b (filename not found) [in E:\Unreal Engine\4.2\Engine\Binaries\Win64\UE4Editor-Engine.dll]
Address = 0xd1d53d2c (filename not found) [in E:\Unreal Engine\4.2\Engine\Binaries\Win64\UE4Editor-Engine.dll]
Address = 0xd01392ca (filename not found) [in E:\Unreal Engine\4.2\Engine\Binaries\Win64\UE4Editor-UnrealEd.dll]
Address = 0xd0155524 (filename not found) [in E:\Unreal Engine\4.2\Engine\Binaries\Win64\UE4Editor-UnrealEd.dll]
Address = 0xd0165a4b (filename not found) [in E:\Unreal Engine\4.2\Engine\Binaries\Win64\UE4Editor-UnrealEd.dll]
Address = 0xcff65265 (filename not found) [in E:\Unreal Engine\4.2\Engine\Binaries\Win64\UE4Editor-UnrealEd.dll]
Address = 0xd0320606 (filename not found) [in E:\Unreal Engine\4.2\Engine\Binaries\Win64\UE4Editor-UnrealEd.dll]
FEngineLoop::Tick() 0x3fe17b03 + 0 bytes [File=d:\buildfarm\buildmachine_++depot+ue4-releases+4.2\engine\source\runtime\launch\private\launchengineloop.cpp:2091] [in E:\Unreal Engine\4.2\Engine\Binaries\Win64\UE4Editor.exe]
GuardedMain() 0x3fe0d1ec + 0 bytes [File=d:\buildfarm\buildmachine_++depot+ue4-releases+4.2\engine\source\runtime\launch\private\launch.cpp:132] [in E:\Unreal Engine\4.2\Engine\Binaries\Win64\UE4Editor.exe]
GuardedMainWrapper() 0x3fe0d25a + 5 bytes [File=d:\buildfarm\buildmachine_++depot+ue4-releases+4.2\engine\source\runtime\launch\private\windows\launchwindows.cpp:125] [in E:\Unreal Engine\4.2\Engine\Binaries\Win64\UE4Editor.exe]
WinMain() 0x3fe19119 + 17 bytes [File=d:\buildfarm\buildmachine_++depot+ue4-releases+4.2\engine\source\runtime\launch\private\windows\launchwindows.cpp:207] [in E:\Unreal Engine\4.2\Engine\Binaries\Win64\UE4Editor.exe]
__tmainCRTStartup() 0x3fe19fa9 + 21 bytes [File=f:\dd\vctools\crt\crtw32\dllstuff\crtexe.c:618] [in E:\Unreal Engine\4.2\Engine\Binaries\Win64\UE4Editor.exe]
Address = 0x779159ed (filename not found) [in C:\Windows\system32\kernel32.dll]
Address = 0x77a4c541 (filename not found) [in C:\Windows\SYSTEM32\ntdll.dll]
Address = 0x77a4c541 (filename not found) [in C:\Windows\SYSTEM32\ntdll.dll]

[2014.07.06-19.57.31:380][160]LogOutputDevice: === Handled error: ===
Ensure condition failed: false [File:D:\BuildFarm\buildmachine_++depot+UE4-Releases+4.2\Engine\Source\Runtime\Engine\Private\SceneComponent.cpp] [Line: 670]
Template Mismatch during attachment. Attaching instanced component to template component. Parent 'SceneComp' Self 'Sprite'
Stack: Address = 0xd8d8d866 (filename not found) [in E:\Unreal Engine\4.2\Engine\Binaries\Win64\UE4Editor-Core.dll]
Address = 0xd8c32101 (filename not found) [in E:\Unreal Engine\4.2\Engine\Binaries\Win64\UE4Editor-Core.dll]
Address = 0xd8c32347 (filename not found) [in E:\Unreal Engine\4.2\Engine\Binaries\Win64\UE4Editor-Core.dll]
Address = 0xd1aa3c04 (filename not found) [in E:\Unreal Engine\4.2\Engine\Binaries\Win64\UE4Editor-Engine.dll]
Address = 0xd1640e36 (filename not found) [in E:\Unreal Engine\4.2\Engine\Binaries\Win64\UE4Editor-Engine.dll]
Address = 0xd1965bd9 (filename not found) [in E:\Unreal Engine\4.2\Engine\Binaries\Win64\UE4Editor-Engine.dll]
Address = 0xd1d6a45b (filename not found) [in E:\Unreal Engine\4.2\Engine\Binaries\Win64\UE4Editor-Engine.dll]
Address = 0xd1d53d2c (filename not found) [in E:\Unreal Engine\4.2\Engine\Binaries\Win64\UE4Editor-Engine.dll]
Address = 0xd01392ca (filename not found) [in E:\Unreal Engine\4.2\Engine\Binaries\Win64\UE4Editor-UnrealEd.dll]
Address = 0xd0155524 (filename not found) [in E:\Unreal Engine\4.2\Engine\Binaries\Win64\UE4Editor-UnrealEd.dll]
Address = 0xd0165a4b (filename not found) [in E:\Unreal Engine\4.2\Engine\Binaries\Win64\UE4Editor-UnrealEd.dll]
Address = 0xcff65265 (filename not found) [in E:\Unreal Engine\4.2\Engine\Binaries\Win64\UE4Editor-UnrealEd.dll]
Address = 0xd0320606 (filename not found) [in E:\Unreal Engine\4.2\Engine\Binaries\Win64\UE4Editor-UnrealEd.dll]
FEngineLoop::Tick() 0x3fe17b03 + 0 bytes [File=d:\buildfarm\buildmachine_++depot+ue4-releases+4.2\engine\source\runtime\launch\private\launchengineloop.cpp:2091] [in E:\Unreal Engine\4.2\Engine\Binaries\Win64\UE4Editor.exe]
GuardedMain() 0x3fe0d1ec + 0 bytes [File=d:\buildfarm\buildmachine_++depot+ue4-releases+4.2\engine\source\runtime\launch\private\launch.cpp:132] [in E:\Unreal Engine\4.2\Engine\Binaries\Win64\UE4Editor.exe]
GuardedMainWrapper() 0x3fe0d25a + 5 bytes [File=d:\buildfarm\buildmachine_++depot+ue4-releases+4.2\engine\source\runtime\launch\private\windows\launchwindows.cpp:125] [in E:\Unreal Engine\4.2\Engine\Binaries\Win64\UE4Editor.exe]
WinMain() 0x3fe19119 + 17 bytes [File=d:\buildfarm\buildmachine_++depot+ue4-releases+4.2\engine\source\runtime\launch\private\windows\launchwindows.cpp:207] [in E:\Unreal Engine\4.2\Engine\Binaries\Win64\UE4Editor.exe]
__tmainCRTStartup() 0x3fe19fa9 + 21 bytes [File=f:\dd\vctools\crt\crtw32\dllstuff\crtexe.c:618] [in E:\Unreal Engine\4.2\Engine\Binaries\Win64\UE4Editor.exe]
Address = 0x779159ed (filename not found) [in C:\Windows\system32\kernel32.dll]
Address = 0x77a4c541 (filename not found) [in C:\Windows\SYSTEM32\ntdll.dll]
Address = 0x77a4c541 (filename not found) [in C:\Windows\SYSTEM32\ntdll.dll]

[2014.07.06-19.57.31:385][160]LogOutputDevice: === Handled error: ===
Ensure condition failed: false [File:D:\BuildFarm\buildmachine_++depot+UE4-Releases+4.2\Engine\Source\Runtime\Engine\Private\SceneComponent.cpp] [Line: 670]
Template Mismatch during attachment. Attaching instanced component to template component. Parent 'SceneComp' Self 'Sprite'
Stack: Address = 0xd8d8d866 (filename not found) [in E:\Unreal Engine\4.2\Engine\Binaries\Win64\UE4Editor-Core.dll]
Address = 0xd8c32101 (filename not found) [in E:\Unreal Engine\4.2\Engine\Binaries\Win64\UE4Editor-Core.dll]
Address = 0xd8c32347 (filename not found) [in E:\Unreal Engine\4.2\Engine\Binaries\Win64\UE4Editor-Core.dll]
Address = 0xd1aa3c04 (filename not found) [in E:\Unreal Engine\4.2\Engine\Binaries\Win64\UE4Editor-Engine.dll]
Address = 0xd1640e36 (filename not found) [in E:\Unreal Engine\4.2\Engine\Binaries\Win64\UE4Editor-Engine.dll]
Address = 0xd1965bd9 (filename not found) [in E:\Unreal Engine\4.2\Engine\Binaries\Win64\UE4Editor-Engine.dll]
Address = 0xd1d6a45b (filename not found) [in E:\Unreal Engine\4.2\Engine\Binaries\Win64\UE4Editor-Engine.dll]
Address = 0xd1d53d2c (filename not found) [in E:\Unreal Engine\4.2\Engine\Binaries\Win64\UE4Editor-Engine.dll]
Address = 0xd01392ca (filename not found) [in E:\Unreal Engine\4.2\Engine\Binaries\Win64\UE4Editor-UnrealEd.dll]
Address = 0xd0155524 (filename not found) [in E:\Unreal Engine\4.2\Engine\Binaries\Win64\UE4Editor-UnrealEd.dll]
Address = 0xd0165a4b (filename not found) [in E:\Unreal Engine\4.2\Engine\Binaries\Win64\UE4Editor-UnrealEd.dll]
Address = 0xcff65265 (filename not found) [in E:\Unreal Engine\4.2\Engine\Binaries\Win64\UE4Editor-UnrealEd.dll]
Address = 0xd0320606 (filename not found) [in E:\Unreal Engine\4.2\Engine\Binaries\Win64\UE4Editor-UnrealEd.dll]
FEngineLoop::Tick() 0x3fe17b03 + 0 bytes [File=d:\buildfarm\buildmachine_++depot+ue4-releases+4.2\engine\source\runtime\launch\private\launchengineloop.cpp:2091] [in E:\Unreal Engine\4.2\Engine\Binaries\Win64\UE4Editor.exe]
GuardedMain() 0x3fe0d1ec + 0 bytes [File=d:\buildfarm\buildmachine_++depot+ue4-releases+4.2\engine\source\runtime\launch\private\launch.cpp:132] [in E:\Unreal Engine\4.2\Engine\Binaries\Win64\UE4Editor.exe]
GuardedMainWrapper() 0x3fe0d25a + 5 bytes [File=d:\buildfarm\buildmachine_++depot+ue4-releases+4.2\engine\source\runtime\launch\private\windows\launchwindows.cpp:125] [in E:\Unreal Engine\4.2\Engine\Binaries\Win64\UE4Editor.exe]
WinMain() 0x3fe19119 + 17 bytes [File=d:\buildfarm\buildmachine_++depot+ue4-releases+4.2\engine\source\runtime\launch\private\windows\launchwindows.cpp:207] [in E:\Unreal Engine\4.2\Engine\Binaries\Win64\UE4Editor.exe]
__tmainCRTStartup() 0x3fe19fa9 + 21 bytes [File=f:\dd\vctools\crt\crtw32\dllstuff\crtexe.c:618] [in E:\Unreal Engine\4.2\Engine\Binaries\Win64\UE4Editor.exe]
Address = 0x779159ed (filename not found) [in C:\Windows\system32\kernel32.dll]
Address = 0x77a4c541 (filename not found) [in C:\Windows\SYSTEM32\ntdll.dll]
Address = 0x77a4c541 (filename not found) [in C:\Windows\SYSTEM32\ntdll.dll]

[2014.07.06-19.57.31:391][160]LogOutputDevice: === Handled error: ===
Ensure condition failed: false [File:D:\BuildFarm\buildmachine_++depot+UE4-Releases+4.2\Engine\Source\Runtime\Engine\Private\SceneComponent.cpp] [Line: 670]
Template Mismatch during attachment. Attaching instanced component to template component. Parent 'SceneComp' Self 'Sprite'
Stack: Address = 0xd8d8d866 (filename not found) [in E:\Unreal Engine\4.2\Engine\Binaries\Win64\UE4Editor-Core.dll]
Address = 0xd8c32101 (filename not found) [in E:\Unreal Engine\4.2\Engine\Binaries\Win64\UE4Editor-Core.dll]
Address = 0xd8c32347 (filename not found) [in E:\Unreal Engine\4.2\Engine\Binaries\Win64\UE4Editor-Core.dll]
Address = 0xd1aa3c04 (filename not found) [in E:\Unreal Engine\4.2\Engine\Binaries\Win64\UE4Editor-Engine.dll]
Address = 0xd1640e36 (filename not found) [in E:\Unreal Engine\4.2\Engine\Binaries\Win64\UE4Editor-Engine.dll]
Address = 0xd1965bd9 (filename not found) [in E:\Unreal Engine\4.2\Engine\Binaries\Win64\UE4Editor-Engine.dll]
Address = 0xd1d6a45b (filename not found) [in E:\Unreal Engine\4.2\Engine\Binaries\Win64\UE4Editor-Engine.dll]
Address = 0xd1d53d2c (filename not found) [in E:\Unreal Engine\4.2\Engine\Binaries\Win64\UE4Editor-Engine.dll]
Address = 0xd01392ca (filename not found) [in E:\Unreal Engine\4.2\Engine\Binaries\Win64\UE4Editor-UnrealEd.dll]
Address = 0xd0155524 (filename not found) [in E:\Unreal Engine\4.2\Engine\Binaries\Win64\UE4Editor-UnrealEd.dll]
Address = 0xd0165a4b (filename not found) [in E:\Unreal Engine\4.2\Engine\Binaries\Win64\UE4Editor-UnrealEd.dll]
Address = 0xcff65265 (filename not found) [in E:\Unreal Engine\4.2\Engine\Binaries\Win64\UE4Editor-UnrealEd.dll]
Address = 0xd0320606 (filename not found) [in E:\Unreal Engine\4.2\Engine\Binaries\Win64\UE4Editor-UnrealEd.dll]
FEngineLoop::Tick() 0x3fe17b03 + 0 bytes [File=d:\buildfarm\buildmachine_++depot+ue4-releases+4.2\engine\source\runtime\launch\private\launchengineloop.cpp:2091] [in E:\Unreal Engine\4.2\Engine\Binaries\Win64\UE4Editor.exe]
GuardedMain() 0x3fe0d1ec + 0 bytes [File=d:\buildfarm\buildmachine_++depot+ue4-releases+4.2\engine\source\runtime\launch\private\launch.cpp:132] [in E:\Unreal Engine\4.2\Engine\Binaries\Win64\UE4Editor.exe]
GuardedMainWrapper() 0x3fe0d25a + 5 bytes [File=d:\buildfarm\buildmachine_++depot+ue4-releases+4.2\engine\source\runtime\launch\private\windows\launchwindows.cpp:125] [in E:\Unreal Engine\4.2\Engine\Binaries\Win64\UE4Editor.exe]
WinMain() 0x3fe19119 + 17 bytes [File=d:\buildfarm\buildmachine_++depot+ue4-releases+4.2\engine\source\runtime\launch\private\windows\launchwindows.cpp:207] [in E:\Unreal Engine\4.2\Engine\Binaries\Win64\UE4Editor.exe]
__tmainCRTStartup() 0x3fe19fa9 + 21 bytes [File=f:\dd\vctools\crt\crtw32\dllstuff\crtexe.c:618] [in E:\Unreal Engine\4.2\Engine\Binaries\Win64\UE4Editor.exe]
Address = 0x779159ed (filename not found) [in C:\Windows\system32\kernel32.dll]
Address = 0x77a4c541 (filename not found) [in C:\Windows\SYSTEM32\ntdll.dll]
Address = 0x77a4c541 (filename not found) [in C:\Windows\SYSTEM32\ntdll.dll]

[2014.07.06-19.57.31:397][160]LogOutputDevice: === Handled error: ===
Ensure condition failed: false [File:D:\BuildFarm\buildmachine_++depot+UE4-Releases+4.2\Engine\Source\Runtime\Engine\Private\SceneComponent.cpp] [Line: 670]
Template Mismatch during attachment. Attaching instanced component to template component. Parent 'SceneComp' Self 'Sprite'
Stack: Address = 0xd8d8d866 (filename not found) [in E:\Unreal Engine\4.2\Engine\Binaries\Win64\UE4Editor-Core.dll]
Address = 0xd8c32101 (filename not found) [in E:\Unreal Engine\4.2\Engine\Binaries\Win64\UE4Editor-Core.dll]
Address = 0xd8c32347 (filename not found) [in E:\Unreal Engine\4.2\Engine\Binaries\Win64\UE4Editor-Core.dll]
Address = 0xd1aa3c04 (filename not found) [in E:\Unreal Engine\4.2\Engine\Binaries\Win64\UE4Editor-Engine.dll]
Address = 0xd1640e36 (filename not found) [in E:\Unreal Engine\4.2\Engine\Binaries\Win64\UE4Editor-Engine.dll]
Address = 0xd1965bd9 (filename not found) [in E:\Unreal Engine\4.2\Engine\Binaries\Win64\UE4Editor-Engine.dll]
Address = 0xd1d6a45b (filename not found) [in E:\Unreal Engine\4.2\Engine\Binaries\Win64\UE4Editor-Engine.dll]
Address = 0xd1d53d2c (filename not found) [in E:\Unreal Engine\4.2\Engine\Binaries\Win64\UE4Editor-Engine.dll]
Address = 0xd01392ca (filename not found) [in E:\Unreal Engine\4.2\Engine\Binaries\Win64\UE4Editor-UnrealEd.dll]
Address = 0xd0155524 (filename not found) [in E:\Unreal Engine\4.2\Engine\Binaries\Win64\UE4Editor-UnrealEd.dll]
Address = 0xd0165a4b (filename not found) [in E:\Unreal Engine\4.2\Engine\Binaries\Win64\UE4Editor-UnrealEd.dll]
Address = 0xcff65265 (filename not found) [in E:\Unreal Engine\4.2\Engine\Binaries\Win64\UE4Editor-UnrealEd.dll]
Address = 0xd0320606 (filename not found) [in E:\Unreal Engine\4.2\Engine\Binaries\Win64\UE4Editor-UnrealEd.dll]
FEngineLoop::Tick() 0x3fe17b03 + 0 bytes [File=d:\buildfarm\buildmachine_++depot+ue4-releases+4.2\engine\source\runtime\launch\private\launchengineloop.cpp:2091] [in E:\Unreal Engine\4.2\Engine\Binaries\Win64\UE4Editor.exe]
GuardedMain() 0x3fe0d1ec + 0 bytes [File=d:\buildfarm\buildmachine_++depot+ue4-releases+4.2\engine\source\runtime\launch\private\launch.cpp:132] [in E:\Unreal Engine\4.2\Engine\Binaries\Win64\UE4Editor.exe]
GuardedMainWrapper() 0x3fe0d25a + 5 bytes [File=d:\buildfarm\buildmachine_++depot+ue4-releases+4.2\engine\source\runtime\launch\private\windows\launchwindows.cpp:125] [in E:\Unreal Engine\4.2\Engine\Binaries\Win64\UE4Editor.exe]
WinMain() 0x3fe19119 + 17 bytes [File=d:\buildfarm\buildmachine_++depot+ue4-releases+4.2\engine\source\runtime\launch\private\windows\launchwindows.cpp:207] [in E:\Unreal Engine\4.2\Engine\Binaries\Win64\UE4Editor.exe]
__tmainCRTStartup() 0x3fe19fa9 + 21 bytes [File=f:\dd\vctools\crt\crtw32\dllstuff\crtexe.c:618] [in E:\Unreal Engine\4.2\Engine\Binaries\Win64\UE4Editor.exe]
Address = 0x779159ed (filename not found) [in C:\Windows\system32\kernel32.dll]
Address = 0x77a4c541 (filename not found) [in C:\Windows\SYSTEM32\ntdll.dll]
Address = 0x77a4c541 (filename not found) [in C:\Windows\SYSTEM32\ntdll.dll]

[2014.07.06-19.57.31:402][160]LogOutputDevice: === Handled error: ===
Ensure condition failed: false [File:D:\BuildFarm\buildmachine_++depot+UE4-Releases+4.2\Engine\Source\Runtime\Engine\Private\SceneComponent.cpp] [Line: 670]
Template Mismatch during attachment. Attaching instanced component to template component. Parent 'SceneComp' Self 'Sprite'
Stack: Address = 0xd8d8d866 (filename not found) [in E:\Unreal Engine\4.2\Engine\Binaries\Win64\UE4Editor-Core.dll]
Address = 0xd8c32101 (filename not found) [in E:\Unreal Engine\4.2\Engine\Binaries\Win64\UE4Editor-Core.dll]
Address = 0xd8c32347 (filename not found) [in E:\Unreal Engine\4.2\Engine\Binaries\Win64\UE4Editor-Core.dll]
Address = 0xd1aa3c04 (filename not found) [in E:\Unreal Engine\4.2\Engine\Binaries\Win64\UE4Editor-Engine.dll]
Address = 0xd1640e36 (filename not found) [in E:\Unreal Engine\4.2\Engine\Binaries\Win64\UE4Editor-Engine.dll]
Address = 0xd1965bd9 (filename not found) [in E:\Unreal Engine\4.2\Engine\Binaries\Win64\UE4Editor-Engine.dll]
Address = 0xd1d6a45b (filename not found) [in E:\Unreal Engine\4.2\Engine\Binaries\Win64\UE4Editor-Engine.dll]
Address = 0xd1d53d2c (filename not found) [in E:\Unreal Engine\4.2\Engine\Binaries\Win64\UE4Editor-Engine.dll]
Address = 0xd01392ca (filename not found) [in E:\Unreal Engine\4.2\Engine\Binaries\Win64\UE4Editor-UnrealEd.dll]
Address = 0xd0155524 (filename not found) [in E:\Unreal Engine\4.2\Engine\Binaries\Win64\UE4Editor-UnrealEd.dll]
Address = 0xd0165a4b (filename not found) [in E:\Unreal Engine\4.2\Engine\Binaries\Win64\UE4Editor-UnrealEd.dll]
Address = 0xcff65265 (filename not found) [in E:\Unreal Engine\4.2\Engine\Binaries\Win64\UE4Editor-UnrealEd.dll]
Address = 0xd0320606 (filename not found) [in E:\Unreal Engine\4.2\Engine\Binaries\Win64\UE4Editor-UnrealEd.dll]
FEngineLoop::Tick() 0x3fe17b03 + 0 bytes [File=d:\buildfarm\buildmachine_++depot+ue4-releases+4.2\engine\source\runtime\launch\private\launchengineloop.cpp:2091] [in E:\Unreal Engine\4.2\Engine\Binaries\Win64\UE4Editor.exe]
GuardedMain() 0x3fe0d1ec + 0 bytes [File=d:\buildfarm\buildmachine_++depot+ue4-releases+4.2\engine\source\runtime\launch\private\launch.cpp:132] [in E:\Unreal Engine\4.2\Engine\Binaries\Win64\UE4Editor.exe]
GuardedMainWrapper() 0x3fe0d25a + 5 bytes [File=d:\buildfarm\buildmachine_++depot+ue4-releases+4.2\engine\source\runtime\launch\private\windows\launchwindows.cpp:125] [in E:\Unreal Engine\4.2\Engine\Binaries\Win64\UE4Editor.exe]
WinMain() 0x3fe19119 + 17 bytes [File=d:\buildfarm\buildmachine_++depot+ue4-releases+4.2\engine\source\runtime\launch\private\windows\launchwindows.cpp:207] [in E:\Unreal Engine\4.2\Engine\Binaries\Win64\UE4Editor.exe]
__tmainCRTStartup() 0x3fe19fa9 + 21 bytes [File=f:\dd\vctools\crt\crtw32\dllstuff\crtexe.c:618] [in E:\Unreal Engine\4.2\Engine\Binaries\Win64\UE4Editor.exe]
Address = 0x779159ed (filename not found) [in C:\Windows\system32\kernel32.dll]
Address = 0x77a4c541 (filename not found) [in C:\Windows\SYSTEM32\ntdll.dll]
Address = 0x77a4c541 (filename not found) [in C:\Windows\SYSTEM32\ntdll.dll]

[2014.07.06-19.57.31:408][160]LogOutputDevice: === Handled error: ===
Ensure condition failed: false [File:D:\BuildFarm\buildmachine_++depot+UE4-Releases+4.2\Engine\Source\Runtime\Engine\Private\SceneComponent.cpp] [Line: 670]
Template Mismatch during attachment. Attaching instanced component to template component. Parent 'SceneComp' Self 'Sprite'
Stack: Address = 0xd8d8d866 (filename not found) [in E:\Unreal Engine\4.2\Engine\Binaries\Win64\UE4Editor-Core.dll]
Address = 0xd8c32101 (filename not found) [in E:\Unreal Engine\4.2\Engine\Binaries\Win64\UE4Editor-Core.dll]
Address = 0xd8c32347 (filename not found) [in E:\Unreal Engine\4.2\Engine\Binaries\Win64\UE4Editor-Core.dll]
Address = 0xd1aa3c04 (filename not found) [in E:\Unreal Engine\4.2\Engine\Binaries\Win64\UE4Editor-Engine.dll]
Address = 0xd1640e36 (filename not found) [in E:\Unreal Engine\4.2\Engine\Binaries\Win64\UE4Editor-Engine.dll]
Address = 0xd1965bd9 (filename not found) [in E:\Unreal Engine\4.2\Engine\Binaries\Win64\UE4Editor-Engine.dll]
Address = 0xd1d6a45b (filename not found) [in E:\Unreal Engine\4.2\Engine\Binaries\Win64\UE4Editor-Engine.dll]
Address = 0xd1d53d2c (filename not found) [in E:\Unreal Engine\4.2\Engine\Binaries\Win64\UE4Editor-Engine.dll]
Address = 0xd01392ca (filename not found) [in E:\Unreal Engine\4.2\Engine\Binaries\Win64\UE4Editor-UnrealEd.dll]
Address = 0xd0155524 (filename not found) [in E:\Unreal Engine\4.2\Engine\Binaries\Win64\UE4Editor-UnrealEd.dll]
Address = 0xd0165a4b (filename not found) [in E:\Unreal Engine\4.2\Engine\Binaries\Win64\UE4Editor-UnrealEd.dll]
Address = 0xcff65265 (filename not found) [in E:\Unreal Engine\4.2\Engine\Binaries\Win64\UE4Editor-UnrealEd.dll]
Address = 0xd0320606 (filename not found) [in E:\Unreal Engine\4.2\Engine\Binaries\Win64\UE4Editor-UnrealEd.dll]
FEngineLoop::Tick() 0x3fe17b03 + 0 bytes [File=d:\buildfarm\buildmachine_++depot+ue4-releases+4.2\engine\source\runtime\launch\private\launchengineloop.cpp:2091] [in E:\Unreal Engine\4.2\Engine\Binaries\Win64\UE4Editor.exe]
GuardedMain() 0x3fe0d1ec + 0 bytes [File=d:\buildfarm\buildmachine_++depot+ue4-releases+4.2\engine\source\runtime\launch\private\launch.cpp:132] [in E:\Unreal Engine\4.2\Engine\Binaries\Win64\UE4Editor.exe]
GuardedMainWrapper() 0x3fe0d25a + 5 bytes [File=d:\buildfarm\buildmachine_++depot+ue4-releases+4.2\engine\source\runtime\launch\private\windows\launchwindows.cpp:125] [in E:\Unreal Engine\4.2\Engine\Binaries\Win64\UE4Editor.exe]
WinMain() 0x3fe19119 + 17 bytes [File=d:\buildfarm\buildmachine_++depot+ue4-releases+4.2\engine\source\runtime\launch\private\windows\launchwindows.cpp:207] [in E:\Unreal Engine\4.2\Engine\Binaries\Win64\UE4Editor.exe]
__tmainCRTStartup() 0x3fe19fa9 + 21 bytes [File=f:\dd\vctools\crt\crtw32\dllstuff\crtexe.c:618] [in E:\Unreal Engine\4.2\Engine\Binaries\Win64\UE4Editor.exe]
Address = 0x779159ed (filename not found) [in C:\Windows\system32\kernel32.dll]
Address = 0x77a4c541 (filename not found) [in C:\Windows\SYSTEM32\ntdll.dll]
Address = 0x77a4c541 (filename not found) [in C:\Windows\SYSTEM32\ntdll.dll]

[2014.07.06-19.57.31:413][160]LogBlueprintUserMessages:Warning: SetTimer passed a bad function () or object (DiscoLight_1_C_0)
[2014.07.06-19.57.31:413][160]LogBlueprintUserMessages:Warning: SetTimer passed a bad function () or object (DiscoLight_1_C_21)
[2014.07.06-19.57.31:414][160]LogBlueprintUserMessages:Warning: SetTimer passed a bad function () or object (DiscoLight_1_C_22)
[2014.07.06-19.57.31:414][160]LogBlueprintUserMessages:Warning: SetTimer passed a bad function () or object (DiscoLight_1_C_23)
[2014.07.06-19.57.31:415][160]LogBlueprintUserMessages:Warning: SetTimer passed a bad function () or object (DiscoLight_1_C_24)
[2014.07.06-19.57.31:415][160]LogBlueprintUserMessages:Warning: SetTimer passed a bad function () or object (DiscoLight_1_C_25)
[2014.07.06-19.57.31:416][160]LogBlueprintUserMessages:Warning: SetTimer passed a bad function () or object (DiscoLight_1_C_26)
[2014.07.06-19.57.31:416][160]LogBlueprintUserMessages:Warning: SetTimer passed a bad function () or object (DiscoLight_1_C_27)
[2014.07.06-19.57.31:417][160]LogBlueprintUserMessages:Warning: SetTimer passed a bad function () or object (DiscoLight_1_C_28)
[2014.07.06-19.57.31:417][160]LogBlueprintUserMessages:Warning: SetTimer passed a bad function () or object (DiscoLight_1_C_29)
[2014.07.06-19.57.31:418][160]LogBlueprintUserMessages:Warning: SetTimer passed a bad function () or object (DiscoLight_1_C_30)
[2014.07.06-19.57.31:418][160]LogBlueprintUserMessages:Warning: SetTimer passed a bad function () or object (DiscoLight_1_C_31)
[2014.07.06-19.57.31:419][160]LogBlueprintUserMessages:Warning: SetTimer passed a bad function () or object (DiscoLight_1_C_32)
[2014.07.06-19.57.31:419][160]LogBlueprintUserMessages:Warning: SetTimer passed a bad function () or object (DiscoLight_1_C_33)
[2014.07.06-19.57.31:420][160]LogBlueprintUserMessages:Warning: SetTimer passed a bad function () or object (DiscoLight_1_C_34)
[2014.07.06-19.57.31:420][160]LogBlueprintUserMessages:Warning: SetTimer passed a bad function () or object (DiscoLight_1_C_35)
[2014.07.06-19.57.31:421][160]LogBlueprintUserMessages:Warning: SetTimer passed a bad function () or object (DiscoLight_1_C_36)
[2014.07.06-19.57.31:421][160]LogBlueprintUserMessages:Warning: SetTimer passed a bad function () or object (DiscoLight_1_C_37)
[2014.07.06-19.57.31:422][160]LogBlueprintUserMessages:Warning: SetTimer passed a bad function () or object (DiscoLight_1_C_38)
[2014.07.06-19.57.31:422][160]LogBlueprintUserMessages:Warning: SetTimer passed a bad function () or object (DiscoLight_1_C_39)
[2014.07.06-19.57.31:423][160]LogBlueprintUserMessages:Warning: SetTimer passed a bad function () or object (DiscoLight_1_C_40)
[2014.07.06-19.57.31:423][160]LogBlueprintUserMessages:Warning: SetTimer passed a bad function () or object (DiscoLight_1_C_41)
[2014.07.06-19.57.31:430][160]LogWorld:Warning: *** WARNING - PATHS MAY NOT BE VALID ***
[2014.07.06-19.57.31:430][160]LogWorld: Bringing World /Game/Maps/UEDPIE_0_waagenbau.waagenbau up for play (max tick rate 0) at 2014.07.06-21.57.31
[2014.07.06-19.57.31:434][160]LogWorld: Bringing up level for play took: 1.000355
[2014.07.06-19.57.31:435][160]LogPlayerController: Spawned spectator SpectatorPawn_0 [server:1]
[2014.07.06-19.57.31:435][160]LogGameMode: RestartPlayer 256
[2014.07.06-19.57.31:436][160]LogPlayerController: ClientRestart_Implementation MyCharacter_C_0
[2014.07.06-19.57.31:436][160]LogPlayerController: ServerAcknowledgePossession_Implementation MyCharacter_C_0
[2014.07.06-19.57.31:445][160]PIE: Info Play in editor start time for /Game/Maps/UEDPIE_0_waagenbau 1.73
[2014.07.06-19.57.42:598][ 66]LogCharacterMovement: BotCharacter_Male_C_4 is stuck and failed to move!
[2014.07.06-19.57.42:681][ 74]LogCharacterMovement: BotCharacter_Male_C_4 is stuck and failed to move!
[2014.07.06-19.57.42:721][ 78]LogCharacterMovement: BotCharacter_Male_C_4 is stuck and failed to move!
[2014.07.06-19.57.42:761][ 82]LogCharacterMovement: BotCharacter_Male_C_4 is stuck and failed to move!
[2014.07.06-19.57.43:614][164]LogCharacterMovement: BotCharacter_Male_C_4 is stuck and failed to move!
[2014.07.06-19.57.43:626][165]LogCharacterMovement: BotCharacter_Male_C_4 is stuck and failed to move!
[2014.07.06-19.57.43:702][172]LogCharacterMovement: BotCharacter_Male_C_4 is stuck and failed to move!
[2014.07.06-19.57.43:734][175]LogCharacterMovement: BotCharacter_Male_C_4 is stuck and failed to move!
[2014.07.06-19.57.43:755][177]LogCharacterMovement: BotCharacter_Male_C_4 is stuck and failed to move!
[2014.07.06-19.57.43:788][180]LogCharacterMovement: BotCharacter_Male_C_4 is stuck and failed to move!
[2014.07.06-19.57.43:798][181]LogCharacterMovement: BotCharacter_Male_C_4 is stuck and failed to move!
[2014.07.06-19.57.43:831][184]LogCharacterMovement: BotCharacter_Male_C_4 is stuck and failed to move!
[2014.07.06-19.57.43:842][185]LogCharacterMovement: BotCharacter_Male_C_4 is stuck and failed to move!
[2014.07.06-19.57.43:875][188]LogCharacterMovement: BotCharacter_Male_C_4 is stuck and failed to move!
[2014.07.06-19.57.43:907][191]LogCharacterMovement: BotCharacter_Male_C_4 is stuck and failed to move!
[2014.07.06-19.57.43:919][192]LogCharacterMovement: BotCharacter_Male_C_4 is stuck and failed to move!
[2014.07.06-19.57.43:930][193]LogCharacterMovement: BotCharacter_Male_C_4 is stuck and failed to move!
[2014.07.06-19.57.55:288][154]LogParticles: Destroying 0 GPU particle simulations for FXSystem 0x000000000931A2A0
[2014.07.06-19.57.57:936][336]Cmd: CAMERA ALIGN ACTIVEVIEWPORTONLY
[2014.07.06-19.57.57:936][336]Aligned camera to fit all selected actors.
[2014.07.06-19.58.31:576][973]LogSavePackage: Save=307.981018ms
[2014.07.06-19.58.31:576][973]LogSavePackage: Moving 'D:/UDK4 Projects/MyProject3/Saved/waagenbau19E252A34D0024A9268D4BA0FAB3B789.tmp' to 'D:/UDK4 Projects/MyProject3/Content/Maps/waagenbau.umap'
[2014.07.06-19.58.31:606][973]LogFileHelpers: Saving map 'waagenbau' took 0.406
[2014.07.06-19.58.33:677][118]LogEditorViewport: Clicking on Actor (context menu): StaticMeshActor (sm_beer_box_5)
[2014.07.06-19.58.40:274][597]Cmd: OBJ SAVEPACKAGE PACKAGE="/Game/Meshes/sm_beer_box" FILE="D:/UDK4 Projects/MyProject3/Content/Meshes/sm_beer_box.uasset" SILENT=true
[2014.07.06-19.58.40:284][597]LogSavePackage: Save=5.960399ms
[2014.07.06-19.58.40:284][597]LogSavePackage: Moving 'D:/UDK4 Projects/MyProject3/Saved/sm_beer_boxCF5612D34836E998850650BCF366CB10.tmp' to 'D:/UDK4 Projects/MyProject3/Content/Meshes/sm_beer_box.uasset'
[2014.07.06-19.58.44:963][936]LogParticles: Destroying 0 GPU particle simulations for FXSystem 0x0000000015D389A0
[2014.07.06-20.01.05:885][483]LogEditorViewport: Clicking on Actor (context menu): StaticMeshActor (sm_beer_box_5)
[2014.07.06-20.01.06:602][559]LogContentBrowser:Verbose: The content browser source was changed by the sources view to 'None'
[2014.07.06-20.01.06:602][559]LogContentBrowser:Verbose: The content browser source was changed by the sources view to '/Game/Meshes'
[2014.07.06-20.01.08:877][723]LogEditorFactories: Performing atomic reimport of [H:/Game Assets/Modern/club/assets/bottles/FBX/sm_beer_box.fbx]
[2014.07.06-20.01.08:884][723]LogFbx: Loading FBX Scene from H:/Game Assets/Modern/club/assets/bottles/FBX/sm_beer_box.fbx
[2014.07.06-20.01.08:906][723]LogFbx: FBX Scene Loaded Succesfully
[2014.07.06-20.01.08:947][723]LogFbx: == Initial material list:
[2014.07.06-20.01.08:947][723]LogFbx: 0: phongE1
[2014.07.06-20.01.08:947][723]LogFbx: 1: layeredShader1
[2014.07.06-20.01.08:947][723]LogFbx: 2: layeredShader2
[2014.07.06-20.01.08:947][723]LogFbx: 3: lambert1
[2014.07.06-20.01.08:947][723]LogFbx: == After sorting:
[2014.07.06-20.01.08:947][723]LogFbx: 0: phongE1
[2014.07.06-20.01.08:947][723]LogFbx: 1: layeredShader1
[2014.07.06-20.01.08:947][723]LogFbx: 2: layeredShader2
[2014.07.06-20.01.08:947][723]LogFbx: 3: lambert1
[2014.07.06-20.01.08:947][723]LogFbx: == Mapping table:
[2014.07.06-20.01.08:947][723]LogFbx:   sort 0 -> 0
[2014.07.06-20.01.08:947][723]LogFbx:   sort 1 -> 1
[2014.07.06-20.01.08:947][723]LogFbx:   sort 2 -> 2
[2014.07.06-20.01.08:947][723]LogFbx:   sort 3 -> 3
[2014.07.06-20.01.08:996][723]LogStaticMesh: Building static mesh sm_beer_box...
[2014.07.06-20.01.09:301][723]LogStaticMesh: Built static mesh [305.650330ms] /Game/Meshes/sm_beer_box.sm_beer_box
[2014.07.06-20.01.09:305][723]LogEditorFactories: -- imported successfully
[2014.07.06-20.01.15:344][199]Cmd: OBJ SAVEPACKAGE PACKAGE="/Game/Meshes/sm_beer_box" FILE="D:/UDK4 Projects/MyProject3/Content/Meshes/sm_beer_box.uasset" SILENT=true
[2014.07.06-20.01.15:684][199]LogSavePackage: Save=324.064636ms
[2014.07.06-20.01.15:684][199]LogSavePackage: Moving 'D:/UDK4 Projects/MyProject3/Saved/sm_beer_box39812D3E424475A5B0E2D38625B12E56.tmp' to 'D:/UDK4 Projects/MyProject3/Content/Meshes/sm_beer_box.uasset'
[2014.07.06-20.01.21:725][684]LogEditorViewport: Clicking on Actor (LMB): StaticMeshActor (sm_beer_box_4)
[2014.07.06-20.01.22:071][704]LogEditorViewport: Clicking on Actor (CTRL LMB): StaticMeshActor (sm_beer_box_3)
[2014.07.06-20.01.27:792][209]LogSavePackage: Save=293.757996ms
[2014.07.06-20.01.27:792][209]LogSavePackage: Moving 'D:/UDK4 Projects/MyProject3/Saved/waagenbau1F0157C3400F6D27CAC313AF10979611.tmp' to 'D:/UDK4 Projects/MyProject3/Content/Maps/waagenbau.umap'
[2014.07.06-20.01.27:834][209]LogFileHelpers: Saving map 'waagenbau' took 0.415
[2014.07.06-20.02.32:595][369]LogEditorViewport: Clicking on Actor (context menu): StaticMeshActor (sm_beer_box_3)
[2014.07.06-20.02.33:155][421]LogContentBrowser:Verbose: The content browser source was changed by the sources view to 'None'
[2014.07.06-20.02.33:155][421]LogContentBrowser:Verbose: The content browser source was changed by the sources view to '/Game/Meshes'
[2014.07.06-20.02.33:155][421]LogContentBrowser:Verbose: The content browser source was changed by the sources view to '/Game/Meshes'
[2014.07.06-20.02.35:525][601]LogEditorFactories: Performing atomic reimport of [H:/Game Assets/Modern/club/assets/bottles/FBX/sm_beer_box.fbx]
[2014.07.06-20.02.35:532][601]LogFbx: Loading FBX Scene from H:/Game Assets/Modern/club/assets/bottles/FBX/sm_beer_box.fbx
[2014.07.06-20.02.35:554][601]LogFbx: FBX Scene Loaded Succesfully
[2014.07.06-20.02.35:585][601]LogFbx: == Initial material list:
[2014.07.06-20.02.35:585][601]LogFbx: 0: phongE1
[2014.07.06-20.02.35:585][601]LogFbx: 1: layeredShader1
[2014.07.06-20.02.35:585][601]LogFbx: 2: layeredShader2
[2014.07.06-20.02.35:585][601]LogFbx: 3: lambert1
[2014.07.06-20.02.35:585][601]LogFbx: == After sorting:
[2014.07.06-20.02.35:585][601]LogFbx: 0: phongE1
[2014.07.06-20.02.35:585][601]LogFbx: 1: layeredShader1
[2014.07.06-20.02.35:585][601]LogFbx: 2: layeredShader2
[2014.07.06-20.02.35:585][601]LogFbx: 3: lambert1
[2014.07.06-20.02.35:585][601]LogFbx: == Mapping table:
[2014.07.06-20.02.35:585][601]LogFbx:   sort 0 -> 0
[2014.07.06-20.02.35:585][601]LogFbx:   sort 1 -> 1
[2014.07.06-20.02.35:585][601]LogFbx:   sort 2 -> 2
[2014.07.06-20.02.35:585][601]LogFbx:   sort 3 -> 3
[2014.07.06-20.02.35:628][601]LogStaticMesh: Building static mesh sm_beer_box...
[2014.07.06-20.02.35:935][601]LogStaticMesh: Built static mesh [307.497162ms] /Game/Meshes/sm_beer_box.sm_beer_box
[2014.07.06-20.02.35:938][601]LogEditorFactories: -- imported successfully
[2014.07.06-20.02.38:375][797]Cmd: OBJ SAVEPACKAGE PACKAGE="/Game/Meshes/sm_beer_box" FILE="D:/UDK4 Projects/MyProject3/Content/Meshes/sm_beer_box.uasset" SILENT=true
[2014.07.06-20.02.38:708][797]LogSavePackage: Save=330.142059ms
[2014.07.06-20.02.38:708][797]LogSavePackage: Moving 'D:/UDK4 Projects/MyProject3/Saved/sm_beer_boxF48DC0E047A3AF331F6150AA6075B60B.tmp' to 'D:/UDK4 Projects/MyProject3/Content/Meshes/sm_beer_box.uasset'
[2014.07.06-20.02.44:132][259]LogSavePackage: Save=295.823242ms
[2014.07.06-20.02.44:132][259]LogSavePackage: Moving 'D:/UDK4 Projects/MyProject3/Saved/waagenbau92AC0EC040D0590FB274109734ED7E6F.tmp' to 'D:/UDK4 Projects/MyProject3/Content/Maps/waagenbau.umap'
[2014.07.06-20.02.44:162][259]LogFileHelpers: Saving map 'waagenbau' took 0.394
[2014.07.06-20.02.53:540][996]LogSavePackage: Save=304.678131ms
[2014.07.06-20.02.53:540][996]LogSavePackage: Moving 'D:/UDK4 Projects/MyProject3/Saved/waagenbau9812B79740B5F6865D1CEBA390498AAC.tmp' to 'D:/UDK4 Projects/MyProject3/Content/Maps/waagenbau.umap'
[2014.07.06-20.02.53:569][996]LogFileHelpers: Saving map 'waagenbau' took 0.402
[2014.07.06-20.02.54:304][ 53]LogPlayLevel: PIE:  No blueprints needed recompiling
[2014.07.06-20.02.54:304][ 53]PIE: New page: PIE session: waagenbau (Jul 7, 2014, 12:02:54 AM)
[2014.07.06-20.02.54:348][ 53]LogPlayLevel: PIE: StaticDuplicateObject took: (0.044162s)
[2014.07.06-20.02.54:349][ 53]LogPlayLevel: PIE: World Init took: (0.000761s)
[2014.07.06-20.02.54:349][ 53]LogPlayLevel: PIE: Created PIE world by copying editor world from /Game/Maps/waagenbau.waagenbau to /Game/Maps/UEDPIE_0_waagenbau.waagenbau (0.045246s)
[2014.07.06-20.02.54:350][ 53]LogWorld: Game class is 'MyGame_C'
[2014.07.06-20.02.54:443][ 53]LogOutputDevice: === Handled error: ===
Ensure condition failed: false [File:D:\BuildFarm\buildmachine_++depot+UE4-Releases+4.2\Engine\Source\Runtime\Engine\Private\SceneComponent.cpp] [Line: 670]
Template Mismatch during attachment. Attaching instanced component to template component. Parent 'SceneComp' Self 'Sprite'
Stack: Address = 0xd8d8d866 (filename not found) [in E:\Unreal Engine\4.2\Engine\Binaries\Win64\UE4Editor-Core.dll]
Address = 0xd8c32101 (filename not found) [in E:\Unreal Engine\4.2\Engine\Binaries\Win64\UE4Editor-Core.dll]
Address = 0xd8c32347 (filename not found) [in E:\Unreal Engine\4.2\Engine\Binaries\Win64\UE4Editor-Core.dll]
Address = 0xd1aa3c04 (filename not found) [in E:\Unreal Engine\4.2\Engine\Binaries\Win64\UE4Editor-Engine.dll]
Address = 0xd1640e36 (filename not found) [in E:\Unreal Engine\4.2\Engine\Binaries\Win64\UE4Editor-Engine.dll]
Address = 0xd1965bd9 (filename not found) [in E:\Unreal Engine\4.2\Engine\Binaries\Win64\UE4Editor-Engine.dll]
Address = 0xd1d6a45b (filename not found) [in E:\Unreal Engine\4.2\Engine\Binaries\Win64\UE4Editor-Engine.dll]
Address = 0xd1d53d2c (filename not found) [in E:\Unreal Engine\4.2\Engine\Binaries\Win64\UE4Editor-Engine.dll]
Address = 0xd01392ca (filename not found) [in E:\Unreal Engine\4.2\Engine\Binaries\Win64\UE4Editor-UnrealEd.dll]
Address = 0xd0155524 (filename not found) [in E:\Unreal Engine\4.2\Engine\Binaries\Win64\UE4Editor-UnrealEd.dll]
Address = 0xd0165a4b (filename not found) [in E:\Unreal Engine\4.2\Engine\Binaries\Win64\UE4Editor-UnrealEd.dll]
Address = 0xcff65265 (filename not found) [in E:\Unreal Engine\4.2\Engine\Binaries\Win64\UE4Editor-UnrealEd.dll]
Address = 0xd0320606 (filename not found) [in E:\Unreal Engine\4.2\Engine\Binaries\Win64\UE4Editor-UnrealEd.dll]
FEngineLoop::Tick() 0x3fe17b03 + 0 bytes [File=d:\buildfarm\buildmachine_++depot+ue4-releases+4.2\engine\source\runtime\launch\private\launchengineloop.cpp:2091] [in E:\Unreal Engine\4.2\Engine\Binaries\Win64\UE4Editor.exe]
GuardedMain() 0x3fe0d1ec + 0 bytes [File=d:\buildfarm\buildmachine_++depot+ue4-releases+4.2\engine\source\runtime\launch\private\launch.cpp:132] [in E:\Unreal Engine\4.2\Engine\Binaries\Win64\UE4Editor.exe]
GuardedMainWrapper() 0x3fe0d25a + 5 bytes [File=d:\buildfarm\buildmachine_++depot+ue4-releases+4.2\engine\source\runtime\launch\private\windows\launchwindows.cpp:125] [in E:\Unreal Engine\4.2\Engine\Binaries\Win64\UE4Editor.exe]
WinMain() 0x3fe19119 + 17 bytes [File=d:\buildfarm\buildmachine_++depot+ue4-releases+4.2\engine\source\runtime\launch\private\windows\launchwindows.cpp:207] [in E:\Unreal Engine\4.2\Engine\Binaries\Win64\UE4Editor.exe]
__tmainCRTStartup() 0x3fe19fa9 + 21 bytes [File=f:\dd\vctools\crt\crtw32\dllstuff\crtexe.c:618] [in E:\Unreal Engine\4.2\Engine\Binaries\Win64\UE4Editor.exe]
Address = 0x779159ed (filename not found) [in C:\Windows\system32\kernel32.dll]
Address = 0x77a4c541 (filename not found) [in C:\Windows\SYSTEM32\ntdll.dll]
Address = 0x77a4c541 (filename not found) [in C:\Windows\SYSTEM32\ntdll.dll]

[2014.07.06-20.02.54:448][ 53]LogOutputDevice: === Handled error: ===
Ensure condition failed: false [File:D:\BuildFarm\buildmachine_++depot+UE4-Releases+4.2\Engine\Source\Runtime\Engine\Private\SceneComponent.cpp] [Line: 670]
Template Mismatch during attachment. Attaching instanced component to template component. Parent 'SceneComp' Self 'Sprite'
Stack: Address = 0xd8d8d866 (filename not found) [in E:\Unreal Engine\4.2\Engine\Binaries\Win64\UE4Editor-Core.dll]
Address = 0xd8c32101 (filename not found) [in E:\Unreal Engine\4.2\Engine\Binaries\Win64\UE4Editor-Core.dll]
Address = 0xd8c32347 (filename not found) [in E:\Unreal Engine\4.2\Engine\Binaries\Win64\UE4Editor-Core.dll]
Address = 0xd1aa3c04 (filename not found) [in E:\Unreal Engine\4.2\Engine\Binaries\Win64\UE4Editor-Engine.dll]
Address = 0xd1640e36 (filename not found) [in E:\Unreal Engine\4.2\Engine\Binaries\Win64\UE4Editor-Engine.dll]
Address = 0xd1965bd9 (filename not found) [in E:\Unreal Engine\4.2\Engine\Binaries\Win64\UE4Editor-Engine.dll]
Address = 0xd1d6a45b (filename not found) [in E:\Unreal Engine\4.2\Engine\Binaries\Win64\UE4Editor-Engine.dll]
Address = 0xd1d53d2c (filename not found) [in E:\Unreal Engine\4.2\Engine\Binaries\Win64\UE4Editor-Engine.dll]
Address = 0xd01392ca (filename not found) [in E:\Unreal Engine\4.2\Engine\Binaries\Win64\UE4Editor-UnrealEd.dll]
Address = 0xd0155524 (filename not found) [in E:\Unreal Engine\4.2\Engine\Binaries\Win64\UE4Editor-UnrealEd.dll]
Address = 0xd0165a4b (filename not found) [in E:\Unreal Engine\4.2\Engine\Binaries\Win64\UE4Editor-UnrealEd.dll]
Address = 0xcff65265 (filename not found) [in E:\Unreal Engine\4.2\Engine\Binaries\Win64\UE4Editor-UnrealEd.dll]
Address = 0xd0320606 (filename not found) [in E:\Unreal Engine\4.2\Engine\Binaries\Win64\UE4Editor-UnrealEd.dll]
FEngineLoop::Tick() 0x3fe17b03 + 0 bytes [File=d:\buildfarm\buildmachine_++depot+ue4-releases+4.2\engine\source\runtime\launch\private\launchengineloop.cpp:2091] [in E:\Unreal Engine\4.2\Engine\Binaries\Win64\UE4Editor.exe]
GuardedMain() 0x3fe0d1ec + 0 bytes [File=d:\buildfarm\buildmachine_++depot+ue4-releases+4.2\engine\source\runtime\launch\private\launch.cpp:132] [in E:\Unreal Engine\4.2\Engine\Binaries\Win64\UE4Editor.exe]
GuardedMainWrapper() 0x3fe0d25a + 5 bytes [File=d:\buildfarm\buildmachine_++depot+ue4-releases+4.2\engine\source\runtime\launch\private\windows\launchwindows.cpp:125] [in E:\Unreal Engine\4.2\Engine\Binaries\Win64\UE4Editor.exe]
WinMain() 0x3fe19119 + 17 bytes [File=d:\buildfarm\buildmachine_++depot+ue4-releases+4.2\engine\source\runtime\launch\private\windows\launchwindows.cpp:207] [in E:\Unreal Engine\4.2\Engine\Binaries\Win64\UE4Editor.exe]
__tmainCRTStartup() 0x3fe19fa9 + 21 bytes [File=f:\dd\vctools\crt\crtw32\dllstuff\crtexe.c:618] [in E:\Unreal Engine\4.2\Engine\Binaries\Win64\UE4Editor.exe]
Address = 0x779159ed (filename not found) [in C:\Windows\system32\kernel32.dll]
Address = 0x77a4c541 (filename not found) [in C:\Windows\SYSTEM32\ntdll.dll]
Address = 0x77a4c541 (filename not found) [in C:\Windows\SYSTEM32\ntdll.dll]

[2014.07.06-20.02.54:453][ 53]LogOutputDevice: === Handled error: ===
Ensure condition failed: false [File:D:\BuildFarm\buildmachine_++depot+UE4-Releases+4.2\Engine\Source\Runtime\Engine\Private\SceneComponent.cpp] [Line: 670]
Template Mismatch during attachment. Attaching instanced component to template component. Parent 'SceneComp' Self 'Sprite'
Stack: Address = 0xd8d8d866 (filename not found) [in E:\Unreal Engine\4.2\Engine\Binaries\Win64\UE4Editor-Core.dll]
Address = 0xd8c32101 (filename not found) [in E:\Unreal Engine\4.2\Engine\Binaries\Win64\UE4Editor-Core.dll]
Address = 0xd8c32347 (filename not found) [in E:\Unreal Engine\4.2\Engine\Binaries\Win64\UE4Editor-Core.dll]
Address = 0xd1aa3c04 (filename not found) [in E:\Unreal Engine\4.2\Engine\Binaries\Win64\UE4Editor-Engine.dll]
Address = 0xd1640e36 (filename not found) [in E:\Unreal Engine\4.2\Engine\Binaries\Win64\UE4Editor-Engine.dll]
Address = 0xd1965bd9 (filename not found) [in E:\Unreal Engine\4.2\Engine\Binaries\Win64\UE4Editor-Engine.dll]
Address = 0xd1d6a45b (filename not found) [in E:\Unreal Engine\4.2\Engine\Binaries\Win64\UE4Editor-Engine.dll]
Address = 0xd1d53d2c (filename not found) [in E:\Unreal Engine\4.2\Engine\Binaries\Win64\UE4Editor-Engine.dll]
Address = 0xd01392ca (filename not found) [in E:\Unreal Engine\4.2\Engine\Binaries\Win64\UE4Editor-UnrealEd.dll]
Address = 0xd0155524 (filename not found) [in E:\Unreal Engine\4.2\Engine\Binaries\Win64\UE4Editor-UnrealEd.dll]
Address = 0xd0165a4b (filename not found) [in E:\Unreal Engine\4.2\Engine\Binaries\Win64\UE4Editor-UnrealEd.dll]
Address = 0xcff65265 (filename not found) [in E:\Unreal Engine\4.2\Engine\Binaries\Win64\UE4Editor-UnrealEd.dll]
Address = 0xd0320606 (filename not found) [in E:\Unreal Engine\4.2\Engine\Binaries\Win64\UE4Editor-UnrealEd.dll]
FEngineLoop::Tick() 0x3fe17b03 + 0 bytes [File=d:\buildfarm\buildmachine_++depot+ue4-releases+4.2\engine\source\runtime\launch\private\launchengineloop.cpp:2091] [in E:\Unreal Engine\4.2\Engine\Binaries\Win64\UE4Editor.exe]
GuardedMain() 0x3fe0d1ec + 0 bytes [File=d:\buildfarm\buildmachine_++depot+ue4-releases+4.2\engine\source\runtime\launch\private\launch.cpp:132] [in E:\Unreal Engine\4.2\Engine\Binaries\Win64\UE4Editor.exe]
GuardedMainWrapper() 0x3fe0d25a + 5 bytes [File=d:\buildfarm\buildmachine_++depot+ue4-releases+4.2\engine\source\runtime\launch\private\windows\launchwindows.cpp:125] [in E:\Unreal Engine\4.2\Engine\Binaries\Win64\UE4Editor.exe]
WinMain() 0x3fe19119 + 17 bytes [File=d:\buildfarm\buildmachine_++depot+ue4-releases+4.2\engine\source\runtime\launch\private\windows\launchwindows.cpp:207] [in E:\Unreal Engine\4.2\Engine\Binaries\Win64\UE4Editor.exe]
__tmainCRTStartup() 0x3fe19fa9 + 21 bytes [File=f:\dd\vctools\crt\crtw32\dllstuff\crtexe.c:618] [in E:\Unreal Engine\4.2\Engine\Binaries\Win64\UE4Editor.exe]
Address = 0x779159ed (filename not found) [in C:\Windows\system32\kernel32.dll]
Address = 0x77a4c541 (filename not found) [in C:\Windows\SYSTEM32\ntdll.dll]
Address = 0x77a4c541 (filename not found) [in C:\Windows\SYSTEM32\ntdll.dll]

[2014.07.06-20.02.54:459][ 53]LogOutputDevice: === Handled error: ===
Ensure condition failed: false [File:D:\BuildFarm\buildmachine_++depot+UE4-Releases+4.2\Engine\Source\Runtime\Engine\Private\SceneComponent.cpp] [Line: 670]
Template Mismatch during attachment. Attaching instanced component to template component. Parent 'SceneComp' Self 'Sprite'
Stack: Address = 0xd8d8d866 (filename not found) [in E:\Unreal Engine\4.2\Engine\Binaries\Win64\UE4Editor-Core.dll]
Address = 0xd8c32101 (filename not found) [in E:\Unreal Engine\4.2\Engine\Binaries\Win64\UE4Editor-Core.dll]
Address = 0xd8c32347 (filename not found) [in E:\Unreal Engine\4.2\Engine\Binaries\Win64\UE4Editor-Core.dll]
Address = 0xd1aa3c04 (filename not found) [in E:\Unreal Engine\4.2\Engine\Binaries\Win64\UE4Editor-Engine.dll]
Address = 0xd1640e36 (filename not found) [in E:\Unreal Engine\4.2\Engine\Binaries\Win64\UE4Editor-Engine.dll]
Address = 0xd1965bd9 (filename not found) [in E:\Unreal Engine\4.2\Engine\Binaries\Win64\UE4Editor-Engine.dll]
Address = 0xd1d6a45b (filename not found) [in E:\Unreal Engine\4.2\Engine\Binaries\Win64\UE4Editor-Engine.dll]
Address = 0xd1d53d2c (filename not found) [in E:\Unreal Engine\4.2\Engine\Binaries\Win64\UE4Editor-Engine.dll]
Address = 0xd01392ca (filename not found) [in E:\Unreal Engine\4.2\Engine\Binaries\Win64\UE4Editor-UnrealEd.dll]
Address = 0xd0155524 (filename not found) [in E:\Unreal Engine\4.2\Engine\Binaries\Win64\UE4Editor-UnrealEd.dll]
Address = 0xd0165a4b (filename not found) [in E:\Unreal Engine\4.2\Engine\Binaries\Win64\UE4Editor-UnrealEd.dll]
Address = 0xcff65265 (filename not found) [in E:\Unreal Engine\4.2\Engine\Binaries\Win64\UE4Editor-UnrealEd.dll]
Address = 0xd0320606 (filename not found) [in E:\Unreal Engine\4.2\Engine\Binaries\Win64\UE4Editor-UnrealEd.dll]
FEngineLoop::Tick() 0x3fe17b03 + 0 bytes [File=d:\buildfarm\buildmachine_++depot+ue4-releases+4.2\engine\source\runtime\launch\private\launchengineloop.cpp:2091] [in E:\Unreal Engine\4.2\Engine\Binaries\Win64\UE4Editor.exe]
GuardedMain() 0x3fe0d1ec + 0 bytes [File=d:\buildfarm\buildmachine_++depot+ue4-releases+4.2\engine\source\runtime\launch\private\launch.cpp:132] [in E:\Unreal Engine\4.2\Engine\Binaries\Win64\UE4Editor.exe]
GuardedMainWrapper() 0x3fe0d25a + 5 bytes [File=d:\buildfarm\buildmachine_++depot+ue4-releases+4.2\engine\source\runtime\launch\private\windows\launchwindows.cpp:125] [in E:\Unreal Engine\4.2\Engine\Binaries\Win64\UE4Editor.exe]
WinMain() 0x3fe19119 + 17 bytes [File=d:\buildfarm\buildmachine_++depot+ue4-releases+4.2\engine\source\runtime\launch\private\windows\launchwindows.cpp:207] [in E:\Unreal Engine\4.2\Engine\Binaries\Win64\UE4Editor.exe]
__tmainCRTStartup() 0x3fe19fa9 + 21 bytes [File=f:\dd\vctools\crt\crtw32\dllstuff\crtexe.c:618] [in E:\Unreal Engine\4.2\Engine\Binaries\Win64\UE4Editor.exe]
Address = 0x779159ed (filename not found) [in C:\Windows\system32\kernel32.dll]
Address = 0x77a4c541 (filename not found) [in C:\Windows\SYSTEM32\ntdll.dll]
Address = 0x77a4c541 (filename not found) [in C:\Windows\SYSTEM32\ntdll.dll]

[2014.07.06-20.02.54:464][ 53]LogOutputDevice: === Handled error: ===
Ensure condition failed: false [File:D:\BuildFarm\buildmachine_++depot+UE4-Releases+4.2\Engine\Source\Runtime\Engine\Private\SceneComponent.cpp] [Line: 670]
Template Mismatch during attachment. Attaching instanced component to template component. Parent 'SceneComp' Self 'Sprite'
Stack: Address = 0xd8d8d866 (filename not found) [in E:\Unreal Engine\4.2\Engine\Binaries\Win64\UE4Editor-Core.dll]
Address = 0xd8c32101 (filename not found) [in E:\Unreal Engine\4.2\Engine\Binaries\Win64\UE4Editor-Core.dll]
Address = 0xd8c32347 (filename not found) [in E:\Unreal Engine\4.2\Engine\Binaries\Win64\UE4Editor-Core.dll]
Address = 0xd1aa3c04 (filename not found) [in E:\Unreal Engine\4.2\Engine\Binaries\Win64\UE4Editor-Engine.dll]
Address = 0xd1640e36 (filename not found) [in E:\Unreal Engine\4.2\Engine\Binaries\Win64\UE4Editor-Engine.dll]
Address = 0xd1965bd9 (filename not found) [in E:\Unreal Engine\4.2\Engine\Binaries\Win64\UE4Editor-Engine.dll]
Address = 0xd1d6a45b (filename not found) [in E:\Unreal Engine\4.2\Engine\Binaries\Win64\UE4Editor-Engine.dll]
Address = 0xd1d53d2c (filename not found) [in E:\Unreal Engine\4.2\Engine\Binaries\Win64\UE4Editor-Engine.dll]
Address = 0xd01392ca (filename not found) [in E:\Unreal Engine\4.2\Engine\Binaries\Win64\UE4Editor-UnrealEd.dll]
Address = 0xd0155524 (filename not found) [in E:\Unreal Engine\4.2\Engine\Binaries\Win64\UE4Editor-UnrealEd.dll]
Address = 0xd0165a4b (filename not found) [in E:\Unreal Engine\4.2\Engine\Binaries\Win64\UE4Editor-UnrealEd.dll]
Address = 0xcff65265 (filename not found) [in E:\Unreal Engine\4.2\Engine\Binaries\Win64\UE4Editor-UnrealEd.dll]
Address = 0xd0320606 (filename not found) [in E:\Unreal Engine\4.2\Engine\Binaries\Win64\UE4Editor-UnrealEd.dll]
FEngineLoop::Tick() 0x3fe17b03 + 0 bytes [File=d:\buildfarm\buildmachine_++depot+ue4-releases+4.2\engine\source\runtime\launch\private\launchengineloop.cpp:2091] [in E:\Unreal Engine\4.2\Engine\Binaries\Win64\UE4Editor.exe]
GuardedMain() 0x3fe0d1ec + 0 bytes [File=d:\buildfarm\buildmachine_++depot+ue4-releases+4.2\engine\source\runtime\launch\private\launch.cpp:132] [in E:\Unreal Engine\4.2\Engine\Binaries\Win64\UE4Editor.exe]
GuardedMainWrapper() 0x3fe0d25a + 5 bytes [File=d:\buildfarm\buildmachine_++depot+ue4-releases+4.2\engine\source\runtime\launch\private\windows\launchwindows.cpp:125] [in E:\Unreal Engine\4.2\Engine\Binaries\Win64\UE4Editor.exe]
WinMain() 0x3fe19119 + 17 bytes [File=d:\buildfarm\buildmachine_++depot+ue4-releases+4.2\engine\source\runtime\launch\private\windows\launchwindows.cpp:207] [in E:\Unreal Engine\4.2\Engine\Binaries\Win64\UE4Editor.exe]
__tmainCRTStartup() 0x3fe19fa9 + 21 bytes [File=f:\dd\vctools\crt\crtw32\dllstuff\crtexe.c:618] [in E:\Unreal Engine\4.2\Engine\Binaries\Win64\UE4Editor.exe]
Address = 0x779159ed (filename not found) [in C:\Windows\system32\kernel32.dll]
Address = 0x77a4c541 (filename not found) [in C:\Windows\SYSTEM32\ntdll.dll]
Address = 0x77a4c541 (filename not found) [in C:\Windows\SYSTEM32\ntdll.dll]

[2014.07.06-20.02.54:469][ 53]LogOutputDevice: === Handled error: ===
Ensure condition failed: false [File:D:\BuildFarm\buildmachine_++depot+UE4-Releases+4.2\Engine\Source\Runtime\Engine\Private\SceneComponent.cpp] [Line: 670]
Template Mismatch during attachment. Attaching instanced component to template component. Parent 'SceneComp' Self 'Sprite'
Stack: Address = 0xd8d8d866 (filename not found) [in E:\Unreal Engine\4.2\Engine\Binaries\Win64\UE4Editor-Core.dll]
Address = 0xd8c32101 (filename not found) [in E:\Unreal Engine\4.2\Engine\Binaries\Win64\UE4Editor-Core.dll]
Address = 0xd8c32347 (filename not found) [in E:\Unreal Engine\4.2\Engine\Binaries\Win64\UE4Editor-Core.dll]
Address = 0xd1aa3c04 (filename not found) [in E:\Unreal Engine\4.2\Engine\Binaries\Win64\UE4Editor-Engine.dll]
Address = 0xd1640e36 (filename not found) [in E:\Unreal Engine\4.2\Engine\Binaries\Win64\UE4Editor-Engine.dll]
Address = 0xd1965bd9 (filename not found) [in E:\Unreal Engine\4.2\Engine\Binaries\Win64\UE4Editor-Engine.dll]
Address = 0xd1d6a45b (filename not found) [in E:\Unreal Engine\4.2\Engine\Binaries\Win64\UE4Editor-Engine.dll]
Address = 0xd1d53d2c (filename not found) [in E:\Unreal Engine\4.2\Engine\Binaries\Win64\UE4Editor-Engine.dll]
Address = 0xd01392ca (filename not found) [in E:\Unreal Engine\4.2\Engine\Binaries\Win64\UE4Editor-UnrealEd.dll]
Address = 0xd0155524 (filename not found) [in E:\Unreal Engine\4.2\Engine\Binaries\Win64\UE4Editor-UnrealEd.dll]
Address = 0xd0165a4b (filename not found) [in E:\Unreal Engine\4.2\Engine\Binaries\Win64\UE4Editor-UnrealEd.dll]
Address = 0xcff65265 (filename not found) [in E:\Unreal Engine\4.2\Engine\Binaries\Win64\UE4Editor-UnrealEd.dll]
Address = 0xd0320606 (filename not found) [in E:\Unreal Engine\4.2\Engine\Binaries\Win64\UE4Editor-UnrealEd.dll]
FEngineLoop::Tick() 0x3fe17b03 + 0 bytes [File=d:\buildfarm\buildmachine_++depot+ue4-releases+4.2\engine\source\runtime\launch\private\launchengineloop.cpp:2091] [in E:\Unreal Engine\4.2\Engine\Binaries\Win64\UE4Editor.exe]
GuardedMain() 0x3fe0d1ec + 0 bytes [File=d:\buildfarm\buildmachine_++depot+ue4-releases+4.2\engine\source\runtime\launch\private\launch.cpp:132] [in E:\Unreal Engine\4.2\Engine\Binaries\Win64\UE4Editor.exe]
GuardedMainWrapper() 0x3fe0d25a + 5 bytes [File=d:\buildfarm\buildmachine_++depot+ue4-releases+4.2\engine\source\runtime\launch\private\windows\launchwindows.cpp:125] [in E:\Unreal Engine\4.2\Engine\Binaries\Win64\UE4Editor.exe]
WinMain() 0x3fe19119 + 17 bytes [File=d:\buildfarm\buildmachine_++depot+ue4-releases+4.2\engine\source\runtime\launch\private\windows\launchwindows.cpp:207] [in E:\Unreal Engine\4.2\Engine\Binaries\Win64\UE4Editor.exe]
__tmainCRTStartup() 0x3fe19fa9 + 21 bytes [File=f:\dd\vctools\crt\crtw32\dllstuff\crtexe.c:618] [in E:\Unreal Engine\4.2\Engine\Binaries\Win64\UE4Editor.exe]
Address = 0x779159ed (filename not found) [in C:\Windows\system32\kernel32.dll]
Address = 0x77a4c541 (filename not found) [in C:\Windows\SYSTEM32\ntdll.dll]
Address = 0x77a4c541 (filename not found) [in C:\Windows\SYSTEM32\ntdll.dll]

[2014.07.06-20.02.54:475][ 53]LogOutputDevice: === Handled error: ===
Ensure condition failed: false [File:D:\BuildFarm\buildmachine_++depot+UE4-Releases+4.2\Engine\Source\Runtime\Engine\Private\SceneComponent.cpp] [Line: 670]
Template Mismatch during attachment. Attaching instanced component to template component. Parent 'SceneComp' Self 'Sprite'
Stack: Address = 0xd8d8d866 (filename not found) [in E:\Unreal Engine\4.2\Engine\Binaries\Win64\UE4Editor-Core.dll]
Address = 0xd8c32101 (filename not found) [in E:\Unreal Engine\4.2\Engine\Binaries\Win64\UE4Editor-Core.dll]
Address = 0xd8c32347 (filename not found) [in E:\Unreal Engine\4.2\Engine\Binaries\Win64\UE4Editor-Core.dll]
Address = 0xd1aa3c04 (filename not found) [in E:\Unreal Engine\4.2\Engine\Binaries\Win64\UE4Editor-Engine.dll]
Address = 0xd1640e36 (filename not found) [in E:\Unreal Engine\4.2\Engine\Binaries\Win64\UE4Editor-Engine.dll]
Address = 0xd1965bd9 (filename not found) [in E:\Unreal Engine\4.2\Engine\Binaries\Win64\UE4Editor-Engine.dll]
Address = 0xd1d6a45b (filename not found) [in E:\Unreal Engine\4.2\Engine\Binaries\Win64\UE4Editor-Engine.dll]
Address = 0xd1d53d2c (filename not found) [in E:\Unreal Engine\4.2\Engine\Binaries\Win64\UE4Editor-Engine.dll]
Address = 0xd01392ca (filename not found) [in E:\Unreal Engine\4.2\Engine\Binaries\Win64\UE4Editor-UnrealEd.dll]
Address = 0xd0155524 (filename not found) [in E:\Unreal Engine\4.2\Engine\Binaries\Win64\UE4Editor-UnrealEd.dll]
Address = 0xd0165a4b (filename not found) [in E:\Unreal Engine\4.2\Engine\Binaries\Win64\UE4Editor-UnrealEd.dll]
Address = 0xcff65265 (filename not found) [in E:\Unreal Engine\4.2\Engine\Binaries\Win64\UE4Editor-UnrealEd.dll]
Address = 0xd0320606 (filename not found) [in E:\Unreal Engine\4.2\Engine\Binaries\Win64\UE4Editor-UnrealEd.dll]
FEngineLoop::Tick() 0x3fe17b03 + 0 bytes [File=d:\buildfarm\buildmachine_++depot+ue4-releases+4.2\engine\source\runtime\launch\private\launchengineloop.cpp:2091] [in E:\Unreal Engine\4.2\Engine\Binaries\Win64\UE4Editor.exe]
GuardedMain() 0x3fe0d1ec + 0 bytes [File=d:\buildfarm\buildmachine_++depot+ue4-releases+4.2\engine\source\runtime\launch\private\launch.cpp:132] [in E:\Unreal Engine\4.2\Engine\Binaries\Win64\UE4Editor.exe]
GuardedMainWrapper() 0x3fe0d25a + 5 bytes [File=d:\buildfarm\buildmachine_++depot+ue4-releases+4.2\engine\source\runtime\launch\private\windows\launchwindows.cpp:125] [in E:\Unreal Engine\4.2\Engine\Binaries\Win64\UE4Editor.exe]
WinMain() 0x3fe19119 + 17 bytes [File=d:\buildfarm\buildmachine_++depot+ue4-releases+4.2\engine\source\runtime\launch\private\windows\launchwindows.cpp:207] [in E:\Unreal Engine\4.2\Engine\Binaries\Win64\UE4Editor.exe]
__tmainCRTStartup() 0x3fe19fa9 + 21 bytes [File=f:\dd\vctools\crt\crtw32\dllstuff\crtexe.c:618] [in E:\Unreal Engine\4.2\Engine\Binaries\Win64\UE4Editor.exe]
Address = 0x779159ed (filename not found) [in C:\Windows\system32\kernel32.dll]
Address = 0x77a4c541 (filename not found) [in C:\Windows\SYSTEM32\ntdll.dll]
Address = 0x77a4c541 (filename not found) [in C:\Windows\SYSTEM32\ntdll.dll]

[2014.07.06-20.02.54:480][ 53]LogBlueprintUserMessages:Warning: SetTimer passed a bad function () or object (DiscoLight_1_C_0)
[2014.07.06-20.02.54:481][ 53]LogBlueprintUserMessages:Warning: SetTimer passed a bad function () or object (DiscoLight_1_C_21)
[2014.07.06-20.02.54:481][ 53]LogBlueprintUserMessages:Warning: SetTimer passed a bad function () or object (DiscoLight_1_C_22)
[2014.07.06-20.02.54:482][ 53]LogBlueprintUserMessages:Warning: SetTimer passed a bad function () or object (DiscoLight_1_C_23)
[2014.07.06-20.02.54:482][ 53]LogBlueprintUserMessages:Warning: SetTimer passed a bad function () or object (DiscoLight_1_C_24)
[2014.07.06-20.02.54:483][ 53]LogBlueprintUserMessages:Warning: SetTimer passed a bad function () or object (DiscoLight_1_C_25)
[2014.07.06-20.02.54:483][ 53]LogBlueprintUserMessages:Warning: SetTimer passed a bad function () or object (DiscoLight_1_C_26)
[2014.07.06-20.02.54:484][ 53]LogBlueprintUserMessages:Warning: SetTimer passed a bad function () or object (DiscoLight_1_C_27)
[2014.07.06-20.02.54:484][ 53]LogBlueprintUserMessages:Warning: SetTimer passed a bad function () or object (DiscoLight_1_C_28)
[2014.07.06-20.02.54:485][ 53]LogBlueprintUserMessages:Warning: SetTimer passed a bad function () or object (DiscoLight_1_C_29)
[2014.07.06-20.02.54:485][ 53]LogBlueprintUserMessages:Warning: SetTimer passed a bad function () or object (DiscoLight_1_C_30)
[2014.07.06-20.02.54:486][ 53]LogBlueprintUserMessages:Warning: SetTimer passed a bad function () or object (DiscoLight_1_C_31)
[2014.07.06-20.02.54:486][ 53]LogBlueprintUserMessages:Warning: SetTimer passed a bad function () or object (DiscoLight_1_C_32)
[2014.07.06-20.02.54:487][ 53]LogBlueprintUserMessages:Warning: SetTimer passed a bad function () or object (DiscoLight_1_C_33)
[2014.07.06-20.02.54:487][ 53]LogBlueprintUserMessages:Warning: SetTimer passed a bad function () or object (DiscoLight_1_C_34)
[2014.07.06-20.02.54:488][ 53]LogBlueprintUserMessages:Warning: SetTimer passed a bad function () or object (DiscoLight_1_C_35)
[2014.07.06-20.02.54:488][ 53]LogBlueprintUserMessages:Warning: SetTimer passed a bad function () or object (DiscoLight_1_C_36)
[2014.07.06-20.02.54:488][ 53]LogBlueprintUserMessages:Warning: SetTimer passed a bad function () or object (DiscoLight_1_C_37)
[2014.07.06-20.02.54:489][ 53]LogBlueprintUserMessages:Warning: SetTimer passed a bad function () or object (DiscoLight_1_C_38)
[2014.07.06-20.02.54:489][ 53]LogBlueprintUserMessages:Warning: SetTimer passed a bad function () or object (DiscoLight_1_C_39)
[2014.07.06-20.02.54:490][ 53]LogBlueprintUserMessages:Warning: SetTimer passed a bad function () or object (DiscoLight_1_C_40)
[2014.07.06-20.02.54:490][ 53]LogBlueprintUserMessages:Warning: SetTimer passed a bad function () or object (DiscoLight_1_C_41)
[2014.07.06-20.02.54:497][ 53]LogWorld:Warning: *** WARNING - PATHS MAY NOT BE VALID ***
[2014.07.06-20.02.54:497][ 53]LogWorld: Bringing World /Game/Maps/UEDPIE_0_waagenbau.waagenbau up for play (max tick rate 0) at 2014.07.06-22.02.54
[2014.07.06-20.02.54:501][ 53]LogWorld: Bringing up level for play took: 0.107082
[2014.07.06-20.02.54:502][ 53]LogPlayerController: Spawned spectator SpectatorPawn_1 [server:1]
[2014.07.06-20.02.54:502][ 53]LogGameMode: RestartPlayer 257
[2014.07.06-20.02.54:503][ 53]LogPlayerController: ClientRestart_Implementation MyCharacter_C_1
[2014.07.06-20.02.54:503][ 53]LogPlayerController: ServerAcknowledgePossession_Implementation MyCharacter_C_1
[2014.07.06-20.02.54:512][ 53]PIE: Info Play in editor start time for /Game/Maps/UEDPIE_0_waagenbau 0.791
[2014.07.06-20.02.56:512][157]LogRenderer:Warning: Reallocating scene render targets to support 1920x976.
[2014.07.06-20.04.03:382][303]LogParticles: Destroying 0 GPU particle simulations for FXSystem 0x0000000015D38220
[2014.07.06-20.08.34:856][939]LogEpicStorage:Warning: ReadFile request failed. File request already pending for filename=http://cdn.unrealengine.com/newsfeed/blueprint_icon_b.png
[2014.07.06-20.08.34:857][939]LogEpicStorage:Warning: ReadFile request failed. File request already pending for filename=http://cdn.unrealengine.com/newsfeed/blueprint_icon_b.png
[2014.07.06-20.23.34:948][450]LogEpicStorage:Warning: ReadFile request failed. File request already pending for filename=http://cdn.unrealengine.com/newsfeed/blueprint_icon_b.png
[2014.07.06-20.23.34:948][450]LogEpicStorage:Warning: ReadFile request failed. File request already pending for filename=http://cdn.unrealengine.com/newsfeed/blueprint_icon_b.png
[2014.07.06-20.31.12:995][705]Cmd: QUIT_EDITOR
[2014.07.06-20.31.13:063][705]LogWindowsTextInputMethodSystem:Error: Terminating failed while unadvising the language notification sink from the TSF source.
[2014.07.06-20.31.13:065][705]LogExit: Preparing to exit.
[2014.07.06-20.31.13:633][705]LogExit: Editor shut down
[2014.07.06-20.31.13:633][705]LogExit: Transaction tracking system shut down
[2014.07.06-20.31.13:636][705]LogParticles: Destroying 0 GPU particle simulations for FXSystem 0x000000001BC13BA0
[2014.07.06-20.31.13:664][705]LogParticles: Destroying 0 GPU particle simulations for FXSystem 0x0000000023BFBBA0
[2014.07.06-20.31.13:664][705]LogParticles: Destroying 0 GPU particle simulations for FXSystem 0x00000000267CE480
[2014.07.06-20.31.13:664][705]LogParticles: Destroying 0 GPU particle simulations for FXSystem 0x000000001A3B6AC0
[2014.07.06-20.31.13:664][705]LogParticles: Destroying 0 GPU particle simulations for FXSystem 0x000000001A3B6840
[2014.07.06-20.31.13:664][705]LogParticles: Destroying 0 GPU particle simulations for FXSystem 0x0000000011208900
[2014.07.06-20.31.13:664][705]LogExit: Object subsystem successfully closed.
[2014.07.06-20.31.13:689][705]LogModuleManager: Shutting down and abandoning module DesktopPlatform (167)
[2014.07.06-20.31.13:689][705]LogModuleManager: Shutting down and abandoning module EditorWidgets (166)
[2014.07.06-20.31.13:689][705]LogModuleManager: Shutting down and abandoning module CollectionManager (165)
[2014.07.06-20.31.13:689][705]LogModuleManager: Shutting down and abandoning module AndroidDeviceDetection (164)
[2014.07.06-20.31.13:689][705]LogModuleManager: Shutting down and abandoning module MaterialEditor (163)
[2014.07.06-20.31.13:689][705]LogModuleManager: Shutting down and abandoning module StaticMeshEditor (162)
[2014.07.06-20.31.13:689][705]LogModuleManager: Shutting down and abandoning module CrashTracker (161)
[2014.07.06-20.31.13:689][705]LogModuleManager: Shutting down and abandoning module HTTP (160)
[2014.07.06-20.31.13:689][705]LogModuleManager: Shutting down and abandoning module NewsFeed (159)
[2014.07.06-20.31.13:689][705]LogModuleManager: Shutting down and abandoning module SceneOutliner (158)
[2014.07.06-20.31.13:689][705]LogModuleManager: Shutting down and abandoning module StatsViewer (157)
[2014.07.06-20.31.13:689][705]LogModuleManager: Shutting down and abandoning module FoliageEdit (156)
[2014.07.06-20.31.13:689][705]LogModuleManager: Shutting down and abandoning module LandscapeEditor (155)
[2014.07.06-20.31.13:694][705]LogModuleManager: Shutting down and abandoning module MeshPaint (154)
[2014.07.06-20.31.13:694][705]LogModuleManager: Shutting down and abandoning module ActorPickerMode (153)
[2014.07.06-20.31.13:694][705]LogModuleManager: Shutting down and abandoning module GeometryMode (152)
[2014.07.06-20.31.13:694][705]LogModuleManager: Shutting down and abandoning module TextureAlignMode (151)
[2014.07.06-20.31.13:694][705]LogModuleManager: Shutting down and abandoning module BspMode (150)
[2014.07.06-20.31.13:694][705]LogModuleManager: Shutting down and abandoning module PlacementMode (149)
[2014.07.06-20.31.13:695][705]LogModuleManager: Shutting down and abandoning module AutomationWorker (148)
[2014.07.06-20.31.13:695][705]LogModuleManager: Shutting down and abandoning module ViewportSnapping (147)
[2014.07.06-20.31.13:695][705]LogModuleManager: Shutting down and abandoning module DeviceProfileEditor (146)
[2014.07.06-20.31.13:695][705]LogModuleManager: Shutting down and abandoning module UndoHistory (145)
[2014.07.06-20.31.13:695][705]LogModuleManager: Shutting down and abandoning module GameplayTagsEditor (144)
[2014.07.06-20.31.13:695][705]LogModuleManager: Shutting down and abandoning module UserFeedback (143)
[2014.07.06-20.31.13:695][705]LogModuleManager: Shutting down and abandoning module XmlParser (142)
[2014.07.06-20.31.13:695][705]LogModuleManager: Shutting down and abandoning module Blutility (141)
[2014.07.06-20.31.13:695][705]LogModuleManager: Shutting down and abandoning module AndroidPlatformEditor (138)
[2014.07.06-20.31.13:695][705]LogModuleManager: Shutting down and abandoning module AndroidRuntimeSettings (137)
[2014.07.06-20.31.13:695][705]LogModuleManager: Shutting down and abandoning module ProjectSettingsViewer (136)
[2014.07.06-20.31.13:695][705]LogModuleManager: Shutting down and abandoning module InputBindingEditor (135)
[2014.07.06-20.31.13:695][705]LogModuleManager: Shutting down and abandoning module EditorSettingsViewer (134)
[2014.07.06-20.31.13:695][705]LogModuleManager: Shutting down and abandoning module SettingsEditor (133)
[2014.07.06-20.31.13:695][705]LogModuleManager: Shutting down and abandoning module SessionLauncher (132)
[2014.07.06-20.31.13:695][705]LogModuleManager: Shutting down and abandoning module SessionFrontend (131)
[2014.07.06-20.31.13:695][705]LogModuleManager: Shutting down and abandoning module ProfilerClient (130)
[2014.07.06-20.31.13:695][705]LogModuleManager: Shutting down and abandoning module TargetDeviceServices (129)
[2014.07.06-20.31.13:695][705]LogModuleManager: Shutting down and abandoning module DeviceManager (128)
[2014.07.06-20.31.13:695][705]LogModuleManager: Shutting down and abandoning module AutomationController (127)
[2014.07.06-20.31.13:695][705]LogModuleManager: Shutting down and abandoning module AutomationWindow (126)
[2014.07.06-20.31.13:695][705]LogModuleManager: Shutting down and abandoning module Layers (125)
[2014.07.06-20.31.13:695][705]LogModuleManager: Shutting down and abandoning module ComponentVisualizers (124)
[2014.07.06-20.31.13:695][705]LogModuleManager: Shutting down and abandoning module DetailCustomizations (123)
[2014.07.06-20.31.13:695][705]LogModuleManager: Shutting down and abandoning module PackagesDialog (122)
[2014.07.06-20.31.13:695][705]LogModuleManager: Shutting down and abandoning module DirectoryWatcher (121)
[2014.07.06-20.31.13:695][705]LogModuleManager: Shutting down and abandoning module AssetRegistry (120)
[2014.07.06-20.31.13:771][705]LogModuleManager: Shutting down and abandoning module Persona (119)
[2014.07.06-20.31.13:771][705]LogModuleManager: Shutting down and abandoning module GraphEditor (118)
[2014.07.06-20.31.13:771][705]LogModuleManager: Shutting down and abandoning module ContentBrowser (117)
[2014.07.06-20.31.13:771][705]LogModuleManager: Shutting down and abandoning module ClassViewer (116)
[2014.07.06-20.31.13:771][705]LogModuleManager: Shutting down and abandoning module Toolbox (115)
[2014.07.06-20.31.13:771][705]LogModuleManager: Shutting down and abandoning module ModuleUI (114)
[2014.07.06-20.31.13:771][705]LogModuleManager: Shutting down and abandoning module Sequencer (113)
[2014.07.06-20.31.13:772][705]LogModuleManager: Shutting down and abandoning module MovieSceneTools (112)
[2014.07.06-20.31.13:772][705]LogModuleManager: Shutting down and abandoning module OutputLog (111)
[2014.07.06-20.31.13:772][705]LogModuleManager: Shutting down and abandoning module GammaUI (110)
[2014.07.06-20.31.13:772][705]LogModuleManager: Shutting down and abandoning module Documentation (109)
[2014.07.06-20.31.13:772][705]LogModuleManager: Shutting down and abandoning module StreamingPauseRendering (108)
[2014.07.06-20.31.13:772][705]LogModuleManager: Shutting down and abandoning module AnalyticsET (107)
[2014.07.06-20.31.13:772][705]LogModuleManager: Shutting down and abandoning module Analytics (106)
[2014.07.06-20.31.13:772][705]LogModuleManager: Shutting down and abandoning module ProfilerService (105)
[2014.07.06-20.31.13:939][705]LogModuleManager: Shutting down and abandoning module TaskGraph (104)
[2014.07.06-20.31.13:939][705]LogModuleManager: Shutting down and abandoning module GameProjectGeneration (103)
[2014.07.06-20.31.13:939][705]LogModuleManager: Shutting down and abandoning module Matinee (102)
[2014.07.06-20.31.13:939][705]LogModuleManager: Shutting down and abandoning module Kismet (101)
[2014.07.06-20.31.13:939][705]LogModuleManager: Shutting down and abandoning module SlateReflector (100)
[2014.07.06-20.31.13:939][705]LogModuleManager: Shutting down and abandoning module LevelEditor (99)
[2014.07.06-20.31.13:941][705]LogModuleManager: Shutting down and abandoning module MainFrame (98)
[2014.07.06-20.31.13:941][705]LogModuleManager: Shutting down and abandoning module SourceControl (97)
[2014.07.06-20.31.13:941][705]LogModuleManager: Shutting down and abandoning module ImageWrapper (96)
[2014.07.06-20.31.13:941][705]LogModuleManager: Shutting down and abandoning module OnlineBlueprintSupport (95)
[2014.07.06-20.31.13:941][705]LogModuleManager: Shutting down and abandoning module PropertyEditor (94)
[2014.07.06-20.31.13:941][705]LogModuleManager: Shutting down and abandoning module AssetTools (93)
[2014.07.06-20.31.13:941][705]LogModuleManager: Shutting down and abandoning module BehaviorTreeEditor (92)
[2014.07.06-20.31.13:942][705]LogModuleManager: Shutting down and abandoning module FunctionalTesting (91)
[2014.07.06-20.31.13:942][705]LogModuleManager: Shutting down and abandoning module CollisionAnalyzer (90)
[2014.07.06-20.31.13:942][705]LogModuleManager: Shutting down and abandoning module WorkspaceMenuStructure (89)
[2014.07.06-20.31.13:942][705]LogModuleManager: Shutting down and abandoning module MessageLog (88)
[2014.07.06-20.31.13:942][705]LogModuleManager: Shutting down and abandoning module Slate (87)
[2014.07.06-20.31.13:942][705]LogModuleManager: Shutting down and abandoning module EditorStyle (86)
[2014.07.06-20.31.13:945][705]LogModuleManager: Shutting down and abandoning module SessionServices (85)
[2014.07.06-20.31.13:945][705]LogModuleManager: Shutting down and abandoning module Messaging (84)
[2014.07.06-20.31.13:945][705]LogModuleManager: Shutting down and abandoning module SourceCodeAccess (83)
[2014.07.06-20.31.13:945][705]LogModuleManager: Shutting down and abandoning module HeadMountedDisplay (82)
[2014.07.06-20.31.13:945][705]LogModuleManager: Shutting down and abandoning module XAudio2 (81)
[2014.07.06-20.31.13:945][705]LogModuleManager: Shutting down and abandoning module Networking (79)
[2014.07.06-20.31.13:945][705]LogModuleManager: Shutting down and abandoning module Core (78)
[2014.07.06-20.31.13:945][705]LogModuleManager: Shutting down and abandoning module KismetCompiler (77)
[2014.07.06-20.31.13:945][705]LogModuleManager: Shutting down and abandoning module PhysXFormats (76)
[2014.07.06-20.31.13:945][705]LogModuleManager: Shutting down and abandoning module SimplygonMeshReduction (75)
[2014.07.06-20.31.13:945][705]LogModuleManager: Shutting down and abandoning module MeshUtilities (74)
[2014.07.06-20.31.13:945][705]LogModuleManager: Shutting down and abandoning module DerivedDataCache (73)
[2014.07.06-20.31.14:004][705]LogDerivedDataCache: Shutdown
[2014.07.06-20.31.14:004][705]LogModuleManager: Shutting down and abandoning module ShaderFormatOpenGL (72)
[2014.07.06-20.31.14:004][705]LogModuleManager: Shutting down and abandoning module ShaderFormatD3D (71)
[2014.07.06-20.31.14:004][705]LogModuleManager: Shutting down and abandoning module TextureFormatUncompressed (70)
[2014.07.06-20.31.14:004][705]LogModuleManager: Shutting down and abandoning module TextureFormatPVR (69)
[2014.07.06-20.31.14:004][705]LogModuleManager: Shutting down and abandoning module TextureFormatDXT (68)
[2014.07.06-20.31.14:004][705]LogModuleManager: Shutting down and abandoning module TextureFormatAndroid (67)
[2014.07.06-20.31.14:004][705]LogModuleManager: Shutting down and abandoning module AudioFormatOpus (66)
[2014.07.06-20.31.14:004][705]LogModuleManager: Shutting down and abandoning module AudioFormatOgg (65)
[2014.07.06-20.31.14:004][705]LogModuleManager: Shutting down and abandoning module AudioFormatADPCM (64)
[2014.07.06-20.31.14:004][705]LogModuleManager: Shutting down and abandoning module Android_PVRTCTargetPlatform (63)
[2014.07.06-20.31.14:004][705]LogModuleManager: Shutting down and abandoning module Android_ETC2TargetPlatform (62)
[2014.07.06-20.31.14:004][705]LogModuleManager: Shutting down and abandoning module Android_ETC1TargetPlatform (61)
[2014.07.06-20.31.14:004][705]LogModuleManager: Shutting down and abandoning module Android_DXTTargetPlatform (60)
[2014.07.06-20.31.14:004][705]LogModuleManager: Shutting down and abandoning module Android_ATCTargetPlatform (59)
[2014.07.06-20.31.14:004][705]LogModuleManager: Shutting down and abandoning module AndroidTargetPlatform (58)
[2014.07.06-20.31.14:004][705]LogModuleManager: Shutting down and abandoning module WindowsTargetPlatform (57)
[2014.07.06-20.31.14:004][705]LogModuleManager: Shutting down and abandoning module WindowsServerTargetPlatform (56)
[2014.07.06-20.31.14:004][705]LogModuleManager: Shutting down and abandoning module WindowsNoEditorTargetPlatform (55)
[2014.07.06-20.31.14:004][705]LogModuleManager: Shutting down and abandoning module WindowsClientTargetPlatform (54)
[2014.07.06-20.31.14:004][705]LogModuleManager: Shutting down and abandoning module TargetPlatform (53)
[2014.07.06-20.31.14:004][705]LogModuleManager: Shutting down and abandoning module InputCore (52)
[2014.07.06-20.31.14:004][705]LogModuleManager: Shutting down and abandoning module Settings (51)
[2014.07.06-20.31.14:005][705]LogModuleManager: Shutting down and abandoning module TextureCompressor (48)
[2014.07.06-20.31.14:005][705]LogModuleManager: Shutting down and abandoning module ShaderCore (47)
[2014.07.06-20.31.14:005][705]LogModuleManager: Shutting down and abandoning module OpenGLDrv (46)
[2014.07.06-20.31.14:005][705]LogModuleManager: Shutting down and abandoning module D3D11RHI (45)
[2014.07.06-20.31.14:005][705]LogModuleManager: Shutting down and abandoning module SlateRHIRenderer (44)
[2014.07.06-20.31.14:005][705]LogModuleManager: Shutting down and abandoning module Renderer (43)
[2014.07.06-20.31.14:005][705]LogModuleManager: Shutting down and abandoning module Engine (42)
[2014.07.06-20.31.14:005][705]LogModuleManager: Shutting down and abandoning module SlateRemote (41)
[2014.07.06-20.31.14:005][705]LogModuleManager: Shutting down and abandoning module ScriptPlugin (40)
[2014.07.06-20.31.14:005][705]LogModuleManager: Shutting down and abandoning module ScriptEditorPlugin (38)
[2014.07.06-20.31.14:005][705]LogModuleManager: Shutting down and abandoning module WindowsMoviePlayer (37)
[2014.07.06-20.31.14:010][705]LogModuleManager: Shutting down and abandoning module ExampleDeviceProfileSelector (32)
[2014.07.06-20.31.14:011][705]LogModuleManager: Shutting down and abandoning module CustomMeshComponent (31)
[2014.07.06-20.31.14:011][705]LogModuleManager: Shutting down and abandoning module CableComponent (30)
[2014.07.06-20.31.14:011][705]LogModuleManager: Shutting down and abandoning module OculusRift (26)
[2014.07.06-20.31.14:011][705]LogModuleManager: Shutting down and abandoning module UdpMessaging (25)
[2014.07.06-20.31.14:111][705]LogModuleManager: Shutting down and abandoning module MessagingDebugger (24)
[2014.07.06-20.31.14:111][705]LogModuleManager: Shutting down and abandoning module PluginsEditor (14)
[2014.07.06-20.31.14:111][705]LogModuleManager: Shutting down and abandoning module IntroTutorials (13)
[2014.07.06-20.31.14:111][705]LogModuleManager: Shutting down and abandoning module EpicSurvey (12)
[2014.07.06-20.31.14:111][705]LogModuleManager: Shutting down and abandoning module VisualStudioSourceCodeAccess (10)
[2014.07.06-20.31.14:111][705]LogModuleManager: Shutting down and abandoning module UObjectPlugin (9)
[2014.07.06-20.31.14:111][705]LogModuleManager: Shutting down and abandoning module SubversionSourceControl (8)
[2014.07.06-20.31.14:111][705]LogModuleManager: Shutting down and abandoning module PerforceSourceControl (7)
[2014.07.06-20.31.14:111][705]LogModuleManager: Shutting down and abandoning module BlankPlugin (6)
[2014.07.06-20.31.14:111][705]LogModuleManager: Shutting down and abandoning module CoreUObject (5)
[2014.07.06-20.31.14:111][705]LogModuleManager: Shutting down and abandoning module NetworkFile (4)
[2014.07.06-20.31.14:111][705]LogModuleManager: Shutting down and abandoning module StreamingFile (3)
[2014.07.06-20.31.14:111][705]LogModuleManager: Shutting down and abandoning module SandboxFile (2)
[2014.07.06-20.31.14:111][705]LogModuleManager: Shutting down and abandoning module PakFile (1)
[2014.07.06-20.31.14:112][705]LogExit: Exiting.
[2014.07.06-20.31.14:143][705]Log file closed, 07/06/14 22:31:14
