Log file open, 07/05/14 05:48:25
LogInit:Display: Running engine for game: MyProject3
LogInit: Version: 4.2.1-2101290+++depot+UE4-Releases+4.2
LogInit: Compiled (64-bit): Jun 10 2014 22:21:56
LogInit: Build Configuration: Development
LogInit: Branch Name: ++depot+UE4-Releases+4.2
LogInit: Command line:  
LogInit: Base directory: E:/Unreal Engine/4.2/Engine/Binaries/Win64/
LogInit: Rocket: 1
[2014.07.05-03.48.25:535][  0]LogTaskGraph: Started task graph with 3 named threads and 6 total threads.
[2014.07.05-03.48.25:580][  0]LogOnline:Warning: No default platform service specified for OnlineSubsystem
[2014.07.05-03.48.25:587][  0]LogInit: Presizing for 0 objects not considered by GC, pre-allocating 0 bytes.
[2014.07.05-03.48.25:593][  0]LogInit: Object subsystem initialized
[2014.07.05-03.48.25:594][  0]LogInit: Selected Device Profile: [Windows]
[2014.07.05-03.48.25:594][  0]LogInit: Applying CVar settings loaded from the selected device profile: [Windows]
[2014.07.05-03.48.25:597][  0]LogInit: Computer: SPAEHLING-PC
[2014.07.05-03.48.25:597][  0]LogInit: User: Spaehling
[2014.07.05-03.48.25:598][  0]LogInit: CPU Page size=4096, Cores=6
[2014.07.05-03.48.25:598][  0]LogInit: High frequency timer resolution =3.126962 MHz
[2014.07.05-03.48.25:598][  0]LogMemory: Memory total: Physical=64.0GB (64GB approx) Virtual=8192.0GB
[2014.07.05-03.48.25:598][  0]LogMemory: Platform Memory Stats for Windows
[2014.07.05-03.48.25:598][  0]LogMemory: Process Physical Memory: 60.52 MB used, 60.52 MB peak
[2014.07.05-03.48.25:598][  0]LogMemory: Process Virtual Memory: 36.67 MB used, 36.83 MB peak
[2014.07.05-03.48.25:598][  0]LogMemory: Physical Memory: 7095.47 MB used, 65486.15 MB total
[2014.07.05-03.48.25:598][  0]LogMemory: Virtual Memory: 244.71 MB used, 8388608.00 MB total
[2014.07.05-03.48.25:644][  0]LogD3D11RHI: Found D3D11 adapter 0: NVIDIA GeForce GTX 690 (Feature Level 11_0)
[2014.07.05-03.48.25:644][  0]LogD3D11RHI: Adapter has 1990MB of dedicated video memory, 0MB of dedicated system memory, and 2048MB of shared system memory, 1 output[s]
[2014.07.05-03.48.25:667][  0]LogD3D11RHI: Found D3D11 adapter 1: NVIDIA GeForce GTX 690 (Feature Level 11_0)
[2014.07.05-03.48.25:667][  0]LogD3D11RHI: Adapter has 1990MB of dedicated video memory, 0MB of dedicated system memory, and 2048MB of shared system memory, 1 output[s]
[2014.07.05-03.48.25:667][  0]LogD3D11RHI: Chosen D3D11 Adapter Id = 0
[2014.07.05-03.48.25:672][  0]LogRHI: Texture pool is 1361 MB (70% of 1945 MB)
[2014.07.05-03.48.25:681][  0]LogD3D11RHI: Async texture creation enabled
[2014.07.05-03.48.25:730][  0]LogTextLocalizationManager:Warning: The selected culture 'de_DE' is not available; falling back to 'en'
[2014.07.05-03.48.25:778][  0]LogContentStreaming: Texture pool size is 0.000000MB
[2014.07.05-03.48.26:524][  0]LogTargetPlatformManager:Display: Building Assets For Windows
[2014.07.05-03.48.26:598][  0]LogTargetPlatformManager:Display: Building Assets For Windows
[2014.07.05-03.48.26:625][  0]LogDerivedDataCache:Display: Max Cache Size: 512 MB
[2014.07.05-03.48.26:659][  0]LogDerivedDataCache: Loaded boot cache 0.03s 39MB C:/Users/Spaehling/AppData/Local/UnrealEngine/4.2/DerivedDataCache/Boot.ddc.
[2014.07.05-03.48.26:659][  0]LogDerivedDataCache:Display: Loaded Boot cache: C:/Users/Spaehling/AppData/Local/UnrealEngine/4.2/DerivedDataCache/Boot.ddc
[2014.07.05-03.48.26:659][  0]LogDerivedDataCache: FDerivedDataBackendGraph:  Pak pak cache file D:/UDK4 Projects/MyProject3/DerivedDataCache/DDC.ddp not found, will not use a pak cache.
[2014.07.05-03.48.26:659][  0]LogDerivedDataCache: Unable to find inner node Pak for hierarchical cache Hierarchy.
[2014.07.05-03.48.26:670][  0]LogDerivedDataCache:Display: Pak cache opened for reading ../../../Engine/DerivedDataCache/DDC.ddp.
[2014.07.05-03.48.26:681][  0]LogDerivedDataCache: Using Local data cache path C:/Users/Spaehling/AppData/Local/UnrealEngine/4.2/DerivedDataCache: Writable
[2014.07.05-03.48.26:825][  0]LogMeshUtilities: No automatic mesh reduction module available
[2014.07.05-03.48.26:825][  0]LogMeshUtilities: No automatic mesh merging module available
[2014.07.05-03.48.27:104][  0]LogInit: WinSock: version 1.1 (2.2), MaxSocks=32767, MaxUdp=65467
[2014.07.05-03.48.27:403][  0]LogStreaming:Warning: Failed to read file '../../../Engine/Content/Editor/Slate/Icons/ActorIcons/GroupActor_16x.png' error.
[2014.07.05-03.48.27:403][  0]LogSlate: Could not find file for Slate resource: ../../../Engine/Content/Editor/Slate/Icons/ActorIcons/GroupActor_16x.png
[2014.07.05-03.48.27:407][  0]LogStreaming:Warning: Failed to read file '../../../Engine/Content/Editor/Slate/Icons/ActorIcons/DecalActor_16x.png' error.
[2014.07.05-03.48.27:408][  0]LogSlate: Could not find file for Slate resource: ../../../Engine/Content/Editor/Slate/Icons/ActorIcons/DecalActor_16x.png
[2014.07.05-03.48.27:642][  0]UdpMessaging: Initializing bridge on interface 0.0.0.0:0 to multicast group 230.0.0.1:6666.
[2014.07.05-03.48.27:730][  0]SourceControl: Info Source control is disabled
[2014.07.05-03.48.27:730][  0]SourceControl: Info Source control is disabled
[2014.07.05-03.48.27:735][  0]SourceControl: Info Source control is disabled
[2014.07.05-03.48.27:805][  0]BlueprintLog: New page: Editor Load
[2014.07.05-03.48.27:837][  0]LogObj: 19203 objects as part of root set at end of initial load.
[2014.07.05-03.48.27:837][  0]LogUObjectAllocator: 3820576 out of 0 bytes used by permanent object pool.
[2014.07.05-03.48.28:158][  0]LogEngine: Initializing Engine...
[2014.07.05-03.48.28:261][  0]LogInit: XAudio2 using 'Lautsprecher (Corsair Vengeance 2000 Headset)' : 8 channels at 44.1 kHz using 16 bits per sample (channel mask 0x63f)
[2014.07.05-03.48.28:269][  0]LogInit: FAudioDevice initialized.
[2014.07.05-03.48.28:289][  0]LogDerivedDataCache: Saved boot cache 0.02s 39MB C:/Users/Spaehling/AppData/Local/UnrealEngine/4.2/DerivedDataCache/Boot.ddc.
[2014.07.05-03.48.28:294][  0]LogInit: Texture streaming: Enabled
[2014.07.05-03.48.28:316][  0]LogInit: Transaction tracking system initialized
[2014.07.05-03.48.28:392][  0]LogAssetRegistry: FAssetRegistry took 0.0096 seconds to start up
[2014.07.05-03.48.28:504][  0]LogModuleManager:Warning: ModuleManager: Unable to load module '' because the file was not found.
[2014.07.05-03.48.28:508][  0]LogModuleManager:Warning: ModuleManager: Unable to load module '' because the file was not found.
[2014.07.05-03.48.28:544][  0]LogConsoleResponse:Display: 
[2014.07.05-03.48.28:708][  0]SourceControl: Info Source control is disabled
[2014.07.05-03.48.28:708][  0]Cmd: MAP LOAD FILE="D:/UDK4 Projects/MyProject3/Content/Maps/waagenbau.umap" TEMPLATE=0 SHOWPROGRESS=1 WORLDCOMPOSITION=0
[2014.07.05-03.48.28:709][  0]LightingResults: New page: Lighting Build
[2014.07.05-03.48.28:714][  0]MapCheck: New page: Map Check
[2014.07.05-03.48.28:714][  0]LightingResults: New page: Lighting Build
[2014.07.05-03.48.28:719][  0]LogParticles: Destroying 0 GPU particle simulations for FXSystem 0x00000000123C6A20
[2014.07.05-03.48.29:675][  0]LogBlueprint:Warning: Node '/Game/Blueprints/Assets/Cigarettes.cigarettes:UserConstructionScript.K2Node_VariableGet_424' missing NodeGuid.
[2014.07.05-03.48.29:999][  0]LogBlueprintUserMessages:Warning: SetTimer passed a bad function () or object (DiscoLight_1_C_0)
[2014.07.05-03.48.30:000][  0]LogBlueprintUserMessages:Warning: SetTimer passed a bad function () or object (DiscoLight_1_C_1)
[2014.07.05-03.48.30:001][  0]LogBlueprintUserMessages:Warning: SetTimer passed a bad function () or object (DiscoLight_1_C_2)
[2014.07.05-03.48.30:001][  0]LogBlueprintUserMessages:Warning: SetTimer passed a bad function () or object (DiscoLight_1_C_3)
[2014.07.05-03.48.30:002][  0]LogBlueprintUserMessages:Warning: SetTimer passed a bad function () or object (DiscoLight_1_C_4)
[2014.07.05-03.48.30:003][  0]LogBlueprintUserMessages:Warning: SetTimer passed a bad function () or object (DiscoLight_1_C_5)
[2014.07.05-03.48.30:003][  0]LogBlueprintUserMessages:Warning: SetTimer passed a bad function () or object (DiscoLight_1_C_6)
[2014.07.05-03.48.30:004][  0]LogBlueprintUserMessages:Warning: SetTimer passed a bad function () or object (DiscoLight_1_C_7)
[2014.07.05-03.48.30:005][  0]LogBlueprintUserMessages:Warning: SetTimer passed a bad function () or object (DiscoLight_1_C_8)
[2014.07.05-03.48.30:005][  0]LogBlueprintUserMessages:Warning: SetTimer passed a bad function () or object (DiscoLight_1_C_9)
[2014.07.05-03.48.30:006][  0]LogBlueprintUserMessages:Warning: SetTimer passed a bad function () or object (DiscoLight_1_C_10)
[2014.07.05-03.48.30:006][  0]LogBlueprintUserMessages:Warning: SetTimer passed a bad function () or object (DiscoLight_1_C_11)
[2014.07.05-03.48.30:007][  0]LogBlueprintUserMessages:Warning: SetTimer passed a bad function () or object (DiscoLight_1_C_12)
[2014.07.05-03.48.30:008][  0]LogBlueprintUserMessages:Warning: SetTimer passed a bad function () or object (DiscoLight_1_C_13)
[2014.07.05-03.48.30:008][  0]LogBlueprintUserMessages:Warning: SetTimer passed a bad function () or object (DiscoLight_1_C_14)
[2014.07.05-03.48.30:009][  0]LogBlueprintUserMessages:Warning: SetTimer passed a bad function () or object (DiscoLight_1_C_15)
[2014.07.05-03.48.30:009][  0]LogBlueprintUserMessages:Warning: SetTimer passed a bad function () or object (DiscoLight_1_C_16)
[2014.07.05-03.48.30:010][  0]LogBlueprintUserMessages:Warning: SetTimer passed a bad function () or object (DiscoLight_1_C_17)
[2014.07.05-03.48.30:010][  0]LogBlueprintUserMessages:Warning: SetTimer passed a bad function () or object (DiscoLight_1_C_18)
[2014.07.05-03.48.30:011][  0]LogBlueprintUserMessages:Warning: SetTimer passed a bad function () or object (DiscoLight_1_C_19)
[2014.07.05-03.48.30:012][  0]LogBlueprintUserMessages:Warning: SetTimer passed a bad function () or object (DiscoLight_1_C_20)
[2014.07.05-03.48.30:021][  0]LogEditorServer: Finished looking for orphan Actors (0.000 secs)
[2014.07.05-03.48.30:022][  0]Cmd: MAP CHECKDEP
[2014.07.05-03.48.30:022][  0]MapCheck: New page: waagenbau - Jul 5, 2014, 7:48:30 AM
[2014.07.05-03.48.30:080][  0]MapCheck: Info ========== Map Check: 0 Error(s), 0 Warning(s), [58.462ms] ==========
[2014.07.05-03.48.30:080][  0]LogFileHelpers: Loading map 'waagenbau' took 1.372
[2014.07.05-03.48.30:276][  0]LogCrashTracker: Crashtracker disabled due to settings.
[2014.07.05-03.48.30:276][  0]Cmd: MODE PLACEMENT
[2014.07.05-03.48.30:327][  0]LogLoad: Full Startup: 5.37 seconds (BP compile: 0.29 seconds)
[2014.07.05-03.48.30:414][  0]LogRenderer:Warning: Reallocating scene render targets to support 32x32.
[2014.07.05-03.48.30:489][  0]LogRenderer:Warning: Reallocating scene render targets to support 1120x856.
[2014.07.05-03.48.30:653][  1]LogEpicStorage:Warning: EnumerateFiles request failed. Invalid response. code=403 error=<?xml version="1.0" encoding="UTF-8"?>
<Error><Code>AccessDenied</Code><Message>Access Denied</Message><RequestId>DEF09982DA443CCC</RequestId><HostId>acdYWYSqN4TWZgkrNwMb0Fy4MfjP3qvxLWZFydWnR6HnDoRn2QlmMOAI4sYTy5ho</HostId></Error>
[2014.07.05-03.48.30:710][  1]LogAssetRegistry: Asset discovery search completed in 2.3284 seconds
[2014.07.05-03.48.30:776][  2]LogEpicSurvey:Warning: EnumerateFiles request failed. Invalid response. code=403 error=<?xml version="1.0" encoding="UTF-8"?>
<Error><Code>AccessDenied</Code><Message>Access Denied</Message><RequestId>B984E03EAE7C557E</RequestId><HostId>gpPE9GOmxfV46+mGGEnd5OVSkGepvVyalJCXwgLZEai665zbnjXL6eirxF9nImcp</HostId></Error>
[2014.07.05-03.48.30:831][  3]LogEpicStorage:Warning: EnumerateFiles request failed. Invalid response. code=403 error=<?xml version="1.0" encoding="UTF-8"?>
<Error><Code>AccessDenied</Code><Message>Access Denied</Message><RequestId>DEF09982DA443CCC</RequestId><HostId>acdYWYSqN4TWZgkrNwMb0Fy4MfjP3qvxLWZFydWnR6HnDoRn2QlmMOAI4sYTy5ho</HostId></Error>
[2014.07.05-03.48.30:865][  4]LogEpicSurvey:Warning: EnumerateFiles request failed. Invalid response. code=403 error=<?xml version="1.0" encoding="UTF-8"?>
<Error><Code>AccessDenied</Code><Message>Access Denied</Message><RequestId>B984E03EAE7C557E</RequestId><HostId>gpPE9GOmxfV46+mGGEnd5OVSkGepvVyalJCXwgLZEai665zbnjXL6eirxF9nImcp</HostId></Error>
[2014.07.05-03.48.30:930][  6]LogEpicSurvey:Warning: EnumerateFiles request failed. Invalid response. code=403 error=<?xml version="1.0" encoding="UTF-8"?>
<Error><Code>AccessDenied</Code><Message>Access Denied</Message><RequestId>3187CF056373D425</RequestId><HostId>WFzQ0ZpOLVhYv94irs0HGSsCksvhLBZR7uX/b2+Io7nJvut8rRT+hzosIc6d9bFL</HostId></Error>
[2014.07.05-03.48.30:971][  8]LogEpicStorage:Warning: ReadFile request failed. File request already pending for filename=http://cdn.unrealengine.com/newsfeed/blueprint_icon_b.png
[2014.07.05-03.48.30:973][  8]LogEpicStorage:Warning: ReadFile request failed. File request already pending for filename=http://cdn.unrealengine.com/newsfeed/blueprint_icon_b.png
[2014.07.05-03.48.33:492][186]LogPlayLevel: PIE:  No blueprints needed recompiling
[2014.07.05-03.48.33:492][186]PIE: New page: PIE session: waagenbau (Jul 5, 2014, 7:48:33 AM)
[2014.07.05-03.48.33:536][186]LogPlayLevel: PIE: StaticDuplicateObject took: (0.043739s)
[2014.07.05-03.48.33:537][186]LogPlayLevel: PIE: World Init took: (0.000672s)
[2014.07.05-03.48.33:537][186]LogPlayLevel: PIE: Created PIE world by copying editor world from /Game/Maps/waagenbau.waagenbau to /Game/Maps/UEDPIE_0_waagenbau.waagenbau (0.044790s)
[2014.07.05-03.48.33:571][186]LogBlueprint:Warning: [compiler] Warning InputAction Event references unknown Action 'Action' for  InputAction Action 
[2014.07.05-03.48.33:574][186]LogBlueprint:Warning: [compiler] Warning [0008.61] Compile of MyCharacter successful, but with 1 Warning(s) [in 5 ms]
[2014.07.05-03.48.33:582][186]LogBlueprint:Warning: [compiler] Warning InputAction Event references unknown Action 'Action' for  InputAction Action 
[2014.07.05-03.48.33:585][186]LogBlueprint:Warning: [compiler] Warning [0008.62] Compile of MyCharacter successful, but with 1 Warning(s) [in 5 ms]
[2014.07.05-03.48.33:605][186]LogWorld: Game class is 'MyGame_C'
[2014.07.05-03.48.33:704][186]LogBlueprintUserMessages:Warning: SetTimer passed a bad function () or object (DiscoLight_1_C_0)
[2014.07.05-03.48.33:704][186]LogBlueprintUserMessages:Warning: SetTimer passed a bad function () or object (DiscoLight_1_C_1)
[2014.07.05-03.48.33:705][186]LogBlueprintUserMessages:Warning: SetTimer passed a bad function () or object (DiscoLight_1_C_2)
[2014.07.05-03.48.33:705][186]LogBlueprintUserMessages:Warning: SetTimer passed a bad function () or object (DiscoLight_1_C_3)
[2014.07.05-03.48.33:706][186]LogBlueprintUserMessages:Warning: SetTimer passed a bad function () or object (DiscoLight_1_C_4)
[2014.07.05-03.48.33:706][186]LogBlueprintUserMessages:Warning: SetTimer passed a bad function () or object (DiscoLight_1_C_5)
[2014.07.05-03.48.33:706][186]LogBlueprintUserMessages:Warning: SetTimer passed a bad function () or object (DiscoLight_1_C_6)
[2014.07.05-03.48.33:707][186]LogBlueprintUserMessages:Warning: SetTimer passed a bad function () or object (DiscoLight_1_C_7)
[2014.07.05-03.48.33:707][186]LogBlueprintUserMessages:Warning: SetTimer passed a bad function () or object (DiscoLight_1_C_8)
[2014.07.05-03.48.33:708][186]LogBlueprintUserMessages:Warning: SetTimer passed a bad function () or object (DiscoLight_1_C_9)
[2014.07.05-03.48.33:708][186]LogBlueprintUserMessages:Warning: SetTimer passed a bad function () or object (DiscoLight_1_C_10)
[2014.07.05-03.48.33:709][186]LogBlueprintUserMessages:Warning: SetTimer passed a bad function () or object (DiscoLight_1_C_11)
[2014.07.05-03.48.33:709][186]LogBlueprintUserMessages:Warning: SetTimer passed a bad function () or object (DiscoLight_1_C_12)
[2014.07.05-03.48.33:710][186]LogBlueprintUserMessages:Warning: SetTimer passed a bad function () or object (DiscoLight_1_C_13)
[2014.07.05-03.48.33:710][186]LogBlueprintUserMessages:Warning: SetTimer passed a bad function () or object (DiscoLight_1_C_14)
[2014.07.05-03.48.33:710][186]LogBlueprintUserMessages:Warning: SetTimer passed a bad function () or object (DiscoLight_1_C_15)
[2014.07.05-03.48.33:711][186]LogBlueprintUserMessages:Warning: SetTimer passed a bad function () or object (DiscoLight_1_C_16)
[2014.07.05-03.48.33:711][186]LogBlueprintUserMessages:Warning: SetTimer passed a bad function () or object (DiscoLight_1_C_17)
[2014.07.05-03.48.33:712][186]LogBlueprintUserMessages:Warning: SetTimer passed a bad function () or object (DiscoLight_1_C_18)
[2014.07.05-03.48.33:712][186]LogBlueprintUserMessages:Warning: SetTimer passed a bad function () or object (DiscoLight_1_C_19)
[2014.07.05-03.48.33:713][186]LogBlueprintUserMessages:Warning: SetTimer passed a bad function () or object (DiscoLight_1_C_20)
[2014.07.05-03.48.33:791][186]LogOutputDevice: === Handled error: ===
Ensure condition failed: false [File:D:\BuildFarm\buildmachine_++depot+UE4-Releases+4.2\Engine\Source\Runtime\Engine\Private\SceneComponent.cpp] [Line: 670]
Template Mismatch during attachment. Attaching instanced component to template component. Parent 'SceneComp' Self 'Sprite'
Stack: Address = 0xea14d866 (filename not found) [in E:\Unreal Engine\4.2\Engine\Binaries\Win64\UE4Editor-Core.dll]
Address = 0xe9ff2101 (filename not found) [in E:\Unreal Engine\4.2\Engine\Binaries\Win64\UE4Editor-Core.dll]
Address = 0xe9ff2347 (filename not found) [in E:\Unreal Engine\4.2\Engine\Binaries\Win64\UE4Editor-Core.dll]
Address = 0xe7b23c04 (filename not found) [in E:\Unreal Engine\4.2\Engine\Binaries\Win64\UE4Editor-Engine.dll]
Address = 0xe76c0e36 (filename not found) [in E:\Unreal Engine\4.2\Engine\Binaries\Win64\UE4Editor-Engine.dll]
Address = 0xe79e5bd9 (filename not found) [in E:\Unreal Engine\4.2\Engine\Binaries\Win64\UE4Editor-Engine.dll]
Address = 0xe7dea45b (filename not found) [in E:\Unreal Engine\4.2\Engine\Binaries\Win64\UE4Editor-Engine.dll]
Address = 0xe7dd3d2c (filename not found) [in E:\Unreal Engine\4.2\Engine\Binaries\Win64\UE4Editor-Engine.dll]
Address = 0xe61b92ca (filename not found) [in E:\Unreal Engine\4.2\Engine\Binaries\Win64\UE4Editor-UnrealEd.dll]
Address = 0xe61d5524 (filename not found) [in E:\Unreal Engine\4.2\Engine\Binaries\Win64\UE4Editor-UnrealEd.dll]
Address = 0xe61e5a4b (filename not found) [in E:\Unreal Engine\4.2\Engine\Binaries\Win64\UE4Editor-UnrealEd.dll]
Address = 0xe5fe5265 (filename not found) [in E:\Unreal Engine\4.2\Engine\Binaries\Win64\UE4Editor-UnrealEd.dll]
Address = 0xe63a0606 (filename not found) [in E:\Unreal Engine\4.2\Engine\Binaries\Win64\UE4Editor-UnrealEd.dll]
FEngineLoop::Tick() 0x3f4c7b03 + 0 bytes [File=d:\buildfarm\buildmachine_++depot+ue4-releases+4.2\engine\source\runtime\launch\private\launchengineloop.cpp:2091] [in E:\Unreal Engine\4.2\Engine\Binaries\Win64\UE4Editor.exe]
GuardedMain() 0x3f4bd1ec + 0 bytes [File=d:\buildfarm\buildmachine_++depot+ue4-releases+4.2\engine\source\runtime\launch\private\launch.cpp:132] [in E:\Unreal Engine\4.2\Engine\Binaries\Win64\UE4Editor.exe]
GuardedMainWrapper() 0x3f4bd25a + 5 bytes [File=d:\buildfarm\buildmachine_++depot+ue4-releases+4.2\engine\source\runtime\launch\private\windows\launchwindows.cpp:125] [in E:\Unreal Engine\4.2\Engine\Binaries\Win64\UE4Editor.exe]
WinMain() 0x3f4c9119 + 17 bytes [File=d:\buildfarm\buildmachine_++depot+ue4-releases+4.2\engine\source\runtime\launch\private\windows\launchwindows.cpp:207] [in E:\Unreal Engine\4.2\Engine\Binaries\Win64\UE4Editor.exe]
__tmainCRTStartup() 0x3f4c9fa9 + 21 bytes [File=f:\dd\vctools\crt\crtw32\dllstuff\crtexe.c:618] [in E:\Unreal Engine\4.2\Engine\Binaries\Win64\UE4Editor.exe]
Address = 0x779759ed (filename not found) [in C:\Windows\system32\kernel32.dll]
Address = 0x77bac541 (filename not found) [in C:\Windows\SYSTEM32\ntdll.dll]
Address = 0x77bac541 (filename not found) [in C:\Windows\SYSTEM32\ntdll.dll]

[2014.07.05-03.48.33:952][186]LogOutputDevice: === Handled error: ===
Ensure condition failed: false [File:D:\BuildFarm\buildmachine_++depot+UE4-Releases+4.2\Engine\Source\Runtime\Engine\Private\SceneComponent.cpp] [Line: 670]
Template Mismatch during attachment. Attaching instanced component to template component. Parent 'SceneComp' Self 'Sprite'
Stack: Address = 0xea14d866 (filename not found) [in E:\Unreal Engine\4.2\Engine\Binaries\Win64\UE4Editor-Core.dll]
Address = 0xe9ff2101 (filename not found) [in E:\Unreal Engine\4.2\Engine\Binaries\Win64\UE4Editor-Core.dll]
Address = 0xe9ff2347 (filename not found) [in E:\Unreal Engine\4.2\Engine\Binaries\Win64\UE4Editor-Core.dll]
Address = 0xe7b23c04 (filename not found) [in E:\Unreal Engine\4.2\Engine\Binaries\Win64\UE4Editor-Engine.dll]
Address = 0xe76c0e36 (filename not found) [in E:\Unreal Engine\4.2\Engine\Binaries\Win64\UE4Editor-Engine.dll]
Address = 0xe79e5bd9 (filename not found) [in E:\Unreal Engine\4.2\Engine\Binaries\Win64\UE4Editor-Engine.dll]
Address = 0xe7dea45b (filename not found) [in E:\Unreal Engine\4.2\Engine\Binaries\Win64\UE4Editor-Engine.dll]
Address = 0xe7dd3d2c (filename not found) [in E:\Unreal Engine\4.2\Engine\Binaries\Win64\UE4Editor-Engine.dll]
Address = 0xe61b92ca (filename not found) [in E:\Unreal Engine\4.2\Engine\Binaries\Win64\UE4Editor-UnrealEd.dll]
Address = 0xe61d5524 (filename not found) [in E:\Unreal Engine\4.2\Engine\Binaries\Win64\UE4Editor-UnrealEd.dll]
Address = 0xe61e5a4b (filename not found) [in E:\Unreal Engine\4.2\Engine\Binaries\Win64\UE4Editor-UnrealEd.dll]
Address = 0xe5fe5265 (filename not found) [in E:\Unreal Engine\4.2\Engine\Binaries\Win64\UE4Editor-UnrealEd.dll]
Address = 0xe63a0606 (filename not found) [in E:\Unreal Engine\4.2\Engine\Binaries\Win64\UE4Editor-UnrealEd.dll]
FEngineLoop::Tick() 0x3f4c7b03 + 0 bytes [File=d:\buildfarm\buildmachine_++depot+ue4-releases+4.2\engine\source\runtime\launch\private\launchengineloop.cpp:2091] [in E:\Unreal Engine\4.2\Engine\Binaries\Win64\UE4Editor.exe]
GuardedMain() 0x3f4bd1ec + 0 bytes [File=d:\buildfarm\buildmachine_++depot+ue4-releases+4.2\engine\source\runtime\launch\private\launch.cpp:132] [in E:\Unreal Engine\4.2\Engine\Binaries\Win64\UE4Editor.exe]
GuardedMainWrapper() 0x3f4bd25a + 5 bytes [File=d:\buildfarm\buildmachine_++depot+ue4-releases+4.2\engine\source\runtime\launch\private\windows\launchwindows.cpp:125] [in E:\Unreal Engine\4.2\Engine\Binaries\Win64\UE4Editor.exe]
WinMain() 0x3f4c9119 + 17 bytes [File=d:\buildfarm\buildmachine_++depot+ue4-releases+4.2\engine\source\runtime\launch\private\windows\launchwindows.cpp:207] [in E:\Unreal Engine\4.2\Engine\Binaries\Win64\UE4Editor.exe]
__tmainCRTStartup() 0x3f4c9fa9 + 21 bytes [File=f:\dd\vctools\crt\crtw32\dllstuff\crtexe.c:618] [in E:\Unreal Engine\4.2\Engine\Binaries\Win64\UE4Editor.exe]
Address = 0x779759ed (filename not found) [in C:\Windows\system32\kernel32.dll]
Address = 0x77bac541 (filename not found) [in C:\Windows\SYSTEM32\ntdll.dll]
Address = 0x77bac541 (filename not found) [in C:\Windows\SYSTEM32\ntdll.dll]

[2014.07.05-03.48.33:957][186]LogOutputDevice: === Handled error: ===
Ensure condition failed: false [File:D:\BuildFarm\buildmachine_++depot+UE4-Releases+4.2\Engine\Source\Runtime\Engine\Private\SceneComponent.cpp] [Line: 670]
Template Mismatch during attachment. Attaching instanced component to template component. Parent 'SceneComp' Self 'Sprite'
Stack: Address = 0xea14d866 (filename not found) [in E:\Unreal Engine\4.2\Engine\Binaries\Win64\UE4Editor-Core.dll]
Address = 0xe9ff2101 (filename not found) [in E:\Unreal Engine\4.2\Engine\Binaries\Win64\UE4Editor-Core.dll]
Address = 0xe9ff2347 (filename not found) [in E:\Unreal Engine\4.2\Engine\Binaries\Win64\UE4Editor-Core.dll]
Address = 0xe7b23c04 (filename not found) [in E:\Unreal Engine\4.2\Engine\Binaries\Win64\UE4Editor-Engine.dll]
Address = 0xe76c0e36 (filename not found) [in E:\Unreal Engine\4.2\Engine\Binaries\Win64\UE4Editor-Engine.dll]
Address = 0xe79e5bd9 (filename not found) [in E:\Unreal Engine\4.2\Engine\Binaries\Win64\UE4Editor-Engine.dll]
Address = 0xe7dea45b (filename not found) [in E:\Unreal Engine\4.2\Engine\Binaries\Win64\UE4Editor-Engine.dll]
Address = 0xe7dd3d2c (filename not found) [in E:\Unreal Engine\4.2\Engine\Binaries\Win64\UE4Editor-Engine.dll]
Address = 0xe61b92ca (filename not found) [in E:\Unreal Engine\4.2\Engine\Binaries\Win64\UE4Editor-UnrealEd.dll]
Address = 0xe61d5524 (filename not found) [in E:\Unreal Engine\4.2\Engine\Binaries\Win64\UE4Editor-UnrealEd.dll]
Address = 0xe61e5a4b (filename not found) [in E:\Unreal Engine\4.2\Engine\Binaries\Win64\UE4Editor-UnrealEd.dll]
Address = 0xe5fe5265 (filename not found) [in E:\Unreal Engine\4.2\Engine\Binaries\Win64\UE4Editor-UnrealEd.dll]
Address = 0xe63a0606 (filename not found) [in E:\Unreal Engine\4.2\Engine\Binaries\Win64\UE4Editor-UnrealEd.dll]
FEngineLoop::Tick() 0x3f4c7b03 + 0 bytes [File=d:\buildfarm\buildmachine_++depot+ue4-releases+4.2\engine\source\runtime\launch\private\launchengineloop.cpp:2091] [in E:\Unreal Engine\4.2\Engine\Binaries\Win64\UE4Editor.exe]
GuardedMain() 0x3f4bd1ec + 0 bytes [File=d:\buildfarm\buildmachine_++depot+ue4-releases+4.2\engine\source\runtime\launch\private\launch.cpp:132] [in E:\Unreal Engine\4.2\Engine\Binaries\Win64\UE4Editor.exe]
GuardedMainWrapper() 0x3f4bd25a + 5 bytes [File=d:\buildfarm\buildmachine_++depot+ue4-releases+4.2\engine\source\runtime\launch\private\windows\launchwindows.cpp:125] [in E:\Unreal Engine\4.2\Engine\Binaries\Win64\UE4Editor.exe]
WinMain() 0x3f4c9119 + 17 bytes [File=d:\buildfarm\buildmachine_++depot+ue4-releases+4.2\engine\source\runtime\launch\private\windows\launchwindows.cpp:207] [in E:\Unreal Engine\4.2\Engine\Binaries\Win64\UE4Editor.exe]
__tmainCRTStartup() 0x3f4c9fa9 + 21 bytes [File=f:\dd\vctools\crt\crtw32\dllstuff\crtexe.c:618] [in E:\Unreal Engine\4.2\Engine\Binaries\Win64\UE4Editor.exe]
Address = 0x779759ed (filename not found) [in C:\Windows\system32\kernel32.dll]
Address = 0x77bac541 (filename not found) [in C:\Windows\SYSTEM32\ntdll.dll]
Address = 0x77bac541 (filename not found) [in C:\Windows\SYSTEM32\ntdll.dll]

[2014.07.05-03.48.33:963][186]LogOutputDevice: === Handled error: ===
Ensure condition failed: false [File:D:\BuildFarm\buildmachine_++depot+UE4-Releases+4.2\Engine\Source\Runtime\Engine\Private\SceneComponent.cpp] [Line: 670]
Template Mismatch during attachment. Attaching instanced component to template component. Parent 'SceneComp' Self 'Sprite'
Stack: Address = 0xea14d866 (filename not found) [in E:\Unreal Engine\4.2\Engine\Binaries\Win64\UE4Editor-Core.dll]
Address = 0xe9ff2101 (filename not found) [in E:\Unreal Engine\4.2\Engine\Binaries\Win64\UE4Editor-Core.dll]
Address = 0xe9ff2347 (filename not found) [in E:\Unreal Engine\4.2\Engine\Binaries\Win64\UE4Editor-Core.dll]
Address = 0xe7b23c04 (filename not found) [in E:\Unreal Engine\4.2\Engine\Binaries\Win64\UE4Editor-Engine.dll]
Address = 0xe76c0e36 (filename not found) [in E:\Unreal Engine\4.2\Engine\Binaries\Win64\UE4Editor-Engine.dll]
Address = 0xe79e5bd9 (filename not found) [in E:\Unreal Engine\4.2\Engine\Binaries\Win64\UE4Editor-Engine.dll]
Address = 0xe7dea45b (filename not found) [in E:\Unreal Engine\4.2\Engine\Binaries\Win64\UE4Editor-Engine.dll]
Address = 0xe7dd3d2c (filename not found) [in E:\Unreal Engine\4.2\Engine\Binaries\Win64\UE4Editor-Engine.dll]
Address = 0xe61b92ca (filename not found) [in E:\Unreal Engine\4.2\Engine\Binaries\Win64\UE4Editor-UnrealEd.dll]
Address = 0xe61d5524 (filename not found) [in E:\Unreal Engine\4.2\Engine\Binaries\Win64\UE4Editor-UnrealEd.dll]
Address = 0xe61e5a4b (filename not found) [in E:\Unreal Engine\4.2\Engine\Binaries\Win64\UE4Editor-UnrealEd.dll]
Address = 0xe5fe5265 (filename not found) [in E:\Unreal Engine\4.2\Engine\Binaries\Win64\UE4Editor-UnrealEd.dll]
Address = 0xe63a0606 (filename not found) [in E:\Unreal Engine\4.2\Engine\Binaries\Win64\UE4Editor-UnrealEd.dll]
FEngineLoop::Tick() 0x3f4c7b03 + 0 bytes [File=d:\buildfarm\buildmachine_++depot+ue4-releases+4.2\engine\source\runtime\launch\private\launchengineloop.cpp:2091] [in E:\Unreal Engine\4.2\Engine\Binaries\Win64\UE4Editor.exe]
GuardedMain() 0x3f4bd1ec + 0 bytes [File=d:\buildfarm\buildmachine_++depot+ue4-releases+4.2\engine\source\runtime\launch\private\launch.cpp:132] [in E:\Unreal Engine\4.2\Engine\Binaries\Win64\UE4Editor.exe]
GuardedMainWrapper() 0x3f4bd25a + 5 bytes [File=d:\buildfarm\buildmachine_++depot+ue4-releases+4.2\engine\source\runtime\launch\private\windows\launchwindows.cpp:125] [in E:\Unreal Engine\4.2\Engine\Binaries\Win64\UE4Editor.exe]
WinMain() 0x3f4c9119 + 17 bytes [File=d:\buildfarm\buildmachine_++depot+ue4-releases+4.2\engine\source\runtime\launch\private\windows\launchwindows.cpp:207] [in E:\Unreal Engine\4.2\Engine\Binaries\Win64\UE4Editor.exe]
__tmainCRTStartup() 0x3f4c9fa9 + 21 bytes [File=f:\dd\vctools\crt\crtw32\dllstuff\crtexe.c:618] [in E:\Unreal Engine\4.2\Engine\Binaries\Win64\UE4Editor.exe]
Address = 0x779759ed (filename not found) [in C:\Windows\system32\kernel32.dll]
Address = 0x77bac541 (filename not found) [in C:\Windows\SYSTEM32\ntdll.dll]
Address = 0x77bac541 (filename not found) [in C:\Windows\SYSTEM32\ntdll.dll]

[2014.07.05-03.48.33:968][186]LogOutputDevice: === Handled error: ===
Ensure condition failed: false [File:D:\BuildFarm\buildmachine_++depot+UE4-Releases+4.2\Engine\Source\Runtime\Engine\Private\SceneComponent.cpp] [Line: 670]
Template Mismatch during attachment. Attaching instanced component to template component. Parent 'SceneComp' Self 'Sprite'
Stack: Address = 0xea14d866 (filename not found) [in E:\Unreal Engine\4.2\Engine\Binaries\Win64\UE4Editor-Core.dll]
Address = 0xe9ff2101 (filename not found) [in E:\Unreal Engine\4.2\Engine\Binaries\Win64\UE4Editor-Core.dll]
Address = 0xe9ff2347 (filename not found) [in E:\Unreal Engine\4.2\Engine\Binaries\Win64\UE4Editor-Core.dll]
Address = 0xe7b23c04 (filename not found) [in E:\Unreal Engine\4.2\Engine\Binaries\Win64\UE4Editor-Engine.dll]
Address = 0xe76c0e36 (filename not found) [in E:\Unreal Engine\4.2\Engine\Binaries\Win64\UE4Editor-Engine.dll]
Address = 0xe79e5bd9 (filename not found) [in E:\Unreal Engine\4.2\Engine\Binaries\Win64\UE4Editor-Engine.dll]
Address = 0xe7dea45b (filename not found) [in E:\Unreal Engine\4.2\Engine\Binaries\Win64\UE4Editor-Engine.dll]
Address = 0xe7dd3d2c (filename not found) [in E:\Unreal Engine\4.2\Engine\Binaries\Win64\UE4Editor-Engine.dll]
Address = 0xe61b92ca (filename not found) [in E:\Unreal Engine\4.2\Engine\Binaries\Win64\UE4Editor-UnrealEd.dll]
Address = 0xe61d5524 (filename not found) [in E:\Unreal Engine\4.2\Engine\Binaries\Win64\UE4Editor-UnrealEd.dll]
Address = 0xe61e5a4b (filename not found) [in E:\Unreal Engine\4.2\Engine\Binaries\Win64\UE4Editor-UnrealEd.dll]
Address = 0xe5fe5265 (filename not found) [in E:\Unreal Engine\4.2\Engine\Binaries\Win64\UE4Editor-UnrealEd.dll]
Address = 0xe63a0606 (filename not found) [in E:\Unreal Engine\4.2\Engine\Binaries\Win64\UE4Editor-UnrealEd.dll]
FEngineLoop::Tick() 0x3f4c7b03 + 0 bytes [File=d:\buildfarm\buildmachine_++depot+ue4-releases+4.2\engine\source\runtime\launch\private\launchengineloop.cpp:2091] [in E:\Unreal Engine\4.2\Engine\Binaries\Win64\UE4Editor.exe]
GuardedMain() 0x3f4bd1ec + 0 bytes [File=d:\buildfarm\buildmachine_++depot+ue4-releases+4.2\engine\source\runtime\launch\private\launch.cpp:132] [in E:\Unreal Engine\4.2\Engine\Binaries\Win64\UE4Editor.exe]
GuardedMainWrapper() 0x3f4bd25a + 5 bytes [File=d:\buildfarm\buildmachine_++depot+ue4-releases+4.2\engine\source\runtime\launch\private\windows\launchwindows.cpp:125] [in E:\Unreal Engine\4.2\Engine\Binaries\Win64\UE4Editor.exe]
WinMain() 0x3f4c9119 + 17 bytes [File=d:\buildfarm\buildmachine_++depot+ue4-releases+4.2\engine\source\runtime\launch\private\windows\launchwindows.cpp:207] [in E:\Unreal Engine\4.2\Engine\Binaries\Win64\UE4Editor.exe]
__tmainCRTStartup() 0x3f4c9fa9 + 21 bytes [File=f:\dd\vctools\crt\crtw32\dllstuff\crtexe.c:618] [in E:\Unreal Engine\4.2\Engine\Binaries\Win64\UE4Editor.exe]
Address = 0x779759ed (filename not found) [in C:\Windows\system32\kernel32.dll]
Address = 0x77bac541 (filename not found) [in C:\Windows\SYSTEM32\ntdll.dll]
Address = 0x77bac541 (filename not found) [in C:\Windows\SYSTEM32\ntdll.dll]

[2014.07.05-03.48.33:973][186]LogOutputDevice: === Handled error: ===
Ensure condition failed: false [File:D:\BuildFarm\buildmachine_++depot+UE4-Releases+4.2\Engine\Source\Runtime\Engine\Private\SceneComponent.cpp] [Line: 670]
Template Mismatch during attachment. Attaching instanced component to template component. Parent 'SceneComp' Self 'Sprite'
Stack: Address = 0xea14d866 (filename not found) [in E:\Unreal Engine\4.2\Engine\Binaries\Win64\UE4Editor-Core.dll]
Address = 0xe9ff2101 (filename not found) [in E:\Unreal Engine\4.2\Engine\Binaries\Win64\UE4Editor-Core.dll]
Address = 0xe9ff2347 (filename not found) [in E:\Unreal Engine\4.2\Engine\Binaries\Win64\UE4Editor-Core.dll]
Address = 0xe7b23c04 (filename not found) [in E:\Unreal Engine\4.2\Engine\Binaries\Win64\UE4Editor-Engine.dll]
Address = 0xe76c0e36 (filename not found) [in E:\Unreal Engine\4.2\Engine\Binaries\Win64\UE4Editor-Engine.dll]
Address = 0xe79e5bd9 (filename not found) [in E:\Unreal Engine\4.2\Engine\Binaries\Win64\UE4Editor-Engine.dll]
Address = 0xe7dea45b (filename not found) [in E:\Unreal Engine\4.2\Engine\Binaries\Win64\UE4Editor-Engine.dll]
Address = 0xe7dd3d2c (filename not found) [in E:\Unreal Engine\4.2\Engine\Binaries\Win64\UE4Editor-Engine.dll]
Address = 0xe61b92ca (filename not found) [in E:\Unreal Engine\4.2\Engine\Binaries\Win64\UE4Editor-UnrealEd.dll]
Address = 0xe61d5524 (filename not found) [in E:\Unreal Engine\4.2\Engine\Binaries\Win64\UE4Editor-UnrealEd.dll]
Address = 0xe61e5a4b (filename not found) [in E:\Unreal Engine\4.2\Engine\Binaries\Win64\UE4Editor-UnrealEd.dll]
Address = 0xe5fe5265 (filename not found) [in E:\Unreal Engine\4.2\Engine\Binaries\Win64\UE4Editor-UnrealEd.dll]
Address = 0xe63a0606 (filename not found) [in E:\Unreal Engine\4.2\Engine\Binaries\Win64\UE4Editor-UnrealEd.dll]
FEngineLoop::Tick() 0x3f4c7b03 + 0 bytes [File=d:\buildfarm\buildmachine_++depot+ue4-releases+4.2\engine\source\runtime\launch\private\launchengineloop.cpp:2091] [in E:\Unreal Engine\4.2\Engine\Binaries\Win64\UE4Editor.exe]
GuardedMain() 0x3f4bd1ec + 0 bytes [File=d:\buildfarm\buildmachine_++depot+ue4-releases+4.2\engine\source\runtime\launch\private\launch.cpp:132] [in E:\Unreal Engine\4.2\Engine\Binaries\Win64\UE4Editor.exe]
GuardedMainWrapper() 0x3f4bd25a + 5 bytes [File=d:\buildfarm\buildmachine_++depot+ue4-releases+4.2\engine\source\runtime\launch\private\windows\launchwindows.cpp:125] [in E:\Unreal Engine\4.2\Engine\Binaries\Win64\UE4Editor.exe]
WinMain() 0x3f4c9119 + 17 bytes [File=d:\buildfarm\buildmachine_++depot+ue4-releases+4.2\engine\source\runtime\launch\private\windows\launchwindows.cpp:207] [in E:\Unreal Engine\4.2\Engine\Binaries\Win64\UE4Editor.exe]
__tmainCRTStartup() 0x3f4c9fa9 + 21 bytes [File=f:\dd\vctools\crt\crtw32\dllstuff\crtexe.c:618] [in E:\Unreal Engine\4.2\Engine\Binaries\Win64\UE4Editor.exe]
Address = 0x779759ed (filename not found) [in C:\Windows\system32\kernel32.dll]
Address = 0x77bac541 (filename not found) [in C:\Windows\SYSTEM32\ntdll.dll]
Address = 0x77bac541 (filename not found) [in C:\Windows\SYSTEM32\ntdll.dll]

[2014.07.05-03.48.33:980][186]LogWorld:Warning: *** WARNING - PATHS MAY NOT BE VALID ***
[2014.07.05-03.48.33:980][186]LogWorld: Bringing World /Game/Maps/UEDPIE_0_waagenbau.waagenbau up for play (max tick rate 0) at 2014.07.05-05.48.33
[2014.07.05-03.48.33:984][186]LogWorld: Bringing up level for play took: 0.324947
[2014.07.05-03.48.33:984][186]LogPlayerController: Spawned spectator SpectatorPawn_0 [server:1]
[2014.07.05-03.48.33:984][186]LogGameMode: RestartPlayer 256
[2014.07.05-03.48.33:986][186]LogPlayerController: ClientRestart_Implementation MyCharacter_C_0
[2014.07.05-03.48.33:986][186]LogPlayerController: ServerAcknowledgePossession_Implementation MyCharacter_C_0
[2014.07.05-03.48.33:993][186]PIE: Info Play in editor start time for /Game/Maps/UEDPIE_0_waagenbau 0.957
[2014.07.05-03.48.34:092][186]LogRenderer:Warning: Reallocating scene render targets to support 1296x856.
[2014.07.05-03.48.34:201][186]LogRenderer:Warning: Reallocating scene render targets to support 1296x864.
[2014.07.05-03.48.37:833][283]LogRenderer:Warning: Reallocating scene render targets to support 1920x976.
[2014.07.05-03.48.43:077][509]LogParticles: Destroying 0 GPU particle simulations for FXSystem 0x000000001C241BC0
[2014.07.05-03.48.45:650][648]Cmd: QUIT_EDITOR
[2014.07.05-03.48.45:707][648]LogWindowsTextInputMethodSystem:Error: Terminating failed while unadvising the language notification sink from the TSF source.
[2014.07.05-03.48.45:708][648]LogExit: Preparing to exit.
[2014.07.05-03.48.46:790][648]LogExit: Editor shut down
[2014.07.05-03.48.46:790][648]LogExit: Transaction tracking system shut down
[2014.07.05-03.48.46:793][648]LogParticles: Destroying 0 GPU particle simulations for FXSystem 0x000000001D430900
[2014.07.05-03.48.46:794][648]LogParticles: Destroying 0 GPU particle simulations for FXSystem 0x000000001E9B1B20
[2014.07.05-03.48.46:816][648]LogParticles: Destroying 0 GPU particle simulations for FXSystem 0x000000001EDBECA0
[2014.07.05-03.48.46:816][648]LogParticles: Destroying 0 GPU particle simulations for FXSystem 0x000000001EB4FE20
[2014.07.05-03.48.46:816][648]LogExit: Object subsystem successfully closed.
[2014.07.05-03.48.46:841][648]LogModuleManager: Shutting down and abandoning module AndroidDeviceDetection (162)
[2014.07.05-03.48.46:841][648]LogModuleManager: Shutting down and abandoning module CrashTracker (161)
[2014.07.05-03.48.46:841][648]LogModuleManager: Shutting down and abandoning module HTTP (160)
[2014.07.05-03.48.46:841][648]LogModuleManager: Shutting down and abandoning module NewsFeed (159)
[2014.07.05-03.48.46:841][648]LogModuleManager: Shutting down and abandoning module SceneOutliner (158)
[2014.07.05-03.48.46:841][648]LogModuleManager: Shutting down and abandoning module StatsViewer (157)
[2014.07.05-03.48.46:841][648]LogModuleManager: Shutting down and abandoning module FoliageEdit (156)
[2014.07.05-03.48.46:841][648]LogModuleManager: Shutting down and abandoning module LandscapeEditor (155)
[2014.07.05-03.48.46:846][648]LogModuleManager: Shutting down and abandoning module MeshPaint (154)
[2014.07.05-03.48.46:846][648]LogModuleManager: Shutting down and abandoning module ActorPickerMode (153)
[2014.07.05-03.48.46:846][648]LogModuleManager: Shutting down and abandoning module GeometryMode (152)
[2014.07.05-03.48.46:846][648]LogModuleManager: Shutting down and abandoning module TextureAlignMode (151)
[2014.07.05-03.48.46:846][648]LogModuleManager: Shutting down and abandoning module BspMode (150)
[2014.07.05-03.48.46:846][648]LogModuleManager: Shutting down and abandoning module PlacementMode (149)
[2014.07.05-03.48.46:847][648]LogModuleManager: Shutting down and abandoning module AutomationWorker (148)
[2014.07.05-03.48.46:847][648]LogModuleManager: Shutting down and abandoning module ViewportSnapping (147)
[2014.07.05-03.48.46:847][648]LogModuleManager: Shutting down and abandoning module DeviceProfileEditor (146)
[2014.07.05-03.48.46:847][648]LogModuleManager: Shutting down and abandoning module UndoHistory (145)
[2014.07.05-03.48.46:847][648]LogModuleManager: Shutting down and abandoning module GameplayTagsEditor (144)
[2014.07.05-03.48.46:847][648]LogModuleManager: Shutting down and abandoning module UserFeedback (143)
[2014.07.05-03.48.46:847][648]LogModuleManager: Shutting down and abandoning module XmlParser (142)
[2014.07.05-03.48.46:847][648]LogModuleManager: Shutting down and abandoning module Blutility (141)
[2014.07.05-03.48.46:847][648]LogModuleManager: Shutting down and abandoning module AndroidPlatformEditor (138)
[2014.07.05-03.48.46:847][648]LogModuleManager: Shutting down and abandoning module AndroidRuntimeSettings (137)
[2014.07.05-03.48.46:847][648]LogModuleManager: Shutting down and abandoning module ProjectSettingsViewer (136)
[2014.07.05-03.48.46:847][648]LogModuleManager: Shutting down and abandoning module InputBindingEditor (135)
[2014.07.05-03.48.46:847][648]LogModuleManager: Shutting down and abandoning module EditorSettingsViewer (134)
[2014.07.05-03.48.46:847][648]LogModuleManager: Shutting down and abandoning module SettingsEditor (133)
[2014.07.05-03.48.46:847][648]LogModuleManager: Shutting down and abandoning module SessionLauncher (132)
[2014.07.05-03.48.46:847][648]LogModuleManager: Shutting down and abandoning module SessionFrontend (131)
[2014.07.05-03.48.46:847][648]LogModuleManager: Shutting down and abandoning module ProfilerClient (130)
[2014.07.05-03.48.46:847][648]LogModuleManager: Shutting down and abandoning module TargetDeviceServices (129)
[2014.07.05-03.48.46:847][648]LogModuleManager: Shutting down and abandoning module DeviceManager (128)
[2014.07.05-03.48.46:847][648]LogModuleManager: Shutting down and abandoning module AutomationController (127)
[2014.07.05-03.48.46:847][648]LogModuleManager: Shutting down and abandoning module AutomationWindow (126)
[2014.07.05-03.48.46:847][648]LogModuleManager: Shutting down and abandoning module Layers (125)
[2014.07.05-03.48.46:847][648]LogModuleManager: Shutting down and abandoning module ComponentVisualizers (124)
[2014.07.05-03.48.46:847][648]LogModuleManager: Shutting down and abandoning module DetailCustomizations (123)
[2014.07.05-03.48.46:847][648]LogModuleManager: Shutting down and abandoning module PackagesDialog (122)
[2014.07.05-03.48.46:847][648]LogModuleManager: Shutting down and abandoning module DirectoryWatcher (121)
[2014.07.05-03.48.46:847][648]LogModuleManager: Shutting down and abandoning module AssetRegistry (120)
[2014.07.05-03.48.46:938][648]LogModuleManager: Shutting down and abandoning module Persona (119)
[2014.07.05-03.48.46:938][648]LogModuleManager: Shutting down and abandoning module GraphEditor (118)
[2014.07.05-03.48.46:938][648]LogModuleManager: Shutting down and abandoning module ContentBrowser (117)
[2014.07.05-03.48.46:938][648]LogModuleManager: Shutting down and abandoning module ClassViewer (116)
[2014.07.05-03.48.46:938][648]LogModuleManager: Shutting down and abandoning module Toolbox (115)
[2014.07.05-03.48.46:938][648]LogModuleManager: Shutting down and abandoning module ModuleUI (114)
[2014.07.05-03.48.46:938][648]LogModuleManager: Shutting down and abandoning module Sequencer (113)
[2014.07.05-03.48.46:938][648]LogModuleManager: Shutting down and abandoning module MovieSceneTools (112)
[2014.07.05-03.48.46:938][648]LogModuleManager: Shutting down and abandoning module OutputLog (111)
[2014.07.05-03.48.46:938][648]LogModuleManager: Shutting down and abandoning module GammaUI (110)
[2014.07.05-03.48.46:938][648]LogModuleManager: Shutting down and abandoning module Documentation (109)
[2014.07.05-03.48.46:938][648]LogModuleManager: Shutting down and abandoning module StreamingPauseRendering (108)
[2014.07.05-03.48.46:938][648]LogModuleManager: Shutting down and abandoning module AnalyticsET (107)
[2014.07.05-03.48.46:938][648]LogModuleManager: Shutting down and abandoning module Analytics (106)
[2014.07.05-03.48.46:938][648]LogModuleManager: Shutting down and abandoning module ProfilerService (105)
[2014.07.05-03.48.47:155][648]LogModuleManager: Shutting down and abandoning module TaskGraph (104)
[2014.07.05-03.48.47:155][648]LogModuleManager: Shutting down and abandoning module GameProjectGeneration (103)
[2014.07.05-03.48.47:155][648]LogModuleManager: Shutting down and abandoning module Matinee (102)
[2014.07.05-03.48.47:155][648]LogModuleManager: Shutting down and abandoning module Kismet (101)
[2014.07.05-03.48.47:155][648]LogModuleManager: Shutting down and abandoning module SlateReflector (100)
[2014.07.05-03.48.47:155][648]LogModuleManager: Shutting down and abandoning module LevelEditor (99)
[2014.07.05-03.48.47:157][648]LogModuleManager: Shutting down and abandoning module MainFrame (98)
[2014.07.05-03.48.47:157][648]LogModuleManager: Shutting down and abandoning module SourceControl (97)
[2014.07.05-03.48.47:157][648]LogModuleManager: Shutting down and abandoning module ImageWrapper (96)
[2014.07.05-03.48.47:157][648]LogModuleManager: Shutting down and abandoning module OnlineBlueprintSupport (95)
[2014.07.05-03.48.47:157][648]LogModuleManager: Shutting down and abandoning module PropertyEditor (94)
[2014.07.05-03.48.47:157][648]LogModuleManager: Shutting down and abandoning module AssetTools (93)
[2014.07.05-03.48.47:157][648]LogModuleManager: Shutting down and abandoning module BehaviorTreeEditor (92)
[2014.07.05-03.48.47:157][648]LogModuleManager: Shutting down and abandoning module FunctionalTesting (91)
[2014.07.05-03.48.47:157][648]LogModuleManager: Shutting down and abandoning module CollisionAnalyzer (90)
[2014.07.05-03.48.47:157][648]LogModuleManager: Shutting down and abandoning module WorkspaceMenuStructure (89)
[2014.07.05-03.48.47:158][648]LogModuleManager: Shutting down and abandoning module MessageLog (88)
[2014.07.05-03.48.47:158][648]LogModuleManager: Shutting down and abandoning module Slate (87)
[2014.07.05-03.48.47:158][648]LogModuleManager: Shutting down and abandoning module EditorStyle (86)
[2014.07.05-03.48.47:161][648]LogModuleManager: Shutting down and abandoning module SessionServices (85)
[2014.07.05-03.48.47:161][648]LogModuleManager: Shutting down and abandoning module Messaging (84)
[2014.07.05-03.48.47:161][648]LogModuleManager: Shutting down and abandoning module SourceCodeAccess (83)
[2014.07.05-03.48.47:161][648]LogModuleManager: Shutting down and abandoning module HeadMountedDisplay (82)
[2014.07.05-03.48.47:161][648]LogModuleManager: Shutting down and abandoning module XAudio2 (81)
[2014.07.05-03.48.47:161][648]LogModuleManager: Shutting down and abandoning module Networking (79)
[2014.07.05-03.48.47:161][648]LogModuleManager: Shutting down and abandoning module Core (78)
[2014.07.05-03.48.47:161][648]LogModuleManager: Shutting down and abandoning module KismetCompiler (77)
[2014.07.05-03.48.47:161][648]LogModuleManager: Shutting down and abandoning module PhysXFormats (76)
[2014.07.05-03.48.47:161][648]LogModuleManager: Shutting down and abandoning module SimplygonMeshReduction (75)
[2014.07.05-03.48.47:161][648]LogModuleManager: Shutting down and abandoning module MeshUtilities (74)
[2014.07.05-03.48.47:161][648]LogModuleManager: Shutting down and abandoning module DerivedDataCache (73)
[2014.07.05-03.48.47:172][648]LogDerivedDataCache: Shutdown
[2014.07.05-03.48.47:172][648]LogModuleManager: Shutting down and abandoning module ShaderFormatOpenGL (72)
[2014.07.05-03.48.47:172][648]LogModuleManager: Shutting down and abandoning module ShaderFormatD3D (71)
[2014.07.05-03.48.47:172][648]LogModuleManager: Shutting down and abandoning module TextureFormatUncompressed (70)
[2014.07.05-03.48.47:172][648]LogModuleManager: Shutting down and abandoning module TextureFormatPVR (69)
[2014.07.05-03.48.47:172][648]LogModuleManager: Shutting down and abandoning module TextureFormatDXT (68)
[2014.07.05-03.48.47:172][648]LogModuleManager: Shutting down and abandoning module TextureFormatAndroid (67)
[2014.07.05-03.48.47:172][648]LogModuleManager: Shutting down and abandoning module AudioFormatOpus (66)
[2014.07.05-03.48.47:173][648]LogModuleManager: Shutting down and abandoning module AudioFormatOgg (65)
[2014.07.05-03.48.47:173][648]LogModuleManager: Shutting down and abandoning module AudioFormatADPCM (64)
[2014.07.05-03.48.47:173][648]LogModuleManager: Shutting down and abandoning module Android_PVRTCTargetPlatform (63)
[2014.07.05-03.48.47:173][648]LogModuleManager: Shutting down and abandoning module Android_ETC2TargetPlatform (62)
[2014.07.05-03.48.47:173][648]LogModuleManager: Shutting down and abandoning module Android_ETC1TargetPlatform (61)
[2014.07.05-03.48.47:173][648]LogModuleManager: Shutting down and abandoning module Android_DXTTargetPlatform (60)
[2014.07.05-03.48.47:173][648]LogModuleManager: Shutting down and abandoning module Android_ATCTargetPlatform (59)
[2014.07.05-03.48.47:173][648]LogModuleManager: Shutting down and abandoning module AndroidTargetPlatform (58)
[2014.07.05-03.48.47:173][648]LogModuleManager: Shutting down and abandoning module WindowsTargetPlatform (57)
[2014.07.05-03.48.47:173][648]LogModuleManager: Shutting down and abandoning module WindowsServerTargetPlatform (56)
[2014.07.05-03.48.47:173][648]LogModuleManager: Shutting down and abandoning module WindowsNoEditorTargetPlatform (55)
[2014.07.05-03.48.47:173][648]LogModuleManager: Shutting down and abandoning module WindowsClientTargetPlatform (54)
[2014.07.05-03.48.47:173][648]LogModuleManager: Shutting down and abandoning module TargetPlatform (53)
[2014.07.05-03.48.47:173][648]LogModuleManager: Shutting down and abandoning module InputCore (52)
[2014.07.05-03.48.47:173][648]LogModuleManager: Shutting down and abandoning module Settings (51)
[2014.07.05-03.48.47:173][648]LogModuleManager: Shutting down and abandoning module TextureCompressor (48)
[2014.07.05-03.48.47:173][648]LogModuleManager: Shutting down and abandoning module ShaderCore (47)
[2014.07.05-03.48.47:173][648]LogModuleManager: Shutting down and abandoning module OpenGLDrv (46)
[2014.07.05-03.48.47:173][648]LogModuleManager: Shutting down and abandoning module D3D11RHI (45)
[2014.07.05-03.48.47:173][648]LogModuleManager: Shutting down and abandoning module SlateRHIRenderer (44)
[2014.07.05-03.48.47:173][648]LogModuleManager: Shutting down and abandoning module Renderer (43)
[2014.07.05-03.48.47:173][648]LogModuleManager: Shutting down and abandoning module Engine (42)
[2014.07.05-03.48.47:173][648]LogModuleManager: Shutting down and abandoning module SlateRemote (41)
[2014.07.05-03.48.47:173][648]LogModuleManager: Shutting down and abandoning module ScriptPlugin (40)
[2014.07.05-03.48.47:173][648]LogModuleManager: Shutting down and abandoning module ScriptEditorPlugin (38)
[2014.07.05-03.48.47:173][648]LogModuleManager: Shutting down and abandoning module WindowsMoviePlayer (37)
[2014.07.05-03.48.47:178][648]LogModuleManager: Shutting down and abandoning module ExampleDeviceProfileSelector (32)
[2014.07.05-03.48.47:178][648]LogModuleManager: Shutting down and abandoning module CustomMeshComponent (31)
[2014.07.05-03.48.47:178][648]LogModuleManager: Shutting down and abandoning module CableComponent (30)
[2014.07.05-03.48.47:178][648]LogModuleManager: Shutting down and abandoning module OculusRift (26)
[2014.07.05-03.48.47:178][648]LogModuleManager: Shutting down and abandoning module UdpMessaging (25)
[2014.07.05-03.48.47:278][648]LogModuleManager: Shutting down and abandoning module MessagingDebugger (24)
[2014.07.05-03.48.47:278][648]LogModuleManager: Shutting down and abandoning module PluginsEditor (14)
[2014.07.05-03.48.47:278][648]LogModuleManager: Shutting down and abandoning module IntroTutorials (13)
[2014.07.05-03.48.47:278][648]LogModuleManager: Shutting down and abandoning module EpicSurvey (12)
[2014.07.05-03.48.47:278][648]LogModuleManager: Shutting down and abandoning module VisualStudioSourceCodeAccess (10)
[2014.07.05-03.48.47:278][648]LogModuleManager: Shutting down and abandoning module UObjectPlugin (9)
[2014.07.05-03.48.47:278][648]LogModuleManager: Shutting down and abandoning module SubversionSourceControl (8)
[2014.07.05-03.48.47:278][648]LogModuleManager: Shutting down and abandoning module PerforceSourceControl (7)
[2014.07.05-03.48.47:278][648]LogModuleManager: Shutting down and abandoning module BlankPlugin (6)
[2014.07.05-03.48.47:278][648]LogModuleManager: Shutting down and abandoning module CoreUObject (5)
[2014.07.05-03.48.47:278][648]LogModuleManager: Shutting down and abandoning module NetworkFile (4)
[2014.07.05-03.48.47:278][648]LogModuleManager: Shutting down and abandoning module StreamingFile (3)
[2014.07.05-03.48.47:278][648]LogModuleManager: Shutting down and abandoning module SandboxFile (2)
[2014.07.05-03.48.47:278][648]LogModuleManager: Shutting down and abandoning module PakFile (1)
[2014.07.05-03.48.47:279][648]LogExit: Exiting.
[2014.07.05-03.48.47:284][648]Log file closed, 07/05/14 05:48:47
