Log file open, 06/28/14 05:57:22
LogInit:Display: Running engine without a game
LogInit:Display: Loading recent project file: D:/UDK4 Projects/Waagenbau/MyProject3/MyProject3.uproject
LogInit: Version: 4.2.1-2101290+++depot+UE4-Releases+4.2
LogInit: Compiled (64-bit): Jun 10 2014 22:21:56
LogInit: Build Configuration: Development
LogInit: Branch Name: ++depot+UE4-Releases+4.2
LogInit: Command line: 
LogInit: Base directory: E:/Unreal Engine/4.2/Engine/Binaries/Win64/
LogInit: Rocket: 1
[2014.06.28-03.57.22:857][  0]LogTaskGraph: Started task graph with 3 named threads and 6 total threads.
[2014.06.28-03.57.22:901][  0]LogOnline:Warning: No default platform service specified for OnlineSubsystem
[2014.06.28-03.57.22:907][  0]LogInit: Presizing for 0 objects not considered by GC, pre-allocating 0 bytes.
[2014.06.28-03.57.22:915][  0]LogInit: Object subsystem initialized
[2014.06.28-03.57.22:916][  0]LogInit: Selected Device Profile: [Windows]
[2014.06.28-03.57.22:916][  0]LogInit: Applying CVar settings loaded from the selected device profile: [Windows]
[2014.06.28-03.57.22:919][  0]LogInit: Computer: SPAEHLING-PC
[2014.06.28-03.57.22:919][  0]LogInit: User: Spaehling
[2014.06.28-03.57.22:920][  0]LogInit: CPU Page size=4096, Cores=6
[2014.06.28-03.57.22:920][  0]LogInit: High frequency timer resolution =3.126953 MHz
[2014.06.28-03.57.22:920][  0]LogMemory: Memory total: Physical=64.0GB (64GB approx) Virtual=8192.0GB
[2014.06.28-03.57.22:920][  0]LogMemory: Platform Memory Stats for Windows
[2014.06.28-03.57.22:920][  0]LogMemory: Process Physical Memory: 57.39 MB used, 57.39 MB peak
[2014.06.28-03.57.22:920][  0]LogMemory: Process Virtual Memory: 33.52 MB used, 33.65 MB peak
[2014.06.28-03.57.22:920][  0]LogMemory: Physical Memory: 9547.95 MB used, 65486.15 MB total
[2014.06.28-03.57.22:920][  0]LogMemory: Virtual Memory: 241.65 MB used, 8388608.00 MB total
[2014.06.28-03.57.22:959][  0]LogD3D11RHI: Found D3D11 adapter 0: NVIDIA GeForce GTX 690 (Feature Level 11_0)
[2014.06.28-03.57.22:959][  0]LogD3D11RHI: Adapter has 1990MB of dedicated video memory, 0MB of dedicated system memory, and 2048MB of shared system memory, 1 output[s]
[2014.06.28-03.57.22:981][  0]LogD3D11RHI: Found D3D11 adapter 1: NVIDIA GeForce GTX 690 (Feature Level 11_0)
[2014.06.28-03.57.22:981][  0]LogD3D11RHI: Adapter has 1990MB of dedicated video memory, 0MB of dedicated system memory, and 2048MB of shared system memory, 1 output[s]
[2014.06.28-03.57.22:981][  0]LogD3D11RHI: Chosen D3D11 Adapter Id = 0
[2014.06.28-03.57.22:986][  0]LogRHI: Texture pool is 1361 MB (70% of 1945 MB)
[2014.06.28-03.57.22:997][  0]LogD3D11RHI: Async texture creation enabled
[2014.06.28-03.57.23:045][  0]LogTextLocalizationManager:Warning: The selected culture 'de_DE' is not available; falling back to 'en'
[2014.06.28-03.57.23:095][  0]LogContentStreaming: Texture pool size is 0.000000MB
[2014.06.28-03.57.23:879][  0]LogTargetPlatformManager:Display: Building Assets For Windows
[2014.06.28-03.57.23:971][  0]LogTargetPlatformManager:Display: Building Assets For Windows
[2014.06.28-03.57.24:001][  0]LogDerivedDataCache:Display: Max Cache Size: 512 MB
[2014.06.28-03.57.24:040][  0]LogDerivedDataCache: Loaded boot cache 0.04s 39MB C:/Users/Spaehling/AppData/Local/UnrealEngine/4.2/DerivedDataCache/Boot.ddc.
[2014.06.28-03.57.24:040][  0]LogDerivedDataCache:Display: Loaded Boot cache: C:/Users/Spaehling/AppData/Local/UnrealEngine/4.2/DerivedDataCache/Boot.ddc
[2014.06.28-03.57.24:040][  0]LogDerivedDataCache: FDerivedDataBackendGraph:  Pak pak cache file D:/UDK4 Projects/Waagenbau/MyProject3/DerivedDataCache/DDC.ddp not found, will not use a pak cache.
[2014.06.28-03.57.24:040][  0]LogDerivedDataCache: Unable to find inner node Pak for hierarchical cache Hierarchy.
[2014.06.28-03.57.24:050][  0]LogDerivedDataCache:Display: Pak cache opened for reading ../../../Engine/DerivedDataCache/DDC.ddp.
[2014.06.28-03.57.24:062][  0]LogDerivedDataCache: Using Local data cache path C:/Users/Spaehling/AppData/Local/UnrealEngine/4.2/DerivedDataCache: Writable
[2014.06.28-03.57.24:204][  0]LogMeshUtilities: No automatic mesh reduction module available
[2014.06.28-03.57.24:204][  0]LogMeshUtilities: No automatic mesh merging module available
[2014.06.28-03.57.24:490][  0]LogInit: WinSock: version 1.1 (2.2), MaxSocks=32767, MaxUdp=65467
[2014.06.28-03.57.24:777][  0]LogStreaming:Warning: Failed to read file '../../../Engine/Content/Editor/Slate/Icons/ActorIcons/GroupActor_16x.png' error.
[2014.06.28-03.57.24:777][  0]LogSlate: Could not find file for Slate resource: ../../../Engine/Content/Editor/Slate/Icons/ActorIcons/GroupActor_16x.png
[2014.06.28-03.57.24:781][  0]LogStreaming:Warning: Failed to read file '../../../Engine/Content/Editor/Slate/Icons/ActorIcons/DecalActor_16x.png' error.
[2014.06.28-03.57.24:781][  0]LogSlate: Could not find file for Slate resource: ../../../Engine/Content/Editor/Slate/Icons/ActorIcons/DecalActor_16x.png
[2014.06.28-03.57.25:025][  0]UdpMessaging: Initializing bridge on interface 0.0.0.0:0 to multicast group 230.0.0.1:6666.
[2014.06.28-03.57.25:102][  0]SourceControl: Info Source control is disabled
[2014.06.28-03.57.25:102][  0]SourceControl: Info Source control is disabled
[2014.06.28-03.57.25:106][  0]SourceControl: Info Source control is disabled
[2014.06.28-03.57.25:181][  0]BlueprintLog: New page: Editor Load
[2014.06.28-03.57.25:213][  0]LogObj: 19137 objects as part of root set at end of initial load.
[2014.06.28-03.57.25:213][  0]LogUObjectAllocator: 3804776 out of 0 bytes used by permanent object pool.
[2014.06.28-03.57.25:547][  0]LogEngine: Initializing Engine...
[2014.06.28-03.57.25:650][  0]LogInit: XAudio2 using 'Lautsprecher (Corsair Vengeance 2000 Headset)' : 8 channels at 44.1 kHz using 16 bits per sample (channel mask 0x63f)
[2014.06.28-03.57.25:659][  0]LogInit: FAudioDevice initialized.
[2014.06.28-03.57.25:679][  0]LogDerivedDataCache: Saved boot cache 0.02s 39MB C:/Users/Spaehling/AppData/Local/UnrealEngine/4.2/DerivedDataCache/Boot.ddc.
[2014.06.28-03.57.25:684][  0]LogInit: Texture streaming: Enabled
[2014.06.28-03.57.25:707][  0]LogInit: Transaction tracking system initialized
[2014.06.28-03.57.25:789][  0]LogAssetRegistry: FAssetRegistry took 0.0096 seconds to start up
[2014.06.28-03.57.25:912][  0]LogModuleManager:Warning: ModuleManager: Unable to load module '' because the file was not found.
[2014.06.28-03.57.25:915][  0]LogModuleManager:Warning: ModuleManager: Unable to load module '' because the file was not found.
[2014.06.28-03.57.25:952][  0]LogConsoleResponse:Display: 
[2014.06.28-03.57.26:123][  0]SourceControl: Info Source control is disabled
[2014.06.28-03.57.26:123][  0]Cmd: MAP LOAD FILE="D:/UDK4 Projects/Waagenbau/MyProject3/Content/Maps/waagenbau.umap" TEMPLATE=0 SHOWPROGRESS=1 WORLDCOMPOSITION=0
[2014.06.28-03.57.26:123][  0]LightingResults: New page: Lighting Build
[2014.06.28-03.57.26:128][  0]MapCheck: New page: Map Check
[2014.06.28-03.57.26:128][  0]LightingResults: New page: Lighting Build
[2014.06.28-03.57.26:134][  0]LogParticles: Destroying 0 GPU particle simulations for FXSystem 0x00000000101FCA40
[2014.06.28-03.57.26:289][  0]LogLinker:Warning: Can't find file '/Script/BehaviorTreeEditor'
[2014.06.28-03.57.26:289][  0]LoadErrors: Info Failed to load /Game/Blueprints/Characters/BotAITree.BotAITree Referenced by EdGraphPin_4125 Property /Script/Engine.EdGraphPin:DefaultObject
[2014.06.28-03.57.26:289][  0]LogLinker:Warning: Can't find file for asset '/Script/BehaviorTreeEditor' while loading D:/UDK4 Projects/Waagenbau/MyProject3/Content/Blueprints/Characters/BTT_BotWalkSpeed.uasset.
[2014.06.28-03.57.26:289][  0]LoadErrors: Info Failed to load /Game/Blueprints/Characters/BotAITree.BotAITree Referenced by EdGraphPin_4125 Property /Script/Engine.EdGraphPin:DefaultObject
[2014.06.28-03.57.26:290][  0]LoadErrors:Error: Error /Game/Blueprints/Characters/BTT_BotWalkSpeed : Can't find file for asset. /Script/BehaviorTreeEditor
[2014.06.28-03.57.26:290][  0]LogLinker:Warning: Can't find file '/Script/BehaviorTreeEditor'
[2014.06.28-03.57.26:290][  0]LoadErrors: Info Failed to load /Game/Blueprints/Characters/BotAITree.BotAITree Referenced by EdGraphPin_4125 Property /Script/Engine.EdGraphPin:DefaultObject
[2014.06.28-03.57.26:290][  0]LogLinker:Warning: Can't find file for asset '/Script/BehaviorTreeEditor' while loading D:/UDK4 Projects/Waagenbau/MyProject3/Content/Blueprints/Characters/BTT_BotWalkSpeed.uasset.
[2014.06.28-03.57.26:290][  0]LoadErrors: Info Failed to load /Game/Blueprints/Characters/BotAITree.BotAITree Referenced by EdGraphPin_4125 Property /Script/Engine.EdGraphPin:DefaultObject
[2014.06.28-03.57.26:290][  0]LoadErrors:Error: Error /Game/Blueprints/Characters/BTT_BotWalkSpeed : Can't find file for asset. /Script/BehaviorTreeEditor
[2014.06.28-03.57.26:291][  0]LogLinker:Warning: Can't find file '/Script/BehaviorTreeEditor'
[2014.06.28-03.57.26:291][  0]LoadErrors: Info Failed to load /Game/Blueprints/Characters/BotAITree.BotAITree Referenced by EdGraphPin_4125 Property /Script/Engine.EdGraphPin:DefaultObject
[2014.06.28-03.57.26:291][  0]LogLinker:Warning: Can't find file for asset '/Script/BehaviorTreeEditor' while loading D:/UDK4 Projects/Waagenbau/MyProject3/Content/Blueprints/Characters/BTT_BotWalkSpeed.uasset.
[2014.06.28-03.57.26:292][  0]LoadErrors: Info Failed to load /Game/Blueprints/Characters/BotAITree.BotAITree Referenced by EdGraphPin_4125 Property /Script/Engine.EdGraphPin:DefaultObject
[2014.06.28-03.57.26:292][  0]LoadErrors:Error: Error /Game/Blueprints/Characters/BTT_BotWalkSpeed : Can't find file for asset. /Script/BehaviorTreeEditor
[2014.06.28-03.57.26:292][  0]LogLinker:Warning: Can't find file '/Script/BehaviorTreeEditor'
[2014.06.28-03.57.26:292][  0]LoadErrors: Info Failed to load /Game/Blueprints/Characters/BotAITree.BotAITree Referenced by EdGraphPin_4125 Property /Script/Engine.EdGraphPin:DefaultObject
[2014.06.28-03.57.26:292][  0]LogLinker:Warning: Can't find file for asset '/Script/BehaviorTreeEditor' while loading D:/UDK4 Projects/Waagenbau/MyProject3/Content/Blueprints/Characters/BTT_BotWalkSpeed.uasset.
[2014.06.28-03.57.26:292][  0]LoadErrors: Info Failed to load /Game/Blueprints/Characters/BotAITree.BotAITree Referenced by EdGraphPin_4125 Property /Script/Engine.EdGraphPin:DefaultObject
[2014.06.28-03.57.26:292][  0]LoadErrors:Error: Error /Game/Blueprints/Characters/BTT_BotWalkSpeed : Can't find file for asset. /Script/BehaviorTreeEditor
[2014.06.28-03.57.26:292][  0]LogLinker:Warning: Can't find file '/Script/BehaviorTreeEditor'
[2014.06.28-03.57.26:293][  0]LoadErrors: Info Failed to load /Game/Blueprints/Characters/BotAITree.BotAITree Referenced by EdGraphPin_4125 Property /Script/Engine.EdGraphPin:DefaultObject
[2014.06.28-03.57.26:293][  0]LogLinker:Warning: Can't find file for asset '/Script/BehaviorTreeEditor' while loading D:/UDK4 Projects/Waagenbau/MyProject3/Content/Blueprints/Characters/BTT_BotWalkSpeed.uasset.
[2014.06.28-03.57.26:293][  0]LoadErrors: Info Failed to load /Game/Blueprints/Characters/BotAITree.BotAITree Referenced by EdGraphPin_4125 Property /Script/Engine.EdGraphPin:DefaultObject
[2014.06.28-03.57.26:293][  0]LoadErrors:Error: Error /Game/Blueprints/Characters/BTT_BotWalkSpeed : Can't find file for asset. /Script/BehaviorTreeEditor
[2014.06.28-03.57.26:293][  0]LogLinker:Warning: Can't find file '/Script/BehaviorTreeEditor'
[2014.06.28-03.57.26:293][  0]LoadErrors: Info Failed to load /Game/Blueprints/Characters/BotAITree.BotAITree Referenced by EdGraphPin_4125 Property /Script/Engine.EdGraphPin:DefaultObject
[2014.06.28-03.57.26:293][  0]LogLinker:Warning: Can't find file for asset '/Script/BehaviorTreeEditor' while loading D:/UDK4 Projects/Waagenbau/MyProject3/Content/Blueprints/Characters/BTT_BotWalkSpeed.uasset.
[2014.06.28-03.57.26:294][  0]LoadErrors: Info Failed to load /Game/Blueprints/Characters/BotAITree.BotAITree Referenced by EdGraphPin_4125 Property /Script/Engine.EdGraphPin:DefaultObject
[2014.06.28-03.57.26:294][  0]LoadErrors:Error: Error /Game/Blueprints/Characters/BTT_BotWalkSpeed : Can't find file for asset. /Script/BehaviorTreeEditor
[2014.06.28-03.57.26:294][  0]LogLinker:Warning: Can't find file '/Script/BehaviorTreeEditor'
[2014.06.28-03.57.26:294][  0]LoadErrors: Info Failed to load /Game/Blueprints/Characters/BotAITree.BotAITree Referenced by EdGraphPin_4125 Property /Script/Engine.EdGraphPin:DefaultObject
[2014.06.28-03.57.26:294][  0]LogLinker:Warning: Can't find file for asset '/Script/BehaviorTreeEditor' while loading D:/UDK4 Projects/Waagenbau/MyProject3/Content/Blueprints/Characters/BTT_BotWalkSpeed.uasset.
[2014.06.28-03.57.26:295][  0]LoadErrors: Info Failed to load /Game/Blueprints/Characters/BotAITree.BotAITree Referenced by EdGraphPin_4125 Property /Script/Engine.EdGraphPin:DefaultObject
[2014.06.28-03.57.26:295][  0]LoadErrors:Error: Error /Game/Blueprints/Characters/BTT_BotWalkSpeed : Can't find file for asset. /Script/BehaviorTreeEditor
[2014.06.28-03.57.26:295][  0]LogLinker:Warning: Can't find file '/Script/BehaviorTreeEditor'
[2014.06.28-03.57.26:295][  0]LoadErrors: Info Failed to load /Game/Blueprints/Characters/BotAITree.BotAITree Referenced by EdGraphPin_4125 Property /Script/Engine.EdGraphPin:DefaultObject
[2014.06.28-03.57.26:295][  0]LogLinker:Warning: Can't find file for asset '/Script/BehaviorTreeEditor' while loading D:/UDK4 Projects/Waagenbau/MyProject3/Content/Blueprints/Characters/BTT_BotWalkSpeed.uasset.
[2014.06.28-03.57.26:295][  0]LoadErrors: Info Failed to load /Game/Blueprints/Characters/BotAITree.BotAITree Referenced by EdGraphPin_4125 Property /Script/Engine.EdGraphPin:DefaultObject
[2014.06.28-03.57.26:295][  0]LoadErrors:Error: Error /Game/Blueprints/Characters/BTT_BotWalkSpeed : Can't find file for asset. /Script/BehaviorTreeEditor
[2014.06.28-03.57.26:295][  0]LogLinker:Warning: Can't find file '/Script/BehaviorTreeEditor'
[2014.06.28-03.57.26:295][  0]LoadErrors: Info Failed to load /Game/Blueprints/Characters/BotAITree.BotAITree Referenced by EdGraphPin_4125 Property /Script/Engine.EdGraphPin:DefaultObject
[2014.06.28-03.57.26:296][  0]LogLinker:Warning: Can't find file for asset '/Script/BehaviorTreeEditor' while loading D:/UDK4 Projects/Waagenbau/MyProject3/Content/Blueprints/Characters/BTT_BotWalkSpeed.uasset.
[2014.06.28-03.57.26:296][  0]LoadErrors: Info Failed to load /Game/Blueprints/Characters/BotAITree.BotAITree Referenced by EdGraphPin_4125 Property /Script/Engine.EdGraphPin:DefaultObject
[2014.06.28-03.57.26:296][  0]LoadErrors:Error: Error /Game/Blueprints/Characters/BTT_BotWalkSpeed : Can't find file for asset. /Script/BehaviorTreeEditor
[2014.06.28-03.57.26:296][  0]LogLinker:Warning: Can't find file '/Script/BehaviorTreeEditor'
[2014.06.28-03.57.26:296][  0]LoadErrors: Info Failed to load /Game/Blueprints/Characters/BotAITree.BotAITree Referenced by EdGraphPin_4125 Property /Script/Engine.EdGraphPin:DefaultObject
[2014.06.28-03.57.26:296][  0]LogLinker:Warning: Can't find file for asset '/Script/BehaviorTreeEditor' while loading D:/UDK4 Projects/Waagenbau/MyProject3/Content/Blueprints/Characters/BTT_BotWalkSpeed.uasset.
[2014.06.28-03.57.26:296][  0]LoadErrors: Info Failed to load /Game/Blueprints/Characters/BotAITree.BotAITree Referenced by EdGraphPin_4125 Property /Script/Engine.EdGraphPin:DefaultObject
[2014.06.28-03.57.26:296][  0]LoadErrors:Error: Error /Game/Blueprints/Characters/BTT_BotWalkSpeed : Can't find file for asset. /Script/BehaviorTreeEditor
[2014.06.28-03.57.26:296][  0]LogLinker:Warning: Can't find file '/Script/BehaviorTreeEditor'
[2014.06.28-03.57.26:296][  0]LoadErrors: Info Failed to load /Game/Blueprints/Characters/BotAITree.BotAITree Referenced by EdGraphPin_4125 Property /Script/Engine.EdGraphPin:DefaultObject
[2014.06.28-03.57.26:296][  0]LogLinker:Warning: Can't find file for asset '/Script/BehaviorTreeEditor' while loading D:/UDK4 Projects/Waagenbau/MyProject3/Content/Blueprints/Characters/BTT_BotWalkSpeed.uasset.
[2014.06.28-03.57.26:297][  0]LoadErrors: Info Failed to load /Game/Blueprints/Characters/BotAITree.BotAITree Referenced by EdGraphPin_4125 Property /Script/Engine.EdGraphPin:DefaultObject
[2014.06.28-03.57.26:297][  0]LoadErrors:Error: Error /Game/Blueprints/Characters/BTT_BotWalkSpeed : Can't find file for asset. /Script/BehaviorTreeEditor
[2014.06.28-03.57.26:297][  0]LogLinker:Warning: Can't find file '/Script/BehaviorTreeEditor'
[2014.06.28-03.57.26:297][  0]LoadErrors: Info Failed to load /Game/Blueprints/Characters/BotAITree.BotAITree Referenced by EdGraphPin_4125 Property /Script/Engine.EdGraphPin:DefaultObject
[2014.06.28-03.57.26:297][  0]LogLinker:Warning: Can't find file for asset '/Script/BehaviorTreeEditor' while loading D:/UDK4 Projects/Waagenbau/MyProject3/Content/Blueprints/Characters/BTT_BotWalkSpeed.uasset.
[2014.06.28-03.57.26:297][  0]LoadErrors: Info Failed to load /Game/Blueprints/Characters/BotAITree.BotAITree Referenced by EdGraphPin_4125 Property /Script/Engine.EdGraphPin:DefaultObject
[2014.06.28-03.57.26:297][  0]LoadErrors:Error: Error /Game/Blueprints/Characters/BTT_BotWalkSpeed : Can't find file for asset. /Script/BehaviorTreeEditor
[2014.06.28-03.57.26:297][  0]LogLinker:Warning: Can't find file '/Script/BehaviorTreeEditor'
[2014.06.28-03.57.26:297][  0]LoadErrors: Info Failed to load /Game/Blueprints/Characters/BotAITree.BotAITree Referenced by EdGraphPin_4125 Property /Script/Engine.EdGraphPin:DefaultObject
[2014.06.28-03.57.26:297][  0]LogLinker:Warning: Can't find file for asset '/Script/BehaviorTreeEditor' while loading D:/UDK4 Projects/Waagenbau/MyProject3/Content/Blueprints/Characters/BTT_BotWalkSpeed.uasset.
[2014.06.28-03.57.26:298][  0]LoadErrors: Info Failed to load /Game/Blueprints/Characters/BotAITree.BotAITree Referenced by EdGraphPin_4125 Property /Script/Engine.EdGraphPin:DefaultObject
[2014.06.28-03.57.26:298][  0]LoadErrors:Error: Error /Game/Blueprints/Characters/BTT_BotWalkSpeed : Can't find file for asset. /Script/BehaviorTreeEditor
[2014.06.28-03.57.26:298][  0]LogLinker:Warning: Can't find file '/Script/BehaviorTreeEditor'
[2014.06.28-03.57.26:298][  0]LoadErrors: Info Failed to load /Game/Blueprints/Characters/BotAITree.BotAITree Referenced by EdGraphPin_4125 Property /Script/Engine.EdGraphPin:DefaultObject
[2014.06.28-03.57.26:298][  0]LogLinker:Warning: Can't find file for asset '/Script/BehaviorTreeEditor' while loading D:/UDK4 Projects/Waagenbau/MyProject3/Content/Blueprints/Characters/BTT_BotWalkSpeed.uasset.
[2014.06.28-03.57.26:298][  0]LoadErrors: Info Failed to load /Game/Blueprints/Characters/BotAITree.BotAITree Referenced by EdGraphPin_4125 Property /Script/Engine.EdGraphPin:DefaultObject
[2014.06.28-03.57.26:298][  0]LoadErrors:Error: Error /Game/Blueprints/Characters/BTT_BotWalkSpeed : Can't find file for asset. /Script/BehaviorTreeEditor
[2014.06.28-03.57.26:298][  0]LogLinker:Warning: Can't find file '/Script/BehaviorTreeEditor'
[2014.06.28-03.57.26:298][  0]LoadErrors: Info Failed to load /Game/Blueprints/Characters/BotAITree.BotAITree Referenced by EdGraphPin_4125 Property /Script/Engine.EdGraphPin:DefaultObject
[2014.06.28-03.57.26:298][  0]LogLinker:Warning: Can't find file for asset '/Script/BehaviorTreeEditor' while loading D:/UDK4 Projects/Waagenbau/MyProject3/Content/Blueprints/Characters/BTT_BotWalkSpeed.uasset.
[2014.06.28-03.57.26:298][  0]LoadErrors: Info Failed to load /Game/Blueprints/Characters/BotAITree.BotAITree Referenced by EdGraphPin_4125 Property /Script/Engine.EdGraphPin:DefaultObject
[2014.06.28-03.57.26:298][  0]LoadErrors:Error: Error /Game/Blueprints/Characters/BTT_BotWalkSpeed : Can't find file for asset. /Script/BehaviorTreeEditor
[2014.06.28-03.57.26:299][  0]LogLinker:Warning: Can't find file '/Script/BehaviorTreeEditor'
[2014.06.28-03.57.26:299][  0]LoadErrors: Info Failed to load /Game/Blueprints/Characters/BotAITree.BotAITree Referenced by EdGraphPin_4125 Property /Script/Engine.EdGraphPin:DefaultObject
[2014.06.28-03.57.26:299][  0]LogLinker:Warning: Can't find file for asset '/Script/BehaviorTreeEditor' while loading D:/UDK4 Projects/Waagenbau/MyProject3/Content/Blueprints/Characters/BTT_BotWalkSpeed.uasset.
[2014.06.28-03.57.26:299][  0]LoadErrors: Info Failed to load /Game/Blueprints/Characters/BotAITree.BotAITree Referenced by EdGraphPin_4125 Property /Script/Engine.EdGraphPin:DefaultObject
[2014.06.28-03.57.26:299][  0]LoadErrors:Error: Error /Game/Blueprints/Characters/BTT_BotWalkSpeed : Can't find file for asset. /Script/BehaviorTreeEditor
[2014.06.28-03.57.26:299][  0]LogLinker:Warning: Can't find file '/Script/BehaviorTreeEditor'
[2014.06.28-03.57.26:299][  0]LoadErrors: Info Failed to load /Game/Blueprints/Characters/BotAITree.BotAITree Referenced by EdGraphPin_4125 Property /Script/Engine.EdGraphPin:DefaultObject
[2014.06.28-03.57.26:299][  0]LogLinker:Warning: Can't find file for asset '/Script/BehaviorTreeEditor' while loading D:/UDK4 Projects/Waagenbau/MyProject3/Content/Blueprints/Characters/BTT_BotWalkSpeed.uasset.
[2014.06.28-03.57.26:299][  0]LoadErrors: Info Failed to load /Game/Blueprints/Characters/BotAITree.BotAITree Referenced by EdGraphPin_4125 Property /Script/Engine.EdGraphPin:DefaultObject
[2014.06.28-03.57.26:299][  0]LoadErrors:Error: Error /Game/Blueprints/Characters/BTT_BotWalkSpeed : Can't find file for asset. /Script/BehaviorTreeEditor
[2014.06.28-03.57.26:299][  0]LogLinker:Warning: Can't find file '/Script/BehaviorTreeEditor'
[2014.06.28-03.57.26:300][  0]LoadErrors: Info Failed to load /Game/Blueprints/Characters/BotAITree.BotAITree Referenced by EdGraphPin_4125 Property /Script/Engine.EdGraphPin:DefaultObject
[2014.06.28-03.57.26:300][  0]LogLinker:Warning: Can't find file for asset '/Script/BehaviorTreeEditor' while loading D:/UDK4 Projects/Waagenbau/MyProject3/Content/Blueprints/Characters/BTT_BotWalkSpeed.uasset.
[2014.06.28-03.57.26:300][  0]LoadErrors: Info Failed to load /Game/Blueprints/Characters/BotAITree.BotAITree Referenced by EdGraphPin_4125 Property /Script/Engine.EdGraphPin:DefaultObject
[2014.06.28-03.57.26:300][  0]LoadErrors:Error: Error /Game/Blueprints/Characters/BTT_BotWalkSpeed : Can't find file for asset. /Script/BehaviorTreeEditor
[2014.06.28-03.57.26:300][  0]LogLinker:Warning: Can't find file '/Script/BehaviorTreeEditor'
[2014.06.28-03.57.26:300][  0]LoadErrors: Info Failed to load /Game/Blueprints/Characters/BotAITree.BotAITree Referenced by EdGraphPin_4125 Property /Script/Engine.EdGraphPin:DefaultObject
[2014.06.28-03.57.26:300][  0]LogLinker:Warning: Can't find file for asset '/Script/BehaviorTreeEditor' while loading D:/UDK4 Projects/Waagenbau/MyProject3/Content/Blueprints/Characters/BTT_BotWalkSpeed.uasset.
[2014.06.28-03.57.26:300][  0]LoadErrors: Info Failed to load /Game/Blueprints/Characters/BotAITree.BotAITree Referenced by EdGraphPin_4125 Property /Script/Engine.EdGraphPin:DefaultObject
[2014.06.28-03.57.26:300][  0]LoadErrors:Error: Error /Game/Blueprints/Characters/BTT_BotWalkSpeed : Can't find file for asset. /Script/BehaviorTreeEditor
[2014.06.28-03.57.26:300][  0]LogLinker:Warning: Can't find file '/Script/BehaviorTreeEditor'
[2014.06.28-03.57.26:300][  0]LoadErrors: Info Failed to load /Game/Blueprints/Characters/BotAITree.BotAITree Referenced by EdGraphPin_4125 Property /Script/Engine.EdGraphPin:DefaultObject
[2014.06.28-03.57.26:301][  0]LogLinker:Warning: Can't find file for asset '/Script/BehaviorTreeEditor' while loading D:/UDK4 Projects/Waagenbau/MyProject3/Content/Blueprints/Characters/BTT_BotWalkSpeed.uasset.
[2014.06.28-03.57.26:301][  0]LoadErrors: Info Failed to load /Game/Blueprints/Characters/BotAITree.BotAITree Referenced by EdGraphPin_4125 Property /Script/Engine.EdGraphPin:DefaultObject
[2014.06.28-03.57.26:301][  0]LoadErrors:Error: Error /Game/Blueprints/Characters/BTT_BotWalkSpeed : Can't find file for asset. /Script/BehaviorTreeEditor
[2014.06.28-03.57.26:301][  0]LogLinker:Warning: Can't find file '/Script/BehaviorTreeEditor'
[2014.06.28-03.57.26:301][  0]LoadErrors: Info Failed to load /Game/Blueprints/Characters/BotAITree.BotAITree Referenced by EdGraphPin_4125 Property /Script/Engine.EdGraphPin:DefaultObject
[2014.06.28-03.57.26:301][  0]LogLinker:Warning: Can't find file for asset '/Script/BehaviorTreeEditor' while loading D:/UDK4 Projects/Waagenbau/MyProject3/Content/Blueprints/Characters/BTT_BotWalkSpeed.uasset.
[2014.06.28-03.57.26:301][  0]LoadErrors: Info Failed to load /Game/Blueprints/Characters/BotAITree.BotAITree Referenced by EdGraphPin_4125 Property /Script/Engine.EdGraphPin:DefaultObject
[2014.06.28-03.57.26:301][  0]LoadErrors:Error: Error /Game/Blueprints/Characters/BTT_BotWalkSpeed : Can't find file for asset. /Script/BehaviorTreeEditor
[2014.06.28-03.57.26:301][  0]LogLinker:Warning: Can't find file '/Script/BehaviorTreeEditor'
[2014.06.28-03.57.26:301][  0]LoadErrors: Info Failed to load /Game/Blueprints/Characters/BotAITree.BotAITree Referenced by EdGraphPin_4125 Property /Script/Engine.EdGraphPin:DefaultObject
[2014.06.28-03.57.26:302][  0]LogLinker:Warning: Can't find file for asset '/Script/BehaviorTreeEditor' while loading D:/UDK4 Projects/Waagenbau/MyProject3/Content/Blueprints/Characters/BTT_BotWalkSpeed.uasset.
[2014.06.28-03.57.26:302][  0]LoadErrors: Info Failed to load /Game/Blueprints/Characters/BotAITree.BotAITree Referenced by EdGraphPin_4125 Property /Script/Engine.EdGraphPin:DefaultObject
[2014.06.28-03.57.26:302][  0]LoadErrors:Error: Error /Game/Blueprints/Characters/BTT_BotWalkSpeed : Can't find file for asset. /Script/BehaviorTreeEditor
[2014.06.28-03.57.26:327][  0]LogLinker:Warning: Can't find file '/Script/BehaviorTreeEditor'
[2014.06.28-03.57.26:327][  0]LoadErrors: Info Failed to load /Game/Blueprints/Characters/BotAITree.BotAITree Referenced by EdGraphPin_4125 Property /Script/Engine.EdGraphPin:DefaultObject
[2014.06.28-03.57.26:327][  0]LogLinker:Warning: Can't find file for asset '/Script/BehaviorTreeEditor' while loading D:/UDK4 Projects/Waagenbau/MyProject3/Content/Blueprints/Characters/BTT_BotWalkSpeed.uasset.
[2014.06.28-03.57.26:327][  0]LoadErrors: Info Failed to load /Game/Blueprints/Characters/BotAITree.BotAITree Referenced by EdGraphPin_4125 Property /Script/Engine.EdGraphPin:DefaultObject
[2014.06.28-03.57.26:327][  0]LoadErrors:Error: Error /Game/Blueprints/Characters/BTT_BotWalkSpeed : Can't find file for asset. /Script/BehaviorTreeEditor
[2014.06.28-03.57.26:327][  0]LogLinker:Warning: Can't find file '/Script/BehaviorTreeEditor'
[2014.06.28-03.57.26:327][  0]LoadErrors: Info Failed to load /Game/Blueprints/Characters/BotAITree.BotAITree Referenced by EdGraphPin_4125 Property /Script/Engine.EdGraphPin:DefaultObject
[2014.06.28-03.57.26:328][  0]LogLinker:Warning: Can't find file for asset '/Script/BehaviorTreeEditor' while loading D:/UDK4 Projects/Waagenbau/MyProject3/Content/Blueprints/Characters/BTT_BotWalkSpeed.uasset.
[2014.06.28-03.57.26:328][  0]LoadErrors: Info Failed to load /Game/Blueprints/Characters/BotAITree.BotAITree Referenced by EdGraphPin_4125 Property /Script/Engine.EdGraphPin:DefaultObject
[2014.06.28-03.57.26:328][  0]LoadErrors:Error: Error /Game/Blueprints/Characters/BTT_BotWalkSpeed : Can't find file for asset. /Script/BehaviorTreeEditor
[2014.06.28-03.57.26:328][  0]LogLinker:Warning: CreateExport: Failed to load Outer for resource 'EdGraphPin_7958': BehaviorTreeGraphNode_Composite /Game/Blueprints/Characters/BotAITree.BotAITree:Behavior Tree.BehaviorTreeGraphNode_Composite_15
[2014.06.28-03.57.26:328][  0]LogLinker:Warning: Can't find file '/Script/BehaviorTreeEditor'
[2014.06.28-03.57.26:328][  0]LoadErrors: Info Failed to load /Game/Blueprints/Characters/BotAITree.BotAITree Referenced by EdGraphPin_4125 Property /Script/Engine.EdGraphPin:DefaultObject
[2014.06.28-03.57.26:328][  0]LogLinker:Warning: Can't find file for asset '/Script/BehaviorTreeEditor' while loading D:/UDK4 Projects/Waagenbau/MyProject3/Content/Blueprints/Characters/BTT_BotWalkSpeed.uasset.
[2014.06.28-03.57.26:328][  0]LoadErrors: Info Failed to load /Game/Blueprints/Characters/BotAITree.BotAITree Referenced by EdGraphPin_4125 Property /Script/Engine.EdGraphPin:DefaultObject
[2014.06.28-03.57.26:328][  0]LoadErrors:Error: Error /Game/Blueprints/Characters/BTT_BotWalkSpeed : Can't find file for asset. /Script/BehaviorTreeEditor
[2014.06.28-03.57.26:328][  0]LogLinker:Warning: Can't find file '/Script/BehaviorTreeEditor'
[2014.06.28-03.57.26:328][  0]LoadErrors: Info Failed to load /Game/Blueprints/Characters/BotAITree.BotAITree Referenced by EdGraphPin_4125 Property /Script/Engine.EdGraphPin:DefaultObject
[2014.06.28-03.57.26:329][  0]LogLinker:Warning: Can't find file for asset '/Script/BehaviorTreeEditor' while loading D:/UDK4 Projects/Waagenbau/MyProject3/Content/Blueprints/Characters/BTT_BotWalkSpeed.uasset.
[2014.06.28-03.57.26:329][  0]LoadErrors: Info Failed to load /Game/Blueprints/Characters/BotAITree.BotAITree Referenced by EdGraphPin_4125 Property /Script/Engine.EdGraphPin:DefaultObject
[2014.06.28-03.57.26:329][  0]LoadErrors:Error: Error /Game/Blueprints/Characters/BTT_BotWalkSpeed : Can't find file for asset. /Script/BehaviorTreeEditor
[2014.06.28-03.57.26:329][  0]LogLinker:Warning: CreateExport: Failed to load Outer for resource 'EdGraphPin_7959': BehaviorTreeGraphNode_Composite /Game/Blueprints/Characters/BotAITree.BotAITree:Behavior Tree.BehaviorTreeGraphNode_Composite_15
[2014.06.28-03.57.26:329][  0]LogLinker:Warning: Can't find file '/Script/BehaviorTreeEditor'
[2014.06.28-03.57.26:329][  0]LoadErrors: Info Failed to load /Game/Blueprints/Characters/BotAITree.BotAITree Referenced by EdGraphPin_4125 Property /Script/Engine.EdGraphPin:DefaultObject
[2014.06.28-03.57.26:329][  0]LogLinker:Warning: Can't find file for asset '/Script/BehaviorTreeEditor' while loading D:/UDK4 Projects/Waagenbau/MyProject3/Content/Blueprints/Characters/BTT_BotWalkSpeed.uasset.
[2014.06.28-03.57.26:329][  0]LoadErrors: Info Failed to load /Game/Blueprints/Characters/BotAITree.BotAITree Referenced by EdGraphPin_4125 Property /Script/Engine.EdGraphPin:DefaultObject
[2014.06.28-03.57.26:329][  0]LoadErrors:Error: Error /Game/Blueprints/Characters/BTT_BotWalkSpeed : Can't find file for asset. /Script/BehaviorTreeEditor
[2014.06.28-03.57.26:329][  0]LogLinker:Warning: Can't find file '/Script/BehaviorTreeEditor'
[2014.06.28-03.57.26:329][  0]LoadErrors: Info Failed to load /Game/Blueprints/Characters/BotAITree.BotAITree Referenced by EdGraphPin_4125 Property /Script/Engine.EdGraphPin:DefaultObject
[2014.06.28-03.57.26:329][  0]LogLinker:Warning: Can't find file for asset '/Script/BehaviorTreeEditor' while loading D:/UDK4 Projects/Waagenbau/MyProject3/Content/Blueprints/Characters/BTT_BotWalkSpeed.uasset.
[2014.06.28-03.57.26:330][  0]LoadErrors: Info Failed to load /Game/Blueprints/Characters/BotAITree.BotAITree Referenced by EdGraphPin_4125 Property /Script/Engine.EdGraphPin:DefaultObject
[2014.06.28-03.57.26:330][  0]LoadErrors:Error: Error /Game/Blueprints/Characters/BTT_BotWalkSpeed : Can't find file for asset. /Script/BehaviorTreeEditor
[2014.06.28-03.57.26:330][  0]LogLinker:Warning: CreateExport: Failed to load Outer for resource 'EdGraphPin_7817': BehaviorTreeGraphNode_Composite /Game/Blueprints/Characters/BotAITree.BotAITree:Behavior Tree.BehaviorTreeGraphNode_Composite_2
[2014.06.28-03.57.26:330][  0]LogLinker:Warning: Can't find file '/Script/BehaviorTreeEditor'
[2014.06.28-03.57.26:330][  0]LoadErrors: Info Failed to load /Game/Blueprints/Characters/BotAITree.BotAITree Referenced by EdGraphPin_4125 Property /Script/Engine.EdGraphPin:DefaultObject
[2014.06.28-03.57.26:330][  0]LogLinker:Warning: Can't find file for asset '/Script/BehaviorTreeEditor' while loading D:/UDK4 Projects/Waagenbau/MyProject3/Content/Blueprints/Characters/BTT_BotWalkSpeed.uasset.
[2014.06.28-03.57.26:330][  0]LoadErrors: Info Failed to load /Game/Blueprints/Characters/BotAITree.BotAITree Referenced by EdGraphPin_4125 Property /Script/Engine.EdGraphPin:DefaultObject
[2014.06.28-03.57.26:330][  0]LoadErrors:Error: Error /Game/Blueprints/Characters/BTT_BotWalkSpeed : Can't find file for asset. /Script/BehaviorTreeEditor
[2014.06.28-03.57.26:330][  0]LogLinker:Warning: Can't find file '/Script/BehaviorTreeEditor'
[2014.06.28-03.57.26:330][  0]LoadErrors: Info Failed to load /Game/Blueprints/Characters/BotAITree.BotAITree Referenced by EdGraphPin_4125 Property /Script/Engine.EdGraphPin:DefaultObject
[2014.06.28-03.57.26:330][  0]LogLinker:Warning: Can't find file for asset '/Script/BehaviorTreeEditor' while loading D:/UDK4 Projects/Waagenbau/MyProject3/Content/Blueprints/Characters/BTT_BotWalkSpeed.uasset.
[2014.06.28-03.57.26:331][  0]LoadErrors: Info Failed to load /Game/Blueprints/Characters/BotAITree.BotAITree Referenced by EdGraphPin_4125 Property /Script/Engine.EdGraphPin:DefaultObject
[2014.06.28-03.57.26:331][  0]LoadErrors:Error: Error /Game/Blueprints/Characters/BTT_BotWalkSpeed : Can't find file for asset. /Script/BehaviorTreeEditor
[2014.06.28-03.57.26:331][  0]LogLinker:Warning: CreateExport: Failed to load Outer for resource 'EdGraphPin_7818': BehaviorTreeGraphNode_Composite /Game/Blueprints/Characters/BotAITree.BotAITree:Behavior Tree.BehaviorTreeGraphNode_Composite_2
[2014.06.28-03.57.26:331][  0]LogLinker:Warning: Can't find file '/Script/BehaviorTreeEditor'
[2014.06.28-03.57.26:331][  0]LoadErrors: Info Failed to load /Game/Blueprints/Characters/BotAITree.BotAITree Referenced by EdGraphPin_4125 Property /Script/Engine.EdGraphPin:DefaultObject
[2014.06.28-03.57.26:331][  0]LogLinker:Warning: Can't find file for asset '/Script/BehaviorTreeEditor' while loading D:/UDK4 Projects/Waagenbau/MyProject3/Content/Blueprints/Characters/BTT_BotWalkSpeed.uasset.
[2014.06.28-03.57.26:331][  0]LoadErrors: Info Failed to load /Game/Blueprints/Characters/BotAITree.BotAITree Referenced by EdGraphPin_4125 Property /Script/Engine.EdGraphPin:DefaultObject
[2014.06.28-03.57.26:331][  0]LoadErrors:Error: Error /Game/Blueprints/Characters/BTT_BotWalkSpeed : Can't find file for asset. /Script/BehaviorTreeEditor
[2014.06.28-03.57.26:331][  0]LogLinker:Warning: Can't find file '/Script/BehaviorTreeEditor'
[2014.06.28-03.57.26:331][  0]LoadErrors: Info Failed to load /Game/Blueprints/Characters/BotAITree.BotAITree Referenced by EdGraphPin_4125 Property /Script/Engine.EdGraphPin:DefaultObject
[2014.06.28-03.57.26:331][  0]LogLinker:Warning: Can't find file for asset '/Script/BehaviorTreeEditor' while loading D:/UDK4 Projects/Waagenbau/MyProject3/Content/Blueprints/Characters/BTT_BotWalkSpeed.uasset.
[2014.06.28-03.57.26:332][  0]LoadErrors: Info Failed to load /Game/Blueprints/Characters/BotAITree.BotAITree Referenced by EdGraphPin_4125 Property /Script/Engine.EdGraphPin:DefaultObject
[2014.06.28-03.57.26:332][  0]LoadErrors:Error: Error /Game/Blueprints/Characters/BTT_BotWalkSpeed : Can't find file for asset. /Script/BehaviorTreeEditor
[2014.06.28-03.57.26:332][  0]LogLinker:Warning: CreateExport: Failed to load Outer for resource 'EdGraphPin_7960': BehaviorTreeGraphNode_Composite /Game/Blueprints/Characters/BotAITree.BotAITree:Behavior Tree.BehaviorTreeGraphNode_Composite_22
[2014.06.28-03.57.26:332][  0]LogLinker:Warning: Can't find file '/Script/BehaviorTreeEditor'
[2014.06.28-03.57.26:332][  0]LoadErrors: Info Failed to load /Game/Blueprints/Characters/BotAITree.BotAITree Referenced by EdGraphPin_4125 Property /Script/Engine.EdGraphPin:DefaultObject
[2014.06.28-03.57.26:332][  0]LogLinker:Warning: Can't find file for asset '/Script/BehaviorTreeEditor' while loading D:/UDK4 Projects/Waagenbau/MyProject3/Content/Blueprints/Characters/BTT_BotWalkSpeed.uasset.
[2014.06.28-03.57.26:332][  0]LoadErrors: Info Failed to load /Game/Blueprints/Characters/BotAITree.BotAITree Referenced by EdGraphPin_4125 Property /Script/Engine.EdGraphPin:DefaultObject
[2014.06.28-03.57.26:332][  0]LoadErrors:Error: Error /Game/Blueprints/Characters/BTT_BotWalkSpeed : Can't find file for asset. /Script/BehaviorTreeEditor
[2014.06.28-03.57.26:332][  0]LogLinker:Warning: Can't find file '/Script/BehaviorTreeEditor'
[2014.06.28-03.57.26:332][  0]LoadErrors: Info Failed to load /Game/Blueprints/Characters/BotAITree.BotAITree Referenced by EdGraphPin_4125 Property /Script/Engine.EdGraphPin:DefaultObject
[2014.06.28-03.57.26:332][  0]LogLinker:Warning: Can't find file for asset '/Script/BehaviorTreeEditor' while loading D:/UDK4 Projects/Waagenbau/MyProject3/Content/Blueprints/Characters/BTT_BotWalkSpeed.uasset.
[2014.06.28-03.57.26:333][  0]LoadErrors: Info Failed to load /Game/Blueprints/Characters/BotAITree.BotAITree Referenced by EdGraphPin_4125 Property /Script/Engine.EdGraphPin:DefaultObject
[2014.06.28-03.57.26:333][  0]LoadErrors:Error: Error /Game/Blueprints/Characters/BTT_BotWalkSpeed : Can't find file for asset. /Script/BehaviorTreeEditor
[2014.06.28-03.57.26:333][  0]LogLinker:Warning: CreateExport: Failed to load Outer for resource 'EdGraphPin_7961': BehaviorTreeGraphNode_Composite /Game/Blueprints/Characters/BotAITree.BotAITree:Behavior Tree.BehaviorTreeGraphNode_Composite_22
[2014.06.28-03.57.26:333][  0]LogLinker:Warning: Can't find file '/Script/BehaviorTreeEditor'
[2014.06.28-03.57.26:333][  0]LoadErrors: Info Failed to load /Game/Blueprints/Characters/BotAITree.BotAITree Referenced by EdGraphPin_4125 Property /Script/Engine.EdGraphPin:DefaultObject
[2014.06.28-03.57.26:333][  0]LogLinker:Warning: Can't find file for asset '/Script/BehaviorTreeEditor' while loading D:/UDK4 Projects/Waagenbau/MyProject3/Content/Blueprints/Characters/BTT_BotWalkSpeed.uasset.
[2014.06.28-03.57.26:333][  0]LoadErrors: Info Failed to load /Game/Blueprints/Characters/BotAITree.BotAITree Referenced by EdGraphPin_4125 Property /Script/Engine.EdGraphPin:DefaultObject
[2014.06.28-03.57.26:333][  0]LoadErrors:Error: Error /Game/Blueprints/Characters/BTT_BotWalkSpeed : Can't find file for asset. /Script/BehaviorTreeEditor
[2014.06.28-03.57.26:333][  0]LogLinker:Warning: Can't find file '/Script/BehaviorTreeEditor'
[2014.06.28-03.57.26:333][  0]LoadErrors: Info Failed to load /Game/Blueprints/Characters/BotAITree.BotAITree Referenced by EdGraphPin_4125 Property /Script/Engine.EdGraphPin:DefaultObject
[2014.06.28-03.57.26:333][  0]LogLinker:Warning: Can't find file for asset '/Script/BehaviorTreeEditor' while loading D:/UDK4 Projects/Waagenbau/MyProject3/Content/Blueprints/Characters/BTT_BotWalkSpeed.uasset.
[2014.06.28-03.57.26:333][  0]LoadErrors: Info Failed to load /Game/Blueprints/Characters/BotAITree.BotAITree Referenced by EdGraphPin_4125 Property /Script/Engine.EdGraphPin:DefaultObject
[2014.06.28-03.57.26:334][  0]LoadErrors:Error: Error /Game/Blueprints/Characters/BTT_BotWalkSpeed : Can't find file for asset. /Script/BehaviorTreeEditor
[2014.06.28-03.57.26:334][  0]LogLinker:Warning: CreateExport: Failed to load Outer for resource 'EdGraphPin_7110': BehaviorTreeGraphNode_Root /Game/Blueprints/Characters/BotAITree.BotAITree:Behavior Tree.BehaviorTreeGraphNode_Root_0
[2014.06.28-03.57.26:334][  0]LogLinker:Warning: Can't find file '/Script/BehaviorTreeEditor'
[2014.06.28-03.57.26:334][  0]LoadErrors: Info Failed to load /Game/Blueprints/Characters/BotAITree.BotAITree Referenced by EdGraphPin_4125 Property /Script/Engine.EdGraphPin:DefaultObject
[2014.06.28-03.57.26:334][  0]LogLinker:Warning: Can't find file for asset '/Script/BehaviorTreeEditor' while loading D:/UDK4 Projects/Waagenbau/MyProject3/Content/Blueprints/Characters/BTT_BotWalkSpeed.uasset.
[2014.06.28-03.57.26:334][  0]LoadErrors: Info Failed to load /Game/Blueprints/Characters/BotAITree.BotAITree Referenced by EdGraphPin_4125 Property /Script/Engine.EdGraphPin:DefaultObject
[2014.06.28-03.57.26:334][  0]LoadErrors:Error: Error /Game/Blueprints/Characters/BTT_BotWalkSpeed : Can't find file for asset. /Script/BehaviorTreeEditor
[2014.06.28-03.57.26:334][  0]LogLinker:Warning: Can't find file '/Script/BehaviorTreeEditor'
[2014.06.28-03.57.26:334][  0]LoadErrors: Info Failed to load /Game/Blueprints/Characters/BotAITree.BotAITree Referenced by EdGraphPin_4125 Property /Script/Engine.EdGraphPin:DefaultObject
[2014.06.28-03.57.26:334][  0]LogLinker:Warning: Can't find file for asset '/Script/BehaviorTreeEditor' while loading D:/UDK4 Projects/Waagenbau/MyProject3/Content/Blueprints/Characters/BTT_BotWalkSpeed.uasset.
[2014.06.28-03.57.26:334][  0]LoadErrors: Info Failed to load /Game/Blueprints/Characters/BotAITree.BotAITree Referenced by EdGraphPin_4125 Property /Script/Engine.EdGraphPin:DefaultObject
[2014.06.28-03.57.26:334][  0]LoadErrors:Error: Error /Game/Blueprints/Characters/BTT_BotWalkSpeed : Can't find file for asset. /Script/BehaviorTreeEditor
[2014.06.28-03.57.26:334][  0]LogLinker:Warning: CreateExport: Failed to load Outer for resource 'EdGraphPin_7894': BehaviorTreeGraphNode_Task /Game/Blueprints/Characters/BotAITree.BotAITree:Behavior Tree.BehaviorTreeGraphNode_Task_26
[2014.06.28-03.57.26:335][  0]LogLinker:Warning: Can't find file '/Script/BehaviorTreeEditor'
[2014.06.28-03.57.26:335][  0]LoadErrors: Info Failed to load /Game/Blueprints/Characters/BotAITree.BotAITree Referenced by EdGraphPin_4125 Property /Script/Engine.EdGraphPin:DefaultObject
[2014.06.28-03.57.26:335][  0]LogLinker:Warning: Can't find file for asset '/Script/BehaviorTreeEditor' while loading D:/UDK4 Projects/Waagenbau/MyProject3/Content/Blueprints/Characters/BTT_BotWalkSpeed.uasset.
[2014.06.28-03.57.26:335][  0]LoadErrors: Info Failed to load /Game/Blueprints/Characters/BotAITree.BotAITree Referenced by EdGraphPin_4125 Property /Script/Engine.EdGraphPin:DefaultObject
[2014.06.28-03.57.26:335][  0]LoadErrors:Error: Error /Game/Blueprints/Characters/BTT_BotWalkSpeed : Can't find file for asset. /Script/BehaviorTreeEditor
[2014.06.28-03.57.26:335][  0]LogLinker:Warning: Can't find file '/Script/BehaviorTreeEditor'
[2014.06.28-03.57.26:335][  0]LoadErrors: Info Failed to load /Game/Blueprints/Characters/BotAITree.BotAITree Referenced by EdGraphPin_4125 Property /Script/Engine.EdGraphPin:DefaultObject
[2014.06.28-03.57.26:335][  0]LogLinker:Warning: Can't find file for asset '/Script/BehaviorTreeEditor' while loading D:/UDK4 Projects/Waagenbau/MyProject3/Content/Blueprints/Characters/BTT_BotWalkSpeed.uasset.
[2014.06.28-03.57.26:335][  0]LoadErrors: Info Failed to load /Game/Blueprints/Characters/BotAITree.BotAITree Referenced by EdGraphPin_4125 Property /Script/Engine.EdGraphPin:DefaultObject
[2014.06.28-03.57.26:335][  0]LoadErrors:Error: Error /Game/Blueprints/Characters/BTT_BotWalkSpeed : Can't find file for asset. /Script/BehaviorTreeEditor
[2014.06.28-03.57.26:335][  0]LogLinker:Warning: CreateExport: Failed to load Outer for resource 'EdGraphPin_7895': BehaviorTreeGraphNode_Task /Game/Blueprints/Characters/BotAITree.BotAITree:Behavior Tree.BehaviorTreeGraphNode_Task_35
[2014.06.28-03.57.26:335][  0]LogLinker:Warning: Can't find file '/Script/BehaviorTreeEditor'
[2014.06.28-03.57.26:336][  0]LoadErrors: Info Failed to load /Game/Blueprints/Characters/BotAITree.BotAITree Referenced by EdGraphPin_4125 Property /Script/Engine.EdGraphPin:DefaultObject
[2014.06.28-03.57.26:336][  0]LogLinker:Warning: Can't find file for asset '/Script/BehaviorTreeEditor' while loading D:/UDK4 Projects/Waagenbau/MyProject3/Content/Blueprints/Characters/BTT_BotWalkSpeed.uasset.
[2014.06.28-03.57.26:336][  0]LoadErrors: Info Failed to load /Game/Blueprints/Characters/BotAITree.BotAITree Referenced by EdGraphPin_4125 Property /Script/Engine.EdGraphPin:DefaultObject
[2014.06.28-03.57.26:336][  0]LoadErrors:Error: Error /Game/Blueprints/Characters/BTT_BotWalkSpeed : Can't find file for asset. /Script/BehaviorTreeEditor
[2014.06.28-03.57.26:336][  0]LogLinker:Warning: Can't find file '/Script/BehaviorTreeEditor'
[2014.06.28-03.57.26:336][  0]LoadErrors: Info Failed to load /Game/Blueprints/Characters/BotAITree.BotAITree Referenced by EdGraphPin_4125 Property /Script/Engine.EdGraphPin:DefaultObject
[2014.06.28-03.57.26:336][  0]LogLinker:Warning: Can't find file for asset '/Script/BehaviorTreeEditor' while loading D:/UDK4 Projects/Waagenbau/MyProject3/Content/Blueprints/Characters/BTT_BotWalkSpeed.uasset.
[2014.06.28-03.57.26:336][  0]LoadErrors: Info Failed to load /Game/Blueprints/Characters/BotAITree.BotAITree Referenced by EdGraphPin_4125 Property /Script/Engine.EdGraphPin:DefaultObject
[2014.06.28-03.57.26:336][  0]LoadErrors:Error: Error /Game/Blueprints/Characters/BTT_BotWalkSpeed : Can't find file for asset. /Script/BehaviorTreeEditor
[2014.06.28-03.57.26:336][  0]LogLinker:Warning: CreateExport: Failed to load Outer for resource 'EdGraphPin_8047': BehaviorTreeGraphNode_Task /Game/Blueprints/Characters/BotAITree.BotAITree:Behavior Tree.BehaviorTreeGraphNode_Task_9
[2014.06.28-03.57.26:350][  0]LogLinker:Warning: Can't find file '/Script/BehaviorTreeEditor'
[2014.06.28-03.57.26:350][  0]LogLinker:Warning: Can't find file for asset '/Script/BehaviorTreeEditor' while loading D:/UDK4 Projects/Waagenbau/MyProject3/Content/Blueprints/Characters/BotAITree.uasset.
[2014.06.28-03.57.26:350][  0]LoadErrors:Error: Error /Game/Blueprints/Characters/BotAITree : Can't find file for asset. /Script/BehaviorTreeEditor
[2014.06.28-03.57.26:350][  0]LogLinker:Warning: Can't find file '/Script/BehaviorTreeEditor'
[2014.06.28-03.57.26:350][  0]LogLinker:Warning: Can't find file for asset '/Script/BehaviorTreeEditor' while loading D:/UDK4 Projects/Waagenbau/MyProject3/Content/Blueprints/Characters/BotAITree.uasset.
[2014.06.28-03.57.26:350][  0]LoadErrors:Error: Error /Game/Blueprints/Characters/BotAITree : Can't find file for asset. /Script/BehaviorTreeEditor
[2014.06.28-03.57.26:350][  0]LogLinker:Warning: Can't find file '/Script/BehaviorTreeEditor'
[2014.06.28-03.57.26:350][  0]LogLinker:Warning: Can't find file for asset '/Script/BehaviorTreeEditor' while loading D:/UDK4 Projects/Waagenbau/MyProject3/Content/Blueprints/Characters/BotAITree.uasset.
[2014.06.28-03.57.26:350][  0]LoadErrors:Error: Error /Game/Blueprints/Characters/BotAITree : Can't find file for asset. /Script/BehaviorTreeEditor
[2014.06.28-03.57.26:351][  0]LogLinker:Warning: Can't find file '/Script/BehaviorTreeEditor'
[2014.06.28-03.57.26:351][  0]LogLinker:Warning: Can't find file for asset '/Script/BehaviorTreeEditor' while loading D:/UDK4 Projects/Waagenbau/MyProject3/Content/Blueprints/Characters/BotAITree.uasset.
[2014.06.28-03.57.26:351][  0]LoadErrors:Error: Error /Game/Blueprints/Characters/BotAITree : Can't find file for asset. /Script/BehaviorTreeEditor
[2014.06.28-03.57.26:351][  0]LogLinker:Warning: Can't find file '/Script/BehaviorTreeEditor'
[2014.06.28-03.57.26:351][  0]LogLinker:Warning: Can't find file for asset '/Script/BehaviorTreeEditor' while loading D:/UDK4 Projects/Waagenbau/MyProject3/Content/Blueprints/Characters/BotAITree.uasset.
[2014.06.28-03.57.26:351][  0]LoadErrors:Error: Error /Game/Blueprints/Characters/BotAITree : Can't find file for asset. /Script/BehaviorTreeEditor
[2014.06.28-03.57.26:351][  0]LogLinker:Warning: Can't find file '/Script/BehaviorTreeEditor'
[2014.06.28-03.57.26:351][  0]LogLinker:Warning: Can't find file for asset '/Script/BehaviorTreeEditor' while loading D:/UDK4 Projects/Waagenbau/MyProject3/Content/Blueprints/Characters/BotAITree.uasset.
[2014.06.28-03.57.26:351][  0]LoadErrors:Error: Error /Game/Blueprints/Characters/BotAITree : Can't find file for asset. /Script/BehaviorTreeEditor
[2014.06.28-03.57.26:719][  0]LogLinker:Warning: Can't find file '/Script/BehaviorTreeEditor'
[2014.06.28-03.57.26:719][  0]LogLinker:Warning: Can't find file for asset '/Script/BehaviorTreeEditor' while loading NULL.
[2014.06.28-03.57.26:719][  0]LogLinker:Warning: Can't find file '/Script/BehaviorTreeEditor'
[2014.06.28-03.57.26:719][  0]LoadErrors: Info Failed to load /Script/BehaviorTreeEditor.BehaviorTreeGraph Referenced by BotAITree Property /Script/Engine.BehaviorTree:BTGraph
[2014.06.28-03.57.26:719][  0]LogLinker:Warning: Can't find file for asset '/Script/BehaviorTreeEditor' while loading NULL.
[2014.06.28-03.57.26:720][  0]LoadErrors: Info Failed to load /Script/BehaviorTreeEditor.BehaviorTreeGraph Referenced by BotAITree Property /Script/Engine.BehaviorTree:BTGraph
[2014.06.28-03.57.27:174][  0]LogBlueprintUserMessages:Warning: SetTimer passed a bad function () or object (DiscoLight_1_C_17)
[2014.06.28-03.57.27:175][  0]LogBlueprintUserMessages:Warning: SetTimer passed a bad function () or object (DiscoLight_1_C_18)
[2014.06.28-03.57.27:175][  0]LogBlueprintUserMessages:Warning: SetTimer passed a bad function () or object (DiscoLight_1_C_19)
[2014.06.28-03.57.27:176][  0]LogBlueprintUserMessages:Warning: SetTimer passed a bad function () or object (DiscoLight_1_C_20)
[2014.06.28-03.57.27:177][  0]LogBlueprintUserMessages:Warning: SetTimer passed a bad function () or object (DiscoLight_1_C_21)
[2014.06.28-03.57.27:177][  0]LogBlueprintUserMessages:Warning: SetTimer passed a bad function () or object (DiscoLight_1_C_22)
[2014.06.28-03.57.27:178][  0]LogBlueprintUserMessages:Warning: SetTimer passed a bad function () or object (DiscoLight_1_C_23)
[2014.06.28-03.57.27:179][  0]LogBlueprintUserMessages:Warning: SetTimer passed a bad function () or object (DiscoLight_1_C_24)
[2014.06.28-03.57.27:179][  0]LogBlueprintUserMessages:Warning: SetTimer passed a bad function () or object (DiscoLight_1_C_25)
[2014.06.28-03.57.27:180][  0]LogBlueprintUserMessages:Warning: SetTimer passed a bad function () or object (DiscoLight_1_C_26)
[2014.06.28-03.57.27:181][  0]LogBlueprintUserMessages:Warning: SetTimer passed a bad function () or object (DiscoLight_1_C_27)
[2014.06.28-03.57.27:181][  0]LogBlueprintUserMessages:Warning: SetTimer passed a bad function () or object (DiscoLight_1_C_28)
[2014.06.28-03.57.27:182][  0]LogBlueprintUserMessages:Warning: SetTimer passed a bad function () or object (DiscoLight_1_C_29)
[2014.06.28-03.57.27:182][  0]LogBlueprintUserMessages:Warning: SetTimer passed a bad function () or object (DiscoLight_1_C_30)
[2014.06.28-03.57.27:183][  0]LogBlueprintUserMessages:Warning: SetTimer passed a bad function () or object (DiscoLight_1_C_31)
[2014.06.28-03.57.27:184][  0]LogBlueprintUserMessages:Warning: SetTimer passed a bad function () or object (DiscoLight_1_C_32)
[2014.06.28-03.57.27:184][  0]LogBlueprintUserMessages:Warning: SetTimer passed a bad function () or object (DiscoLight_1_C_33)
[2014.06.28-03.57.27:185][  0]LogBlueprintUserMessages:Warning: SetTimer passed a bad function () or object (WallSconce_18)
[2014.06.28-03.57.27:185][  0]LogBlueprintUserMessages:Warning: SetTimer passed a bad function () or object (WallSconce_19)
[2014.06.28-03.57.27:186][  0]LogBlueprintUserMessages:Warning: SetTimer passed a bad function () or object (WallSconce_20)
[2014.06.28-03.57.27:188][  0]LogBlueprintUserMessages:Warning: SetTimer passed a bad function () or object (WallSconce_21)
[2014.06.28-03.57.27:191][  0]LogSkinnedMeshComp:Warning: GetSocketByName(): No SkeletalMesh for CharacterMesh0
[2014.06.28-03.57.27:191][  0]LogSkinnedMeshComp:Warning: GetSocketByName(): No SkeletalMesh for CharacterMesh0
[2014.06.28-03.57.27:191][  0]LogSkinnedMeshComp:Warning: GetSocketByName(): No SkeletalMesh for CharacterMesh0
[2014.06.28-03.57.27:191][  0]LogSkinnedMeshComp:Warning: GetSocketByName(): No SkeletalMesh for CharacterMesh0
[2014.06.28-03.57.27:192][  0]LogPhysics:Warning: AddShapesToRigidActor: ConvexElem is missing ConvexMesh (0: /Game/Character/Physics/monika_Physics.monika_Physics:BodySetup_1770)
[2014.06.28-03.57.27:195][  0]LogEditorServer: Finished looking for orphan Actors (0.000 secs)
[2014.06.28-03.57.27:196][  0]Cmd: MAP CHECKDEP
[2014.06.28-03.57.27:196][  0]MapCheck: New page: waagenbau - Jun 28, 2014, 7:57:27 AM
[2014.06.28-03.57.27:251][  0]MapCheck: Info ========== Map Check: 0 Error(s), 0 Warning(s), [54.032ms] ==========
[2014.06.28-03.57.27:251][  0]LogFileHelpers: Loading map 'waagenbau' took 1.128
[2014.06.28-03.57.27:400][  0]LogCrashTracker: Crashtracker disabled due to settings.
[2014.06.28-03.57.27:401][  0]Cmd: MODE PLACEMENT
[2014.06.28-03.57.27:429][  0]LogCollectionManager: Loaded 0 collections in 0.000684 seconds
[2014.06.28-03.57.27:465][  0]LogLoad: Full Startup: 5.19 seconds (BP compile: 0.20 seconds)
[2014.06.28-03.57.27:476][  0]LogContentBrowser:Verbose: The content browser source was changed by the sources view to '/Game/Character'
[2014.06.28-03.57.27:610][  0]LogRenderer:Warning: Reallocating scene render targets to support 32x32.
[2014.06.28-03.57.27:657][  0]LogRenderer:Warning: Reallocating scene render targets to support 1136x856.
[2014.06.28-03.57.27:924][  1]LogEpicStorage:Warning: EnumerateFiles request failed. Invalid response. code=403 error=<?xml version="1.0" encoding="UTF-8"?>
<Error><Code>AccessDenied</Code><Message>Access Denied</Message><RequestId>C6167A3C2B59886D</RequestId><HostId>wxzZ/wnRrsaWefyfmQIVedsj0YXGhrB7FYccpESnzO+ocWltU6d8A8CiQSEgKpxV</HostId></Error>
[2014.06.28-03.57.28:005][  1]LogAssetRegistry: Asset discovery search completed in 2.2256 seconds
[2014.06.28-03.57.28:037][  2]LogEpicSurvey:Warning: EnumerateFiles request failed. Invalid response. code=403 error=<?xml version="1.0" encoding="UTF-8"?>
<Error><Code>AccessDenied</Code><Message>Access Denied</Message><RequestId>6562D215317C0FC7</RequestId><HostId>jzjcup2MM0BKvyE4pRQtr5s5l3aPcIpcv+JvQIYHr+tSEP7s5eGiNSsU6fxS73md</HostId></Error>
[2014.06.28-03.57.28:051][  3]LogEpicStorage:Warning: EnumerateFiles request failed. Invalid response. code=403 error=<?xml version="1.0" encoding="UTF-8"?>
<Error><Code>AccessDenied</Code><Message>Access Denied</Message><RequestId>C6167A3C2B59886D</RequestId><HostId>wxzZ/wnRrsaWefyfmQIVedsj0YXGhrB7FYccpESnzO+ocWltU6d8A8CiQSEgKpxV</HostId></Error>
[2014.06.28-03.57.28:094][  4]LogEpicSurvey:Warning: EnumerateFiles request failed. Invalid response. code=403 error=<?xml version="1.0" encoding="UTF-8"?>
<Error><Code>AccessDenied</Code><Message>Access Denied</Message><RequestId>6562D215317C0FC7</RequestId><HostId>jzjcup2MM0BKvyE4pRQtr5s5l3aPcIpcv+JvQIYHr+tSEP7s5eGiNSsU6fxS73md</HostId></Error>
[2014.06.28-03.57.28:335][  6]LogEpicSurvey:Warning: EnumerateFiles request failed. Invalid response. code=403 error=<?xml version="1.0" encoding="UTF-8"?>
<Error><Code>AccessDenied</Code><Message>Access Denied</Message><RequestId>71752F1CE94FA0B8</RequestId><HostId>A1wm/wjz4VYf/c8GUHqIw1zZ6qVnvVbSQiAgdec71dN5K3evwPCoJK6hlUQNtIlV</HostId></Error>
[2014.06.28-03.57.28:358][  7]LogEpicStorage:Warning: ReadFile request failed. File request already pending for filename=http://cdn.unrealengine.com/newsfeed/blueprint_icon_b.png
[2014.06.28-03.57.28:359][  7]LogEpicStorage:Warning: ReadFile request failed. File request already pending for filename=http://cdn.unrealengine.com/newsfeed/blueprint_icon_b.png
[2014.06.28-03.57.32:660][ 81]LogActorComponent: UnregisterComponent: (/Engine/Transient.CharacterMovementComponent_0) Not registered. Aborting.
[2014.06.28-03.57.32:998][ 82]Cmd: QUIT_EDITOR
[2014.06.28-03.57.33:052][ 82]LogWindowsTextInputMethodSystem:Error: Terminating failed while unadvising the language notification sink from the TSF source.
[2014.06.28-03.57.33:053][ 82]LogExit: Preparing to exit.
[2014.06.28-03.57.34:204][ 82]LogExit: Editor shut down
[2014.06.28-03.57.34:204][ 82]LogExit: Transaction tracking system shut down
[2014.06.28-03.57.34:207][ 82]LogParticles: Destroying 0 GPU particle simulations for FXSystem 0x000000001BC84400
[2014.06.28-03.57.34:291][ 82]LogParticles: Destroying 0 GPU particle simulations for FXSystem 0x0000000015D73600
[2014.06.28-03.57.34:291][ 82]LogParticles: Destroying 0 GPU particle simulations for FXSystem 0x000000001C8F8360
[2014.06.28-03.57.34:291][ 82]LogExit: Object subsystem successfully closed.
[2014.06.28-03.57.34:313][ 82]LogModuleManager: Shutting down and abandoning module AndroidDeviceDetection (163)
[2014.06.28-03.57.34:313][ 82]LogModuleManager: Shutting down and abandoning module EditorWidgets (162)
[2014.06.28-03.57.34:313][ 82]LogModuleManager: Shutting down and abandoning module CollectionManager (161)
[2014.06.28-03.57.34:314][ 82]LogModuleManager: Shutting down and abandoning module CrashTracker (160)
[2014.06.28-03.57.34:314][ 82]LogModuleManager: Shutting down and abandoning module HTTP (159)
[2014.06.28-03.57.34:314][ 82]LogModuleManager: Shutting down and abandoning module NewsFeed (158)
[2014.06.28-03.57.34:314][ 82]LogModuleManager: Shutting down and abandoning module SceneOutliner (157)
[2014.06.28-03.57.34:314][ 82]LogModuleManager: Shutting down and abandoning module StatsViewer (156)
[2014.06.28-03.57.34:314][ 82]LogModuleManager: Shutting down and abandoning module FoliageEdit (155)
[2014.06.28-03.57.34:322][ 82]LogModuleManager: Shutting down and abandoning module LandscapeEditor (154)
[2014.06.28-03.57.34:340][ 82]LogModuleManager: Shutting down and abandoning module MeshPaint (153)
[2014.06.28-03.57.34:356][ 82]LogModuleManager: Shutting down and abandoning module ActorPickerMode (152)
[2014.06.28-03.57.34:356][ 82]LogModuleManager: Shutting down and abandoning module GeometryMode (151)
[2014.06.28-03.57.34:356][ 82]LogModuleManager: Shutting down and abandoning module TextureAlignMode (150)
[2014.06.28-03.57.34:356][ 82]LogModuleManager: Shutting down and abandoning module BspMode (149)
[2014.06.28-03.57.34:356][ 82]LogModuleManager: Shutting down and abandoning module PlacementMode (148)
[2014.06.28-03.57.34:357][ 82]LogModuleManager: Shutting down and abandoning module AutomationWorker (147)
[2014.06.28-03.57.34:357][ 82]LogModuleManager: Shutting down and abandoning module ViewportSnapping (146)
[2014.06.28-03.57.34:357][ 82]LogModuleManager: Shutting down and abandoning module DeviceProfileEditor (145)
[2014.06.28-03.57.34:357][ 82]LogModuleManager: Shutting down and abandoning module UndoHistory (144)
[2014.06.28-03.57.34:357][ 82]LogModuleManager: Shutting down and abandoning module GameplayTagsEditor (143)
[2014.06.28-03.57.34:357][ 82]LogModuleManager: Shutting down and abandoning module UserFeedback (142)
[2014.06.28-03.57.34:357][ 82]LogModuleManager: Shutting down and abandoning module XmlParser (141)
[2014.06.28-03.57.34:357][ 82]LogModuleManager: Shutting down and abandoning module Blutility (140)
[2014.06.28-03.57.34:357][ 82]LogModuleManager: Shutting down and abandoning module AndroidPlatformEditor (137)
[2014.06.28-03.57.34:357][ 82]LogModuleManager: Shutting down and abandoning module AndroidRuntimeSettings (136)
[2014.06.28-03.57.34:357][ 82]LogModuleManager: Shutting down and abandoning module ProjectSettingsViewer (135)
[2014.06.28-03.57.34:357][ 82]LogModuleManager: Shutting down and abandoning module InputBindingEditor (134)
[2014.06.28-03.57.34:357][ 82]LogModuleManager: Shutting down and abandoning module EditorSettingsViewer (133)
[2014.06.28-03.57.34:357][ 82]LogModuleManager: Shutting down and abandoning module SettingsEditor (132)
[2014.06.28-03.57.34:357][ 82]LogModuleManager: Shutting down and abandoning module SessionLauncher (131)
[2014.06.28-03.57.34:357][ 82]LogModuleManager: Shutting down and abandoning module SessionFrontend (130)
[2014.06.28-03.57.34:357][ 82]LogModuleManager: Shutting down and abandoning module ProfilerClient (129)
[2014.06.28-03.57.34:357][ 82]LogModuleManager: Shutting down and abandoning module TargetDeviceServices (128)
[2014.06.28-03.57.34:357][ 82]LogModuleManager: Shutting down and abandoning module DeviceManager (127)
[2014.06.28-03.57.34:357][ 82]LogModuleManager: Shutting down and abandoning module AutomationController (126)
[2014.06.28-03.57.34:357][ 82]LogModuleManager: Shutting down and abandoning module AutomationWindow (125)
[2014.06.28-03.57.34:368][ 82]LogModuleManager: Shutting down and abandoning module Layers (124)
[2014.06.28-03.57.34:368][ 82]LogModuleManager: Shutting down and abandoning module ComponentVisualizers (123)
[2014.06.28-03.57.34:368][ 82]LogModuleManager: Shutting down and abandoning module DetailCustomizations (122)
[2014.06.28-03.57.34:368][ 82]LogModuleManager: Shutting down and abandoning module PackagesDialog (121)
[2014.06.28-03.57.34:368][ 82]LogModuleManager: Shutting down and abandoning module PropertyEditor (120)
[2014.06.28-03.57.34:368][ 82]LogModuleManager: Shutting down and abandoning module DirectoryWatcher (119)
[2014.06.28-03.57.34:368][ 82]LogModuleManager: Shutting down and abandoning module AssetRegistry (118)
[2014.06.28-03.57.34:428][ 82]LogModuleManager: Shutting down and abandoning module Persona (117)
[2014.06.28-03.57.34:428][ 82]LogModuleManager: Shutting down and abandoning module GraphEditor (116)
[2014.06.28-03.57.34:428][ 82]LogModuleManager: Shutting down and abandoning module ContentBrowser (115)
[2014.06.28-03.57.34:428][ 82]LogModuleManager: Shutting down and abandoning module ClassViewer (114)
[2014.06.28-03.57.34:428][ 82]LogModuleManager: Shutting down and abandoning module Toolbox (113)
[2014.06.28-03.57.34:428][ 82]LogModuleManager: Shutting down and abandoning module ModuleUI (112)
[2014.06.28-03.57.34:428][ 82]LogModuleManager: Shutting down and abandoning module Sequencer (111)
[2014.06.28-03.57.34:436][ 82]LogModuleManager: Shutting down and abandoning module AssetTools (110)
[2014.06.28-03.57.34:436][ 82]LogModuleManager: Shutting down and abandoning module MovieSceneTools (109)
[2014.06.28-03.57.34:436][ 82]LogModuleManager: Shutting down and abandoning module OutputLog (108)
[2014.06.28-03.57.34:436][ 82]LogModuleManager: Shutting down and abandoning module GammaUI (107)
[2014.06.28-03.57.34:436][ 82]LogModuleManager: Shutting down and abandoning module Documentation (106)
[2014.06.28-03.57.34:436][ 82]LogModuleManager: Shutting down and abandoning module StreamingPauseRendering (105)
[2014.06.28-03.57.34:436][ 82]LogModuleManager: Shutting down and abandoning module AnalyticsET (104)
[2014.06.28-03.57.34:436][ 82]LogModuleManager: Shutting down and abandoning module Analytics (103)
[2014.06.28-03.57.34:436][ 82]LogModuleManager: Shutting down and abandoning module ProfilerService (102)
[2014.06.28-03.57.34:477][ 82]LogModuleManager: Shutting down and abandoning module TaskGraph (101)
[2014.06.28-03.57.34:480][ 82]LogModuleManager: Shutting down and abandoning module GameProjectGeneration (100)
[2014.06.28-03.57.34:480][ 82]LogModuleManager: Shutting down and abandoning module Matinee (99)
[2014.06.28-03.57.34:488][ 82]LogModuleManager: Shutting down and abandoning module Kismet (98)
[2014.06.28-03.57.34:488][ 82]LogModuleManager: Shutting down and abandoning module SlateReflector (97)
[2014.06.28-03.57.34:488][ 82]LogModuleManager: Shutting down and abandoning module LevelEditor (96)
[2014.06.28-03.57.34:489][ 82]LogModuleManager: Shutting down and abandoning module MainFrame (95)
[2014.06.28-03.57.34:489][ 82]LogModuleManager: Shutting down and abandoning module SourceControl (94)
[2014.06.28-03.57.34:489][ 82]LogModuleManager: Shutting down and abandoning module ImageWrapper (93)
[2014.06.28-03.57.34:489][ 82]LogModuleManager: Shutting down and abandoning module OnlineBlueprintSupport (92)
[2014.06.28-03.57.34:489][ 82]LogModuleManager: Shutting down and abandoning module FunctionalTesting (91)
[2014.06.28-03.57.34:489][ 82]LogModuleManager: Shutting down and abandoning module CollisionAnalyzer (90)
[2014.06.28-03.57.34:498][ 82]LogModuleManager: Shutting down and abandoning module WorkspaceMenuStructure (89)
[2014.06.28-03.57.34:499][ 82]LogModuleManager: Shutting down and abandoning module MessageLog (88)
[2014.06.28-03.57.34:499][ 82]LogModuleManager: Shutting down and abandoning module Slate (87)
[2014.06.28-03.57.34:499][ 82]LogModuleManager: Shutting down and abandoning module EditorStyle (86)
[2014.06.28-03.57.34:500][ 82]LogModuleManager: Shutting down and abandoning module SessionServices (85)
[2014.06.28-03.57.34:500][ 82]LogModuleManager: Shutting down and abandoning module Messaging (84)
[2014.06.28-03.57.34:500][ 82]LogModuleManager: Shutting down and abandoning module SourceCodeAccess (83)
[2014.06.28-03.57.34:500][ 82]LogModuleManager: Shutting down and abandoning module HeadMountedDisplay (82)
[2014.06.28-03.57.34:500][ 82]LogModuleManager: Shutting down and abandoning module XAudio2 (81)
[2014.06.28-03.57.34:500][ 82]LogModuleManager: Shutting down and abandoning module Networking (79)
[2014.06.28-03.57.34:500][ 82]LogModuleManager: Shutting down and abandoning module Core (78)
[2014.06.28-03.57.34:500][ 82]LogModuleManager: Shutting down and abandoning module KismetCompiler (77)
[2014.06.28-03.57.34:500][ 82]LogModuleManager: Shutting down and abandoning module PhysXFormats (76)
[2014.06.28-03.57.34:500][ 82]LogModuleManager: Shutting down and abandoning module SimplygonMeshReduction (75)
[2014.06.28-03.57.34:500][ 82]LogModuleManager: Shutting down and abandoning module MeshUtilities (74)
[2014.06.28-03.57.34:500][ 82]LogModuleManager: Shutting down and abandoning module DerivedDataCache (73)
[2014.06.28-03.57.34:553][ 82]LogDerivedDataCache: Shutdown
[2014.06.28-03.57.34:553][ 82]LogModuleManager: Shutting down and abandoning module ShaderFormatOpenGL (72)
[2014.06.28-03.57.34:553][ 82]LogModuleManager: Shutting down and abandoning module ShaderFormatD3D (71)
[2014.06.28-03.57.34:553][ 82]LogModuleManager: Shutting down and abandoning module TextureFormatUncompressed (70)
[2014.06.28-03.57.34:553][ 82]LogModuleManager: Shutting down and abandoning module TextureFormatPVR (69)
[2014.06.28-03.57.34:553][ 82]LogModuleManager: Shutting down and abandoning module TextureFormatDXT (68)
[2014.06.28-03.57.34:553][ 82]LogModuleManager: Shutting down and abandoning module TextureFormatAndroid (67)
[2014.06.28-03.57.34:553][ 82]LogModuleManager: Shutting down and abandoning module AudioFormatOpus (66)
[2014.06.28-03.57.34:553][ 82]LogModuleManager: Shutting down and abandoning module AudioFormatOgg (65)
[2014.06.28-03.57.34:553][ 82]LogModuleManager: Shutting down and abandoning module AudioFormatADPCM (64)
[2014.06.28-03.57.34:553][ 82]LogModuleManager: Shutting down and abandoning module Android_PVRTCTargetPlatform (63)
[2014.06.28-03.57.34:553][ 82]LogModuleManager: Shutting down and abandoning module Android_ETC2TargetPlatform (62)
[2014.06.28-03.57.34:553][ 82]LogModuleManager: Shutting down and abandoning module Android_ETC1TargetPlatform (61)
[2014.06.28-03.57.34:553][ 82]LogModuleManager: Shutting down and abandoning module Android_DXTTargetPlatform (60)
[2014.06.28-03.57.34:553][ 82]LogModuleManager: Shutting down and abandoning module Android_ATCTargetPlatform (59)
[2014.06.28-03.57.34:553][ 82]LogModuleManager: Shutting down and abandoning module AndroidTargetPlatform (58)
[2014.06.28-03.57.34:553][ 82]LogModuleManager: Shutting down and abandoning module WindowsTargetPlatform (57)
[2014.06.28-03.57.34:553][ 82]LogModuleManager: Shutting down and abandoning module WindowsServerTargetPlatform (56)
[2014.06.28-03.57.34:553][ 82]LogModuleManager: Shutting down and abandoning module WindowsNoEditorTargetPlatform (55)
[2014.06.28-03.57.34:553][ 82]LogModuleManager: Shutting down and abandoning module WindowsClientTargetPlatform (54)
[2014.06.28-03.57.34:553][ 82]LogModuleManager: Shutting down and abandoning module TargetPlatform (53)
[2014.06.28-03.57.34:553][ 82]LogModuleManager: Shutting down and abandoning module InputCore (52)
[2014.06.28-03.57.34:553][ 82]LogModuleManager: Shutting down and abandoning module Settings (51)
[2014.06.28-03.57.34:553][ 82]LogModuleManager: Shutting down and abandoning module TextureCompressor (48)
[2014.06.28-03.57.34:553][ 82]LogModuleManager: Shutting down and abandoning module ShaderCore (47)
[2014.06.28-03.57.34:553][ 82]LogModuleManager: Shutting down and abandoning module OpenGLDrv (46)
[2014.06.28-03.57.34:553][ 82]LogModuleManager: Shutting down and abandoning module D3D11RHI (45)
[2014.06.28-03.57.34:553][ 82]LogModuleManager: Shutting down and abandoning module SlateRHIRenderer (44)
[2014.06.28-03.57.34:553][ 82]LogModuleManager: Shutting down and abandoning module Renderer (43)
[2014.06.28-03.57.34:553][ 82]LogModuleManager: Shutting down and abandoning module Engine (42)
[2014.06.28-03.57.34:553][ 82]LogModuleManager: Shutting down and abandoning module SlateRemote (41)
[2014.06.28-03.57.34:553][ 82]LogModuleManager: Shutting down and abandoning module ScriptPlugin (40)
[2014.06.28-03.57.34:561][ 82]LogModuleManager: Shutting down and abandoning module ScriptEditorPlugin (38)
[2014.06.28-03.57.34:561][ 82]LogModuleManager: Shutting down and abandoning module WindowsMoviePlayer (37)
[2014.06.28-03.57.34:563][ 82]LogModuleManager: Shutting down and abandoning module ExampleDeviceProfileSelector (32)
[2014.06.28-03.57.34:563][ 82]LogModuleManager: Shutting down and abandoning module CustomMeshComponent (31)
[2014.06.28-03.57.34:563][ 82]LogModuleManager: Shutting down and abandoning module CableComponent (30)
[2014.06.28-03.57.34:563][ 82]LogModuleManager: Shutting down and abandoning module OculusRift (26)
[2014.06.28-03.57.34:563][ 82]LogModuleManager: Shutting down and abandoning module UdpMessaging (25)
[2014.06.28-03.57.34:663][ 82]LogModuleManager: Shutting down and abandoning module MessagingDebugger (24)
[2014.06.28-03.57.34:672][ 82]LogModuleManager: Shutting down and abandoning module PluginsEditor (14)
[2014.06.28-03.57.34:672][ 82]LogModuleManager: Shutting down and abandoning module IntroTutorials (13)
[2014.06.28-03.57.34:672][ 82]LogModuleManager: Shutting down and abandoning module EpicSurvey (12)
[2014.06.28-03.57.34:672][ 82]LogModuleManager: Shutting down and abandoning module VisualStudioSourceCodeAccess (10)
[2014.06.28-03.57.34:672][ 82]LogModuleManager: Shutting down and abandoning module UObjectPlugin (9)
[2014.06.28-03.57.34:672][ 82]LogModuleManager: Shutting down and abandoning module SubversionSourceControl (8)
[2014.06.28-03.57.34:672][ 82]LogModuleManager: Shutting down and abandoning module PerforceSourceControl (7)
[2014.06.28-03.57.34:672][ 82]LogModuleManager: Shutting down and abandoning module BlankPlugin (6)
[2014.06.28-03.57.34:672][ 82]LogModuleManager: Shutting down and abandoning module CoreUObject (5)
[2014.06.28-03.57.34:672][ 82]LogModuleManager: Shutting down and abandoning module NetworkFile (4)
[2014.06.28-03.57.34:672][ 82]LogModuleManager: Shutting down and abandoning module StreamingFile (3)
[2014.06.28-03.57.34:672][ 82]LogModuleManager: Shutting down and abandoning module SandboxFile (2)
[2014.06.28-03.57.34:672][ 82]LogModuleManager: Shutting down and abandoning module PakFile (1)
[2014.06.28-03.57.34:673][ 82]LogExit: Exiting.
[2014.06.28-03.57.34:674][ 82]Log file closed, 06/28/14 05:57:34
