Log file open, 07/10/14 14:12:21
LogInit:Display: Running engine without a game
LogInit:Display: Loading recent project file: D:/UDK4 Projects/Waagenabau/MyProject3.uproject
LogInit: Version: 4.2.1-2101290+++depot+UE4-Releases+4.2
LogInit: Compiled (64-bit): Jun 10 2014 22:21:56
LogInit: Build Configuration: Development
LogInit: Branch Name: ++depot+UE4-Releases+4.2
LogInit: Command line: 
LogInit: Base directory: E:/Unreal Engine/4.2/Engine/Binaries/Win64/
LogInit: Rocket: 1
[2014.07.10-12.12.21:385][  0]LogTaskGraph: Started task graph with 3 named threads and 6 total threads.
[2014.07.10-12.12.21:439][  0]LogOnline:Warning: No default platform service specified for OnlineSubsystem
[2014.07.10-12.12.21:539][  0]LogInit: Presizing for 0 objects not considered by GC, pre-allocating 0 bytes.
[2014.07.10-12.12.21:755][  0]LogInit: Object subsystem initialized
[2014.07.10-12.12.21:870][  0]LogInit: Selected Device Profile: [Windows]
[2014.07.10-12.12.21:874][  0]LogInit: Applying CVar settings loaded from the selected device profile: [Windows]
[2014.07.10-12.12.21:926][  0]LogInit: Computer: SPAEHLING-PC
[2014.07.10-12.12.21:926][  0]LogInit: User: Spaehling
[2014.07.10-12.12.21:927][  0]LogInit: CPU Page size=4096, Cores=6
[2014.07.10-12.12.21:936][  0]LogInit: High frequency timer resolution =3.126943 MHz
[2014.07.10-12.12.21:937][  0]LogMemory: Memory total: Physical=64.0GB (64GB approx) Virtual=8192.0GB
[2014.07.10-12.12.21:937][  0]LogMemory: Platform Memory Stats for Windows
[2014.07.10-12.12.21:937][  0]LogMemory: Process Physical Memory: 59.83 MB used, 59.83 MB peak
[2014.07.10-12.12.21:937][  0]LogMemory: Process Virtual Memory: 36.58 MB used, 36.76 MB peak
[2014.07.10-12.12.21:937][  0]LogMemory: Physical Memory: 5388.23 MB used, 65486.15 MB total
[2014.07.10-12.12.21:937][  0]LogMemory: Virtual Memory: 241.27 MB used, 8388608.00 MB total
[2014.07.10-12.12.22:121][  0]LogD3D11RHI: Found D3D11 adapter 0: NVIDIA GeForce GTX 690 (Feature Level 11_0)
[2014.07.10-12.12.22:121][  0]LogD3D11RHI: Adapter has 1990MB of dedicated video memory, 0MB of dedicated system memory, and 2048MB of shared system memory, 1 output[s]
[2014.07.10-12.12.22:142][  0]LogD3D11RHI: Found D3D11 adapter 1: NVIDIA GeForce GTX 690 (Feature Level 11_0)
[2014.07.10-12.12.22:142][  0]LogD3D11RHI: Adapter has 1990MB of dedicated video memory, 0MB of dedicated system memory, and 2048MB of shared system memory, 1 output[s]
[2014.07.10-12.12.22:142][  0]LogD3D11RHI: Chosen D3D11 Adapter Id = 0
[2014.07.10-12.12.22:148][  0]LogRHI: Texture pool is 1361 MB (70% of 1945 MB)
[2014.07.10-12.12.22:157][  0]LogD3D11RHI: Async texture creation enabled
[2014.07.10-12.12.22:998][  0]LogTextLocalizationManager:Warning: The selected culture 'de_DE' is not available; falling back to 'en'
[2014.07.10-12.12.23:146][  0]LogContentStreaming: Texture pool size is 0.000000MB
[2014.07.10-12.12.25:064][  0]LogTargetPlatformManager:Display: Building Assets For Windows
[2014.07.10-12.12.25:560][  0]LogTargetPlatformManager:Display: Building Assets For Windows
[2014.07.10-12.12.25:638][  0]LogDerivedDataCache:Display: Max Cache Size: 512 MB
[2014.07.10-12.12.25:835][  0]LogDerivedDataCache: Loaded boot cache 0.20s 43MB C:/Users/Spaehling/AppData/Local/UnrealEngine/4.2/DerivedDataCache/Boot.ddc.
[2014.07.10-12.12.25:835][  0]LogDerivedDataCache:Display: Loaded Boot cache: C:/Users/Spaehling/AppData/Local/UnrealEngine/4.2/DerivedDataCache/Boot.ddc
[2014.07.10-12.12.25:845][  0]LogDerivedDataCache: FDerivedDataBackendGraph:  Pak pak cache file D:/UDK4 Projects/Waagenabau/DerivedDataCache/DDC.ddp not found, will not use a pak cache.
[2014.07.10-12.12.25:845][  0]LogDerivedDataCache: Unable to find inner node Pak for hierarchical cache Hierarchy.
[2014.07.10-12.12.25:916][  0]LogDerivedDataCache:Display: Pak cache opened for reading ../../../Engine/DerivedDataCache/DDC.ddp.
[2014.07.10-12.12.25:930][  0]LogDerivedDataCache: Using Local data cache path C:/Users/Spaehling/AppData/Local/UnrealEngine/4.2/DerivedDataCache: Writable
[2014.07.10-12.12.30:368][  0]LogMeshUtilities: No automatic mesh reduction module available
[2014.07.10-12.12.30:368][  0]LogMeshUtilities: No automatic mesh merging module available
[2014.07.10-12.12.32:653][  0]LogInit: WinSock: version 1.1 (2.2), MaxSocks=32767, MaxUdp=65467
[2014.07.10-12.12.39:820][  0]LogStreaming:Warning: Failed to read file '../../../Engine/Content/Editor/Slate/Icons/ActorIcons/GroupActor_16x.png' error.
[2014.07.10-12.12.39:820][  0]LogSlate: Could not find file for Slate resource: ../../../Engine/Content/Editor/Slate/Icons/ActorIcons/GroupActor_16x.png
[2014.07.10-12.12.40:015][  0]LogStreaming:Warning: Failed to read file '../../../Engine/Content/Editor/Slate/Icons/ActorIcons/DecalActor_16x.png' error.
[2014.07.10-12.12.40:015][  0]LogSlate: Could not find file for Slate resource: ../../../Engine/Content/Editor/Slate/Icons/ActorIcons/DecalActor_16x.png
[2014.07.10-12.12.44:053][  0]UdpMessaging: Initializing bridge on interface 0.0.0.0:0 to multicast group 230.0.0.1:6666.
[2014.07.10-12.12.44:286][  0]SourceControl: Info Source control is disabled
[2014.07.10-12.12.44:286][  0]SourceControl: Info Source control is disabled
[2014.07.10-12.12.44:293][  0]SourceControl: Info Source control is disabled
[2014.07.10-12.12.45:267][  0]BlueprintLog: New page: Editor Load
[2014.07.10-12.12.45:792][  0]LogObj: 19203 objects as part of root set at end of initial load.
[2014.07.10-12.12.45:792][  0]LogUObjectAllocator: 3820568 out of 0 bytes used by permanent object pool.
[2014.07.10-12.12.46:470][  0]LogEngine: Initializing Engine...
[2014.07.10-12.12.46:925][  0]LogInit: XAudio2 using 'Lautsprecher (Corsair Vengeance 2000 Headset)' : 8 channels at 44.1 kHz using 16 bits per sample (channel mask 0x63f)
[2014.07.10-12.12.46:961][  0]LogInit: FAudioDevice initialized.
[2014.07.10-12.12.47:264][  0]LogDerivedDataCache: Saved boot cache 0.03s 39MB C:/Users/Spaehling/AppData/Local/UnrealEngine/4.2/DerivedDataCache/Boot.ddc.
[2014.07.10-12.12.47:269][  0]LogInit: Texture streaming: Enabled
[2014.07.10-12.12.47:364][  0]LogInit: Transaction tracking system initialized
[2014.07.10-12.12.47:766][  0]LogAssetRegistry: FAssetRegistry took 0.0181 seconds to start up
[2014.07.10-12.12.48:886][  0]LogModuleManager:Warning: ModuleManager: Unable to load module '' because the file was not found.
[2014.07.10-12.12.48:890][  0]LogModuleManager:Warning: ModuleManager: Unable to load module '' because the file was not found.
[2014.07.10-12.12.49:056][  0]LogConsoleResponse:Display: 
[2014.07.10-12.12.51:347][  0]SourceControl: Info Source control is disabled
[2014.07.10-12.12.51:357][  0]Cmd: MAP LOAD FILE="D:/UDK4 Projects/Waagenabau/Content/Maps/waagenbau.umap" TEMPLATE=0 SHOWPROGRESS=1 WORLDCOMPOSITION=0
[2014.07.10-12.12.51:385][  0]LightingResults: New page: Lighting Build
[2014.07.10-12.12.51:405][  0]MapCheck: New page: Map Check
[2014.07.10-12.12.51:405][  0]LightingResults: New page: Lighting Build
[2014.07.10-12.12.51:484][  0]LogParticles: Destroying 0 GPU particle simulations for FXSystem 0x000000000FE6EA20
[2014.07.10-12.13.02:023][  0]LogBlueprint:Warning: Node '/Game/Blueprints/Assets/Cigarettes.cigarettes:UserConstructionScript.K2Node_VariableGet_424' missing NodeGuid.
[2014.07.10-12.13.02:969][  0]LogBlueprintUserMessages:Warning: SetTimer passed a bad function () or object (DiscoLight_1_C_0)
[2014.07.10-12.13.02:970][  0]LogBlueprintUserMessages:Warning: SetTimer passed a bad function () or object (DiscoLight_1_C_1)
[2014.07.10-12.13.02:971][  0]LogBlueprintUserMessages:Warning: SetTimer passed a bad function () or object (DiscoLight_1_C_2)
[2014.07.10-12.13.02:971][  0]LogBlueprintUserMessages:Warning: SetTimer passed a bad function () or object (DiscoLight_1_C_3)
[2014.07.10-12.13.02:972][  0]LogBlueprintUserMessages:Warning: SetTimer passed a bad function () or object (DiscoLight_1_C_4)
[2014.07.10-12.13.02:973][  0]LogBlueprintUserMessages:Warning: SetTimer passed a bad function () or object (DiscoLight_1_C_5)
[2014.07.10-12.13.02:973][  0]LogBlueprintUserMessages:Warning: SetTimer passed a bad function () or object (DiscoLight_1_C_6)
[2014.07.10-12.13.02:974][  0]LogBlueprintUserMessages:Warning: SetTimer passed a bad function () or object (DiscoLight_1_C_7)
[2014.07.10-12.13.02:975][  0]LogBlueprintUserMessages:Warning: SetTimer passed a bad function () or object (DiscoLight_1_C_8)
[2014.07.10-12.13.02:975][  0]LogBlueprintUserMessages:Warning: SetTimer passed a bad function () or object (DiscoLight_1_C_9)
[2014.07.10-12.13.02:976][  0]LogBlueprintUserMessages:Warning: SetTimer passed a bad function () or object (DiscoLight_1_C_10)
[2014.07.10-12.13.02:977][  0]LogBlueprintUserMessages:Warning: SetTimer passed a bad function () or object (DiscoLight_1_C_11)
[2014.07.10-12.13.02:977][  0]LogBlueprintUserMessages:Warning: SetTimer passed a bad function () or object (DiscoLight_1_C_12)
[2014.07.10-12.13.02:978][  0]LogBlueprintUserMessages:Warning: SetTimer passed a bad function () or object (DiscoLight_1_C_13)
[2014.07.10-12.13.02:979][  0]LogBlueprintUserMessages:Warning: SetTimer passed a bad function () or object (DiscoLight_1_C_14)
[2014.07.10-12.13.02:979][  0]LogBlueprintUserMessages:Warning: SetTimer passed a bad function () or object (DiscoLight_1_C_15)
[2014.07.10-12.13.02:980][  0]LogBlueprintUserMessages:Warning: SetTimer passed a bad function () or object (DiscoLight_1_C_16)
[2014.07.10-12.13.02:981][  0]LogBlueprintUserMessages:Warning: SetTimer passed a bad function () or object (DiscoLight_1_C_18)
[2014.07.10-12.13.02:981][  0]LogBlueprintUserMessages:Warning: SetTimer passed a bad function () or object (DiscoLight_1_C_19)
[2014.07.10-12.13.02:982][  0]LogBlueprintUserMessages:Warning: SetTimer passed a bad function () or object (DiscoLight_1_C_20)
[2014.07.10-12.13.02:983][  0]LogBlueprintUserMessages:Warning: SetTimer passed a bad function () or object (DiscoLight_1_C_21)
[2014.07.10-12.13.02:983][  0]LogBlueprintUserMessages:Warning: SetTimer passed a bad function () or object (DiscoLight_1_C_22)
[2014.07.10-12.13.02:998][  0]LogArray:Warning: Attempted to get an item from array Sounds out of bounds [0/0]!
[2014.07.10-12.13.03:027][  0]LogEditorServer: Finished looking for orphan Actors (0.000 secs)
[2014.07.10-12.13.03:050][  0]Cmd: MAP CHECKDEP
[2014.07.10-12.13.03:051][  0]MapCheck: New page: waagenbau - Jul 10, 2014, 4:13:03 PM
[2014.07.10-12.13.03:116][  0]MapCheck: Info ========== Map Check: 0 Error(s), 0 Warning(s), [65.723ms] ==========
[2014.07.10-12.13.03:116][  0]LogFileHelpers: Loading map 'waagenbau' took 11.764
[2014.07.10-12.13.04:665][  0]LogCrashTracker: Crashtracker disabled due to settings.
[2014.07.10-12.13.04:672][  0]Cmd: MODE PLACEMENT
[2014.07.10-12.13.04:943][  0]LogLoad: Full Startup: 48.12 seconds (BP compile: 0.78 seconds)
[2014.07.10-12.13.05:293][  0]LogRenderer:Warning: Reallocating scene render targets to support 32x32.
[2014.07.10-12.13.05:534][  0]LogRenderer:Warning: Reallocating scene render targets to support 1120x856.
[2014.07.10-12.13.05:721][  1]LogEpicStorage:Warning: EnumerateFiles request failed. Invalid response. code=403 error=<?xml version="1.0" encoding="UTF-8"?>
<Error><Code>AccessDenied</Code><Message>Access Denied</Message><RequestId>6CB5D27A2A00F309</RequestId><HostId>ahRZVAaEmyx7ovCNc3DQlWEroHhohBGjSONWyb1Bn4r8vUv0X7G/zR8F3igs9BTm</HostId></Error>
[2014.07.10-12.13.05:791][  1]LogAssetRegistry: Asset discovery search completed in 18.0420 seconds
[2014.07.10-12.13.05:886][  2]LogEpicSurvey:Warning: EnumerateFiles request failed. Invalid response. code=403 error=<?xml version="1.0" encoding="UTF-8"?>
<Error><Code>AccessDenied</Code><Message>Access Denied</Message><RequestId>48AD6C6079DD0605</RequestId><HostId>r9PKFWay2IWVyDL0amBR8Kfdfh728a32nFZqwX94xz5Xv+ITrO640fVOpz4Y6xQIMjBFrBu8KCk=</HostId></Error>
[2014.07.10-12.13.05:892][  3]LogEpicStorage:Warning: EnumerateFiles request failed. Invalid response. code=403 error=<?xml version="1.0" encoding="UTF-8"?>
<Error><Code>AccessDenied</Code><Message>Access Denied</Message><RequestId>6CB5D27A2A00F309</RequestId><HostId>ahRZVAaEmyx7ovCNc3DQlWEroHhohBGjSONWyb1Bn4r8vUv0X7G/zR8F3igs9BTm</HostId></Error>
[2014.07.10-12.13.05:941][  5]LogEpicSurvey:Warning: EnumerateFiles request failed. Invalid response. code=403 error=<?xml version="1.0" encoding="UTF-8"?>
<Error><Code>AccessDenied</Code><Message>Access Denied</Message><RequestId>48AD6C6079DD0605</RequestId><HostId>r9PKFWay2IWVyDL0amBR8Kfdfh728a32nFZqwX94xz5Xv+ITrO640fVOpz4Y6xQIMjBFrBu8KCk=</HostId></Error>
[2014.07.10-12.13.05:992][  8]LogEpicSurvey:Warning: EnumerateFiles request failed. Invalid response. code=403 error=<?xml version="1.0" encoding="UTF-8"?>
<Error><Code>AccessDenied</Code><Message>Access Denied</Message><RequestId>E63D500C8A56AF59</RequestId><HostId>bHNChRGQUltzecFHCsqM0N2KCqm6ojRNtvwr1LQAtHKAjeigbE5Azjey+rxCr6kO</HostId></Error>
[2014.07.10-12.13.06:175][ 11]LogEpicStorage:Warning: ReadFile request failed. File request already pending for filename=http://cdn.unrealengine.com/newsfeed/blueprint_icon_b.png
[2014.07.10-12.13.06:213][ 11]LogEpicStorage:Warning: ReadFile request failed. File request already pending for filename=http://cdn.unrealengine.com/newsfeed/blueprint_icon_b.png
[2014.07.10-12.28.05:130][266]LogEpicStorage:Warning: ReadFile request failed. File request already pending for filename=http://cdn.unrealengine.com/newsfeed/blueprint_icon_b.png
[2014.07.10-12.28.05:131][266]LogEpicStorage:Warning: ReadFile request failed. File request already pending for filename=http://cdn.unrealengine.com/newsfeed/blueprint_icon_b.png
[2014.07.10-12.43.05:175][317]LogEpicStorage:Warning: ReadFile request failed. File request already pending for filename=http://cdn.unrealengine.com/newsfeed/blueprint_icon_b.png
[2014.07.10-12.43.05:176][317]LogEpicStorage:Warning: ReadFile request failed. File request already pending for filename=http://cdn.unrealengine.com/newsfeed/blueprint_icon_b.png
[2014.07.10-12.58.05:139][769]LogEpicStorage:Warning: ReadFile request failed. File request already pending for filename=http://cdn.unrealengine.com/newsfeed/blueprint_icon_b.png
[2014.07.10-12.58.05:140][769]LogEpicStorage:Warning: ReadFile request failed. File request already pending for filename=http://cdn.unrealengine.com/newsfeed/blueprint_icon_b.png
[2014.07.10-13.13.05:178][759]LogEpicStorage:Warning: ReadFile request failed. File request already pending for filename=http://cdn.unrealengine.com/newsfeed/blueprint_icon_b.png
[2014.07.10-13.13.05:179][759]LogEpicStorage:Warning: ReadFile request failed. File request already pending for filename=http://cdn.unrealengine.com/newsfeed/blueprint_icon_b.png
[2014.07.10-13.28.05:251][117]LogEpicStorage:Warning: ReadFile request failed. File request already pending for filename=http://cdn.unrealengine.com/newsfeed/blueprint_icon_b.png
[2014.07.10-13.28.05:252][117]LogEpicStorage:Warning: ReadFile request failed. File request already pending for filename=http://cdn.unrealengine.com/newsfeed/blueprint_icon_b.png
[2014.07.10-13.43.05:228][353]LogEpicStorage:Warning: ReadFile request failed. File request already pending for filename=http://cdn.unrealengine.com/newsfeed/blueprint_icon_b.png
[2014.07.10-13.43.05:229][353]LogEpicStorage:Warning: ReadFile request failed. File request already pending for filename=http://cdn.unrealengine.com/newsfeed/blueprint_icon_b.png
[2014.07.10-13.58.05:329][579]LogEpicStorage:Warning: ReadFile request failed. File request already pending for filename=http://cdn.unrealengine.com/newsfeed/blueprint_icon_b.png
[2014.07.10-13.58.05:330][579]LogEpicStorage:Warning: ReadFile request failed. File request already pending for filename=http://cdn.unrealengine.com/newsfeed/blueprint_icon_b.png
[2014.07.10-14.13.05:299][991]LogEpicStorage:Warning: ReadFile request failed. File request already pending for filename=http://cdn.unrealengine.com/newsfeed/blueprint_icon_b.png
[2014.07.10-14.13.05:300][991]LogEpicStorage:Warning: ReadFile request failed. File request already pending for filename=http://cdn.unrealengine.com/newsfeed/blueprint_icon_b.png
[2014.07.10-14.28.05:469][ 45]LogEpicStorage:Warning: ReadFile request failed. File request already pending for filename=http://cdn.unrealengine.com/newsfeed/blueprint_icon_b.png
[2014.07.10-14.28.05:469][ 45]LogEpicStorage:Warning: ReadFile request failed. File request already pending for filename=http://cdn.unrealengine.com/newsfeed/blueprint_icon_b.png
[2014.07.10-14.43.05:362][208]LogEpicStorage:Warning: ReadFile request failed. File request already pending for filename=http://cdn.unrealengine.com/newsfeed/blueprint_icon_b.png
[2014.07.10-14.43.05:363][208]LogEpicStorage:Warning: ReadFile request failed. File request already pending for filename=http://cdn.unrealengine.com/newsfeed/blueprint_icon_b.png
[2014.07.10-14.58.05:361][464]LogEpicStorage:Warning: ReadFile request failed. File request already pending for filename=http://cdn.unrealengine.com/newsfeed/blueprint_icon_b.png
[2014.07.10-14.58.05:362][464]LogEpicStorage:Warning: ReadFile request failed. File request already pending for filename=http://cdn.unrealengine.com/newsfeed/blueprint_icon_b.png
[2014.07.10-15.13.05:509][944]LogEpicStorage:Warning: ReadFile request failed. File request already pending for filename=http://cdn.unrealengine.com/newsfeed/blueprint_icon_b.png
[2014.07.10-15.13.05:510][944]LogEpicStorage:Warning: ReadFile request failed. File request already pending for filename=http://cdn.unrealengine.com/newsfeed/blueprint_icon_b.png
[2014.07.10-15.23.05:457][700]Cmd: QUIT_EDITOR
[2014.07.10-15.23.05:550][700]LogWindowsTextInputMethodSystem:Error: Terminating failed while unadvising the language notification sink from the TSF source.
[2014.07.10-15.23.05:550][700]LogExit: Preparing to exit.
[2014.07.10-15.23.05:972][700]LogExit: Editor shut down
[2014.07.10-15.23.05:973][700]LogExit: Transaction tracking system shut down
[2014.07.10-15.23.05:975][700]LogParticles: Destroying 0 GPU particle simulations for FXSystem 0x000000001BCFF560
[2014.07.10-15.23.06:103][700]LogParticles: Destroying 0 GPU particle simulations for FXSystem 0x000000000BEDCC20
[2014.07.10-15.23.06:103][700]LogParticles: Destroying 0 GPU particle simulations for FXSystem 0x0000000022B4C9A0
[2014.07.10-15.23.06:103][700]LogParticles: Destroying 0 GPU particle simulations for FXSystem 0x0000000022B4CC20
[2014.07.10-15.23.06:103][700]LogExit: Object subsystem successfully closed.
[2014.07.10-15.23.06:173][700]LogModuleManager: Shutting down and abandoning module AndroidDeviceDetection (162)
[2014.07.10-15.23.06:173][700]LogModuleManager: Shutting down and abandoning module CrashTracker (161)
[2014.07.10-15.23.06:173][700]LogModuleManager: Shutting down and abandoning module HTTP (160)
[2014.07.10-15.23.06:173][700]LogModuleManager: Shutting down and abandoning module NewsFeed (159)
[2014.07.10-15.23.06:173][700]LogModuleManager: Shutting down and abandoning module SceneOutliner (158)
[2014.07.10-15.23.06:173][700]LogModuleManager: Shutting down and abandoning module StatsViewer (157)
[2014.07.10-15.23.06:173][700]LogModuleManager: Shutting down and abandoning module FoliageEdit (156)
[2014.07.10-15.23.06:185][700]LogModuleManager: Shutting down and abandoning module LandscapeEditor (155)
[2014.07.10-15.23.06:203][700]LogModuleManager: Shutting down and abandoning module MeshPaint (154)
[2014.07.10-15.23.06:219][700]LogModuleManager: Shutting down and abandoning module ActorPickerMode (153)
[2014.07.10-15.23.06:219][700]LogModuleManager: Shutting down and abandoning module GeometryMode (152)
[2014.07.10-15.23.06:219][700]LogModuleManager: Shutting down and abandoning module TextureAlignMode (151)
[2014.07.10-15.23.06:219][700]LogModuleManager: Shutting down and abandoning module BspMode (150)
[2014.07.10-15.23.06:219][700]LogModuleManager: Shutting down and abandoning module PlacementMode (149)
[2014.07.10-15.23.06:220][700]LogModuleManager: Shutting down and abandoning module AutomationWorker (148)
[2014.07.10-15.23.06:220][700]LogModuleManager: Shutting down and abandoning module ViewportSnapping (147)
[2014.07.10-15.23.06:220][700]LogModuleManager: Shutting down and abandoning module DeviceProfileEditor (146)
[2014.07.10-15.23.06:220][700]LogModuleManager: Shutting down and abandoning module UndoHistory (145)
[2014.07.10-15.23.06:221][700]LogModuleManager: Shutting down and abandoning module GameplayTagsEditor (144)
[2014.07.10-15.23.06:221][700]LogModuleManager: Shutting down and abandoning module UserFeedback (143)
[2014.07.10-15.23.06:221][700]LogModuleManager: Shutting down and abandoning module XmlParser (142)
[2014.07.10-15.23.06:221][700]LogModuleManager: Shutting down and abandoning module Blutility (141)
[2014.07.10-15.23.06:221][700]LogModuleManager: Shutting down and abandoning module AndroidPlatformEditor (138)
[2014.07.10-15.23.06:221][700]LogModuleManager: Shutting down and abandoning module AndroidRuntimeSettings (137)
[2014.07.10-15.23.06:221][700]LogModuleManager: Shutting down and abandoning module ProjectSettingsViewer (136)
[2014.07.10-15.23.06:221][700]LogModuleManager: Shutting down and abandoning module InputBindingEditor (135)
[2014.07.10-15.23.06:221][700]LogModuleManager: Shutting down and abandoning module EditorSettingsViewer (134)
[2014.07.10-15.23.06:221][700]LogModuleManager: Shutting down and abandoning module SettingsEditor (133)
[2014.07.10-15.23.06:221][700]LogModuleManager: Shutting down and abandoning module SessionLauncher (132)
[2014.07.10-15.23.06:221][700]LogModuleManager: Shutting down and abandoning module SessionFrontend (131)
[2014.07.10-15.23.06:221][700]LogModuleManager: Shutting down and abandoning module ProfilerClient (130)
[2014.07.10-15.23.06:221][700]LogModuleManager: Shutting down and abandoning module TargetDeviceServices (129)
[2014.07.10-15.23.06:221][700]LogModuleManager: Shutting down and abandoning module DeviceManager (128)
[2014.07.10-15.23.06:221][700]LogModuleManager: Shutting down and abandoning module AutomationController (127)
[2014.07.10-15.23.06:221][700]LogModuleManager: Shutting down and abandoning module AutomationWindow (126)
[2014.07.10-15.23.06:231][700]LogModuleManager: Shutting down and abandoning module Layers (125)
[2014.07.10-15.23.06:245][700]LogModuleManager: Shutting down and abandoning module ComponentVisualizers (124)
[2014.07.10-15.23.06:245][700]LogModuleManager: Shutting down and abandoning module DetailCustomizations (123)
[2014.07.10-15.23.06:245][700]LogModuleManager: Shutting down and abandoning module PackagesDialog (122)
[2014.07.10-15.23.06:245][700]LogModuleManager: Shutting down and abandoning module DirectoryWatcher (121)
[2014.07.10-15.23.06:246][700]LogModuleManager: Shutting down and abandoning module AssetRegistry (120)
[2014.07.10-15.23.06:353][700]LogModuleManager: Shutting down and abandoning module Persona (119)
[2014.07.10-15.23.06:353][700]LogModuleManager: Shutting down and abandoning module GraphEditor (118)
[2014.07.10-15.23.06:373][700]LogModuleManager: Shutting down and abandoning module ContentBrowser (117)
[2014.07.10-15.23.06:384][700]LogModuleManager: Shutting down and abandoning module ClassViewer (116)
[2014.07.10-15.23.06:384][700]LogModuleManager: Shutting down and abandoning module Toolbox (115)
[2014.07.10-15.23.06:384][700]LogModuleManager: Shutting down and abandoning module ModuleUI (114)
[2014.07.10-15.23.06:384][700]LogModuleManager: Shutting down and abandoning module Sequencer (113)
[2014.07.10-15.23.06:390][700]LogModuleManager: Shutting down and abandoning module MovieSceneTools (112)
[2014.07.10-15.23.06:391][700]LogModuleManager: Shutting down and abandoning module OutputLog (111)
[2014.07.10-15.23.06:391][700]LogModuleManager: Shutting down and abandoning module GammaUI (110)
[2014.07.10-15.23.06:391][700]LogModuleManager: Shutting down and abandoning module Documentation (109)
[2014.07.10-15.23.06:391][700]LogModuleManager: Shutting down and abandoning module StreamingPauseRendering (108)
[2014.07.10-15.23.06:391][700]LogModuleManager: Shutting down and abandoning module AnalyticsET (107)
[2014.07.10-15.23.06:391][700]LogModuleManager: Shutting down and abandoning module Analytics (106)
[2014.07.10-15.23.06:391][700]LogModuleManager: Shutting down and abandoning module ProfilerService (105)
[2014.07.10-15.23.06:548][700]LogModuleManager: Shutting down and abandoning module TaskGraph (104)
[2014.07.10-15.23.06:552][700]LogModuleManager: Shutting down and abandoning module GameProjectGeneration (103)
[2014.07.10-15.23.06:552][700]LogModuleManager: Shutting down and abandoning module Matinee (102)
[2014.07.10-15.23.06:567][700]LogModuleManager: Shutting down and abandoning module Kismet (101)
[2014.07.10-15.23.06:574][700]LogModuleManager: Shutting down and abandoning module SlateReflector (100)
[2014.07.10-15.23.06:574][700]LogModuleManager: Shutting down and abandoning module LevelEditor (99)
[2014.07.10-15.23.06:574][700]LogModuleManager: Shutting down and abandoning module MainFrame (98)
[2014.07.10-15.23.06:574][700]LogModuleManager: Shutting down and abandoning module SourceControl (97)
[2014.07.10-15.23.06:574][700]LogModuleManager: Shutting down and abandoning module ImageWrapper (96)
[2014.07.10-15.23.06:574][700]LogModuleManager: Shutting down and abandoning module OnlineBlueprintSupport (95)
[2014.07.10-15.23.06:574][700]LogModuleManager: Shutting down and abandoning module PropertyEditor (94)
[2014.07.10-15.23.06:574][700]LogModuleManager: Shutting down and abandoning module AssetTools (93)
[2014.07.10-15.23.06:593][700]LogModuleManager: Shutting down and abandoning module BehaviorTreeEditor (92)
[2014.07.10-15.23.06:603][700]LogModuleManager: Shutting down and abandoning module FunctionalTesting (91)
[2014.07.10-15.23.06:603][700]LogModuleManager: Shutting down and abandoning module CollisionAnalyzer (90)
[2014.07.10-15.23.06:611][700]LogModuleManager: Shutting down and abandoning module WorkspaceMenuStructure (89)
[2014.07.10-15.23.06:620][700]LogModuleManager: Shutting down and abandoning module MessageLog (88)
[2014.07.10-15.23.06:620][700]LogModuleManager: Shutting down and abandoning module Slate (87)
[2014.07.10-15.23.06:620][700]LogModuleManager: Shutting down and abandoning module EditorStyle (86)
[2014.07.10-15.23.06:621][700]LogModuleManager: Shutting down and abandoning module SessionServices (85)
[2014.07.10-15.23.06:621][700]LogModuleManager: Shutting down and abandoning module Messaging (84)
[2014.07.10-15.23.06:621][700]LogModuleManager: Shutting down and abandoning module SourceCodeAccess (83)
[2014.07.10-15.23.06:621][700]LogModuleManager: Shutting down and abandoning module HeadMountedDisplay (82)
[2014.07.10-15.23.06:621][700]LogModuleManager: Shutting down and abandoning module XAudio2 (81)
[2014.07.10-15.23.06:621][700]LogModuleManager: Shutting down and abandoning module Networking (79)
[2014.07.10-15.23.06:621][700]LogModuleManager: Shutting down and abandoning module Core (78)
[2014.07.10-15.23.06:621][700]LogModuleManager: Shutting down and abandoning module KismetCompiler (77)
[2014.07.10-15.23.06:621][700]LogModuleManager: Shutting down and abandoning module PhysXFormats (76)
[2014.07.10-15.23.06:621][700]LogModuleManager: Shutting down and abandoning module SimplygonMeshReduction (75)
[2014.07.10-15.23.06:621][700]LogModuleManager: Shutting down and abandoning module MeshUtilities (74)
[2014.07.10-15.23.06:626][700]LogModuleManager: Shutting down and abandoning module DerivedDataCache (73)
[2014.07.10-15.23.06:627][700]LogDerivedDataCache: Shutdown
[2014.07.10-15.23.06:627][700]LogModuleManager: Shutting down and abandoning module ShaderFormatOpenGL (72)
[2014.07.10-15.23.06:627][700]LogModuleManager: Shutting down and abandoning module ShaderFormatD3D (71)
[2014.07.10-15.23.06:627][700]LogModuleManager: Shutting down and abandoning module TextureFormatUncompressed (70)
[2014.07.10-15.23.06:627][700]LogModuleManager: Shutting down and abandoning module TextureFormatPVR (69)
[2014.07.10-15.23.06:627][700]LogModuleManager: Shutting down and abandoning module TextureFormatDXT (68)
[2014.07.10-15.23.06:627][700]LogModuleManager: Shutting down and abandoning module TextureFormatAndroid (67)
[2014.07.10-15.23.06:627][700]LogModuleManager: Shutting down and abandoning module AudioFormatOpus (66)
[2014.07.10-15.23.06:627][700]LogModuleManager: Shutting down and abandoning module AudioFormatOgg (65)
[2014.07.10-15.23.06:627][700]LogModuleManager: Shutting down and abandoning module AudioFormatADPCM (64)
[2014.07.10-15.23.06:627][700]LogModuleManager: Shutting down and abandoning module Android_PVRTCTargetPlatform (63)
[2014.07.10-15.23.06:627][700]LogModuleManager: Shutting down and abandoning module Android_ETC2TargetPlatform (62)
[2014.07.10-15.23.06:627][700]LogModuleManager: Shutting down and abandoning module Android_ETC1TargetPlatform (61)
[2014.07.10-15.23.06:627][700]LogModuleManager: Shutting down and abandoning module Android_DXTTargetPlatform (60)
[2014.07.10-15.23.06:627][700]LogModuleManager: Shutting down and abandoning module Android_ATCTargetPlatform (59)
[2014.07.10-15.23.06:627][700]LogModuleManager: Shutting down and abandoning module AndroidTargetPlatform (58)
[2014.07.10-15.23.06:627][700]LogModuleManager: Shutting down and abandoning module WindowsTargetPlatform (57)
[2014.07.10-15.23.06:627][700]LogModuleManager: Shutting down and abandoning module WindowsServerTargetPlatform (56)
[2014.07.10-15.23.06:627][700]LogModuleManager: Shutting down and abandoning module WindowsNoEditorTargetPlatform (55)
[2014.07.10-15.23.06:627][700]LogModuleManager: Shutting down and abandoning module WindowsClientTargetPlatform (54)
[2014.07.10-15.23.06:627][700]LogModuleManager: Shutting down and abandoning module TargetPlatform (53)
[2014.07.10-15.23.06:627][700]LogModuleManager: Shutting down and abandoning module InputCore (52)
[2014.07.10-15.23.06:627][700]LogModuleManager: Shutting down and abandoning module Settings (51)
[2014.07.10-15.23.06:627][700]LogModuleManager: Shutting down and abandoning module TextureCompressor (48)
[2014.07.10-15.23.06:627][700]LogModuleManager: Shutting down and abandoning module ShaderCore (47)
[2014.07.10-15.23.06:627][700]LogModuleManager: Shutting down and abandoning module OpenGLDrv (46)
[2014.07.10-15.23.06:627][700]LogModuleManager: Shutting down and abandoning module D3D11RHI (45)
[2014.07.10-15.23.06:627][700]LogModuleManager: Shutting down and abandoning module SlateRHIRenderer (44)
[2014.07.10-15.23.06:627][700]LogModuleManager: Shutting down and abandoning module Renderer (43)
[2014.07.10-15.23.06:627][700]LogModuleManager: Shutting down and abandoning module Engine (42)
[2014.07.10-15.23.06:627][700]LogModuleManager: Shutting down and abandoning module SlateRemote (41)
[2014.07.10-15.23.06:627][700]LogModuleManager: Shutting down and abandoning module ScriptPlugin (40)
[2014.07.10-15.23.06:640][700]LogModuleManager: Shutting down and abandoning module ScriptEditorPlugin (38)
[2014.07.10-15.23.06:640][700]LogModuleManager: Shutting down and abandoning module WindowsMoviePlayer (37)
[2014.07.10-15.23.06:646][700]LogModuleManager: Shutting down and abandoning module ExampleDeviceProfileSelector (32)
[2014.07.10-15.23.06:646][700]LogModuleManager: Shutting down and abandoning module CustomMeshComponent (31)
[2014.07.10-15.23.06:646][700]LogModuleManager: Shutting down and abandoning module CableComponent (30)
[2014.07.10-15.23.06:646][700]LogModuleManager: Shutting down and abandoning module OculusRift (26)
[2014.07.10-15.23.06:646][700]LogModuleManager: Shutting down and abandoning module UdpMessaging (25)
[2014.07.10-15.23.06:746][700]LogModuleManager: Shutting down and abandoning module MessagingDebugger (24)
[2014.07.10-15.23.06:762][700]LogModuleManager: Shutting down and abandoning module PluginsEditor (14)
[2014.07.10-15.23.06:762][700]LogModuleManager: Shutting down and abandoning module IntroTutorials (13)
[2014.07.10-15.23.06:762][700]LogModuleManager: Shutting down and abandoning module EpicSurvey (12)
[2014.07.10-15.23.06:762][700]LogModuleManager: Shutting down and abandoning module VisualStudioSourceCodeAccess (10)
[2014.07.10-15.23.06:762][700]LogModuleManager: Shutting down and abandoning module UObjectPlugin (9)
[2014.07.10-15.23.06:762][700]LogModuleManager: Shutting down and abandoning module SubversionSourceControl (8)
[2014.07.10-15.23.06:763][700]LogModuleManager: Shutting down and abandoning module PerforceSourceControl (7)
[2014.07.10-15.23.06:763][700]LogModuleManager: Shutting down and abandoning module BlankPlugin (6)
[2014.07.10-15.23.06:763][700]LogModuleManager: Shutting down and abandoning module CoreUObject (5)
[2014.07.10-15.23.06:763][700]LogModuleManager: Shutting down and abandoning module NetworkFile (4)
[2014.07.10-15.23.06:763][700]LogModuleManager: Shutting down and abandoning module StreamingFile (3)
[2014.07.10-15.23.06:763][700]LogModuleManager: Shutting down and abandoning module SandboxFile (2)
[2014.07.10-15.23.06:763][700]LogModuleManager: Shutting down and abandoning module PakFile (1)
[2014.07.10-15.23.06:763][700]LogExit: Exiting.
[2014.07.10-15.23.06:768][700]Log file closed, 07/10/14 17:23:06
