Log file open, 07/25/14 00:09:00
LogInit:Display: Running engine for game: MyProject3
LogInit: Version: 4.3.0-2215663+++depot+UE4-Releases+4.3
LogInit: API Version: 2215663
LogInit: Compiled (64-bit): Jul 14 2014 22:23:33
LogInit: Build Configuration: Development
LogInit: Branch Name: ++depot+UE4-Releases+4.3
LogInit: Command line:  
LogInit: Base directory: E:/Unreal Engine/4.3/Engine/Binaries/Win64/
LogInit: Rocket: 1
[2014.07.24-22.09.00:237][  0]LogTaskGraph: Started task graph with 3 named threads and 6 total threads.
[2014.07.24-22.09.00:283][  0]LogOnline:Warning: No default platform service specified for OnlineSubsystem
[2014.07.24-22.09.00:304][  0]LogInit: Presizing for 0 objects not considered by GC, pre-allocating 0 bytes.
[2014.07.24-22.09.00:310][  0]LogInit: Object subsystem initialized
[2014.07.24-22.09.00:312][  0]LogInit: Selected Device Profile: [Windows]
[2014.07.24-22.09.00:312][  0]LogInit: Applying CVar settings loaded from the selected device profile: [Windows]
[2014.07.24-22.09.00:316][  0]LogInit: Computer: SPAEHLING-PC
[2014.07.24-22.09.00:316][  0]LogInit: User: Spaehling
[2014.07.24-22.09.00:317][  0]LogInit: CPU Page size=4096, Cores=6
[2014.07.24-22.09.00:317][  0]LogInit: High frequency timer resolution =3.126943 MHz
[2014.07.24-22.09.00:317][  0]LogMemory: Memory total: Physical=64.0GB (64GB approx) Virtual=8192.0GB
[2014.07.24-22.09.00:317][  0]LogMemory: Platform Memory Stats for Windows
[2014.07.24-22.09.00:317][  0]LogMemory: Process Physical Memory: 63.09 MB used, 63.53 MB peak
[2014.07.24-22.09.00:317][  0]LogMemory: Process Virtual Memory: 42.96 MB used, 44.29 MB peak
[2014.07.24-22.09.00:317][  0]LogMemory: Physical Memory: 7205.49 MB used, 65486.15 MB total
[2014.07.24-22.09.00:317][  0]LogMemory: Virtual Memory: 252.59 MB used, 8388608.00 MB total
[2014.07.24-22.09.00:389][  0]LogD3D11RHI: Found D3D11 adapter 0: NVIDIA GeForce GTX 690 (Feature Level 11_0)
[2014.07.24-22.09.00:389][  0]LogD3D11RHI: Adapter has 1990MB of dedicated video memory, 0MB of dedicated system memory, and 2048MB of shared system memory, 1 output[s]
[2014.07.24-22.09.00:412][  0]LogD3D11RHI: Found D3D11 adapter 1: NVIDIA GeForce GTX 690 (Feature Level 11_0)
[2014.07.24-22.09.00:412][  0]LogD3D11RHI: Adapter has 1990MB of dedicated video memory, 0MB of dedicated system memory, and 2048MB of shared system memory, 1 output[s]
[2014.07.24-22.09.00:412][  0]LogD3D11RHI: Chosen D3D11 Adapter Id = 0
[2014.07.24-22.09.00:418][  0]LogRHI: Texture pool is 1361 MB (70% of 1945 MB)
[2014.07.24-22.09.00:428][  0]LogD3D11RHI: Async texture creation enabled
[2014.07.24-22.09.00:509][  0]LogTextLocalizationManager:Warning: The selected culture 'de_DE' is not available; falling back to 'en'
[2014.07.24-22.09.00:566][  0]LogContentStreaming: Texture pool size is 0.000000MB
[2014.07.24-22.09.01:256][  0]LogTargetPlatformManager:Display: Building Assets For Windows
[2014.07.24-22.09.01:440][  0]LogTargetPlatformManager:Display: Building Assets For Windows
[2014.07.24-22.09.01:476][  0]LogDerivedDataCache:Display: Max Cache Size: 512 MB
[2014.07.24-22.09.01:510][  0]LogDerivedDataCache: Loaded boot cache 0.03s 39MB C:/Users/Spaehling/AppData/Local/UnrealEngine/4.3/DerivedDataCache/Boot.ddc.
[2014.07.24-22.09.01:510][  0]LogDerivedDataCache:Display: Loaded Boot cache: C:/Users/Spaehling/AppData/Local/UnrealEngine/4.3/DerivedDataCache/Boot.ddc
[2014.07.24-22.09.01:510][  0]LogDerivedDataCache: FDerivedDataBackendGraph:  Pak pak cache file D:/UDK4 Projects/Waagenbau/DerivedDataCache/DDC.ddp not found, will not use a pak cache.
[2014.07.24-22.09.01:510][  0]LogDerivedDataCache: Unable to find inner node Pak for hierarchical cache Hierarchy.
[2014.07.24-22.09.01:526][  0]LogDerivedDataCache:Display: Pak cache opened for reading ../../../Engine/DerivedDataCache/DDC.ddp.
[2014.07.24-22.09.01:538][  0]LogDerivedDataCache: Using Local data cache path C:/Users/Spaehling/AppData/Local/UnrealEngine/4.3/DerivedDataCache: Writable
[2014.07.24-22.09.02:260][  0]LogMeshUtilities: No automatic mesh reduction module available
[2014.07.24-22.09.02:260][  0]LogMeshUtilities: No automatic mesh merging module available
[2014.07.24-22.09.02:553][  0]LogInit: WinSock: version 1.1 (2.2), MaxSocks=32767, MaxUdp=65467
[2014.07.24-22.09.04:087][  0]LogLinker:Warning: Asset '../../../Engine/Plugins/Experimental/Paper2D/Content/DefaultPaperTerrainMaterial.uasset' has been saved with empty engine version. The asset will be loaded but may be incompatible.
[2014.07.24-22.09.04:087][  0]LogLinker:Warning: Asset '../../../Engine/Plugins/Experimental/Paper2D/Content/DummySprite.uasset' has been saved with empty engine version. The asset will be loaded but may be incompatible.
[2014.07.24-22.09.04:094][  0]UdpMessaging: Initializing bridge on interface 0.0.0.0:0 to multicast group 230.0.0.1:6666.
[2014.07.24-22.09.04:187][  0]SourceControl: Info Source control is disabled
[2014.07.24-22.09.04:187][  0]SourceControl: Info Source control is disabled
[2014.07.24-22.09.04:191][  0]SourceControl: Info Source control is disabled
[2014.07.24-22.09.04:351][  0]BlueprintLog: New page: Editor Load
[2014.07.24-22.09.04:443][  0]LogObj: 20265 objects as part of root set at end of initial load.
[2014.07.24-22.09.04:443][  0]LogUObjectAllocator: 4015024 out of 0 bytes used by permanent object pool.
[2014.07.24-22.09.04:583][  0]LogEngine: Initializing Engine...
[2014.07.24-22.09.04:683][  0]LogInit: XAudio2 using 'Lautsprecher (Corsair Vengeance 2000 Headset)' : 8 channels at 44.1 kHz using 16 bits per sample (channel mask 0x63f)
[2014.07.24-22.09.04:691][  0]LogInit: FAudioDevice initialized.
[2014.07.24-22.09.04:701][  0]LogAIModule: Creating AISystem for world NewWorld
[2014.07.24-22.09.04:722][  0]LogDerivedDataCache: Saved boot cache 0.02s 39MB C:/Users/Spaehling/AppData/Local/UnrealEngine/4.3/DerivedDataCache/Boot.ddc.
[2014.07.24-22.09.04:727][  0]LogInit: Texture streaming: Enabled
[2014.07.24-22.09.04:760][  0]LogInit: Transaction tracking system initialized
[2014.07.24-22.09.04:868][  0]LogAssetRegistry: FAssetRegistry took 0.0095 seconds to start up
[2014.07.24-22.09.05:064][  0]LogTargetPlatformManager:Display: Building Assets For Windows
[2014.07.24-22.09.05:093][  0]LogTargetPlatformManager:Display: Building Assets For Windows
[2014.07.24-22.09.05:214][  0]LogConsoleResponse:Display: 
[2014.07.24-22.09.05:372][  0]SourceControl: Info Source control is disabled
[2014.07.24-22.09.05:372][  0]Cmd: MAP LOAD FILE="D:/UDK4 Projects/Waagenbau/Content/Maps/waagenbau.umap" TEMPLATE=0 SHOWPROGRESS=1
[2014.07.24-22.09.05:372][  0]LightingResults: New page: Lighting Build
[2014.07.24-22.09.05:377][  0]MapCheck: New page: Map Check
[2014.07.24-22.09.05:377][  0]LightingResults: New page: Lighting Build
[2014.07.24-22.09.05:382][  0]LogParticles: Destroying 0 GPU particle simulations for FXSystem 0x00000000154CD080
[2014.07.24-22.09.06:988][  0]LogBlueprint:Warning: Node '/Game/Blueprints/Assets/Cigarettes.cigarettes:UserConstructionScript.K2Node_VariableGet_424' missing NodeGuid.
[2014.07.24-22.09.07:492][  0]LogBlueprintUserMessages:Warning: SetTimer passed a bad function () or object (DiscoLight_1_C_19)
[2014.07.24-22.09.07:493][  0]LogBlueprintUserMessages:Warning: SetTimer passed a bad function () or object (DiscoLight_1_C_24)
[2014.07.24-22.09.07:494][  0]LogBlueprintUserMessages:Warning: SetTimer passed a bad function () or object (DiscoLight_1_C_25)
[2014.07.24-22.09.07:494][  0]LogBlueprintUserMessages:Warning: SetTimer passed a bad function () or object (DiscoLight_1_C_26)
[2014.07.24-22.09.07:495][  0]LogBlueprintUserMessages:Warning: SetTimer passed a bad function () or object (DiscoLight_1_C_27)
[2014.07.24-22.09.07:496][  0]LogBlueprintUserMessages:Warning: SetTimer passed a bad function () or object (DiscoLight_1_C_28)
[2014.07.24-22.09.07:496][  0]LogBlueprintUserMessages:Warning: SetTimer passed a bad function () or object (DiscoLight_1_C_29)
[2014.07.24-22.09.07:497][  0]LogBlueprintUserMessages:Warning: SetTimer passed a bad function () or object (DiscoLight_1_C_30)
[2014.07.24-22.09.07:498][  0]LogBlueprintUserMessages:Warning: SetTimer passed a bad function () or object (DiscoLight_1_C_31)
[2014.07.24-22.09.07:498][  0]LogBlueprintUserMessages:Warning: SetTimer passed a bad function () or object (DiscoLight_1_C_32)
[2014.07.24-22.09.07:499][  0]LogBlueprintUserMessages:Warning: SetTimer passed a bad function () or object (DiscoLight_1_C_33)
[2014.07.24-22.09.07:500][  0]LogBlueprintUserMessages:Warning: SetTimer passed a bad function () or object (DiscoLight_1_C_34)
[2014.07.24-22.09.07:500][  0]LogBlueprintUserMessages:Warning: SetTimer passed a bad function () or object (DiscoLight_1_C_35)
[2014.07.24-22.09.07:501][  0]LogBlueprintUserMessages:Warning: SetTimer passed a bad function () or object (DiscoLight_1_C_36)
[2014.07.24-22.09.07:501][  0]LogBlueprintUserMessages:Warning: SetTimer passed a bad function () or object (DiscoLight_1_C_37)
[2014.07.24-22.09.07:502][  0]LogBlueprintUserMessages:Warning: SetTimer passed a bad function () or object (DiscoLight_1_C_38)
[2014.07.24-22.09.07:503][  0]LogBlueprintUserMessages:Warning: SetTimer passed a bad function () or object (DiscoLight_1_C_39)
[2014.07.24-22.09.07:503][  0]LogBlueprintUserMessages:Warning: SetTimer passed a bad function () or object (DiscoLight_1_C_40)
[2014.07.24-22.09.07:504][  0]LogBlueprintUserMessages:Warning: SetTimer passed a bad function () or object (DiscoLight_1_C_41)
[2014.07.24-22.09.07:505][  0]LogBlueprintUserMessages:Warning: SetTimer passed a bad function () or object (DiscoLight_1_C_42)
[2014.07.24-22.09.07:505][  0]LogBlueprintUserMessages:Warning: SetTimer passed a bad function () or object (DiscoLight_1_C_43)
[2014.07.24-22.09.07:506][  0]LogBlueprintUserMessages:Warning: SetTimer passed a bad function () or object (DiscoLight_1_C_44)
[2014.07.24-22.09.07:506][  0]LogBlueprintUserMessages:Warning: SetTimer passed a bad function () or object (DiscoLight_1_C_45)
[2014.07.24-22.09.07:507][  0]LogBlueprintUserMessages:Warning: SetTimer passed a bad function () or object (WallSconce_24)
[2014.07.24-22.09.08:371][  0]LogEditorServer: Finished looking for orphan Actors (0.000 secs)
[2014.07.24-22.09.08:372][  0]LogAIModule: Creating AISystem for world waagenbau
[2014.07.24-22.09.08:372][  0]Cmd: MAP CHECKDEP
[2014.07.24-22.09.08:372][  0]MapCheck: New page: waagenbau - Jul 25, 2014, 2:09:08 AM
[2014.07.24-22.09.08:457][  0]MapCheck: Info ========== Map Check: 0 Error(s), 0 Warning(s), [84.192ms] ==========
[2014.07.24-22.09.08:457][  0]LogFileHelpers: Loading map 'waagenbau' took 3.085
[2014.07.24-22.09.08:700][  0]LogCrashTracker: Crashtracker disabled due to settings.
[2014.07.24-22.09.08:769][  0]LogLoad: Full Startup: 9.42 seconds (BP compile: 0.60 seconds)
[2014.07.24-22.09.08:914][  0]LogRenderer:Warning: Reallocating scene render targets to support 32x32.
[2014.07.24-22.09.08:976][  0]LogSlate: SRTH: 000000001D6E7580, 1156 x 853
[2014.07.24-22.09.09:023][  0]LogRenderer:Warning: Reallocating scene render targets to support 1160x856.
[2014.07.24-22.09.09:190][  1]LogEpicStorage:Warning: EnumerateFiles request failed. Invalid response. code=403 error=<?xml version="1.0" encoding="UTF-8"?>
<Error><Code>AccessDenied</Code><Message>Access Denied</Message><RequestId>5A8ED8C15115E744</RequestId><HostId>D/+yZajDtpwZ1dOk5ptfWFhlSDrLcJ1uL6xESQ9D2BUkNU9+ytEhK6GvxYb27rRU</HostId></Error>
[2014.07.24-22.09.09:352][  2]LogEpicSurvey:Warning: EnumerateFiles request failed. Invalid response. code=403 error=<?xml version="1.0" encoding="UTF-8"?>
<Error><Code>AccessDenied</Code><Message>Access Denied</Message><RequestId>3842AA35A4C0D139</RequestId><HostId>WlEUVDLQgJEWnfX6AL7tZZMrpli87cr/RvYqjvNhF7MQA++UG+DUCnBSK/QPDogp</HostId></Error>
[2014.07.24-22.09.09:359][  2]LogAssetRegistry: Asset discovery search completed in 4.5011 seconds
[2014.07.24-22.09.09:409][  3]LogEpicStorage:Warning: EnumerateFiles request failed. Invalid response. code=403 error=<?xml version="1.0" encoding="UTF-8"?>
<Error><Code>AccessDenied</Code><Message>Access Denied</Message><RequestId>5A8ED8C15115E744</RequestId><HostId>D/+yZajDtpwZ1dOk5ptfWFhlSDrLcJ1uL6xESQ9D2BUkNU9+ytEhK6GvxYb27rRU</HostId></Error>
[2014.07.24-22.09.09:452][  4]LogEpicSurvey:Warning: EnumerateFiles request failed. Invalid response. code=403 error=<?xml version="1.0" encoding="UTF-8"?>
<Error><Code>AccessDenied</Code><Message>Access Denied</Message><RequestId>3842AA35A4C0D139</RequestId><HostId>WlEUVDLQgJEWnfX6AL7tZZMrpli87cr/RvYqjvNhF7MQA++UG+DUCnBSK/QPDogp</HostId></Error>
[2014.07.24-22.09.09:487][  8]LogEpicSurvey:Warning: EnumerateFiles request failed. Invalid response. code=403 error=<?xml version="1.0" encoding="UTF-8"?>
<Error><Code>AccessDenied</Code><Message>Access Denied</Message><RequestId>1D08D33940627F39</RequestId><HostId>XOk4KR/jTZoeEB1j0PlJCGpBtXQ/LEQzVnOtv+Bj6tJ9dVYh51bHYKUh6UGfgpCl</HostId></Error>
[2014.07.24-22.09.09:498][  9]LogEpicStorage:Warning: ReadFile request failed. File request already pending for filename=http://cdn.unrealengine.com/newsfeed/blueprint_icon_b.png
[2014.07.24-22.09.09:499][  9]LogEpicStorage:Warning: ReadFile request failed. File request already pending for filename=http://cdn.unrealengine.com/newsfeed/blueprint_icon_b.png
[2014.07.24-22.09.40:282][909]Cmd: STAT FPS
[2014.07.24-22.10.39:149][206]LogPlayLevel: PIE:  No blueprints needed recompiling
[2014.07.24-22.10.39:149][206]PIE: New page: PIE session: waagenbau (Jul 25, 2014, 2:10:39 AM)
[2014.07.24-22.10.39:218][206]LogPlayLevel: PIE: StaticDuplicateObject took: (0.068755s)
[2014.07.24-22.10.39:219][206]LogPlayLevel: PIE: World Init took: (0.000717s)
[2014.07.24-22.10.39:219][206]LogPlayLevel: PIE: Created PIE world by copying editor world from /Game/Maps/waagenbau.waagenbau to /Game/Maps/UEDPIE_0_waagenbau.waagenbau (0.069903s)
[2014.07.24-22.10.39:219][206]LogWorld: Game class is 'MyGame_C'
[2014.07.24-22.10.39:230][206]LogSlate: SRTH: 000000002FE16E00, 1156 x 853
[2014.07.24-22.10.39:264][206]LogAIModule: Creating AISystem for world waagenbau
[2014.07.24-22.10.39:373][206]LogOutputDevice: === Handled error: ===
Ensure condition failed: false [File:D:\BuildFarm\buildmachine_++depot+UE4-Releases+4.3\Engine\Source\Runtime\Engine\Private\SceneComponent.cpp] [Line: 694]
Template Mismatch during attachment. Attaching instanced component to template component. Parent 'SceneComp' Self 'Sprite'
Stack: Address = 0xec20f996 (filename not found) [in E:\Unreal Engine\4.3\Engine\Binaries\Win64\UE4Editor-Core.dll]
Address = 0xec0c5b01 (filename not found) [in E:\Unreal Engine\4.3\Engine\Binaries\Win64\UE4Editor-Core.dll]
Address = 0xec0c5d47 (filename not found) [in E:\Unreal Engine\4.3\Engine\Binaries\Win64\UE4Editor-Core.dll]
Address = 0xe7dd543e (filename not found) [in E:\Unreal Engine\4.3\Engine\Binaries\Win64\UE4Editor-Engine.dll]
Address = 0xe797c1f6 (filename not found) [in E:\Unreal Engine\4.3\Engine\Binaries\Win64\UE4Editor-Engine.dll]
Address = 0xe7c90b69 (filename not found) [in E:\Unreal Engine\4.3\Engine\Binaries\Win64\UE4Editor-Engine.dll]
Address = 0xe80c648d (filename not found) [in E:\Unreal Engine\4.3\Engine\Binaries\Win64\UE4Editor-Engine.dll]
Address = 0xe80ae5aa (filename not found) [in E:\Unreal Engine\4.3\Engine\Binaries\Win64\UE4Editor-Engine.dll]
Address = 0xe69f7630 (filename not found) [in E:\Unreal Engine\4.3\Engine\Binaries\Win64\UE4Editor-UnrealEd.dll]
Address = 0xe6a163b5 (filename not found) [in E:\Unreal Engine\4.3\Engine\Binaries\Win64\UE4Editor-UnrealEd.dll]
Address = 0xe6a260e9 (filename not found) [in E:\Unreal Engine\4.3\Engine\Binaries\Win64\UE4Editor-UnrealEd.dll]
Address = 0xe68128b8 (filename not found) [in E:\Unreal Engine\4.3\Engine\Binaries\Win64\UE4Editor-UnrealEd.dll]
Address = 0xe6bee956 (filename not found) [in E:\Unreal Engine\4.3\Engine\Binaries\Win64\UE4Editor-UnrealEd.dll]
FEngineLoop::Tick() 0x3f086762 + 0 bytes [File=d:\buildfarm\buildmachine_++depot+ue4-releases+4.3\engine\source\runtime\launch\private\launchengineloop.cpp:2084] [in E:\Unreal Engine\4.3\Engine\Binaries\Win64\UE4Editor.exe]
GuardedMain() 0x3f07c0dc + 0 bytes [File=d:\buildfarm\buildmachine_++depot+ue4-releases+4.3\engine\source\runtime\launch\private\launch.cpp:133] [in E:\Unreal Engine\4.3\Engine\Binaries\Win64\UE4Editor.exe]
GuardedMainWrapper() 0x3f07c14a + 5 bytes [File=d:\buildfarm\buildmachine_++depot+ue4-releases+4.3\engine\source\runtime\launch\private\windows\launchwindows.cpp:125] [in E:\Unreal Engine\4.3\Engine\Binaries\Win64\UE4Editor.exe]
WinMain() 0x3f087c59 + 17 bytes [File=d:\buildfarm\buildmachine_++depot+ue4-releases+4.3\engine\source\runtime\launch\private\windows\launchwindows.cpp:207] [in E:\Unreal Engine\4.3\Engine\Binaries\Win64\UE4Editor.exe]
__tmainCRTStartup() 0x3f088a79 + 21 bytes [File=f:\dd\vctools\crt\crtw32\dllstuff\crtexe.c:618] [in E:\Unreal Engine\4.3\Engine\Binaries\Win64\UE4Editor.exe]
Address = 0x778559ed (filename not found) [in C:\Windows\system32\kernel32.dll]
Address = 0x77a8c541 (filename not found) [in C:\Windows\SYSTEM32\ntdll.dll]
Address = 0x77a8c541 (filename not found) [in C:\Windows\SYSTEM32\ntdll.dll]

[2014.07.24-22.10.39:829][206]LogOutputDevice: === Handled error: ===
Ensure condition failed: false [File:D:\BuildFarm\buildmachine_++depot+UE4-Releases+4.3\Engine\Source\Runtime\Engine\Private\SceneComponent.cpp] [Line: 694]
Template Mismatch during attachment. Attaching instanced component to template component. Parent 'SceneComp' Self 'Sprite'
Stack: Address = 0xec20f996 (filename not found) [in E:\Unreal Engine\4.3\Engine\Binaries\Win64\UE4Editor-Core.dll]
Address = 0xec0c5b01 (filename not found) [in E:\Unreal Engine\4.3\Engine\Binaries\Win64\UE4Editor-Core.dll]
Address = 0xec0c5d47 (filename not found) [in E:\Unreal Engine\4.3\Engine\Binaries\Win64\UE4Editor-Core.dll]
Address = 0xe7dd543e (filename not found) [in E:\Unreal Engine\4.3\Engine\Binaries\Win64\UE4Editor-Engine.dll]
Address = 0xe797c1f6 (filename not found) [in E:\Unreal Engine\4.3\Engine\Binaries\Win64\UE4Editor-Engine.dll]
Address = 0xe7c90b69 (filename not found) [in E:\Unreal Engine\4.3\Engine\Binaries\Win64\UE4Editor-Engine.dll]
Address = 0xe80c648d (filename not found) [in E:\Unreal Engine\4.3\Engine\Binaries\Win64\UE4Editor-Engine.dll]
Address = 0xe80ae5aa (filename not found) [in E:\Unreal Engine\4.3\Engine\Binaries\Win64\UE4Editor-Engine.dll]
Address = 0xe69f7630 (filename not found) [in E:\Unreal Engine\4.3\Engine\Binaries\Win64\UE4Editor-UnrealEd.dll]
Address = 0xe6a163b5 (filename not found) [in E:\Unreal Engine\4.3\Engine\Binaries\Win64\UE4Editor-UnrealEd.dll]
Address = 0xe6a260e9 (filename not found) [in E:\Unreal Engine\4.3\Engine\Binaries\Win64\UE4Editor-UnrealEd.dll]
Address = 0xe68128b8 (filename not found) [in E:\Unreal Engine\4.3\Engine\Binaries\Win64\UE4Editor-UnrealEd.dll]
Address = 0xe6bee956 (filename not found) [in E:\Unreal Engine\4.3\Engine\Binaries\Win64\UE4Editor-UnrealEd.dll]
FEngineLoop::Tick() 0x3f086762 + 0 bytes [File=d:\buildfarm\buildmachine_++depot+ue4-releases+4.3\engine\source\runtime\launch\private\launchengineloop.cpp:2084] [in E:\Unreal Engine\4.3\Engine\Binaries\Win64\UE4Editor.exe]
GuardedMain() 0x3f07c0dc + 0 bytes [File=d:\buildfarm\buildmachine_++depot+ue4-releases+4.3\engine\source\runtime\launch\private\launch.cpp:133] [in E:\Unreal Engine\4.3\Engine\Binaries\Win64\UE4Editor.exe]
GuardedMainWrapper() 0x3f07c14a + 5 bytes [File=d:\buildfarm\buildmachine_++depot+ue4-releases+4.3\engine\source\runtime\launch\private\windows\launchwindows.cpp:125] [in E:\Unreal Engine\4.3\Engine\Binaries\Win64\UE4Editor.exe]
WinMain() 0x3f087c59 + 17 bytes [File=d:\buildfarm\buildmachine_++depot+ue4-releases+4.3\engine\source\runtime\launch\private\windows\launchwindows.cpp:207] [in E:\Unreal Engine\4.3\Engine\Binaries\Win64\UE4Editor.exe]
__tmainCRTStartup() 0x3f088a79 + 21 bytes [File=f:\dd\vctools\crt\crtw32\dllstuff\crtexe.c:618] [in E:\Unreal Engine\4.3\Engine\Binaries\Win64\UE4Editor.exe]
Address = 0x778559ed (filename not found) [in C:\Windows\system32\kernel32.dll]
Address = 0x77a8c541 (filename not found) [in C:\Windows\SYSTEM32\ntdll.dll]
Address = 0x77a8c541 (filename not found) [in C:\Windows\SYSTEM32\ntdll.dll]

[2014.07.24-22.10.39:834][206]LogOutputDevice: === Handled error: ===
Ensure condition failed: false [File:D:\BuildFarm\buildmachine_++depot+UE4-Releases+4.3\Engine\Source\Runtime\Engine\Private\SceneComponent.cpp] [Line: 694]
Template Mismatch during attachment. Attaching instanced component to template component. Parent 'SceneComp' Self 'Sprite'
Stack: Address = 0xec20f996 (filename not found) [in E:\Unreal Engine\4.3\Engine\Binaries\Win64\UE4Editor-Core.dll]
Address = 0xec0c5b01 (filename not found) [in E:\Unreal Engine\4.3\Engine\Binaries\Win64\UE4Editor-Core.dll]
Address = 0xec0c5d47 (filename not found) [in E:\Unreal Engine\4.3\Engine\Binaries\Win64\UE4Editor-Core.dll]
Address = 0xe7dd543e (filename not found) [in E:\Unreal Engine\4.3\Engine\Binaries\Win64\UE4Editor-Engine.dll]
Address = 0xe797c1f6 (filename not found) [in E:\Unreal Engine\4.3\Engine\Binaries\Win64\UE4Editor-Engine.dll]
Address = 0xe7c90b69 (filename not found) [in E:\Unreal Engine\4.3\Engine\Binaries\Win64\UE4Editor-Engine.dll]
Address = 0xe80c648d (filename not found) [in E:\Unreal Engine\4.3\Engine\Binaries\Win64\UE4Editor-Engine.dll]
Address = 0xe80ae5aa (filename not found) [in E:\Unreal Engine\4.3\Engine\Binaries\Win64\UE4Editor-Engine.dll]
Address = 0xe69f7630 (filename not found) [in E:\Unreal Engine\4.3\Engine\Binaries\Win64\UE4Editor-UnrealEd.dll]
Address = 0xe6a163b5 (filename not found) [in E:\Unreal Engine\4.3\Engine\Binaries\Win64\UE4Editor-UnrealEd.dll]
Address = 0xe6a260e9 (filename not found) [in E:\Unreal Engine\4.3\Engine\Binaries\Win64\UE4Editor-UnrealEd.dll]
Address = 0xe68128b8 (filename not found) [in E:\Unreal Engine\4.3\Engine\Binaries\Win64\UE4Editor-UnrealEd.dll]
Address = 0xe6bee956 (filename not found) [in E:\Unreal Engine\4.3\Engine\Binaries\Win64\UE4Editor-UnrealEd.dll]
FEngineLoop::Tick() 0x3f086762 + 0 bytes [File=d:\buildfarm\buildmachine_++depot+ue4-releases+4.3\engine\source\runtime\launch\private\launchengineloop.cpp:2084] [in E:\Unreal Engine\4.3\Engine\Binaries\Win64\UE4Editor.exe]
GuardedMain() 0x3f07c0dc + 0 bytes [File=d:\buildfarm\buildmachine_++depot+ue4-releases+4.3\engine\source\runtime\launch\private\launch.cpp:133] [in E:\Unreal Engine\4.3\Engine\Binaries\Win64\UE4Editor.exe]
GuardedMainWrapper() 0x3f07c14a + 5 bytes [File=d:\buildfarm\buildmachine_++depot+ue4-releases+4.3\engine\source\runtime\launch\private\windows\launchwindows.cpp:125] [in E:\Unreal Engine\4.3\Engine\Binaries\Win64\UE4Editor.exe]
WinMain() 0x3f087c59 + 17 bytes [File=d:\buildfarm\buildmachine_++depot+ue4-releases+4.3\engine\source\runtime\launch\private\windows\launchwindows.cpp:207] [in E:\Unreal Engine\4.3\Engine\Binaries\Win64\UE4Editor.exe]
__tmainCRTStartup() 0x3f088a79 + 21 bytes [File=f:\dd\vctools\crt\crtw32\dllstuff\crtexe.c:618] [in E:\Unreal Engine\4.3\Engine\Binaries\Win64\UE4Editor.exe]
Address = 0x778559ed (filename not found) [in C:\Windows\system32\kernel32.dll]
Address = 0x77a8c541 (filename not found) [in C:\Windows\SYSTEM32\ntdll.dll]
Address = 0x77a8c541 (filename not found) [in C:\Windows\SYSTEM32\ntdll.dll]

[2014.07.24-22.10.39:840][206]LogOutputDevice: === Handled error: ===
Ensure condition failed: false [File:D:\BuildFarm\buildmachine_++depot+UE4-Releases+4.3\Engine\Source\Runtime\Engine\Private\SceneComponent.cpp] [Line: 694]
Template Mismatch during attachment. Attaching instanced component to template component. Parent 'SceneComp' Self 'Sprite'
Stack: Address = 0xec20f996 (filename not found) [in E:\Unreal Engine\4.3\Engine\Binaries\Win64\UE4Editor-Core.dll]
Address = 0xec0c5b01 (filename not found) [in E:\Unreal Engine\4.3\Engine\Binaries\Win64\UE4Editor-Core.dll]
Address = 0xec0c5d47 (filename not found) [in E:\Unreal Engine\4.3\Engine\Binaries\Win64\UE4Editor-Core.dll]
Address = 0xe7dd543e (filename not found) [in E:\Unreal Engine\4.3\Engine\Binaries\Win64\UE4Editor-Engine.dll]
Address = 0xe797c1f6 (filename not found) [in E:\Unreal Engine\4.3\Engine\Binaries\Win64\UE4Editor-Engine.dll]
Address = 0xe7c90b69 (filename not found) [in E:\Unreal Engine\4.3\Engine\Binaries\Win64\UE4Editor-Engine.dll]
Address = 0xe80c648d (filename not found) [in E:\Unreal Engine\4.3\Engine\Binaries\Win64\UE4Editor-Engine.dll]
Address = 0xe80ae5aa (filename not found) [in E:\Unreal Engine\4.3\Engine\Binaries\Win64\UE4Editor-Engine.dll]
Address = 0xe69f7630 (filename not found) [in E:\Unreal Engine\4.3\Engine\Binaries\Win64\UE4Editor-UnrealEd.dll]
Address = 0xe6a163b5 (filename not found) [in E:\Unreal Engine\4.3\Engine\Binaries\Win64\UE4Editor-UnrealEd.dll]
Address = 0xe6a260e9 (filename not found) [in E:\Unreal Engine\4.3\Engine\Binaries\Win64\UE4Editor-UnrealEd.dll]
Address = 0xe68128b8 (filename not found) [in E:\Unreal Engine\4.3\Engine\Binaries\Win64\UE4Editor-UnrealEd.dll]
Address = 0xe6bee956 (filename not found) [in E:\Unreal Engine\4.3\Engine\Binaries\Win64\UE4Editor-UnrealEd.dll]
FEngineLoop::Tick() 0x3f086762 + 0 bytes [File=d:\buildfarm\buildmachine_++depot+ue4-releases+4.3\engine\source\runtime\launch\private\launchengineloop.cpp:2084] [in E:\Unreal Engine\4.3\Engine\Binaries\Win64\UE4Editor.exe]
GuardedMain() 0x3f07c0dc + 0 bytes [File=d:\buildfarm\buildmachine_++depot+ue4-releases+4.3\engine\source\runtime\launch\private\launch.cpp:133] [in E:\Unreal Engine\4.3\Engine\Binaries\Win64\UE4Editor.exe]
GuardedMainWrapper() 0x3f07c14a + 5 bytes [File=d:\buildfarm\buildmachine_++depot+ue4-releases+4.3\engine\source\runtime\launch\private\windows\launchwindows.cpp:125] [in E:\Unreal Engine\4.3\Engine\Binaries\Win64\UE4Editor.exe]
WinMain() 0x3f087c59 + 17 bytes [File=d:\buildfarm\buildmachine_++depot+ue4-releases+4.3\engine\source\runtime\launch\private\windows\launchwindows.cpp:207] [in E:\Unreal Engine\4.3\Engine\Binaries\Win64\UE4Editor.exe]
__tmainCRTStartup() 0x3f088a79 + 21 bytes [File=f:\dd\vctools\crt\crtw32\dllstuff\crtexe.c:618] [in E:\Unreal Engine\4.3\Engine\Binaries\Win64\UE4Editor.exe]
Address = 0x778559ed (filename not found) [in C:\Windows\system32\kernel32.dll]
Address = 0x77a8c541 (filename not found) [in C:\Windows\SYSTEM32\ntdll.dll]
Address = 0x77a8c541 (filename not found) [in C:\Windows\SYSTEM32\ntdll.dll]

[2014.07.24-22.10.39:846][206]LogOutputDevice: === Handled error: ===
Ensure condition failed: false [File:D:\BuildFarm\buildmachine_++depot+UE4-Releases+4.3\Engine\Source\Runtime\Engine\Private\SceneComponent.cpp] [Line: 694]
Template Mismatch during attachment. Attaching instanced component to template component. Parent 'SceneComp' Self 'Sprite'
Stack: Address = 0xec20f996 (filename not found) [in E:\Unreal Engine\4.3\Engine\Binaries\Win64\UE4Editor-Core.dll]
Address = 0xec0c5b01 (filename not found) [in E:\Unreal Engine\4.3\Engine\Binaries\Win64\UE4Editor-Core.dll]
Address = 0xec0c5d47 (filename not found) [in E:\Unreal Engine\4.3\Engine\Binaries\Win64\UE4Editor-Core.dll]
Address = 0xe7dd543e (filename not found) [in E:\Unreal Engine\4.3\Engine\Binaries\Win64\UE4Editor-Engine.dll]
Address = 0xe797c1f6 (filename not found) [in E:\Unreal Engine\4.3\Engine\Binaries\Win64\UE4Editor-Engine.dll]
Address = 0xe7c90b69 (filename not found) [in E:\Unreal Engine\4.3\Engine\Binaries\Win64\UE4Editor-Engine.dll]
Address = 0xe80c648d (filename not found) [in E:\Unreal Engine\4.3\Engine\Binaries\Win64\UE4Editor-Engine.dll]
Address = 0xe80ae5aa (filename not found) [in E:\Unreal Engine\4.3\Engine\Binaries\Win64\UE4Editor-Engine.dll]
Address = 0xe69f7630 (filename not found) [in E:\Unreal Engine\4.3\Engine\Binaries\Win64\UE4Editor-UnrealEd.dll]
Address = 0xe6a163b5 (filename not found) [in E:\Unreal Engine\4.3\Engine\Binaries\Win64\UE4Editor-UnrealEd.dll]
Address = 0xe6a260e9 (filename not found) [in E:\Unreal Engine\4.3\Engine\Binaries\Win64\UE4Editor-UnrealEd.dll]
Address = 0xe68128b8 (filename not found) [in E:\Unreal Engine\4.3\Engine\Binaries\Win64\UE4Editor-UnrealEd.dll]
Address = 0xe6bee956 (filename not found) [in E:\Unreal Engine\4.3\Engine\Binaries\Win64\UE4Editor-UnrealEd.dll]
FEngineLoop::Tick() 0x3f086762 + 0 bytes [File=d:\buildfarm\buildmachine_++depot+ue4-releases+4.3\engine\source\runtime\launch\private\launchengineloop.cpp:2084] [in E:\Unreal Engine\4.3\Engine\Binaries\Win64\UE4Editor.exe]
GuardedMain() 0x3f07c0dc + 0 bytes [File=d:\buildfarm\buildmachine_++depot+ue4-releases+4.3\engine\source\runtime\launch\private\launch.cpp:133] [in E:\Unreal Engine\4.3\Engine\Binaries\Win64\UE4Editor.exe]
GuardedMainWrapper() 0x3f07c14a + 5 bytes [File=d:\buildfarm\buildmachine_++depot+ue4-releases+4.3\engine\source\runtime\launch\private\windows\launchwindows.cpp:125] [in E:\Unreal Engine\4.3\Engine\Binaries\Win64\UE4Editor.exe]
WinMain() 0x3f087c59 + 17 bytes [File=d:\buildfarm\buildmachine_++depot+ue4-releases+4.3\engine\source\runtime\launch\private\windows\launchwindows.cpp:207] [in E:\Unreal Engine\4.3\Engine\Binaries\Win64\UE4Editor.exe]
__tmainCRTStartup() 0x3f088a79 + 21 bytes [File=f:\dd\vctools\crt\crtw32\dllstuff\crtexe.c:618] [in E:\Unreal Engine\4.3\Engine\Binaries\Win64\UE4Editor.exe]
Address = 0x778559ed (filename not found) [in C:\Windows\system32\kernel32.dll]
Address = 0x77a8c541 (filename not found) [in C:\Windows\SYSTEM32\ntdll.dll]
Address = 0x77a8c541 (filename not found) [in C:\Windows\SYSTEM32\ntdll.dll]

[2014.07.24-22.10.39:851][206]LogOutputDevice: === Handled error: ===
Ensure condition failed: false [File:D:\BuildFarm\buildmachine_++depot+UE4-Releases+4.3\Engine\Source\Runtime\Engine\Private\SceneComponent.cpp] [Line: 694]
Template Mismatch during attachment. Attaching instanced component to template component. Parent 'SceneComp' Self 'Sprite'
Stack: Address = 0xec20f996 (filename not found) [in E:\Unreal Engine\4.3\Engine\Binaries\Win64\UE4Editor-Core.dll]
Address = 0xec0c5b01 (filename not found) [in E:\Unreal Engine\4.3\Engine\Binaries\Win64\UE4Editor-Core.dll]
Address = 0xec0c5d47 (filename not found) [in E:\Unreal Engine\4.3\Engine\Binaries\Win64\UE4Editor-Core.dll]
Address = 0xe7dd543e (filename not found) [in E:\Unreal Engine\4.3\Engine\Binaries\Win64\UE4Editor-Engine.dll]
Address = 0xe797c1f6 (filename not found) [in E:\Unreal Engine\4.3\Engine\Binaries\Win64\UE4Editor-Engine.dll]
Address = 0xe7c90b69 (filename not found) [in E:\Unreal Engine\4.3\Engine\Binaries\Win64\UE4Editor-Engine.dll]
Address = 0xe80c648d (filename not found) [in E:\Unreal Engine\4.3\Engine\Binaries\Win64\UE4Editor-Engine.dll]
Address = 0xe80ae5aa (filename not found) [in E:\Unreal Engine\4.3\Engine\Binaries\Win64\UE4Editor-Engine.dll]
Address = 0xe69f7630 (filename not found) [in E:\Unreal Engine\4.3\Engine\Binaries\Win64\UE4Editor-UnrealEd.dll]
Address = 0xe6a163b5 (filename not found) [in E:\Unreal Engine\4.3\Engine\Binaries\Win64\UE4Editor-UnrealEd.dll]
Address = 0xe6a260e9 (filename not found) [in E:\Unreal Engine\4.3\Engine\Binaries\Win64\UE4Editor-UnrealEd.dll]
Address = 0xe68128b8 (filename not found) [in E:\Unreal Engine\4.3\Engine\Binaries\Win64\UE4Editor-UnrealEd.dll]
Address = 0xe6bee956 (filename not found) [in E:\Unreal Engine\4.3\Engine\Binaries\Win64\UE4Editor-UnrealEd.dll]
FEngineLoop::Tick() 0x3f086762 + 0 bytes [File=d:\buildfarm\buildmachine_++depot+ue4-releases+4.3\engine\source\runtime\launch\private\launchengineloop.cpp:2084] [in E:\Unreal Engine\4.3\Engine\Binaries\Win64\UE4Editor.exe]
GuardedMain() 0x3f07c0dc + 0 bytes [File=d:\buildfarm\buildmachine_++depot+ue4-releases+4.3\engine\source\runtime\launch\private\launch.cpp:133] [in E:\Unreal Engine\4.3\Engine\Binaries\Win64\UE4Editor.exe]
GuardedMainWrapper() 0x3f07c14a + 5 bytes [File=d:\buildfarm\buildmachine_++depot+ue4-releases+4.3\engine\source\runtime\launch\private\windows\launchwindows.cpp:125] [in E:\Unreal Engine\4.3\Engine\Binaries\Win64\UE4Editor.exe]
WinMain() 0x3f087c59 + 17 bytes [File=d:\buildfarm\buildmachine_++depot+ue4-releases+4.3\engine\source\runtime\launch\private\windows\launchwindows.cpp:207] [in E:\Unreal Engine\4.3\Engine\Binaries\Win64\UE4Editor.exe]
__tmainCRTStartup() 0x3f088a79 + 21 bytes [File=f:\dd\vctools\crt\crtw32\dllstuff\crtexe.c:618] [in E:\Unreal Engine\4.3\Engine\Binaries\Win64\UE4Editor.exe]
Address = 0x778559ed (filename not found) [in C:\Windows\system32\kernel32.dll]
Address = 0x77a8c541 (filename not found) [in C:\Windows\SYSTEM32\ntdll.dll]
Address = 0x77a8c541 (filename not found) [in C:\Windows\SYSTEM32\ntdll.dll]

[2014.07.24-22.10.39:857][206]LogOutputDevice: === Handled error: ===
Ensure condition failed: false [File:D:\BuildFarm\buildmachine_++depot+UE4-Releases+4.3\Engine\Source\Runtime\Engine\Private\SceneComponent.cpp] [Line: 694]
Template Mismatch during attachment. Attaching instanced component to template component. Parent 'SceneComp' Self 'Sprite'
Stack: Address = 0xec20f996 (filename not found) [in E:\Unreal Engine\4.3\Engine\Binaries\Win64\UE4Editor-Core.dll]
Address = 0xec0c5b01 (filename not found) [in E:\Unreal Engine\4.3\Engine\Binaries\Win64\UE4Editor-Core.dll]
Address = 0xec0c5d47 (filename not found) [in E:\Unreal Engine\4.3\Engine\Binaries\Win64\UE4Editor-Core.dll]
Address = 0xe7dd543e (filename not found) [in E:\Unreal Engine\4.3\Engine\Binaries\Win64\UE4Editor-Engine.dll]
Address = 0xe797c1f6 (filename not found) [in E:\Unreal Engine\4.3\Engine\Binaries\Win64\UE4Editor-Engine.dll]
Address = 0xe7c90b69 (filename not found) [in E:\Unreal Engine\4.3\Engine\Binaries\Win64\UE4Editor-Engine.dll]
Address = 0xe80c648d (filename not found) [in E:\Unreal Engine\4.3\Engine\Binaries\Win64\UE4Editor-Engine.dll]
Address = 0xe80ae5aa (filename not found) [in E:\Unreal Engine\4.3\Engine\Binaries\Win64\UE4Editor-Engine.dll]
Address = 0xe69f7630 (filename not found) [in E:\Unreal Engine\4.3\Engine\Binaries\Win64\UE4Editor-UnrealEd.dll]
Address = 0xe6a163b5 (filename not found) [in E:\Unreal Engine\4.3\Engine\Binaries\Win64\UE4Editor-UnrealEd.dll]
Address = 0xe6a260e9 (filename not found) [in E:\Unreal Engine\4.3\Engine\Binaries\Win64\UE4Editor-UnrealEd.dll]
Address = 0xe68128b8 (filename not found) [in E:\Unreal Engine\4.3\Engine\Binaries\Win64\UE4Editor-UnrealEd.dll]
Address = 0xe6bee956 (filename not found) [in E:\Unreal Engine\4.3\Engine\Binaries\Win64\UE4Editor-UnrealEd.dll]
FEngineLoop::Tick() 0x3f086762 + 0 bytes [File=d:\buildfarm\buildmachine_++depot+ue4-releases+4.3\engine\source\runtime\launch\private\launchengineloop.cpp:2084] [in E:\Unreal Engine\4.3\Engine\Binaries\Win64\UE4Editor.exe]
GuardedMain() 0x3f07c0dc + 0 bytes [File=d:\buildfarm\buildmachine_++depot+ue4-releases+4.3\engine\source\runtime\launch\private\launch.cpp:133] [in E:\Unreal Engine\4.3\Engine\Binaries\Win64\UE4Editor.exe]
GuardedMainWrapper() 0x3f07c14a + 5 bytes [File=d:\buildfarm\buildmachine_++depot+ue4-releases+4.3\engine\source\runtime\launch\private\windows\launchwindows.cpp:125] [in E:\Unreal Engine\4.3\Engine\Binaries\Win64\UE4Editor.exe]
WinMain() 0x3f087c59 + 17 bytes [File=d:\buildfarm\buildmachine_++depot+ue4-releases+4.3\engine\source\runtime\launch\private\windows\launchwindows.cpp:207] [in E:\Unreal Engine\4.3\Engine\Binaries\Win64\UE4Editor.exe]
__tmainCRTStartup() 0x3f088a79 + 21 bytes [File=f:\dd\vctools\crt\crtw32\dllstuff\crtexe.c:618] [in E:\Unreal Engine\4.3\Engine\Binaries\Win64\UE4Editor.exe]
Address = 0x778559ed (filename not found) [in C:\Windows\system32\kernel32.dll]
Address = 0x77a8c541 (filename not found) [in C:\Windows\SYSTEM32\ntdll.dll]
Address = 0x77a8c541 (filename not found) [in C:\Windows\SYSTEM32\ntdll.dll]

[2014.07.24-22.10.39:874][206]LogBlueprintUserMessages:Warning: SetTimer passed a bad function () or object (DiscoLight_1_C_19)
[2014.07.24-22.10.39:874][206]LogBlueprintUserMessages:Warning: SetTimer passed a bad function () or object (DiscoLight_1_C_24)
[2014.07.24-22.10.39:875][206]LogBlueprintUserMessages:Warning: SetTimer passed a bad function () or object (DiscoLight_1_C_25)
[2014.07.24-22.10.39:875][206]LogBlueprintUserMessages:Warning: SetTimer passed a bad function () or object (DiscoLight_1_C_26)
[2014.07.24-22.10.39:876][206]LogBlueprintUserMessages:Warning: SetTimer passed a bad function () or object (DiscoLight_1_C_27)
[2014.07.24-22.10.39:876][206]LogBlueprintUserMessages:Warning: SetTimer passed a bad function () or object (DiscoLight_1_C_28)
[2014.07.24-22.10.39:877][206]LogBlueprintUserMessages:Warning: SetTimer passed a bad function () or object (DiscoLight_1_C_29)
[2014.07.24-22.10.39:877][206]LogBlueprintUserMessages:Warning: SetTimer passed a bad function () or object (DiscoLight_1_C_30)
[2014.07.24-22.10.39:878][206]LogBlueprintUserMessages:Warning: SetTimer passed a bad function () or object (DiscoLight_1_C_31)
[2014.07.24-22.10.39:878][206]LogBlueprintUserMessages:Warning: SetTimer passed a bad function () or object (DiscoLight_1_C_32)
[2014.07.24-22.10.39:879][206]LogBlueprintUserMessages:Warning: SetTimer passed a bad function () or object (DiscoLight_1_C_33)
[2014.07.24-22.10.39:879][206]LogBlueprintUserMessages:Warning: SetTimer passed a bad function () or object (DiscoLight_1_C_34)
[2014.07.24-22.10.39:879][206]LogBlueprintUserMessages:Warning: SetTimer passed a bad function () or object (DiscoLight_1_C_35)
[2014.07.24-22.10.39:880][206]LogBlueprintUserMessages:Warning: SetTimer passed a bad function () or object (DiscoLight_1_C_36)
[2014.07.24-22.10.39:880][206]LogBlueprintUserMessages:Warning: SetTimer passed a bad function () or object (DiscoLight_1_C_37)
[2014.07.24-22.10.39:881][206]LogBlueprintUserMessages:Warning: SetTimer passed a bad function () or object (DiscoLight_1_C_38)
[2014.07.24-22.10.39:881][206]LogBlueprintUserMessages:Warning: SetTimer passed a bad function () or object (DiscoLight_1_C_39)
[2014.07.24-22.10.39:882][206]LogBlueprintUserMessages:Warning: SetTimer passed a bad function () or object (DiscoLight_1_C_40)
[2014.07.24-22.10.39:882][206]LogBlueprintUserMessages:Warning: SetTimer passed a bad function () or object (DiscoLight_1_C_41)
[2014.07.24-22.10.39:883][206]LogBlueprintUserMessages:Warning: SetTimer passed a bad function () or object (DiscoLight_1_C_42)
[2014.07.24-22.10.39:883][206]LogBlueprintUserMessages:Warning: SetTimer passed a bad function () or object (DiscoLight_1_C_43)
[2014.07.24-22.10.39:884][206]LogBlueprintUserMessages:Warning: SetTimer passed a bad function () or object (DiscoLight_1_C_44)
[2014.07.24-22.10.39:884][206]LogBlueprintUserMessages:Warning: SetTimer passed a bad function () or object (DiscoLight_1_C_45)
[2014.07.24-22.10.39:885][206]LogBlueprintUserMessages:Warning: SetTimer passed a bad function () or object (WallSconce_24)
[2014.07.24-22.10.40:707][206]LogWorld:Warning: *** WARNING - PATHS MAY NOT BE VALID ***
[2014.07.24-22.10.40:707][206]LogWorld: Bringing World /Game/Maps/UEDPIE_0_waagenbau.waagenbau up for play (max tick rate 0) at 2014.07.25-00.10.40
[2014.07.24-22.10.40:723][206]LogWorld: Bringing up level for play took: 1.459664
[2014.07.24-22.10.40:724][206]LogPlayerController: Spawned spectator SpectatorPawn_0 [server:1]
[2014.07.24-22.10.40:724][206]LogGameMode: RestartPlayer 256
[2014.07.24-22.10.40:726][206]LogPlayerController: ClientRestart_Implementation MyCharacter_C_0
[2014.07.24-22.10.40:726][206]LogPlayerController: ServerAcknowledgePossession_Implementation MyCharacter_C_0
[2014.07.24-22.10.40:735][206]PIE: Info Play in editor start time for /Game/Maps/UEDPIE_0_waagenbau 0.907
[2014.07.24-22.10.40:927][206]LogSlate: SRTH: 000000002FDF0A00, 1156 x 857, prev 0000000000000000
[2014.07.24-22.10.40:948][207]LogRenderer:Warning: Reallocating scene render targets to support 1160x864.
[2014.07.24-22.10.46:296][465]LogBlueprintUserMessages: BotCharacter_34
[2014.07.24-22.10.47:430][525]Cmd: LevelEditor.ToggleImmersive
[2014.07.24-22.10.47:467][525]LogSlate: SRTH: 0000000026830100, 575 x 426
[2014.07.24-22.10.47:496][525]LogSlate: SRTH: 00000000268522C0, 575 x 426
[2014.07.24-22.10.47:526][525]LogSlate: SRTH: 0000000026831C00, 575 x 426
[2014.07.24-22.10.47:593][526]LogSlate: SRTH: 0000000026831A80, 1917 x 997, prev 0000000000000000
[2014.07.24-22.10.47:614][527]LogRenderer:Warning: Reallocating scene render targets to support 1920x1000.
[2014.07.24-22.10.47:696][527]LogSlate: SRTH: 0000000026831A80, 1920 x 998, prev 0000000000000000
[2014.07.24-22.10.48:668][565]LogCharacterMovement: BotCharacter_Male_C_57 is stuck and failed to move!
[2014.07.24-22.10.49:464][592]LogBlueprintUserMessages: BotCharacter_59
[2014.07.24-22.10.49:849][605]LogBlueprintUserMessages: BotCharacter_6
[2014.07.24-22.11.06:150][131]LogBlueprintUserMessages: BotCharacter_34
[2014.07.24-22.11.09:311][237]LogCharacterMovement: BotCharacter_Male_C_57 is stuck and failed to move!
[2014.07.24-22.11.09:561][242]LogSlate: SRTH: 0000000026886980, 1156 x 853, prev 0000000000000000
[2014.07.24-22.11.09:606][242]LogActorComponent: UnregisterComponent: (/Engine/Transient.CharacterMovementComponent_0) Not registered. Aborting.
[2014.07.24-22.11.09:739][242]LogParticles: Destroying 0 GPU particle simulations for FXSystem 0x0000000026E5CAE0
[2014.07.24-22.11.09:811][242]LogSlate: SRTH: 0000000003EC9180, 1920 x 998, prev 0000000000000000
[2014.07.24-22.11.12:175][326]LogSlate: SRTH: 0000000018AB3700, 1156 x 853, prev 0000000000000000
[2014.07.24-22.11.12:902][362]LogPlayLevel: PIE:  No blueprints needed recompiling
[2014.07.24-22.11.12:902][362]PIE: New page: SIE session: waagenbau (Jul 25, 2014, 2:11:12 AM)
[2014.07.24-22.11.12:963][362]LogPlayLevel: PIE: StaticDuplicateObject took: (0.060550s)
[2014.07.24-22.11.12:963][362]LogPlayLevel: PIE: World Init took: (0.000654s)
[2014.07.24-22.11.12:964][362]LogPlayLevel: PIE: Created PIE world by copying editor world from /Game/Maps/waagenbau.waagenbau to /Game/Maps/UEDPIE_0_waagenbau.waagenbau (0.061535s)
[2014.07.24-22.11.12:964][362]LogWorld: Game class is 'MyGame_C'
[2014.07.24-22.11.12:984][362]LogSlate: SRTH: 0000000018AB3B80, 1156 x 853
[2014.07.24-22.11.13:006][362]LogAIModule: Creating AISystem for world waagenbau
[2014.07.24-22.11.13:037][362]LogOutputDevice: === Handled error: ===
Ensure condition failed: false [File:D:\BuildFarm\buildmachine_++depot+UE4-Releases+4.3\Engine\Source\Runtime\Engine\Private\SceneComponent.cpp] [Line: 694]
Template Mismatch during attachment. Attaching instanced component to template component. Parent 'SceneComp' Self 'Sprite'
Stack: Address = 0xec20f996 (filename not found) [in E:\Unreal Engine\4.3\Engine\Binaries\Win64\UE4Editor-Core.dll]
Address = 0xec0c5b01 (filename not found) [in E:\Unreal Engine\4.3\Engine\Binaries\Win64\UE4Editor-Core.dll]
Address = 0xec0c5d47 (filename not found) [in E:\Unreal Engine\4.3\Engine\Binaries\Win64\UE4Editor-Core.dll]
Address = 0xe7dd543e (filename not found) [in E:\Unreal Engine\4.3\Engine\Binaries\Win64\UE4Editor-Engine.dll]
Address = 0xe797c1f6 (filename not found) [in E:\Unreal Engine\4.3\Engine\Binaries\Win64\UE4Editor-Engine.dll]
Address = 0xe7c90b69 (filename not found) [in E:\Unreal Engine\4.3\Engine\Binaries\Win64\UE4Editor-Engine.dll]
Address = 0xe80c648d (filename not found) [in E:\Unreal Engine\4.3\Engine\Binaries\Win64\UE4Editor-Engine.dll]
Address = 0xe80ae5aa (filename not found) [in E:\Unreal Engine\4.3\Engine\Binaries\Win64\UE4Editor-Engine.dll]
Address = 0xe69f7630 (filename not found) [in E:\Unreal Engine\4.3\Engine\Binaries\Win64\UE4Editor-UnrealEd.dll]
Address = 0xe6a163b5 (filename not found) [in E:\Unreal Engine\4.3\Engine\Binaries\Win64\UE4Editor-UnrealEd.dll]
Address = 0xe6a260e9 (filename not found) [in E:\Unreal Engine\4.3\Engine\Binaries\Win64\UE4Editor-UnrealEd.dll]
Address = 0xe68128b8 (filename not found) [in E:\Unreal Engine\4.3\Engine\Binaries\Win64\UE4Editor-UnrealEd.dll]
Address = 0xe6bee956 (filename not found) [in E:\Unreal Engine\4.3\Engine\Binaries\Win64\UE4Editor-UnrealEd.dll]
FEngineLoop::Tick() 0x3f086762 + 0 bytes [File=d:\buildfarm\buildmachine_++depot+ue4-releases+4.3\engine\source\runtime\launch\private\launchengineloop.cpp:2084] [in E:\Unreal Engine\4.3\Engine\Binaries\Win64\UE4Editor.exe]
GuardedMain() 0x3f07c0dc + 0 bytes [File=d:\buildfarm\buildmachine_++depot+ue4-releases+4.3\engine\source\runtime\launch\private\launch.cpp:133] [in E:\Unreal Engine\4.3\Engine\Binaries\Win64\UE4Editor.exe]
GuardedMainWrapper() 0x3f07c14a + 5 bytes [File=d:\buildfarm\buildmachine_++depot+ue4-releases+4.3\engine\source\runtime\launch\private\windows\launchwindows.cpp:125] [in E:\Unreal Engine\4.3\Engine\Binaries\Win64\UE4Editor.exe]
WinMain() 0x3f087c59 + 17 bytes [File=d:\buildfarm\buildmachine_++depot+ue4-releases+4.3\engine\source\runtime\launch\private\windows\launchwindows.cpp:207] [in E:\Unreal Engine\4.3\Engine\Binaries\Win64\UE4Editor.exe]
__tmainCRTStartup() 0x3f088a79 + 21 bytes [File=f:\dd\vctools\crt\crtw32\dllstuff\crtexe.c:618] [in E:\Unreal Engine\4.3\Engine\Binaries\Win64\UE4Editor.exe]
Address = 0x778559ed (filename not found) [in C:\Windows\system32\kernel32.dll]
Address = 0x77a8c541 (filename not found) [in C:\Windows\SYSTEM32\ntdll.dll]
Address = 0x77a8c541 (filename not found) [in C:\Windows\SYSTEM32\ntdll.dll]

[2014.07.24-22.11.13:043][362]LogOutputDevice: === Handled error: ===
Ensure condition failed: false [File:D:\BuildFarm\buildmachine_++depot+UE4-Releases+4.3\Engine\Source\Runtime\Engine\Private\SceneComponent.cpp] [Line: 694]
Template Mismatch during attachment. Attaching instanced component to template component. Parent 'SceneComp' Self 'Sprite'
Stack: Address = 0xec20f996 (filename not found) [in E:\Unreal Engine\4.3\Engine\Binaries\Win64\UE4Editor-Core.dll]
Address = 0xec0c5b01 (filename not found) [in E:\Unreal Engine\4.3\Engine\Binaries\Win64\UE4Editor-Core.dll]
Address = 0xec0c5d47 (filename not found) [in E:\Unreal Engine\4.3\Engine\Binaries\Win64\UE4Editor-Core.dll]
Address = 0xe7dd543e (filename not found) [in E:\Unreal Engine\4.3\Engine\Binaries\Win64\UE4Editor-Engine.dll]
Address = 0xe797c1f6 (filename not found) [in E:\Unreal Engine\4.3\Engine\Binaries\Win64\UE4Editor-Engine.dll]
Address = 0xe7c90b69 (filename not found) [in E:\Unreal Engine\4.3\Engine\Binaries\Win64\UE4Editor-Engine.dll]
Address = 0xe80c648d (filename not found) [in E:\Unreal Engine\4.3\Engine\Binaries\Win64\UE4Editor-Engine.dll]
Address = 0xe80ae5aa (filename not found) [in E:\Unreal Engine\4.3\Engine\Binaries\Win64\UE4Editor-Engine.dll]
Address = 0xe69f7630 (filename not found) [in E:\Unreal Engine\4.3\Engine\Binaries\Win64\UE4Editor-UnrealEd.dll]
Address = 0xe6a163b5 (filename not found) [in E:\Unreal Engine\4.3\Engine\Binaries\Win64\UE4Editor-UnrealEd.dll]
Address = 0xe6a260e9 (filename not found) [in E:\Unreal Engine\4.3\Engine\Binaries\Win64\UE4Editor-UnrealEd.dll]
Address = 0xe68128b8 (filename not found) [in E:\Unreal Engine\4.3\Engine\Binaries\Win64\UE4Editor-UnrealEd.dll]
Address = 0xe6bee956 (filename not found) [in E:\Unreal Engine\4.3\Engine\Binaries\Win64\UE4Editor-UnrealEd.dll]
FEngineLoop::Tick() 0x3f086762 + 0 bytes [File=d:\buildfarm\buildmachine_++depot+ue4-releases+4.3\engine\source\runtime\launch\private\launchengineloop.cpp:2084] [in E:\Unreal Engine\4.3\Engine\Binaries\Win64\UE4Editor.exe]
GuardedMain() 0x3f07c0dc + 0 bytes [File=d:\buildfarm\buildmachine_++depot+ue4-releases+4.3\engine\source\runtime\launch\private\launch.cpp:133] [in E:\Unreal Engine\4.3\Engine\Binaries\Win64\UE4Editor.exe]
GuardedMainWrapper() 0x3f07c14a + 5 bytes [File=d:\buildfarm\buildmachine_++depot+ue4-releases+4.3\engine\source\runtime\launch\private\windows\launchwindows.cpp:125] [in E:\Unreal Engine\4.3\Engine\Binaries\Win64\UE4Editor.exe]
WinMain() 0x3f087c59 + 17 bytes [File=d:\buildfarm\buildmachine_++depot+ue4-releases+4.3\engine\source\runtime\launch\private\windows\launchwindows.cpp:207] [in E:\Unreal Engine\4.3\Engine\Binaries\Win64\UE4Editor.exe]
__tmainCRTStartup() 0x3f088a79 + 21 bytes [File=f:\dd\vctools\crt\crtw32\dllstuff\crtexe.c:618] [in E:\Unreal Engine\4.3\Engine\Binaries\Win64\UE4Editor.exe]
Address = 0x778559ed (filename not found) [in C:\Windows\system32\kernel32.dll]
Address = 0x77a8c541 (filename not found) [in C:\Windows\SYSTEM32\ntdll.dll]
Address = 0x77a8c541 (filename not found) [in C:\Windows\SYSTEM32\ntdll.dll]

[2014.07.24-22.11.13:048][362]LogOutputDevice: === Handled error: ===
Ensure condition failed: false [File:D:\BuildFarm\buildmachine_++depot+UE4-Releases+4.3\Engine\Source\Runtime\Engine\Private\SceneComponent.cpp] [Line: 694]
Template Mismatch during attachment. Attaching instanced component to template component. Parent 'SceneComp' Self 'Sprite'
Stack: Address = 0xec20f996 (filename not found) [in E:\Unreal Engine\4.3\Engine\Binaries\Win64\UE4Editor-Core.dll]
Address = 0xec0c5b01 (filename not found) [in E:\Unreal Engine\4.3\Engine\Binaries\Win64\UE4Editor-Core.dll]
Address = 0xec0c5d47 (filename not found) [in E:\Unreal Engine\4.3\Engine\Binaries\Win64\UE4Editor-Core.dll]
Address = 0xe7dd543e (filename not found) [in E:\Unreal Engine\4.3\Engine\Binaries\Win64\UE4Editor-Engine.dll]
Address = 0xe797c1f6 (filename not found) [in E:\Unreal Engine\4.3\Engine\Binaries\Win64\UE4Editor-Engine.dll]
Address = 0xe7c90b69 (filename not found) [in E:\Unreal Engine\4.3\Engine\Binaries\Win64\UE4Editor-Engine.dll]
Address = 0xe80c648d (filename not found) [in E:\Unreal Engine\4.3\Engine\Binaries\Win64\UE4Editor-Engine.dll]
Address = 0xe80ae5aa (filename not found) [in E:\Unreal Engine\4.3\Engine\Binaries\Win64\UE4Editor-Engine.dll]
Address = 0xe69f7630 (filename not found) [in E:\Unreal Engine\4.3\Engine\Binaries\Win64\UE4Editor-UnrealEd.dll]
Address = 0xe6a163b5 (filename not found) [in E:\Unreal Engine\4.3\Engine\Binaries\Win64\UE4Editor-UnrealEd.dll]
Address = 0xe6a260e9 (filename not found) [in E:\Unreal Engine\4.3\Engine\Binaries\Win64\UE4Editor-UnrealEd.dll]
Address = 0xe68128b8 (filename not found) [in E:\Unreal Engine\4.3\Engine\Binaries\Win64\UE4Editor-UnrealEd.dll]
Address = 0xe6bee956 (filename not found) [in E:\Unreal Engine\4.3\Engine\Binaries\Win64\UE4Editor-UnrealEd.dll]
FEngineLoop::Tick() 0x3f086762 + 0 bytes [File=d:\buildfarm\buildmachine_++depot+ue4-releases+4.3\engine\source\runtime\launch\private\launchengineloop.cpp:2084] [in E:\Unreal Engine\4.3\Engine\Binaries\Win64\UE4Editor.exe]
GuardedMain() 0x3f07c0dc + 0 bytes [File=d:\buildfarm\buildmachine_++depot+ue4-releases+4.3\engine\source\runtime\launch\private\launch.cpp:133] [in E:\Unreal Engine\4.3\Engine\Binaries\Win64\UE4Editor.exe]
GuardedMainWrapper() 0x3f07c14a + 5 bytes [File=d:\buildfarm\buildmachine_++depot+ue4-releases+4.3\engine\source\runtime\launch\private\windows\launchwindows.cpp:125] [in E:\Unreal Engine\4.3\Engine\Binaries\Win64\UE4Editor.exe]
WinMain() 0x3f087c59 + 17 bytes [File=d:\buildfarm\buildmachine_++depot+ue4-releases+4.3\engine\source\runtime\launch\private\windows\launchwindows.cpp:207] [in E:\Unreal Engine\4.3\Engine\Binaries\Win64\UE4Editor.exe]
__tmainCRTStartup() 0x3f088a79 + 21 bytes [File=f:\dd\vctools\crt\crtw32\dllstuff\crtexe.c:618] [in E:\Unreal Engine\4.3\Engine\Binaries\Win64\UE4Editor.exe]
Address = 0x778559ed (filename not found) [in C:\Windows\system32\kernel32.dll]
Address = 0x77a8c541 (filename not found) [in C:\Windows\SYSTEM32\ntdll.dll]
Address = 0x77a8c541 (filename not found) [in C:\Windows\SYSTEM32\ntdll.dll]

[2014.07.24-22.11.13:052][362]LogOutputDevice: === Handled error: ===
Ensure condition failed: false [File:D:\BuildFarm\buildmachine_++depot+UE4-Releases+4.3\Engine\Source\Runtime\Engine\Private\SceneComponent.cpp] [Line: 694]
Template Mismatch during attachment. Attaching instanced component to template component. Parent 'SceneComp' Self 'Sprite'
Stack: Address = 0xec20f996 (filename not found) [in E:\Unreal Engine\4.3\Engine\Binaries\Win64\UE4Editor-Core.dll]
Address = 0xec0c5b01 (filename not found) [in E:\Unreal Engine\4.3\Engine\Binaries\Win64\UE4Editor-Core.dll]
Address = 0xec0c5d47 (filename not found) [in E:\Unreal Engine\4.3\Engine\Binaries\Win64\UE4Editor-Core.dll]
Address = 0xe7dd543e (filename not found) [in E:\Unreal Engine\4.3\Engine\Binaries\Win64\UE4Editor-Engine.dll]
Address = 0xe797c1f6 (filename not found) [in E:\Unreal Engine\4.3\Engine\Binaries\Win64\UE4Editor-Engine.dll]
Address = 0xe7c90b69 (filename not found) [in E:\Unreal Engine\4.3\Engine\Binaries\Win64\UE4Editor-Engine.dll]
Address = 0xe80c648d (filename not found) [in E:\Unreal Engine\4.3\Engine\Binaries\Win64\UE4Editor-Engine.dll]
Address = 0xe80ae5aa (filename not found) [in E:\Unreal Engine\4.3\Engine\Binaries\Win64\UE4Editor-Engine.dll]
Address = 0xe69f7630 (filename not found) [in E:\Unreal Engine\4.3\Engine\Binaries\Win64\UE4Editor-UnrealEd.dll]
Address = 0xe6a163b5 (filename not found) [in E:\Unreal Engine\4.3\Engine\Binaries\Win64\UE4Editor-UnrealEd.dll]
Address = 0xe6a260e9 (filename not found) [in E:\Unreal Engine\4.3\Engine\Binaries\Win64\UE4Editor-UnrealEd.dll]
Address = 0xe68128b8 (filename not found) [in E:\Unreal Engine\4.3\Engine\Binaries\Win64\UE4Editor-UnrealEd.dll]
Address = 0xe6bee956 (filename not found) [in E:\Unreal Engine\4.3\Engine\Binaries\Win64\UE4Editor-UnrealEd.dll]
FEngineLoop::Tick() 0x3f086762 + 0 bytes [File=d:\buildfarm\buildmachine_++depot+ue4-releases+4.3\engine\source\runtime\launch\private\launchengineloop.cpp:2084] [in E:\Unreal Engine\4.3\Engine\Binaries\Win64\UE4Editor.exe]
GuardedMain() 0x3f07c0dc + 0 bytes [File=d:\buildfarm\buildmachine_++depot+ue4-releases+4.3\engine\source\runtime\launch\private\launch.cpp:133] [in E:\Unreal Engine\4.3\Engine\Binaries\Win64\UE4Editor.exe]
GuardedMainWrapper() 0x3f07c14a + 5 bytes [File=d:\buildfarm\buildmachine_++depot+ue4-releases+4.3\engine\source\runtime\launch\private\windows\launchwindows.cpp:125] [in E:\Unreal Engine\4.3\Engine\Binaries\Win64\UE4Editor.exe]
WinMain() 0x3f087c59 + 17 bytes [File=d:\buildfarm\buildmachine_++depot+ue4-releases+4.3\engine\source\runtime\launch\private\windows\launchwindows.cpp:207] [in E:\Unreal Engine\4.3\Engine\Binaries\Win64\UE4Editor.exe]
__tmainCRTStartup() 0x3f088a79 + 21 bytes [File=f:\dd\vctools\crt\crtw32\dllstuff\crtexe.c:618] [in E:\Unreal Engine\4.3\Engine\Binaries\Win64\UE4Editor.exe]
Address = 0x778559ed (filename not found) [in C:\Windows\system32\kernel32.dll]
Address = 0x77a8c541 (filename not found) [in C:\Windows\SYSTEM32\ntdll.dll]
Address = 0x77a8c541 (filename not found) [in C:\Windows\SYSTEM32\ntdll.dll]

[2014.07.24-22.11.13:058][362]LogOutputDevice: === Handled error: ===
Ensure condition failed: false [File:D:\BuildFarm\buildmachine_++depot+UE4-Releases+4.3\Engine\Source\Runtime\Engine\Private\SceneComponent.cpp] [Line: 694]
Template Mismatch during attachment. Attaching instanced component to template component. Parent 'SceneComp' Self 'Sprite'
Stack: Address = 0xec20f996 (filename not found) [in E:\Unreal Engine\4.3\Engine\Binaries\Win64\UE4Editor-Core.dll]
Address = 0xec0c5b01 (filename not found) [in E:\Unreal Engine\4.3\Engine\Binaries\Win64\UE4Editor-Core.dll]
Address = 0xec0c5d47 (filename not found) [in E:\Unreal Engine\4.3\Engine\Binaries\Win64\UE4Editor-Core.dll]
Address = 0xe7dd543e (filename not found) [in E:\Unreal Engine\4.3\Engine\Binaries\Win64\UE4Editor-Engine.dll]
Address = 0xe797c1f6 (filename not found) [in E:\Unreal Engine\4.3\Engine\Binaries\Win64\UE4Editor-Engine.dll]
Address = 0xe7c90b69 (filename not found) [in E:\Unreal Engine\4.3\Engine\Binaries\Win64\UE4Editor-Engine.dll]
Address = 0xe80c648d (filename not found) [in E:\Unreal Engine\4.3\Engine\Binaries\Win64\UE4Editor-Engine.dll]
Address = 0xe80ae5aa (filename not found) [in E:\Unreal Engine\4.3\Engine\Binaries\Win64\UE4Editor-Engine.dll]
Address = 0xe69f7630 (filename not found) [in E:\Unreal Engine\4.3\Engine\Binaries\Win64\UE4Editor-UnrealEd.dll]
Address = 0xe6a163b5 (filename not found) [in E:\Unreal Engine\4.3\Engine\Binaries\Win64\UE4Editor-UnrealEd.dll]
Address = 0xe6a260e9 (filename not found) [in E:\Unreal Engine\4.3\Engine\Binaries\Win64\UE4Editor-UnrealEd.dll]
Address = 0xe68128b8 (filename not found) [in E:\Unreal Engine\4.3\Engine\Binaries\Win64\UE4Editor-UnrealEd.dll]
Address = 0xe6bee956 (filename not found) [in E:\Unreal Engine\4.3\Engine\Binaries\Win64\UE4Editor-UnrealEd.dll]
FEngineLoop::Tick() 0x3f086762 + 0 bytes [File=d:\buildfarm\buildmachine_++depot+ue4-releases+4.3\engine\source\runtime\launch\private\launchengineloop.cpp:2084] [in E:\Unreal Engine\4.3\Engine\Binaries\Win64\UE4Editor.exe]
GuardedMain() 0x3f07c0dc + 0 bytes [File=d:\buildfarm\buildmachine_++depot+ue4-releases+4.3\engine\source\runtime\launch\private\launch.cpp:133] [in E:\Unreal Engine\4.3\Engine\Binaries\Win64\UE4Editor.exe]
GuardedMainWrapper() 0x3f07c14a + 5 bytes [File=d:\buildfarm\buildmachine_++depot+ue4-releases+4.3\engine\source\runtime\launch\private\windows\launchwindows.cpp:125] [in E:\Unreal Engine\4.3\Engine\Binaries\Win64\UE4Editor.exe]
WinMain() 0x3f087c59 + 17 bytes [File=d:\buildfarm\buildmachine_++depot+ue4-releases+4.3\engine\source\runtime\launch\private\windows\launchwindows.cpp:207] [in E:\Unreal Engine\4.3\Engine\Binaries\Win64\UE4Editor.exe]
__tmainCRTStartup() 0x3f088a79 + 21 bytes [File=f:\dd\vctools\crt\crtw32\dllstuff\crtexe.c:618] [in E:\Unreal Engine\4.3\Engine\Binaries\Win64\UE4Editor.exe]
Address = 0x778559ed (filename not found) [in C:\Windows\system32\kernel32.dll]
Address = 0x77a8c541 (filename not found) [in C:\Windows\SYSTEM32\ntdll.dll]
Address = 0x77a8c541 (filename not found) [in C:\Windows\SYSTEM32\ntdll.dll]

[2014.07.24-22.11.13:063][362]LogOutputDevice: === Handled error: ===
Ensure condition failed: false [File:D:\BuildFarm\buildmachine_++depot+UE4-Releases+4.3\Engine\Source\Runtime\Engine\Private\SceneComponent.cpp] [Line: 694]
Template Mismatch during attachment. Attaching instanced component to template component. Parent 'SceneComp' Self 'Sprite'
Stack: Address = 0xec20f996 (filename not found) [in E:\Unreal Engine\4.3\Engine\Binaries\Win64\UE4Editor-Core.dll]
Address = 0xec0c5b01 (filename not found) [in E:\Unreal Engine\4.3\Engine\Binaries\Win64\UE4Editor-Core.dll]
Address = 0xec0c5d47 (filename not found) [in E:\Unreal Engine\4.3\Engine\Binaries\Win64\UE4Editor-Core.dll]
Address = 0xe7dd543e (filename not found) [in E:\Unreal Engine\4.3\Engine\Binaries\Win64\UE4Editor-Engine.dll]
Address = 0xe797c1f6 (filename not found) [in E:\Unreal Engine\4.3\Engine\Binaries\Win64\UE4Editor-Engine.dll]
Address = 0xe7c90b69 (filename not found) [in E:\Unreal Engine\4.3\Engine\Binaries\Win64\UE4Editor-Engine.dll]
Address = 0xe80c648d (filename not found) [in E:\Unreal Engine\4.3\Engine\Binaries\Win64\UE4Editor-Engine.dll]
Address = 0xe80ae5aa (filename not found) [in E:\Unreal Engine\4.3\Engine\Binaries\Win64\UE4Editor-Engine.dll]
Address = 0xe69f7630 (filename not found) [in E:\Unreal Engine\4.3\Engine\Binaries\Win64\UE4Editor-UnrealEd.dll]
Address = 0xe6a163b5 (filename not found) [in E:\Unreal Engine\4.3\Engine\Binaries\Win64\UE4Editor-UnrealEd.dll]
Address = 0xe6a260e9 (filename not found) [in E:\Unreal Engine\4.3\Engine\Binaries\Win64\UE4Editor-UnrealEd.dll]
Address = 0xe68128b8 (filename not found) [in E:\Unreal Engine\4.3\Engine\Binaries\Win64\UE4Editor-UnrealEd.dll]
Address = 0xe6bee956 (filename not found) [in E:\Unreal Engine\4.3\Engine\Binaries\Win64\UE4Editor-UnrealEd.dll]
FEngineLoop::Tick() 0x3f086762 + 0 bytes [File=d:\buildfarm\buildmachine_++depot+ue4-releases+4.3\engine\source\runtime\launch\private\launchengineloop.cpp:2084] [in E:\Unreal Engine\4.3\Engine\Binaries\Win64\UE4Editor.exe]
GuardedMain() 0x3f07c0dc + 0 bytes [File=d:\buildfarm\buildmachine_++depot+ue4-releases+4.3\engine\source\runtime\launch\private\launch.cpp:133] [in E:\Unreal Engine\4.3\Engine\Binaries\Win64\UE4Editor.exe]
GuardedMainWrapper() 0x3f07c14a + 5 bytes [File=d:\buildfarm\buildmachine_++depot+ue4-releases+4.3\engine\source\runtime\launch\private\windows\launchwindows.cpp:125] [in E:\Unreal Engine\4.3\Engine\Binaries\Win64\UE4Editor.exe]
WinMain() 0x3f087c59 + 17 bytes [File=d:\buildfarm\buildmachine_++depot+ue4-releases+4.3\engine\source\runtime\launch\private\windows\launchwindows.cpp:207] [in E:\Unreal Engine\4.3\Engine\Binaries\Win64\UE4Editor.exe]
__tmainCRTStartup() 0x3f088a79 + 21 bytes [File=f:\dd\vctools\crt\crtw32\dllstuff\crtexe.c:618] [in E:\Unreal Engine\4.3\Engine\Binaries\Win64\UE4Editor.exe]
Address = 0x778559ed (filename not found) [in C:\Windows\system32\kernel32.dll]
Address = 0x77a8c541 (filename not found) [in C:\Windows\SYSTEM32\ntdll.dll]
Address = 0x77a8c541 (filename not found) [in C:\Windows\SYSTEM32\ntdll.dll]

[2014.07.24-22.11.13:069][362]LogOutputDevice: === Handled error: ===
Ensure condition failed: false [File:D:\BuildFarm\buildmachine_++depot+UE4-Releases+4.3\Engine\Source\Runtime\Engine\Private\SceneComponent.cpp] [Line: 694]
Template Mismatch during attachment. Attaching instanced component to template component. Parent 'SceneComp' Self 'Sprite'
Stack: Address = 0xec20f996 (filename not found) [in E:\Unreal Engine\4.3\Engine\Binaries\Win64\UE4Editor-Core.dll]
Address = 0xec0c5b01 (filename not found) [in E:\Unreal Engine\4.3\Engine\Binaries\Win64\UE4Editor-Core.dll]
Address = 0xec0c5d47 (filename not found) [in E:\Unreal Engine\4.3\Engine\Binaries\Win64\UE4Editor-Core.dll]
Address = 0xe7dd543e (filename not found) [in E:\Unreal Engine\4.3\Engine\Binaries\Win64\UE4Editor-Engine.dll]
Address = 0xe797c1f6 (filename not found) [in E:\Unreal Engine\4.3\Engine\Binaries\Win64\UE4Editor-Engine.dll]
Address = 0xe7c90b69 (filename not found) [in E:\Unreal Engine\4.3\Engine\Binaries\Win64\UE4Editor-Engine.dll]
Address = 0xe80c648d (filename not found) [in E:\Unreal Engine\4.3\Engine\Binaries\Win64\UE4Editor-Engine.dll]
Address = 0xe80ae5aa (filename not found) [in E:\Unreal Engine\4.3\Engine\Binaries\Win64\UE4Editor-Engine.dll]
Address = 0xe69f7630 (filename not found) [in E:\Unreal Engine\4.3\Engine\Binaries\Win64\UE4Editor-UnrealEd.dll]
Address = 0xe6a163b5 (filename not found) [in E:\Unreal Engine\4.3\Engine\Binaries\Win64\UE4Editor-UnrealEd.dll]
Address = 0xe6a260e9 (filename not found) [in E:\Unreal Engine\4.3\Engine\Binaries\Win64\UE4Editor-UnrealEd.dll]
Address = 0xe68128b8 (filename not found) [in E:\Unreal Engine\4.3\Engine\Binaries\Win64\UE4Editor-UnrealEd.dll]
Address = 0xe6bee956 (filename not found) [in E:\Unreal Engine\4.3\Engine\Binaries\Win64\UE4Editor-UnrealEd.dll]
FEngineLoop::Tick() 0x3f086762 + 0 bytes [File=d:\buildfarm\buildmachine_++depot+ue4-releases+4.3\engine\source\runtime\launch\private\launchengineloop.cpp:2084] [in E:\Unreal Engine\4.3\Engine\Binaries\Win64\UE4Editor.exe]
GuardedMain() 0x3f07c0dc + 0 bytes [File=d:\buildfarm\buildmachine_++depot+ue4-releases+4.3\engine\source\runtime\launch\private\launch.cpp:133] [in E:\Unreal Engine\4.3\Engine\Binaries\Win64\UE4Editor.exe]
GuardedMainWrapper() 0x3f07c14a + 5 bytes [File=d:\buildfarm\buildmachine_++depot+ue4-releases+4.3\engine\source\runtime\launch\private\windows\launchwindows.cpp:125] [in E:\Unreal Engine\4.3\Engine\Binaries\Win64\UE4Editor.exe]
WinMain() 0x3f087c59 + 17 bytes [File=d:\buildfarm\buildmachine_++depot+ue4-releases+4.3\engine\source\runtime\launch\private\windows\launchwindows.cpp:207] [in E:\Unreal Engine\4.3\Engine\Binaries\Win64\UE4Editor.exe]
__tmainCRTStartup() 0x3f088a79 + 21 bytes [File=f:\dd\vctools\crt\crtw32\dllstuff\crtexe.c:618] [in E:\Unreal Engine\4.3\Engine\Binaries\Win64\UE4Editor.exe]
Address = 0x778559ed (filename not found) [in C:\Windows\system32\kernel32.dll]
Address = 0x77a8c541 (filename not found) [in C:\Windows\SYSTEM32\ntdll.dll]
Address = 0x77a8c541 (filename not found) [in C:\Windows\SYSTEM32\ntdll.dll]

[2014.07.24-22.11.13:085][362]LogBlueprintUserMessages:Warning: SetTimer passed a bad function () or object (DiscoLight_1_C_19)
[2014.07.24-22.11.13:086][362]LogBlueprintUserMessages:Warning: SetTimer passed a bad function () or object (DiscoLight_1_C_24)
[2014.07.24-22.11.13:086][362]LogBlueprintUserMessages:Warning: SetTimer passed a bad function () or object (DiscoLight_1_C_25)
[2014.07.24-22.11.13:087][362]LogBlueprintUserMessages:Warning: SetTimer passed a bad function () or object (DiscoLight_1_C_26)
[2014.07.24-22.11.13:087][362]LogBlueprintUserMessages:Warning: SetTimer passed a bad function () or object (DiscoLight_1_C_27)
[2014.07.24-22.11.13:088][362]LogBlueprintUserMessages:Warning: SetTimer passed a bad function () or object (DiscoLight_1_C_28)
[2014.07.24-22.11.13:088][362]LogBlueprintUserMessages:Warning: SetTimer passed a bad function () or object (DiscoLight_1_C_29)
[2014.07.24-22.11.13:089][362]LogBlueprintUserMessages:Warning: SetTimer passed a bad function () or object (DiscoLight_1_C_30)
[2014.07.24-22.11.13:089][362]LogBlueprintUserMessages:Warning: SetTimer passed a bad function () or object (DiscoLight_1_C_31)
[2014.07.24-22.11.13:090][362]LogBlueprintUserMessages:Warning: SetTimer passed a bad function () or object (DiscoLight_1_C_32)
[2014.07.24-22.11.13:090][362]LogBlueprintUserMessages:Warning: SetTimer passed a bad function () or object (DiscoLight_1_C_33)
[2014.07.24-22.11.13:091][362]LogBlueprintUserMessages:Warning: SetTimer passed a bad function () or object (DiscoLight_1_C_34)
[2014.07.24-22.11.13:091][362]LogBlueprintUserMessages:Warning: SetTimer passed a bad function () or object (DiscoLight_1_C_35)
[2014.07.24-22.11.13:092][362]LogBlueprintUserMessages:Warning: SetTimer passed a bad function () or object (DiscoLight_1_C_36)
[2014.07.24-22.11.13:092][362]LogBlueprintUserMessages:Warning: SetTimer passed a bad function () or object (DiscoLight_1_C_37)
[2014.07.24-22.11.13:093][362]LogBlueprintUserMessages:Warning: SetTimer passed a bad function () or object (DiscoLight_1_C_38)
[2014.07.24-22.11.13:093][362]LogBlueprintUserMessages:Warning: SetTimer passed a bad function () or object (DiscoLight_1_C_39)
[2014.07.24-22.11.13:094][362]LogBlueprintUserMessages:Warning: SetTimer passed a bad function () or object (DiscoLight_1_C_40)
[2014.07.24-22.11.13:094][362]LogBlueprintUserMessages:Warning: SetTimer passed a bad function () or object (DiscoLight_1_C_41)
[2014.07.24-22.11.13:095][362]LogBlueprintUserMessages:Warning: SetTimer passed a bad function () or object (DiscoLight_1_C_42)
[2014.07.24-22.11.13:095][362]LogBlueprintUserMessages:Warning: SetTimer passed a bad function () or object (DiscoLight_1_C_43)
[2014.07.24-22.11.13:096][362]LogBlueprintUserMessages:Warning: SetTimer passed a bad function () or object (DiscoLight_1_C_44)
[2014.07.24-22.11.13:096][362]LogBlueprintUserMessages:Warning: SetTimer passed a bad function () or object (DiscoLight_1_C_45)
[2014.07.24-22.11.13:097][362]LogBlueprintUserMessages:Warning: SetTimer passed a bad function () or object (WallSconce_24)
[2014.07.24-22.11.13:923][362]LogWorld:Warning: *** WARNING - PATHS MAY NOT BE VALID ***
[2014.07.24-22.11.13:923][362]LogWorld: Bringing World /Game/Maps/UEDPIE_0_waagenbau.waagenbau up for play (max tick rate 0) at 2014.07.25-00.11.13
[2014.07.24-22.11.13:938][362]LogWorld: Bringing up level for play took: 0.931833
[2014.07.24-22.11.13:938][362]LogPlayerController: Spawned spectator SpectatorPawn_1 [server:1]
[2014.07.24-22.11.13:947][362]PIE: Info Play in editor start time for /Game/Maps/UEDPIE_0_waagenbau 0.119
[2014.07.24-22.11.14:094][362]LogSlate: SRTH: 0000000015A1BB80, 1156 x 857, prev 0000000000000000
[2014.07.24-22.11.19:510][528]LogBlueprintUserMessages: BotCharacter_34
[2014.07.24-22.11.21:843][620]LogCharacterMovement: BotCharacter_Male_C_57 is stuck and failed to move!
[2014.07.24-22.11.22:098][631]LogCharacterMovement: BotCharacter_Male_C_57 is stuck and failed to move!
[2014.07.24-22.11.22:191][635]LogCharacterMovement: BotCharacter_Male_C_57 is stuck and failed to move!
[2014.07.24-22.11.22:666][655]LogBlueprintUserMessages: BotCharacter_59
[2014.07.24-22.11.23:035][671]LogBlueprintUserMessages: BotCharacter_6
[2014.07.24-22.11.27:806][870]LogParticles: Destroying 0 GPU particle simulations for FXSystem 0x0000000036A6AE80
[2014.07.24-22.11.27:814][870]LogSlate: SRTH: 0000000018A15300, 1156 x 853, prev 0000000000000000
[2014.07.24-22.11.40:867][967]Cmd: QUIT_EDITOR
[2014.07.24-22.11.40:940][967]LogWindowsTextInputMethodSystem:Error: Terminating failed while unadvising the language notification sink from the TSF source.
[2014.07.24-22.11.40:940][967]LogExit: Preparing to exit.
[2014.07.24-22.11.41:252][967]LogExit: Editor shut down
[2014.07.24-22.11.41:252][967]LogExit: Transaction tracking system shut down
[2014.07.24-22.11.41:255][967]LogParticles: Destroying 0 GPU particle simulations for FXSystem 0x00000000224C3880
[2014.07.24-22.11.41:290][967]LogParticles: Destroying 0 GPU particle simulations for FXSystem 0x0000000026FE9620
[2014.07.24-22.11.41:290][967]LogParticles: Destroying 0 GPU particle simulations for FXSystem 0x0000000026FE9120
[2014.07.24-22.11.41:290][967]LogParticles: Destroying 0 GPU particle simulations for FXSystem 0x0000000026FE91C0
[2014.07.24-22.11.41:290][967]LogExit: Object subsystem successfully closed.
[2014.07.24-22.11.41:312][967]LogModuleManager: Shutting down and abandoning module ExternalImagePicker (172)
[2014.07.24-22.11.41:312][967]LogModuleManager: Shutting down and abandoning module AndroidDeviceDetection (171)
[2014.07.24-22.11.41:312][967]LogModuleManager: Shutting down and abandoning module GameLiveStreaming (170)
[2014.07.24-22.11.41:312][967]LogModuleManager: Shutting down and abandoning module CrashTracker (169)
[2014.07.24-22.11.41:312][967]LogModuleManager: Shutting down and abandoning module HTTP (168)
[2014.07.24-22.11.41:312][967]LogModuleManager: Shutting down and abandoning module NewsFeed (167)
[2014.07.24-22.11.41:312][967]LogModuleManager: Shutting down and abandoning module SceneOutliner (166)
[2014.07.24-22.11.41:312][967]LogModuleManager: Shutting down and abandoning module StatsViewer (165)
[2014.07.24-22.11.41:312][967]LogModuleManager: Shutting down and abandoning module FoliageEdit (164)
[2014.07.24-22.11.41:312][967]LogModuleManager: Shutting down and abandoning module LandscapeEditor (163)
[2014.07.24-22.11.41:312][967]LogModuleManager: Shutting down and abandoning module MeshPaint (162)
[2014.07.24-22.11.41:312][967]LogModuleManager: Shutting down and abandoning module ActorPickerMode (161)
[2014.07.24-22.11.41:312][967]LogModuleManager: Shutting down and abandoning module GeometryMode (160)
[2014.07.24-22.11.41:312][967]LogModuleManager: Shutting down and abandoning module TextureAlignMode (159)
[2014.07.24-22.11.41:312][967]LogModuleManager: Shutting down and abandoning module BspMode (158)
[2014.07.24-22.11.41:312][967]LogModuleManager: Shutting down and abandoning module PlacementMode (157)
[2014.07.24-22.11.41:312][967]LogModuleManager: Shutting down and abandoning module DesktopPlatform (156)
[2014.07.24-22.11.41:312][967]LogModuleManager: Shutting down and abandoning module AutomationWorker (155)
[2014.07.24-22.11.41:312][967]LogModuleManager: Shutting down and abandoning module EditorLiveStreaming (154)
[2014.07.24-22.11.41:312][967]LogModuleManager: Shutting down and abandoning module DeviceProfileEditor (153)
[2014.07.24-22.11.41:312][967]LogModuleManager: Shutting down and abandoning module UndoHistory (152)
[2014.07.24-22.11.41:312][967]LogModuleManager: Shutting down and abandoning module GameplayTagsEditor (151)
[2014.07.24-22.11.41:312][967]LogModuleManager: Shutting down and abandoning module UserFeedback (150)
[2014.07.24-22.11.41:312][967]LogModuleManager: Shutting down and abandoning module XmlParser (149)
[2014.07.24-22.11.41:312][967]LogModuleManager: Shutting down and abandoning module Blutility (148)
[2014.07.24-22.11.41:312][967]LogModuleManager: Shutting down and abandoning module IOSPlatformEditor (147)
[2014.07.24-22.11.41:312][967]LogModuleManager: Shutting down and abandoning module IOSRuntimeSettings (146)
[2014.07.24-22.11.41:312][967]LogModuleManager: Shutting down and abandoning module AndroidPlatformEditor (145)
[2014.07.24-22.11.41:312][967]LogModuleManager: Shutting down and abandoning module AndroidRuntimeSettings (144)
[2014.07.24-22.11.41:312][967]LogModuleManager: Shutting down and abandoning module ProjectTargetPlatformEditor (143)
[2014.07.24-22.11.41:312][967]LogModuleManager: Shutting down and abandoning module ProjectSettingsViewer (142)
[2014.07.24-22.11.41:312][967]LogModuleManager: Shutting down and abandoning module InputBindingEditor (141)
[2014.07.24-22.11.41:312][967]LogModuleManager: Shutting down and abandoning module EditorSettingsViewer (140)
[2014.07.24-22.11.41:312][967]LogModuleManager: Shutting down and abandoning module SettingsEditor (139)
[2014.07.24-22.11.41:312][967]LogModuleManager: Shutting down and abandoning module SessionLauncher (138)
[2014.07.24-22.11.41:312][967]LogModuleManager: Shutting down and abandoning module SessionFrontend (137)
[2014.07.24-22.11.41:313][967]LogModuleManager: Shutting down and abandoning module ProfilerClient (136)
[2014.07.24-22.11.41:313][967]LogModuleManager: Shutting down and abandoning module TargetDeviceServices (135)
[2014.07.24-22.11.41:313][967]LogModuleManager: Shutting down and abandoning module DeviceManager (134)
[2014.07.24-22.11.41:313][967]LogModuleManager: Shutting down and abandoning module AutomationController (133)
[2014.07.24-22.11.41:313][967]LogModuleManager: Shutting down and abandoning module AutomationWindow (132)
[2014.07.24-22.11.41:313][967]LogModuleManager: Shutting down and abandoning module Layers (131)
[2014.07.24-22.11.41:313][967]LogModuleManager: Shutting down and abandoning module ComponentVisualizers (130)
[2014.07.24-22.11.41:313][967]LogModuleManager: Shutting down and abandoning module DetailCustomizations (129)
[2014.07.24-22.11.41:313][967]LogModuleManager: Shutting down and abandoning module PackagesDialog (128)
[2014.07.24-22.11.41:313][967]LogModuleManager: Shutting down and abandoning module DirectoryWatcher (127)
[2014.07.24-22.11.41:313][967]LogModuleManager: Shutting down and abandoning module AssetRegistry (126)
[2014.07.24-22.11.41:389][967]LogModuleManager: Shutting down and abandoning module Persona (125)
[2014.07.24-22.11.41:389][967]LogModuleManager: Shutting down and abandoning module GraphEditor (124)
[2014.07.24-22.11.41:389][967]LogModuleManager: Shutting down and abandoning module ClassViewer (123)
[2014.07.24-22.11.41:389][967]LogModuleManager: Shutting down and abandoning module Toolbox (122)
[2014.07.24-22.11.41:389][967]LogModuleManager: Shutting down and abandoning module ModuleUI (121)
[2014.07.24-22.11.41:389][967]LogModuleManager: Shutting down and abandoning module Sequencer (120)
[2014.07.24-22.11.41:389][967]LogModuleManager: Shutting down and abandoning module MovieSceneTools (119)
[2014.07.24-22.11.41:389][967]LogModuleManager: Shutting down and abandoning module OutputLog (118)
[2014.07.24-22.11.41:389][967]LogModuleManager: Shutting down and abandoning module GammaUI (117)
[2014.07.24-22.11.41:389][967]LogModuleManager: Shutting down and abandoning module Documentation (116)
[2014.07.24-22.11.41:389][967]LogModuleManager: Shutting down and abandoning module StreamingPauseRendering (115)
[2014.07.24-22.11.41:389][967]LogModuleManager: Shutting down and abandoning module AnalyticsET (114)
[2014.07.24-22.11.41:389][967]LogModuleManager: Shutting down and abandoning module Analytics (113)
[2014.07.24-22.11.41:389][967]LogModuleManager: Shutting down and abandoning module GameplayDebugger (112)
[2014.07.24-22.11.41:389][967]LogModuleManager: Shutting down and abandoning module AIModule (111)
[2014.07.24-22.11.41:389][967]LogModuleManager: Shutting down and abandoning module ProfilerService (110)
[2014.07.24-22.11.41:526][967]LogModuleManager: Shutting down and abandoning module TaskGraph (109)
[2014.07.24-22.11.41:526][967]LogModuleManager: Shutting down and abandoning module ViewportSnapping (108)
[2014.07.24-22.11.41:526][967]LogModuleManager: Shutting down and abandoning module GameProjectGeneration (107)
[2014.07.24-22.11.41:526][967]LogModuleManager: Shutting down and abandoning module Matinee (106)
[2014.07.24-22.11.41:526][967]LogModuleManager: Shutting down and abandoning module Kismet (105)
[2014.07.24-22.11.41:526][967]LogModuleManager: Shutting down and abandoning module SlateReflector (104)
[2014.07.24-22.11.41:526][967]LogModuleManager: Shutting down and abandoning module LevelEditor (103)
[2014.07.24-22.11.41:528][967]LogModuleManager: Shutting down and abandoning module IntroTutorials (102)
[2014.07.24-22.11.41:528][967]LogModuleManager: Shutting down and abandoning module ContentBrowser (101)
[2014.07.24-22.11.41:528][967]LogModuleManager: Shutting down and abandoning module MainFrame (100)
[2014.07.24-22.11.41:528][967]LogModuleManager: Shutting down and abandoning module SourceControl (99)
[2014.07.24-22.11.41:528][967]LogModuleManager: Shutting down and abandoning module ImageWrapper (98)
[2014.07.24-22.11.41:528][967]LogModuleManager: Shutting down and abandoning module OnlineBlueprintSupport (97)
[2014.07.24-22.11.41:528][967]LogModuleManager: Shutting down and abandoning module PropertyEditor (96)
[2014.07.24-22.11.41:528][967]LogModuleManager: Shutting down and abandoning module AssetTools (95)
[2014.07.24-22.11.41:528][967]LogModuleManager: Shutting down and abandoning module BehaviorTreeEditor (94)
[2014.07.24-22.11.41:528][967]LogModuleManager: Shutting down and abandoning module FunctionalTesting (93)
[2014.07.24-22.11.41:528][967]LogModuleManager: Shutting down and abandoning module CollisionAnalyzer (92)
[2014.07.24-22.11.41:528][967]LogModuleManager: Shutting down and abandoning module WorkspaceMenuStructure (91)
[2014.07.24-22.11.41:529][967]LogModuleManager: Shutting down and abandoning module MessageLog (90)
[2014.07.24-22.11.41:529][967]LogModuleManager: Shutting down and abandoning module Slate (89)
[2014.07.24-22.11.41:529][967]LogModuleManager: Shutting down and abandoning module EditorStyle (88)
[2014.07.24-22.11.41:532][967]LogModuleManager: Shutting down and abandoning module SessionServices (87)
[2014.07.24-22.11.41:532][967]LogModuleManager: Shutting down and abandoning module SourceCodeAccess (86)
[2014.07.24-22.11.41:532][967]LogModuleManager: Shutting down and abandoning module HeadMountedDisplay (85)
[2014.07.24-22.11.41:532][967]LogModuleManager: Shutting down and abandoning module XAudio2 (84)
[2014.07.24-22.11.41:532][967]LogModuleManager: Shutting down and abandoning module Networking (82)
[2014.07.24-22.11.41:532][967]LogModuleManager: Shutting down and abandoning module Core (81)
[2014.07.24-22.11.41:532][967]LogModuleManager: Shutting down and abandoning module KismetCompiler (80)
[2014.07.24-22.11.41:532][967]LogModuleManager: Shutting down and abandoning module PhysXFormats (79)
[2014.07.24-22.11.41:532][967]LogModuleManager: Shutting down and abandoning module MeshUtilities (78)
[2014.07.24-22.11.41:532][967]LogModuleManager: Shutting down and abandoning module DerivedDataCache (77)
[2014.07.24-22.11.41:626][967]LogDerivedDataCache: Shutdown
[2014.07.24-22.11.41:626][967]LogModuleManager: Shutting down and abandoning module ShaderFormatOpenGL (76)
[2014.07.24-22.11.41:626][967]LogModuleManager: Shutting down and abandoning module ShaderFormatD3D (75)
[2014.07.24-22.11.41:626][967]LogModuleManager: Shutting down and abandoning module MetalShaderFormat (74)
[2014.07.24-22.11.41:626][967]LogModuleManager: Shutting down and abandoning module TextureFormatUncompressed (73)
[2014.07.24-22.11.41:626][967]LogModuleManager: Shutting down and abandoning module TextureFormatPVR (72)
[2014.07.24-22.11.41:626][967]LogModuleManager: Shutting down and abandoning module TextureFormatDXT (71)
[2014.07.24-22.11.41:626][967]LogModuleManager: Shutting down and abandoning module TextureFormatAndroid (70)
[2014.07.24-22.11.41:626][967]LogModuleManager: Shutting down and abandoning module AudioFormatOpus (69)
[2014.07.24-22.11.41:626][967]LogModuleManager: Shutting down and abandoning module AudioFormatOgg (68)
[2014.07.24-22.11.41:626][967]LogModuleManager: Shutting down and abandoning module AudioFormatADPCM (67)
[2014.07.24-22.11.41:626][967]LogModuleManager: Shutting down and abandoning module Messaging (66)
[2014.07.24-22.11.41:626][967]LogModuleManager: Shutting down and abandoning module IOSTargetPlatform (65)
[2014.07.24-22.11.41:626][967]LogModuleManager: Shutting down and abandoning module Android_PVRTCTargetPlatform (64)
[2014.07.24-22.11.41:626][967]LogModuleManager: Shutting down and abandoning module Android_ETC2TargetPlatform (63)
[2014.07.24-22.11.41:626][967]LogModuleManager: Shutting down and abandoning module Android_ETC1TargetPlatform (62)
[2014.07.24-22.11.41:626][967]LogModuleManager: Shutting down and abandoning module Android_DXTTargetPlatform (61)
[2014.07.24-22.11.41:626][967]LogModuleManager: Shutting down and abandoning module Android_ATCTargetPlatform (60)
[2014.07.24-22.11.41:626][967]LogModuleManager: Shutting down and abandoning module AndroidTargetPlatform (59)
[2014.07.24-22.11.41:626][967]LogModuleManager: Shutting down and abandoning module WindowsTargetPlatform (58)
[2014.07.24-22.11.41:626][967]LogModuleManager: Shutting down and abandoning module WindowsServerTargetPlatform (57)
[2014.07.24-22.11.41:626][967]LogModuleManager: Shutting down and abandoning module WindowsNoEditorTargetPlatform (56)
[2014.07.24-22.11.41:626][967]LogModuleManager: Shutting down and abandoning module WindowsClientTargetPlatform (55)
[2014.07.24-22.11.41:626][967]LogModuleManager: Shutting down and abandoning module TargetPlatform (54)
[2014.07.24-22.11.41:626][967]LogModuleManager: Shutting down and abandoning module InputCore (53)
[2014.07.24-22.11.41:626][967]LogModuleManager: Shutting down and abandoning module Settings (52)
[2014.07.24-22.11.41:626][967]LogModuleManager: Shutting down and abandoning module TextureCompressor (49)
[2014.07.24-22.11.41:626][967]LogModuleManager: Shutting down and abandoning module ShaderCore (48)
[2014.07.24-22.11.41:626][967]LogModuleManager: Shutting down and abandoning module OpenGLDrv (47)
[2014.07.24-22.11.41:626][967]LogModuleManager: Shutting down and abandoning module D3D11RHI (46)
[2014.07.24-22.11.41:626][967]LogModuleManager: Shutting down and abandoning module SlateRHIRenderer (45)
[2014.07.24-22.11.41:626][967]LogModuleManager: Shutting down and abandoning module Renderer (44)
[2014.07.24-22.11.41:626][967]LogModuleManager: Shutting down and abandoning module Engine (43)
[2014.07.24-22.11.41:626][967]LogModuleManager: Shutting down and abandoning module SlateRemote (42)
[2014.07.24-22.11.41:626][967]LogModuleManager: Shutting down and abandoning module ScriptPlugin (41)
[2014.07.24-22.11.41:626][967]LogModuleManager: Shutting down and abandoning module ScriptEditorPlugin (39)
[2014.07.24-22.11.41:626][967]LogModuleManager: Shutting down and abandoning module WindowsMoviePlayer (38)
[2014.07.24-22.11.41:634][967]LogModuleManager: Shutting down and abandoning module ExampleDeviceProfileSelector (31)
[2014.07.24-22.11.41:634][967]LogModuleManager: Shutting down and abandoning module CustomMeshComponent (30)
[2014.07.24-22.11.41:634][967]LogModuleManager: Shutting down and abandoning module CableComponent (29)
[2014.07.24-22.11.41:634][967]LogModuleManager: Shutting down and abandoning module OculusRift (25)
[2014.07.24-22.11.41:634][967]LogModuleManager: Shutting down and abandoning module UdpMessaging (24)
[2014.07.24-22.11.41:734][967]LogModuleManager: Shutting down and abandoning module MessagingDebugger (23)
[2014.07.24-22.11.41:734][967]LogModuleManager: Shutting down and abandoning module SmartSnapping (21)
[2014.07.24-22.11.41:734][967]LogModuleManager: Shutting down and abandoning module PaperJsonImporter (20)
[2014.07.24-22.11.41:734][967]LogModuleManager: Shutting down and abandoning module Paper2DEditor (19)
[2014.07.24-22.11.41:734][967]LogModuleManager: Shutting down and abandoning module Paper2D (18)
[2014.07.24-22.11.41:734][967]LogModuleManager: Shutting down and abandoning module SpeedTreeImporter (14)
[2014.07.24-22.11.41:734][967]LogModuleManager: Shutting down and abandoning module PluginsEditor (13)
[2014.07.24-22.11.41:734][967]LogModuleManager: Shutting down and abandoning module EpicSurvey (12)
[2014.07.24-22.11.41:734][967]LogModuleManager: Shutting down and abandoning module VisualStudioSourceCodeAccess (10)
[2014.07.24-22.11.41:734][967]LogModuleManager: Shutting down and abandoning module UObjectPlugin (9)
[2014.07.24-22.11.41:734][967]LogModuleManager: Shutting down and abandoning module SubversionSourceControl (8)
[2014.07.24-22.11.41:734][967]LogModuleManager: Shutting down and abandoning module PerforceSourceControl (7)
[2014.07.24-22.11.41:734][967]LogModuleManager: Shutting down and abandoning module BlankPlugin (6)
[2014.07.24-22.11.41:734][967]LogModuleManager: Shutting down and abandoning module CoreUObject (5)
[2014.07.24-22.11.41:734][967]LogModuleManager: Shutting down and abandoning module NetworkFile (4)
[2014.07.24-22.11.41:734][967]LogModuleManager: Shutting down and abandoning module StreamingFile (3)
[2014.07.24-22.11.41:734][967]LogModuleManager: Shutting down and abandoning module SandboxFile (2)
[2014.07.24-22.11.41:734][967]LogModuleManager: Shutting down and abandoning module PakFile (1)
[2014.07.24-22.11.41:735][967]LogExit: Exiting.
[2014.07.24-22.11.41:739][967]Log file closed, 07/25/14 00:11:41
