Log file open, 07/10/14 03:15:13
LogInit:Display: Running engine for game: MyProject3
LogInit: Version: 4.2.1-2101290+++depot+UE4-Releases+4.2
LogInit: Compiled (64-bit): Jun 10 2014 22:21:56
LogInit: Build Configuration: Development
LogInit: Branch Name: ++depot+UE4-Releases+4.2
LogInit: Command line:  
LogInit: Base directory: E:/Unreal Engine/4.2/Engine/Binaries/Win64/
LogInit: Rocket: 1
[2014.07.10-01.15.13:770][  0]LogTaskGraph: Started task graph with 3 named threads and 6 total threads.
[2014.07.10-01.15.13:814][  0]LogOnline:Warning: No default platform service specified for OnlineSubsystem
[2014.07.10-01.15.13:837][  0]LogInit: Presizing for 0 objects not considered by GC, pre-allocating 0 bytes.
[2014.07.10-01.15.13:843][  0]LogInit: Object subsystem initialized
[2014.07.10-01.15.13:845][  0]LogInit: Selected Device Profile: [Windows]
[2014.07.10-01.15.13:845][  0]LogInit: Applying CVar settings loaded from the selected device profile: [Windows]
[2014.07.10-01.15.13:849][  0]LogInit: Computer: SPAEHLING-PC
[2014.07.10-01.15.13:849][  0]LogInit: User: Spaehling
[2014.07.10-01.15.13:850][  0]LogInit: CPU Page size=4096, Cores=6
[2014.07.10-01.15.13:850][  0]LogInit: High frequency timer resolution =3.126943 MHz
[2014.07.10-01.15.13:850][  0]LogMemory: Memory total: Physical=64.0GB (64GB approx) Virtual=8192.0GB
[2014.07.10-01.15.13:850][  0]LogMemory: Platform Memory Stats for Windows
[2014.07.10-01.15.13:850][  0]LogMemory: Process Physical Memory: 60.55 MB used, 60.55 MB peak
[2014.07.10-01.15.13:850][  0]LogMemory: Process Virtual Memory: 36.67 MB used, 36.81 MB peak
[2014.07.10-01.15.13:850][  0]LogMemory: Physical Memory: 6739.07 MB used, 65486.15 MB total
[2014.07.10-01.15.13:850][  0]LogMemory: Virtual Memory: 244.71 MB used, 8388608.00 MB total
[2014.07.10-01.15.13:902][  0]LogD3D11RHI: Found D3D11 adapter 0: NVIDIA GeForce GTX 690 (Feature Level 11_0)
[2014.07.10-01.15.13:902][  0]LogD3D11RHI: Adapter has 1990MB of dedicated video memory, 0MB of dedicated system memory, and 2048MB of shared system memory, 1 output[s]
[2014.07.10-01.15.13:924][  0]LogD3D11RHI: Found D3D11 adapter 1: NVIDIA GeForce GTX 690 (Feature Level 11_0)
[2014.07.10-01.15.13:924][  0]LogD3D11RHI: Adapter has 1990MB of dedicated video memory, 0MB of dedicated system memory, and 2048MB of shared system memory, 1 output[s]
[2014.07.10-01.15.13:924][  0]LogD3D11RHI: Chosen D3D11 Adapter Id = 0
[2014.07.10-01.15.13:928][  0]LogRHI: Texture pool is 1361 MB (70% of 1945 MB)
[2014.07.10-01.15.13:938][  0]LogD3D11RHI: Async texture creation enabled
[2014.07.10-01.15.14:044][  0]LogTextLocalizationManager:Warning: The selected culture 'de_DE' is not available; falling back to 'en'
[2014.07.10-01.15.14:091][  0]LogContentStreaming: Texture pool size is 0.000000MB
[2014.07.10-01.15.14:926][  0]LogTargetPlatformManager:Display: Building Assets For Windows
[2014.07.10-01.15.15:080][  0]LogTargetPlatformManager:Display: Building Assets For Windows
[2014.07.10-01.15.15:114][  0]LogDerivedDataCache:Display: Max Cache Size: 512 MB
[2014.07.10-01.15.15:150][  0]LogDerivedDataCache: Loaded boot cache 0.04s 43MB C:/Users/Spaehling/AppData/Local/UnrealEngine/4.2/DerivedDataCache/Boot.ddc.
[2014.07.10-01.15.15:150][  0]LogDerivedDataCache:Display: Loaded Boot cache: C:/Users/Spaehling/AppData/Local/UnrealEngine/4.2/DerivedDataCache/Boot.ddc
[2014.07.10-01.15.15:150][  0]LogDerivedDataCache: FDerivedDataBackendGraph:  Pak pak cache file D:/UDK4 Projects/Waagenabau/DerivedDataCache/DDC.ddp not found, will not use a pak cache.
[2014.07.10-01.15.15:150][  0]LogDerivedDataCache: Unable to find inner node Pak for hierarchical cache Hierarchy.
[2014.07.10-01.15.15:160][  0]LogDerivedDataCache:Display: Pak cache opened for reading ../../../Engine/DerivedDataCache/DDC.ddp.
[2014.07.10-01.15.15:172][  0]LogDerivedDataCache: Using Local data cache path C:/Users/Spaehling/AppData/Local/UnrealEngine/4.2/DerivedDataCache: Writable
[2014.07.10-01.15.15:827][  0]LogMeshUtilities: No automatic mesh reduction module available
[2014.07.10-01.15.15:827][  0]LogMeshUtilities: No automatic mesh merging module available
[2014.07.10-01.15.16:110][  0]LogInit: WinSock: version 1.1 (2.2), MaxSocks=32767, MaxUdp=65467
[2014.07.10-01.15.16:925][  0]LogStreaming:Warning: Failed to read file '../../../Engine/Content/Editor/Slate/Icons/ActorIcons/GroupActor_16x.png' error.
[2014.07.10-01.15.16:925][  0]LogSlate: Could not find file for Slate resource: ../../../Engine/Content/Editor/Slate/Icons/ActorIcons/GroupActor_16x.png
[2014.07.10-01.15.16:944][  0]LogStreaming:Warning: Failed to read file '../../../Engine/Content/Editor/Slate/Icons/ActorIcons/DecalActor_16x.png' error.
[2014.07.10-01.15.16:944][  0]LogSlate: Could not find file for Slate resource: ../../../Engine/Content/Editor/Slate/Icons/ActorIcons/DecalActor_16x.png
[2014.07.10-01.15.17:568][  0]UdpMessaging: Initializing bridge on interface 0.0.0.0:0 to multicast group 230.0.0.1:6666.
[2014.07.10-01.15.17:697][  0]SourceControl: Info Source control is disabled
[2014.07.10-01.15.17:697][  0]SourceControl: Info Source control is disabled
[2014.07.10-01.15.17:702][  0]SourceControl: Info Source control is disabled
[2014.07.10-01.15.17:816][  0]BlueprintLog: New page: Editor Load
[2014.07.10-01.15.17:902][  0]LogObj: 19203 objects as part of root set at end of initial load.
[2014.07.10-01.15.17:902][  0]LogUObjectAllocator: 3820576 out of 0 bytes used by permanent object pool.
[2014.07.10-01.15.18:223][  0]LogEngine: Initializing Engine...
[2014.07.10-01.15.18:325][  0]LogInit: XAudio2 using 'Lautsprecher (Corsair Vengeance 2000 Headset)' : 8 channels at 44.1 kHz using 16 bits per sample (channel mask 0x63f)
[2014.07.10-01.15.18:333][  0]LogInit: FAudioDevice initialized.
[2014.07.10-01.15.18:354][  0]LogDerivedDataCache: Saved boot cache 0.02s 43MB C:/Users/Spaehling/AppData/Local/UnrealEngine/4.2/DerivedDataCache/Boot.ddc.
[2014.07.10-01.15.18:359][  0]LogInit: Texture streaming: Enabled
[2014.07.10-01.15.18:408][  0]LogInit: Transaction tracking system initialized
[2014.07.10-01.15.18:532][  0]LogAssetRegistry: FAssetRegistry took 0.0096 seconds to start up
[2014.07.10-01.15.18:742][  0]LogModuleManager:Warning: ModuleManager: Unable to load module '' because the file was not found.
[2014.07.10-01.15.18:745][  0]LogModuleManager:Warning: ModuleManager: Unable to load module '' because the file was not found.
[2014.07.10-01.15.18:807][  0]LogConsoleResponse:Display: 
[2014.07.10-01.15.19:028][  0]SourceControl: Info Source control is disabled
[2014.07.10-01.15.19:028][  0]Cmd: MAP LOAD FILE="D:/UDK4 Projects/Waagenabau/Content/Maps/waagenbau.umap" TEMPLATE=0 SHOWPROGRESS=1 WORLDCOMPOSITION=0
[2014.07.10-01.15.19:028][  0]LightingResults: New page: Lighting Build
[2014.07.10-01.15.19:033][  0]MapCheck: New page: Map Check
[2014.07.10-01.15.19:033][  0]LightingResults: New page: Lighting Build
[2014.07.10-01.15.19:038][  0]LogParticles: Destroying 0 GPU particle simulations for FXSystem 0x0000000012A66A20
[2014.07.10-01.15.20:113][  0]LogBlueprint:Warning: Node '/Game/Blueprints/Assets/Cigarettes.cigarettes:UserConstructionScript.K2Node_VariableGet_424' missing NodeGuid.
[2014.07.10-01.15.20:481][  0]LogBlueprintUserMessages:Warning: SetTimer passed a bad function () or object (DiscoLight_1_C_0)
[2014.07.10-01.15.20:481][  0]LogBlueprintUserMessages:Warning: SetTimer passed a bad function () or object (DiscoLight_1_C_1)
[2014.07.10-01.15.20:482][  0]LogBlueprintUserMessages:Warning: SetTimer passed a bad function () or object (DiscoLight_1_C_2)
[2014.07.10-01.15.20:483][  0]LogBlueprintUserMessages:Warning: SetTimer passed a bad function () or object (DiscoLight_1_C_3)
[2014.07.10-01.15.20:483][  0]LogBlueprintUserMessages:Warning: SetTimer passed a bad function () or object (DiscoLight_1_C_4)
[2014.07.10-01.15.20:484][  0]LogBlueprintUserMessages:Warning: SetTimer passed a bad function () or object (DiscoLight_1_C_5)
[2014.07.10-01.15.20:485][  0]LogBlueprintUserMessages:Warning: SetTimer passed a bad function () or object (DiscoLight_1_C_6)
[2014.07.10-01.15.20:485][  0]LogBlueprintUserMessages:Warning: SetTimer passed a bad function () or object (DiscoLight_1_C_7)
[2014.07.10-01.15.20:486][  0]LogBlueprintUserMessages:Warning: SetTimer passed a bad function () or object (DiscoLight_1_C_8)
[2014.07.10-01.15.20:487][  0]LogBlueprintUserMessages:Warning: SetTimer passed a bad function () or object (DiscoLight_1_C_9)
[2014.07.10-01.15.20:487][  0]LogBlueprintUserMessages:Warning: SetTimer passed a bad function () or object (DiscoLight_1_C_10)
[2014.07.10-01.15.20:488][  0]LogBlueprintUserMessages:Warning: SetTimer passed a bad function () or object (DiscoLight_1_C_11)
[2014.07.10-01.15.20:489][  0]LogBlueprintUserMessages:Warning: SetTimer passed a bad function () or object (DiscoLight_1_C_12)
[2014.07.10-01.15.20:489][  0]LogBlueprintUserMessages:Warning: SetTimer passed a bad function () or object (DiscoLight_1_C_13)
[2014.07.10-01.15.20:490][  0]LogBlueprintUserMessages:Warning: SetTimer passed a bad function () or object (DiscoLight_1_C_14)
[2014.07.10-01.15.20:491][  0]LogBlueprintUserMessages:Warning: SetTimer passed a bad function () or object (DiscoLight_1_C_15)
[2014.07.10-01.15.20:491][  0]LogBlueprintUserMessages:Warning: SetTimer passed a bad function () or object (DiscoLight_1_C_16)
[2014.07.10-01.15.20:492][  0]LogBlueprintUserMessages:Warning: SetTimer passed a bad function () or object (DiscoLight_1_C_18)
[2014.07.10-01.15.20:493][  0]LogBlueprintUserMessages:Warning: SetTimer passed a bad function () or object (DiscoLight_1_C_19)
[2014.07.10-01.15.20:493][  0]LogBlueprintUserMessages:Warning: SetTimer passed a bad function () or object (DiscoLight_1_C_20)
[2014.07.10-01.15.20:494][  0]LogBlueprintUserMessages:Warning: SetTimer passed a bad function () or object (DiscoLight_1_C_21)
[2014.07.10-01.15.20:495][  0]LogBlueprintUserMessages:Warning: SetTimer passed a bad function () or object (DiscoLight_1_C_22)
[2014.07.10-01.15.20:509][  0]LogArray:Warning: Attempted to get an item from array Sounds out of bounds [0/0]!
[2014.07.10-01.15.20:518][  0]LogEditorServer: Finished looking for orphan Actors (0.000 secs)
[2014.07.10-01.15.20:519][  0]Cmd: MAP CHECKDEP
[2014.07.10-01.15.20:519][  0]MapCheck: New page: waagenbau - Jul 10, 2014, 5:15:20 AM
[2014.07.10-01.15.20:589][  0]MapCheck: Info ========== Map Check: 0 Error(s), 0 Warning(s), [70.432ms] ==========
[2014.07.10-01.15.20:589][  0]LogFileHelpers: Loading map 'waagenbau' took 1.562
[2014.07.10-01.15.20:778][  0]LogCrashTracker: Crashtracker disabled due to settings.
[2014.07.10-01.15.20:778][  0]Cmd: MODE PLACEMENT
[2014.07.10-01.15.20:832][  0]LogLoad: Full Startup: 7.89 seconds (BP compile: 0.31 seconds)
[2014.07.10-01.15.20:927][  0]LogRenderer:Warning: Reallocating scene render targets to support 32x32.
[2014.07.10-01.15.21:025][  0]LogRenderer:Warning: Reallocating scene render targets to support 1120x856.
[2014.07.10-01.15.21:215][  1]LogEpicStorage:Warning: EnumerateFiles request failed. Invalid response. code=403 error=<?xml version="1.0" encoding="UTF-8"?>
<Error><Code>AccessDenied</Code><Message>Access Denied</Message><RequestId>D2D35D8818B3DFDB</RequestId><HostId>CdDPIznbh9xb6xWEOS1oZgJ/TmdwJfzrDA3mWZZ5nc4r4W+TNBhJCm2/5NkR0E19</HostId></Error>
[2014.07.10-01.15.21:252][  1]LogAssetRegistry: Asset discovery search completed in 2.7298 seconds
[2014.07.10-01.15.21:336][  2]LogEpicSurvey:Warning: EnumerateFiles request failed. Invalid response. code=403 error=<?xml version="1.0" encoding="UTF-8"?>
<Error><Code>AccessDenied</Code><Message>Access Denied</Message><RequestId>F783D4D2DACF4AC1</RequestId><HostId>BC2XLMRvKn0qyU/ChgOkJ4839u1BivJKzehBGF94PwHF46Li+3LkvbTxyNnBoK1T</HostId></Error>
[2014.07.10-01.15.21:385][  3]LogEpicStorage:Warning: EnumerateFiles request failed. Invalid response. code=403 error=<?xml version="1.0" encoding="UTF-8"?>
<Error><Code>AccessDenied</Code><Message>Access Denied</Message><RequestId>D2D35D8818B3DFDB</RequestId><HostId>CdDPIznbh9xb6xWEOS1oZgJ/TmdwJfzrDA3mWZZ5nc4r4W+TNBhJCm2/5NkR0E19</HostId></Error>
[2014.07.10-01.15.21:421][  4]LogEpicSurvey:Warning: EnumerateFiles request failed. Invalid response. code=403 error=<?xml version="1.0" encoding="UTF-8"?>
<Error><Code>AccessDenied</Code><Message>Access Denied</Message><RequestId>F783D4D2DACF4AC1</RequestId><HostId>BC2XLMRvKn0qyU/ChgOkJ4839u1BivJKzehBGF94PwHF46Li+3LkvbTxyNnBoK1T</HostId></Error>
[2014.07.10-01.15.21:453][  7]LogEpicSurvey:Warning: EnumerateFiles request failed. Invalid response. code=403 error=<?xml version="1.0" encoding="UTF-8"?>
<Error><Code>AccessDenied</Code><Message>Access Denied</Message><RequestId>B720B2F13C6890AB</RequestId><HostId>/bdzhjkAXuvgM/tvAYhKmjfJZlk+3LadFeg+g64QyN28/pktrw/Qi8DTGnI/1gNq</HostId></Error>
[2014.07.10-01.15.21:473][  8]LogEpicStorage:Warning: ReadFile request failed. File request already pending for filename=http://cdn.unrealengine.com/newsfeed/blueprint_icon_b.png
[2014.07.10-01.15.21:478][  8]LogEpicStorage:Warning: ReadFile request failed. File request already pending for filename=http://cdn.unrealengine.com/newsfeed/blueprint_icon_b.png
[2014.07.10-01.20.36:443][558]Cmd: QUIT_EDITOR
[2014.07.10-01.20.36:489][558]LogWindowsTextInputMethodSystem:Error: Terminating failed while unadvising the language notification sink from the TSF source.
[2014.07.10-01.20.36:490][558]LogExit: Preparing to exit.
[2014.07.10-01.20.37:832][558]LogExit: Editor shut down
[2014.07.10-01.20.37:832][558]LogExit: Transaction tracking system shut down
[2014.07.10-01.20.37:835][558]LogParticles: Destroying 0 GPU particle simulations for FXSystem 0x000000001BEBF560
[2014.07.10-01.20.37:857][558]LogParticles: Destroying 0 GPU particle simulations for FXSystem 0x000000000BE8CC20
[2014.07.10-01.20.37:857][558]LogParticles: Destroying 0 GPU particle simulations for FXSystem 0x000000001F8B13A0
[2014.07.10-01.20.37:857][558]LogParticles: Destroying 0 GPU particle simulations for FXSystem 0x000000001F8B1620
[2014.07.10-01.20.37:857][558]LogExit: Object subsystem successfully closed.
[2014.07.10-01.20.37:879][558]LogModuleManager: Shutting down and abandoning module NewLevelDialog (164)
[2014.07.10-01.20.37:879][558]LogModuleManager: Shutting down and abandoning module AndroidDeviceDetection (163)
[2014.07.10-01.20.37:879][558]LogModuleManager: Shutting down and abandoning module CrashTracker (162)
[2014.07.10-01.20.37:879][558]LogModuleManager: Shutting down and abandoning module HTTP (161)
[2014.07.10-01.20.37:879][558]LogModuleManager: Shutting down and abandoning module NewsFeed (160)
[2014.07.10-01.20.37:879][558]LogModuleManager: Shutting down and abandoning module SceneOutliner (159)
[2014.07.10-01.20.37:879][558]LogModuleManager: Shutting down and abandoning module StatsViewer (158)
[2014.07.10-01.20.37:879][558]LogModuleManager: Shutting down and abandoning module FoliageEdit (157)
[2014.07.10-01.20.37:879][558]LogModuleManager: Shutting down and abandoning module LandscapeEditor (156)
[2014.07.10-01.20.37:884][558]LogModuleManager: Shutting down and abandoning module MeshPaint (155)
[2014.07.10-01.20.37:884][558]LogModuleManager: Shutting down and abandoning module ActorPickerMode (154)
[2014.07.10-01.20.37:884][558]LogModuleManager: Shutting down and abandoning module GeometryMode (153)
[2014.07.10-01.20.37:884][558]LogModuleManager: Shutting down and abandoning module TextureAlignMode (152)
[2014.07.10-01.20.37:884][558]LogModuleManager: Shutting down and abandoning module BspMode (151)
[2014.07.10-01.20.37:884][558]LogModuleManager: Shutting down and abandoning module PlacementMode (150)
[2014.07.10-01.20.37:884][558]LogModuleManager: Shutting down and abandoning module AutomationWorker (149)
[2014.07.10-01.20.37:884][558]LogModuleManager: Shutting down and abandoning module ViewportSnapping (148)
[2014.07.10-01.20.37:884][558]LogModuleManager: Shutting down and abandoning module DeviceProfileEditor (147)
[2014.07.10-01.20.37:884][558]LogModuleManager: Shutting down and abandoning module UndoHistory (146)
[2014.07.10-01.20.37:884][558]LogModuleManager: Shutting down and abandoning module GameplayTagsEditor (145)
[2014.07.10-01.20.37:884][558]LogModuleManager: Shutting down and abandoning module UserFeedback (144)
[2014.07.10-01.20.37:884][558]LogModuleManager: Shutting down and abandoning module XmlParser (143)
[2014.07.10-01.20.37:884][558]LogModuleManager: Shutting down and abandoning module Blutility (142)
[2014.07.10-01.20.37:884][558]LogModuleManager: Shutting down and abandoning module AndroidPlatformEditor (139)
[2014.07.10-01.20.37:884][558]LogModuleManager: Shutting down and abandoning module AndroidRuntimeSettings (138)
[2014.07.10-01.20.37:884][558]LogModuleManager: Shutting down and abandoning module ProjectSettingsViewer (137)
[2014.07.10-01.20.37:884][558]LogModuleManager: Shutting down and abandoning module InputBindingEditor (136)
[2014.07.10-01.20.37:885][558]LogModuleManager: Shutting down and abandoning module EditorSettingsViewer (135)
[2014.07.10-01.20.37:885][558]LogModuleManager: Shutting down and abandoning module SettingsEditor (134)
[2014.07.10-01.20.37:885][558]LogModuleManager: Shutting down and abandoning module SessionLauncher (133)
[2014.07.10-01.20.37:885][558]LogModuleManager: Shutting down and abandoning module SessionFrontend (132)
[2014.07.10-01.20.37:885][558]LogModuleManager: Shutting down and abandoning module ProfilerClient (131)
[2014.07.10-01.20.37:885][558]LogModuleManager: Shutting down and abandoning module TargetDeviceServices (130)
[2014.07.10-01.20.37:885][558]LogModuleManager: Shutting down and abandoning module DeviceManager (129)
[2014.07.10-01.20.37:885][558]LogModuleManager: Shutting down and abandoning module AutomationController (128)
[2014.07.10-01.20.37:885][558]LogModuleManager: Shutting down and abandoning module AutomationWindow (127)
[2014.07.10-01.20.37:885][558]LogModuleManager: Shutting down and abandoning module Layers (126)
[2014.07.10-01.20.37:885][558]LogModuleManager: Shutting down and abandoning module ComponentVisualizers (125)
[2014.07.10-01.20.37:885][558]LogModuleManager: Shutting down and abandoning module DetailCustomizations (124)
[2014.07.10-01.20.37:885][558]LogModuleManager: Shutting down and abandoning module PackagesDialog (123)
[2014.07.10-01.20.37:885][558]LogModuleManager: Shutting down and abandoning module DirectoryWatcher (122)
[2014.07.10-01.20.37:885][558]LogModuleManager: Shutting down and abandoning module AssetRegistry (121)
[2014.07.10-01.20.38:006][558]LogModuleManager: Shutting down and abandoning module Persona (120)
[2014.07.10-01.20.38:006][558]LogModuleManager: Shutting down and abandoning module GraphEditor (119)
[2014.07.10-01.20.38:006][558]LogModuleManager: Shutting down and abandoning module ContentBrowser (118)
[2014.07.10-01.20.38:006][558]LogModuleManager: Shutting down and abandoning module ClassViewer (117)
[2014.07.10-01.20.38:006][558]LogModuleManager: Shutting down and abandoning module Toolbox (116)
[2014.07.10-01.20.38:006][558]LogModuleManager: Shutting down and abandoning module ModuleUI (115)
[2014.07.10-01.20.38:006][558]LogModuleManager: Shutting down and abandoning module Sequencer (114)
[2014.07.10-01.20.38:006][558]LogModuleManager: Shutting down and abandoning module MovieSceneTools (113)
[2014.07.10-01.20.38:006][558]LogModuleManager: Shutting down and abandoning module OutputLog (112)
[2014.07.10-01.20.38:007][558]LogModuleManager: Shutting down and abandoning module GammaUI (111)
[2014.07.10-01.20.38:007][558]LogModuleManager: Shutting down and abandoning module Documentation (110)
[2014.07.10-01.20.38:007][558]LogModuleManager: Shutting down and abandoning module DesktopPlatform (109)
[2014.07.10-01.20.38:007][558]LogModuleManager: Shutting down and abandoning module StreamingPauseRendering (108)
[2014.07.10-01.20.38:007][558]LogModuleManager: Shutting down and abandoning module AnalyticsET (107)
[2014.07.10-01.20.38:007][558]LogModuleManager: Shutting down and abandoning module Analytics (106)
[2014.07.10-01.20.38:007][558]LogModuleManager: Shutting down and abandoning module ProfilerService (105)
[2014.07.10-01.20.38:194][558]LogModuleManager: Shutting down and abandoning module TaskGraph (104)
[2014.07.10-01.20.38:194][558]LogModuleManager: Shutting down and abandoning module GameProjectGeneration (103)
[2014.07.10-01.20.38:194][558]LogModuleManager: Shutting down and abandoning module Matinee (102)
[2014.07.10-01.20.38:194][558]LogModuleManager: Shutting down and abandoning module Kismet (101)
[2014.07.10-01.20.38:194][558]LogModuleManager: Shutting down and abandoning module SlateReflector (100)
[2014.07.10-01.20.38:194][558]LogModuleManager: Shutting down and abandoning module LevelEditor (99)
[2014.07.10-01.20.38:196][558]LogModuleManager: Shutting down and abandoning module MainFrame (98)
[2014.07.10-01.20.38:196][558]LogModuleManager: Shutting down and abandoning module SourceControl (97)
[2014.07.10-01.20.38:196][558]LogModuleManager: Shutting down and abandoning module ImageWrapper (96)
[2014.07.10-01.20.38:196][558]LogModuleManager: Shutting down and abandoning module OnlineBlueprintSupport (95)
[2014.07.10-01.20.38:196][558]LogModuleManager: Shutting down and abandoning module PropertyEditor (94)
[2014.07.10-01.20.38:196][558]LogModuleManager: Shutting down and abandoning module AssetTools (93)
[2014.07.10-01.20.38:196][558]LogModuleManager: Shutting down and abandoning module BehaviorTreeEditor (92)
[2014.07.10-01.20.38:196][558]LogModuleManager: Shutting down and abandoning module FunctionalTesting (91)
[2014.07.10-01.20.38:196][558]LogModuleManager: Shutting down and abandoning module CollisionAnalyzer (90)
[2014.07.10-01.20.38:196][558]LogModuleManager: Shutting down and abandoning module WorkspaceMenuStructure (89)
[2014.07.10-01.20.38:196][558]LogModuleManager: Shutting down and abandoning module MessageLog (88)
[2014.07.10-01.20.38:196][558]LogModuleManager: Shutting down and abandoning module Slate (87)
[2014.07.10-01.20.38:196][558]LogModuleManager: Shutting down and abandoning module EditorStyle (86)
[2014.07.10-01.20.38:200][558]LogModuleManager: Shutting down and abandoning module SessionServices (85)
[2014.07.10-01.20.38:200][558]LogModuleManager: Shutting down and abandoning module Messaging (84)
[2014.07.10-01.20.38:200][558]LogModuleManager: Shutting down and abandoning module SourceCodeAccess (83)
[2014.07.10-01.20.38:200][558]LogModuleManager: Shutting down and abandoning module HeadMountedDisplay (82)
[2014.07.10-01.20.38:200][558]LogModuleManager: Shutting down and abandoning module XAudio2 (81)
[2014.07.10-01.20.38:200][558]LogModuleManager: Shutting down and abandoning module Networking (79)
[2014.07.10-01.20.38:200][558]LogModuleManager: Shutting down and abandoning module Core (78)
[2014.07.10-01.20.38:200][558]LogModuleManager: Shutting down and abandoning module KismetCompiler (77)
[2014.07.10-01.20.38:200][558]LogModuleManager: Shutting down and abandoning module PhysXFormats (76)
[2014.07.10-01.20.38:200][558]LogModuleManager: Shutting down and abandoning module SimplygonMeshReduction (75)
[2014.07.10-01.20.38:200][558]LogModuleManager: Shutting down and abandoning module MeshUtilities (74)
[2014.07.10-01.20.38:200][558]LogModuleManager: Shutting down and abandoning module DerivedDataCache (73)
[2014.07.10-01.20.38:236][558]LogDerivedDataCache: Shutdown
[2014.07.10-01.20.38:236][558]LogModuleManager: Shutting down and abandoning module ShaderFormatOpenGL (72)
[2014.07.10-01.20.38:236][558]LogModuleManager: Shutting down and abandoning module ShaderFormatD3D (71)
[2014.07.10-01.20.38:236][558]LogModuleManager: Shutting down and abandoning module TextureFormatUncompressed (70)
[2014.07.10-01.20.38:236][558]LogModuleManager: Shutting down and abandoning module TextureFormatPVR (69)
[2014.07.10-01.20.38:236][558]LogModuleManager: Shutting down and abandoning module TextureFormatDXT (68)
[2014.07.10-01.20.38:236][558]LogModuleManager: Shutting down and abandoning module TextureFormatAndroid (67)
[2014.07.10-01.20.38:236][558]LogModuleManager: Shutting down and abandoning module AudioFormatOpus (66)
[2014.07.10-01.20.38:236][558]LogModuleManager: Shutting down and abandoning module AudioFormatOgg (65)
[2014.07.10-01.20.38:236][558]LogModuleManager: Shutting down and abandoning module AudioFormatADPCM (64)
[2014.07.10-01.20.38:236][558]LogModuleManager: Shutting down and abandoning module Android_PVRTCTargetPlatform (63)
[2014.07.10-01.20.38:236][558]LogModuleManager: Shutting down and abandoning module Android_ETC2TargetPlatform (62)
[2014.07.10-01.20.38:236][558]LogModuleManager: Shutting down and abandoning module Android_ETC1TargetPlatform (61)
[2014.07.10-01.20.38:236][558]LogModuleManager: Shutting down and abandoning module Android_DXTTargetPlatform (60)
[2014.07.10-01.20.38:236][558]LogModuleManager: Shutting down and abandoning module Android_ATCTargetPlatform (59)
[2014.07.10-01.20.38:236][558]LogModuleManager: Shutting down and abandoning module AndroidTargetPlatform (58)
[2014.07.10-01.20.38:236][558]LogModuleManager: Shutting down and abandoning module WindowsTargetPlatform (57)
[2014.07.10-01.20.38:236][558]LogModuleManager: Shutting down and abandoning module WindowsServerTargetPlatform (56)
[2014.07.10-01.20.38:236][558]LogModuleManager: Shutting down and abandoning module WindowsNoEditorTargetPlatform (55)
[2014.07.10-01.20.38:236][558]LogModuleManager: Shutting down and abandoning module WindowsClientTargetPlatform (54)
[2014.07.10-01.20.38:236][558]LogModuleManager: Shutting down and abandoning module TargetPlatform (53)
[2014.07.10-01.20.38:236][558]LogModuleManager: Shutting down and abandoning module InputCore (52)
[2014.07.10-01.20.38:236][558]LogModuleManager: Shutting down and abandoning module Settings (51)
[2014.07.10-01.20.38:236][558]LogModuleManager: Shutting down and abandoning module TextureCompressor (48)
[2014.07.10-01.20.38:237][558]LogModuleManager: Shutting down and abandoning module ShaderCore (47)
[2014.07.10-01.20.38:237][558]LogModuleManager: Shutting down and abandoning module OpenGLDrv (46)
[2014.07.10-01.20.38:237][558]LogModuleManager: Shutting down and abandoning module D3D11RHI (45)
[2014.07.10-01.20.38:237][558]LogModuleManager: Shutting down and abandoning module SlateRHIRenderer (44)
[2014.07.10-01.20.38:237][558]LogModuleManager: Shutting down and abandoning module Renderer (43)
[2014.07.10-01.20.38:237][558]LogModuleManager: Shutting down and abandoning module Engine (42)
[2014.07.10-01.20.38:237][558]LogModuleManager: Shutting down and abandoning module SlateRemote (41)
[2014.07.10-01.20.38:237][558]LogModuleManager: Shutting down and abandoning module ScriptPlugin (40)
[2014.07.10-01.20.38:237][558]LogModuleManager: Shutting down and abandoning module ScriptEditorPlugin (38)
[2014.07.10-01.20.38:237][558]LogModuleManager: Shutting down and abandoning module WindowsMoviePlayer (37)
[2014.07.10-01.20.38:241][558]LogModuleManager: Shutting down and abandoning module ExampleDeviceProfileSelector (32)
[2014.07.10-01.20.38:241][558]LogModuleManager: Shutting down and abandoning module CustomMeshComponent (31)
[2014.07.10-01.20.38:241][558]LogModuleManager: Shutting down and abandoning module CableComponent (30)
[2014.07.10-01.20.38:241][558]LogModuleManager: Shutting down and abandoning module OculusRift (26)
[2014.07.10-01.20.38:241][558]LogModuleManager: Shutting down and abandoning module UdpMessaging (25)
[2014.07.10-01.20.38:341][558]LogModuleManager: Shutting down and abandoning module MessagingDebugger (24)
[2014.07.10-01.20.38:341][558]LogModuleManager: Shutting down and abandoning module PluginsEditor (14)
[2014.07.10-01.20.38:341][558]LogModuleManager: Shutting down and abandoning module IntroTutorials (13)
[2014.07.10-01.20.38:341][558]LogModuleManager: Shutting down and abandoning module EpicSurvey (12)
[2014.07.10-01.20.38:341][558]LogModuleManager: Shutting down and abandoning module VisualStudioSourceCodeAccess (10)
[2014.07.10-01.20.38:341][558]LogModuleManager: Shutting down and abandoning module UObjectPlugin (9)
[2014.07.10-01.20.38:341][558]LogModuleManager: Shutting down and abandoning module SubversionSourceControl (8)
[2014.07.10-01.20.38:341][558]LogModuleManager: Shutting down and abandoning module PerforceSourceControl (7)
[2014.07.10-01.20.38:341][558]LogModuleManager: Shutting down and abandoning module BlankPlugin (6)
[2014.07.10-01.20.38:341][558]LogModuleManager: Shutting down and abandoning module CoreUObject (5)
[2014.07.10-01.20.38:341][558]LogModuleManager: Shutting down and abandoning module NetworkFile (4)
[2014.07.10-01.20.38:341][558]LogModuleManager: Shutting down and abandoning module StreamingFile (3)
[2014.07.10-01.20.38:341][558]LogModuleManager: Shutting down and abandoning module SandboxFile (2)
[2014.07.10-01.20.38:341][558]LogModuleManager: Shutting down and abandoning module PakFile (1)
[2014.07.10-01.20.38:342][558]LogExit: Exiting.
[2014.07.10-01.20.38:347][558]Log file closed, 07/10/14 03:20:38
