Log file open, 07/15/14 04:38:34
LogInit:Display: Running engine for game: MyProject3
LogInit: Version: 4.2.1-2101290+++depot+UE4-Releases+4.2
LogInit: Compiled (64-bit): Jun 10 2014 22:21:56
LogInit: Build Configuration: Development
LogInit: Branch Name: ++depot+UE4-Releases+4.2
LogInit: Command line:  /Temp/Autosaves/Game/Maps/UEDPCwaagenbau -game -PIEVIACONSOLE -ResX=1280 -ResY=720  -Multiprocess 
LogInit: Base directory: E:/Unreal Engine/4.2/Engine/Binaries/Win64/
LogInit: Rocket: 1
[2014.07.15-02.38.34:118][  0]LogTaskGraph: Started task graph with 3 named threads and 6 total threads.
[2014.07.15-02.38.34:163][  0]LogOnline:Warning: No default platform service specified for OnlineSubsystem
[2014.07.15-02.38.34:169][  0]LogInit: Presizing for 0 objects not considered by GC, pre-allocating 0 bytes.
[2014.07.15-02.38.34:175][  0]LogInit: Object subsystem initialized
[2014.07.15-02.38.34:176][  0]LogInit: Selected Device Profile: [Windows]
[2014.07.15-02.38.34:176][  0]LogInit: Applying CVar settings loaded from the selected device profile: [Windows]
[2014.07.15-02.38.34:179][  0]LogInit: Computer: SPAEHLING-PC
[2014.07.15-02.38.34:179][  0]LogInit: User: Spaehling
[2014.07.15-02.38.34:180][  0]LogInit: CPU Page size=4096, Cores=6
[2014.07.15-02.38.34:180][  0]LogInit: High frequency timer resolution =3.126972 MHz
[2014.07.15-02.38.34:180][  0]LogMemory: Memory total: Physical=64.0GB (64GB approx) Virtual=8192.0GB
[2014.07.15-02.38.34:180][  0]LogMemory: Platform Memory Stats for Windows
[2014.07.15-02.38.34:180][  0]LogMemory: Process Physical Memory: 59.38 MB used, 59.38 MB peak
[2014.07.15-02.38.34:180][  0]LogMemory: Process Virtual Memory: 37.60 MB used, 37.74 MB peak
[2014.07.15-02.38.34:180][  0]LogMemory: Physical Memory: 10984.27 MB used, 65486.15 MB total
[2014.07.15-02.38.34:180][  0]LogMemory: Virtual Memory: 245.65 MB used, 8388608.00 MB total
[2014.07.15-02.38.34:324][  0]LogD3D11RHI: Found D3D11 adapter 0: NVIDIA GeForce GTX 690 (Feature Level 11_0)
[2014.07.15-02.38.34:324][  0]LogD3D11RHI: Adapter has 1990MB of dedicated video memory, 0MB of dedicated system memory, and 2048MB of shared system memory, 1 output[s]
[2014.07.15-02.38.34:346][  0]LogD3D11RHI: Found D3D11 adapter 1: NVIDIA GeForce GTX 690 (Feature Level 11_0)
[2014.07.15-02.38.34:346][  0]LogD3D11RHI: Adapter has 1990MB of dedicated video memory, 0MB of dedicated system memory, and 2048MB of shared system memory, 1 output[s]
[2014.07.15-02.38.34:346][  0]LogD3D11RHI: Chosen D3D11 Adapter Id = 0
[2014.07.15-02.38.34:352][  0]LogRHI: Texture pool is 1361 MB (70% of 1945 MB)
[2014.07.15-02.38.34:362][  0]LogD3D11RHI: Async texture creation enabled
[2014.07.15-02.38.34:433][  0]LogTextLocalizationManager:Warning: The selected culture 'de_DE' is not available; falling back to 'en'
[2014.07.15-02.38.34:486][  0]LogContentStreaming: Texture pool size is 1000.000000MB
[2014.07.15-02.38.35:267][  0]LogTargetPlatformManager:Display: Building Assets For Windows
[2014.07.15-02.38.35:344][  0]LogTargetPlatformManager:Display: Building Assets For Windows
[2014.07.15-02.38.35:372][  0]LogDerivedDataCache:Display: Max Cache Size: 512 MB
[2014.07.15-02.38.35:422][  0]LogDerivedDataCache: Loaded boot cache 0.05s 39MB C:/Users/Spaehling/AppData/Local/UnrealEngine/4.2/DerivedDataCache/Boot.ddc.
[2014.07.15-02.38.35:423][  0]LogDerivedDataCache:Display: Loaded Boot cache: C:/Users/Spaehling/AppData/Local/UnrealEngine/4.2/DerivedDataCache/Boot.ddc
[2014.07.15-02.38.35:423][  0]LogDerivedDataCache: FDerivedDataBackendGraph:  Pak pak cache file D:/UDK4 Projects/Waagenbau/DerivedDataCache/DDC.ddp not found, will not use a pak cache.
[2014.07.15-02.38.35:423][  0]LogDerivedDataCache: Unable to find inner node Pak for hierarchical cache Hierarchy.
[2014.07.15-02.38.35:434][  0]LogDerivedDataCache:Display: Pak cache opened for reading ../../../Engine/DerivedDataCache/DDC.ddp.
[2014.07.15-02.38.35:445][  0]LogDerivedDataCache: Using Local data cache path C:/Users/Spaehling/AppData/Local/UnrealEngine/4.2/DerivedDataCache: Writable
[2014.07.15-02.38.35:583][  0]LogMeshUtilities: No automatic mesh reduction module available
[2014.07.15-02.38.35:583][  0]LogMeshUtilities: No automatic mesh merging module available
[2014.07.15-02.38.35:846][  0]LogInit: WinSock: version 1.1 (2.2), MaxSocks=32767, MaxUdp=65467
[2014.07.15-02.38.36:150][  0]LogStreaming:Warning: Failed to read file '../../../Engine/Content/Editor/Slate/Icons/ActorIcons/GroupActor_16x.png' error.
[2014.07.15-02.38.36:150][  0]LogSlate: Could not find file for Slate resource: ../../../Engine/Content/Editor/Slate/Icons/ActorIcons/GroupActor_16x.png
[2014.07.15-02.38.36:154][  0]LogStreaming:Warning: Failed to read file '../../../Engine/Content/Editor/Slate/Icons/ActorIcons/DecalActor_16x.png' error.
[2014.07.15-02.38.36:154][  0]LogSlate: Could not find file for Slate resource: ../../../Engine/Content/Editor/Slate/Icons/ActorIcons/DecalActor_16x.png
[2014.07.15-02.38.36:525][  0]SourceControl: Info Source control is disabled
[2014.07.15-02.38.36:525][  0]SourceControl: Info Source control is disabled
[2014.07.15-02.38.36:529][  0]SourceControl: Info Source control is disabled
[2014.07.15-02.38.36:541][  0]LogObj: 18836 objects as part of root set at end of initial load.
[2014.07.15-02.38.36:541][  0]LogUObjectAllocator: 3582544 out of 0 bytes used by permanent object pool.
[2014.07.15-02.38.36:889][  0]LogAutomationTest:Warning: ERR: Transient text cannot be serialized "Testing Transient serialization detection".
[2014.07.15-02.38.36:889][  0]LogEngine: Initializing Engine...
[2014.07.15-02.38.36:905][  0]OCULUS: OVR::DeviceManager - initialized.
[2014.07.15-02.38.36:931][  0]OCULUS: OVR::DeviceManagerThread - running (ThreadId=0x29D4).
[2014.07.15-02.38.36:931][  0]LogHMD:Warning: No Oculus HMD detected!
[2014.07.15-02.38.36:931][  0]LogHMD:Warning: No Oculus Sensor detected!
[2014.07.15-02.38.36:931][  0]LogHMD: Oculus Latency Tester not found.
[2014.07.15-02.38.36:942][  0]OCULUS: OVR::DeviceManager - shutting down.
[2014.07.15-02.38.36:942][  0]OCULUS: OVR::DeviceManagerThread - exiting (ThreadId=0x29D4).
[2014.07.15-02.38.36:942][  0]LogHMD: Oculus shutdown.
[2014.07.15-02.38.37:043][  0]LogInit: XAudio2 using '237E4-0 (NVIDIA High Definition Audio)' : 2 channels at 48 kHz using 16 bits per sample (channel mask 0x3)
[2014.07.15-02.38.37:052][  0]LogInit: FAudioDevice initialized.
[2014.07.15-02.38.37:057][  0]LogInit: Texture streaming: Enabled
[2014.07.15-02.38.37:229][  0]LogConsoleResponse:Display: 
[2014.07.15-02.38.37:230][  0]LogNet: Browse: /Temp/Autosaves/Game/Maps/UEDPCwaagenbau?Name=Player
[2014.07.15-02.38.37:230][  0]LogLoad: LoadMap: /Temp/Autosaves/Game/Maps/UEDPCwaagenbau?Name=Player
[2014.07.15-02.38.37:236][  0]LogMemory: Platform Memory Stats for Windows
[2014.07.15-02.38.37:236][  0]LogMemory: Process Physical Memory: 289.42 MB used, 294.75 MB peak
[2014.07.15-02.38.37:236][  0]LogMemory: Process Virtual Memory: 253.08 MB used, 255.91 MB peak
[2014.07.15-02.38.37:236][  0]LogMemory: Physical Memory: 11203.50 MB used, 65486.15 MB total
[2014.07.15-02.38.37:236][  0]LogMemory: Virtual Memory: 626.60 MB used, 8388608.00 MB total
[2014.07.15-02.38.37:236][  0]LogMemory: 
[2014.07.15-02.38.37:236][  0]Allocator Stats for TBB: (not implemented)
[2014.07.15-02.38.38:136][  0]LogBlueprint:Warning: Node '/Game/Blueprints/Assets/Cigarettes.cigarettes:UserConstructionScript.K2Node_VariableGet_424' missing NodeGuid.
[2014.07.15-02.38.38:561][  0]LogBlueprint:Warning: [compiler] Warning InputAction Event references unknown Action 'Action' for  InputAction Action 
[2014.07.15-02.38.38:564][  0]LogBlueprint:Warning: [compiler] Warning [0005.01] Compile of MyCharacter successful, but with 1 Warning(s) [in 4 ms]
[2014.07.15-02.38.38:587][  0]LogBlueprint:Warning: [compiler] Warning InputAction Event references unknown Action 'Action' for  InputAction Action 
[2014.07.15-02.38.38:589][  0]LogBlueprint:Warning: [compiler] Warning [0005.04] Compile of MyCharacter successful, but with 1 Warning(s) [in 4 ms]
[2014.07.15-02.38.38:594][  0]LogWorld: Game class is 'MyGame_C'
[2014.07.15-02.38.38:637][  0]LogBlueprintUserMessages:Warning: SetTimer passed a bad function () or object (DiscoLight_1_C_0)
[2014.07.15-02.38.38:638][  0]LogBlueprintUserMessages:Warning: SetTimer passed a bad function () or object (DiscoLight_1_C_1)
[2014.07.15-02.38.38:638][  0]LogBlueprintUserMessages:Warning: SetTimer passed a bad function () or object (DiscoLight_1_C_2)
[2014.07.15-02.38.38:639][  0]LogBlueprintUserMessages:Warning: SetTimer passed a bad function () or object (DiscoLight_1_C_3)
[2014.07.15-02.38.38:639][  0]LogBlueprintUserMessages:Warning: SetTimer passed a bad function () or object (DiscoLight_1_C_4)
[2014.07.15-02.38.38:640][  0]LogBlueprintUserMessages:Warning: SetTimer passed a bad function () or object (DiscoLight_1_C_5)
[2014.07.15-02.38.38:640][  0]LogBlueprintUserMessages:Warning: SetTimer passed a bad function () or object (DiscoLight_1_C_6)
[2014.07.15-02.38.38:641][  0]LogBlueprintUserMessages:Warning: SetTimer passed a bad function () or object (DiscoLight_1_C_7)
[2014.07.15-02.38.38:641][  0]LogBlueprintUserMessages:Warning: SetTimer passed a bad function () or object (DiscoLight_1_C_8)
[2014.07.15-02.38.38:642][  0]LogBlueprintUserMessages:Warning: SetTimer passed a bad function () or object (DiscoLight_1_C_9)
[2014.07.15-02.38.38:642][  0]LogBlueprintUserMessages:Warning: SetTimer passed a bad function () or object (DiscoLight_1_C_10)
[2014.07.15-02.38.38:643][  0]LogBlueprintUserMessages:Warning: SetTimer passed a bad function () or object (DiscoLight_1_C_11)
[2014.07.15-02.38.38:643][  0]LogBlueprintUserMessages:Warning: SetTimer passed a bad function () or object (DiscoLight_1_C_12)
[2014.07.15-02.38.38:644][  0]LogBlueprintUserMessages:Warning: SetTimer passed a bad function () or object (DiscoLight_1_C_13)
[2014.07.15-02.38.38:644][  0]LogBlueprintUserMessages:Warning: SetTimer passed a bad function () or object (DiscoLight_1_C_14)
[2014.07.15-02.38.38:645][  0]LogBlueprintUserMessages:Warning: SetTimer passed a bad function () or object (DiscoLight_1_C_15)
[2014.07.15-02.38.38:645][  0]LogBlueprintUserMessages:Warning: SetTimer passed a bad function () or object (DiscoLight_1_C_16)
[2014.07.15-02.38.38:646][  0]LogBlueprintUserMessages:Warning: SetTimer passed a bad function () or object (DiscoLight_1_C_17)
[2014.07.15-02.38.38:646][  0]LogBlueprintUserMessages:Warning: SetTimer passed a bad function () or object (DiscoLight_1_C_18)
[2014.07.15-02.38.38:647][  0]LogBlueprintUserMessages:Warning: SetTimer passed a bad function () or object (DiscoLight_1_C_20)
[2014.07.15-02.38.38:647][  0]LogBlueprintUserMessages:Warning: SetTimer passed a bad function () or object (DiscoLight_1_C_21)
[2014.07.15-02.38.38:648][  0]LogBlueprintUserMessages:Warning: SetTimer passed a bad function () or object (DiscoLight_1_C_22)
[2014.07.15-02.38.38:648][  0]LogBlueprintUserMessages:Warning: SetTimer passed a bad function () or object (DiscoLight_1_C_23)
[2014.07.15-02.38.38:740][  0]LogWorld:Warning: *** WARNING - PATHS MAY NOT BE VALID ***
[2014.07.15-02.38.38:740][  0]LogWorld: Bringing World /Temp/Autosaves/Game/Maps/UEDPCwaagenbau.waagenbau up for play (max tick rate 0) at 2014.07.15-04.38.38
[2014.07.15-02.38.38:750][  0]LogWorld: Bringing up level for play took: 0.156075
[2014.07.15-02.38.38:751][  0]LogPlayerController: Spawned spectator SpectatorPawn_0 [server:1]
[2014.07.15-02.38.38:751][  0]LogGameMode: RestartPlayer Player
[2014.07.15-02.38.38:752][  0]LogPawn:Error: EnableInput can only be specified on a Pawn for its Controller
[2014.07.15-02.38.38:753][  0]LogPlayerController: ClientRestart_Implementation MyCharacter_C_0
[2014.07.15-02.38.38:753][  0]LogPlayerController: ServerAcknowledgePossession_Implementation MyCharacter_C_0
[2014.07.15-02.38.38:762][  0]LogInit:Display: Game Engine Initialized.
[2014.07.15-02.38.38:814][  0]LogLoad: Full Startup: 5.26 seconds (BP compile: 0.34 seconds)
[2014.07.15-02.38.38:848][  1]LogRenderer:Warning: Reallocating scene render targets to support 1280x720.
[2014.07.15-02.38.42:099][ 69]LogRenderer:Warning: Reallocating scene render targets to support 1920x976.
[2014.07.15-02.38.44:560][100]LogPawn:Error: EnableInput can only be specified on a Pawn for its Controller
[2014.07.15-02.38.45:064][110]LogPawn:Error: DisableInput can only be specified on a Pawn for its Controller
[2014.07.15-02.38.46:086][134]LogCharacterMovement: MyCharacter_C_0 is stuck and failed to move!
[2014.07.15-02.38.46:133][135]LogCharacterMovement: MyCharacter_C_0 is stuck and failed to move!
[2014.07.15-02.38.46:171][136]LogCharacterMovement: MyCharacter_C_0 is stuck and failed to move!
[2014.07.15-02.38.46:630][146]LogCharacterMovement: BotCharacter_Male_C_69 is stuck and failed to move!
[2014.07.15-02.38.46:950][152]LogPawn:Error: EnableInput can only be specified on a Pawn for its Controller
[2014.07.15-02.38.52:655][275]LogPawn:Error: DisableInput can only be specified on a Pawn for its Controller
[2014.07.15-02.38.53:076][284]LogPawn:Error: EnableInput can only be specified on a Pawn for its Controller
[2014.07.15-02.38.53:076][284]LogPawn:Error: DisableInput can only be specified on a Pawn for its Controller
[2014.07.15-02.38.56:406][356]LogCharacterMovement: BotCharacter_Male_C_74 is stuck and failed to move!
[2014.07.15-02.38.56:579][360]LogCharacterMovement: BotCharacter_Male_C_74 is stuck and failed to move!
[2014.07.15-02.39.04:068][533]LogPawn:Error: EnableInput can only be specified on a Pawn for its Controller
[2014.07.15-02.39.04:112][534]LogPawn:Error: DisableInput can only be specified on a Pawn for its Controller
[2014.07.15-02.39.04:838][550]LogPawn:Error: DisableInput can only be specified on a Pawn for its Controller
[2014.07.15-02.39.10:123][663]LogPawn:Error: EnableInput can only be specified on a Pawn for its Controller
[2014.07.15-02.39.10:284][666]LogPawn:Error: DisableInput can only be specified on a Pawn for its Controller
[2014.07.15-02.39.24:871][ 45]LogCharacterMovement: BotCharacter_55 is stuck and failed to move!
[2014.07.15-02.39.25:016][ 49]LogCharacterMovement: BotCharacter_55 is stuck and failed to move!
[2014.07.15-02.39.44:491][558]LogCharacterMovement: MyCharacter_C_0 is stuck and failed to move!
[2014.07.15-02.39.45:548][589]LogCharacterMovement: BotCharacter_Male_C_68 is stuck and failed to move!
[2014.07.15-02.39.45:659][592]LogPawn:Error: EnableInput can only be specified on a Pawn for its Controller
[2014.07.15-02.39.45:905][598]LogPawn:Error: EnableInput can only be specified on a Pawn for its Controller
[2014.07.15-02.40.02:992][985]LogPawn:Error: DisableInput can only be specified on a Pawn for its Controller
[2014.07.15-02.40.07:421][ 86]LogCharacterMovement: BotCharacter_Male_C_68 is stuck and failed to move!
[2014.07.15-02.40.27:935][564]LogCharacterMovement: BotCharacter_55 is stuck and failed to move!
[2014.07.15-02.40.28:097][568]LogCharacterMovement: BotCharacter_55 is stuck and failed to move!
[2014.07.15-02.40.30:071][616]LogCharacterMovement: BotCharacter_Male_C_69 is stuck and failed to move!
[2014.07.15-02.40.37:752][802]LogEngine: All Windows Closed
[2014.07.15-02.40.37:752][802]LogWindows: FPlatformMisc::RequestExit(0)
[2014.07.15-02.40.37:756][803]LogWindowsTextInputMethodSystem:Error: Terminating failed while unadvising the language notification sink from the TSF source.
[2014.07.15-02.40.37:770][803]LogExit: Preparing to exit.
[2014.07.15-02.40.37:921][803]LogExit: Game engine shut down
[2014.07.15-02.40.37:921][803]LogParticles: Destroying 0 GPU particle simulations for FXSystem 0x00000000200A4680
[2014.07.15-02.40.37:949][803]LogExit: Object subsystem successfully closed.
[2014.07.15-02.40.37:970][803]LogModuleManager: Shutting down and abandoning module HTTP (105)
[2014.07.15-02.40.37:970][803]LogModuleManager: Shutting down and abandoning module AndroidDeviceDetection (104)
[2014.07.15-02.40.37:970][803]LogModuleManager: Shutting down and abandoning module AutomationWorker (103)
[2014.07.15-02.40.37:970][803]LogModuleManager: Shutting down and abandoning module StreamingPauseRendering (102)
[2014.07.15-02.40.37:970][803]LogModuleManager: Shutting down and abandoning module AnalyticsET (101)
[2014.07.15-02.40.37:970][803]LogModuleManager: Shutting down and abandoning module Analytics (100)
[2014.07.15-02.40.37:970][803]LogModuleManager: Shutting down and abandoning module ProfilerService (99)
[2014.07.15-02.40.38:062][803]LogModuleManager: Shutting down and abandoning module TaskGraph (98)
[2014.07.15-02.40.38:062][803]LogModuleManager: Shutting down and abandoning module SourceControl (97)
[2014.07.15-02.40.38:062][803]LogModuleManager: Shutting down and abandoning module ImageWrapper (96)
[2014.07.15-02.40.38:062][803]LogModuleManager: Shutting down and abandoning module OnlineBlueprintSupport (95)
[2014.07.15-02.40.38:062][803]LogModuleManager: Shutting down and abandoning module PropertyEditor (94)
[2014.07.15-02.40.38:062][803]LogModuleManager: Shutting down and abandoning module AssetTools (93)
[2014.07.15-02.40.38:062][803]LogModuleManager: Shutting down and abandoning module BehaviorTreeEditor (92)
[2014.07.15-02.40.38:062][803]LogModuleManager: Shutting down and abandoning module FunctionalTesting (91)
[2014.07.15-02.40.38:062][803]LogModuleManager: Shutting down and abandoning module CollisionAnalyzer (90)
[2014.07.15-02.40.38:062][803]LogModuleManager: Shutting down and abandoning module WorkspaceMenuStructure (89)
[2014.07.15-02.40.38:062][803]LogModuleManager: Shutting down and abandoning module MessageLog (88)
[2014.07.15-02.40.38:062][803]LogModuleManager: Shutting down and abandoning module Slate (87)
[2014.07.15-02.40.38:062][803]LogModuleManager: Shutting down and abandoning module EditorStyle (86)
[2014.07.15-02.40.38:063][803]LogModuleManager: Shutting down and abandoning module SessionServices (85)
[2014.07.15-02.40.38:063][803]LogModuleManager: Shutting down and abandoning module Messaging (84)
[2014.07.15-02.40.38:063][803]LogModuleManager: Shutting down and abandoning module SourceCodeAccess (83)
[2014.07.15-02.40.38:063][803]LogModuleManager: Shutting down and abandoning module HeadMountedDisplay (82)
[2014.07.15-02.40.38:063][803]LogModuleManager: Shutting down and abandoning module XAudio2 (81)
[2014.07.15-02.40.38:063][803]LogModuleManager: Shutting down and abandoning module Networking (79)
[2014.07.15-02.40.38:063][803]LogModuleManager: Shutting down and abandoning module Core (78)
[2014.07.15-02.40.38:063][803]LogModuleManager: Shutting down and abandoning module KismetCompiler (77)
[2014.07.15-02.40.38:063][803]LogModuleManager: Shutting down and abandoning module PhysXFormats (76)
[2014.07.15-02.40.38:063][803]LogModuleManager: Shutting down and abandoning module SimplygonMeshReduction (75)
[2014.07.15-02.40.38:063][803]LogModuleManager: Shutting down and abandoning module MeshUtilities (74)
[2014.07.15-02.40.38:063][803]LogModuleManager: Shutting down and abandoning module DerivedDataCache (73)
[2014.07.15-02.40.38:144][803]LogDerivedDataCache: Shutdown
[2014.07.15-02.40.38:144][803]LogModuleManager: Shutting down and abandoning module ShaderFormatOpenGL (72)
[2014.07.15-02.40.38:144][803]LogModuleManager: Shutting down and abandoning module ShaderFormatD3D (71)
[2014.07.15-02.40.38:144][803]LogModuleManager: Shutting down and abandoning module TextureFormatUncompressed (70)
[2014.07.15-02.40.38:144][803]LogModuleManager: Shutting down and abandoning module TextureFormatPVR (69)
[2014.07.15-02.40.38:144][803]LogModuleManager: Shutting down and abandoning module TextureFormatDXT (68)
[2014.07.15-02.40.38:144][803]LogModuleManager: Shutting down and abandoning module TextureFormatAndroid (67)
[2014.07.15-02.40.38:144][803]LogModuleManager: Shutting down and abandoning module AudioFormatOpus (66)
[2014.07.15-02.40.38:144][803]LogModuleManager: Shutting down and abandoning module AudioFormatOgg (65)
[2014.07.15-02.40.38:144][803]LogModuleManager: Shutting down and abandoning module AudioFormatADPCM (64)
[2014.07.15-02.40.38:144][803]LogModuleManager: Shutting down and abandoning module Android_PVRTCTargetPlatform (63)
[2014.07.15-02.40.38:144][803]LogModuleManager: Shutting down and abandoning module Android_ETC2TargetPlatform (62)
[2014.07.15-02.40.38:144][803]LogModuleManager: Shutting down and abandoning module Android_ETC1TargetPlatform (61)
[2014.07.15-02.40.38:144][803]LogModuleManager: Shutting down and abandoning module Android_DXTTargetPlatform (60)
[2014.07.15-02.40.38:144][803]LogModuleManager: Shutting down and abandoning module Android_ATCTargetPlatform (59)
[2014.07.15-02.40.38:144][803]LogModuleManager: Shutting down and abandoning module AndroidTargetPlatform (58)
[2014.07.15-02.40.38:144][803]LogModuleManager: Shutting down and abandoning module WindowsTargetPlatform (57)
[2014.07.15-02.40.38:144][803]LogModuleManager: Shutting down and abandoning module WindowsServerTargetPlatform (56)
[2014.07.15-02.40.38:144][803]LogModuleManager: Shutting down and abandoning module WindowsNoEditorTargetPlatform (55)
[2014.07.15-02.40.38:144][803]LogModuleManager: Shutting down and abandoning module WindowsClientTargetPlatform (54)
[2014.07.15-02.40.38:144][803]LogModuleManager: Shutting down and abandoning module TargetPlatform (53)
[2014.07.15-02.40.38:144][803]LogModuleManager: Shutting down and abandoning module InputCore (52)
[2014.07.15-02.40.38:144][803]LogModuleManager: Shutting down and abandoning module Settings (51)
[2014.07.15-02.40.38:144][803]LogModuleManager: Shutting down and abandoning module TextureCompressor (48)
[2014.07.15-02.40.38:144][803]LogModuleManager: Shutting down and abandoning module ShaderCore (47)
[2014.07.15-02.40.38:144][803]LogModuleManager: Shutting down and abandoning module OpenGLDrv (46)
[2014.07.15-02.40.38:144][803]LogModuleManager: Shutting down and abandoning module D3D11RHI (45)
[2014.07.15-02.40.38:144][803]LogModuleManager: Shutting down and abandoning module SlateRHIRenderer (44)
[2014.07.15-02.40.38:144][803]LogModuleManager: Shutting down and abandoning module Renderer (43)
[2014.07.15-02.40.38:144][803]LogModuleManager: Shutting down and abandoning module Engine (42)
[2014.07.15-02.40.38:144][803]LogModuleManager: Shutting down and abandoning module SlateRemote (41)
[2014.07.15-02.40.38:144][803]LogModuleManager: Shutting down and abandoning module ScriptPlugin (40)
[2014.07.15-02.40.38:144][803]LogModuleManager: Shutting down and abandoning module WindowsMoviePlayer (37)
[2014.07.15-02.40.38:145][803]LogModuleManager: Shutting down and abandoning module ExampleDeviceProfileSelector (32)
[2014.07.15-02.40.38:145][803]LogModuleManager: Shutting down and abandoning module CustomMeshComponent (31)
[2014.07.15-02.40.38:145][803]LogModuleManager: Shutting down and abandoning module CableComponent (30)
[2014.07.15-02.40.38:145][803]LogModuleManager: Shutting down and abandoning module OculusRift (26)
[2014.07.15-02.40.38:145][803]LogModuleManager: Shutting down and abandoning module UdpMessaging (25)
[2014.07.15-02.40.38:145][803]LogModuleManager: Shutting down and abandoning module UObjectPlugin (9)
[2014.07.15-02.40.38:145][803]LogModuleManager: Shutting down and abandoning module SubversionSourceControl (8)
[2014.07.15-02.40.38:145][803]LogModuleManager: Shutting down and abandoning module PerforceSourceControl (7)
[2014.07.15-02.40.38:145][803]LogModuleManager: Shutting down and abandoning module BlankPlugin (6)
[2014.07.15-02.40.38:145][803]LogModuleManager: Shutting down and abandoning module CoreUObject (5)
[2014.07.15-02.40.38:145][803]LogModuleManager: Shutting down and abandoning module NetworkFile (4)
[2014.07.15-02.40.38:145][803]LogModuleManager: Shutting down and abandoning module StreamingFile (3)
[2014.07.15-02.40.38:145][803]LogModuleManager: Shutting down and abandoning module SandboxFile (2)
[2014.07.15-02.40.38:145][803]LogModuleManager: Shutting down and abandoning module PakFile (1)
[2014.07.15-02.40.38:145][803]LogExit: Exiting.
[2014.07.15-02.40.38:146][803]Log file closed, 07/15/14 04:40:38
