Log file open, 07/03/14 21:02:00
LogInit:Display: Running engine without a game
LogInit:Display: Loading recent project file: D:/UDK4 Projects/Waagenbau/MyProject3/MyProject3.uproject
LogInit: Version: 4.2.1-2101290+++depot+UE4-Releases+4.2
LogInit: Compiled (64-bit): Jun 10 2014 22:21:56
LogInit: Build Configuration: Development
LogInit: Branch Name: ++depot+UE4-Releases+4.2
LogInit: Command line: 
LogInit: Base directory: E:/Unreal Engine/4.2/Engine/Binaries/Win64/
LogInit: Rocket: 1
[2014.07.03-19.02.00:911][  0]LogTaskGraph: Started task graph with 3 named threads and 6 total threads.
[2014.07.03-19.02.00:955][  0]LogOnline:Warning: No default platform service specified for OnlineSubsystem
[2014.07.03-19.02.00:961][  0]LogInit: Presizing for 0 objects not considered by GC, pre-allocating 0 bytes.
[2014.07.03-19.02.00:967][  0]LogInit: Object subsystem initialized
[2014.07.03-19.02.00:969][  0]LogInit: Selected Device Profile: [Windows]
[2014.07.03-19.02.00:969][  0]LogInit: Applying CVar settings loaded from the selected device profile: [Windows]
[2014.07.03-19.02.00:971][  0]LogInit: Computer: SPAEHLING-PC
[2014.07.03-19.02.00:971][  0]LogInit: User: Spaehling
[2014.07.03-19.02.00:972][  0]LogInit: CPU Page size=4096, Cores=6
[2014.07.03-19.02.00:972][  0]LogInit: High frequency timer resolution =3.126982 MHz
[2014.07.03-19.02.00:972][  0]LogMemory: Memory total: Physical=64.0GB (64GB approx) Virtual=8192.0GB
[2014.07.03-19.02.00:972][  0]LogMemory: Platform Memory Stats for Windows
[2014.07.03-19.02.00:972][  0]LogMemory: Process Physical Memory: 57.34 MB used, 57.34 MB peak
[2014.07.03-19.02.00:972][  0]LogMemory: Process Virtual Memory: 33.48 MB used, 33.65 MB peak
[2014.07.03-19.02.00:972][  0]LogMemory: Physical Memory: 5789.56 MB used, 65486.15 MB total
[2014.07.03-19.02.00:972][  0]LogMemory: Virtual Memory: 241.65 MB used, 8388608.00 MB total
[2014.07.03-19.02.01:019][  0]LogD3D11RHI: Found D3D11 adapter 0: NVIDIA GeForce GTX 690 (Feature Level 11_0)
[2014.07.03-19.02.01:019][  0]LogD3D11RHI: Adapter has 1990MB of dedicated video memory, 0MB of dedicated system memory, and 2048MB of shared system memory, 1 output[s]
[2014.07.03-19.02.01:042][  0]LogD3D11RHI: Found D3D11 adapter 1: NVIDIA GeForce GTX 690 (Feature Level 11_0)
[2014.07.03-19.02.01:042][  0]LogD3D11RHI: Adapter has 1990MB of dedicated video memory, 0MB of dedicated system memory, and 2048MB of shared system memory, 1 output[s]
[2014.07.03-19.02.01:042][  0]LogD3D11RHI: Chosen D3D11 Adapter Id = 0
[2014.07.03-19.02.01:046][  0]LogRHI: Texture pool is 1361 MB (70% of 1945 MB)
[2014.07.03-19.02.01:055][  0]LogD3D11RHI: Async texture creation enabled
[2014.07.03-19.02.01:105][  0]LogTextLocalizationManager:Warning: The selected culture 'de_DE' is not available; falling back to 'en'
[2014.07.03-19.02.01:154][  0]LogContentStreaming: Texture pool size is 0.000000MB
[2014.07.03-19.02.01:896][  0]LogTargetPlatformManager:Display: Building Assets For Windows
[2014.07.03-19.02.01:967][  0]LogTargetPlatformManager:Display: Building Assets For Windows
[2014.07.03-19.02.01:993][  0]LogDerivedDataCache:Display: Max Cache Size: 512 MB
[2014.07.03-19.02.02:026][  0]LogDerivedDataCache: Loaded boot cache 0.03s 39MB C:/Users/Spaehling/AppData/Local/UnrealEngine/4.2/DerivedDataCache/Boot.ddc.
[2014.07.03-19.02.02:026][  0]LogDerivedDataCache:Display: Loaded Boot cache: C:/Users/Spaehling/AppData/Local/UnrealEngine/4.2/DerivedDataCache/Boot.ddc
[2014.07.03-19.02.02:026][  0]LogDerivedDataCache: FDerivedDataBackendGraph:  Pak pak cache file D:/UDK4 Projects/Waagenbau/MyProject3/DerivedDataCache/DDC.ddp not found, will not use a pak cache.
[2014.07.03-19.02.02:026][  0]LogDerivedDataCache: Unable to find inner node Pak for hierarchical cache Hierarchy.
[2014.07.03-19.02.02:036][  0]LogDerivedDataCache:Display: Pak cache opened for reading ../../../Engine/DerivedDataCache/DDC.ddp.
[2014.07.03-19.02.02:048][  0]LogDerivedDataCache: Using Local data cache path C:/Users/Spaehling/AppData/Local/UnrealEngine/4.2/DerivedDataCache: Writable
[2014.07.03-19.02.02:191][  0]LogMeshUtilities: No automatic mesh reduction module available
[2014.07.03-19.02.02:191][  0]LogMeshUtilities: No automatic mesh merging module available
[2014.07.03-19.02.02:466][  0]LogInit: WinSock: version 1.1 (2.2), MaxSocks=32767, MaxUdp=65467
[2014.07.03-19.02.02:764][  0]LogStreaming:Warning: Failed to read file '../../../Engine/Content/Editor/Slate/Icons/ActorIcons/GroupActor_16x.png' error.
[2014.07.03-19.02.02:764][  0]LogSlate: Could not find file for Slate resource: ../../../Engine/Content/Editor/Slate/Icons/ActorIcons/GroupActor_16x.png
[2014.07.03-19.02.02:768][  0]LogStreaming:Warning: Failed to read file '../../../Engine/Content/Editor/Slate/Icons/ActorIcons/DecalActor_16x.png' error.
[2014.07.03-19.02.02:768][  0]LogSlate: Could not find file for Slate resource: ../../../Engine/Content/Editor/Slate/Icons/ActorIcons/DecalActor_16x.png
[2014.07.03-19.02.03:004][  0]UdpMessaging: Initializing bridge on interface 0.0.0.0:0 to multicast group 230.0.0.1:6666.
[2014.07.03-19.02.03:074][  0]SourceControl: Info Source control is disabled
[2014.07.03-19.02.03:074][  0]SourceControl: Info Source control is disabled
[2014.07.03-19.02.03:077][  0]SourceControl: Info Source control is disabled
[2014.07.03-19.02.03:145][  0]BlueprintLog: New page: Editor Load
[2014.07.03-19.02.03:176][  0]LogObj: 19203 objects as part of root set at end of initial load.
[2014.07.03-19.02.03:176][  0]LogUObjectAllocator: 3820568 out of 0 bytes used by permanent object pool.
[2014.07.03-19.02.03:544][  0]LogEngine: Initializing Engine...
[2014.07.03-19.02.03:664][  0]LogInit: XAudio2 using 'Lautsprecher (Corsair Vengeance 2000 Headset)' : 8 channels at 44.1 kHz using 16 bits per sample (channel mask 0x63f)
[2014.07.03-19.02.03:675][  0]LogInit: FAudioDevice initialized.
[2014.07.03-19.02.03:696][  0]LogDerivedDataCache: Saved boot cache 0.02s 39MB C:/Users/Spaehling/AppData/Local/UnrealEngine/4.2/DerivedDataCache/Boot.ddc.
[2014.07.03-19.02.03:700][  0]LogInit: Texture streaming: Enabled
[2014.07.03-19.02.03:724][  0]LogInit: Transaction tracking system initialized
[2014.07.03-19.02.03:807][  0]LogAssetRegistry: FAssetRegistry took 0.0094 seconds to start up
[2014.07.03-19.02.03:958][  0]LogModuleManager:Warning: ModuleManager: Unable to load module '' because the file was not found.
[2014.07.03-19.02.03:963][  0]LogModuleManager:Warning: ModuleManager: Unable to load module '' because the file was not found.
[2014.07.03-19.02.04:009][  0]LogConsoleResponse:Display: 
[2014.07.03-19.02.04:186][  0]SourceControl: Info Source control is disabled
[2014.07.03-19.02.04:186][  0]Cmd: MAP LOAD FILE="D:/UDK4 Projects/Waagenbau/MyProject3/Content/Maps/waagenbau.umap" TEMPLATE=0 SHOWPROGRESS=1 WORLDCOMPOSITION=0
[2014.07.03-19.02.04:186][  0]LightingResults: New page: Lighting Build
[2014.07.03-19.02.04:191][  0]MapCheck: New page: Map Check
[2014.07.03-19.02.04:191][  0]LightingResults: New page: Lighting Build
[2014.07.03-19.02.04:196][  0]LogParticles: Destroying 0 GPU particle simulations for FXSystem 0x0000000011FAEF20
[2014.07.03-19.02.05:491][  0]LogBlueprintUserMessages:Warning: SetTimer passed a bad function () or object (DiscoLight_1_C_0)
[2014.07.03-19.02.05:492][  0]LogBlueprintUserMessages:Warning: SetTimer passed a bad function () or object (DiscoLight_1_C_1)
[2014.07.03-19.02.05:492][  0]LogBlueprintUserMessages:Warning: SetTimer passed a bad function () or object (DiscoLight_1_C_2)
[2014.07.03-19.02.05:493][  0]LogBlueprintUserMessages:Warning: SetTimer passed a bad function () or object (DiscoLight_1_C_3)
[2014.07.03-19.02.05:494][  0]LogBlueprintUserMessages:Warning: SetTimer passed a bad function () or object (DiscoLight_1_C_4)
[2014.07.03-19.02.05:494][  0]LogBlueprintUserMessages:Warning: SetTimer passed a bad function () or object (DiscoLight_1_C_5)
[2014.07.03-19.02.05:495][  0]LogBlueprintUserMessages:Warning: SetTimer passed a bad function () or object (DiscoLight_1_C_6)
[2014.07.03-19.02.05:496][  0]LogBlueprintUserMessages:Warning: SetTimer passed a bad function () or object (DiscoLight_1_C_7)
[2014.07.03-19.02.05:496][  0]LogBlueprintUserMessages:Warning: SetTimer passed a bad function () or object (DiscoLight_1_C_8)
[2014.07.03-19.02.05:497][  0]LogBlueprintUserMessages:Warning: SetTimer passed a bad function () or object (DiscoLight_1_C_9)
[2014.07.03-19.02.05:498][  0]LogBlueprintUserMessages:Warning: SetTimer passed a bad function () or object (DiscoLight_1_C_10)
[2014.07.03-19.02.05:498][  0]LogBlueprintUserMessages:Warning: SetTimer passed a bad function () or object (DiscoLight_1_C_11)
[2014.07.03-19.02.05:499][  0]LogBlueprintUserMessages:Warning: SetTimer passed a bad function () or object (DiscoLight_1_C_12)
[2014.07.03-19.02.05:499][  0]LogBlueprintUserMessages:Warning: SetTimer passed a bad function () or object (DiscoLight_1_C_13)
[2014.07.03-19.02.05:500][  0]LogBlueprintUserMessages:Warning: SetTimer passed a bad function () or object (DiscoLight_1_C_14)
[2014.07.03-19.02.05:501][  0]LogBlueprintUserMessages:Warning: SetTimer passed a bad function () or object (DiscoLight_1_C_15)
[2014.07.03-19.02.05:501][  0]LogBlueprintUserMessages:Warning: SetTimer passed a bad function () or object (DiscoLight_1_C_16)
[2014.07.03-19.02.05:502][  0]LogBlueprintUserMessages:Warning: SetTimer passed a bad function () or object (DiscoLight_1_C_34)
[2014.07.03-19.02.05:502][  0]LogBlueprintUserMessages:Warning: SetTimer passed a bad function () or object (DiscoLight_1_C_35)
[2014.07.03-19.02.05:503][  0]LogBlueprintUserMessages:Warning: SetTimer passed a bad function () or object (DiscoLight_1_C_36)
[2014.07.03-19.02.05:504][  0]LogBlueprintUserMessages:Warning: SetTimer passed a bad function () or object (DiscoLight_1_C_37)
[2014.07.03-19.02.05:541][  0]LogEditorServer: Finished looking for orphan Actors (0.000 secs)
[2014.07.03-19.02.05:541][  0]Cmd: MAP CHECKDEP
[2014.07.03-19.02.05:541][  0]MapCheck: New page: waagenbau - Jul 3, 2014, 11:02:05 PM
[2014.07.03-19.02.05:598][  0]MapCheck: Info ========== Map Check: 0 Error(s), 0 Warning(s), [56.606ms] ==========
[2014.07.03-19.02.05:598][  0]LogFileHelpers: Loading map 'waagenbau' took 1.412
[2014.07.03-19.02.05:777][  0]LogCrashTracker: Crashtracker disabled due to settings.
[2014.07.03-19.02.05:777][  0]Cmd: MODE PLACEMENT
[2014.07.03-19.02.05:826][  0]LogLoad: Full Startup: 5.49 seconds (BP compile: 0.32 seconds)
[2014.07.03-19.02.05:909][  0]LogRenderer:Warning: Reallocating scene render targets to support 32x32.
[2014.07.03-19.02.05:988][  0]LogRenderer:Warning: Reallocating scene render targets to support 1056x936.
[2014.07.03-19.02.06:154][  1]LogEpicStorage:Warning: EnumerateFiles request failed. Invalid response. code=403 error=<?xml version="1.0" encoding="UTF-8"?>
<Error><Code>AccessDenied</Code><Message>Access Denied</Message><RequestId>845EFBDC5FC15A63</RequestId><HostId>etwTA/mrSaJqTyUkD4Xp8qjiKeAI6TdQ/fVf2Z4nkqr41joj1vpzwK3R6A6lSs+3</HostId></Error>
[2014.07.03-19.02.06:191][  1]LogAssetRegistry: Asset discovery search completed in 2.3942 seconds
[2014.07.03-19.02.06:252][  2]LogEpicSurvey:Warning: EnumerateFiles request failed. Invalid response. code=403 error=<?xml version="1.0" encoding="UTF-8"?>
<Error><Code>AccessDenied</Code><Message>Access Denied</Message><RequestId>EC0F0C1D1555AF73</RequestId><HostId>wY8tNjCYzNmKhngZp3IjU1V6vhj1285li2VvqZJWsO5Q7iRzVFtQ7nfZFWOYMTsD</HostId></Error>
[2014.07.03-19.02.06:363][  3]LogEpicStorage:Warning: EnumerateFiles request failed. Invalid response. code=403 error=<?xml version="1.0" encoding="UTF-8"?>
<Error><Code>AccessDenied</Code><Message>Access Denied</Message><RequestId>845EFBDC5FC15A63</RequestId><HostId>etwTA/mrSaJqTyUkD4Xp8qjiKeAI6TdQ/fVf2Z4nkqr41joj1vpzwK3R6A6lSs+3</HostId></Error>
[2014.07.03-19.02.06:391][  4]LogEpicSurvey:Warning: EnumerateFiles request failed. Invalid response. code=403 error=<?xml version="1.0" encoding="UTF-8"?>
<Error><Code>AccessDenied</Code><Message>Access Denied</Message><RequestId>EC0F0C1D1555AF73</RequestId><HostId>wY8tNjCYzNmKhngZp3IjU1V6vhj1285li2VvqZJWsO5Q7iRzVFtQ7nfZFWOYMTsD</HostId></Error>
[2014.07.03-19.02.06:438][  8]LogEpicSurvey:Warning: EnumerateFiles request failed. Invalid response. code=403 error=<?xml version="1.0" encoding="UTF-8"?>
<Error><Code>AccessDenied</Code><Message>Access Denied</Message><RequestId>3A5E4A68E67F529D</RequestId><HostId>cXZVzW/P549s+zVdHdQ48h/dEAv4H3m5sKtAPRaLdBww/kokaenAv/qGRdFptQqi3gq8b8ZqrB8=</HostId></Error>
[2014.07.03-19.02.06:448][  9]LogEpicStorage:Warning: ReadFile request failed. File request already pending for filename=http://cdn.unrealengine.com/newsfeed/blueprint_icon_b.png
[2014.07.03-19.02.06:449][  9]LogEpicStorage:Warning: ReadFile request failed. File request already pending for filename=http://cdn.unrealengine.com/newsfeed/blueprint_icon_b.png
[2014.07.03-19.08.16:982][425]LogEditorViewport: Clicking on Actor (LMB): BotCharacter_Male_C (BotCharacter_4)
[2014.07.03-19.08.19:816][478]LogPlayLevel: PIE:  No blueprints needed recompiling
[2014.07.03-19.08.19:817][478]PIE: New page: SIE session: waagenbau (Jul 3, 2014, 11:08:19 PM)
[2014.07.03-19.08.19:859][478]LogPlayLevel: PIE: StaticDuplicateObject took: (0.041974s)
[2014.07.03-19.08.19:859][478]LogPlayLevel: PIE: World Init took: (0.000559s)
[2014.07.03-19.08.19:859][478]LogPlayLevel: PIE: Created PIE world by copying editor world from /Game/Maps/waagenbau.waagenbau to /Game/Maps/UEDPIE_0_waagenbau.waagenbau (0.042843s)
[2014.07.03-19.08.19:893][478]LogBlueprint:Warning: [compiler] Warning InputAction Event references unknown Action 'Action' for  InputAction Action 
[2014.07.03-19.08.19:896][478]LogBlueprint:Warning: [compiler] Warning [0379.55] Compile of MyCharacter successful, but with 1 Warning(s) [in 6 ms]
[2014.07.03-19.08.19:904][478]LogBlueprint:Warning: [compiler] Warning InputAction Event references unknown Action 'Action' for  InputAction Action 
[2014.07.03-19.08.19:907][478]LogBlueprint:Warning: [compiler] Warning [0379.57] Compile of MyCharacter successful, but with 1 Warning(s) [in 5 ms]
[2014.07.03-19.08.19:927][478]LogWorld: Game class is 'MyGame_C'
[2014.07.03-19.08.19:927][478]LogSelection:Warning: PIE object was selected: "BotCharacter_Male_C /Game/Maps/UEDPIE_0_waagenbau.waagenbau:PersistentLevel.BotCharacter_4"
[2014.07.03-19.08.19:987][478]LogBlueprintUserMessages:Warning: SetTimer passed a bad function () or object (DiscoLight_1_C_0)
[2014.07.03-19.08.19:988][478]LogBlueprintUserMessages:Warning: SetTimer passed a bad function () or object (DiscoLight_1_C_1)
[2014.07.03-19.08.19:988][478]LogBlueprintUserMessages:Warning: SetTimer passed a bad function () or object (DiscoLight_1_C_2)
[2014.07.03-19.08.19:988][478]LogBlueprintUserMessages:Warning: SetTimer passed a bad function () or object (DiscoLight_1_C_3)
[2014.07.03-19.08.19:989][478]LogBlueprintUserMessages:Warning: SetTimer passed a bad function () or object (DiscoLight_1_C_4)
[2014.07.03-19.08.19:989][478]LogBlueprintUserMessages:Warning: SetTimer passed a bad function () or object (DiscoLight_1_C_5)
[2014.07.03-19.08.19:990][478]LogBlueprintUserMessages:Warning: SetTimer passed a bad function () or object (DiscoLight_1_C_6)
[2014.07.03-19.08.19:990][478]LogBlueprintUserMessages:Warning: SetTimer passed a bad function () or object (DiscoLight_1_C_7)
[2014.07.03-19.08.19:991][478]LogBlueprintUserMessages:Warning: SetTimer passed a bad function () or object (DiscoLight_1_C_8)
[2014.07.03-19.08.19:991][478]LogBlueprintUserMessages:Warning: SetTimer passed a bad function () or object (DiscoLight_1_C_9)
[2014.07.03-19.08.19:992][478]LogBlueprintUserMessages:Warning: SetTimer passed a bad function () or object (DiscoLight_1_C_10)
[2014.07.03-19.08.19:992][478]LogBlueprintUserMessages:Warning: SetTimer passed a bad function () or object (DiscoLight_1_C_11)
[2014.07.03-19.08.19:992][478]LogBlueprintUserMessages:Warning: SetTimer passed a bad function () or object (DiscoLight_1_C_12)
[2014.07.03-19.08.19:993][478]LogBlueprintUserMessages:Warning: SetTimer passed a bad function () or object (DiscoLight_1_C_13)
[2014.07.03-19.08.19:993][478]LogBlueprintUserMessages:Warning: SetTimer passed a bad function () or object (DiscoLight_1_C_14)
[2014.07.03-19.08.19:994][478]LogBlueprintUserMessages:Warning: SetTimer passed a bad function () or object (DiscoLight_1_C_15)
[2014.07.03-19.08.19:994][478]LogBlueprintUserMessages:Warning: SetTimer passed a bad function () or object (DiscoLight_1_C_16)
[2014.07.03-19.08.19:995][478]LogBlueprintUserMessages:Warning: SetTimer passed a bad function () or object (DiscoLight_1_C_34)
[2014.07.03-19.08.19:995][478]LogBlueprintUserMessages:Warning: SetTimer passed a bad function () or object (DiscoLight_1_C_35)
[2014.07.03-19.08.19:995][478]LogBlueprintUserMessages:Warning: SetTimer passed a bad function () or object (DiscoLight_1_C_36)
[2014.07.03-19.08.19:996][478]LogBlueprintUserMessages:Warning: SetTimer passed a bad function () or object (DiscoLight_1_C_37)
[2014.07.03-19.08.20:022][478]LogWorld:Warning: *** WARNING - PATHS MAY NOT BE VALID ***
[2014.07.03-19.08.20:022][478]LogWorld: Bringing World /Game/Maps/UEDPIE_0_waagenbau.waagenbau up for play (max tick rate 0) at 2014.07.03-21.08.20
[2014.07.03-19.08.20:025][478]LogWorld: Bringing up level for play took: 0.061772
[2014.07.03-19.08.20:026][478]LogPlayerController: Spawned spectator SpectatorPawn_0 [server:1]
[2014.07.03-19.08.20:032][478]PIE: Info Play in editor start time for /Game/Maps/UEDPIE_0_waagenbau 0.766
[2014.07.03-19.08.20:053][478]LogSelection:Warning: PIE object was selected: "BotCharacter_Male_C /Game/Maps/UEDPIE_0_waagenbau.waagenbau:PersistentLevel.BotCharacter_4"
[2014.07.03-19.08.35:668][921]Cmd: TRANSACTION UNDO
[2014.07.03-19.08.35:668][921]LogEditorTransaction: Undo Rotate Actors
[2014.07.03-19.08.36:536][938]Cmd: TRANSACTION REDO
[2014.07.03-19.08.36:536][938]LogEditorTransaction: Redo Rotate Actors
[2014.07.03-19.08.42:503][ 85]LogParticles: Destroying 0 GPU particle simulations for FXSystem 0x000000002A380360
[2014.07.03-19.08.43:274][101]LogPlayLevel: PIE:  No blueprints needed recompiling
[2014.07.03-19.08.43:275][101]PIE: New page: SIE session: waagenbau (Jul 3, 2014, 11:08:43 PM)
[2014.07.03-19.08.43:312][101]LogPlayLevel: PIE: StaticDuplicateObject took: (0.037199s)
[2014.07.03-19.08.43:312][101]LogPlayLevel: PIE: World Init took: (0.000556s)
[2014.07.03-19.08.43:313][101]LogPlayLevel: PIE: Created PIE world by copying editor world from /Game/Maps/waagenbau.waagenbau to /Game/Maps/UEDPIE_0_waagenbau.waagenbau (0.038033s)
[2014.07.03-19.08.43:313][101]LogWorld: Game class is 'MyGame_C'
[2014.07.03-19.08.43:313][101]LogSelection:Warning: PIE object was selected: "BotCharacter_Male_C /Game/Maps/UEDPIE_0_waagenbau.waagenbau:PersistentLevel.BotCharacter_4"
[2014.07.03-19.08.43:375][101]LogBlueprintUserMessages:Warning: SetTimer passed a bad function () or object (DiscoLight_1_C_0)
[2014.07.03-19.08.43:376][101]LogBlueprintUserMessages:Warning: SetTimer passed a bad function () or object (DiscoLight_1_C_1)
[2014.07.03-19.08.43:376][101]LogBlueprintUserMessages:Warning: SetTimer passed a bad function () or object (DiscoLight_1_C_2)
[2014.07.03-19.08.43:377][101]LogBlueprintUserMessages:Warning: SetTimer passed a bad function () or object (DiscoLight_1_C_3)
[2014.07.03-19.08.43:377][101]LogBlueprintUserMessages:Warning: SetTimer passed a bad function () or object (DiscoLight_1_C_4)
[2014.07.03-19.08.43:377][101]LogBlueprintUserMessages:Warning: SetTimer passed a bad function () or object (DiscoLight_1_C_5)
[2014.07.03-19.08.43:378][101]LogBlueprintUserMessages:Warning: SetTimer passed a bad function () or object (DiscoLight_1_C_6)
[2014.07.03-19.08.43:378][101]LogBlueprintUserMessages:Warning: SetTimer passed a bad function () or object (DiscoLight_1_C_7)
[2014.07.03-19.08.43:379][101]LogBlueprintUserMessages:Warning: SetTimer passed a bad function () or object (DiscoLight_1_C_8)
[2014.07.03-19.08.43:379][101]LogBlueprintUserMessages:Warning: SetTimer passed a bad function () or object (DiscoLight_1_C_9)
[2014.07.03-19.08.43:380][101]LogBlueprintUserMessages:Warning: SetTimer passed a bad function () or object (DiscoLight_1_C_10)
[2014.07.03-19.08.43:380][101]LogBlueprintUserMessages:Warning: SetTimer passed a bad function () or object (DiscoLight_1_C_11)
[2014.07.03-19.08.43:381][101]LogBlueprintUserMessages:Warning: SetTimer passed a bad function () or object (DiscoLight_1_C_12)
[2014.07.03-19.08.43:381][101]LogBlueprintUserMessages:Warning: SetTimer passed a bad function () or object (DiscoLight_1_C_13)
[2014.07.03-19.08.43:381][101]LogBlueprintUserMessages:Warning: SetTimer passed a bad function () or object (DiscoLight_1_C_14)
[2014.07.03-19.08.43:382][101]LogBlueprintUserMessages:Warning: SetTimer passed a bad function () or object (DiscoLight_1_C_15)
[2014.07.03-19.08.43:382][101]LogBlueprintUserMessages:Warning: SetTimer passed a bad function () or object (DiscoLight_1_C_16)
[2014.07.03-19.08.43:383][101]LogBlueprintUserMessages:Warning: SetTimer passed a bad function () or object (DiscoLight_1_C_34)
[2014.07.03-19.08.43:383][101]LogBlueprintUserMessages:Warning: SetTimer passed a bad function () or object (DiscoLight_1_C_35)
[2014.07.03-19.08.43:384][101]LogBlueprintUserMessages:Warning: SetTimer passed a bad function () or object (DiscoLight_1_C_36)
[2014.07.03-19.08.43:384][101]LogBlueprintUserMessages:Warning: SetTimer passed a bad function () or object (DiscoLight_1_C_37)
[2014.07.03-19.08.43:410][101]LogWorld:Warning: *** WARNING - PATHS MAY NOT BE VALID ***
[2014.07.03-19.08.43:410][101]LogWorld: Bringing World /Game/Maps/UEDPIE_0_waagenbau.waagenbau up for play (max tick rate 0) at 2014.07.03-21.08.43
[2014.07.03-19.08.43:414][101]LogWorld: Bringing up level for play took: 0.062393
[2014.07.03-19.08.43:414][101]LogPlayerController: Spawned spectator SpectatorPawn_1 [server:1]
[2014.07.03-19.08.43:419][101]PIE: Info Play in editor start time for /Game/Maps/UEDPIE_0_waagenbau 0.153
[2014.07.03-19.08.43:440][101]LogSelection:Warning: PIE object was selected: "BotCharacter_Male_C /Game/Maps/UEDPIE_0_waagenbau.waagenbau:PersistentLevel.BotCharacter_4"
[2014.07.03-19.11.37:266][595]LogCharacterMovement: BotCharacter_Male_C_29 is stuck and failed to move!
[2014.07.03-19.14.00:326][901]LogCharacterMovement: BotCharacter_Male_C_30 is stuck and failed to move!
[2014.07.03-19.15.08:828][961]LogCharacterMovement: BotCharacter_Male_C_30 is stuck and failed to move!
[2014.07.03-19.17.05:972][730]LogEpicStorage:Warning: ReadFile request failed. File request already pending for filename=http://cdn.unrealengine.com/newsfeed/blueprint_icon_b.png
[2014.07.03-19.17.05:972][730]LogEpicStorage:Warning: ReadFile request failed. File request already pending for filename=http://cdn.unrealengine.com/newsfeed/blueprint_icon_b.png
[2014.07.03-19.28.36:086][185]LogCharacterMovement: BotCharacter_Male_C_30 is stuck and failed to move!
[2014.07.03-19.32.06:046][488]LogEpicStorage:Warning: ReadFile request failed. File request already pending for filename=http://cdn.unrealengine.com/newsfeed/blueprint_icon_b.png
[2014.07.03-19.32.06:047][488]LogEpicStorage:Warning: ReadFile request failed. File request already pending for filename=http://cdn.unrealengine.com/newsfeed/blueprint_icon_b.png
[2014.07.03-19.46.11:588][173]LogParticles: Destroying 0 GPU particle simulations for FXSystem 0x00000000333D22A0
[2014.07.03-19.46.17:458][368]LogRenderer:Warning: Reallocating scene render targets to support 1120x936.
[2014.07.03-19.47.06:090][453]LogEpicStorage:Warning: ReadFile request failed. File request already pending for filename=http://cdn.unrealengine.com/newsfeed/blueprint_icon_b.png
[2014.07.03-19.47.06:094][453]LogEpicStorage:Warning: ReadFile request failed. File request already pending for filename=http://cdn.unrealengine.com/newsfeed/blueprint_icon_b.png
[2014.07.03-19.57.15:373][ 74]Cmd: QUIT_EDITOR
[2014.07.03-19.57.15:414][ 74]LogWindowsTextInputMethodSystem:Error: Terminating failed while unadvising the language notification sink from the TSF source.
[2014.07.03-19.57.15:415][ 74]LogExit: Preparing to exit.
[2014.07.03-19.57.16:319][ 74]LogExit: Editor shut down
[2014.07.03-19.57.16:319][ 74]LogExit: Transaction tracking system shut down
[2014.07.03-19.57.16:322][ 74]LogParticles: Destroying 0 GPU particle simulations for FXSystem 0x000000001D4CB380
[2014.07.03-19.57.16:323][ 74]LogParticles: Destroying 0 GPU particle simulations for FXSystem 0x000000001DB10EA0
[2014.07.03-19.57.16:323][ 74]LogParticles: Destroying 0 GPU particle simulations for FXSystem 0x000000001DF97240
[2014.07.03-19.57.16:323][ 74]LogParticles: Destroying 0 GPU particle simulations for FXSystem 0x000000002A3818A0
[2014.07.03-19.57.16:323][ 74]LogParticles: Destroying 0 GPU particle simulations for FXSystem 0x000000002A381800
[2014.07.03-19.57.16:346][ 74]LogExit: Object subsystem successfully closed.
[2014.07.03-19.57.16:367][ 74]LogModuleManager: Shutting down and abandoning module EditorWidgets (163)
[2014.07.03-19.57.16:367][ 74]LogModuleManager: Shutting down and abandoning module AndroidDeviceDetection (162)
[2014.07.03-19.57.16:367][ 74]LogModuleManager: Shutting down and abandoning module CrashTracker (161)
[2014.07.03-19.57.16:367][ 74]LogModuleManager: Shutting down and abandoning module HTTP (160)
[2014.07.03-19.57.16:367][ 74]LogModuleManager: Shutting down and abandoning module NewsFeed (159)
[2014.07.03-19.57.16:367][ 74]LogModuleManager: Shutting down and abandoning module SceneOutliner (158)
[2014.07.03-19.57.16:367][ 74]LogModuleManager: Shutting down and abandoning module StatsViewer (157)
[2014.07.03-19.57.16:367][ 74]LogModuleManager: Shutting down and abandoning module FoliageEdit (156)
[2014.07.03-19.57.16:367][ 74]LogModuleManager: Shutting down and abandoning module LandscapeEditor (155)
[2014.07.03-19.57.16:372][ 74]LogModuleManager: Shutting down and abandoning module MeshPaint (154)
[2014.07.03-19.57.16:372][ 74]LogModuleManager: Shutting down and abandoning module ActorPickerMode (153)
[2014.07.03-19.57.16:372][ 74]LogModuleManager: Shutting down and abandoning module GeometryMode (152)
[2014.07.03-19.57.16:372][ 74]LogModuleManager: Shutting down and abandoning module TextureAlignMode (151)
[2014.07.03-19.57.16:372][ 74]LogModuleManager: Shutting down and abandoning module BspMode (150)
[2014.07.03-19.57.16:372][ 74]LogModuleManager: Shutting down and abandoning module PlacementMode (149)
[2014.07.03-19.57.16:372][ 74]LogModuleManager: Shutting down and abandoning module AutomationWorker (148)
[2014.07.03-19.57.16:372][ 74]LogModuleManager: Shutting down and abandoning module ViewportSnapping (147)
[2014.07.03-19.57.16:372][ 74]LogModuleManager: Shutting down and abandoning module DeviceProfileEditor (146)
[2014.07.03-19.57.16:372][ 74]LogModuleManager: Shutting down and abandoning module UndoHistory (145)
[2014.07.03-19.57.16:372][ 74]LogModuleManager: Shutting down and abandoning module GameplayTagsEditor (144)
[2014.07.03-19.57.16:372][ 74]LogModuleManager: Shutting down and abandoning module UserFeedback (143)
[2014.07.03-19.57.16:372][ 74]LogModuleManager: Shutting down and abandoning module XmlParser (142)
[2014.07.03-19.57.16:372][ 74]LogModuleManager: Shutting down and abandoning module Blutility (141)
[2014.07.03-19.57.16:372][ 74]LogModuleManager: Shutting down and abandoning module AndroidPlatformEditor (138)
[2014.07.03-19.57.16:373][ 74]LogModuleManager: Shutting down and abandoning module AndroidRuntimeSettings (137)
[2014.07.03-19.57.16:373][ 74]LogModuleManager: Shutting down and abandoning module ProjectSettingsViewer (136)
[2014.07.03-19.57.16:373][ 74]LogModuleManager: Shutting down and abandoning module InputBindingEditor (135)
[2014.07.03-19.57.16:373][ 74]LogModuleManager: Shutting down and abandoning module EditorSettingsViewer (134)
[2014.07.03-19.57.16:373][ 74]LogModuleManager: Shutting down and abandoning module SettingsEditor (133)
[2014.07.03-19.57.16:373][ 74]LogModuleManager: Shutting down and abandoning module SessionLauncher (132)
[2014.07.03-19.57.16:373][ 74]LogModuleManager: Shutting down and abandoning module SessionFrontend (131)
[2014.07.03-19.57.16:373][ 74]LogModuleManager: Shutting down and abandoning module ProfilerClient (130)
[2014.07.03-19.57.16:373][ 74]LogModuleManager: Shutting down and abandoning module TargetDeviceServices (129)
[2014.07.03-19.57.16:373][ 74]LogModuleManager: Shutting down and abandoning module DeviceManager (128)
[2014.07.03-19.57.16:373][ 74]LogModuleManager: Shutting down and abandoning module AutomationController (127)
[2014.07.03-19.57.16:373][ 74]LogModuleManager: Shutting down and abandoning module AutomationWindow (126)
[2014.07.03-19.57.16:373][ 74]LogModuleManager: Shutting down and abandoning module Layers (125)
[2014.07.03-19.57.16:373][ 74]LogModuleManager: Shutting down and abandoning module ComponentVisualizers (124)
[2014.07.03-19.57.16:373][ 74]LogModuleManager: Shutting down and abandoning module DetailCustomizations (123)
[2014.07.03-19.57.16:373][ 74]LogModuleManager: Shutting down and abandoning module PackagesDialog (122)
[2014.07.03-19.57.16:373][ 74]LogModuleManager: Shutting down and abandoning module DirectoryWatcher (121)
[2014.07.03-19.57.16:373][ 74]LogModuleManager: Shutting down and abandoning module AssetRegistry (120)
[2014.07.03-19.57.16:392][ 74]LogModuleManager: Shutting down and abandoning module Persona (119)
[2014.07.03-19.57.16:392][ 74]LogModuleManager: Shutting down and abandoning module GraphEditor (118)
[2014.07.03-19.57.16:392][ 74]LogModuleManager: Shutting down and abandoning module ContentBrowser (117)
[2014.07.03-19.57.16:392][ 74]LogModuleManager: Shutting down and abandoning module ClassViewer (116)
[2014.07.03-19.57.16:392][ 74]LogModuleManager: Shutting down and abandoning module Toolbox (115)
[2014.07.03-19.57.16:392][ 74]LogModuleManager: Shutting down and abandoning module ModuleUI (114)
[2014.07.03-19.57.16:392][ 74]LogModuleManager: Shutting down and abandoning module Sequencer (113)
[2014.07.03-19.57.16:392][ 74]LogModuleManager: Shutting down and abandoning module MovieSceneTools (112)
[2014.07.03-19.57.16:392][ 74]LogModuleManager: Shutting down and abandoning module OutputLog (111)
[2014.07.03-19.57.16:392][ 74]LogModuleManager: Shutting down and abandoning module GammaUI (110)
[2014.07.03-19.57.16:392][ 74]LogModuleManager: Shutting down and abandoning module Documentation (109)
[2014.07.03-19.57.16:392][ 74]LogModuleManager: Shutting down and abandoning module StreamingPauseRendering (108)
[2014.07.03-19.57.16:392][ 74]LogModuleManager: Shutting down and abandoning module AnalyticsET (107)
[2014.07.03-19.57.16:392][ 74]LogModuleManager: Shutting down and abandoning module Analytics (106)
[2014.07.03-19.57.16:392][ 74]LogModuleManager: Shutting down and abandoning module ProfilerService (105)
[2014.07.03-19.57.16:628][ 74]LogModuleManager: Shutting down and abandoning module TaskGraph (104)
[2014.07.03-19.57.16:628][ 74]LogModuleManager: Shutting down and abandoning module GameProjectGeneration (103)
[2014.07.03-19.57.16:628][ 74]LogModuleManager: Shutting down and abandoning module Matinee (102)
[2014.07.03-19.57.16:628][ 74]LogModuleManager: Shutting down and abandoning module Kismet (101)
[2014.07.03-19.57.16:628][ 74]LogModuleManager: Shutting down and abandoning module SlateReflector (100)
[2014.07.03-19.57.16:628][ 74]LogModuleManager: Shutting down and abandoning module LevelEditor (99)
[2014.07.03-19.57.16:630][ 74]LogModuleManager: Shutting down and abandoning module MainFrame (98)
[2014.07.03-19.57.16:630][ 74]LogModuleManager: Shutting down and abandoning module SourceControl (97)
[2014.07.03-19.57.16:630][ 74]LogModuleManager: Shutting down and abandoning module ImageWrapper (96)
[2014.07.03-19.57.16:630][ 74]LogModuleManager: Shutting down and abandoning module OnlineBlueprintSupport (95)
[2014.07.03-19.57.16:630][ 74]LogModuleManager: Shutting down and abandoning module PropertyEditor (94)
[2014.07.03-19.57.16:630][ 74]LogModuleManager: Shutting down and abandoning module AssetTools (93)
[2014.07.03-19.57.16:630][ 74]LogModuleManager: Shutting down and abandoning module BehaviorTreeEditor (92)
[2014.07.03-19.57.16:630][ 74]LogModuleManager: Shutting down and abandoning module FunctionalTesting (91)
[2014.07.03-19.57.16:630][ 74]LogModuleManager: Shutting down and abandoning module CollisionAnalyzer (90)
[2014.07.03-19.57.16:630][ 74]LogModuleManager: Shutting down and abandoning module WorkspaceMenuStructure (89)
[2014.07.03-19.57.16:630][ 74]LogModuleManager: Shutting down and abandoning module MessageLog (88)
[2014.07.03-19.57.16:630][ 74]LogModuleManager: Shutting down and abandoning module Slate (87)
[2014.07.03-19.57.16:631][ 74]LogModuleManager: Shutting down and abandoning module EditorStyle (86)
[2014.07.03-19.57.16:634][ 74]LogModuleManager: Shutting down and abandoning module SessionServices (85)
[2014.07.03-19.57.16:634][ 74]LogModuleManager: Shutting down and abandoning module Messaging (84)
[2014.07.03-19.57.16:634][ 74]LogModuleManager: Shutting down and abandoning module SourceCodeAccess (83)
[2014.07.03-19.57.16:634][ 74]LogModuleManager: Shutting down and abandoning module HeadMountedDisplay (82)
[2014.07.03-19.57.16:634][ 74]LogModuleManager: Shutting down and abandoning module XAudio2 (81)
[2014.07.03-19.57.16:634][ 74]LogModuleManager: Shutting down and abandoning module Networking (79)
[2014.07.03-19.57.16:634][ 74]LogModuleManager: Shutting down and abandoning module Core (78)
[2014.07.03-19.57.16:634][ 74]LogModuleManager: Shutting down and abandoning module KismetCompiler (77)
[2014.07.03-19.57.16:634][ 74]LogModuleManager: Shutting down and abandoning module PhysXFormats (76)
[2014.07.03-19.57.16:634][ 74]LogModuleManager: Shutting down and abandoning module SimplygonMeshReduction (75)
[2014.07.03-19.57.16:634][ 74]LogModuleManager: Shutting down and abandoning module MeshUtilities (74)
[2014.07.03-19.57.16:634][ 74]LogModuleManager: Shutting down and abandoning module DerivedDataCache (73)
[2014.07.03-19.57.16:692][ 74]LogDerivedDataCache: Shutdown
[2014.07.03-19.57.16:692][ 74]LogModuleManager: Shutting down and abandoning module ShaderFormatOpenGL (72)
[2014.07.03-19.57.16:692][ 74]LogModuleManager: Shutting down and abandoning module ShaderFormatD3D (71)
[2014.07.03-19.57.16:692][ 74]LogModuleManager: Shutting down and abandoning module TextureFormatUncompressed (70)
[2014.07.03-19.57.16:692][ 74]LogModuleManager: Shutting down and abandoning module TextureFormatPVR (69)
[2014.07.03-19.57.16:692][ 74]LogModuleManager: Shutting down and abandoning module TextureFormatDXT (68)
[2014.07.03-19.57.16:692][ 74]LogModuleManager: Shutting down and abandoning module TextureFormatAndroid (67)
[2014.07.03-19.57.16:692][ 74]LogModuleManager: Shutting down and abandoning module AudioFormatOpus (66)
[2014.07.03-19.57.16:692][ 74]LogModuleManager: Shutting down and abandoning module AudioFormatOgg (65)
[2014.07.03-19.57.16:692][ 74]LogModuleManager: Shutting down and abandoning module AudioFormatADPCM (64)
[2014.07.03-19.57.16:692][ 74]LogModuleManager: Shutting down and abandoning module Android_PVRTCTargetPlatform (63)
[2014.07.03-19.57.16:692][ 74]LogModuleManager: Shutting down and abandoning module Android_ETC2TargetPlatform (62)
[2014.07.03-19.57.16:692][ 74]LogModuleManager: Shutting down and abandoning module Android_ETC1TargetPlatform (61)
[2014.07.03-19.57.16:692][ 74]LogModuleManager: Shutting down and abandoning module Android_DXTTargetPlatform (60)
[2014.07.03-19.57.16:692][ 74]LogModuleManager: Shutting down and abandoning module Android_ATCTargetPlatform (59)
[2014.07.03-19.57.16:692][ 74]LogModuleManager: Shutting down and abandoning module AndroidTargetPlatform (58)
[2014.07.03-19.57.16:692][ 74]LogModuleManager: Shutting down and abandoning module WindowsTargetPlatform (57)
[2014.07.03-19.57.16:692][ 74]LogModuleManager: Shutting down and abandoning module WindowsServerTargetPlatform (56)
[2014.07.03-19.57.16:692][ 74]LogModuleManager: Shutting down and abandoning module WindowsNoEditorTargetPlatform (55)
[2014.07.03-19.57.16:692][ 74]LogModuleManager: Shutting down and abandoning module WindowsClientTargetPlatform (54)
[2014.07.03-19.57.16:692][ 74]LogModuleManager: Shutting down and abandoning module TargetPlatform (53)
[2014.07.03-19.57.16:692][ 74]LogModuleManager: Shutting down and abandoning module InputCore (52)
[2014.07.03-19.57.16:692][ 74]LogModuleManager: Shutting down and abandoning module Settings (51)
[2014.07.03-19.57.16:693][ 74]LogModuleManager: Shutting down and abandoning module TextureCompressor (48)
[2014.07.03-19.57.16:693][ 74]LogModuleManager: Shutting down and abandoning module ShaderCore (47)
[2014.07.03-19.57.16:693][ 74]LogModuleManager: Shutting down and abandoning module OpenGLDrv (46)
[2014.07.03-19.57.16:693][ 74]LogModuleManager: Shutting down and abandoning module D3D11RHI (45)
[2014.07.03-19.57.16:693][ 74]LogModuleManager: Shutting down and abandoning module SlateRHIRenderer (44)
[2014.07.03-19.57.16:693][ 74]LogModuleManager: Shutting down and abandoning module Renderer (43)
[2014.07.03-19.57.16:693][ 74]LogModuleManager: Shutting down and abandoning module Engine (42)
[2014.07.03-19.57.16:693][ 74]LogModuleManager: Shutting down and abandoning module SlateRemote (41)
[2014.07.03-19.57.16:693][ 74]LogModuleManager: Shutting down and abandoning module ScriptPlugin (40)
[2014.07.03-19.57.16:693][ 74]LogModuleManager: Shutting down and abandoning module ScriptEditorPlugin (38)
[2014.07.03-19.57.16:693][ 74]LogModuleManager: Shutting down and abandoning module WindowsMoviePlayer (37)
[2014.07.03-19.57.16:697][ 74]LogModuleManager: Shutting down and abandoning module ExampleDeviceProfileSelector (32)
[2014.07.03-19.57.16:697][ 74]LogModuleManager: Shutting down and abandoning module CustomMeshComponent (31)
[2014.07.03-19.57.16:697][ 74]LogModuleManager: Shutting down and abandoning module CableComponent (30)
[2014.07.03-19.57.16:697][ 74]LogModuleManager: Shutting down and abandoning module OculusRift (26)
[2014.07.03-19.57.16:697][ 74]LogModuleManager: Shutting down and abandoning module UdpMessaging (25)
[2014.07.03-19.57.16:797][ 74]LogModuleManager: Shutting down and abandoning module MessagingDebugger (24)
[2014.07.03-19.57.16:797][ 74]LogModuleManager: Shutting down and abandoning module PluginsEditor (14)
[2014.07.03-19.57.16:797][ 74]LogModuleManager: Shutting down and abandoning module IntroTutorials (13)
[2014.07.03-19.57.16:797][ 74]LogModuleManager: Shutting down and abandoning module EpicSurvey (12)
[2014.07.03-19.57.16:797][ 74]LogModuleManager: Shutting down and abandoning module VisualStudioSourceCodeAccess (10)
[2014.07.03-19.57.16:797][ 74]LogModuleManager: Shutting down and abandoning module UObjectPlugin (9)
[2014.07.03-19.57.16:797][ 74]LogModuleManager: Shutting down and abandoning module SubversionSourceControl (8)
[2014.07.03-19.57.16:797][ 74]LogModuleManager: Shutting down and abandoning module PerforceSourceControl (7)
[2014.07.03-19.57.16:797][ 74]LogModuleManager: Shutting down and abandoning module BlankPlugin (6)
[2014.07.03-19.57.16:797][ 74]LogModuleManager: Shutting down and abandoning module CoreUObject (5)
[2014.07.03-19.57.16:797][ 74]LogModuleManager: Shutting down and abandoning module NetworkFile (4)
[2014.07.03-19.57.16:797][ 74]LogModuleManager: Shutting down and abandoning module StreamingFile (3)
[2014.07.03-19.57.16:797][ 74]LogModuleManager: Shutting down and abandoning module SandboxFile (2)
[2014.07.03-19.57.16:797][ 74]LogModuleManager: Shutting down and abandoning module PakFile (1)
[2014.07.03-19.57.16:797][ 74]LogExit: Exiting.
[2014.07.03-19.57.16:799][ 74]Log file closed, 07/03/14 21:57:16
