Log file open, 08/03/14 15:47:01
LogInit:Display: Running engine for game: MyProject3
LogInit: Version: 4.3.0-2215663+++depot+UE4-Releases+4.3
LogInit: API Version: 2215663
LogInit: Compiled (64-bit): Jul 14 2014 22:23:33
LogInit: Build Configuration: Development
LogInit: Branch Name: ++depot+UE4-Releases+4.3
LogInit: Command line:  
LogInit: Base directory: E:/Unreal Engine/4.3/Engine/Binaries/Win64/
LogInit: Rocket: 1
[2014.08.03-13.47.01:680][  0]LogTaskGraph: Started task graph with 3 named threads and 6 total threads.
[2014.08.03-13.47.01:735][  0]LogOnline:Warning: No default platform service specified for OnlineSubsystem
[2014.08.03-13.47.01:826][  0]LogInit: Presizing for 0 objects not considered by GC, pre-allocating 0 bytes.
[2014.08.03-13.47.02:031][  0]LogInit: Object subsystem initialized
[2014.08.03-13.47.02:147][  0]LogInit: Selected Device Profile: [Windows]
[2014.08.03-13.47.02:147][  0]LogInit: Applying CVar settings loaded from the selected device profile: [Windows]
[2014.08.03-13.47.02:239][  0]LogInit: Computer: SPAEHLING-PC
[2014.08.03-13.47.02:240][  0]LogInit: User: Spaehling
[2014.08.03-13.47.02:241][  0]LogInit: CPU Page size=4096, Cores=6
[2014.08.03-13.47.02:241][  0]LogInit: High frequency timer resolution =3.126943 MHz
[2014.08.03-13.47.02:241][  0]LogMemory: Memory total: Physical=64.0GB (64GB approx) Virtual=8192.0GB
[2014.08.03-13.47.02:241][  0]LogMemory: Platform Memory Stats for Windows
[2014.08.03-13.47.02:241][  0]LogMemory: Process Physical Memory: 68.76 MB used, 68.76 MB peak
[2014.08.03-13.47.02:241][  0]LogMemory: Process Virtual Memory: 45.44 MB used, 45.44 MB peak
[2014.08.03-13.47.02:241][  0]LogMemory: Physical Memory: 5380.80 MB used, 65486.15 MB total
[2014.08.03-13.47.02:241][  0]LogMemory: Virtual Memory: 255.15 MB used, 8388608.00 MB total
[2014.08.03-13.47.02:419][  0]LogD3D11RHI: Found D3D11 adapter 0: NVIDIA GeForce GTX 690 (Feature Level 11_0)
[2014.08.03-13.47.02:419][  0]LogD3D11RHI: Adapter has 1990MB of dedicated video memory, 0MB of dedicated system memory, and 2048MB of shared system memory, 1 output[s]
[2014.08.03-13.47.02:439][  0]LogD3D11RHI: Found D3D11 adapter 1: NVIDIA GeForce GTX 690 (Feature Level 11_0)
[2014.08.03-13.47.02:439][  0]LogD3D11RHI: Adapter has 1990MB of dedicated video memory, 0MB of dedicated system memory, and 2048MB of shared system memory, 1 output[s]
[2014.08.03-13.47.02:439][  0]LogD3D11RHI: Chosen D3D11 Adapter Id = 0
[2014.08.03-13.47.02:444][  0]LogRHI: Texture pool is 1361 MB (70% of 1945 MB)
[2014.08.03-13.47.02:452][  0]LogD3D11RHI: Async texture creation enabled
[2014.08.03-13.47.03:217][  0]LogTextLocalizationManager:Warning: The selected culture 'de_DE' is not available; falling back to 'en'
[2014.08.03-13.47.03:421][  0]LogContentStreaming: Texture pool size is 0.000000MB
[2014.08.03-13.47.07:112][  0]LogTargetPlatformManager:Display: Building Assets For Windows
[2014.08.03-13.47.07:606][  0]LogTargetPlatformManager:Display: Building Assets For Windows
[2014.08.03-13.47.07:690][  0]LogDerivedDataCache:Display: Max Cache Size: 512 MB
[2014.08.03-13.47.07:857][  0]LogDerivedDataCache: Loaded boot cache 0.17s 39MB C:/Users/Spaehling/AppData/Local/UnrealEngine/4.3/DerivedDataCache/Boot.ddc.
[2014.08.03-13.47.07:857][  0]LogDerivedDataCache:Display: Loaded Boot cache: C:/Users/Spaehling/AppData/Local/UnrealEngine/4.3/DerivedDataCache/Boot.ddc
[2014.08.03-13.47.07:858][  0]LogDerivedDataCache: FDerivedDataBackendGraph:  Pak pak cache file D:/UDK4 Projects/Waagenbau/DerivedDataCache/DDC.ddp not found, will not use a pak cache.
[2014.08.03-13.47.07:858][  0]LogDerivedDataCache: Unable to find inner node Pak for hierarchical cache Hierarchy.
[2014.08.03-13.47.07:935][  0]LogDerivedDataCache:Display: Pak cache opened for reading ../../../Engine/DerivedDataCache/DDC.ddp.
[2014.08.03-13.47.07:946][  0]LogDerivedDataCache: Using Local data cache path C:/Users/Spaehling/AppData/Local/UnrealEngine/4.3/DerivedDataCache: Writable
[2014.08.03-13.47.12:836][  0]LogMeshUtilities: No automatic mesh reduction module available
[2014.08.03-13.47.12:836][  0]LogMeshUtilities: No automatic mesh merging module available
[2014.08.03-13.47.15:382][  0]LogInit: WinSock: version 1.1 (2.2), MaxSocks=32767, MaxUdp=65467
[2014.08.03-13.47.22:666][  0]LogLinker:Warning: Asset '../../../Engine/Plugins/Experimental/Paper2D/Content/DefaultPaperTerrainMaterial.uasset' has been saved with empty engine version. The asset will be loaded but may be incompatible.
[2014.08.03-13.47.22:678][  0]LogLinker:Warning: Asset '../../../Engine/Plugins/Experimental/Paper2D/Content/DummySprite.uasset' has been saved with empty engine version. The asset will be loaded but may be incompatible.
[2014.08.03-13.47.22:725][  0]UdpMessaging: Initializing bridge on interface 0.0.0.0:0 to multicast group 230.0.0.1:6666.
[2014.08.03-13.47.22:960][  0]SourceControl: Info Source control is disabled
[2014.08.03-13.47.22:960][  0]SourceControl: Info Source control is disabled
[2014.08.03-13.47.22:965][  0]SourceControl: Info Source control is disabled
[2014.08.03-13.47.24:332][  0]BlueprintLog: New page: Editor Load
[2014.08.03-13.47.24:848][  0]LogObj: 20265 objects as part of root set at end of initial load.
[2014.08.03-13.47.24:848][  0]LogUObjectAllocator: 4015024 out of 0 bytes used by permanent object pool.
[2014.08.03-13.47.25:448][  0]LogEngine: Initializing Engine...
[2014.08.03-13.47.25:928][  0]LogInit: XAudio2 using 'Lautsprecher (Corsair Vengeance 2000 Headset)' : 8 channels at 44.1 kHz using 16 bits per sample (channel mask 0x63f)
[2014.08.03-13.47.25:943][  0]LogInit: FAudioDevice initialized.
[2014.08.03-13.47.26:248][  0]LogAIModule: Creating AISystem for world NewWorld
[2014.08.03-13.47.26:284][  0]LogDerivedDataCache: Saved boot cache 0.02s 39MB C:/Users/Spaehling/AppData/Local/UnrealEngine/4.3/DerivedDataCache/Boot.ddc.
[2014.08.03-13.47.26:290][  0]LogInit: Texture streaming: Enabled
[2014.08.03-13.47.26:450][  0]LogInit: Transaction tracking system initialized
[2014.08.03-13.47.27:250][  0]LogAssetRegistry: FAssetRegistry took 0.0340 seconds to start up
[2014.08.03-13.47.28:910][  0]LogTargetPlatformManager:Display: Building Assets For Windows
[2014.08.03-13.47.28:948][  0]LogTargetPlatformManager:Display: Building Assets For Windows
[2014.08.03-13.47.29:527][  0]LogConsoleResponse:Display: 
[2014.08.03-13.47.31:843][  0]SourceControl: Info Source control is disabled
[2014.08.03-13.47.31:849][  0]Cmd: MAP LOAD FILE="D:/UDK4 Projects/Waagenbau/Content/Maps/waagenbau.umap" TEMPLATE=0 SHOWPROGRESS=1
[2014.08.03-13.47.31:862][  0]LightingResults: New page: Lighting Build
[2014.08.03-13.47.31:910][  0]MapCheck: New page: Map Check
[2014.08.03-13.47.31:910][  0]LightingResults: New page: Lighting Build
[2014.08.03-13.47.32:024][  0]LogParticles: Destroying 0 GPU particle simulations for FXSystem 0x00000000114B9440
[2014.08.03-13.47.46:772][  0]LogBlueprintUserMessages:Warning: SetTimer passed a bad function () or object (DiscoLight_1_C_25)
[2014.08.03-13.47.46:773][  0]LogBlueprintUserMessages:Warning: SetTimer passed a bad function () or object (DiscoLight_1_C_26)
[2014.08.03-13.47.46:774][  0]LogBlueprintUserMessages:Warning: SetTimer passed a bad function () or object (DiscoLight_1_C_27)
[2014.08.03-13.47.46:775][  0]LogBlueprintUserMessages:Warning: SetTimer passed a bad function () or object (DiscoLight_1_C_28)
[2014.08.03-13.47.46:776][  0]LogBlueprintUserMessages:Warning: SetTimer passed a bad function () or object (DiscoLight_1_C_29)
[2014.08.03-13.47.46:777][  0]LogBlueprintUserMessages:Warning: SetTimer passed a bad function () or object (DiscoLight_1_C_30)
[2014.08.03-13.47.46:778][  0]LogBlueprintUserMessages:Warning: SetTimer passed a bad function () or object (DiscoLight_1_C_31)
[2014.08.03-13.47.46:779][  0]LogBlueprintUserMessages:Warning: SetTimer passed a bad function () or object (DiscoLight_1_C_32)
[2014.08.03-13.47.46:780][  0]LogBlueprintUserMessages:Warning: SetTimer passed a bad function () or object (DiscoLight_1_C_33)
[2014.08.03-13.47.46:780][  0]LogBlueprintUserMessages:Warning: SetTimer passed a bad function () or object (DiscoLight_1_C_34)
[2014.08.03-13.47.46:781][  0]LogBlueprintUserMessages:Warning: SetTimer passed a bad function () or object (DiscoLight_1_C_35)
[2014.08.03-13.47.46:782][  0]LogBlueprintUserMessages:Warning: SetTimer passed a bad function () or object (DiscoLight_1_C_36)
[2014.08.03-13.47.46:782][  0]LogBlueprintUserMessages:Warning: SetTimer passed a bad function () or object (DiscoLight_1_C_37)
[2014.08.03-13.47.46:783][  0]LogBlueprintUserMessages:Warning: SetTimer passed a bad function () or object (DiscoLight_1_C_38)
[2014.08.03-13.47.46:784][  0]LogBlueprintUserMessages:Warning: SetTimer passed a bad function () or object (DiscoLight_1_C_39)
[2014.08.03-13.47.46:784][  0]LogBlueprintUserMessages:Warning: SetTimer passed a bad function () or object (DiscoLight_1_C_40)
[2014.08.03-13.47.46:785][  0]LogBlueprintUserMessages:Warning: SetTimer passed a bad function () or object (DiscoLight_1_C_41)
[2014.08.03-13.47.46:786][  0]LogBlueprintUserMessages:Warning: SetTimer passed a bad function () or object (DiscoLight_1_C_42)
[2014.08.03-13.47.46:786][  0]LogBlueprintUserMessages:Warning: SetTimer passed a bad function () or object (DiscoLight_1_C_43)
[2014.08.03-13.47.46:787][  0]LogBlueprintUserMessages:Warning: SetTimer passed a bad function () or object (DiscoLight_1_C_44)
[2014.08.03-13.47.46:788][  0]LogBlueprintUserMessages:Warning: SetTimer passed a bad function () or object (DiscoLight_1_C_45)
[2014.08.03-13.47.46:788][  0]LogBlueprintUserMessages:Warning: SetTimer passed a bad function () or object (DiscoLight_1_C_46)
[2014.08.03-13.47.46:789][  0]LogBlueprintUserMessages:Warning: SetTimer passed a bad function () or object (DiscoLight_1_C_47)
[2014.08.03-13.47.46:790][  0]LogBlueprintUserMessages:Warning: SetTimer passed a bad function () or object (DiscoLight_1_C_48)
[2014.08.03-13.47.46:790][  0]LogBlueprintUserMessages:Warning: SetTimer passed a bad function () or object (DiscoLight_1_C_49)
[2014.08.03-13.47.47:917][  0]LogEditorServer: Finished looking for orphan Actors (0.000 secs)
[2014.08.03-13.47.47:928][  0]LogAIModule: Creating AISystem for world waagenbau
[2014.08.03-13.47.47:947][  0]Cmd: MAP CHECKDEP
[2014.08.03-13.47.47:947][  0]MapCheck: New page: waagenbau - Aug 3, 2014, 5:47:47 PM
[2014.08.03-13.47.48:073][  0]MapCheck: Info ========== Map Check: 0 Error(s), 0 Warning(s), [125.497ms] ==========
[2014.08.03-13.47.48:073][  0]LogFileHelpers: Loading map 'waagenbau' took 16.223
[2014.08.03-13.47.49:875][  0]LogCrashTracker: Crashtracker disabled due to settings.
[2014.08.03-13.47.50:018][  0]LogLoad: Full Startup: 53.99 seconds (BP compile: 0.95 seconds)
[2014.08.03-13.47.50:405][  0]LogRenderer:Warning: Reallocating scene render targets to support 32x32.
[2014.08.03-13.47.50:505][  0]LogSlate: SRTH: 000000001EEFBDC0, 1207 x 853
[2014.08.03-13.47.50:683][  0]LogRenderer:Warning: Reallocating scene render targets to support 1208x856.
[2014.08.03-13.47.50:913][  1]LogEpicStorage:Warning: EnumerateFiles request failed. Invalid response. code=403 error=<?xml version="1.0" encoding="UTF-8"?>
<Error><Code>AccessDenied</Code><Message>Access Denied</Message><RequestId>2E0254DC0F389FAC</RequestId><HostId>r3Lh5z0QhKrtTdFS+hcg7RUV8lmuUMzuopHia2jVkz5G+ICLnE6FzscfhdEcdgKQbLVbIc4wbwI=</HostId></Error>
[2014.08.03-13.47.51:004][  2]LogEpicSurvey:Warning: EnumerateFiles request failed. Invalid response. code=403 error=<?xml version="1.0" encoding="UTF-8"?>
<Error><Code>AccessDenied</Code><Message>Access Denied</Message><RequestId>4C03CD0DC9F58076</RequestId><HostId>7bKkkO5TqbTEo0MXVckSu+DMaQsolm5IoByWlD7JXUOOIBvQgXHSnr7IbTWDcey/</HostId></Error>
[2014.08.03-13.47.51:037][  3]LogEpicStorage:Warning: EnumerateFiles request failed. Invalid response. code=403 error=<?xml version="1.0" encoding="UTF-8"?>
<Error><Code>AccessDenied</Code><Message>Access Denied</Message><RequestId>2E0254DC0F389FAC</RequestId><HostId>r3Lh5z0QhKrtTdFS+hcg7RUV8lmuUMzuopHia2jVkz5G+ICLnE6FzscfhdEcdgKQbLVbIc4wbwI=</HostId></Error>
[2014.08.03-13.47.51:055][  3]LogAssetRegistry: Asset discovery search completed in 23.8386 seconds
[2014.08.03-13.47.51:080][  4]LogEpicSurvey:Warning: EnumerateFiles request failed. Invalid response. code=403 error=<?xml version="1.0" encoding="UTF-8"?>
<Error><Code>AccessDenied</Code><Message>Access Denied</Message><RequestId>4C03CD0DC9F58076</RequestId><HostId>7bKkkO5TqbTEo0MXVckSu+DMaQsolm5IoByWlD7JXUOOIBvQgXHSnr7IbTWDcey/</HostId></Error>
[2014.08.03-13.47.51:137][  6]LogEpicSurvey:Warning: EnumerateFiles request failed. Invalid response. code=403 error=<?xml version="1.0" encoding="UTF-8"?>
<Error><Code>AccessDenied</Code><Message>Access Denied</Message><RequestId>7AA8B6C86EE4DE51</RequestId><HostId>mVEh+1jUHXU0twHiRYKay4SvXFzcOZuAtpTSz8+G+pZ14jQ/w53BFP+rx90HIJYoCK5Tx+nTrSE=</HostId></Error>
[2014.08.03-13.47.51:317][  7]LogEpicStorage:Warning: ReadFile request failed. File request already pending for filename=http://cdn.unrealengine.com/newsfeed/blueprint_icon_b.png
[2014.08.03-13.47.51:367][  7]LogEpicStorage:Warning: ReadFile request failed. File request already pending for filename=http://cdn.unrealengine.com/newsfeed/blueprint_icon_b.png
[2014.08.03-14.02.50:164][125]LogEpicStorage:Warning: ReadFile request failed. File request already pending for filename=http://cdn.unrealengine.com/newsfeed/blueprint_icon_b.png
[2014.08.03-14.02.50:165][125]LogEpicStorage:Warning: ReadFile request failed. File request already pending for filename=http://cdn.unrealengine.com/newsfeed/blueprint_icon_b.png
[2014.08.03-14.03.40:524][959]BlueprintLog: New page: Pre-PIE auto-recompile
[2014.08.03-14.03.40:525][959]LogPlayLevel: [PIE] Compiling waagenbau before PIE...
[2014.08.03-14.03.41:056][959]LogActorComponent: UnregisterComponent: (/Engine/Transient.CharacterMovementComponent_0) Not registered. Aborting.
[2014.08.03-14.03.41:190][959]LogPlayLevel: PIE:  Blueprint regeneration took 666 ms (1 blueprints)
[2014.08.03-14.03.41:191][959]PIE: New page: PIE session: waagenbau (Aug 3, 2014, 6:03:41 PM)
[2014.08.03-14.03.41:259][959]LogPlayLevel: PIE: StaticDuplicateObject took: (0.068168s)
[2014.08.03-14.03.41:260][959]LogPlayLevel: PIE: World Init took: (0.000647s)
[2014.08.03-14.03.41:260][959]LogPlayLevel: PIE: Created PIE world by copying editor world from /Game/Maps/waagenbau.waagenbau to /Game/Maps/UEDPIE_0_waagenbau.waagenbau (0.069194s)
[2014.08.03-14.03.41:532][959]LogWorld: Game class is 'MyGame_C'
[2014.08.03-14.03.41:538][959]LogSlate: SRTH: 0000000012AEB580, 1207 x 853
[2014.08.03-14.03.41:628][959]LogAIModule: Creating AISystem for world waagenbau
[2014.08.03-14.03.42:022][959]LogOutputDevice: === Handled error: ===
Ensure condition failed: false [File:D:\BuildFarm\buildmachine_++depot+UE4-Releases+4.3\Engine\Source\Runtime\Engine\Private\SceneComponent.cpp] [Line: 694]
Template Mismatch during attachment. Attaching instanced component to template component. Parent 'SceneComp' Self 'Sprite'
Stack: Address = 0xea9df996 (filename not found) [in E:\Unreal Engine\4.3\Engine\Binaries\Win64\UE4Editor-Core.dll]
Address = 0xea895b01 (filename not found) [in E:\Unreal Engine\4.3\Engine\Binaries\Win64\UE4Editor-Core.dll]
Address = 0xea895d47 (filename not found) [in E:\Unreal Engine\4.3\Engine\Binaries\Win64\UE4Editor-Core.dll]
Address = 0xe84a543e (filename not found) [in E:\Unreal Engine\4.3\Engine\Binaries\Win64\UE4Editor-Engine.dll]
Address = 0xe804c1f6 (filename not found) [in E:\Unreal Engine\4.3\Engine\Binaries\Win64\UE4Editor-Engine.dll]
Address = 0xe8360b69 (filename not found) [in E:\Unreal Engine\4.3\Engine\Binaries\Win64\UE4Editor-Engine.dll]
Address = 0xe879648d (filename not found) [in E:\Unreal Engine\4.3\Engine\Binaries\Win64\UE4Editor-Engine.dll]
Address = 0xe877e5aa (filename not found) [in E:\Unreal Engine\4.3\Engine\Binaries\Win64\UE4Editor-Engine.dll]
Address = 0xe6777630 (filename not found) [in E:\Unreal Engine\4.3\Engine\Binaries\Win64\UE4Editor-UnrealEd.dll]
Address = 0xe67963b5 (filename not found) [in E:\Unreal Engine\4.3\Engine\Binaries\Win64\UE4Editor-UnrealEd.dll]
Address = 0xe67a60e9 (filename not found) [in E:\Unreal Engine\4.3\Engine\Binaries\Win64\UE4Editor-UnrealEd.dll]
Address = 0xe65928b8 (filename not found) [in E:\Unreal Engine\4.3\Engine\Binaries\Win64\UE4Editor-UnrealEd.dll]
Address = 0xe696e956 (filename not found) [in E:\Unreal Engine\4.3\Engine\Binaries\Win64\UE4Editor-UnrealEd.dll]
FEngineLoop::Tick() 0x3fe96762 + 0 bytes [File=d:\buildfarm\buildmachine_++depot+ue4-releases+4.3\engine\source\runtime\launch\private\launchengineloop.cpp:2084] [in E:\Unreal Engine\4.3\Engine\Binaries\Win64\UE4Editor.exe]
GuardedMain() 0x3fe8c0dc + 0 bytes [File=d:\buildfarm\buildmachine_++depot+ue4-releases+4.3\engine\source\runtime\launch\private\launch.cpp:133] [in E:\Unreal Engine\4.3\Engine\Binaries\Win64\UE4Editor.exe]
GuardedMainWrapper() 0x3fe8c14a + 5 bytes [File=d:\buildfarm\buildmachine_++depot+ue4-releases+4.3\engine\source\runtime\launch\private\windows\launchwindows.cpp:125] [in E:\Unreal Engine\4.3\Engine\Binaries\Win64\UE4Editor.exe]
WinMain() 0x3fe97c59 + 17 bytes [File=d:\buildfarm\buildmachine_++depot+ue4-releases+4.3\engine\source\runtime\launch\private\windows\launchwindows.cpp:207] [in E:\Unreal Engine\4.3\Engine\Binaries\Win64\UE4Editor.exe]
__tmainCRTStartup() 0x3fe98a79 + 21 bytes [File=f:\dd\vctools\crt\crtw32\dllstuff\crtexe.c:618] [in E:\Unreal Engine\4.3\Engine\Binaries\Win64\UE4Editor.exe]
Address = 0x77a459ed (filename not found) [in C:\Windows\system32\kernel32.dll]
Address = 0x77b7c541 (filename not found) [in C:\Windows\SYSTEM32\ntdll.dll]
Address = 0x77b7c541 (filename not found) [in C:\Windows\SYSTEM32\ntdll.dll]

[2014.08.03-14.03.42:681][959]LogOutputDevice: === Handled error: ===
Ensure condition failed: false [File:D:\BuildFarm\buildmachine_++depot+UE4-Releases+4.3\Engine\Source\Runtime\Engine\Private\SceneComponent.cpp] [Line: 694]
Template Mismatch during attachment. Attaching instanced component to template component. Parent 'SceneComp' Self 'Sprite'
Stack: Address = 0xea9df996 (filename not found) [in E:\Unreal Engine\4.3\Engine\Binaries\Win64\UE4Editor-Core.dll]
Address = 0xea895b01 (filename not found) [in E:\Unreal Engine\4.3\Engine\Binaries\Win64\UE4Editor-Core.dll]
Address = 0xea895d47 (filename not found) [in E:\Unreal Engine\4.3\Engine\Binaries\Win64\UE4Editor-Core.dll]
Address = 0xe84a543e (filename not found) [in E:\Unreal Engine\4.3\Engine\Binaries\Win64\UE4Editor-Engine.dll]
Address = 0xe804c1f6 (filename not found) [in E:\Unreal Engine\4.3\Engine\Binaries\Win64\UE4Editor-Engine.dll]
Address = 0xe8360b69 (filename not found) [in E:\Unreal Engine\4.3\Engine\Binaries\Win64\UE4Editor-Engine.dll]
Address = 0xe879648d (filename not found) [in E:\Unreal Engine\4.3\Engine\Binaries\Win64\UE4Editor-Engine.dll]
Address = 0xe877e5aa (filename not found) [in E:\Unreal Engine\4.3\Engine\Binaries\Win64\UE4Editor-Engine.dll]
Address = 0xe6777630 (filename not found) [in E:\Unreal Engine\4.3\Engine\Binaries\Win64\UE4Editor-UnrealEd.dll]
Address = 0xe67963b5 (filename not found) [in E:\Unreal Engine\4.3\Engine\Binaries\Win64\UE4Editor-UnrealEd.dll]
Address = 0xe67a60e9 (filename not found) [in E:\Unreal Engine\4.3\Engine\Binaries\Win64\UE4Editor-UnrealEd.dll]
Address = 0xe65928b8 (filename not found) [in E:\Unreal Engine\4.3\Engine\Binaries\Win64\UE4Editor-UnrealEd.dll]
Address = 0xe696e956 (filename not found) [in E:\Unreal Engine\4.3\Engine\Binaries\Win64\UE4Editor-UnrealEd.dll]
FEngineLoop::Tick() 0x3fe96762 + 0 bytes [File=d:\buildfarm\buildmachine_++depot+ue4-releases+4.3\engine\source\runtime\launch\private\launchengineloop.cpp:2084] [in E:\Unreal Engine\4.3\Engine\Binaries\Win64\UE4Editor.exe]
GuardedMain() 0x3fe8c0dc + 0 bytes [File=d:\buildfarm\buildmachine_++depot+ue4-releases+4.3\engine\source\runtime\launch\private\launch.cpp:133] [in E:\Unreal Engine\4.3\Engine\Binaries\Win64\UE4Editor.exe]
GuardedMainWrapper() 0x3fe8c14a + 5 bytes [File=d:\buildfarm\buildmachine_++depot+ue4-releases+4.3\engine\source\runtime\launch\private\windows\launchwindows.cpp:125] [in E:\Unreal Engine\4.3\Engine\Binaries\Win64\UE4Editor.exe]
WinMain() 0x3fe97c59 + 17 bytes [File=d:\buildfarm\buildmachine_++depot+ue4-releases+4.3\engine\source\runtime\launch\private\windows\launchwindows.cpp:207] [in E:\Unreal Engine\4.3\Engine\Binaries\Win64\UE4Editor.exe]
__tmainCRTStartup() 0x3fe98a79 + 21 bytes [File=f:\dd\vctools\crt\crtw32\dllstuff\crtexe.c:618] [in E:\Unreal Engine\4.3\Engine\Binaries\Win64\UE4Editor.exe]
Address = 0x77a459ed (filename not found) [in C:\Windows\system32\kernel32.dll]
Address = 0x77b7c541 (filename not found) [in C:\Windows\SYSTEM32\ntdll.dll]
Address = 0x77b7c541 (filename not found) [in C:\Windows\SYSTEM32\ntdll.dll]

[2014.08.03-14.03.42:686][959]LogOutputDevice: === Handled error: ===
Ensure condition failed: false [File:D:\BuildFarm\buildmachine_++depot+UE4-Releases+4.3\Engine\Source\Runtime\Engine\Private\SceneComponent.cpp] [Line: 694]
Template Mismatch during attachment. Attaching instanced component to template component. Parent 'SceneComp' Self 'Sprite'
Stack: Address = 0xea9df996 (filename not found) [in E:\Unreal Engine\4.3\Engine\Binaries\Win64\UE4Editor-Core.dll]
Address = 0xea895b01 (filename not found) [in E:\Unreal Engine\4.3\Engine\Binaries\Win64\UE4Editor-Core.dll]
Address = 0xea895d47 (filename not found) [in E:\Unreal Engine\4.3\Engine\Binaries\Win64\UE4Editor-Core.dll]
Address = 0xe84a543e (filename not found) [in E:\Unreal Engine\4.3\Engine\Binaries\Win64\UE4Editor-Engine.dll]
Address = 0xe804c1f6 (filename not found) [in E:\Unreal Engine\4.3\Engine\Binaries\Win64\UE4Editor-Engine.dll]
Address = 0xe8360b69 (filename not found) [in E:\Unreal Engine\4.3\Engine\Binaries\Win64\UE4Editor-Engine.dll]
Address = 0xe879648d (filename not found) [in E:\Unreal Engine\4.3\Engine\Binaries\Win64\UE4Editor-Engine.dll]
Address = 0xe877e5aa (filename not found) [in E:\Unreal Engine\4.3\Engine\Binaries\Win64\UE4Editor-Engine.dll]
Address = 0xe6777630 (filename not found) [in E:\Unreal Engine\4.3\Engine\Binaries\Win64\UE4Editor-UnrealEd.dll]
Address = 0xe67963b5 (filename not found) [in E:\Unreal Engine\4.3\Engine\Binaries\Win64\UE4Editor-UnrealEd.dll]
Address = 0xe67a60e9 (filename not found) [in E:\Unreal Engine\4.3\Engine\Binaries\Win64\UE4Editor-UnrealEd.dll]
Address = 0xe65928b8 (filename not found) [in E:\Unreal Engine\4.3\Engine\Binaries\Win64\UE4Editor-UnrealEd.dll]
Address = 0xe696e956 (filename not found) [in E:\Unreal Engine\4.3\Engine\Binaries\Win64\UE4Editor-UnrealEd.dll]
FEngineLoop::Tick() 0x3fe96762 + 0 bytes [File=d:\buildfarm\buildmachine_++depot+ue4-releases+4.3\engine\source\runtime\launch\private\launchengineloop.cpp:2084] [in E:\Unreal Engine\4.3\Engine\Binaries\Win64\UE4Editor.exe]
GuardedMain() 0x3fe8c0dc + 0 bytes [File=d:\buildfarm\buildmachine_++depot+ue4-releases+4.3\engine\source\runtime\launch\private\launch.cpp:133] [in E:\Unreal Engine\4.3\Engine\Binaries\Win64\UE4Editor.exe]
GuardedMainWrapper() 0x3fe8c14a + 5 bytes [File=d:\buildfarm\buildmachine_++depot+ue4-releases+4.3\engine\source\runtime\launch\private\windows\launchwindows.cpp:125] [in E:\Unreal Engine\4.3\Engine\Binaries\Win64\UE4Editor.exe]
WinMain() 0x3fe97c59 + 17 bytes [File=d:\buildfarm\buildmachine_++depot+ue4-releases+4.3\engine\source\runtime\launch\private\windows\launchwindows.cpp:207] [in E:\Unreal Engine\4.3\Engine\Binaries\Win64\UE4Editor.exe]
__tmainCRTStartup() 0x3fe98a79 + 21 bytes [File=f:\dd\vctools\crt\crtw32\dllstuff\crtexe.c:618] [in E:\Unreal Engine\4.3\Engine\Binaries\Win64\UE4Editor.exe]
Address = 0x77a459ed (filename not found) [in C:\Windows\system32\kernel32.dll]
Address = 0x77b7c541 (filename not found) [in C:\Windows\SYSTEM32\ntdll.dll]
Address = 0x77b7c541 (filename not found) [in C:\Windows\SYSTEM32\ntdll.dll]

[2014.08.03-14.03.42:692][959]LogOutputDevice: === Handled error: ===
Ensure condition failed: false [File:D:\BuildFarm\buildmachine_++depot+UE4-Releases+4.3\Engine\Source\Runtime\Engine\Private\SceneComponent.cpp] [Line: 694]
Template Mismatch during attachment. Attaching instanced component to template component. Parent 'SceneComp' Self 'Sprite'
Stack: Address = 0xea9df996 (filename not found) [in E:\Unreal Engine\4.3\Engine\Binaries\Win64\UE4Editor-Core.dll]
Address = 0xea895b01 (filename not found) [in E:\Unreal Engine\4.3\Engine\Binaries\Win64\UE4Editor-Core.dll]
Address = 0xea895d47 (filename not found) [in E:\Unreal Engine\4.3\Engine\Binaries\Win64\UE4Editor-Core.dll]
Address = 0xe84a543e (filename not found) [in E:\Unreal Engine\4.3\Engine\Binaries\Win64\UE4Editor-Engine.dll]
Address = 0xe804c1f6 (filename not found) [in E:\Unreal Engine\4.3\Engine\Binaries\Win64\UE4Editor-Engine.dll]
Address = 0xe8360b69 (filename not found) [in E:\Unreal Engine\4.3\Engine\Binaries\Win64\UE4Editor-Engine.dll]
Address = 0xe879648d (filename not found) [in E:\Unreal Engine\4.3\Engine\Binaries\Win64\UE4Editor-Engine.dll]
Address = 0xe877e5aa (filename not found) [in E:\Unreal Engine\4.3\Engine\Binaries\Win64\UE4Editor-Engine.dll]
Address = 0xe6777630 (filename not found) [in E:\Unreal Engine\4.3\Engine\Binaries\Win64\UE4Editor-UnrealEd.dll]
Address = 0xe67963b5 (filename not found) [in E:\Unreal Engine\4.3\Engine\Binaries\Win64\UE4Editor-UnrealEd.dll]
Address = 0xe67a60e9 (filename not found) [in E:\Unreal Engine\4.3\Engine\Binaries\Win64\UE4Editor-UnrealEd.dll]
Address = 0xe65928b8 (filename not found) [in E:\Unreal Engine\4.3\Engine\Binaries\Win64\UE4Editor-UnrealEd.dll]
Address = 0xe696e956 (filename not found) [in E:\Unreal Engine\4.3\Engine\Binaries\Win64\UE4Editor-UnrealEd.dll]
FEngineLoop::Tick() 0x3fe96762 + 0 bytes [File=d:\buildfarm\buildmachine_++depot+ue4-releases+4.3\engine\source\runtime\launch\private\launchengineloop.cpp:2084] [in E:\Unreal Engine\4.3\Engine\Binaries\Win64\UE4Editor.exe]
GuardedMain() 0x3fe8c0dc + 0 bytes [File=d:\buildfarm\buildmachine_++depot+ue4-releases+4.3\engine\source\runtime\launch\private\launch.cpp:133] [in E:\Unreal Engine\4.3\Engine\Binaries\Win64\UE4Editor.exe]
GuardedMainWrapper() 0x3fe8c14a + 5 bytes [File=d:\buildfarm\buildmachine_++depot+ue4-releases+4.3\engine\source\runtime\launch\private\windows\launchwindows.cpp:125] [in E:\Unreal Engine\4.3\Engine\Binaries\Win64\UE4Editor.exe]
WinMain() 0x3fe97c59 + 17 bytes [File=d:\buildfarm\buildmachine_++depot+ue4-releases+4.3\engine\source\runtime\launch\private\windows\launchwindows.cpp:207] [in E:\Unreal Engine\4.3\Engine\Binaries\Win64\UE4Editor.exe]
__tmainCRTStartup() 0x3fe98a79 + 21 bytes [File=f:\dd\vctools\crt\crtw32\dllstuff\crtexe.c:618] [in E:\Unreal Engine\4.3\Engine\Binaries\Win64\UE4Editor.exe]
Address = 0x77a459ed (filename not found) [in C:\Windows\system32\kernel32.dll]
Address = 0x77b7c541 (filename not found) [in C:\Windows\SYSTEM32\ntdll.dll]
Address = 0x77b7c541 (filename not found) [in C:\Windows\SYSTEM32\ntdll.dll]

[2014.08.03-14.03.42:697][959]LogOutputDevice: === Handled error: ===
Ensure condition failed: false [File:D:\BuildFarm\buildmachine_++depot+UE4-Releases+4.3\Engine\Source\Runtime\Engine\Private\SceneComponent.cpp] [Line: 694]
Template Mismatch during attachment. Attaching instanced component to template component. Parent 'SceneComp' Self 'Sprite'
Stack: Address = 0xea9df996 (filename not found) [in E:\Unreal Engine\4.3\Engine\Binaries\Win64\UE4Editor-Core.dll]
Address = 0xea895b01 (filename not found) [in E:\Unreal Engine\4.3\Engine\Binaries\Win64\UE4Editor-Core.dll]
Address = 0xea895d47 (filename not found) [in E:\Unreal Engine\4.3\Engine\Binaries\Win64\UE4Editor-Core.dll]
Address = 0xe84a543e (filename not found) [in E:\Unreal Engine\4.3\Engine\Binaries\Win64\UE4Editor-Engine.dll]
Address = 0xe804c1f6 (filename not found) [in E:\Unreal Engine\4.3\Engine\Binaries\Win64\UE4Editor-Engine.dll]
Address = 0xe8360b69 (filename not found) [in E:\Unreal Engine\4.3\Engine\Binaries\Win64\UE4Editor-Engine.dll]
Address = 0xe879648d (filename not found) [in E:\Unreal Engine\4.3\Engine\Binaries\Win64\UE4Editor-Engine.dll]
Address = 0xe877e5aa (filename not found) [in E:\Unreal Engine\4.3\Engine\Binaries\Win64\UE4Editor-Engine.dll]
Address = 0xe6777630 (filename not found) [in E:\Unreal Engine\4.3\Engine\Binaries\Win64\UE4Editor-UnrealEd.dll]
Address = 0xe67963b5 (filename not found) [in E:\Unreal Engine\4.3\Engine\Binaries\Win64\UE4Editor-UnrealEd.dll]
Address = 0xe67a60e9 (filename not found) [in E:\Unreal Engine\4.3\Engine\Binaries\Win64\UE4Editor-UnrealEd.dll]
Address = 0xe65928b8 (filename not found) [in E:\Unreal Engine\4.3\Engine\Binaries\Win64\UE4Editor-UnrealEd.dll]
Address = 0xe696e956 (filename not found) [in E:\Unreal Engine\4.3\Engine\Binaries\Win64\UE4Editor-UnrealEd.dll]
FEngineLoop::Tick() 0x3fe96762 + 0 bytes [File=d:\buildfarm\buildmachine_++depot+ue4-releases+4.3\engine\source\runtime\launch\private\launchengineloop.cpp:2084] [in E:\Unreal Engine\4.3\Engine\Binaries\Win64\UE4Editor.exe]
GuardedMain() 0x3fe8c0dc + 0 bytes [File=d:\buildfarm\buildmachine_++depot+ue4-releases+4.3\engine\source\runtime\launch\private\launch.cpp:133] [in E:\Unreal Engine\4.3\Engine\Binaries\Win64\UE4Editor.exe]
GuardedMainWrapper() 0x3fe8c14a + 5 bytes [File=d:\buildfarm\buildmachine_++depot+ue4-releases+4.3\engine\source\runtime\launch\private\windows\launchwindows.cpp:125] [in E:\Unreal Engine\4.3\Engine\Binaries\Win64\UE4Editor.exe]
WinMain() 0x3fe97c59 + 17 bytes [File=d:\buildfarm\buildmachine_++depot+ue4-releases+4.3\engine\source\runtime\launch\private\windows\launchwindows.cpp:207] [in E:\Unreal Engine\4.3\Engine\Binaries\Win64\UE4Editor.exe]
__tmainCRTStartup() 0x3fe98a79 + 21 bytes [File=f:\dd\vctools\crt\crtw32\dllstuff\crtexe.c:618] [in E:\Unreal Engine\4.3\Engine\Binaries\Win64\UE4Editor.exe]
Address = 0x77a459ed (filename not found) [in C:\Windows\system32\kernel32.dll]
Address = 0x77b7c541 (filename not found) [in C:\Windows\SYSTEM32\ntdll.dll]
Address = 0x77b7c541 (filename not found) [in C:\Windows\SYSTEM32\ntdll.dll]

[2014.08.03-14.03.42:702][959]LogOutputDevice: === Handled error: ===
Ensure condition failed: false [File:D:\BuildFarm\buildmachine_++depot+UE4-Releases+4.3\Engine\Source\Runtime\Engine\Private\SceneComponent.cpp] [Line: 694]
Template Mismatch during attachment. Attaching instanced component to template component. Parent 'SceneComp' Self 'Sprite'
Stack: Address = 0xea9df996 (filename not found) [in E:\Unreal Engine\4.3\Engine\Binaries\Win64\UE4Editor-Core.dll]
Address = 0xea895b01 (filename not found) [in E:\Unreal Engine\4.3\Engine\Binaries\Win64\UE4Editor-Core.dll]
Address = 0xea895d47 (filename not found) [in E:\Unreal Engine\4.3\Engine\Binaries\Win64\UE4Editor-Core.dll]
Address = 0xe84a543e (filename not found) [in E:\Unreal Engine\4.3\Engine\Binaries\Win64\UE4Editor-Engine.dll]
Address = 0xe804c1f6 (filename not found) [in E:\Unreal Engine\4.3\Engine\Binaries\Win64\UE4Editor-Engine.dll]
Address = 0xe8360b69 (filename not found) [in E:\Unreal Engine\4.3\Engine\Binaries\Win64\UE4Editor-Engine.dll]
Address = 0xe879648d (filename not found) [in E:\Unreal Engine\4.3\Engine\Binaries\Win64\UE4Editor-Engine.dll]
Address = 0xe877e5aa (filename not found) [in E:\Unreal Engine\4.3\Engine\Binaries\Win64\UE4Editor-Engine.dll]
Address = 0xe6777630 (filename not found) [in E:\Unreal Engine\4.3\Engine\Binaries\Win64\UE4Editor-UnrealEd.dll]
Address = 0xe67963b5 (filename not found) [in E:\Unreal Engine\4.3\Engine\Binaries\Win64\UE4Editor-UnrealEd.dll]
Address = 0xe67a60e9 (filename not found) [in E:\Unreal Engine\4.3\Engine\Binaries\Win64\UE4Editor-UnrealEd.dll]
Address = 0xe65928b8 (filename not found) [in E:\Unreal Engine\4.3\Engine\Binaries\Win64\UE4Editor-UnrealEd.dll]
Address = 0xe696e956 (filename not found) [in E:\Unreal Engine\4.3\Engine\Binaries\Win64\UE4Editor-UnrealEd.dll]
FEngineLoop::Tick() 0x3fe96762 + 0 bytes [File=d:\buildfarm\buildmachine_++depot+ue4-releases+4.3\engine\source\runtime\launch\private\launchengineloop.cpp:2084] [in E:\Unreal Engine\4.3\Engine\Binaries\Win64\UE4Editor.exe]
GuardedMain() 0x3fe8c0dc + 0 bytes [File=d:\buildfarm\buildmachine_++depot+ue4-releases+4.3\engine\source\runtime\launch\private\launch.cpp:133] [in E:\Unreal Engine\4.3\Engine\Binaries\Win64\UE4Editor.exe]
GuardedMainWrapper() 0x3fe8c14a + 5 bytes [File=d:\buildfarm\buildmachine_++depot+ue4-releases+4.3\engine\source\runtime\launch\private\windows\launchwindows.cpp:125] [in E:\Unreal Engine\4.3\Engine\Binaries\Win64\UE4Editor.exe]
WinMain() 0x3fe97c59 + 17 bytes [File=d:\buildfarm\buildmachine_++depot+ue4-releases+4.3\engine\source\runtime\launch\private\windows\launchwindows.cpp:207] [in E:\Unreal Engine\4.3\Engine\Binaries\Win64\UE4Editor.exe]
__tmainCRTStartup() 0x3fe98a79 + 21 bytes [File=f:\dd\vctools\crt\crtw32\dllstuff\crtexe.c:618] [in E:\Unreal Engine\4.3\Engine\Binaries\Win64\UE4Editor.exe]
Address = 0x77a459ed (filename not found) [in C:\Windows\system32\kernel32.dll]
Address = 0x77b7c541 (filename not found) [in C:\Windows\SYSTEM32\ntdll.dll]
Address = 0x77b7c541 (filename not found) [in C:\Windows\SYSTEM32\ntdll.dll]

[2014.08.03-14.03.42:709][959]LogOutputDevice: === Handled error: ===
Ensure condition failed: false [File:D:\BuildFarm\buildmachine_++depot+UE4-Releases+4.3\Engine\Source\Runtime\Engine\Private\SceneComponent.cpp] [Line: 694]
Template Mismatch during attachment. Attaching instanced component to template component. Parent 'SceneComp' Self 'Sprite'
Stack: Address = 0xea9df996 (filename not found) [in E:\Unreal Engine\4.3\Engine\Binaries\Win64\UE4Editor-Core.dll]
Address = 0xea895b01 (filename not found) [in E:\Unreal Engine\4.3\Engine\Binaries\Win64\UE4Editor-Core.dll]
Address = 0xea895d47 (filename not found) [in E:\Unreal Engine\4.3\Engine\Binaries\Win64\UE4Editor-Core.dll]
Address = 0xe84a543e (filename not found) [in E:\Unreal Engine\4.3\Engine\Binaries\Win64\UE4Editor-Engine.dll]
Address = 0xe804c1f6 (filename not found) [in E:\Unreal Engine\4.3\Engine\Binaries\Win64\UE4Editor-Engine.dll]
Address = 0xe8360b69 (filename not found) [in E:\Unreal Engine\4.3\Engine\Binaries\Win64\UE4Editor-Engine.dll]
Address = 0xe879648d (filename not found) [in E:\Unreal Engine\4.3\Engine\Binaries\Win64\UE4Editor-Engine.dll]
Address = 0xe877e5aa (filename not found) [in E:\Unreal Engine\4.3\Engine\Binaries\Win64\UE4Editor-Engine.dll]
Address = 0xe6777630 (filename not found) [in E:\Unreal Engine\4.3\Engine\Binaries\Win64\UE4Editor-UnrealEd.dll]
Address = 0xe67963b5 (filename not found) [in E:\Unreal Engine\4.3\Engine\Binaries\Win64\UE4Editor-UnrealEd.dll]
Address = 0xe67a60e9 (filename not found) [in E:\Unreal Engine\4.3\Engine\Binaries\Win64\UE4Editor-UnrealEd.dll]
Address = 0xe65928b8 (filename not found) [in E:\Unreal Engine\4.3\Engine\Binaries\Win64\UE4Editor-UnrealEd.dll]
Address = 0xe696e956 (filename not found) [in E:\Unreal Engine\4.3\Engine\Binaries\Win64\UE4Editor-UnrealEd.dll]
FEngineLoop::Tick() 0x3fe96762 + 0 bytes [File=d:\buildfarm\buildmachine_++depot+ue4-releases+4.3\engine\source\runtime\launch\private\launchengineloop.cpp:2084] [in E:\Unreal Engine\4.3\Engine\Binaries\Win64\UE4Editor.exe]
GuardedMain() 0x3fe8c0dc + 0 bytes [File=d:\buildfarm\buildmachine_++depot+ue4-releases+4.3\engine\source\runtime\launch\private\launch.cpp:133] [in E:\Unreal Engine\4.3\Engine\Binaries\Win64\UE4Editor.exe]
GuardedMainWrapper() 0x3fe8c14a + 5 bytes [File=d:\buildfarm\buildmachine_++depot+ue4-releases+4.3\engine\source\runtime\launch\private\windows\launchwindows.cpp:125] [in E:\Unreal Engine\4.3\Engine\Binaries\Win64\UE4Editor.exe]
WinMain() 0x3fe97c59 + 17 bytes [File=d:\buildfarm\buildmachine_++depot+ue4-releases+4.3\engine\source\runtime\launch\private\windows\launchwindows.cpp:207] [in E:\Unreal Engine\4.3\Engine\Binaries\Win64\UE4Editor.exe]
__tmainCRTStartup() 0x3fe98a79 + 21 bytes [File=f:\dd\vctools\crt\crtw32\dllstuff\crtexe.c:618] [in E:\Unreal Engine\4.3\Engine\Binaries\Win64\UE4Editor.exe]
Address = 0x77a459ed (filename not found) [in C:\Windows\system32\kernel32.dll]
Address = 0x77b7c541 (filename not found) [in C:\Windows\SYSTEM32\ntdll.dll]
Address = 0x77b7c541 (filename not found) [in C:\Windows\SYSTEM32\ntdll.dll]

[2014.08.03-14.03.42:725][959]LogBlueprintUserMessages:Warning: SetTimer passed a bad function () or object (DiscoLight_1_C_25)
[2014.08.03-14.03.42:726][959]LogBlueprintUserMessages:Warning: SetTimer passed a bad function () or object (DiscoLight_1_C_26)
[2014.08.03-14.03.42:726][959]LogBlueprintUserMessages:Warning: SetTimer passed a bad function () or object (DiscoLight_1_C_27)
[2014.08.03-14.03.42:727][959]LogBlueprintUserMessages:Warning: SetTimer passed a bad function () or object (DiscoLight_1_C_28)
[2014.08.03-14.03.42:727][959]LogBlueprintUserMessages:Warning: SetTimer passed a bad function () or object (DiscoLight_1_C_29)
[2014.08.03-14.03.42:728][959]LogBlueprintUserMessages:Warning: SetTimer passed a bad function () or object (DiscoLight_1_C_30)
[2014.08.03-14.03.42:728][959]LogBlueprintUserMessages:Warning: SetTimer passed a bad function () or object (DiscoLight_1_C_31)
[2014.08.03-14.03.42:729][959]LogBlueprintUserMessages:Warning: SetTimer passed a bad function () or object (DiscoLight_1_C_32)
[2014.08.03-14.03.42:729][959]LogBlueprintUserMessages:Warning: SetTimer passed a bad function () or object (DiscoLight_1_C_33)
[2014.08.03-14.03.42:730][959]LogBlueprintUserMessages:Warning: SetTimer passed a bad function () or object (DiscoLight_1_C_34)
[2014.08.03-14.03.42:730][959]LogBlueprintUserMessages:Warning: SetTimer passed a bad function () or object (DiscoLight_1_C_35)
[2014.08.03-14.03.42:731][959]LogBlueprintUserMessages:Warning: SetTimer passed a bad function () or object (DiscoLight_1_C_36)
[2014.08.03-14.03.42:731][959]LogBlueprintUserMessages:Warning: SetTimer passed a bad function () or object (DiscoLight_1_C_37)
[2014.08.03-14.03.42:732][959]LogBlueprintUserMessages:Warning: SetTimer passed a bad function () or object (DiscoLight_1_C_38)
[2014.08.03-14.03.42:732][959]LogBlueprintUserMessages:Warning: SetTimer passed a bad function () or object (DiscoLight_1_C_39)
[2014.08.03-14.03.42:733][959]LogBlueprintUserMessages:Warning: SetTimer passed a bad function () or object (DiscoLight_1_C_40)
[2014.08.03-14.03.42:733][959]LogBlueprintUserMessages:Warning: SetTimer passed a bad function () or object (DiscoLight_1_C_41)
[2014.08.03-14.03.42:734][959]LogBlueprintUserMessages:Warning: SetTimer passed a bad function () or object (DiscoLight_1_C_42)
[2014.08.03-14.03.42:734][959]LogBlueprintUserMessages:Warning: SetTimer passed a bad function () or object (DiscoLight_1_C_43)
[2014.08.03-14.03.42:735][959]LogBlueprintUserMessages:Warning: SetTimer passed a bad function () or object (DiscoLight_1_C_44)
[2014.08.03-14.03.42:735][959]LogBlueprintUserMessages:Warning: SetTimer passed a bad function () or object (DiscoLight_1_C_45)
[2014.08.03-14.03.42:736][959]LogBlueprintUserMessages:Warning: SetTimer passed a bad function () or object (DiscoLight_1_C_46)
[2014.08.03-14.03.42:736][959]LogBlueprintUserMessages:Warning: SetTimer passed a bad function () or object (DiscoLight_1_C_47)
[2014.08.03-14.03.42:737][959]LogBlueprintUserMessages:Warning: SetTimer passed a bad function () or object (DiscoLight_1_C_48)
[2014.08.03-14.03.42:737][959]LogBlueprintUserMessages:Warning: SetTimer passed a bad function () or object (DiscoLight_1_C_49)
[2014.08.03-14.03.43:760][959]LogWorld:Warning: *** WARNING - PATHS MAY NOT BE VALID ***
[2014.08.03-14.03.43:760][959]LogWorld: Bringing World /Game/Maps/UEDPIE_0_waagenbau.waagenbau up for play (max tick rate 0) at 2014.08.03-16.03.43
[2014.08.03-14.03.43:874][959]LogWorld: Bringing up level for play took: 2.245940
[2014.08.03-14.03.43:875][959]LogPlayerController: Spawned spectator SpectatorPawn_0 [server:1]
[2014.08.03-14.03.43:902][959]LogGameMode: RestartPlayer 256
[2014.08.03-14.03.43:916][959]LogPlayerController: ClientRestart_Implementation MyCharacter_C_0
[2014.08.03-14.03.43:916][959]LogPlayerController: ServerAcknowledgePossession_Implementation MyCharacter_C_0
[2014.08.03-14.03.43:985][959]PIE: Info Play in editor start time for /Game/Maps/UEDPIE_0_waagenbau 2.476
[2014.08.03-14.03.44:355][959]LogSlate: SRTH: 0000000016BB4280, 1207 x 857, prev 0000000000000000
[2014.08.03-14.03.44:375][960]LogRenderer:Warning: Reallocating scene render targets to support 1208x864.
[2014.08.03-14.03.47:444][ 57]LogSlate: SRTH: 000000000CBE9900, 1207 x 853, prev 0000000000000000
[2014.08.03-14.03.47:677][ 58]LogParticles: Destroying 0 GPU particle simulations for FXSystem 0x0000000026D34400
[2014.08.03-14.17.50:213][ 62]LogEpicStorage:Warning: ReadFile request failed. File request already pending for filename=http://cdn.unrealengine.com/newsfeed/blueprint_icon_b.png
[2014.08.03-14.17.50:214][ 62]LogEpicStorage:Warning: ReadFile request failed. File request already pending for filename=http://cdn.unrealengine.com/newsfeed/blueprint_icon_b.png
[2014.08.03-14.24.44:318][664]Cmd: QUIT_EDITOR
[2014.08.03-14.24.44:414][664]LogWindowsTextInputMethodSystem:Error: Terminating failed while unadvising the language notification sink from the TSF source.
[2014.08.03-14.24.44:439][664]LogExit: Preparing to exit.
[2014.08.03-14.24.45:048][664]LogExit: Editor shut down
[2014.08.03-14.24.45:049][664]LogExit: Transaction tracking system shut down
[2014.08.03-14.24.45:052][664]LogParticles: Destroying 0 GPU particle simulations for FXSystem 0x000000001D2E07C0
[2014.08.03-14.24.45:055][664]LogParticles: Destroying 0 GPU particle simulations for FXSystem 0x000000001B5B7CE0
[2014.08.03-14.24.45:055][664]LogParticles: Destroying 0 GPU particle simulations for FXSystem 0x000000001B5B7880
[2014.08.03-14.24.45:209][664]LogParticles: Destroying 0 GPU particle simulations for FXSystem 0x00000000313F91C0
[2014.08.03-14.24.45:209][664]LogExit: Object subsystem successfully closed.
[2014.08.03-14.24.45:301][664]LogModuleManager: Shutting down and abandoning module AndroidDeviceDetection (171)
[2014.08.03-14.24.45:301][664]LogModuleManager: Shutting down and abandoning module GameLiveStreaming (170)
[2014.08.03-14.24.45:301][664]LogModuleManager: Shutting down and abandoning module CrashTracker (169)
[2014.08.03-14.24.45:301][664]LogModuleManager: Shutting down and abandoning module HTTP (168)
[2014.08.03-14.24.45:301][664]LogModuleManager: Shutting down and abandoning module NewsFeed (167)
[2014.08.03-14.24.45:301][664]LogModuleManager: Shutting down and abandoning module SceneOutliner (166)
[2014.08.03-14.24.45:301][664]LogModuleManager: Shutting down and abandoning module StatsViewer (165)
[2014.08.03-14.24.45:301][664]LogModuleManager: Shutting down and abandoning module FoliageEdit (164)
[2014.08.03-14.24.45:301][664]LogModuleManager: Shutting down and abandoning module LandscapeEditor (163)
[2014.08.03-14.24.45:301][664]LogModuleManager: Shutting down and abandoning module MeshPaint (162)
[2014.08.03-14.24.45:301][664]LogModuleManager: Shutting down and abandoning module ActorPickerMode (161)
[2014.08.03-14.24.45:301][664]LogModuleManager: Shutting down and abandoning module GeometryMode (160)
[2014.08.03-14.24.45:301][664]LogModuleManager: Shutting down and abandoning module TextureAlignMode (159)
[2014.08.03-14.24.45:301][664]LogModuleManager: Shutting down and abandoning module BspMode (158)
[2014.08.03-14.24.45:301][664]LogModuleManager: Shutting down and abandoning module PlacementMode (157)
[2014.08.03-14.24.45:301][664]LogModuleManager: Shutting down and abandoning module AutomationWorker (156)
[2014.08.03-14.24.45:301][664]LogModuleManager: Shutting down and abandoning module EditorLiveStreaming (155)
[2014.08.03-14.24.45:301][664]LogModuleManager: Shutting down and abandoning module DeviceProfileEditor (154)
[2014.08.03-14.24.45:301][664]LogModuleManager: Shutting down and abandoning module UndoHistory (153)
[2014.08.03-14.24.45:301][664]LogModuleManager: Shutting down and abandoning module GameplayTagsEditor (152)
[2014.08.03-14.24.45:301][664]LogModuleManager: Shutting down and abandoning module UserFeedback (151)
[2014.08.03-14.24.45:301][664]LogModuleManager: Shutting down and abandoning module XmlParser (150)
[2014.08.03-14.24.45:301][664]LogModuleManager: Shutting down and abandoning module Blutility (149)
[2014.08.03-14.24.45:301][664]LogModuleManager: Shutting down and abandoning module IOSPlatformEditor (148)
[2014.08.03-14.24.45:301][664]LogModuleManager: Shutting down and abandoning module IOSRuntimeSettings (147)
[2014.08.03-14.24.45:301][664]LogModuleManager: Shutting down and abandoning module AndroidPlatformEditor (146)
[2014.08.03-14.24.45:301][664]LogModuleManager: Shutting down and abandoning module AndroidRuntimeSettings (145)
[2014.08.03-14.24.45:301][664]LogModuleManager: Shutting down and abandoning module ProjectTargetPlatformEditor (144)
[2014.08.03-14.24.45:301][664]LogModuleManager: Shutting down and abandoning module ProjectSettingsViewer (143)
[2014.08.03-14.24.45:302][664]LogModuleManager: Shutting down and abandoning module InputBindingEditor (142)
[2014.08.03-14.24.45:302][664]LogModuleManager: Shutting down and abandoning module EditorSettingsViewer (141)
[2014.08.03-14.24.45:302][664]LogModuleManager: Shutting down and abandoning module SettingsEditor (140)
[2014.08.03-14.24.45:302][664]LogModuleManager: Shutting down and abandoning module SessionLauncher (139)
[2014.08.03-14.24.45:302][664]LogModuleManager: Shutting down and abandoning module SessionFrontend (138)
[2014.08.03-14.24.45:302][664]LogModuleManager: Shutting down and abandoning module ProfilerClient (137)
[2014.08.03-14.24.45:302][664]LogModuleManager: Shutting down and abandoning module TargetDeviceServices (136)
[2014.08.03-14.24.45:302][664]LogModuleManager: Shutting down and abandoning module DeviceManager (135)
[2014.08.03-14.24.45:302][664]LogModuleManager: Shutting down and abandoning module AutomationController (134)
[2014.08.03-14.24.45:302][664]LogModuleManager: Shutting down and abandoning module AutomationWindow (133)
[2014.08.03-14.24.45:308][664]LogModuleManager: Shutting down and abandoning module Layers (132)
[2014.08.03-14.24.45:325][664]LogModuleManager: Shutting down and abandoning module ComponentVisualizers (131)
[2014.08.03-14.24.45:325][664]LogModuleManager: Shutting down and abandoning module DetailCustomizations (130)
[2014.08.03-14.24.45:343][664]LogModuleManager: Shutting down and abandoning module PackagesDialog (129)
[2014.08.03-14.24.45:343][664]LogModuleManager: Shutting down and abandoning module DirectoryWatcher (128)
[2014.08.03-14.24.45:344][664]LogModuleManager: Shutting down and abandoning module AssetRegistry (127)
[2014.08.03-14.24.45:381][664]LogModuleManager: Shutting down and abandoning module Persona (126)
[2014.08.03-14.24.45:381][664]LogModuleManager: Shutting down and abandoning module GraphEditor (125)
[2014.08.03-14.24.45:381][664]LogModuleManager: Shutting down and abandoning module ClassViewer (124)
[2014.08.03-14.24.45:381][664]LogModuleManager: Shutting down and abandoning module Toolbox (123)
[2014.08.03-14.24.45:381][664]LogModuleManager: Shutting down and abandoning module ModuleUI (122)
[2014.08.03-14.24.45:381][664]LogModuleManager: Shutting down and abandoning module Sequencer (121)
[2014.08.03-14.24.45:397][664]LogModuleManager: Shutting down and abandoning module MovieSceneTools (120)
[2014.08.03-14.24.45:397][664]LogModuleManager: Shutting down and abandoning module OutputLog (119)
[2014.08.03-14.24.45:397][664]LogModuleManager: Shutting down and abandoning module GammaUI (118)
[2014.08.03-14.24.45:397][664]LogModuleManager: Shutting down and abandoning module Documentation (117)
[2014.08.03-14.24.45:397][664]LogModuleManager: Shutting down and abandoning module DesktopPlatform (116)
[2014.08.03-14.24.45:397][664]LogModuleManager: Shutting down and abandoning module StreamingPauseRendering (115)
[2014.08.03-14.24.45:397][664]LogModuleManager: Shutting down and abandoning module AnalyticsET (114)
[2014.08.03-14.24.45:397][664]LogModuleManager: Shutting down and abandoning module Analytics (113)
[2014.08.03-14.24.45:397][664]LogModuleManager: Shutting down and abandoning module GameplayDebugger (112)
[2014.08.03-14.24.45:397][664]LogModuleManager: Shutting down and abandoning module AIModule (111)
[2014.08.03-14.24.45:397][664]LogModuleManager: Shutting down and abandoning module ProfilerService (110)
[2014.08.03-14.24.45:644][664]LogModuleManager: Shutting down and abandoning module TaskGraph (109)
[2014.08.03-14.24.45:652][664]LogModuleManager: Shutting down and abandoning module ViewportSnapping (108)
[2014.08.03-14.24.45:652][664]LogModuleManager: Shutting down and abandoning module GameProjectGeneration (107)
[2014.08.03-14.24.45:652][664]LogModuleManager: Shutting down and abandoning module Matinee (106)
[2014.08.03-14.24.45:662][664]LogModuleManager: Shutting down and abandoning module Kismet (105)
[2014.08.03-14.24.45:686][664]LogModuleManager: Shutting down and abandoning module SlateReflector (104)
[2014.08.03-14.24.45:686][664]LogModuleManager: Shutting down and abandoning module LevelEditor (103)
[2014.08.03-14.24.45:687][664]LogModuleManager: Shutting down and abandoning module IntroTutorials (102)
[2014.08.03-14.24.45:696][664]LogModuleManager: Shutting down and abandoning module ContentBrowser (101)
[2014.08.03-14.24.45:707][664]LogModuleManager: Shutting down and abandoning module MainFrame (100)
[2014.08.03-14.24.45:707][664]LogModuleManager: Shutting down and abandoning module SourceControl (99)
[2014.08.03-14.24.45:708][664]LogModuleManager: Shutting down and abandoning module ImageWrapper (98)
[2014.08.03-14.24.45:708][664]LogModuleManager: Shutting down and abandoning module OnlineBlueprintSupport (97)
[2014.08.03-14.24.45:708][664]LogModuleManager: Shutting down and abandoning module PropertyEditor (96)
[2014.08.03-14.24.45:708][664]LogModuleManager: Shutting down and abandoning module AssetTools (95)
[2014.08.03-14.24.45:726][664]LogModuleManager: Shutting down and abandoning module BehaviorTreeEditor (94)
[2014.08.03-14.24.45:748][664]LogModuleManager: Shutting down and abandoning module FunctionalTesting (93)
[2014.08.03-14.24.45:748][664]LogModuleManager: Shutting down and abandoning module CollisionAnalyzer (92)
[2014.08.03-14.24.45:762][664]LogModuleManager: Shutting down and abandoning module WorkspaceMenuStructure (91)
[2014.08.03-14.24.45:762][664]LogModuleManager: Shutting down and abandoning module MessageLog (90)
[2014.08.03-14.24.45:762][664]LogModuleManager: Shutting down and abandoning module Slate (89)
[2014.08.03-14.24.45:762][664]LogModuleManager: Shutting down and abandoning module EditorStyle (88)
[2014.08.03-14.24.45:765][664]LogModuleManager: Shutting down and abandoning module SessionServices (87)
[2014.08.03-14.24.45:765][664]LogModuleManager: Shutting down and abandoning module SourceCodeAccess (86)
[2014.08.03-14.24.45:765][664]LogModuleManager: Shutting down and abandoning module HeadMountedDisplay (85)
[2014.08.03-14.24.45:765][664]LogModuleManager: Shutting down and abandoning module XAudio2 (84)
[2014.08.03-14.24.45:765][664]LogModuleManager: Shutting down and abandoning module Networking (82)
[2014.08.03-14.24.45:765][664]LogModuleManager: Shutting down and abandoning module Core (81)
[2014.08.03-14.24.45:765][664]LogModuleManager: Shutting down and abandoning module KismetCompiler (80)
[2014.08.03-14.24.45:765][664]LogModuleManager: Shutting down and abandoning module PhysXFormats (79)
[2014.08.03-14.24.45:765][664]LogModuleManager: Shutting down and abandoning module MeshUtilities (78)
[2014.08.03-14.24.45:773][664]LogModuleManager: Shutting down and abandoning module DerivedDataCache (77)
[2014.08.03-14.24.45:788][664]LogDerivedDataCache: Shutdown
[2014.08.03-14.24.45:788][664]LogModuleManager: Shutting down and abandoning module ShaderFormatOpenGL (76)
[2014.08.03-14.24.45:788][664]LogModuleManager: Shutting down and abandoning module ShaderFormatD3D (75)
[2014.08.03-14.24.45:788][664]LogModuleManager: Shutting down and abandoning module MetalShaderFormat (74)
[2014.08.03-14.24.45:788][664]LogModuleManager: Shutting down and abandoning module TextureFormatUncompressed (73)
[2014.08.03-14.24.45:788][664]LogModuleManager: Shutting down and abandoning module TextureFormatPVR (72)
[2014.08.03-14.24.45:788][664]LogModuleManager: Shutting down and abandoning module TextureFormatDXT (71)
[2014.08.03-14.24.45:788][664]LogModuleManager: Shutting down and abandoning module TextureFormatAndroid (70)
[2014.08.03-14.24.45:788][664]LogModuleManager: Shutting down and abandoning module AudioFormatOpus (69)
[2014.08.03-14.24.45:788][664]LogModuleManager: Shutting down and abandoning module AudioFormatOgg (68)
[2014.08.03-14.24.45:788][664]LogModuleManager: Shutting down and abandoning module AudioFormatADPCM (67)
[2014.08.03-14.24.45:788][664]LogModuleManager: Shutting down and abandoning module Messaging (66)
[2014.08.03-14.24.45:788][664]LogModuleManager: Shutting down and abandoning module IOSTargetPlatform (65)
[2014.08.03-14.24.45:788][664]LogModuleManager: Shutting down and abandoning module Android_PVRTCTargetPlatform (64)
[2014.08.03-14.24.45:788][664]LogModuleManager: Shutting down and abandoning module Android_ETC2TargetPlatform (63)
[2014.08.03-14.24.45:788][664]LogModuleManager: Shutting down and abandoning module Android_ETC1TargetPlatform (62)
[2014.08.03-14.24.45:788][664]LogModuleManager: Shutting down and abandoning module Android_DXTTargetPlatform (61)
[2014.08.03-14.24.45:788][664]LogModuleManager: Shutting down and abandoning module Android_ATCTargetPlatform (60)
[2014.08.03-14.24.45:788][664]LogModuleManager: Shutting down and abandoning module AndroidTargetPlatform (59)
[2014.08.03-14.24.45:788][664]LogModuleManager: Shutting down and abandoning module WindowsTargetPlatform (58)
[2014.08.03-14.24.45:788][664]LogModuleManager: Shutting down and abandoning module WindowsServerTargetPlatform (57)
[2014.08.03-14.24.45:788][664]LogModuleManager: Shutting down and abandoning module WindowsNoEditorTargetPlatform (56)
[2014.08.03-14.24.45:788][664]LogModuleManager: Shutting down and abandoning module WindowsClientTargetPlatform (55)
[2014.08.03-14.24.45:788][664]LogModuleManager: Shutting down and abandoning module TargetPlatform (54)
[2014.08.03-14.24.45:788][664]LogModuleManager: Shutting down and abandoning module InputCore (53)
[2014.08.03-14.24.45:788][664]LogModuleManager: Shutting down and abandoning module Settings (52)
[2014.08.03-14.24.45:788][664]LogModuleManager: Shutting down and abandoning module TextureCompressor (49)
[2014.08.03-14.24.45:788][664]LogModuleManager: Shutting down and abandoning module ShaderCore (48)
[2014.08.03-14.24.45:788][664]LogModuleManager: Shutting down and abandoning module OpenGLDrv (47)
[2014.08.03-14.24.45:788][664]LogModuleManager: Shutting down and abandoning module D3D11RHI (46)
[2014.08.03-14.24.45:788][664]LogModuleManager: Shutting down and abandoning module SlateRHIRenderer (45)
[2014.08.03-14.24.45:788][664]LogModuleManager: Shutting down and abandoning module Renderer (44)
[2014.08.03-14.24.45:788][664]LogModuleManager: Shutting down and abandoning module Engine (43)
[2014.08.03-14.24.45:788][664]LogModuleManager: Shutting down and abandoning module SlateRemote (42)
[2014.08.03-14.24.45:789][664]LogModuleManager: Shutting down and abandoning module ScriptPlugin (41)
[2014.08.03-14.24.45:800][664]LogModuleManager: Shutting down and abandoning module ScriptEditorPlugin (39)
[2014.08.03-14.24.45:800][664]LogModuleManager: Shutting down and abandoning module WindowsMoviePlayer (38)
[2014.08.03-14.24.45:805][664]LogModuleManager: Shutting down and abandoning module ExampleDeviceProfileSelector (31)
[2014.08.03-14.24.45:805][664]LogModuleManager: Shutting down and abandoning module CustomMeshComponent (30)
[2014.08.03-14.24.45:805][664]LogModuleManager: Shutting down and abandoning module CableComponent (29)
[2014.08.03-14.24.45:805][664]LogModuleManager: Shutting down and abandoning module OculusRift (25)
[2014.08.03-14.24.45:805][664]LogModuleManager: Shutting down and abandoning module UdpMessaging (24)
[2014.08.03-14.24.45:905][664]LogModuleManager: Shutting down and abandoning module MessagingDebugger (23)
[2014.08.03-14.24.45:920][664]LogModuleManager: Shutting down and abandoning module SmartSnapping (21)
[2014.08.03-14.24.45:920][664]LogModuleManager: Shutting down and abandoning module PaperJsonImporter (20)
[2014.08.03-14.24.45:920][664]LogModuleManager: Shutting down and abandoning module Paper2DEditor (19)
[2014.08.03-14.24.45:920][664]LogModuleManager: Shutting down and abandoning module Paper2D (18)
[2014.08.03-14.24.45:920][664]LogModuleManager: Shutting down and abandoning module SpeedTreeImporter (14)
[2014.08.03-14.24.45:920][664]LogModuleManager: Shutting down and abandoning module PluginsEditor (13)
[2014.08.03-14.24.45:920][664]LogModuleManager: Shutting down and abandoning module EpicSurvey (12)
[2014.08.03-14.24.45:920][664]LogModuleManager: Shutting down and abandoning module VisualStudioSourceCodeAccess (10)
[2014.08.03-14.24.45:920][664]LogModuleManager: Shutting down and abandoning module UObjectPlugin (9)
[2014.08.03-14.24.45:920][664]LogModuleManager: Shutting down and abandoning module SubversionSourceControl (8)
[2014.08.03-14.24.45:920][664]LogModuleManager: Shutting down and abandoning module PerforceSourceControl (7)
[2014.08.03-14.24.45:924][664]LogModuleManager: Shutting down and abandoning module BlankPlugin (6)
[2014.08.03-14.24.45:924][664]LogModuleManager: Shutting down and abandoning module CoreUObject (5)
[2014.08.03-14.24.45:924][664]LogModuleManager: Shutting down and abandoning module NetworkFile (4)
[2014.08.03-14.24.45:924][664]LogModuleManager: Shutting down and abandoning module StreamingFile (3)
[2014.08.03-14.24.45:924][664]LogModuleManager: Shutting down and abandoning module SandboxFile (2)
[2014.08.03-14.24.45:924][664]LogModuleManager: Shutting down and abandoning module PakFile (1)
[2014.08.03-14.24.45:925][664]LogExit: Exiting.
[2014.08.03-14.24.45:930][664]Log file closed, 08/03/14 16:24:45
