Log file open, 07/08/14 23:23:19
LogInit:Display: Running engine without a game
LogInit:Display: Loading recent project file: D:/UDK4 Projects/MyProject3/MyProject3.uproject
LogInit: Version: 4.2.1-2101290+++depot+UE4-Releases+4.2
LogInit: Compiled (64-bit): Jun 10 2014 22:21:56
LogInit: Build Configuration: Development
LogInit: Branch Name: ++depot+UE4-Releases+4.2
LogInit: Command line: 
LogInit: Base directory: E:/Unreal Engine/4.2/Engine/Binaries/Win64/
LogInit: Rocket: 1
[2014.07.08-21.23.19:551][  0]LogTaskGraph: Started task graph with 3 named threads and 6 total threads.
[2014.07.08-21.23.19:595][  0]LogOnline:Warning: No default platform service specified for OnlineSubsystem
[2014.07.08-21.23.19:615][  0]LogInit: Presizing for 0 objects not considered by GC, pre-allocating 0 bytes.
[2014.07.08-21.23.19:621][  0]LogInit: Object subsystem initialized
[2014.07.08-21.23.19:623][  0]LogInit: Selected Device Profile: [Windows]
[2014.07.08-21.23.19:623][  0]LogInit: Applying CVar settings loaded from the selected device profile: [Windows]
[2014.07.08-21.23.19:627][  0]LogInit: Computer: SPAEHLING-PC
[2014.07.08-21.23.19:627][  0]LogInit: User: Spaehling
[2014.07.08-21.23.19:628][  0]LogInit: CPU Page size=4096, Cores=6
[2014.07.08-21.23.19:628][  0]LogInit: High frequency timer resolution =3.126953 MHz
[2014.07.08-21.23.19:628][  0]LogMemory: Memory total: Physical=64.0GB (64GB approx) Virtual=8192.0GB
[2014.07.08-21.23.19:628][  0]LogMemory: Platform Memory Stats for Windows
[2014.07.08-21.23.19:628][  0]LogMemory: Process Physical Memory: 60.36 MB used, 60.36 MB peak
[2014.07.08-21.23.19:628][  0]LogMemory: Process Virtual Memory: 36.54 MB used, 36.71 MB peak
[2014.07.08-21.23.19:628][  0]LogMemory: Physical Memory: 5629.55 MB used, 65486.15 MB total
[2014.07.08-21.23.19:628][  0]LogMemory: Virtual Memory: 244.71 MB used, 8388608.00 MB total
[2014.07.08-21.23.19:695][  0]LogD3D11RHI: Found D3D11 adapter 0: NVIDIA GeForce GTX 690 (Feature Level 11_0)
[2014.07.08-21.23.19:695][  0]LogD3D11RHI: Adapter has 1990MB of dedicated video memory, 0MB of dedicated system memory, and 2048MB of shared system memory, 1 output[s]
[2014.07.08-21.23.19:717][  0]LogD3D11RHI: Found D3D11 adapter 1: NVIDIA GeForce GTX 690 (Feature Level 11_0)
[2014.07.08-21.23.19:717][  0]LogD3D11RHI: Adapter has 1990MB of dedicated video memory, 0MB of dedicated system memory, and 2048MB of shared system memory, 1 output[s]
[2014.07.08-21.23.19:717][  0]LogD3D11RHI: Chosen D3D11 Adapter Id = 0
[2014.07.08-21.23.19:722][  0]LogRHI: Texture pool is 1361 MB (70% of 1945 MB)
[2014.07.08-21.23.19:730][  0]LogD3D11RHI: Async texture creation enabled
[2014.07.08-21.23.19:813][  0]LogTextLocalizationManager:Warning: The selected culture 'de_DE' is not available; falling back to 'en'
[2014.07.08-21.23.19:861][  0]LogContentStreaming: Texture pool size is 0.000000MB
[2014.07.08-21.23.20:693][  0]LogTargetPlatformManager:Display: Building Assets For Windows
[2014.07.08-21.23.20:847][  0]LogTargetPlatformManager:Display: Building Assets For Windows
[2014.07.08-21.23.20:881][  0]LogDerivedDataCache:Display: Max Cache Size: 512 MB
[2014.07.08-21.23.20:914][  0]LogDerivedDataCache: Loaded boot cache 0.03s 39MB C:/Users/Spaehling/AppData/Local/UnrealEngine/4.2/DerivedDataCache/Boot.ddc.
[2014.07.08-21.23.20:914][  0]LogDerivedDataCache:Display: Loaded Boot cache: C:/Users/Spaehling/AppData/Local/UnrealEngine/4.2/DerivedDataCache/Boot.ddc
[2014.07.08-21.23.20:914][  0]LogDerivedDataCache: FDerivedDataBackendGraph:  Pak pak cache file D:/UDK4 Projects/MyProject3/DerivedDataCache/DDC.ddp not found, will not use a pak cache.
[2014.07.08-21.23.20:914][  0]LogDerivedDataCache: Unable to find inner node Pak for hierarchical cache Hierarchy.
[2014.07.08-21.23.20:924][  0]LogDerivedDataCache:Display: Pak cache opened for reading ../../../Engine/DerivedDataCache/DDC.ddp.
[2014.07.08-21.23.20:935][  0]LogDerivedDataCache: Using Local data cache path C:/Users/Spaehling/AppData/Local/UnrealEngine/4.2/DerivedDataCache: Writable
[2014.07.08-21.23.21:592][  0]LogMeshUtilities: No automatic mesh reduction module available
[2014.07.08-21.23.21:592][  0]LogMeshUtilities: No automatic mesh merging module available
[2014.07.08-21.23.21:877][  0]LogInit: WinSock: version 1.1 (2.2), MaxSocks=32767, MaxUdp=65467
[2014.07.08-21.23.22:693][  0]LogStreaming:Warning: Failed to read file '../../../Engine/Content/Editor/Slate/Icons/ActorIcons/GroupActor_16x.png' error.
[2014.07.08-21.23.22:693][  0]LogSlate: Could not find file for Slate resource: ../../../Engine/Content/Editor/Slate/Icons/ActorIcons/GroupActor_16x.png
[2014.07.08-21.23.22:711][  0]LogStreaming:Warning: Failed to read file '../../../Engine/Content/Editor/Slate/Icons/ActorIcons/DecalActor_16x.png' error.
[2014.07.08-21.23.22:711][  0]LogSlate: Could not find file for Slate resource: ../../../Engine/Content/Editor/Slate/Icons/ActorIcons/DecalActor_16x.png
[2014.07.08-21.23.23:333][  0]UdpMessaging: Initializing bridge on interface 0.0.0.0:0 to multicast group 230.0.0.1:6666.
[2014.07.08-21.23.23:455][  0]SourceControl: Info Source control is disabled
[2014.07.08-21.23.23:455][  0]SourceControl: Info Source control is disabled
[2014.07.08-21.23.23:459][  0]SourceControl: Info Source control is disabled
[2014.07.08-21.23.23:568][  0]BlueprintLog: New page: Editor Load
[2014.07.08-21.23.23:654][  0]LogObj: 19203 objects as part of root set at end of initial load.
[2014.07.08-21.23.23:654][  0]LogUObjectAllocator: 3820568 out of 0 bytes used by permanent object pool.
[2014.07.08-21.23.23:979][  0]LogEngine: Initializing Engine...
[2014.07.08-21.23.24:083][  0]LogInit: XAudio2 using 'Lautsprecher (Corsair Vengeance 2000 Headset)' : 8 channels at 44.1 kHz using 16 bits per sample (channel mask 0x63f)
[2014.07.08-21.23.24:097][  0]LogInit: FAudioDevice initialized.
[2014.07.08-21.23.24:115][  0]LogDerivedDataCache: Saved boot cache 0.02s 39MB C:/Users/Spaehling/AppData/Local/UnrealEngine/4.2/DerivedDataCache/Boot.ddc.
[2014.07.08-21.23.24:120][  0]LogInit: Texture streaming: Enabled
[2014.07.08-21.23.24:154][  0]LogInit: Transaction tracking system initialized
[2014.07.08-21.23.24:278][  0]LogAssetRegistry: FAssetRegistry took 0.0099 seconds to start up
[2014.07.08-21.23.24:486][  0]LogModuleManager:Warning: ModuleManager: Unable to load module '' because the file was not found.
[2014.07.08-21.23.24:490][  0]LogModuleManager:Warning: ModuleManager: Unable to load module '' because the file was not found.
[2014.07.08-21.23.24:552][  0]LogConsoleResponse:Display: 
[2014.07.08-21.23.24:763][  0]SourceControl: Info Source control is disabled
[2014.07.08-21.23.24:763][  0]Cmd: MAP LOAD FILE="D:/UDK4 Projects/MyProject3/Content/Maps/waagenbau.umap" TEMPLATE=0 SHOWPROGRESS=1 WORLDCOMPOSITION=0
[2014.07.08-21.23.24:763][  0]LightingResults: New page: Lighting Build
[2014.07.08-21.23.24:768][  0]MapCheck: New page: Map Check
[2014.07.08-21.23.24:768][  0]LightingResults: New page: Lighting Build
[2014.07.08-21.23.24:773][  0]LogParticles: Destroying 0 GPU particle simulations for FXSystem 0x000000001061EA20
[2014.07.08-21.23.25:798][  0]LogBlueprint:Warning: Node '/Game/Blueprints/Assets/Cigarettes.cigarettes:UserConstructionScript.K2Node_VariableGet_424' missing NodeGuid.
[2014.07.08-21.23.26:153][  0]LogBlueprintUserMessages:Warning: SetTimer passed a bad function () or object (DiscoLight_1_C_0)
[2014.07.08-21.23.26:153][  0]LogBlueprintUserMessages:Warning: SetTimer passed a bad function () or object (DiscoLight_1_C_1)
[2014.07.08-21.23.26:154][  0]LogBlueprintUserMessages:Warning: SetTimer passed a bad function () or object (DiscoLight_1_C_2)
[2014.07.08-21.23.26:155][  0]LogBlueprintUserMessages:Warning: SetTimer passed a bad function () or object (DiscoLight_1_C_3)
[2014.07.08-21.23.26:155][  0]LogBlueprintUserMessages:Warning: SetTimer passed a bad function () or object (DiscoLight_1_C_4)
[2014.07.08-21.23.26:156][  0]LogBlueprintUserMessages:Warning: SetTimer passed a bad function () or object (DiscoLight_1_C_5)
[2014.07.08-21.23.26:157][  0]LogBlueprintUserMessages:Warning: SetTimer passed a bad function () or object (DiscoLight_1_C_6)
[2014.07.08-21.23.26:158][  0]LogBlueprintUserMessages:Warning: SetTimer passed a bad function () or object (DiscoLight_1_C_7)
[2014.07.08-21.23.26:159][  0]LogBlueprintUserMessages:Warning: SetTimer passed a bad function () or object (DiscoLight_1_C_8)
[2014.07.08-21.23.26:159][  0]LogBlueprintUserMessages:Warning: SetTimer passed a bad function () or object (DiscoLight_1_C_9)
[2014.07.08-21.23.26:160][  0]LogBlueprintUserMessages:Warning: SetTimer passed a bad function () or object (DiscoLight_1_C_10)
[2014.07.08-21.23.26:161][  0]LogBlueprintUserMessages:Warning: SetTimer passed a bad function () or object (DiscoLight_1_C_11)
[2014.07.08-21.23.26:161][  0]LogBlueprintUserMessages:Warning: SetTimer passed a bad function () or object (DiscoLight_1_C_12)
[2014.07.08-21.23.26:162][  0]LogBlueprintUserMessages:Warning: SetTimer passed a bad function () or object (DiscoLight_1_C_13)
[2014.07.08-21.23.26:163][  0]LogBlueprintUserMessages:Warning: SetTimer passed a bad function () or object (DiscoLight_1_C_14)
[2014.07.08-21.23.26:163][  0]LogBlueprintUserMessages:Warning: SetTimer passed a bad function () or object (DiscoLight_1_C_15)
[2014.07.08-21.23.26:164][  0]LogBlueprintUserMessages:Warning: SetTimer passed a bad function () or object (DiscoLight_1_C_16)
[2014.07.08-21.23.26:164][  0]LogBlueprintUserMessages:Warning: SetTimer passed a bad function () or object (DiscoLight_1_C_18)
[2014.07.08-21.23.26:165][  0]LogBlueprintUserMessages:Warning: SetTimer passed a bad function () or object (DiscoLight_1_C_19)
[2014.07.08-21.23.26:166][  0]LogBlueprintUserMessages:Warning: SetTimer passed a bad function () or object (DiscoLight_1_C_20)
[2014.07.08-21.23.26:166][  0]LogBlueprintUserMessages:Warning: SetTimer passed a bad function () or object (DiscoLight_1_C_21)
[2014.07.08-21.23.26:167][  0]LogBlueprintUserMessages:Warning: SetTimer passed a bad function () or object (DiscoLight_1_C_22)
[2014.07.08-21.23.26:181][  0]LogArray:Warning: Attempted to get an item from array Sounds out of bounds [0/0]!
[2014.07.08-21.23.26:190][  0]LogEditorServer: Finished looking for orphan Actors (0.000 secs)
[2014.07.08-21.23.26:191][  0]Cmd: MAP CHECKDEP
[2014.07.08-21.23.26:191][  0]MapCheck: New page: waagenbau - Jul 9, 2014, 1:23:26 AM
[2014.07.08-21.23.26:257][  0]MapCheck: Info ========== Map Check: 0 Error(s), 0 Warning(s), [65.985ms] ==========
[2014.07.08-21.23.26:257][  0]LogFileHelpers: Loading map 'waagenbau' took 1.494
[2014.07.08-21.23.26:445][  0]LogCrashTracker: Crashtracker disabled due to settings.
[2014.07.08-21.23.26:446][  0]Cmd: MODE PLACEMENT
[2014.07.08-21.23.26:480][  0]LogCollectionManager: Loaded 0 collections in 0.000794 seconds
[2014.07.08-21.23.27:306][  0]LogCrashTracker: 


[2014.07.08-21.23.27:891][  0]LogCrashTracker: 


[2014.07.08-21.23.27:891][  0]LogWindows: === Critical error: ===
Unhandled Exception: EXCEPTION_ACCESS_VIOLATION reading address 0x00000008

[2014.07.08-21.23.27:891][  0]LogWindows: Fatal error!

Address = 0xe319acdc (filename not found) [in E:\Unreal Engine\4.2\Engine\Binaries\Win64\UE4Editor-Renderer.dll]
Address = 0xe31ca85e (filename not found) [in E:\Unreal Engine\4.2\Engine\Binaries\Win64\UE4Editor-Renderer.dll]
Address = 0xe31ca3a2 (filename not found) [in E:\Unreal Engine\4.2\Engine\Binaries\Win64\UE4Editor-Renderer.dll]
Address = 0xe3197f0d (filename not found) [in E:\Unreal Engine\4.2\Engine\Binaries\Win64\UE4Editor-Renderer.dll]
Address = 0xe7161b8a (filename not found) [in E:\Unreal Engine\4.2\Engine\Binaries\Win64\UE4Editor-Engine.dll]
Address = 0xdcba2433 (filename not found) [in E:\Unreal Engine\4.2\Engine\Binaries\Win64\UE4Editor-Persona.dll]
Address = 0xdcce7f5a (filename not found) [in E:\Unreal Engine\4.2\Engine\Binaries\Win64\UE4Editor-Persona.dll]
Address = 0xe587bba2 (filename not found) [in E:\Unreal Engine\4.2\Engine\Binaries\Win64\UE4Editor-UnrealEd.dll]
Address = 0xdcca52be (filename not found) [in E:\Unreal Engine\4.2\Engine\Binaries\Win64\UE4Editor-Persona.dll]
Address = 0xdcc919a6 (filename not found) [in E:\Unreal Engine\4.2\Engine\Binaries\Win64\UE4Editor-Persona.dll]
Address = 0xdcca5859 (filename not found) [in E:\Unreal Engine\4.2\Engine\Binaries\Win64\UE4Editor-Persona.dll]
Address = 0xdce11bca (filename not found) [in E:\Unreal Engine\4.2\Engine\Binaries\Win64\UE4Editor-Persona.dll]
Address = 0xdce16a22 (filename not found) [in E:\Unreal Engine\4.2\Engine\Binaries\Win64\UE4Editor-Persona.dll]
Address = 0xe3cbacdb (filename not found) [in E:\Unreal Engine\4.2\Engine\Binaries\Win64\UE4Editor-Kismet.dll]
Address = 0xe3c79c74 (filename not found) [in E:\Unreal Engine\4.2\Engine\Binaries\Win64\UE4Editor-Kismet.dll]
Address = 0xe3c7d568 (filename not found) [in E:\Unreal Engine\4.2\Engine\Binaries\Win64\UE4Editor-Kismet.dll]
Address = 0xe66a724a (filename not found) [in E:\Unreal Engine\4.2\Engine\Binaries\Win64\UE4Editor-Slate.dll]
Address = 0xe66d9863 (filename not found) [in E:\Unreal Engine\4.2\Engine\Binaries\Win64\UE4Editor-Slate.dll]
Address = 0xe66d5bec (filename not found) [in E:\Unreal Engine\4.2\Engine\Binaries\Win64\UE4Editor-Slate.dll]
Address = 0xe66d72f7 (filename not found) [in E:\Unreal Engine\4.2\Engine\Binaries\Win64\UE4Editor-Slate.dll]
Address = 0xe66d6baa (filename not found) [in E:\Unreal Engine\4.2\Engine\Binaries\Win64\UE4Editor-Slate.dll]
Address = 0xe66d72f7 (filename not found) [in E:\Unreal Engine\4.2\Engine\Binaries\Win64\UE4Editor-Slate.dll]
Address = 0xe66d6baa (filename not found) [in E:\Unreal Engine\4.2\Engine\Binaries\Win64\UE4Editor-Slate.dll]
Address = 0xe66d72f7 (filename not found) [in E:\Unreal Engine\4.2\Engine\Binaries\Win64\UE4Editor-Slate.dll]
Address = 0xe66d6995 (filename not found) [in E:\Unreal Engine\4.2\Engine\Binaries\Win64\UE4Editor-Slate.dll]
Address = 0xe66d5946 (filename not found) [in E:\Unreal Engine\4.2\Engine\Binaries\Win64\UE4Editor-Slate.dll]
Address = 0xe66d700e (filename not found) [in E:\Unreal Engine\4.2\Engine\Binaries\Win64\UE4Editor-Slate.dll]
Address = 0xe5d892b2 (filename not found) [in E:\Unreal Engine\4.2\Engine\Binaries\Win64\UE4Editor-UnrealEd.dll]
Address = 0xe5d890d6 (filename not found) [in E:\Unreal Engine\4.2\Engine\Binaries\Win64\UE4Editor-UnrealEd.dll]
Address = 0xe3cb9872 (filename not found) [in E:\Unreal Engine\4.2\Engine\Binaries\Win64\UE4Editor-Kismet.dll]
Address = 0xdcc1635b (filename not found) [in E:\Unreal Engine\4.2\Engine\Binaries\Win64\UE4Editor-Persona.dll]
Address = 0xdcbe7695 (filename not found) [in E:\Unreal Engine\4.2\Engine\Binaries\Win64\UE4Editor-Persona.dll]
Address = 0xdf3c737c (filename not found) [in E:\Unreal Engine\4.2\Engine\Binaries\Win64\UE4Editor-AssetTools.dll]
Address = 0xe5d85f4e (filename not found) [in E:\Unreal Engine\4.2\Engine\Binaries\Win64\UE4Editor-UnrealEd.dll]
Address = 0xe5d85b0e (filename not found) [in E:\Unreal Engine\4.2\Engine\Binaries\Win64\UE4Editor-UnrealEd.dll]
Address = 0xe5d84b4a (filename not found) [in E:\Unreal Engine\4.2\Engine\Binaries\Win64\UE4Editor-UnrealEd.dll]
Address = 0xe5d89abf (filename not found) [in E:\Unreal Engine\4.2\Engine\Binaries\Win64\UE4Editor-UnrealEd.dll]
Address = 0xde66d1f2 (filename not found) [in E:\Unreal Engine\4.2\Engine\Binaries\Win64\UE4Editor-MainFrame.dll]
Address = 0xde651874 (filename not found) [in E:\Unreal Engine\4.2\Engine\Binaries\Win64\UE4Editor-MainFrame.dll]
Address = 0xe59baf7c (filename not found) [in E:\Unreal Engine\4.2\Engine\Binaries\Win64\UE4Editor-UnrealEd.dll]
GuardedMain() 0x3f33d12d + 0 bytes [File=d:\buildfarm\buildmachine_++depot+ue4-releases+4.2\engine\source\runtime\launch\private\launch.cpp:124] [in E:\Unreal Engine\4.2\Engine\Binaries\Win64\UE4Editor.exe]
GuardedMainWrapper() 0x3f33d25a + 5 bytes [File=d:\buildfarm\buildmachine_++depot+ue4-releases+4.2\engine\source\runtime\launch\private\windows\launchwindows.cpp:125] [in E:\Unreal Engine\4.2\Engine\Binaries\Win64\UE4Editor.exe]
WinMain() 0x3f349119 + 17 bytes [File=d:\buildfarm\buildmachine_++depot+ue4-releases+4.2\engine\source\runtime\launch\private\windows\launchwindows.cpp:207] [in E:\Unreal Engine\4.2\Engine\Binaries\Win64\UE4Editor.exe]
__tmainCRTStartup() 0x3f349fa9 + 21 bytes [File=f:\dd\vctools\crt\crtw32\dllstuff\crtexe.c:618] [in E:\Unreal Engine\4.2\Engine\Binaries\Win64\UE4Editor.exe]
Address = 0x76aa59ed (filename not found) [in C:\Windows\system32\kernel32.dll]
Address = 0x76cdc541 (filename not found) [in C:\Windows\SYSTEM32\ntdll.dll]
Address = 0x76cdc541 (filename not found) [in C:\Windows\SYSTEM32\ntdll.dll]

[2014.07.08-21.23.27:891][  0]LogExit: Executing StaticShutdownAfterError
[2014.07.08-21.23.27:907][  0]LogWindows: FPlatformMisc::RequestExit(1)
[2014.07.08-21.23.27:907][  0]Log file closed, 07/08/14 23:23:27
