Log file open, 07/15/14 16:52:42
LogInit:Display: Running engine for game: MyProject3
LogInit: Version: 4.2.1-2101290+++depot+UE4-Releases+4.2
LogInit: Compiled (64-bit): Jun 10 2014 22:21:56
LogInit: Build Configuration: Development
LogInit: Branch Name: ++depot+UE4-Releases+4.2
LogInit: Command line:  
LogInit: Base directory: D:/Unreal Engine 4/Unreal Engine/4.2/Engine/Binaries/Win64/
LogInit: Rocket: 1
[2014.07.15-15.52.42:567][  0]LogTaskGraph: Started task graph with 3 named threads and 4 total threads.
[2014.07.15-15.52.42:614][  0]LogOnline:Warning: No default platform service specified for OnlineSubsystem
[2014.07.15-15.52.42:724][  0]LogInit: Presizing for 0 objects not considered by GC, pre-allocating 0 bytes.
[2014.07.15-15.52.42:724][  0]LogInit: Object subsystem initialized
[2014.07.15-15.52.42:739][  0]LogInit: Selected Device Profile: [Windows]
[2014.07.15-15.52.42:739][  0]LogInit: Applying CVar settings loaded from the selected device profile: [Windows]
[2014.07.15-15.52.42:755][  0]LogInit: Computer: MSI
[2014.07.15-15.52.42:755][  0]LogInit: User: spaeh000
[2014.07.15-15.52.42:757][  0]LogInit: CPU Page size=4096, Cores=4
[2014.07.15-15.52.42:757][  0]LogInit: High frequency timer resolution =2.435777 MHz
[2014.07.15-15.52.42:757][  0]LogMemory: Memory total: Physical=7.9GB (8GB approx) Virtual=131072.0GB
[2014.07.15-15.52.42:757][  0]LogMemory: Platform Memory Stats for Windows
[2014.07.15-15.52.42:757][  0]LogMemory: Process Physical Memory: 52.92 MB used, 52.92 MB peak
[2014.07.15-15.52.42:757][  0]LogMemory: Process Virtual Memory: 29.57 MB used, 29.57 MB peak
[2014.07.15-15.52.42:757][  0]LogMemory: Physical Memory: 2010.29 MB used, 8111.02 MB total
[2014.07.15-15.52.42:757][  0]LogMemory: Virtual Memory: 242.50 MB used, 134217728.00 MB total
[2014.07.15-15.52.43:252][  0]LogD3D11RHI: Found D3D11 adapter 0: NVIDIA GeForce GTX 860M (Feature Level 11_0)
[2014.07.15-15.52.43:252][  0]LogD3D11RHI: Adapter has 1985MB of dedicated video memory, 0MB of dedicated system memory, and 2048MB of shared system memory, 1 output[s]
[2014.07.15-15.52.43:259][  0]LogD3D11RHI: Found D3D11 adapter 1: Intel(R) HD Graphics 4600 (Feature Level 11_0)
[2014.07.15-15.52.43:259][  0]LogD3D11RHI: Adapter has 0MB of dedicated video memory, 0MB of dedicated system memory, and 1792MB of shared system memory, 0 output[s]
[2014.07.15-15.52.43:268][  0]LogD3D11RHI: Found D3D11 adapter 2: Microsoft Basic Render Driver (Feature Level 11_0)
[2014.07.15-15.52.43:268][  0]LogD3D11RHI: Adapter has 0MB of dedicated video memory, 0MB of dedicated system memory, and 256MB of shared system memory, 0 output[s]
[2014.07.15-15.52.43:268][  0]LogD3D11RHI: Chosen D3D11 Adapter Id = 0
[2014.07.15-15.52.43:278][  0]LogRHI: Texture pool is 1361 MB (70% of 1945 MB)
[2014.07.15-15.52.43:311][  0]LogD3D11RHI: Async texture creation enabled
[2014.07.15-15.52.43:664][  0]LogTextLocalizationManager:Warning: The selected culture 'de_DE' is not available; falling back to 'en'
[2014.07.15-15.52.43:732][  0]LogContentStreaming: Texture pool size is 0.000000MB
[2014.07.15-15.52.44:832][  0]LogTargetPlatformManager:Display: Building Assets For Windows
[2014.07.15-15.52.45:177][  0]LogTargetPlatformManager:Display: Building Assets For Windows
[2014.07.15-15.52.45:221][  0]LogDerivedDataCache:Display: Max Cache Size: 512 MB
[2014.07.15-15.52.45:368][  0]LogDerivedDataCache: Loaded boot cache 0.15s 39MB C:/Users/spaeh_000/AppData/Local/UnrealEngine/4.2/DerivedDataCache/Boot.ddc.
[2014.07.15-15.52.45:368][  0]LogDerivedDataCache:Display: Loaded Boot cache: C:/Users/spaeh_000/AppData/Local/UnrealEngine/4.2/DerivedDataCache/Boot.ddc
[2014.07.15-15.52.45:368][  0]LogDerivedDataCache: FDerivedDataBackendGraph:  Pak pak cache file ../../../../../../Unreal Projects/Waagenbau/MyProject3/DerivedDataCache/DDC.ddp not found, will not use a pak cache.
[2014.07.15-15.52.45:368][  0]LogDerivedDataCache: Unable to find inner node Pak for hierarchical cache Hierarchy.
[2014.07.15-15.52.45:390][  0]LogDerivedDataCache:Display: Pak cache opened for reading ../../../Engine/DerivedDataCache/DDC.ddp.
[2014.07.15-15.52.45:403][  0]LogDerivedDataCache: Using Local data cache path C:/Users/spaeh_000/AppData/Local/UnrealEngine/4.2/DerivedDataCache: Writable
[2014.07.15-15.52.45:593][  0]LogMeshUtilities: No automatic mesh reduction module available
[2014.07.15-15.52.45:593][  0]LogMeshUtilities: No automatic mesh merging module available
[2014.07.15-15.52.46:283][  0]LogInit: WinSock: version 1.1 (2.2), MaxSocks=32767, MaxUdp=65467
[2014.07.15-15.52.52:796][  0]LogStreaming:Warning: Failed to read file '../../../Engine/Content/Editor/Slate/Icons/ActorIcons/GroupActor_16x.png' error.
[2014.07.15-15.52.52:796][  0]LogSlate: Could not find file for Slate resource: ../../../Engine/Content/Editor/Slate/Icons/ActorIcons/GroupActor_16x.png
[2014.07.15-15.52.52:973][  0]LogStreaming:Warning: Failed to read file '../../../Engine/Content/Editor/Slate/Icons/ActorIcons/DecalActor_16x.png' error.
[2014.07.15-15.52.52:973][  0]LogSlate: Could not find file for Slate resource: ../../../Engine/Content/Editor/Slate/Icons/ActorIcons/DecalActor_16x.png
[2014.07.15-15.52.56:035][  0]UdpMessaging: Initializing bridge on interface 0.0.0.0:0 to multicast group 230.0.0.1:6666.
[2014.07.15-15.52.56:375][  0]SourceControl: Info Source control is disabled
[2014.07.15-15.52.56:375][  0]SourceControl: Info Source control is disabled
[2014.07.15-15.52.56:411][  0]SourceControl: Info Source control is disabled
[2014.07.15-15.52.57:123][  0]BlueprintLog: New page: Editor Load
[2014.07.15-15.52.57:741][  0]LogObj: 19203 objects as part of root set at end of initial load.
[2014.07.15-15.52.57:746][  0]LogUObjectAllocator: 3820576 out of 0 bytes used by permanent object pool.
[2014.07.15-15.52.58:866][  0]LogEngine: Initializing Engine...
[2014.07.15-15.52.59:435][  0]LogInit: XAudio2 using 'Speakers (Realtek High Definition Audio)' : 2 channels at 48 kHz using 32 bits per sample (channel mask 0x3)
[2014.07.15-15.53.00:059][  0]LogInit: FAudioDevice initialized.
[2014.07.15-15.53.00:156][  0]LogDerivedDataCache: Saved boot cache 0.05s 39MB C:/Users/spaeh_000/AppData/Local/UnrealEngine/4.2/DerivedDataCache/Boot.ddc.
[2014.07.15-15.53.00:161][  0]LogInit: Texture streaming: Enabled
[2014.07.15-15.53.00:385][  0]LogInit: Transaction tracking system initialized
[2014.07.15-15.53.01:633][  0]LogAssetRegistry: FAssetRegistry took 0.0103 seconds to start up
[2014.07.15-15.53.02:698][  0]LogModuleManager:Warning: ModuleManager: Unable to load module '' because the file was not found.
[2014.07.15-15.53.02:708][  0]LogModuleManager:Warning: ModuleManager: Unable to load module '' because the file was not found.
[2014.07.15-15.53.03:102][  0]LogConsoleResponse:Display: 
[2014.07.15-15.53.05:504][  0]SourceControl: Info Source control is disabled
[2014.07.15-15.53.05:504][  0]Cmd: MAP LOAD FILE="../../../../../../Unreal Projects/Waagenbau/MyProject3/Content/Maps/waagenbau.umap" TEMPLATE=0 SHOWPROGRESS=1 WORLDCOMPOSITION=0
[2014.07.15-15.53.05:520][  0]LightingResults: New page: Lighting Build
[2014.07.15-15.53.05:632][  0]MapCheck: New page: Map Check
[2014.07.15-15.53.05:632][  0]LightingResults: New page: Lighting Build
[2014.07.15-15.53.05:647][  0]LogParticles: Destroying 0 GPU particle simulations for FXSystem 0x00000036370B7EC0
[2014.07.15-15.53.10:793][  0]LogTexture:Display: Building textures: shirt_1_texture (AutoDXT)
[2014.07.15-15.53.11:168][  0]LogMaterial: Missing cached shader map for material cloth_Mat, compiling.
[2014.07.15-15.53.11:390][  0]LogBlueprint:Warning: Node '/Game/Blueprints/Assets/Cigarettes.cigarettes:UserConstructionScript.K2Node_VariableGet_424' missing NodeGuid.
[2014.07.15-15.53.11:417][  0]LogMaterial: Missing cached shader map for material lcd_texture_Mat, compiling.
[2014.07.15-15.53.11:517][  0]LogTexture:Display: Building textures: laptop_texture (AutoDXT)
[2014.07.15-15.53.12:432][  0]LogTexture:Display: Building textures: laptop_display (AutoDXT)
[2014.07.15-15.53.12:902][  0]LogTexture:Display: Building textures: trackbar (AutoDXT)
[2014.07.15-15.53.13:229][  0]LogMaterial: Missing cached shader map for material LCD_Display, compiling.
[2014.07.15-15.53.13:234][  0]LogStaticMesh: Building static mesh laptop...
[2014.07.15-15.53.13:306][  0]LogStaticMesh: Built static mesh [72.748039ms] /Game/Meshes/laptop.laptop
[2014.07.15-15.53.13:327][  0]LogStaticMesh: Building static mesh laptop_holder...
[2014.07.15-15.53.13:330][  0]LogStaticMesh: Built static mesh [3.435454ms] /Game/Meshes/laptop_holder.laptop_holder
[2014.07.15-15.53.13:560][  0]LogAudioDerivedData:Display: Building compressed audio format OGG wave sofamusik_-_Frei_nach_Schnauze...
[2014.07.15-15.53.26:894][  0]LogAudioDerivedData:Display: Building compressed audio format OGG wave Toteki_-_Dead...
[2014.07.15-15.53.36:950][  0]LogAudioDerivedData:Display: Building compressed audio format OGG wave Ziel100_-_Heerstrasse__Broombeck_Remix_...
[2014.07.15-15.53.50:292][  0]LogTexture:Display: Building textures: HQ_Lightmap0_2 (AutoDXT)
[2014.07.15-15.53.50:506][  0]LogTexture:Display: Building textures: HQ_Lightmap0_1 (AutoDXT)
[2014.07.15-15.53.51:741][  0]LogStaticMesh: Building static mesh sm_lcd...
[2014.07.15-15.53.51:743][  0]LogStaticMesh: Built static mesh [3.047487ms] /Game/Meshes/sm_lcd.sm_lcd
[2014.07.15-15.53.52:230][  0]LogTexture:Display: Building textures: LQ_Lightmap_0_1 (DXT1)
[2014.07.15-15.53.52:976][  0]LogTexture:Display: Building textures: LQ_Lightmap_0_2 (DXT1)
[2014.07.15-15.53.53:185][  0]LogTexture:Display: Building textures: ShadowMapTexture2D_2 (BGRA8)
[2014.07.15-15.53.53:227][  0]LogTexture:Display: Building textures: ShadowMapTexture2D_3 (BGRA8)
[2014.07.15-15.53.53:398][  0]LogBlueprintUserMessages:Warning: SetTimer passed a bad function () or object (DiscoLight_1_C_0)
[2014.07.15-15.53.53:400][  0]LogBlueprintUserMessages:Warning: SetTimer passed a bad function () or object (DiscoLight_1_C_1)
[2014.07.15-15.53.53:401][  0]LogBlueprintUserMessages:Warning: SetTimer passed a bad function () or object (DiscoLight_1_C_2)
[2014.07.15-15.53.53:402][  0]LogBlueprintUserMessages:Warning: SetTimer passed a bad function () or object (DiscoLight_1_C_3)
[2014.07.15-15.53.53:403][  0]LogBlueprintUserMessages:Warning: SetTimer passed a bad function () or object (DiscoLight_1_C_4)
[2014.07.15-15.53.53:403][  0]LogBlueprintUserMessages:Warning: SetTimer passed a bad function () or object (DiscoLight_1_C_5)
[2014.07.15-15.53.53:404][  0]LogBlueprintUserMessages:Warning: SetTimer passed a bad function () or object (DiscoLight_1_C_6)
[2014.07.15-15.53.53:405][  0]LogBlueprintUserMessages:Warning: SetTimer passed a bad function () or object (DiscoLight_1_C_7)
[2014.07.15-15.53.53:405][  0]LogBlueprintUserMessages:Warning: SetTimer passed a bad function () or object (DiscoLight_1_C_8)
[2014.07.15-15.53.53:406][  0]LogBlueprintUserMessages:Warning: SetTimer passed a bad function () or object (DiscoLight_1_C_9)
[2014.07.15-15.53.53:406][  0]LogBlueprintUserMessages:Warning: SetTimer passed a bad function () or object (DiscoLight_1_C_10)
[2014.07.15-15.53.53:407][  0]LogBlueprintUserMessages:Warning: SetTimer passed a bad function () or object (DiscoLight_1_C_11)
[2014.07.15-15.53.53:408][  0]LogBlueprintUserMessages:Warning: SetTimer passed a bad function () or object (DiscoLight_1_C_12)
[2014.07.15-15.53.53:408][  0]LogBlueprintUserMessages:Warning: SetTimer passed a bad function () or object (DiscoLight_1_C_13)
[2014.07.15-15.53.53:409][  0]LogBlueprintUserMessages:Warning: SetTimer passed a bad function () or object (DiscoLight_1_C_14)
[2014.07.15-15.53.53:410][  0]LogBlueprintUserMessages:Warning: SetTimer passed a bad function () or object (DiscoLight_1_C_15)
[2014.07.15-15.53.53:410][  0]LogBlueprintUserMessages:Warning: SetTimer passed a bad function () or object (DiscoLight_1_C_16)
[2014.07.15-15.53.53:411][  0]LogBlueprintUserMessages:Warning: SetTimer passed a bad function () or object (DiscoLight_1_C_17)
[2014.07.15-15.53.53:412][  0]LogBlueprintUserMessages:Warning: SetTimer passed a bad function () or object (DiscoLight_1_C_18)
[2014.07.15-15.53.53:412][  0]LogBlueprintUserMessages:Warning: SetTimer passed a bad function () or object (DiscoLight_1_C_20)
[2014.07.15-15.53.53:413][  0]LogBlueprintUserMessages:Warning: SetTimer passed a bad function () or object (DiscoLight_1_C_21)
[2014.07.15-15.53.53:414][  0]LogBlueprintUserMessages:Warning: SetTimer passed a bad function () or object (DiscoLight_1_C_22)
[2014.07.15-15.53.53:414][  0]LogBlueprintUserMessages:Warning: SetTimer passed a bad function () or object (DiscoLight_1_C_23)
[2014.07.15-15.53.53:584][  0]LogEditorServer: Finished looking for orphan Actors (0.000 secs)
[2014.07.15-15.53.53:619][  0]Cmd: MAP CHECKDEP
[2014.07.15-15.53.53:619][  0]MapCheck: New page: waagenbau - Jul 15, 2014, 5:53:53 PM
[2014.07.15-15.53.53:758][  0]MapCheck: Info ========== Map Check: 0 Error(s), 0 Warning(s), [138.769ms] ==========
[2014.07.15-15.53.53:758][  0]LogFileHelpers: Loading map 'waagenbau' took 48.254
[2014.07.15-15.53.54:619][  0]LogCrashTracker: Crashtracker disabled due to settings.
[2014.07.15-15.53.54:643][  0]Cmd: MODE PLACEMENT
[2014.07.15-15.53.54:966][  0]LogLoad: Full Startup: 73.44 seconds (BP compile: 0.66 seconds)
[2014.07.15-15.53.55:211][  0]LogRenderer:Warning: Reallocating scene render targets to support 32x32.
[2014.07.15-15.53.55:337][  0]LogRenderer:Warning: Reallocating scene render targets to support 1112x856.
[2014.07.15-15.53.55:624][  1]LogEpicStorage:Warning: EnumerateFiles request failed. Invalid response. code=403 error=<?xml version="1.0" encoding="UTF-8"?>
<Error><Code>AccessDenied</Code><Message>Access Denied</Message><RequestId>D3AFCE041DEDE29F</RequestId><HostId>HuIVtQgWEu67r9pSz5Jk5r1cRmzrdFztG6TcSLe02U+OjBikbI8zp1FzC93wOF7C</HostId></Error>
[2014.07.15-15.53.55:840][  2]LogEpicSurvey:Warning: EnumerateFiles request failed. Invalid response. code=403 error=<?xml version="1.0" encoding="UTF-8"?>
<Error><Code>AccessDenied</Code><Message>Access Denied</Message><RequestId>5428E0E31541A018</RequestId><HostId>fgKp1AOzr1Fenk21Tz0TCqXFSzoBeeYQMQsu0jfbuuZOaYWp8UVQZkzpCHKYMU8m</HostId></Error>
[2014.07.15-15.53.55:860][  2]LogAssetRegistry: Asset discovery search completed in 54.2378 seconds
[2014.07.15-15.53.55:939][  3]LogEpicStorage:Warning: EnumerateFiles request failed. Invalid response. code=403 error=<?xml version="1.0" encoding="UTF-8"?>
<Error><Code>AccessDenied</Code><Message>Access Denied</Message><RequestId>D3AFCE041DEDE29F</RequestId><HostId>HuIVtQgWEu67r9pSz5Jk5r1cRmzrdFztG6TcSLe02U+OjBikbI8zp1FzC93wOF7C</HostId></Error>
[2014.07.15-15.53.55:955][  4]LogEpicSurvey:Warning: EnumerateFiles request failed. Invalid response. code=403 error=<?xml version="1.0" encoding="UTF-8"?>
<Error><Code>AccessDenied</Code><Message>Access Denied</Message><RequestId>5428E0E31541A018</RequestId><HostId>fgKp1AOzr1Fenk21Tz0TCqXFSzoBeeYQMQsu0jfbuuZOaYWp8UVQZkzpCHKYMU8m</HostId></Error>
[2014.07.15-15.53.56:042][  6]LogEpicSurvey:Warning: EnumerateFiles request failed. Invalid response. code=403 error=<?xml version="1.0" encoding="UTF-8"?>
<Error><Code>AccessDenied</Code><Message>Access Denied</Message><RequestId>DF4F2D7D4981667A</RequestId><HostId>TgCJtHziGmvCEOd/ufoffGXDfa+KLtqAqq0grg7WeBwQ8dSkn9lXJbxZ6hxAPElf</HostId></Error>
[2014.07.15-15.53.56:173][  7]LogEpicStorage:Warning: ReadFile request failed. File request already pending for filename=http://cdn.unrealengine.com/newsfeed/blueprint_icon_b.png
[2014.07.15-15.53.56:182][  7]LogEpicStorage:Warning: ReadFile request failed. File request already pending for filename=http://cdn.unrealengine.com/newsfeed/blueprint_icon_b.png
[2014.07.15-15.54.08:957][194]LogPlayLevel: PIE:  No blueprints needed recompiling
[2014.07.15-15.54.08:989][194]PIE: New page: PIE session: waagenbau (Jul 15, 2014, 5:54:08 PM)
[2014.07.15-15.54.09:181][194]LogPlayLevel: PIE: StaticDuplicateObject took: (0.192555s)
[2014.07.15-15.54.09:183][194]LogPlayLevel: PIE: World Init took: (0.001574s)
[2014.07.15-15.54.09:185][194]LogPlayLevel: PIE: Created PIE world by copying editor world from /Game/Maps/waagenbau.waagenbau to /Game/Maps/UEDPIE_0_waagenbau.waagenbau (0.195801s)
[2014.07.15-15.54.09:341][194]LogBlueprint:Warning: [compiler] Warning InputAction Event references unknown Action 'Action' for  InputAction Action 
[2014.07.15-15.54.09:349][194]LogBlueprint:Warning: [compiler] Warning [0087.82] Compile of MyCharacter successful, but with 1 Warning(s) [in 34 ms]
[2014.07.15-15.54.09:398][194]LogBlueprint:Warning: [compiler] Warning InputAction Event references unknown Action 'Action' for  InputAction Action 
[2014.07.15-15.54.09:407][194]LogBlueprint:Warning: [compiler] Warning [0087.88] Compile of MyCharacter successful, but with 1 Warning(s) [in 16 ms]
[2014.07.15-15.54.09:475][194]LogWorld: Game class is 'MyGame_C'
[2014.07.15-15.54.10:331][194]LogOutputDevice: === Handled error: ===
Ensure condition failed: false [File:D:\BuildFarm\buildmachine_++depot+UE4-Releases+4.2\Engine\Source\Runtime\Engine\Private\SceneComponent.cpp] [Line: 670]
Template Mismatch during attachment. Attaching instanced component to template component. Parent 'SceneComp' Self 'Sprite'
Stack: Address = 0xc53fd866 (filename not found) [in D:\Unreal Engine 4\Unreal Engine\4.2\Engine\Binaries\Win64\UE4Editor-Core.dll]
Address = 0xc52a2101 (filename not found) [in D:\Unreal Engine 4\Unreal Engine\4.2\Engine\Binaries\Win64\UE4Editor-Core.dll]
Address = 0xc52a2347 (filename not found) [in D:\Unreal Engine 4\Unreal Engine\4.2\Engine\Binaries\Win64\UE4Editor-Core.dll]
Address = 0xc2dd3c04 (filename not found) [in D:\Unreal Engine 4\Unreal Engine\4.2\Engine\Binaries\Win64\UE4Editor-Engine.dll]
Address = 0xc2970e36 (filename not found) [in D:\Unreal Engine 4\Unreal Engine\4.2\Engine\Binaries\Win64\UE4Editor-Engine.dll]
Address = 0xc2c95bd9 (filename not found) [in D:\Unreal Engine 4\Unreal Engine\4.2\Engine\Binaries\Win64\UE4Editor-Engine.dll]
Address = 0xc309a45b (filename not found) [in D:\Unreal Engine 4\Unreal Engine\4.2\Engine\Binaries\Win64\UE4Editor-Engine.dll]
Address = 0xc3083d2c (filename not found) [in D:\Unreal Engine 4\Unreal Engine\4.2\Engine\Binaries\Win64\UE4Editor-Engine.dll]
Address = 0xc14692ca (filename not found) [in D:\Unreal Engine 4\Unreal Engine\4.2\Engine\Binaries\Win64\UE4Editor-UnrealEd.dll]
Address = 0xc1485524 (filename not found) [in D:\Unreal Engine 4\Unreal Engine\4.2\Engine\Binaries\Win64\UE4Editor-UnrealEd.dll]
Address = 0xc1495a4b (filename not found) [in D:\Unreal Engine 4\Unreal Engine\4.2\Engine\Binaries\Win64\UE4Editor-UnrealEd.dll]
Address = 0xc1295265 (filename not found) [in D:\Unreal Engine 4\Unreal Engine\4.2\Engine\Binaries\Win64\UE4Editor-UnrealEd.dll]
Address = 0xc1650606 (filename not found) [in D:\Unreal Engine 4\Unreal Engine\4.2\Engine\Binaries\Win64\UE4Editor-UnrealEd.dll]
FEngineLoop::Tick() 0x133c7b03 + 0 bytes [File=d:\buildfarm\buildmachine_++depot+ue4-releases+4.2\engine\source\runtime\launch\private\launchengineloop.cpp:2091] [in D:\Unreal Engine 4\Unreal Engine\4.2\Engine\Binaries\Win64\UE4Editor.exe]
GuardedMain() 0x133bd1ec + 0 bytes [File=d:\buildfarm\buildmachine_++depot+ue4-releases+4.2\engine\source\runtime\launch\private\launch.cpp:132] [in D:\Unreal Engine 4\Unreal Engine\4.2\Engine\Binaries\Win64\UE4Editor.exe]
GuardedMainWrapper() 0x133bd25a + 5 bytes [File=d:\buildfarm\buildmachine_++depot+ue4-releases+4.2\engine\source\runtime\launch\private\windows\launchwindows.cpp:125] [in D:\Unreal Engine 4\Unreal Engine\4.2\Engine\Binaries\Win64\UE4Editor.exe]
WinMain() 0x133c9119 + 17 bytes [File=d:\buildfarm\buildmachine_++depot+ue4-releases+4.2\engine\source\runtime\launch\private\windows\launchwindows.cpp:207] [in D:\Unreal Engine 4\Unreal Engine\4.2\Engine\Binaries\Win64\UE4Editor.exe]
__tmainCRTStartup() 0x133c9fa9 + 21 bytes [File=f:\dd\vctools\crt\crtw32\dllstuff\crtexe.c:618] [in D:\Unreal Engine 4\Unreal Engine\4.2\Engine\Binaries\Win64\UE4Editor.exe]
Address = 0xf60216ad (filename not found) [in C:\Windows\system32\KERNEL32.DLL]
Address = 0xf6564629 (filename not found) [in C:\Windows\SYSTEM32\ntdll.dll]
Address = 0xf6564629 (filename not found) [in C:\Windows\SYSTEM32\ntdll.dll]

[2014.07.15-15.54.10:886][194]LogOutputDevice: === Handled error: ===
Ensure condition failed: false [File:D:\BuildFarm\buildmachine_++depot+UE4-Releases+4.2\Engine\Source\Runtime\Engine\Private\SceneComponent.cpp] [Line: 670]
Template Mismatch during attachment. Attaching instanced component to template component. Parent 'SceneComp' Self 'Sprite'
Stack: Address = 0xc53fd866 (filename not found) [in D:\Unreal Engine 4\Unreal Engine\4.2\Engine\Binaries\Win64\UE4Editor-Core.dll]
Address = 0xc52a2101 (filename not found) [in D:\Unreal Engine 4\Unreal Engine\4.2\Engine\Binaries\Win64\UE4Editor-Core.dll]
Address = 0xc52a2347 (filename not found) [in D:\Unreal Engine 4\Unreal Engine\4.2\Engine\Binaries\Win64\UE4Editor-Core.dll]
Address = 0xc2dd3c04 (filename not found) [in D:\Unreal Engine 4\Unreal Engine\4.2\Engine\Binaries\Win64\UE4Editor-Engine.dll]
Address = 0xc2970e36 (filename not found) [in D:\Unreal Engine 4\Unreal Engine\4.2\Engine\Binaries\Win64\UE4Editor-Engine.dll]
Address = 0xc2c95bd9 (filename not found) [in D:\Unreal Engine 4\Unreal Engine\4.2\Engine\Binaries\Win64\UE4Editor-Engine.dll]
Address = 0xc309a45b (filename not found) [in D:\Unreal Engine 4\Unreal Engine\4.2\Engine\Binaries\Win64\UE4Editor-Engine.dll]
Address = 0xc3083d2c (filename not found) [in D:\Unreal Engine 4\Unreal Engine\4.2\Engine\Binaries\Win64\UE4Editor-Engine.dll]
Address = 0xc14692ca (filename not found) [in D:\Unreal Engine 4\Unreal Engine\4.2\Engine\Binaries\Win64\UE4Editor-UnrealEd.dll]
Address = 0xc1485524 (filename not found) [in D:\Unreal Engine 4\Unreal Engine\4.2\Engine\Binaries\Win64\UE4Editor-UnrealEd.dll]
Address = 0xc1495a4b (filename not found) [in D:\Unreal Engine 4\Unreal Engine\4.2\Engine\Binaries\Win64\UE4Editor-UnrealEd.dll]
Address = 0xc1295265 (filename not found) [in D:\Unreal Engine 4\Unreal Engine\4.2\Engine\Binaries\Win64\UE4Editor-UnrealEd.dll]
Address = 0xc1650606 (filename not found) [in D:\Unreal Engine 4\Unreal Engine\4.2\Engine\Binaries\Win64\UE4Editor-UnrealEd.dll]
FEngineLoop::Tick() 0x133c7b03 + 0 bytes [File=d:\buildfarm\buildmachine_++depot+ue4-releases+4.2\engine\source\runtime\launch\private\launchengineloop.cpp:2091] [in D:\Unreal Engine 4\Unreal Engine\4.2\Engine\Binaries\Win64\UE4Editor.exe]
GuardedMain() 0x133bd1ec + 0 bytes [File=d:\buildfarm\buildmachine_++depot+ue4-releases+4.2\engine\source\runtime\launch\private\launch.cpp:132] [in D:\Unreal Engine 4\Unreal Engine\4.2\Engine\Binaries\Win64\UE4Editor.exe]
GuardedMainWrapper() 0x133bd25a + 5 bytes [File=d:\buildfarm\buildmachine_++depot+ue4-releases+4.2\engine\source\runtime\launch\private\windows\launchwindows.cpp:125] [in D:\Unreal Engine 4\Unreal Engine\4.2\Engine\Binaries\Win64\UE4Editor.exe]
WinMain() 0x133c9119 + 17 bytes [File=d:\buildfarm\buildmachine_++depot+ue4-releases+4.2\engine\source\runtime\launch\private\windows\launchwindows.cpp:207] [in D:\Unreal Engine 4\Unreal Engine\4.2\Engine\Binaries\Win64\UE4Editor.exe]
__tmainCRTStartup() 0x133c9fa9 + 21 bytes [File=f:\dd\vctools\crt\crtw32\dllstuff\crtexe.c:618] [in D:\Unreal Engine 4\Unreal Engine\4.2\Engine\Binaries\Win64\UE4Editor.exe]
Address = 0xf60216ad (filename not found) [in C:\Windows\system32\KERNEL32.DLL]
Address = 0xf6564629 (filename not found) [in C:\Windows\SYSTEM32\ntdll.dll]
Address = 0xf6564629 (filename not found) [in C:\Windows\SYSTEM32\ntdll.dll]

[2014.07.15-15.54.10:914][194]LogOutputDevice: === Handled error: ===
Ensure condition failed: false [File:D:\BuildFarm\buildmachine_++depot+UE4-Releases+4.2\Engine\Source\Runtime\Engine\Private\SceneComponent.cpp] [Line: 670]
Template Mismatch during attachment. Attaching instanced component to template component. Parent 'SceneComp' Self 'Sprite'
Stack: Address = 0xc53fd866 (filename not found) [in D:\Unreal Engine 4\Unreal Engine\4.2\Engine\Binaries\Win64\UE4Editor-Core.dll]
Address = 0xc52a2101 (filename not found) [in D:\Unreal Engine 4\Unreal Engine\4.2\Engine\Binaries\Win64\UE4Editor-Core.dll]
Address = 0xc52a2347 (filename not found) [in D:\Unreal Engine 4\Unreal Engine\4.2\Engine\Binaries\Win64\UE4Editor-Core.dll]
Address = 0xc2dd3c04 (filename not found) [in D:\Unreal Engine 4\Unreal Engine\4.2\Engine\Binaries\Win64\UE4Editor-Engine.dll]
Address = 0xc2970e36 (filename not found) [in D:\Unreal Engine 4\Unreal Engine\4.2\Engine\Binaries\Win64\UE4Editor-Engine.dll]
Address = 0xc2c95bd9 (filename not found) [in D:\Unreal Engine 4\Unreal Engine\4.2\Engine\Binaries\Win64\UE4Editor-Engine.dll]
Address = 0xc309a45b (filename not found) [in D:\Unreal Engine 4\Unreal Engine\4.2\Engine\Binaries\Win64\UE4Editor-Engine.dll]
Address = 0xc3083d2c (filename not found) [in D:\Unreal Engine 4\Unreal Engine\4.2\Engine\Binaries\Win64\UE4Editor-Engine.dll]
Address = 0xc14692ca (filename not found) [in D:\Unreal Engine 4\Unreal Engine\4.2\Engine\Binaries\Win64\UE4Editor-UnrealEd.dll]
Address = 0xc1485524 (filename not found) [in D:\Unreal Engine 4\Unreal Engine\4.2\Engine\Binaries\Win64\UE4Editor-UnrealEd.dll]
Address = 0xc1495a4b (filename not found) [in D:\Unreal Engine 4\Unreal Engine\4.2\Engine\Binaries\Win64\UE4Editor-UnrealEd.dll]
Address = 0xc1295265 (filename not found) [in D:\Unreal Engine 4\Unreal Engine\4.2\Engine\Binaries\Win64\UE4Editor-UnrealEd.dll]
Address = 0xc1650606 (filename not found) [in D:\Unreal Engine 4\Unreal Engine\4.2\Engine\Binaries\Win64\UE4Editor-UnrealEd.dll]
FEngineLoop::Tick() 0x133c7b03 + 0 bytes [File=d:\buildfarm\buildmachine_++depot+ue4-releases+4.2\engine\source\runtime\launch\private\launchengineloop.cpp:2091] [in D:\Unreal Engine 4\Unreal Engine\4.2\Engine\Binaries\Win64\UE4Editor.exe]
GuardedMain() 0x133bd1ec + 0 bytes [File=d:\buildfarm\buildmachine_++depot+ue4-releases+4.2\engine\source\runtime\launch\private\launch.cpp:132] [in D:\Unreal Engine 4\Unreal Engine\4.2\Engine\Binaries\Win64\UE4Editor.exe]
GuardedMainWrapper() 0x133bd25a + 5 bytes [File=d:\buildfarm\buildmachine_++depot+ue4-releases+4.2\engine\source\runtime\launch\private\windows\launchwindows.cpp:125] [in D:\Unreal Engine 4\Unreal Engine\4.2\Engine\Binaries\Win64\UE4Editor.exe]
WinMain() 0x133c9119 + 17 bytes [File=d:\buildfarm\buildmachine_++depot+ue4-releases+4.2\engine\source\runtime\launch\private\windows\launchwindows.cpp:207] [in D:\Unreal Engine 4\Unreal Engine\4.2\Engine\Binaries\Win64\UE4Editor.exe]
__tmainCRTStartup() 0x133c9fa9 + 21 bytes [File=f:\dd\vctools\crt\crtw32\dllstuff\crtexe.c:618] [in D:\Unreal Engine 4\Unreal Engine\4.2\Engine\Binaries\Win64\UE4Editor.exe]
Address = 0xf60216ad (filename not found) [in C:\Windows\system32\KERNEL32.DLL]
Address = 0xf6564629 (filename not found) [in C:\Windows\SYSTEM32\ntdll.dll]
Address = 0xf6564629 (filename not found) [in C:\Windows\SYSTEM32\ntdll.dll]

[2014.07.15-15.54.10:938][194]LogOutputDevice: === Handled error: ===
Ensure condition failed: false [File:D:\BuildFarm\buildmachine_++depot+UE4-Releases+4.2\Engine\Source\Runtime\Engine\Private\SceneComponent.cpp] [Line: 670]
Template Mismatch during attachment. Attaching instanced component to template component. Parent 'SceneComp' Self 'Sprite'
Stack: Address = 0xc53fd866 (filename not found) [in D:\Unreal Engine 4\Unreal Engine\4.2\Engine\Binaries\Win64\UE4Editor-Core.dll]
Address = 0xc52a2101 (filename not found) [in D:\Unreal Engine 4\Unreal Engine\4.2\Engine\Binaries\Win64\UE4Editor-Core.dll]
Address = 0xc52a2347 (filename not found) [in D:\Unreal Engine 4\Unreal Engine\4.2\Engine\Binaries\Win64\UE4Editor-Core.dll]
Address = 0xc2dd3c04 (filename not found) [in D:\Unreal Engine 4\Unreal Engine\4.2\Engine\Binaries\Win64\UE4Editor-Engine.dll]
Address = 0xc2970e36 (filename not found) [in D:\Unreal Engine 4\Unreal Engine\4.2\Engine\Binaries\Win64\UE4Editor-Engine.dll]
Address = 0xc2c95bd9 (filename not found) [in D:\Unreal Engine 4\Unreal Engine\4.2\Engine\Binaries\Win64\UE4Editor-Engine.dll]
Address = 0xc309a45b (filename not found) [in D:\Unreal Engine 4\Unreal Engine\4.2\Engine\Binaries\Win64\UE4Editor-Engine.dll]
Address = 0xc3083d2c (filename not found) [in D:\Unreal Engine 4\Unreal Engine\4.2\Engine\Binaries\Win64\UE4Editor-Engine.dll]
Address = 0xc14692ca (filename not found) [in D:\Unreal Engine 4\Unreal Engine\4.2\Engine\Binaries\Win64\UE4Editor-UnrealEd.dll]
Address = 0xc1485524 (filename not found) [in D:\Unreal Engine 4\Unreal Engine\4.2\Engine\Binaries\Win64\UE4Editor-UnrealEd.dll]
Address = 0xc1495a4b (filename not found) [in D:\Unreal Engine 4\Unreal Engine\4.2\Engine\Binaries\Win64\UE4Editor-UnrealEd.dll]
Address = 0xc1295265 (filename not found) [in D:\Unreal Engine 4\Unreal Engine\4.2\Engine\Binaries\Win64\UE4Editor-UnrealEd.dll]
Address = 0xc1650606 (filename not found) [in D:\Unreal Engine 4\Unreal Engine\4.2\Engine\Binaries\Win64\UE4Editor-UnrealEd.dll]
FEngineLoop::Tick() 0x133c7b03 + 0 bytes [File=d:\buildfarm\buildmachine_++depot+ue4-releases+4.2\engine\source\runtime\launch\private\launchengineloop.cpp:2091] [in D:\Unreal Engine 4\Unreal Engine\4.2\Engine\Binaries\Win64\UE4Editor.exe]
GuardedMain() 0x133bd1ec + 0 bytes [File=d:\buildfarm\buildmachine_++depot+ue4-releases+4.2\engine\source\runtime\launch\private\launch.cpp:132] [in D:\Unreal Engine 4\Unreal Engine\4.2\Engine\Binaries\Win64\UE4Editor.exe]
GuardedMainWrapper() 0x133bd25a + 5 bytes [File=d:\buildfarm\buildmachine_++depot+ue4-releases+4.2\engine\source\runtime\launch\private\windows\launchwindows.cpp:125] [in D:\Unreal Engine 4\Unreal Engine\4.2\Engine\Binaries\Win64\UE4Editor.exe]
WinMain() 0x133c9119 + 17 bytes [File=d:\buildfarm\buildmachine_++depot+ue4-releases+4.2\engine\source\runtime\launch\private\windows\launchwindows.cpp:207] [in D:\Unreal Engine 4\Unreal Engine\4.2\Engine\Binaries\Win64\UE4Editor.exe]
__tmainCRTStartup() 0x133c9fa9 + 21 bytes [File=f:\dd\vctools\crt\crtw32\dllstuff\crtexe.c:618] [in D:\Unreal Engine 4\Unreal Engine\4.2\Engine\Binaries\Win64\UE4Editor.exe]
Address = 0xf60216ad (filename not found) [in C:\Windows\system32\KERNEL32.DLL]
Address = 0xf6564629 (filename not found) [in C:\Windows\SYSTEM32\ntdll.dll]
Address = 0xf6564629 (filename not found) [in C:\Windows\SYSTEM32\ntdll.dll]

[2014.07.15-15.54.10:962][194]LogOutputDevice: === Handled error: ===
Ensure condition failed: false [File:D:\BuildFarm\buildmachine_++depot+UE4-Releases+4.2\Engine\Source\Runtime\Engine\Private\SceneComponent.cpp] [Line: 670]
Template Mismatch during attachment. Attaching instanced component to template component. Parent 'SceneComp' Self 'Sprite'
Stack: Address = 0xc53fd866 (filename not found) [in D:\Unreal Engine 4\Unreal Engine\4.2\Engine\Binaries\Win64\UE4Editor-Core.dll]
Address = 0xc52a2101 (filename not found) [in D:\Unreal Engine 4\Unreal Engine\4.2\Engine\Binaries\Win64\UE4Editor-Core.dll]
Address = 0xc52a2347 (filename not found) [in D:\Unreal Engine 4\Unreal Engine\4.2\Engine\Binaries\Win64\UE4Editor-Core.dll]
Address = 0xc2dd3c04 (filename not found) [in D:\Unreal Engine 4\Unreal Engine\4.2\Engine\Binaries\Win64\UE4Editor-Engine.dll]
Address = 0xc2970e36 (filename not found) [in D:\Unreal Engine 4\Unreal Engine\4.2\Engine\Binaries\Win64\UE4Editor-Engine.dll]
Address = 0xc2c95bd9 (filename not found) [in D:\Unreal Engine 4\Unreal Engine\4.2\Engine\Binaries\Win64\UE4Editor-Engine.dll]
Address = 0xc309a45b (filename not found) [in D:\Unreal Engine 4\Unreal Engine\4.2\Engine\Binaries\Win64\UE4Editor-Engine.dll]
Address = 0xc3083d2c (filename not found) [in D:\Unreal Engine 4\Unreal Engine\4.2\Engine\Binaries\Win64\UE4Editor-Engine.dll]
Address = 0xc14692ca (filename not found) [in D:\Unreal Engine 4\Unreal Engine\4.2\Engine\Binaries\Win64\UE4Editor-UnrealEd.dll]
Address = 0xc1485524 (filename not found) [in D:\Unreal Engine 4\Unreal Engine\4.2\Engine\Binaries\Win64\UE4Editor-UnrealEd.dll]
Address = 0xc1495a4b (filename not found) [in D:\Unreal Engine 4\Unreal Engine\4.2\Engine\Binaries\Win64\UE4Editor-UnrealEd.dll]
Address = 0xc1295265 (filename not found) [in D:\Unreal Engine 4\Unreal Engine\4.2\Engine\Binaries\Win64\UE4Editor-UnrealEd.dll]
Address = 0xc1650606 (filename not found) [in D:\Unreal Engine 4\Unreal Engine\4.2\Engine\Binaries\Win64\UE4Editor-UnrealEd.dll]
FEngineLoop::Tick() 0x133c7b03 + 0 bytes [File=d:\buildfarm\buildmachine_++depot+ue4-releases+4.2\engine\source\runtime\launch\private\launchengineloop.cpp:2091] [in D:\Unreal Engine 4\Unreal Engine\4.2\Engine\Binaries\Win64\UE4Editor.exe]
GuardedMain() 0x133bd1ec + 0 bytes [File=d:\buildfarm\buildmachine_++depot+ue4-releases+4.2\engine\source\runtime\launch\private\launch.cpp:132] [in D:\Unreal Engine 4\Unreal Engine\4.2\Engine\Binaries\Win64\UE4Editor.exe]
GuardedMainWrapper() 0x133bd25a + 5 bytes [File=d:\buildfarm\buildmachine_++depot+ue4-releases+4.2\engine\source\runtime\launch\private\windows\launchwindows.cpp:125] [in D:\Unreal Engine 4\Unreal Engine\4.2\Engine\Binaries\Win64\UE4Editor.exe]
WinMain() 0x133c9119 + 17 bytes [File=d:\buildfarm\buildmachine_++depot+ue4-releases+4.2\engine\source\runtime\launch\private\windows\launchwindows.cpp:207] [in D:\Unreal Engine 4\Unreal Engine\4.2\Engine\Binaries\Win64\UE4Editor.exe]
__tmainCRTStartup() 0x133c9fa9 + 21 bytes [File=f:\dd\vctools\crt\crtw32\dllstuff\crtexe.c:618] [in D:\Unreal Engine 4\Unreal Engine\4.2\Engine\Binaries\Win64\UE4Editor.exe]
Address = 0xf60216ad (filename not found) [in C:\Windows\system32\KERNEL32.DLL]
Address = 0xf6564629 (filename not found) [in C:\Windows\SYSTEM32\ntdll.dll]
Address = 0xf6564629 (filename not found) [in C:\Windows\SYSTEM32\ntdll.dll]

[2014.07.15-15.54.10:986][194]LogOutputDevice: === Handled error: ===
Ensure condition failed: false [File:D:\BuildFarm\buildmachine_++depot+UE4-Releases+4.2\Engine\Source\Runtime\Engine\Private\SceneComponent.cpp] [Line: 670]
Template Mismatch during attachment. Attaching instanced component to template component. Parent 'SceneComp' Self 'Sprite'
Stack: Address = 0xc53fd866 (filename not found) [in D:\Unreal Engine 4\Unreal Engine\4.2\Engine\Binaries\Win64\UE4Editor-Core.dll]
Address = 0xc52a2101 (filename not found) [in D:\Unreal Engine 4\Unreal Engine\4.2\Engine\Binaries\Win64\UE4Editor-Core.dll]
Address = 0xc52a2347 (filename not found) [in D:\Unreal Engine 4\Unreal Engine\4.2\Engine\Binaries\Win64\UE4Editor-Core.dll]
Address = 0xc2dd3c04 (filename not found) [in D:\Unreal Engine 4\Unreal Engine\4.2\Engine\Binaries\Win64\UE4Editor-Engine.dll]
Address = 0xc2970e36 (filename not found) [in D:\Unreal Engine 4\Unreal Engine\4.2\Engine\Binaries\Win64\UE4Editor-Engine.dll]
Address = 0xc2c95bd9 (filename not found) [in D:\Unreal Engine 4\Unreal Engine\4.2\Engine\Binaries\Win64\UE4Editor-Engine.dll]
Address = 0xc309a45b (filename not found) [in D:\Unreal Engine 4\Unreal Engine\4.2\Engine\Binaries\Win64\UE4Editor-Engine.dll]
Address = 0xc3083d2c (filename not found) [in D:\Unreal Engine 4\Unreal Engine\4.2\Engine\Binaries\Win64\UE4Editor-Engine.dll]
Address = 0xc14692ca (filename not found) [in D:\Unreal Engine 4\Unreal Engine\4.2\Engine\Binaries\Win64\UE4Editor-UnrealEd.dll]
Address = 0xc1485524 (filename not found) [in D:\Unreal Engine 4\Unreal Engine\4.2\Engine\Binaries\Win64\UE4Editor-UnrealEd.dll]
Address = 0xc1495a4b (filename not found) [in D:\Unreal Engine 4\Unreal Engine\4.2\Engine\Binaries\Win64\UE4Editor-UnrealEd.dll]
Address = 0xc1295265 (filename not found) [in D:\Unreal Engine 4\Unreal Engine\4.2\Engine\Binaries\Win64\UE4Editor-UnrealEd.dll]
Address = 0xc1650606 (filename not found) [in D:\Unreal Engine 4\Unreal Engine\4.2\Engine\Binaries\Win64\UE4Editor-UnrealEd.dll]
FEngineLoop::Tick() 0x133c7b03 + 0 bytes [File=d:\buildfarm\buildmachine_++depot+ue4-releases+4.2\engine\source\runtime\launch\private\launchengineloop.cpp:2091] [in D:\Unreal Engine 4\Unreal Engine\4.2\Engine\Binaries\Win64\UE4Editor.exe]
GuardedMain() 0x133bd1ec + 0 bytes [File=d:\buildfarm\buildmachine_++depot+ue4-releases+4.2\engine\source\runtime\launch\private\launch.cpp:132] [in D:\Unreal Engine 4\Unreal Engine\4.2\Engine\Binaries\Win64\UE4Editor.exe]
GuardedMainWrapper() 0x133bd25a + 5 bytes [File=d:\buildfarm\buildmachine_++depot+ue4-releases+4.2\engine\source\runtime\launch\private\windows\launchwindows.cpp:125] [in D:\Unreal Engine 4\Unreal Engine\4.2\Engine\Binaries\Win64\UE4Editor.exe]
WinMain() 0x133c9119 + 17 bytes [File=d:\buildfarm\buildmachine_++depot+ue4-releases+4.2\engine\source\runtime\launch\private\windows\launchwindows.cpp:207] [in D:\Unreal Engine 4\Unreal Engine\4.2\Engine\Binaries\Win64\UE4Editor.exe]
__tmainCRTStartup() 0x133c9fa9 + 21 bytes [File=f:\dd\vctools\crt\crtw32\dllstuff\crtexe.c:618] [in D:\Unreal Engine 4\Unreal Engine\4.2\Engine\Binaries\Win64\UE4Editor.exe]
Address = 0xf60216ad (filename not found) [in C:\Windows\system32\KERNEL32.DLL]
Address = 0xf6564629 (filename not found) [in C:\Windows\SYSTEM32\ntdll.dll]
Address = 0xf6564629 (filename not found) [in C:\Windows\SYSTEM32\ntdll.dll]

[2014.07.15-15.54.11:013][194]LogOutputDevice: === Handled error: ===
Ensure condition failed: false [File:D:\BuildFarm\buildmachine_++depot+UE4-Releases+4.2\Engine\Source\Runtime\Engine\Private\SceneComponent.cpp] [Line: 670]
Template Mismatch during attachment. Attaching instanced component to template component. Parent 'SceneComp' Self 'Sprite'
Stack: Address = 0xc53fd866 (filename not found) [in D:\Unreal Engine 4\Unreal Engine\4.2\Engine\Binaries\Win64\UE4Editor-Core.dll]
Address = 0xc52a2101 (filename not found) [in D:\Unreal Engine 4\Unreal Engine\4.2\Engine\Binaries\Win64\UE4Editor-Core.dll]
Address = 0xc52a2347 (filename not found) [in D:\Unreal Engine 4\Unreal Engine\4.2\Engine\Binaries\Win64\UE4Editor-Core.dll]
Address = 0xc2dd3c04 (filename not found) [in D:\Unreal Engine 4\Unreal Engine\4.2\Engine\Binaries\Win64\UE4Editor-Engine.dll]
Address = 0xc2970e36 (filename not found) [in D:\Unreal Engine 4\Unreal Engine\4.2\Engine\Binaries\Win64\UE4Editor-Engine.dll]
Address = 0xc2c95bd9 (filename not found) [in D:\Unreal Engine 4\Unreal Engine\4.2\Engine\Binaries\Win64\UE4Editor-Engine.dll]
Address = 0xc309a45b (filename not found) [in D:\Unreal Engine 4\Unreal Engine\4.2\Engine\Binaries\Win64\UE4Editor-Engine.dll]
Address = 0xc3083d2c (filename not found) [in D:\Unreal Engine 4\Unreal Engine\4.2\Engine\Binaries\Win64\UE4Editor-Engine.dll]
Address = 0xc14692ca (filename not found) [in D:\Unreal Engine 4\Unreal Engine\4.2\Engine\Binaries\Win64\UE4Editor-UnrealEd.dll]
Address = 0xc1485524 (filename not found) [in D:\Unreal Engine 4\Unreal Engine\4.2\Engine\Binaries\Win64\UE4Editor-UnrealEd.dll]
Address = 0xc1495a4b (filename not found) [in D:\Unreal Engine 4\Unreal Engine\4.2\Engine\Binaries\Win64\UE4Editor-UnrealEd.dll]
Address = 0xc1295265 (filename not found) [in D:\Unreal Engine 4\Unreal Engine\4.2\Engine\Binaries\Win64\UE4Editor-UnrealEd.dll]
Address = 0xc1650606 (filename not found) [in D:\Unreal Engine 4\Unreal Engine\4.2\Engine\Binaries\Win64\UE4Editor-UnrealEd.dll]
FEngineLoop::Tick() 0x133c7b03 + 0 bytes [File=d:\buildfarm\buildmachine_++depot+ue4-releases+4.2\engine\source\runtime\launch\private\launchengineloop.cpp:2091] [in D:\Unreal Engine 4\Unreal Engine\4.2\Engine\Binaries\Win64\UE4Editor.exe]
GuardedMain() 0x133bd1ec + 0 bytes [File=d:\buildfarm\buildmachine_++depot+ue4-releases+4.2\engine\source\runtime\launch\private\launch.cpp:132] [in D:\Unreal Engine 4\Unreal Engine\4.2\Engine\Binaries\Win64\UE4Editor.exe]
GuardedMainWrapper() 0x133bd25a + 5 bytes [File=d:\buildfarm\buildmachine_++depot+ue4-releases+4.2\engine\source\runtime\launch\private\windows\launchwindows.cpp:125] [in D:\Unreal Engine 4\Unreal Engine\4.2\Engine\Binaries\Win64\UE4Editor.exe]
WinMain() 0x133c9119 + 17 bytes [File=d:\buildfarm\buildmachine_++depot+ue4-releases+4.2\engine\source\runtime\launch\private\windows\launchwindows.cpp:207] [in D:\Unreal Engine 4\Unreal Engine\4.2\Engine\Binaries\Win64\UE4Editor.exe]
__tmainCRTStartup() 0x133c9fa9 + 21 bytes [File=f:\dd\vctools\crt\crtw32\dllstuff\crtexe.c:618] [in D:\Unreal Engine 4\Unreal Engine\4.2\Engine\Binaries\Win64\UE4Editor.exe]
Address = 0xf60216ad (filename not found) [in C:\Windows\system32\KERNEL32.DLL]
Address = 0xf6564629 (filename not found) [in C:\Windows\SYSTEM32\ntdll.dll]
Address = 0xf6564629 (filename not found) [in C:\Windows\SYSTEM32\ntdll.dll]

[2014.07.15-15.54.11:042][194]LogBlueprintUserMessages:Warning: SetTimer passed a bad function () or object (DiscoLight_1_C_0)
[2014.07.15-15.54.11:044][194]LogBlueprintUserMessages:Warning: SetTimer passed a bad function () or object (DiscoLight_1_C_1)
[2014.07.15-15.54.11:046][194]LogBlueprintUserMessages:Warning: SetTimer passed a bad function () or object (DiscoLight_1_C_2)
[2014.07.15-15.54.11:048][194]LogBlueprintUserMessages:Warning: SetTimer passed a bad function () or object (DiscoLight_1_C_3)
[2014.07.15-15.54.11:049][194]LogBlueprintUserMessages:Warning: SetTimer passed a bad function () or object (DiscoLight_1_C_4)
[2014.07.15-15.54.11:051][194]LogBlueprintUserMessages:Warning: SetTimer passed a bad function () or object (DiscoLight_1_C_5)
[2014.07.15-15.54.11:053][194]LogBlueprintUserMessages:Warning: SetTimer passed a bad function () or object (DiscoLight_1_C_6)
[2014.07.15-15.54.11:054][194]LogBlueprintUserMessages:Warning: SetTimer passed a bad function () or object (DiscoLight_1_C_7)
[2014.07.15-15.54.11:056][194]LogBlueprintUserMessages:Warning: SetTimer passed a bad function () or object (DiscoLight_1_C_8)
[2014.07.15-15.54.11:058][194]LogBlueprintUserMessages:Warning: SetTimer passed a bad function () or object (DiscoLight_1_C_9)
[2014.07.15-15.54.11:059][194]LogBlueprintUserMessages:Warning: SetTimer passed a bad function () or object (DiscoLight_1_C_10)
[2014.07.15-15.54.11:061][194]LogBlueprintUserMessages:Warning: SetTimer passed a bad function () or object (DiscoLight_1_C_11)
[2014.07.15-15.54.11:063][194]LogBlueprintUserMessages:Warning: SetTimer passed a bad function () or object (DiscoLight_1_C_12)
[2014.07.15-15.54.11:064][194]LogBlueprintUserMessages:Warning: SetTimer passed a bad function () or object (DiscoLight_1_C_13)
[2014.07.15-15.54.11:066][194]LogBlueprintUserMessages:Warning: SetTimer passed a bad function () or object (DiscoLight_1_C_14)
[2014.07.15-15.54.11:068][194]LogBlueprintUserMessages:Warning: SetTimer passed a bad function () or object (DiscoLight_1_C_15)
[2014.07.15-15.54.11:070][194]LogBlueprintUserMessages:Warning: SetTimer passed a bad function () or object (DiscoLight_1_C_16)
[2014.07.15-15.54.11:071][194]LogBlueprintUserMessages:Warning: SetTimer passed a bad function () or object (DiscoLight_1_C_17)
[2014.07.15-15.54.11:074][194]LogBlueprintUserMessages:Warning: SetTimer passed a bad function () or object (DiscoLight_1_C_18)
[2014.07.15-15.54.11:076][194]LogBlueprintUserMessages:Warning: SetTimer passed a bad function () or object (DiscoLight_1_C_20)
[2014.07.15-15.54.11:078][194]LogBlueprintUserMessages:Warning: SetTimer passed a bad function () or object (DiscoLight_1_C_21)
[2014.07.15-15.54.11:080][194]LogBlueprintUserMessages:Warning: SetTimer passed a bad function () or object (DiscoLight_1_C_22)
[2014.07.15-15.54.11:082][194]LogBlueprintUserMessages:Warning: SetTimer passed a bad function () or object (DiscoLight_1_C_23)
[2014.07.15-15.54.11:394][194]LogWorld:Warning: *** WARNING - PATHS MAY NOT BE VALID ***
[2014.07.15-15.54.11:394][194]LogWorld: Bringing World /Game/Maps/UEDPIE_0_waagenbau.waagenbau up for play (max tick rate 0) at 2014.07.15-16.54.11
[2014.07.15-15.54.11:590][194]LogWorld: Bringing up level for play took: 1.989983
[2014.07.15-15.54.11:698][194]LogPlayerController: Spawned spectator SpectatorPawn_0 [server:1]
[2014.07.15-15.54.11:713][194]LogGameMode: RestartPlayer 256
[2014.07.15-15.54.11:717][194]LogPawn:Error: EnableInput can only be specified on a Pawn for its Controller
[2014.07.15-15.54.11:745][194]LogPlayerController: ClientRestart_Implementation MyCharacter_C_0
[2014.07.15-15.54.11:745][194]LogPlayerController: ServerAcknowledgePossession_Implementation MyCharacter_C_0
[2014.07.15-15.54.11:934][194]PIE: Info Play in editor start time for /Game/Maps/UEDPIE_0_waagenbau 3.433
[2014.07.15-15.54.12:547][194]LogRenderer:Warning: Reallocating scene render targets to support 1296x856.
[2014.07.15-15.54.12:821][194]LogRenderer:Warning: Reallocating scene render targets to support 1296x864.
[2014.07.15-15.54.16:489][224]LogRenderer:Warning: Reallocating scene render targets to support 1920x976.
[2014.07.15-15.54.17:613][231]LogPawn:Error: EnableInput can only be specified on a Pawn for its Controller
[2014.07.15-15.54.17:751][232]LogPawn:Error: DisableInput can only be specified on a Pawn for its Controller
[2014.07.15-15.54.27:521][308]LogPawn:Error: EnableInput can only be specified on a Pawn for its Controller
[2014.07.15-15.54.27:653][309]LogPawn:Error: DisableInput can only be specified on a Pawn for its Controller
[2014.07.15-15.54.28:829][318]LogPawn:Error: EnableInput can only be specified on a Pawn for its Controller
[2014.07.15-15.54.28:829][318]LogPawn:Error: DisableInput can only be specified on a Pawn for its Controller
[2014.07.15-15.54.35:460][363]LogParticles: Destroying 0 GPU particle simulations for FXSystem 0x000000364727C180
[2014.07.15-15.54.38:160][375]Cmd: QUIT_EDITOR
[2014.07.15-15.54.38:355][375]LogWindowsTextInputMethodSystem:Error: Terminating failed while unadvising the language notification sink from the TSF source.
[2014.07.15-15.54.38:360][375]LogExit: Preparing to exit.
[2014.07.15-15.54.39:613][375]LogExit: Editor shut down
[2014.07.15-15.54.39:614][375]LogExit: Transaction tracking system shut down
[2014.07.15-15.54.39:622][375]LogParticles: Destroying 0 GPU particle simulations for FXSystem 0x0000003654103A60
[2014.07.15-15.54.40:052][375]LogParticles: Destroying 0 GPU particle simulations for FXSystem 0x000000363F6F3EC0
[2014.07.15-15.54.40:053][375]LogParticles: Destroying 0 GPU particle simulations for FXSystem 0x0000003651D6EE80
[2014.07.15-15.54.40:053][375]LogParticles: Destroying 0 GPU particle simulations for FXSystem 0x0000003651D6EF20
[2014.07.15-15.54.40:053][375]LogExit: Object subsystem successfully closed.
[2014.07.15-15.54.40:317][375]LogModuleManager: Shutting down and abandoning module AndroidDeviceDetection (163)
[2014.07.15-15.54.40:317][375]LogModuleManager: Shutting down and abandoning module CrashTracker (162)
[2014.07.15-15.54.40:317][375]LogModuleManager: Shutting down and abandoning module HTTP (161)
[2014.07.15-15.54.40:317][375]LogModuleManager: Shutting down and abandoning module NewsFeed (160)
[2014.07.15-15.54.40:317][375]LogModuleManager: Shutting down and abandoning module SceneOutliner (159)
[2014.07.15-15.54.40:317][375]LogModuleManager: Shutting down and abandoning module StatsViewer (158)
[2014.07.15-15.54.40:317][375]LogModuleManager: Shutting down and abandoning module FoliageEdit (157)
[2014.07.15-15.54.40:328][375]LogModuleManager: Shutting down and abandoning module LandscapeEditor (156)
[2014.07.15-15.54.40:423][375]LogModuleManager: Shutting down and abandoning module MeshPaint (155)
[2014.07.15-15.54.40:434][375]LogModuleManager: Shutting down and abandoning module ActorPickerMode (154)
[2014.07.15-15.54.40:434][375]LogModuleManager: Shutting down and abandoning module GeometryMode (153)
[2014.07.15-15.54.40:434][375]LogModuleManager: Shutting down and abandoning module TextureAlignMode (152)
[2014.07.15-15.54.40:434][375]LogModuleManager: Shutting down and abandoning module BspMode (151)
[2014.07.15-15.54.40:434][375]LogModuleManager: Shutting down and abandoning module PlacementMode (150)
[2014.07.15-15.54.40:435][375]LogModuleManager: Shutting down and abandoning module AutomationWorker (149)
[2014.07.15-15.54.40:435][375]LogModuleManager: Shutting down and abandoning module ViewportSnapping (148)
[2014.07.15-15.54.40:435][375]LogModuleManager: Shutting down and abandoning module DeviceProfileEditor (147)
[2014.07.15-15.54.40:435][375]LogModuleManager: Shutting down and abandoning module UndoHistory (146)
[2014.07.15-15.54.40:435][375]LogModuleManager: Shutting down and abandoning module GameplayTagsEditor (145)
[2014.07.15-15.54.40:435][375]LogModuleManager: Shutting down and abandoning module UserFeedback (144)
[2014.07.15-15.54.40:435][375]LogModuleManager: Shutting down and abandoning module XmlParser (143)
[2014.07.15-15.54.40:435][375]LogModuleManager: Shutting down and abandoning module Blutility (142)
[2014.07.15-15.54.40:435][375]LogModuleManager: Shutting down and abandoning module AndroidPlatformEditor (139)
[2014.07.15-15.54.40:436][375]LogModuleManager: Shutting down and abandoning module AndroidRuntimeSettings (138)
[2014.07.15-15.54.40:436][375]LogModuleManager: Shutting down and abandoning module ProjectSettingsViewer (137)
[2014.07.15-15.54.40:436][375]LogModuleManager: Shutting down and abandoning module InputBindingEditor (136)
[2014.07.15-15.54.40:436][375]LogModuleManager: Shutting down and abandoning module EditorSettingsViewer (135)
[2014.07.15-15.54.40:436][375]LogModuleManager: Shutting down and abandoning module SettingsEditor (134)
[2014.07.15-15.54.40:436][375]LogModuleManager: Shutting down and abandoning module SessionLauncher (133)
[2014.07.15-15.54.40:450][375]LogModuleManager: Shutting down and abandoning module SessionFrontend (132)
[2014.07.15-15.54.40:458][375]LogModuleManager: Shutting down and abandoning module ProfilerClient (131)
[2014.07.15-15.54.40:458][375]LogModuleManager: Shutting down and abandoning module TargetDeviceServices (130)
[2014.07.15-15.54.40:459][375]LogModuleManager: Shutting down and abandoning module DeviceManager (129)
[2014.07.15-15.54.40:477][375]LogModuleManager: Shutting down and abandoning module AutomationController (128)
[2014.07.15-15.54.40:478][375]LogModuleManager: Shutting down and abandoning module AutomationWindow (127)
[2014.07.15-15.54.40:491][375]LogModuleManager: Shutting down and abandoning module Layers (126)
[2014.07.15-15.54.40:513][375]LogModuleManager: Shutting down and abandoning module ComponentVisualizers (125)
[2014.07.15-15.54.40:513][375]LogModuleManager: Shutting down and abandoning module DetailCustomizations (124)
[2014.07.15-15.54.40:558][375]LogModuleManager: Shutting down and abandoning module PackagesDialog (123)
[2014.07.15-15.54.40:573][375]LogModuleManager: Shutting down and abandoning module DirectoryWatcher (122)
[2014.07.15-15.54.40:573][375]LogModuleManager: Shutting down and abandoning module AssetRegistry (121)
[2014.07.15-15.54.40:715][375]LogModuleManager: Shutting down and abandoning module Persona (120)
[2014.07.15-15.54.40:721][375]LogModuleManager: Shutting down and abandoning module GraphEditor (119)
[2014.07.15-15.54.40:732][375]LogModuleManager: Shutting down and abandoning module ContentBrowser (118)
[2014.07.15-15.54.40:757][375]LogModuleManager: Shutting down and abandoning module ClassViewer (117)
[2014.07.15-15.54.40:757][375]LogModuleManager: Shutting down and abandoning module Toolbox (116)
[2014.07.15-15.54.40:757][375]LogModuleManager: Shutting down and abandoning module ModuleUI (115)
[2014.07.15-15.54.40:757][375]LogModuleManager: Shutting down and abandoning module Sequencer (114)
[2014.07.15-15.54.40:776][375]LogModuleManager: Shutting down and abandoning module MovieSceneTools (113)
[2014.07.15-15.54.40:784][375]LogModuleManager: Shutting down and abandoning module OutputLog (112)
[2014.07.15-15.54.40:784][375]LogModuleManager: Shutting down and abandoning module GammaUI (111)
[2014.07.15-15.54.40:784][375]LogModuleManager: Shutting down and abandoning module Documentation (110)
[2014.07.15-15.54.40:784][375]LogModuleManager: Shutting down and abandoning module DesktopPlatform (109)
[2014.07.15-15.54.40:790][375]LogModuleManager: Shutting down and abandoning module StreamingPauseRendering (108)
[2014.07.15-15.54.40:790][375]LogModuleManager: Shutting down and abandoning module AnalyticsET (107)
[2014.07.15-15.54.40:790][375]LogModuleManager: Shutting down and abandoning module Analytics (106)
[2014.07.15-15.54.40:790][375]LogModuleManager: Shutting down and abandoning module ProfilerService (105)
[2014.07.15-15.54.40:979][375]LogModuleManager: Shutting down and abandoning module TaskGraph (104)
[2014.07.15-15.54.41:000][375]LogModuleManager: Shutting down and abandoning module GameProjectGeneration (103)
[2014.07.15-15.54.41:000][375]LogModuleManager: Shutting down and abandoning module Matinee (102)
[2014.07.15-15.54.41:006][375]LogModuleManager: Shutting down and abandoning module Kismet (101)
[2014.07.15-15.54.41:029][375]LogModuleManager: Shutting down and abandoning module SlateReflector (100)
[2014.07.15-15.54.41:029][375]LogModuleManager: Shutting down and abandoning module LevelEditor (99)
[2014.07.15-15.54.41:031][375]LogModuleManager: Shutting down and abandoning module MainFrame (98)
[2014.07.15-15.54.41:032][375]LogModuleManager: Shutting down and abandoning module SourceControl (97)
[2014.07.15-15.54.41:032][375]LogModuleManager: Shutting down and abandoning module ImageWrapper (96)
[2014.07.15-15.54.41:032][375]LogModuleManager: Shutting down and abandoning module OnlineBlueprintSupport (95)
[2014.07.15-15.54.41:032][375]LogModuleManager: Shutting down and abandoning module PropertyEditor (94)
[2014.07.15-15.54.41:032][375]LogModuleManager: Shutting down and abandoning module AssetTools (93)
[2014.07.15-15.54.41:073][375]LogModuleManager: Shutting down and abandoning module BehaviorTreeEditor (92)
[2014.07.15-15.54.41:090][375]LogModuleManager: Shutting down and abandoning module FunctionalTesting (91)
[2014.07.15-15.54.41:090][375]LogModuleManager: Shutting down and abandoning module CollisionAnalyzer (90)
[2014.07.15-15.54.41:098][375]LogModuleManager: Shutting down and abandoning module WorkspaceMenuStructure (89)
[2014.07.15-15.54.41:108][375]LogModuleManager: Shutting down and abandoning module MessageLog (88)
[2014.07.15-15.54.41:108][375]LogModuleManager: Shutting down and abandoning module Slate (87)
[2014.07.15-15.54.41:108][375]LogModuleManager: Shutting down and abandoning module EditorStyle (86)
[2014.07.15-15.54.41:112][375]LogModuleManager: Shutting down and abandoning module SessionServices (85)
[2014.07.15-15.54.41:112][375]LogModuleManager: Shutting down and abandoning module Messaging (84)
[2014.07.15-15.54.41:112][375]LogModuleManager: Shutting down and abandoning module SourceCodeAccess (83)
[2014.07.15-15.54.41:112][375]LogModuleManager: Shutting down and abandoning module HeadMountedDisplay (82)
[2014.07.15-15.54.41:112][375]LogModuleManager: Shutting down and abandoning module XAudio2 (81)
[2014.07.15-15.54.41:112][375]LogModuleManager: Shutting down and abandoning module Networking (79)
[2014.07.15-15.54.41:112][375]LogModuleManager: Shutting down and abandoning module Core (78)
[2014.07.15-15.54.41:112][375]LogModuleManager: Shutting down and abandoning module KismetCompiler (77)
[2014.07.15-15.54.41:112][375]LogModuleManager: Shutting down and abandoning module PhysXFormats (76)
[2014.07.15-15.54.41:112][375]LogModuleManager: Shutting down and abandoning module SimplygonMeshReduction (75)
[2014.07.15-15.54.41:112][375]LogModuleManager: Shutting down and abandoning module MeshUtilities (74)
[2014.07.15-15.54.41:112][375]LogModuleManager: Shutting down and abandoning module DerivedDataCache (73)
[2014.07.15-15.54.41:223][375]LogDerivedDataCache: Shutdown
[2014.07.15-15.54.41:223][375]LogModuleManager: Shutting down and abandoning module ShaderFormatOpenGL (72)
[2014.07.15-15.54.41:223][375]LogModuleManager: Shutting down and abandoning module ShaderFormatD3D (71)
[2014.07.15-15.54.41:224][375]LogModuleManager: Shutting down and abandoning module TextureFormatUncompressed (70)
[2014.07.15-15.54.41:224][375]LogModuleManager: Shutting down and abandoning module TextureFormatPVR (69)
[2014.07.15-15.54.41:224][375]LogModuleManager: Shutting down and abandoning module TextureFormatDXT (68)
[2014.07.15-15.54.41:224][375]LogModuleManager: Shutting down and abandoning module TextureFormatAndroid (67)
[2014.07.15-15.54.41:224][375]LogModuleManager: Shutting down and abandoning module AudioFormatOpus (66)
[2014.07.15-15.54.41:224][375]LogModuleManager: Shutting down and abandoning module AudioFormatOgg (65)
[2014.07.15-15.54.41:224][375]LogModuleManager: Shutting down and abandoning module AudioFormatADPCM (64)
[2014.07.15-15.54.41:224][375]LogModuleManager: Shutting down and abandoning module Android_PVRTCTargetPlatform (63)
[2014.07.15-15.54.41:224][375]LogModuleManager: Shutting down and abandoning module Android_ETC2TargetPlatform (62)
[2014.07.15-15.54.41:224][375]LogModuleManager: Shutting down and abandoning module Android_ETC1TargetPlatform (61)
[2014.07.15-15.54.41:224][375]LogModuleManager: Shutting down and abandoning module Android_DXTTargetPlatform (60)
[2014.07.15-15.54.41:224][375]LogModuleManager: Shutting down and abandoning module Android_ATCTargetPlatform (59)
[2014.07.15-15.54.41:224][375]LogModuleManager: Shutting down and abandoning module AndroidTargetPlatform (58)
[2014.07.15-15.54.41:224][375]LogModuleManager: Shutting down and abandoning module WindowsTargetPlatform (57)
[2014.07.15-15.54.41:224][375]LogModuleManager: Shutting down and abandoning module WindowsServerTargetPlatform (56)
[2014.07.15-15.54.41:224][375]LogModuleManager: Shutting down and abandoning module WindowsNoEditorTargetPlatform (55)
[2014.07.15-15.54.41:224][375]LogModuleManager: Shutting down and abandoning module WindowsClientTargetPlatform (54)
[2014.07.15-15.54.41:224][375]LogModuleManager: Shutting down and abandoning module TargetPlatform (53)
[2014.07.15-15.54.41:224][375]LogModuleManager: Shutting down and abandoning module InputCore (52)
[2014.07.15-15.54.41:224][375]LogModuleManager: Shutting down and abandoning module Settings (51)
[2014.07.15-15.54.41:224][375]LogModuleManager: Shutting down and abandoning module TextureCompressor (48)
[2014.07.15-15.54.41:224][375]LogModuleManager: Shutting down and abandoning module ShaderCore (47)
[2014.07.15-15.54.41:224][375]LogModuleManager: Shutting down and abandoning module OpenGLDrv (46)
[2014.07.15-15.54.41:224][375]LogModuleManager: Shutting down and abandoning module D3D11RHI (45)
[2014.07.15-15.54.41:224][375]LogModuleManager: Shutting down and abandoning module SlateRHIRenderer (44)
[2014.07.15-15.54.41:224][375]LogModuleManager: Shutting down and abandoning module Renderer (43)
[2014.07.15-15.54.41:224][375]LogModuleManager: Shutting down and abandoning module Engine (42)
[2014.07.15-15.54.41:225][375]LogModuleManager: Shutting down and abandoning module SlateRemote (41)
[2014.07.15-15.54.41:225][375]LogModuleManager: Shutting down and abandoning module ScriptPlugin (40)
[2014.07.15-15.54.41:228][375]LogModuleManager: Shutting down and abandoning module ScriptEditorPlugin (38)
[2014.07.15-15.54.41:228][375]LogModuleManager: Shutting down and abandoning module WindowsMoviePlayer (37)
[2014.07.15-15.54.41:236][375]LogModuleManager: Shutting down and abandoning module ExampleDeviceProfileSelector (32)
[2014.07.15-15.54.41:236][375]LogModuleManager: Shutting down and abandoning module CustomMeshComponent (31)
[2014.07.15-15.54.41:236][375]LogModuleManager: Shutting down and abandoning module CableComponent (30)
[2014.07.15-15.54.41:236][375]LogModuleManager: Shutting down and abandoning module OculusRift (26)
[2014.07.15-15.54.41:236][375]LogModuleManager: Shutting down and abandoning module UdpMessaging (25)
[2014.07.15-15.54.41:336][375]LogModuleManager: Shutting down and abandoning module MessagingDebugger (24)
[2014.07.15-15.54.41:349][375]LogModuleManager: Shutting down and abandoning module PluginsEditor (14)
[2014.07.15-15.54.41:349][375]LogModuleManager: Shutting down and abandoning module IntroTutorials (13)
[2014.07.15-15.54.41:349][375]LogModuleManager: Shutting down and abandoning module EpicSurvey (12)
[2014.07.15-15.54.41:360][375]LogModuleManager: Shutting down and abandoning module VisualStudioSourceCodeAccess (10)
[2014.07.15-15.54.41:360][375]LogModuleManager: Shutting down and abandoning module UObjectPlugin (9)
[2014.07.15-15.54.41:360][375]LogModuleManager: Shutting down and abandoning module SubversionSourceControl (8)
[2014.07.15-15.54.41:360][375]LogModuleManager: Shutting down and abandoning module PerforceSourceControl (7)
[2014.07.15-15.54.41:360][375]LogModuleManager: Shutting down and abandoning module BlankPlugin (6)
[2014.07.15-15.54.41:360][375]LogModuleManager: Shutting down and abandoning module CoreUObject (5)
[2014.07.15-15.54.41:360][375]LogModuleManager: Shutting down and abandoning module NetworkFile (4)
[2014.07.15-15.54.41:360][375]LogModuleManager: Shutting down and abandoning module StreamingFile (3)
[2014.07.15-15.54.41:360][375]LogModuleManager: Shutting down and abandoning module SandboxFile (2)
[2014.07.15-15.54.41:360][375]LogModuleManager: Shutting down and abandoning module PakFile (1)
[2014.07.15-15.54.41:373][375]LogExit: Exiting.
[2014.07.15-15.54.41:471][375]Log file closed, 07/15/14 16:54:41
