Log file open, 07/21/14 23:57:19
LogInit:Display: Running engine for game: MyProject3
LogInit: Version: 4.3.0-2215663+++depot+UE4-Releases+4.3
LogInit: API Version: 2215663
LogInit: Compiled (64-bit): Jul 14 2014 22:23:33
LogInit: Build Configuration: Development
LogInit: Branch Name: ++depot+UE4-Releases+4.3
LogInit: Command line:  
LogInit: Base directory: E:/Unreal Engine/4.3/Engine/Binaries/Win64/
LogInit: Rocket: 1
[2014.07.21-21.57.19:090][  0]LogTaskGraph: Started task graph with 3 named threads and 6 total threads.
[2014.07.21-21.57.19:134][  0]LogOnline:Warning: No default platform service specified for OnlineSubsystem
[2014.07.21-21.57.19:140][  0]LogInit: Presizing for 0 objects not considered by GC, pre-allocating 0 bytes.
[2014.07.21-21.57.19:145][  0]LogInit: Object subsystem initialized
[2014.07.21-21.57.19:147][  0]LogInit: Selected Device Profile: [Windows]
[2014.07.21-21.57.19:147][  0]LogInit: Applying CVar settings loaded from the selected device profile: [Windows]
[2014.07.21-21.57.19:150][  0]LogInit: Computer: SPAEHLING-PC
[2014.07.21-21.57.19:150][  0]LogInit: User: Spaehling
[2014.07.21-21.57.19:151][  0]LogInit: CPU Page size=4096, Cores=6
[2014.07.21-21.57.19:151][  0]LogInit: High frequency timer resolution =3.126962 MHz
[2014.07.21-21.57.19:151][  0]LogMemory: Memory total: Physical=64.0GB (64GB approx) Virtual=8192.0GB
[2014.07.21-21.57.19:151][  0]LogMemory: Platform Memory Stats for Windows
[2014.07.21-21.57.19:151][  0]LogMemory: Process Physical Memory: 65.06 MB used, 65.06 MB peak
[2014.07.21-21.57.19:151][  0]LogMemory: Process Virtual Memory: 41.69 MB used, 41.69 MB peak
[2014.07.21-21.57.19:151][  0]LogMemory: Physical Memory: 6349.20 MB used, 65486.15 MB total
[2014.07.21-21.57.19:151][  0]LogMemory: Virtual Memory: 251.34 MB used, 8388608.00 MB total
[2014.07.21-21.57.19:179][  0]LogD3D11RHI: Found D3D11 adapter 0: NVIDIA GeForce GTX 690 (Feature Level 11_0)
[2014.07.21-21.57.19:180][  0]LogD3D11RHI: Adapter has 1990MB of dedicated video memory, 0MB of dedicated system memory, and 2048MB of shared system memory, 1 output[s]
[2014.07.21-21.57.19:199][  0]LogD3D11RHI: Found D3D11 adapter 1: NVIDIA GeForce GTX 690 (Feature Level 11_0)
[2014.07.21-21.57.19:199][  0]LogD3D11RHI: Adapter has 1990MB of dedicated video memory, 0MB of dedicated system memory, and 2048MB of shared system memory, 1 output[s]
[2014.07.21-21.57.19:199][  0]LogD3D11RHI: Chosen D3D11 Adapter Id = 0
[2014.07.21-21.57.19:204][  0]LogRHI: Texture pool is 1361 MB (70% of 1945 MB)
[2014.07.21-21.57.19:212][  0]LogD3D11RHI: Async texture creation enabled
[2014.07.21-21.57.19:256][  0]LogTextLocalizationManager:Warning: The selected culture 'de_DE' is not available; falling back to 'en'
[2014.07.21-21.57.19:312][  0]LogContentStreaming: Texture pool size is 0.000000MB
[2014.07.21-21.57.19:886][  0]LogTargetPlatformManager:Display: Building Assets For Windows
[2014.07.21-21.57.19:953][  0]LogTargetPlatformManager:Display: Building Assets For Windows
[2014.07.21-21.57.19:979][  0]LogDerivedDataCache:Display: Max Cache Size: 512 MB
[2014.07.21-21.57.20:015][  0]LogDerivedDataCache: Loaded boot cache 0.04s 39MB C:/Users/Spaehling/AppData/Local/UnrealEngine/4.3/DerivedDataCache/Boot.ddc.
[2014.07.21-21.57.20:015][  0]LogDerivedDataCache:Display: Loaded Boot cache: C:/Users/Spaehling/AppData/Local/UnrealEngine/4.3/DerivedDataCache/Boot.ddc
[2014.07.21-21.57.20:015][  0]LogDerivedDataCache: FDerivedDataBackendGraph:  Pak pak cache file D:/UDK4 Projects/Waagenbau/DerivedDataCache/DDC.ddp not found, will not use a pak cache.
[2014.07.21-21.57.20:015][  0]LogDerivedDataCache: Unable to find inner node Pak for hierarchical cache Hierarchy.
[2014.07.21-21.57.20:031][  0]LogDerivedDataCache:Display: Pak cache opened for reading ../../../Engine/DerivedDataCache/DDC.ddp.
[2014.07.21-21.57.20:042][  0]LogDerivedDataCache: Using Local data cache path C:/Users/Spaehling/AppData/Local/UnrealEngine/4.3/DerivedDataCache: Writable
[2014.07.21-21.57.20:162][  0]LogMeshUtilities: No automatic mesh reduction module available
[2014.07.21-21.57.20:162][  0]LogMeshUtilities: No automatic mesh merging module available
[2014.07.21-21.57.20:432][  0]LogInit: WinSock: version 1.1 (2.2), MaxSocks=32767, MaxUdp=65467
[2014.07.21-21.57.20:975][  0]LogLinker:Warning: Asset '../../../Engine/Plugins/Experimental/Paper2D/Content/DefaultPaperTerrainMaterial.uasset' has been saved with empty engine version. The asset will be loaded but may be incompatible.
[2014.07.21-21.57.20:975][  0]LogLinker:Warning: Asset '../../../Engine/Plugins/Experimental/Paper2D/Content/DummySprite.uasset' has been saved with empty engine version. The asset will be loaded but may be incompatible.
[2014.07.21-21.57.20:976][  0]UdpMessaging: Initializing bridge on interface 0.0.0.0:0 to multicast group 230.0.0.1:6666.
[2014.07.21-21.57.21:049][  0]SourceControl: Info Source control is disabled
[2014.07.21-21.57.21:049][  0]SourceControl: Info Source control is disabled
[2014.07.21-21.57.21:053][  0]SourceControl: Info Source control is disabled
[2014.07.21-21.57.21:181][  0]BlueprintLog: New page: Editor Load
[2014.07.21-21.57.21:227][  0]LogObj: 20265 objects as part of root set at end of initial load.
[2014.07.21-21.57.21:227][  0]LogUObjectAllocator: 4015024 out of 0 bytes used by permanent object pool.
[2014.07.21-21.57.21:366][  0]LogEngine: Initializing Engine...
[2014.07.21-21.57.21:467][  0]LogInit: XAudio2 using 'Lautsprecher (Corsair Vengeance 2000 Headset)' : 8 channels at 44.1 kHz using 16 bits per sample (channel mask 0x63f)
[2014.07.21-21.57.21:474][  0]LogInit: FAudioDevice initialized.
[2014.07.21-21.57.21:485][  0]LogAIModule: Creating AISystem for world NewWorld
[2014.07.21-21.57.21:505][  0]LogDerivedDataCache: Saved boot cache 0.02s 39MB C:/Users/Spaehling/AppData/Local/UnrealEngine/4.3/DerivedDataCache/Boot.ddc.
[2014.07.21-21.57.21:510][  0]LogInit: Texture streaming: Enabled
[2014.07.21-21.57.21:529][  0]LogInit: Transaction tracking system initialized
[2014.07.21-21.57.21:597][  0]LogAssetRegistry: FAssetRegistry took 0.0095 seconds to start up
[2014.07.21-21.57.21:696][  0]LogTargetPlatformManager:Display: Building Assets For Windows
[2014.07.21-21.57.21:722][  0]LogTargetPlatformManager:Display: Building Assets For Windows
[2014.07.21-21.57.21:793][  0]LogConsoleResponse:Display: 
[2014.07.21-21.57.21:910][  0]SourceControl: Info Source control is disabled
[2014.07.21-21.57.21:910][  0]Cmd: MAP LOAD FILE="D:/UDK4 Projects/Waagenbau/Content/Maps/waagenbau.umap" TEMPLATE=0 SHOWPROGRESS=1
[2014.07.21-21.57.21:910][  0]LightingResults: New page: Lighting Build
[2014.07.21-21.57.21:915][  0]MapCheck: New page: Map Check
[2014.07.21-21.57.21:915][  0]LightingResults: New page: Lighting Build
[2014.07.21-21.57.21:922][  0]LogParticles: Destroying 0 GPU particle simulations for FXSystem 0x00000000158ED440
[2014.07.21-21.57.23:344][  0]LogBlueprint:Warning: Node '/Game/Blueprints/Assets/Cigarettes.cigarettes:UserConstructionScript.K2Node_VariableGet_424' missing NodeGuid.
[2014.07.21-21.57.23:779][  0]LogBlueprintUserMessages:Warning: SetTimer passed a bad function () or object (DiscoLight_1_C_19)
[2014.07.21-21.57.23:780][  0]LogBlueprintUserMessages:Warning: SetTimer passed a bad function () or object (DiscoLight_1_C_24)
[2014.07.21-21.57.23:780][  0]LogBlueprintUserMessages:Warning: SetTimer passed a bad function () or object (DiscoLight_1_C_25)
[2014.07.21-21.57.23:781][  0]LogBlueprintUserMessages:Warning: SetTimer passed a bad function () or object (DiscoLight_1_C_26)
[2014.07.21-21.57.23:782][  0]LogBlueprintUserMessages:Warning: SetTimer passed a bad function () or object (DiscoLight_1_C_27)
[2014.07.21-21.57.23:783][  0]LogBlueprintUserMessages:Warning: SetTimer passed a bad function () or object (DiscoLight_1_C_28)
[2014.07.21-21.57.23:783][  0]LogBlueprintUserMessages:Warning: SetTimer passed a bad function () or object (DiscoLight_1_C_29)
[2014.07.21-21.57.23:784][  0]LogBlueprintUserMessages:Warning: SetTimer passed a bad function () or object (DiscoLight_1_C_30)
[2014.07.21-21.57.23:785][  0]LogBlueprintUserMessages:Warning: SetTimer passed a bad function () or object (DiscoLight_1_C_31)
[2014.07.21-21.57.23:785][  0]LogBlueprintUserMessages:Warning: SetTimer passed a bad function () or object (DiscoLight_1_C_32)
[2014.07.21-21.57.23:786][  0]LogBlueprintUserMessages:Warning: SetTimer passed a bad function () or object (DiscoLight_1_C_33)
[2014.07.21-21.57.23:787][  0]LogBlueprintUserMessages:Warning: SetTimer passed a bad function () or object (DiscoLight_1_C_34)
[2014.07.21-21.57.23:788][  0]LogBlueprintUserMessages:Warning: SetTimer passed a bad function () or object (DiscoLight_1_C_35)
[2014.07.21-21.57.23:788][  0]LogBlueprintUserMessages:Warning: SetTimer passed a bad function () or object (DiscoLight_1_C_36)
[2014.07.21-21.57.23:789][  0]LogBlueprintUserMessages:Warning: SetTimer passed a bad function () or object (DiscoLight_1_C_37)
[2014.07.21-21.57.23:790][  0]LogBlueprintUserMessages:Warning: SetTimer passed a bad function () or object (DiscoLight_1_C_38)
[2014.07.21-21.57.23:790][  0]LogBlueprintUserMessages:Warning: SetTimer passed a bad function () or object (DiscoLight_1_C_39)
[2014.07.21-21.57.23:791][  0]LogBlueprintUserMessages:Warning: SetTimer passed a bad function () or object (DiscoLight_1_C_40)
[2014.07.21-21.57.23:792][  0]LogBlueprintUserMessages:Warning: SetTimer passed a bad function () or object (DiscoLight_1_C_41)
[2014.07.21-21.57.23:792][  0]LogBlueprintUserMessages:Warning: SetTimer passed a bad function () or object (DiscoLight_1_C_42)
[2014.07.21-21.57.23:793][  0]LogBlueprintUserMessages:Warning: SetTimer passed a bad function () or object (DiscoLight_1_C_43)
[2014.07.21-21.57.23:794][  0]LogBlueprintUserMessages:Warning: SetTimer passed a bad function () or object (DiscoLight_1_C_44)
[2014.07.21-21.57.23:794][  0]LogBlueprintUserMessages:Warning: SetTimer passed a bad function () or object (DiscoLight_1_C_45)
[2014.07.21-21.57.23:795][  0]LogBlueprintUserMessages:Warning: SetTimer passed a bad function () or object (WallSconce_24)
[2014.07.21-21.57.25:188][  0]LogEditorServer: Finished looking for orphan Actors (0.000 secs)
[2014.07.21-21.57.25:189][  0]LogAIModule: Creating AISystem for world waagenbau
[2014.07.21-21.57.25:189][  0]Cmd: MAP CHECKDEP
[2014.07.21-21.57.25:189][  0]MapCheck: New page: waagenbau - Jul 22, 2014, 1:57:25 AM
[2014.07.21-21.57.25:255][  0]MapCheck: Info ========== Map Check: 0 Error(s), 0 Warning(s), [66.054ms] ==========
[2014.07.21-21.57.25:256][  0]LogFileHelpers: Loading map 'waagenbau' took 3.345
[2014.07.21-21.57.25:537][  0]LogCrashTracker: Crashtracker disabled due to settings.
[2014.07.21-21.57.25:599][  0]LogLoad: Full Startup: 7.12 seconds (BP compile: 0.49 seconds)
[2014.07.21-21.57.25:735][  0]LogRenderer:Warning: Reallocating scene render targets to support 32x32.
[2014.07.21-21.57.25:787][  0]LogSlate: SRTH: 0000000020EAA380, 1156 x 853
[2014.07.21-21.57.25:828][  0]LogRenderer:Warning: Reallocating scene render targets to support 1160x856.
[2014.07.21-21.57.26:084][  1]LogEpicStorage:Warning: EnumerateFiles request failed. Invalid response. code=403 error=<?xml version="1.0" encoding="UTF-8"?>
<Error><Code>AccessDenied</Code><Message>Access Denied</Message><RequestId>C26165314B3D53AC</RequestId><HostId>OIO8u+t7Md6w6Fhfpt64BWZa8HR6PooWHqFezyUsndClt+5GMng3Y96apxs5SefS</HostId></Error>
[2014.07.21-21.57.26:216][  2]LogEpicSurvey:Warning: EnumerateFiles request failed. Invalid response. code=403 error=<?xml version="1.0" encoding="UTF-8"?>
<Error><Code>AccessDenied</Code><Message>Access Denied</Message><RequestId>8BEFDF94BDFE18E7</RequestId><HostId>czwby5JPloNTtYMYdN9wenaQII0SKkYe9lvgsyzioNgpiPyncY0Ti/jzLyo4871g</HostId></Error>
[2014.07.21-21.57.26:232][  2]LogAssetRegistry: Asset discovery search completed in 4.6444 seconds
[2014.07.21-21.57.26:285][  3]LogEpicStorage:Warning: EnumerateFiles request failed. Invalid response. code=403 error=<?xml version="1.0" encoding="UTF-8"?>
<Error><Code>AccessDenied</Code><Message>Access Denied</Message><RequestId>C26165314B3D53AC</RequestId><HostId>OIO8u+t7Md6w6Fhfpt64BWZa8HR6PooWHqFezyUsndClt+5GMng3Y96apxs5SefS</HostId></Error>
[2014.07.21-21.57.26:301][  4]LogEpicSurvey:Warning: EnumerateFiles request failed. Invalid response. code=403 error=<?xml version="1.0" encoding="UTF-8"?>
<Error><Code>AccessDenied</Code><Message>Access Denied</Message><RequestId>8BEFDF94BDFE18E7</RequestId><HostId>czwby5JPloNTtYMYdN9wenaQII0SKkYe9lvgsyzioNgpiPyncY0Ti/jzLyo4871g</HostId></Error>
[2014.07.21-21.57.26:338][  8]LogEpicSurvey:Warning: EnumerateFiles request failed. Invalid response. code=403 error=<?xml version="1.0" encoding="UTF-8"?>
<Error><Code>AccessDenied</Code><Message>Access Denied</Message><RequestId>D578CEF11386242F</RequestId><HostId>bPPVFKiHEp0g/jrggF8wD0Z5iM+AjQPKXN1ZsGJJz3646ymqBd6O6/GdtLb/aoMJ</HostId></Error>
[2014.07.21-21.57.26:348][  9]LogEpicStorage:Warning: ReadFile request failed. File request already pending for filename=http://cdn.unrealengine.com/newsfeed/blueprint_icon_b.png
[2014.07.21-21.57.26:349][  9]LogEpicStorage:Warning: ReadFile request failed. File request already pending for filename=http://cdn.unrealengine.com/newsfeed/blueprint_icon_b.png
[2014.07.21-21.58.07:854][935]LogCollectionManager: Loaded 0 collections in 0.000710 seconds
[2014.07.21-21.58.16:083][201]LogActorComponent: UnregisterComponent: (/Engine/Transient.CharacterMovementComponent_0) Not registered. Aborting.
[2014.07.21-21.58.23:578][523]LogActorComponent: UnregisterComponent: (/Engine/Transient.CharacterMovementComponent_1) Not registered. Aborting.
[2014.07.21-21.58.24:409][523]LogSavePackage: Save=501.519043ms
[2014.07.21-21.58.24:409][523]LogSavePackage: Moving 'D:/UDK4 Projects/Waagenbau/Saved/waagenbau4EABDD974A102F66D211218D5159C4C9.tmp' to 'D:/UDK4 Projects/Waagenbau/Content/Maps/waagenbau.umap'
[2014.07.21-21.58.24:462][523]LogFileHelpers: Saving map 'waagenbau' took 0.725
[2014.07.21-21.58.24:490][523]Cmd: OBJ SAVEPACKAGE PACKAGE="/Game/Blueprints/Characters/BotCharacter_Male" FILE="D:/UDK4 Projects/Waagenbau/Content/Blueprints/Characters/BotCharacter_Male.uasset" SILENT=true
[2014.07.21-21.58.24:836][523]LogSavePackage: Save=337.887054ms
[2014.07.21-21.58.24:836][523]LogSavePackage: Moving 'D:/UDK4 Projects/Waagenbau/Saved/BotCharacter_MaleAAAFDC424C708AB42125BAB1CD6EF804.tmp' to 'D:/UDK4 Projects/Waagenbau/Content/Blueprints/Characters/BotCharacter_Male.uasset'
[2014.07.21-21.58.25:333][542]BlueprintLog: New page: Compile BotCharacter_Male
[2014.07.21-21.58.26:466][542]LogActorComponent: UnregisterComponent: (/Engine/Transient.CharacterMovementComponent_2) Not registered. Aborting.
[2014.07.21-21.58.27:867][542]BlueprintEditorCompileResults: Info [0066.92] Compile of BotCharacter_Male successful! [in 33 ms]
[2014.07.21-21.58.32:584][658]LogActorComponent: UnregisterComponent: (/Engine/Transient.CharacterMovementComponent_3) Not registered. Aborting.
[2014.07.21-21.58.33:709][696]BlueprintLog: New page: Compile BotCharacter_Male
[2014.07.21-21.58.33:771][696]LogBlueprint:Warning: [male_bot_all] CreatePinForVariable: 'Dancing High' variable not found. Base class was probably changed.
[2014.07.21-21.58.33:771][696]LogBlueprint:Warning: [female_idle_walk_run] CreatePinForVariable: 'Dancing High' variable not found. Base class was probably changed.
[2014.07.21-21.58.33:772][696]LogOutputDevice:Warning: 

Script Stack:
male_bot_all_C.ExecuteUbergraph_male_bot_all
male_bot_all_C.BlueprintUpdateAnimation

[2014.07.21-21.58.33:858][696]LogWindows:Error: appError called: Assertion failed: Result [File:D:\BuildFarm\buildmachine_++depot+UE4-Releases+4.3\Engine\Source\Runtime\CoreUObject\Public\UObject\Stack.h] [Line: 220]

Stack:
Address = 0xe9bbf996 (filename not found) [in E:\Unreal Engine\4.3\Engine\Binaries\Win64\UE4Editor-Core.dll]
Address = 0xe9a6fde5 (filename not found) [in E:\Unreal Engine\4.3\Engine\Binaries\Win64\UE4Editor-Core.dll]
Address = 0xebf56bba (filename not found) [in E:\Unreal Engine\4.3\Engine\Binaries\Win64\UE4Editor-CoreUObject.dll]
Address = 0xebf42272 (filename not found) [in E:\Unreal Engine\4.3\Engine\Binaries\Win64\UE4Editor-CoreUObject.dll]
Address = 0xebf572e7 (filename not found) [in E:\Unreal Engine\4.3\Engine\Binaries\Win64\UE4Editor-CoreUObject.dll]
Address = 0xebf435db (filename not found) [in E:\Unreal Engine\4.3\Engine\Binaries\Win64\UE4Editor-CoreUObject.dll]
Address = 0xebf34708 (filename not found) [in E:\Unreal Engine\4.3\Engine\Binaries\Win64\UE4Editor-CoreUObject.dll]
Address = 0xebf435db (filename not found) [in E:\Unreal Engine\4.3\Engine\Binaries\Win64\UE4Editor-CoreUObject.dll]
Address = 0xebf42e30 (filename not found) [in E:\Unreal Engine\4.3\Engine\Binaries\Win64\UE4Editor-CoreUObject.dll]
Address = 0xe826fb34 (filename not found) [in E:\Unreal Engine\4.3\Engine\Binaries\Win64\UE4Editor-Engine.dll]
Address = 0xe7d87c25 (filename not found) [in E:\Unreal Engine\4.3\Engine\Binaries\Win64\UE4Editor-Engine.dll]
Address = 0xe7a04f2b (filename not found) [in E:\Unreal Engine\4.3\Engine\Binaries\Win64\UE4Editor-Engine.dll]
Address = 0xe79ee8e6 (filename not found) [in E:\Unreal Engine\4.3\Engine\Binaries\Win64\UE4Editor-Engine.dll]
Address = 0xe79f28bc (filename not found) [in E:\Unreal Engine\4.3\Engine\Binaries\Win64\UE4Editor-Engine.dll]
Address = 0xe74ebe60 (filename not found) [in E:\Unreal Engine\4.3\Engine\Binaries\Win64\UE4Editor-Engine.dll]
Address = 0xe750c735 (filename not found) [in E:\Unreal Engine\4.3\Engine\Binaries\Win64\UE4Editor-Engine.dll]
Address = 0xe750bf36 (filename not found) [in E:\Unreal Engine\4.3\Engine\Binaries\Win64\UE4Editor-Engine.dll]
Address = 0xe7509866 (filename not found) [in E:\Unreal Engine\4.3\Engine\Binaries\Win64\UE4Editor-Engine.dll]
Address = 0xe7834749 (filename not found) [in E:\Unreal Engine\4.3\Engine\Binaries\Win64\UE4Editor-Engine.dll]
Address = 0xe64bda6d (filename not found) [in E:\Unreal Engine\4.3\Engine\Binaries\Win64\UE4Editor-UnrealEd.dll]
Address = 0xe64b7b99 (filename not found) [in E:\Unreal Engine\4.3\Engine\Binaries\Win64\UE4Editor-UnrealEd.dll]
Address = 0xe649444c (filename not found) [in E:\Unreal Engine\4.3\Engine\Binaries\Win64\UE4Editor-UnrealEd.dll]
Address = 0xe3f2a207 (filename not found) [in E:\Unreal Engine\4.3\Engine\Binaries\Win64\UE4Editor-Kismet.dll]
Address = 0xe3f616cd (filename not found) [in E:\Unreal Engine\4.3\Engine\Binaries\Win64\UE4Editor-Kismet.dll]
Address = 0xe3f66227 (filename not found) [in E:\Unreal Engine\4.3\Engine\Binaries\Win64\UE4Editor-Kismet.dll]
Address = 0xe6e0d936 (filename not found) [in E:\Unreal Engine\4.3\Engine\Binaries\Win64\UE4Editor-Slate.dll]
Address = 0xe6eaf8dd (filename not found) [in E:\Unreal Engine\4.3\Engine\Binaries\Win64\UE4Editor-Slate.dll]
Address = 0xe6e9680c (filename not found) [in E:\Unreal Engine\4.3\Engine\Binaries\Win64\UE4Editor-Slate.dll]
Address = 0xe700081a (filename not found) [in E:\Unreal Engine\4.3\Engine\Binaries\Win64\UE4Editor-Slate.dll]
Address = 0xe7020949 (filename not found) [in E:\Unreal Engine\4.3\Engine\Binaries\Win64\UE4Editor-Slate.dll]
Address = 0xe6e2f939 (filename not found) [in E:\Unreal Engine\4.3\Engine\Binaries\Win64\UE4Editor-Slate.dll]
Address = 0xe6e259b9 (filename not found) [in E:\Unreal Engine\4.3\Engine\Binaries\Win64\UE4Editor-Slate.dll]
Address = 0xe9ba92cd (filename not found) [in E:\Unreal Engine\4.3\Engine\Binaries\Win64\UE4Editor-Core.dll]
Address = 0xe9b98df1 (filename not found) [in E:\Unreal Engine\4.3\Engine\Binaries\Win64\UE4Editor-Core.dll]
Address = 0xe9baa38f (filename not found) [in E:\Unreal Engine\4.3\Engine\Binaries\Win64\UE4Editor-C
[2014.07.21-21.58.33:858][696]LogWindows:Error: Windows GetLastError: Der Vorgang wurde erfolgreich beendet. (0)
[2014.07.21-21.58.33:859][696]LogCrashTracker: 


[2014.07.21-21.58.33:999][696]LogCrashTracker: 


[2014.07.21-21.58.33:999][696]LogWindows: === Critical error: ===


[2014.07.21-21.58.33:999][696]LogWindows: Assertion failed: Result [File:D:\BuildFarm\buildmachine_++depot+UE4-Releases+4.3\Engine\Source\Runtime\CoreUObject\Public\UObject\Stack.h] [Line: 220]

Stack:
Address = 0xe9bbf996 (filename not found) [in E:\Unreal Engine\4.3\Engine\Binaries\Win64\UE4Editor-Core.dll]
Address = 0xe9a6fde5 (filename not found) [in E:\Unreal Engine\4.3\Engine\Binaries\Win64\UE4Editor-Core.dll]
Address = 0xebf56bba (filename not found) [in E:\Unreal Engine\4.3\Engine\Binaries\Win64\UE4Editor-CoreUObject.dll]
Address = 0xebf42272 (filename not found) [in E:\Unreal Engine\4.3\Engine\Binaries\Win64\UE4Editor-CoreUObject.dll]
Address = 0xebf572e7 (filename not found) [in E:\Unreal Engine\4.3\Engine\Binaries\Win64\UE4Editor-CoreUObject.dll]
Address = 0xebf435db (filename not found) [in E:\Unreal Engine\4.3\Engine\Binaries\Win64\UE4Editor-CoreUObject.dll]
Address = 0xebf34708 (filename not found) [in E:\Unreal Engine\4.3\Engine\Binaries\Win64\UE4Editor-CoreUObject.dll]
Address = 0xebf435db (filename not found) [in E:\Unreal Engine\4.3\Engine\Binaries\Win64\UE4Editor-CoreUObject.dll]
Address = 0xebf42e30 (filename not found) [in E:\Unreal Engine\4.3\Engine\Binaries\Win64\UE4Editor-CoreUObject.dll]
Address = 0xe826fb34 (filename not found) [in E:\Unreal Engine\4.3\Engine\Binaries\Win64\UE4Editor-Engine.dll]
Address = 0xe7d87c25 (filename not found) [in E:\Unreal Engine\4.3\Engine\Binaries\Win64\UE4Editor-Engine.dll]
Address = 0xe7a04f2b (filename not found) [in E:\Unreal Engine\4.3\Engine\Binaries\Win64\UE4Editor-Engine.dll]
Address = 0xe79ee8e6 (filename not found) [in E:\Unreal Engine\4.3\Engine\Binaries\Win64\UE4Editor-Engine.dll]
Address = 0xe79f28bc (filename not found) [in E:\Unreal Engine\4.3\Engine\Binaries\Win64\UE4Editor-Engine.dll]
Address = 0xe74ebe60 (filename not found) [in E:\Unreal Engine\4.3\Engine\Binaries\Win64\UE4Editor-Engine.dll]
Address = 0xe750c735 (filename not found) [in E:\Unreal Engine\4.3\Engine\Binaries\Win64\UE4Editor-Engine.dll]
Address = 0xe750bf36 (filename not found) [in E:\Unreal Engine\4.3\Engine\Binaries\Win64\UE4Editor-Engine.dll]
Address = 0xe7509866 (filename not found) [in E:\Unreal Engine\4.3\Engine\Binaries\Win64\UE4Editor-Engine.dll]
Address = 0xe7834749 (filename not found) [in E:\Unreal Engine\4.3\Engine\Binaries\Win64\UE4Editor-Engine.dll]
Address = 0xe64bda6d (filename not found) [in E:\Unreal Engine\4.3\Engine\Binaries\Win64\UE4Editor-UnrealEd.dll]
Address = 0xe64b7b99 (filename not found) [in E:\Unreal Engine\4.3\Engine\Binaries\Win64\UE4Editor-UnrealEd.dll]
Address = 0xe649444c (filename not found) [in E:\Unreal Engine\4.3\Engine\Binaries\Win64\UE4Editor-UnrealEd.dll]
Address = 0xe3f2a207 (filename not found) [in E:\Unreal Engine\4.3\Engine\Binaries\Win64\UE4Editor-Kismet.dll]
Address = 0xe3f616cd (filename not found) [in E:\Unreal Engine\4.3\Engine\Binaries\Win64\UE4Editor-Kismet.dll]
Address = 0xe3f66227 (filename not found) [in E:\Unreal Engine\4.3\Engine\Binaries\Win64\UE4Editor-Kismet.dll]
Address = 0xe6e0d936 (filename not found) [in E:\Unreal Engine\4.3\Engine\Binaries\Win64\UE4Editor-Slate.dll]
Address = 0xe6eaf8dd (filename not found) [in E:\Unreal Engine\4.3\Engine\Binaries\Win64\UE4Editor-Slate.dll]
Address = 0xe6e9680c (filename not found) [in E:\Unreal Engine\4.3\Engine\Binaries\Win64\UE4Editor-Slate.dll]
Address = 0xe700081a (filename not found) [in E:\Unreal Engine\4.3\Engine\Binaries\Win64\UE4Editor-Slate.dll]
Address = 0xe7020949 (filename not found) [in E:\Unreal Engine\4.3\Engine\Binaries\Win64\UE4Editor-Slate.dll]
Address = 0xe6e2f939 (filename not found) [in E:\Unreal Engine\4.3\Engine\Binaries\Win64\UE4Editor-Slate.dll]
Address = 0xe6e259b9 (filename not found) [in E:\Unreal Engine\4.3\Engine\Binaries\Win64\UE4Editor-Slate.dll]
Address = 0xe9ba92cd (filename not found) [in E:\Unreal Engine\4.3\Engine\Binaries\Win64\UE4Editor-Core.dll]
Address = 0xe9b98df1 (filename not found) [in E:\Unreal Engine\4.3\Engine\Binaries\Win64\UE4Editor-Core.dll]
Address = 0xe9baa38f (filename not found) [in E:\Unreal Engine\4.3\Engine\Binaries\Win64\UE4Editor-C


[2014.07.21-21.58.33:999][696]LogExit: Executing StaticShutdownAfterError
[2014.07.21-21.58.34:017][696]LogWindows: FPlatformMisc::RequestExit(1)
[2014.07.21-21.58.34:017][696]Log file closed, 07/21/14 23:58:34
