Log file open, 07/08/14 15:08:29
LogInit:Display: Running engine for game: MyProject3
LogInit: Version: 4.2.1-2101290+++depot+UE4-Releases+4.2
LogInit: Compiled (64-bit): Jun 10 2014 22:21:56
LogInit: Build Configuration: Development
LogInit: Branch Name: ++depot+UE4-Releases+4.2
LogInit: Command line:  
LogInit: Base directory: E:/Unreal Engine/4.2/Engine/Binaries/Win64/
LogInit: Rocket: 1
[2014.07.08-13.08.29:515][  0]LogTaskGraph: Started task graph with 3 named threads and 6 total threads.
[2014.07.08-13.08.29:581][  0]LogOnline:Warning: No default platform service specified for OnlineSubsystem
[2014.07.08-13.08.29:663][  0]LogInit: Presizing for 0 objects not considered by GC, pre-allocating 0 bytes.
[2014.07.08-13.08.29:869][  0]LogInit: Object subsystem initialized
[2014.07.08-13.08.29:969][  0]LogInit: Selected Device Profile: [Windows]
[2014.07.08-13.08.29:973][  0]LogInit: Applying CVar settings loaded from the selected device profile: [Windows]
[2014.07.08-13.08.30:029][  0]LogInit: Computer: SPAEHLING-PC
[2014.07.08-13.08.30:029][  0]LogInit: User: Spaehling
[2014.07.08-13.08.30:029][  0]LogInit: CPU Page size=4096, Cores=6
[2014.07.08-13.08.30:030][  0]LogInit: High frequency timer resolution =3.126953 MHz
[2014.07.08-13.08.30:030][  0]LogMemory: Memory total: Physical=64.0GB (64GB approx) Virtual=8192.0GB
[2014.07.08-13.08.30:030][  0]LogMemory: Platform Memory Stats for Windows
[2014.07.08-13.08.30:030][  0]LogMemory: Process Physical Memory: 60.04 MB used, 60.04 MB peak
[2014.07.08-13.08.30:030][  0]LogMemory: Process Virtual Memory: 36.64 MB used, 36.79 MB peak
[2014.07.08-13.08.30:030][  0]LogMemory: Physical Memory: 4884.39 MB used, 65486.15 MB total
[2014.07.08-13.08.30:030][  0]LogMemory: Virtual Memory: 244.71 MB used, 8388608.00 MB total
[2014.07.08-13.08.30:109][  0]LogD3D11RHI: Found D3D11 adapter 0: NVIDIA GeForce GTX 690 (Feature Level 11_0)
[2014.07.08-13.08.30:109][  0]LogD3D11RHI: Adapter has 1990MB of dedicated video memory, 0MB of dedicated system memory, and 2048MB of shared system memory, 1 output[s]
[2014.07.08-13.08.30:109][  0]LogD3D11RHI: Chosen D3D11 Adapter Id = 0
[2014.07.08-13.08.30:114][  0]LogRHI: Texture pool is 1361 MB (70% of 1945 MB)
[2014.07.08-13.08.30:124][  0]LogD3D11RHI: Async texture creation enabled
[2014.07.08-13.08.30:904][  0]LogTextLocalizationManager:Warning: The selected culture 'de_DE' is not available; falling back to 'en'
[2014.07.08-13.08.31:034][  0]LogContentStreaming: Texture pool size is 0.000000MB
[2014.07.08-13.08.33:089][  0]LogTargetPlatformManager:Display: Building Assets For Windows
[2014.07.08-13.08.33:603][  0]LogTargetPlatformManager:Display: Building Assets For Windows
[2014.07.08-13.08.33:679][  0]LogDerivedDataCache:Display: Max Cache Size: 512 MB
[2014.07.08-13.08.33:841][  0]LogDerivedDataCache: Loaded boot cache 0.16s 39MB C:/Users/Spaehling/AppData/Local/UnrealEngine/4.2/DerivedDataCache/Boot.ddc.
[2014.07.08-13.08.33:841][  0]LogDerivedDataCache:Display: Loaded Boot cache: C:/Users/Spaehling/AppData/Local/UnrealEngine/4.2/DerivedDataCache/Boot.ddc
[2014.07.08-13.08.33:841][  0]LogDerivedDataCache: FDerivedDataBackendGraph:  Pak pak cache file D:/UDK4 Projects/MyProject3/DerivedDataCache/DDC.ddp not found, will not use a pak cache.
[2014.07.08-13.08.33:841][  0]LogDerivedDataCache: Unable to find inner node Pak for hierarchical cache Hierarchy.
[2014.07.08-13.08.33:880][  0]LogDerivedDataCache:Display: Pak cache opened for reading ../../../Engine/DerivedDataCache/DDC.ddp.
[2014.07.08-13.08.33:892][  0]LogDerivedDataCache: Using Local data cache path C:/Users/Spaehling/AppData/Local/UnrealEngine/4.2/DerivedDataCache: Writable
[2014.07.08-13.08.38:385][  0]LogMeshUtilities: No automatic mesh reduction module available
[2014.07.08-13.08.38:385][  0]LogMeshUtilities: No automatic mesh merging module available
[2014.07.08-13.08.40:489][  0]LogInit: WinSock: version 1.1 (2.2), MaxSocks=32767, MaxUdp=65467
[2014.07.08-13.08.47:106][  0]LogStreaming:Warning: Failed to read file '../../../Engine/Content/Editor/Slate/Icons/ActorIcons/GroupActor_16x.png' error.
[2014.07.08-13.08.47:106][  0]LogSlate: Could not find file for Slate resource: ../../../Engine/Content/Editor/Slate/Icons/ActorIcons/GroupActor_16x.png
[2014.07.08-13.08.47:288][  0]LogStreaming:Warning: Failed to read file '../../../Engine/Content/Editor/Slate/Icons/ActorIcons/DecalActor_16x.png' error.
[2014.07.08-13.08.47:288][  0]LogSlate: Could not find file for Slate resource: ../../../Engine/Content/Editor/Slate/Icons/ActorIcons/DecalActor_16x.png
[2014.07.08-13.08.51:177][  0]UdpMessaging: Initializing bridge on interface 0.0.0.0:0 to multicast group 230.0.0.1:6666.
[2014.07.08-13.08.51:414][  0]SourceControl: Info Source control is disabled
[2014.07.08-13.08.51:414][  0]SourceControl: Info Source control is disabled
[2014.07.08-13.08.51:424][  0]SourceControl: Info Source control is disabled
[2014.07.08-13.08.52:342][  0]BlueprintLog: New page: Editor Load
[2014.07.08-13.08.52:843][  0]LogObj: 19203 objects as part of root set at end of initial load.
[2014.07.08-13.08.52:843][  0]LogUObjectAllocator: 3820576 out of 0 bytes used by permanent object pool.
[2014.07.08-13.08.53:478][  0]LogEngine: Initializing Engine...
[2014.07.08-13.08.53:933][  0]LogInit: XAudio2 using 'Lautsprecher (Corsair Vengeance 2000 Headset)' : 8 channels at 44.1 kHz using 16 bits per sample (channel mask 0x63f)
[2014.07.08-13.08.53:946][  0]LogInit: FAudioDevice initialized.
[2014.07.08-13.08.54:245][  0]LogDerivedDataCache: Saved boot cache 0.04s 39MB C:/Users/Spaehling/AppData/Local/UnrealEngine/4.2/DerivedDataCache/Boot.ddc.
[2014.07.08-13.08.54:252][  0]LogInit: Texture streaming: Enabled
[2014.07.08-13.08.54:346][  0]LogInit: Transaction tracking system initialized
[2014.07.08-13.08.54:765][  0]LogAssetRegistry: FAssetRegistry took 0.0179 seconds to start up
[2014.07.08-13.08.55:719][  0]LogModuleManager:Warning: ModuleManager: Unable to load module '' because the file was not found.
[2014.07.08-13.08.55:722][  0]LogModuleManager:Warning: ModuleManager: Unable to load module '' because the file was not found.
[2014.07.08-13.08.55:896][  0]LogConsoleResponse:Display: 
[2014.07.08-13.08.58:220][  0]SourceControl: Info Source control is disabled
[2014.07.08-13.08.58:230][  0]Cmd: MAP LOAD FILE="D:/UDK4 Projects/MyProject3/Content/Maps/waagenbau.umap" TEMPLATE=0 SHOWPROGRESS=1 WORLDCOMPOSITION=0
[2014.07.08-13.08.58:458][  0]LightingResults: New page: Lighting Build
[2014.07.08-13.08.58:486][  0]MapCheck: New page: Map Check
[2014.07.08-13.08.58:486][  0]LightingResults: New page: Lighting Build
[2014.07.08-13.08.58:557][  0]LogParticles: Destroying 0 GPU particle simulations for FXSystem 0x0000000010C02A20
[2014.07.08-13.09.11:322][  0]LogBlueprint:Warning: Node '/Game/Blueprints/Assets/Cigarettes.cigarettes:UserConstructionScript.K2Node_VariableGet_424' missing NodeGuid.
[2014.07.08-13.09.12:269][  0]LogBlueprintUserMessages:Warning: SetTimer passed a bad function () or object (DiscoLight_1_C_0)
[2014.07.08-13.09.12:270][  0]LogBlueprintUserMessages:Warning: SetTimer passed a bad function () or object (DiscoLight_1_C_1)
[2014.07.08-13.09.12:271][  0]LogBlueprintUserMessages:Warning: SetTimer passed a bad function () or object (DiscoLight_1_C_2)
[2014.07.08-13.09.12:272][  0]LogBlueprintUserMessages:Warning: SetTimer passed a bad function () or object (DiscoLight_1_C_3)
[2014.07.08-13.09.12:272][  0]LogBlueprintUserMessages:Warning: SetTimer passed a bad function () or object (DiscoLight_1_C_4)
[2014.07.08-13.09.12:273][  0]LogBlueprintUserMessages:Warning: SetTimer passed a bad function () or object (DiscoLight_1_C_5)
[2014.07.08-13.09.12:275][  0]LogBlueprintUserMessages:Warning: SetTimer passed a bad function () or object (DiscoLight_1_C_6)
[2014.07.08-13.09.12:276][  0]LogBlueprintUserMessages:Warning: SetTimer passed a bad function () or object (DiscoLight_1_C_7)
[2014.07.08-13.09.12:277][  0]LogBlueprintUserMessages:Warning: SetTimer passed a bad function () or object (DiscoLight_1_C_8)
[2014.07.08-13.09.12:277][  0]LogBlueprintUserMessages:Warning: SetTimer passed a bad function () or object (DiscoLight_1_C_9)
[2014.07.08-13.09.12:278][  0]LogBlueprintUserMessages:Warning: SetTimer passed a bad function () or object (DiscoLight_1_C_10)
[2014.07.08-13.09.12:279][  0]LogBlueprintUserMessages:Warning: SetTimer passed a bad function () or object (DiscoLight_1_C_11)
[2014.07.08-13.09.12:280][  0]LogBlueprintUserMessages:Warning: SetTimer passed a bad function () or object (DiscoLight_1_C_12)
[2014.07.08-13.09.12:280][  0]LogBlueprintUserMessages:Warning: SetTimer passed a bad function () or object (DiscoLight_1_C_13)
[2014.07.08-13.09.12:281][  0]LogBlueprintUserMessages:Warning: SetTimer passed a bad function () or object (DiscoLight_1_C_14)
[2014.07.08-13.09.12:282][  0]LogBlueprintUserMessages:Warning: SetTimer passed a bad function () or object (DiscoLight_1_C_15)
[2014.07.08-13.09.12:282][  0]LogBlueprintUserMessages:Warning: SetTimer passed a bad function () or object (DiscoLight_1_C_16)
[2014.07.08-13.09.12:283][  0]LogBlueprintUserMessages:Warning: SetTimer passed a bad function () or object (DiscoLight_1_C_18)
[2014.07.08-13.09.12:284][  0]LogBlueprintUserMessages:Warning: SetTimer passed a bad function () or object (DiscoLight_1_C_19)
[2014.07.08-13.09.12:284][  0]LogBlueprintUserMessages:Warning: SetTimer passed a bad function () or object (DiscoLight_1_C_20)
[2014.07.08-13.09.12:285][  0]LogBlueprintUserMessages:Warning: SetTimer passed a bad function () or object (DiscoLight_1_C_21)
[2014.07.08-13.09.12:286][  0]LogBlueprintUserMessages:Warning: SetTimer passed a bad function () or object (DiscoLight_1_C_22)
[2014.07.08-13.09.12:301][  0]LogArray:Warning: Attempted to get an item from array Sounds out of bounds [0/0]!
[2014.07.08-13.09.12:326][  0]LogEditorServer: Finished looking for orphan Actors (0.000 secs)
[2014.07.08-13.09.12:350][  0]Cmd: MAP CHECKDEP
[2014.07.08-13.09.12:350][  0]MapCheck: New page: waagenbau - Jul 8, 2014, 5:09:12 PM
[2014.07.08-13.09.12:437][  0]MapCheck: Info ========== Map Check: 0 Error(s), 0 Warning(s), [86.564ms] ==========
[2014.07.08-13.09.12:437][  0]LogFileHelpers: Loading map 'waagenbau' took 14.211
[2014.07.08-13.09.13:476][  0]LogCrashTracker: Crashtracker disabled due to settings.
[2014.07.08-13.09.13:488][  0]Cmd: MODE PLACEMENT
[2014.07.08-13.09.13:806][  0]LogCollectionManager: Loaded 0 collections in 0.002120 seconds
[2014.07.08-13.09.15:774][  0]LogCrashTracker: 


[2014.07.08-13.09.16:663][  0]LogCrashTracker: 


[2014.07.08-13.09.16:664][  0]LogWindows: === Critical error: ===
Unhandled Exception: EXCEPTION_ACCESS_VIOLATION reading address 0x00000008

[2014.07.08-13.09.16:664][  0]LogWindows: Fatal error!

Address = 0xe27cacdc (filename not found) [in E:\Unreal Engine\4.2\Engine\Binaries\Win64\UE4Editor-Renderer.dll]
Address = 0xe27fa85e (filename not found) [in E:\Unreal Engine\4.2\Engine\Binaries\Win64\UE4Editor-Renderer.dll]
Address = 0xe27fa3a2 (filename not found) [in E:\Unreal Engine\4.2\Engine\Binaries\Win64\UE4Editor-Renderer.dll]
Address = 0xe27c7f0d (filename not found) [in E:\Unreal Engine\4.2\Engine\Binaries\Win64\UE4Editor-Renderer.dll]
Address = 0xe6e61b8a (filename not found) [in E:\Unreal Engine\4.2\Engine\Binaries\Win64\UE4Editor-Engine.dll]
Address = 0xdc5b2433 (filename not found) [in E:\Unreal Engine\4.2\Engine\Binaries\Win64\UE4Editor-Persona.dll]
Address = 0xdc6f7f5a (filename not found) [in E:\Unreal Engine\4.2\Engine\Binaries\Win64\UE4Editor-Persona.dll]
Address = 0xe551bba2 (filename not found) [in E:\Unreal Engine\4.2\Engine\Binaries\Win64\UE4Editor-UnrealEd.dll]
Address = 0xdc6b52be (filename not found) [in E:\Unreal Engine\4.2\Engine\Binaries\Win64\UE4Editor-Persona.dll]
Address = 0xdc6a19a6 (filename not found) [in E:\Unreal Engine\4.2\Engine\Binaries\Win64\UE4Editor-Persona.dll]
Address = 0xdc6b5859 (filename not found) [in E:\Unreal Engine\4.2\Engine\Binaries\Win64\UE4Editor-Persona.dll]
Address = 0xdc821bca (filename not found) [in E:\Unreal Engine\4.2\Engine\Binaries\Win64\UE4Editor-Persona.dll]
Address = 0xdc826a22 (filename not found) [in E:\Unreal Engine\4.2\Engine\Binaries\Win64\UE4Editor-Persona.dll]
Address = 0xe334acdb (filename not found) [in E:\Unreal Engine\4.2\Engine\Binaries\Win64\UE4Editor-Kismet.dll]
Address = 0xe3309c74 (filename not found) [in E:\Unreal Engine\4.2\Engine\Binaries\Win64\UE4Editor-Kismet.dll]
Address = 0xe330d568 (filename not found) [in E:\Unreal Engine\4.2\Engine\Binaries\Win64\UE4Editor-Kismet.dll]
Address = 0xe63a724a (filename not found) [in E:\Unreal Engine\4.2\Engine\Binaries\Win64\UE4Editor-Slate.dll]
Address = 0xe63d9863 (filename not found) [in E:\Unreal Engine\4.2\Engine\Binaries\Win64\UE4Editor-Slate.dll]
Address = 0xe63d5bec (filename not found) [in E:\Unreal Engine\4.2\Engine\Binaries\Win64\UE4Editor-Slate.dll]
Address = 0xe63d72f7 (filename not found) [in E:\Unreal Engine\4.2\Engine\Binaries\Win64\UE4Editor-Slate.dll]
Address = 0xe63d6baa (filename not found) [in E:\Unreal Engine\4.2\Engine\Binaries\Win64\UE4Editor-Slate.dll]
Address = 0xe63d72f7 (filename not found) [in E:\Unreal Engine\4.2\Engine\Binaries\Win64\UE4Editor-Slate.dll]
Address = 0xe63d6baa (filename not found) [in E:\Unreal Engine\4.2\Engine\Binaries\Win64\UE4Editor-Slate.dll]
Address = 0xe63d72f7 (filename not found) [in E:\Unreal Engine\4.2\Engine\Binaries\Win64\UE4Editor-Slate.dll]
Address = 0xe63d6995 (filename not found) [in E:\Unreal Engine\4.2\Engine\Binaries\Win64\UE4Editor-Slate.dll]
Address = 0xe63d5946 (filename not found) [in E:\Unreal Engine\4.2\Engine\Binaries\Win64\UE4Editor-Slate.dll]
Address = 0xe63d700e (filename not found) [in E:\Unreal Engine\4.2\Engine\Binaries\Win64\UE4Editor-Slate.dll]
Address = 0xe5a292b2 (filename not found) [in E:\Unreal Engine\4.2\Engine\Binaries\Win64\UE4Editor-UnrealEd.dll]
Address = 0xe5a290d6 (filename not found) [in E:\Unreal Engine\4.2\Engine\Binaries\Win64\UE4Editor-UnrealEd.dll]
Address = 0xe3349872 (filename not found) [in E:\Unreal Engine\4.2\Engine\Binaries\Win64\UE4Editor-Kismet.dll]
Address = 0xdc62635b (filename not found) [in E:\Unreal Engine\4.2\Engine\Binaries\Win64\UE4Editor-Persona.dll]
Address = 0xdc5f7695 (filename not found) [in E:\Unreal Engine\4.2\Engine\Binaries\Win64\UE4Editor-Persona.dll]
Address = 0xdedd737c (filename not found) [in E:\Unreal Engine\4.2\Engine\Binaries\Win64\UE4Editor-AssetTools.dll]
Address = 0xe5a25f4e (filename not found) [in E:\Unreal Engine\4.2\Engine\Binaries\Win64\UE4Editor-UnrealEd.dll]
Address = 0xe5a25b0e (filename not found) [in E:\Unreal Engine\4.2\Engine\Binaries\Win64\UE4Editor-UnrealEd.dll]
Address = 0xe5a24b4a (filename not found) [in E:\Unreal Engine\4.2\Engine\Binaries\Win64\UE4Editor-UnrealEd.dll]
Address = 0xe5a29abf (filename not found) [in E:\Unreal Engine\4.2\Engine\Binaries\Win64\UE4Editor-UnrealEd.dll]
Address = 0xde07d1f2 (filename not found) [in E:\Unreal Engine\4.2\Engine\Binaries\Win64\UE4Editor-MainFrame.dll]
Address = 0xde061874 (filename not found) [in E:\Unreal Engine\4.2\Engine\Binaries\Win64\UE4Editor-MainFrame.dll]
Address = 0xe565af7c (filename not found) [in E:\Unreal Engine\4.2\Engine\Binaries\Win64\UE4Editor-UnrealEd.dll]
GuardedMain() 0x3f41d12d + 0 bytes [File=d:\buildfarm\buildmachine_++depot+ue4-releases+4.2\engine\source\runtime\launch\private\launch.cpp:124] [in E:\Unreal Engine\4.2\Engine\Binaries\Win64\UE4Editor.exe]
GuardedMainWrapper() 0x3f41d25a + 5 bytes [File=d:\buildfarm\buildmachine_++depot+ue4-releases+4.2\engine\source\runtime\launch\private\windows\launchwindows.cpp:125] [in E:\Unreal Engine\4.2\Engine\Binaries\Win64\UE4Editor.exe]
WinMain() 0x3f429119 + 17 bytes [File=d:\buildfarm\buildmachine_++depot+ue4-releases+4.2\engine\source\runtime\launch\private\windows\launchwindows.cpp:207] [in E:\Unreal Engine\4.2\Engine\Binaries\Win64\UE4Editor.exe]
__tmainCRTStartup() 0x3f429fa9 + 21 bytes [File=f:\dd\vctools\crt\crtw32\dllstuff\crtexe.c:618] [in E:\Unreal Engine\4.2\Engine\Binaries\Win64\UE4Editor.exe]
Address = 0x76aa59ed (filename not found) [in C:\Windows\system32\kernel32.dll]
Address = 0x76cdc541 (filename not found) [in C:\Windows\SYSTEM32\ntdll.dll]
Address = 0x76cdc541 (filename not found) [in C:\Windows\SYSTEM32\ntdll.dll]

[2014.07.08-13.09.16:665][  0]LogExit: Executing StaticShutdownAfterError
[2014.07.08-13.09.16:871][  0]LogWindows: FPlatformMisc::RequestExit(1)
[2014.07.08-13.09.16:871][  0]Log file closed, 07/08/14 15:09:16
