Log file open, 07/24/14 09:02:21
LogInit:Display: Running engine for game: MyProject3
LogInit: Version: 4.3.0-2215663+++depot+UE4-Releases+4.3
LogInit: API Version: 2215663
LogInit: Compiled (64-bit): Jul 14 2014 22:23:33
LogInit: Build Configuration: Development
LogInit: Branch Name: ++depot+UE4-Releases+4.3
LogInit: Command line:  
LogInit: Base directory: E:/Unreal Engine/4.3/Engine/Binaries/Win64/
LogInit: Rocket: 1
[2014.07.24-07.02.21:825][  0]LogTaskGraph: Started task graph with 3 named threads and 6 total threads.
[2014.07.24-07.02.21:870][  0]LogOnline:Warning: No default platform service specified for OnlineSubsystem
[2014.07.24-07.02.21:891][  0]LogInit: Presizing for 0 objects not considered by GC, pre-allocating 0 bytes.
[2014.07.24-07.02.21:896][  0]LogInit: Object subsystem initialized
[2014.07.24-07.02.21:898][  0]LogInit: Selected Device Profile: [Windows]
[2014.07.24-07.02.21:898][  0]LogInit: Applying CVar settings loaded from the selected device profile: [Windows]
[2014.07.24-07.02.21:901][  0]LogInit: Computer: SPAEHLING-PC
[2014.07.24-07.02.21:902][  0]LogInit: User: Spaehling
[2014.07.24-07.02.21:902][  0]LogInit: CPU Page size=4096, Cores=6
[2014.07.24-07.02.21:902][  0]LogInit: High frequency timer resolution =3.126943 MHz
[2014.07.24-07.02.21:903][  0]LogMemory: Memory total: Physical=64.0GB (64GB approx) Virtual=8192.0GB
[2014.07.24-07.02.21:903][  0]LogMemory: Platform Memory Stats for Windows
[2014.07.24-07.02.21:903][  0]LogMemory: Process Physical Memory: 65.55 MB used, 65.55 MB peak
[2014.07.24-07.02.21:903][  0]LogMemory: Process Virtual Memory: 42.30 MB used, 42.30 MB peak
[2014.07.24-07.02.21:903][  0]LogMemory: Physical Memory: 8107.50 MB used, 65486.15 MB total
[2014.07.24-07.02.21:903][  0]LogMemory: Virtual Memory: 251.84 MB used, 8388608.00 MB total
[2014.07.24-07.02.21:939][  0]LogD3D11RHI: Found D3D11 adapter 0: NVIDIA GeForce GTX 690 (Feature Level 11_0)
[2014.07.24-07.02.21:939][  0]LogD3D11RHI: Adapter has 1990MB of dedicated video memory, 0MB of dedicated system memory, and 2048MB of shared system memory, 1 output[s]
[2014.07.24-07.02.21:959][  0]LogD3D11RHI: Found D3D11 adapter 1: NVIDIA GeForce GTX 690 (Feature Level 11_0)
[2014.07.24-07.02.21:959][  0]LogD3D11RHI: Adapter has 1990MB of dedicated video memory, 0MB of dedicated system memory, and 2048MB of shared system memory, 1 output[s]
[2014.07.24-07.02.21:959][  0]LogD3D11RHI: Chosen D3D11 Adapter Id = 0
[2014.07.24-07.02.21:964][  0]LogRHI: Texture pool is 1361 MB (70% of 1945 MB)
[2014.07.24-07.02.21:973][  0]LogD3D11RHI: Async texture creation enabled
[2014.07.24-07.02.22:045][  0]LogTextLocalizationManager:Warning: The selected culture 'de_DE' is not available; falling back to 'en'
[2014.07.24-07.02.22:099][  0]LogContentStreaming: Texture pool size is 0.000000MB
[2014.07.24-07.02.22:786][  0]LogTargetPlatformManager:Display: Building Assets For Windows
[2014.07.24-07.02.22:952][  0]LogTargetPlatformManager:Display: Building Assets For Windows
[2014.07.24-07.02.22:986][  0]LogDerivedDataCache:Display: Max Cache Size: 512 MB
[2014.07.24-07.02.23:020][  0]LogDerivedDataCache: Loaded boot cache 0.03s 39MB C:/Users/Spaehling/AppData/Local/UnrealEngine/4.3/DerivedDataCache/Boot.ddc.
[2014.07.24-07.02.23:020][  0]LogDerivedDataCache:Display: Loaded Boot cache: C:/Users/Spaehling/AppData/Local/UnrealEngine/4.3/DerivedDataCache/Boot.ddc
[2014.07.24-07.02.23:020][  0]LogDerivedDataCache: FDerivedDataBackendGraph:  Pak pak cache file D:/UDK4 Projects/Waagenbau/DerivedDataCache/DDC.ddp not found, will not use a pak cache.
[2014.07.24-07.02.23:020][  0]LogDerivedDataCache: Unable to find inner node Pak for hierarchical cache Hierarchy.
[2014.07.24-07.02.23:035][  0]LogDerivedDataCache:Display: Pak cache opened for reading ../../../Engine/DerivedDataCache/DDC.ddp.
[2014.07.24-07.02.23:047][  0]LogDerivedDataCache: Using Local data cache path C:/Users/Spaehling/AppData/Local/UnrealEngine/4.3/DerivedDataCache: Writable
[2014.07.24-07.02.23:726][  0]LogMeshUtilities: No automatic mesh reduction module available
[2014.07.24-07.02.23:726][  0]LogMeshUtilities: No automatic mesh merging module available
[2014.07.24-07.02.24:012][  0]LogInit: WinSock: version 1.1 (2.2), MaxSocks=32767, MaxUdp=65467
[2014.07.24-07.02.25:656][  0]LogLinker:Warning: Asset '../../../Engine/Plugins/Experimental/Paper2D/Content/DefaultPaperTerrainMaterial.uasset' has been saved with empty engine version. The asset will be loaded but may be incompatible.
[2014.07.24-07.02.25:657][  0]LogLinker:Warning: Asset '../../../Engine/Plugins/Experimental/Paper2D/Content/DummySprite.uasset' has been saved with empty engine version. The asset will be loaded but may be incompatible.
[2014.07.24-07.02.25:662][  0]UdpMessaging: Initializing bridge on interface 0.0.0.0:0 to multicast group 230.0.0.1:6666.
[2014.07.24-07.02.25:780][  0]SourceControl: Info Source control is disabled
[2014.07.24-07.02.25:780][  0]SourceControl: Info Source control is disabled
[2014.07.24-07.02.25:783][  0]SourceControl: Info Source control is disabled
[2014.07.24-07.02.25:941][  0]BlueprintLog: New page: Editor Load
[2014.07.24-07.02.26:029][  0]LogObj: 20265 objects as part of root set at end of initial load.
[2014.07.24-07.02.26:029][  0]LogUObjectAllocator: 4015024 out of 0 bytes used by permanent object pool.
[2014.07.24-07.02.26:165][  0]LogEngine: Initializing Engine...
[2014.07.24-07.02.26:265][  0]LogInit: XAudio2 using '237E4-0 (NVIDIA High Definition Audio)' : 2 channels at 48 kHz using 16 bits per sample (channel mask 0x3)
[2014.07.24-07.02.26:272][  0]LogInit: FAudioDevice initialized.
[2014.07.24-07.02.26:282][  0]LogAIModule: Creating AISystem for world NewWorld
[2014.07.24-07.02.26:301][  0]LogDerivedDataCache: Saved boot cache 0.02s 39MB C:/Users/Spaehling/AppData/Local/UnrealEngine/4.3/DerivedDataCache/Boot.ddc.
[2014.07.24-07.02.26:305][  0]LogInit: Texture streaming: Enabled
[2014.07.24-07.02.26:345][  0]LogInit: Transaction tracking system initialized
[2014.07.24-07.02.26:455][  0]LogAssetRegistry: FAssetRegistry took 0.0097 seconds to start up
[2014.07.24-07.02.26:647][  0]LogTargetPlatformManager:Display: Building Assets For Windows
[2014.07.24-07.02.26:677][  0]LogTargetPlatformManager:Display: Building Assets For Windows
[2014.07.24-07.02.26:797][  0]LogConsoleResponse:Display: 
[2014.07.24-07.02.26:955][  0]SourceControl: Info Source control is disabled
[2014.07.24-07.02.26:955][  0]Cmd: MAP LOAD FILE="D:/UDK4 Projects/Waagenbau/Content/Maps/waagenbau.umap" TEMPLATE=0 SHOWPROGRESS=1
[2014.07.24-07.02.26:956][  0]LightingResults: New page: Lighting Build
[2014.07.24-07.02.26:960][  0]MapCheck: New page: Map Check
[2014.07.24-07.02.26:960][  0]LightingResults: New page: Lighting Build
[2014.07.24-07.02.26:966][  0]LogParticles: Destroying 0 GPU particle simulations for FXSystem 0x000000001095D440
[2014.07.24-07.02.27:564][  0]LogBlueprint:Error: [compiler] Error  Blendspace Player'male_idle_walking_bottle_BS'  references blendspace that uses different skeleton  spaehling_Skeleton 
[2014.07.24-07.02.27:565][  0]LogBlueprint:Error: [compiler] Error  Play male_wall_smoking  references sequence that uses different skeleton  spaehling_Skeleton 
[2014.07.24-07.02.27:565][  0]LogBlueprint:Error: [compiler] Error  Blendspace Player'male_drinking_walking_BS'  references blendspace that uses different skeleton  spaehling_Skeleton 
[2014.07.24-07.02.27:571][  0]LogBlueprint:Warning: [compiler] Warning  Idle_Walk_Run to Dance Style  will never be taken, please connect something to  Can Enter Transition 
[2014.07.24-07.02.27:572][  0]LogBlueprint:Warning: [compiler] Warning  Dance Style to Idle_Walk_Run  will never be taken, please connect something to  Can Enter Transition 
[2014.07.24-07.02.27:578][  0]LogBlueprint:Warning: [compiler] Warning [0006.68] Compile of female_bot_all failed. 3 Fatal Issue(s) 2 Warning(s) [in 21 ms]
[2014.07.24-07.02.28:424][  0]LogBlueprint:Warning: Node '/Game/Blueprints/Assets/Cigarettes.cigarettes:UserConstructionScript.K2Node_VariableGet_424' missing NodeGuid.
[2014.07.24-07.02.28:911][  0]LogBlueprintUserMessages:Warning: SetTimer passed a bad function () or object (DiscoLight_1_C_19)
[2014.07.24-07.02.28:912][  0]LogBlueprintUserMessages:Warning: SetTimer passed a bad function () or object (DiscoLight_1_C_24)
[2014.07.24-07.02.28:913][  0]LogBlueprintUserMessages:Warning: SetTimer passed a bad function () or object (DiscoLight_1_C_25)
[2014.07.24-07.02.28:913][  0]LogBlueprintUserMessages:Warning: SetTimer passed a bad function () or object (DiscoLight_1_C_26)
[2014.07.24-07.02.28:914][  0]LogBlueprintUserMessages:Warning: SetTimer passed a bad function () or object (DiscoLight_1_C_27)
[2014.07.24-07.02.28:915][  0]LogBlueprintUserMessages:Warning: SetTimer passed a bad function () or object (DiscoLight_1_C_28)
[2014.07.24-07.02.28:915][  0]LogBlueprintUserMessages:Warning: SetTimer passed a bad function () or object (DiscoLight_1_C_29)
[2014.07.24-07.02.28:916][  0]LogBlueprintUserMessages:Warning: SetTimer passed a bad function () or object (DiscoLight_1_C_30)
[2014.07.24-07.02.28:917][  0]LogBlueprintUserMessages:Warning: SetTimer passed a bad function () or object (DiscoLight_1_C_31)
[2014.07.24-07.02.28:917][  0]LogBlueprintUserMessages:Warning: SetTimer passed a bad function () or object (DiscoLight_1_C_32)
[2014.07.24-07.02.28:918][  0]LogBlueprintUserMessages:Warning: SetTimer passed a bad function () or object (DiscoLight_1_C_33)
[2014.07.24-07.02.28:918][  0]LogBlueprintUserMessages:Warning: SetTimer passed a bad function () or object (DiscoLight_1_C_34)
[2014.07.24-07.02.28:919][  0]LogBlueprintUserMessages:Warning: SetTimer passed a bad function () or object (DiscoLight_1_C_35)
[2014.07.24-07.02.28:920][  0]LogBlueprintUserMessages:Warning: SetTimer passed a bad function () or object (DiscoLight_1_C_36)
[2014.07.24-07.02.28:920][  0]LogBlueprintUserMessages:Warning: SetTimer passed a bad function () or object (DiscoLight_1_C_37)
[2014.07.24-07.02.28:921][  0]LogBlueprintUserMessages:Warning: SetTimer passed a bad function () or object (DiscoLight_1_C_38)
[2014.07.24-07.02.28:922][  0]LogBlueprintUserMessages:Warning: SetTimer passed a bad function () or object (DiscoLight_1_C_39)
[2014.07.24-07.02.28:922][  0]LogBlueprintUserMessages:Warning: SetTimer passed a bad function () or object (DiscoLight_1_C_40)
[2014.07.24-07.02.28:923][  0]LogBlueprintUserMessages:Warning: SetTimer passed a bad function () or object (DiscoLight_1_C_41)
[2014.07.24-07.02.28:924][  0]LogBlueprintUserMessages:Warning: SetTimer passed a bad function () or object (DiscoLight_1_C_42)
[2014.07.24-07.02.28:924][  0]LogBlueprintUserMessages:Warning: SetTimer passed a bad function () or object (DiscoLight_1_C_43)
[2014.07.24-07.02.28:925][  0]LogBlueprintUserMessages:Warning: SetTimer passed a bad function () or object (DiscoLight_1_C_44)
[2014.07.24-07.02.28:925][  0]LogBlueprintUserMessages:Warning: SetTimer passed a bad function () or object (DiscoLight_1_C_45)
[2014.07.24-07.02.28:926][  0]LogBlueprintUserMessages:Warning: SetTimer passed a bad function () or object (WallSconce_24)
[2014.07.24-07.02.29:777][  0]LogEditorServer: Finished looking for orphan Actors (0.000 secs)
[2014.07.24-07.02.29:777][  0]LogAIModule: Creating AISystem for world waagenbau
[2014.07.24-07.02.29:778][  0]Cmd: MAP CHECKDEP
[2014.07.24-07.02.29:778][  0]MapCheck: New page: waagenbau - Jul 24, 2014, 11:02:29 AM
[2014.07.24-07.02.29:908][  0]MapCheck: Info ========== Map Check: 0 Error(s), 0 Warning(s), [129.774ms] ==========
[2014.07.24-07.02.29:908][  0]LogFileHelpers: Loading map 'waagenbau' took 2.953
[2014.07.24-07.02.30:133][  0]LogCrashTracker: Crashtracker disabled due to settings.
[2014.07.24-07.02.30:154][  0]LogCollectionManager: Loaded 0 collections in 0.000953 seconds
[2014.07.24-07.02.30:820][  0]LogLoad: Full Startup: 9.92 seconds (BP compile: 0.52 seconds)
[2014.07.24-07.02.30:835][  0]LogContentBrowser:Verbose: The content browser source was changed by the sources view to '/Game/Blueprints/Characters'
[2014.07.24-07.02.30:941][  0]LogRenderer:Warning: Reallocating scene render targets to support 32x32.
[2014.07.24-07.02.31:351][  0]LogSlate: SRTH: 000000001E5CA380, 1156 x 853
[2014.07.24-07.02.31:386][  0]LogRenderer:Warning: Reallocating scene render targets to support 1160x856.
[2014.07.24-07.02.31:549][  1]LogEpicStorage:Warning: EnumerateFiles request failed. Invalid response. code=403 error=<?xml version="1.0" encoding="UTF-8"?>
<Error><Code>AccessDenied</Code><Message>Access Denied</Message><RequestId>2E25C413FECDDE88</RequestId><HostId>OIfYfFK7PjwGs8b6GfhKm83YgkAfLPluo30P7S8U8K+8Nr2F5Xb14Gw4pn34Sy+PjfqDVmLf+do=</HostId></Error>
[2014.07.24-07.02.31:605][  2]LogEpicSurvey:Warning: EnumerateFiles request failed. Invalid response. code=403 error=<?xml version="1.0" encoding="UTF-8"?>
<Error><Code>AccessDenied</Code><Message>Access Denied</Message><RequestId>9A4622285DF79156</RequestId><HostId>umI5okGghKtFiCWWJEOqm66GJSN1sk8irGKEapHZaH4W6PFvurl1tBc2kEq+pRzRo6H6C+mqOpo=</HostId></Error>
[2014.07.24-07.02.31:654][  3]LogEpicStorage:Warning: EnumerateFiles request failed. Invalid response. code=403 error=<?xml version="1.0" encoding="UTF-8"?>
<Error><Code>AccessDenied</Code><Message>Access Denied</Message><RequestId>2E25C413FECDDE88</RequestId><HostId>OIfYfFK7PjwGs8b6GfhKm83YgkAfLPluo30P7S8U8K+8Nr2F5Xb14Gw4pn34Sy+PjfqDVmLf+do=</HostId></Error>
[2014.07.24-07.02.31:690][  4]LogEpicSurvey:Warning: EnumerateFiles request failed. Invalid response. code=403 error=<?xml version="1.0" encoding="UTF-8"?>
<Error><Code>AccessDenied</Code><Message>Access Denied</Message><RequestId>9A4622285DF79156</RequestId><HostId>umI5okGghKtFiCWWJEOqm66GJSN1sk8irGKEapHZaH4W6PFvurl1tBc2kEq+pRzRo6H6C+mqOpo=</HostId></Error>
[2014.07.24-07.02.31:700][  4]LogAssetRegistry: Asset discovery search completed in 5.2553 seconds
[2014.07.24-07.02.31:874][  6]LogEpicSurvey:Warning: EnumerateFiles request failed. Invalid response. code=403 error=<?xml version="1.0" encoding="UTF-8"?>
<Error><Code>AccessDenied</Code><Message>Access Denied</Message><RequestId>EF45B88A4E87361F</RequestId><HostId>yMxnrL13GYpp2Kt4vUYkf6Q/DESd+xGdPsBpLl/ifT70kjCLDQa1I/cbAgVoZwL5aAWeL3PIs8c=</HostId></Error>
[2014.07.24-07.02.31:925][  7]LogEpicStorage:Warning: ReadFile request failed. File request already pending for filename=http://cdn.unrealengine.com/newsfeed/blueprint_icon_b.png
[2014.07.24-07.02.31:934][  7]LogEpicStorage:Warning: ReadFile request failed. File request already pending for filename=http://cdn.unrealengine.com/newsfeed/blueprint_icon_b.png
[2014.07.24-07.03.08:057][585]LogEditorViewport: Clicking on Actor (LMB): BotCharacter_Male_C (BotCharacter_7)
[2014.07.24-07.03.47:319][527]LogEditorViewport: Clicking on Actor (context menu): BotCharacter_Male_C (BotCharacter_7)
[2014.07.24-07.04.01:938][255]LogContentBrowser:Verbose: The content browser source was changed by the sources view to 'None'
[2014.07.24-07.04.01:938][255]LogContentBrowser:Verbose: The content browser source was changed by the sources view to '/Game/Blueprints/Characters'
[2014.07.24-07.04.04:205][360]LogContentBrowser:Verbose: The content browser source was changed by the sources view to '/Game/Blueprints/Animation'
[2014.07.24-07.04.06:629][487]LogContentBrowser:Verbose: The content browser source was changed by the sources view to '/Game/Character/Animations'
[2014.07.24-07.04.07:303][521]LogContentBrowser:Verbose: The content browser source was changed by the sources view to 'None'
[2014.07.24-07.04.09:196][613]LogContentBrowser:Verbose: The content browser source was changed by the sources view to '/Game/Character/Animations/Blueprints'
[2014.07.24-07.04.12:921][781]LogSlate: SRTH: 000000003A847B80, 647 x 375
[2014.07.24-07.12.31:678][511]LogActorComponent: UnregisterComponent: (/Engine/Transient.CharacterMovementComponent_0) Not registered. Aborting.
[2014.07.24-07.12.31:765][511]LogFileHelpers: Editor autosave (incl. sublevels) for '/Game/Maps/waagenbau' took 0.087
[2014.07.24-07.12.31:778][511]OBJ SavePackage: Generating thumbnails for [1] asset(s) in package [/Game/Blueprints/Characters/BotCharacter_Male] ([1] browsable assets)...
[2014.07.24-07.12.31:807][511]OBJ SavePackage:     Rendered thumbnail for [Blueprint /Game/Blueprints/Characters/BotCharacter_Male.BotCharacter_Male]
[2014.07.24-07.12.31:807][511]OBJ SavePackage: Finished generating thumbnails for package [/Game/Blueprints/Characters/BotCharacter_Male]
[2014.07.24-07.12.32:186][511]LogSavePackage: Save=351.750580ms
[2014.07.24-07.12.32:186][511]LogSavePackage: Moving 'D:/UDK4 Projects/Waagenbau/Saved/BotCharacter_Male_Auto14D9369FC462916A42E265F9391CD7676.tmp' to 'D:/UDK4 Projects/Waagenbau/Saved/Autosaves/Game/Blueprints/Characters/BotCharacter_Male_Auto1.uasset'
[2014.07.24-07.12.32:195][511]LogFileHelpers: Auto-saving content packages took 0.430
[2014.07.24-07.17.30:970][128]LogEpicStorage:Warning: ReadFile request failed. File request already pending for filename=http://cdn.unrealengine.com/newsfeed/blueprint_icon_b.png
[2014.07.24-07.17.30:971][128]LogEpicStorage:Warning: ReadFile request failed. File request already pending for filename=http://cdn.unrealengine.com/newsfeed/blueprint_icon_b.png
[2014.07.24-07.31.07:083][934]LogActorComponent: UnregisterComponent: (/Engine/Transient.CharacterMovementComponent_1) Not registered. Aborting.
[2014.07.24-07.31.07:097][934]LogParticles: Destroying 0 GPU particle simulations for FXSystem 0x000000000CCEEDE0
[2014.07.24-07.31.07:097][934]LogParticles: Destroying 0 GPU particle simulations for FXSystem 0x0000000026F02200
[2014.07.24-07.31.07:098][934]LogParticles: Destroying 0 GPU particle simulations for FXSystem 0x000000001E5BB740
[2014.07.24-07.31.08:866][935]Cmd: QUIT_EDITOR
[2014.07.24-07.31.08:948][935]LogWindowsTextInputMethodSystem:Error: Terminating failed while unadvising the language notification sink from the TSF source.
[2014.07.24-07.31.08:949][935]LogExit: Preparing to exit.
[2014.07.24-07.31.09:972][935]LogExit: Editor shut down
[2014.07.24-07.31.09:972][935]LogExit: Transaction tracking system shut down
[2014.07.24-07.31.09:976][935]LogParticles: Destroying 0 GPU particle simulations for FXSystem 0x0000000021F4BCE0
[2014.07.24-07.31.10:012][935]LogParticles: Destroying 0 GPU particle simulations for FXSystem 0x000000001B43E0C0
[2014.07.24-07.31.10:012][935]LogParticles: Destroying 0 GPU particle simulations for FXSystem 0x000000001B43E660
[2014.07.24-07.31.10:012][935]LogParticles: Destroying 0 GPU particle simulations for FXSystem 0x000000001B43E480
[2014.07.24-07.31.10:012][935]LogParticles: Destroying 0 GPU particle simulations for FXSystem 0x000000000D81A8E0
[2014.07.24-07.31.10:012][935]LogExit: Object subsystem successfully closed.
[2014.07.24-07.31.10:039][935]LogModuleManager: Shutting down and abandoning module AndroidDeviceDetection (173)
[2014.07.24-07.31.10:039][935]LogModuleManager: Shutting down and abandoning module GameLiveStreaming (172)
[2014.07.24-07.31.10:039][935]LogModuleManager: Shutting down and abandoning module EditorWidgets (171)
[2014.07.24-07.31.10:039][935]LogModuleManager: Shutting down and abandoning module CollectionManager (170)
[2014.07.24-07.31.10:039][935]LogModuleManager: Shutting down and abandoning module CrashTracker (169)
[2014.07.24-07.31.10:039][935]LogModuleManager: Shutting down and abandoning module HTTP (168)
[2014.07.24-07.31.10:039][935]LogModuleManager: Shutting down and abandoning module NewsFeed (167)
[2014.07.24-07.31.10:039][935]LogModuleManager: Shutting down and abandoning module SceneOutliner (166)
[2014.07.24-07.31.10:039][935]LogModuleManager: Shutting down and abandoning module StatsViewer (165)
[2014.07.24-07.31.10:039][935]LogModuleManager: Shutting down and abandoning module FoliageEdit (164)
[2014.07.24-07.31.10:039][935]LogModuleManager: Shutting down and abandoning module LandscapeEditor (163)
[2014.07.24-07.31.10:039][935]LogModuleManager: Shutting down and abandoning module MeshPaint (162)
[2014.07.24-07.31.10:039][935]LogModuleManager: Shutting down and abandoning module ActorPickerMode (161)
[2014.07.24-07.31.10:039][935]LogModuleManager: Shutting down and abandoning module GeometryMode (160)
[2014.07.24-07.31.10:039][935]LogModuleManager: Shutting down and abandoning module TextureAlignMode (159)
[2014.07.24-07.31.10:040][935]LogModuleManager: Shutting down and abandoning module BspMode (158)
[2014.07.24-07.31.10:040][935]LogModuleManager: Shutting down and abandoning module PlacementMode (157)
[2014.07.24-07.31.10:040][935]LogModuleManager: Shutting down and abandoning module AutomationWorker (156)
[2014.07.24-07.31.10:040][935]LogModuleManager: Shutting down and abandoning module EditorLiveStreaming (155)
[2014.07.24-07.31.10:040][935]LogModuleManager: Shutting down and abandoning module DeviceProfileEditor (154)
[2014.07.24-07.31.10:040][935]LogModuleManager: Shutting down and abandoning module UndoHistory (153)
[2014.07.24-07.31.10:040][935]LogModuleManager: Shutting down and abandoning module GameplayTagsEditor (152)
[2014.07.24-07.31.10:040][935]LogModuleManager: Shutting down and abandoning module UserFeedback (151)
[2014.07.24-07.31.10:040][935]LogModuleManager: Shutting down and abandoning module XmlParser (150)
[2014.07.24-07.31.10:040][935]LogModuleManager: Shutting down and abandoning module Blutility (149)
[2014.07.24-07.31.10:040][935]LogModuleManager: Shutting down and abandoning module IOSPlatformEditor (148)
[2014.07.24-07.31.10:040][935]LogModuleManager: Shutting down and abandoning module IOSRuntimeSettings (147)
[2014.07.24-07.31.10:040][935]LogModuleManager: Shutting down and abandoning module AndroidPlatformEditor (146)
[2014.07.24-07.31.10:040][935]LogModuleManager: Shutting down and abandoning module AndroidRuntimeSettings (145)
[2014.07.24-07.31.10:040][935]LogModuleManager: Shutting down and abandoning module ProjectTargetPlatformEditor (144)
[2014.07.24-07.31.10:040][935]LogModuleManager: Shutting down and abandoning module ProjectSettingsViewer (143)
[2014.07.24-07.31.10:040][935]LogModuleManager: Shutting down and abandoning module InputBindingEditor (142)
[2014.07.24-07.31.10:040][935]LogModuleManager: Shutting down and abandoning module EditorSettingsViewer (141)
[2014.07.24-07.31.10:040][935]LogModuleManager: Shutting down and abandoning module SettingsEditor (140)
[2014.07.24-07.31.10:040][935]LogModuleManager: Shutting down and abandoning module SessionLauncher (139)
[2014.07.24-07.31.10:040][935]LogModuleManager: Shutting down and abandoning module SessionFrontend (138)
[2014.07.24-07.31.10:040][935]LogModuleManager: Shutting down and abandoning module ProfilerClient (137)
[2014.07.24-07.31.10:040][935]LogModuleManager: Shutting down and abandoning module TargetDeviceServices (136)
[2014.07.24-07.31.10:040][935]LogModuleManager: Shutting down and abandoning module DeviceManager (135)
[2014.07.24-07.31.10:040][935]LogModuleManager: Shutting down and abandoning module AutomationController (134)
[2014.07.24-07.31.10:040][935]LogModuleManager: Shutting down and abandoning module AutomationWindow (133)
[2014.07.24-07.31.10:040][935]LogModuleManager: Shutting down and abandoning module Layers (132)
[2014.07.24-07.31.10:040][935]LogModuleManager: Shutting down and abandoning module ComponentVisualizers (131)
[2014.07.24-07.31.10:040][935]LogModuleManager: Shutting down and abandoning module DetailCustomizations (130)
[2014.07.24-07.31.10:040][935]LogModuleManager: Shutting down and abandoning module PackagesDialog (129)
[2014.07.24-07.31.10:040][935]LogModuleManager: Shutting down and abandoning module DirectoryWatcher (128)
[2014.07.24-07.31.10:040][935]LogModuleManager: Shutting down and abandoning module AssetRegistry (127)
[2014.07.24-07.31.10:115][935]LogModuleManager: Shutting down and abandoning module Persona (126)
[2014.07.24-07.31.10:115][935]LogModuleManager: Shutting down and abandoning module GraphEditor (125)
[2014.07.24-07.31.10:115][935]LogModuleManager: Shutting down and abandoning module ClassViewer (124)
[2014.07.24-07.31.10:115][935]LogModuleManager: Shutting down and abandoning module Toolbox (123)
[2014.07.24-07.31.10:115][935]LogModuleManager: Shutting down and abandoning module ModuleUI (122)
[2014.07.24-07.31.10:115][935]LogModuleManager: Shutting down and abandoning module Sequencer (121)
[2014.07.24-07.31.10:115][935]LogModuleManager: Shutting down and abandoning module MovieSceneTools (120)
[2014.07.24-07.31.10:115][935]LogModuleManager: Shutting down and abandoning module OutputLog (119)
[2014.07.24-07.31.10:115][935]LogModuleManager: Shutting down and abandoning module GammaUI (118)
[2014.07.24-07.31.10:115][935]LogModuleManager: Shutting down and abandoning module Documentation (117)
[2014.07.24-07.31.10:115][935]LogModuleManager: Shutting down and abandoning module DesktopPlatform (116)
[2014.07.24-07.31.10:115][935]LogModuleManager: Shutting down and abandoning module StreamingPauseRendering (115)
[2014.07.24-07.31.10:116][935]LogModuleManager: Shutting down and abandoning module AnalyticsET (114)
[2014.07.24-07.31.10:116][935]LogModuleManager: Shutting down and abandoning module Analytics (113)
[2014.07.24-07.31.10:116][935]LogModuleManager: Shutting down and abandoning module GameplayDebugger (112)
[2014.07.24-07.31.10:116][935]LogModuleManager: Shutting down and abandoning module AIModule (111)
[2014.07.24-07.31.10:116][935]LogModuleManager: Shutting down and abandoning module ProfilerService (110)
[2014.07.24-07.31.10:152][935]LogModuleManager: Shutting down and abandoning module TaskGraph (109)
[2014.07.24-07.31.10:152][935]LogModuleManager: Shutting down and abandoning module ViewportSnapping (108)
[2014.07.24-07.31.10:152][935]LogModuleManager: Shutting down and abandoning module GameProjectGeneration (107)
[2014.07.24-07.31.10:152][935]LogModuleManager: Shutting down and abandoning module Matinee (106)
[2014.07.24-07.31.10:152][935]LogModuleManager: Shutting down and abandoning module Kismet (105)
[2014.07.24-07.31.10:152][935]LogModuleManager: Shutting down and abandoning module SlateReflector (104)
[2014.07.24-07.31.10:152][935]LogModuleManager: Shutting down and abandoning module LevelEditor (103)
[2014.07.24-07.31.10:153][935]LogModuleManager: Shutting down and abandoning module IntroTutorials (102)
[2014.07.24-07.31.10:153][935]LogModuleManager: Shutting down and abandoning module ContentBrowser (101)
[2014.07.24-07.31.10:153][935]LogModuleManager: Shutting down and abandoning module MainFrame (100)
[2014.07.24-07.31.10:153][935]LogModuleManager: Shutting down and abandoning module SourceControl (99)
[2014.07.24-07.31.10:153][935]LogModuleManager: Shutting down and abandoning module ImageWrapper (98)
[2014.07.24-07.31.10:153][935]LogModuleManager: Shutting down and abandoning module OnlineBlueprintSupport (97)
[2014.07.24-07.31.10:153][935]LogModuleManager: Shutting down and abandoning module PropertyEditor (96)
[2014.07.24-07.31.10:153][935]LogModuleManager: Shutting down and abandoning module AssetTools (95)
[2014.07.24-07.31.10:153][935]LogModuleManager: Shutting down and abandoning module BehaviorTreeEditor (94)
[2014.07.24-07.31.10:153][935]LogModuleManager: Shutting down and abandoning module FunctionalTesting (93)
[2014.07.24-07.31.10:153][935]LogModuleManager: Shutting down and abandoning module CollisionAnalyzer (92)
[2014.07.24-07.31.10:153][935]LogModuleManager: Shutting down and abandoning module WorkspaceMenuStructure (91)
[2014.07.24-07.31.10:153][935]LogModuleManager: Shutting down and abandoning module MessageLog (90)
[2014.07.24-07.31.10:153][935]LogModuleManager: Shutting down and abandoning module Slate (89)
[2014.07.24-07.31.10:153][935]LogModuleManager: Shutting down and abandoning module EditorStyle (88)
[2014.07.24-07.31.10:155][935]LogModuleManager: Shutting down and abandoning module SessionServices (87)
[2014.07.24-07.31.10:155][935]LogModuleManager: Shutting down and abandoning module SourceCodeAccess (86)
[2014.07.24-07.31.10:155][935]LogModuleManager: Shutting down and abandoning module HeadMountedDisplay (85)
[2014.07.24-07.31.10:155][935]LogModuleManager: Shutting down and abandoning module XAudio2 (84)
[2014.07.24-07.31.10:155][935]LogModuleManager: Shutting down and abandoning module Networking (82)
[2014.07.24-07.31.10:155][935]LogModuleManager: Shutting down and abandoning module Core (81)
[2014.07.24-07.31.10:155][935]LogModuleManager: Shutting down and abandoning module KismetCompiler (80)
[2014.07.24-07.31.10:155][935]LogModuleManager: Shutting down and abandoning module PhysXFormats (79)
[2014.07.24-07.31.10:155][935]LogModuleManager: Shutting down and abandoning module MeshUtilities (78)
[2014.07.24-07.31.10:155][935]LogModuleManager: Shutting down and abandoning module DerivedDataCache (77)
[2014.07.24-07.31.10:165][935]LogDerivedDataCache: Shutdown
[2014.07.24-07.31.10:165][935]LogModuleManager: Shutting down and abandoning module ShaderFormatOpenGL (76)
[2014.07.24-07.31.10:165][935]LogModuleManager: Shutting down and abandoning module ShaderFormatD3D (75)
[2014.07.24-07.31.10:165][935]LogModuleManager: Shutting down and abandoning module MetalShaderFormat (74)
[2014.07.24-07.31.10:165][935]LogModuleManager: Shutting down and abandoning module TextureFormatUncompressed (73)
[2014.07.24-07.31.10:165][935]LogModuleManager: Shutting down and abandoning module TextureFormatPVR (72)
[2014.07.24-07.31.10:165][935]LogModuleManager: Shutting down and abandoning module TextureFormatDXT (71)
[2014.07.24-07.31.10:165][935]LogModuleManager: Shutting down and abandoning module TextureFormatAndroid (70)
[2014.07.24-07.31.10:165][935]LogModuleManager: Shutting down and abandoning module AudioFormatOpus (69)
[2014.07.24-07.31.10:165][935]LogModuleManager: Shutting down and abandoning module AudioFormatOgg (68)
[2014.07.24-07.31.10:165][935]LogModuleManager: Shutting down and abandoning module AudioFormatADPCM (67)
[2014.07.24-07.31.10:165][935]LogModuleManager: Shutting down and abandoning module Messaging (66)
[2014.07.24-07.31.10:165][935]LogModuleManager: Shutting down and abandoning module IOSTargetPlatform (65)
[2014.07.24-07.31.10:165][935]LogModuleManager: Shutting down and abandoning module Android_PVRTCTargetPlatform (64)
[2014.07.24-07.31.10:165][935]LogModuleManager: Shutting down and abandoning module Android_ETC2TargetPlatform (63)
[2014.07.24-07.31.10:165][935]LogModuleManager: Shutting down and abandoning module Android_ETC1TargetPlatform (62)
[2014.07.24-07.31.10:165][935]LogModuleManager: Shutting down and abandoning module Android_DXTTargetPlatform (61)
[2014.07.24-07.31.10:165][935]LogModuleManager: Shutting down and abandoning module Android_ATCTargetPlatform (60)
[2014.07.24-07.31.10:165][935]LogModuleManager: Shutting down and abandoning module AndroidTargetPlatform (59)
[2014.07.24-07.31.10:165][935]LogModuleManager: Shutting down and abandoning module WindowsTargetPlatform (58)
[2014.07.24-07.31.10:165][935]LogModuleManager: Shutting down and abandoning module WindowsServerTargetPlatform (57)
[2014.07.24-07.31.10:165][935]LogModuleManager: Shutting down and abandoning module WindowsNoEditorTargetPlatform (56)
[2014.07.24-07.31.10:165][935]LogModuleManager: Shutting down and abandoning module WindowsClientTargetPlatform (55)
[2014.07.24-07.31.10:165][935]LogModuleManager: Shutting down and abandoning module TargetPlatform (54)
[2014.07.24-07.31.10:165][935]LogModuleManager: Shutting down and abandoning module InputCore (53)
[2014.07.24-07.31.10:165][935]LogModuleManager: Shutting down and abandoning module Settings (52)
[2014.07.24-07.31.10:165][935]LogModuleManager: Shutting down and abandoning module TextureCompressor (49)
[2014.07.24-07.31.10:165][935]LogModuleManager: Shutting down and abandoning module ShaderCore (48)
[2014.07.24-07.31.10:165][935]LogModuleManager: Shutting down and abandoning module OpenGLDrv (47)
[2014.07.24-07.31.10:165][935]LogModuleManager: Shutting down and abandoning module D3D11RHI (46)
[2014.07.24-07.31.10:165][935]LogModuleManager: Shutting down and abandoning module SlateRHIRenderer (45)
[2014.07.24-07.31.10:165][935]LogModuleManager: Shutting down and abandoning module Renderer (44)
[2014.07.24-07.31.10:165][935]LogModuleManager: Shutting down and abandoning module Engine (43)
[2014.07.24-07.31.10:165][935]LogModuleManager: Shutting down and abandoning module SlateRemote (42)
[2014.07.24-07.31.10:165][935]LogModuleManager: Shutting down and abandoning module ScriptPlugin (41)
[2014.07.24-07.31.10:165][935]LogModuleManager: Shutting down and abandoning module ScriptEditorPlugin (39)
[2014.07.24-07.31.10:165][935]LogModuleManager: Shutting down and abandoning module WindowsMoviePlayer (38)
[2014.07.24-07.31.10:171][935]LogModuleManager: Shutting down and abandoning module ExampleDeviceProfileSelector (31)
[2014.07.24-07.31.10:171][935]LogModuleManager: Shutting down and abandoning module CustomMeshComponent (30)
[2014.07.24-07.31.10:171][935]LogModuleManager: Shutting down and abandoning module CableComponent (29)
[2014.07.24-07.31.10:171][935]LogModuleManager: Shutting down and abandoning module OculusRift (25)
[2014.07.24-07.31.10:171][935]LogModuleManager: Shutting down and abandoning module UdpMessaging (24)
[2014.07.24-07.31.10:271][935]LogModuleManager: Shutting down and abandoning module MessagingDebugger (23)
[2014.07.24-07.31.10:271][935]LogModuleManager: Shutting down and abandoning module SmartSnapping (21)
[2014.07.24-07.31.10:271][935]LogModuleManager: Shutting down and abandoning module PaperJsonImporter (20)
[2014.07.24-07.31.10:271][935]LogModuleManager: Shutting down and abandoning module Paper2DEditor (19)
[2014.07.24-07.31.10:271][935]LogModuleManager: Shutting down and abandoning module Paper2D (18)
[2014.07.24-07.31.10:271][935]LogModuleManager: Shutting down and abandoning module SpeedTreeImporter (14)
[2014.07.24-07.31.10:271][935]LogModuleManager: Shutting down and abandoning module PluginsEditor (13)
[2014.07.24-07.31.10:271][935]LogModuleManager: Shutting down and abandoning module EpicSurvey (12)
[2014.07.24-07.31.10:271][935]LogModuleManager: Shutting down and abandoning module VisualStudioSourceCodeAccess (10)
[2014.07.24-07.31.10:271][935]LogModuleManager: Shutting down and abandoning module UObjectPlugin (9)
[2014.07.24-07.31.10:271][935]LogModuleManager: Shutting down and abandoning module SubversionSourceControl (8)
[2014.07.24-07.31.10:271][935]LogModuleManager: Shutting down and abandoning module PerforceSourceControl (7)
[2014.07.24-07.31.10:271][935]LogModuleManager: Shutting down and abandoning module BlankPlugin (6)
[2014.07.24-07.31.10:271][935]LogModuleManager: Shutting down and abandoning module CoreUObject (5)
[2014.07.24-07.31.10:271][935]LogModuleManager: Shutting down and abandoning module NetworkFile (4)
[2014.07.24-07.31.10:271][935]LogModuleManager: Shutting down and abandoning module StreamingFile (3)
[2014.07.24-07.31.10:271][935]LogModuleManager: Shutting down and abandoning module SandboxFile (2)
[2014.07.24-07.31.10:271][935]LogModuleManager: Shutting down and abandoning module PakFile (1)
[2014.07.24-07.31.10:272][935]LogExit: Exiting.
[2014.07.24-07.31.10:277][935]Log file closed, 07/24/14 09:31:10
