Log file open, 07/04/14 16:42:13
LogInit:Display: Running engine without a game
LogInit:Display: Loading recent project file: D:/UDK4 Projects/MyProject3/MyProject3.uproject
LogInit: Version: 4.2.1-2101290+++depot+UE4-Releases+4.2
LogInit: Compiled (64-bit): Jun 10 2014 22:21:56
LogInit: Build Configuration: Development
LogInit: Branch Name: ++depot+UE4-Releases+4.2
LogInit: Command line: 
LogInit: Base directory: E:/Unreal Engine/4.2/Engine/Binaries/Win64/
LogInit: Rocket: 1
[2014.07.04-14.42.13:436][  0]LogTaskGraph: Started task graph with 3 named threads and 6 total threads.
[2014.07.04-14.42.13:480][  0]LogOnline:Warning: No default platform service specified for OnlineSubsystem
[2014.07.04-14.42.13:486][  0]LogInit: Presizing for 0 objects not considered by GC, pre-allocating 0 bytes.
[2014.07.04-14.42.13:492][  0]LogInit: Object subsystem initialized
[2014.07.04-14.42.13:493][  0]LogInit: Selected Device Profile: [Windows]
[2014.07.04-14.42.13:493][  0]LogInit: Applying CVar settings loaded from the selected device profile: [Windows]
[2014.07.04-14.42.13:496][  0]LogInit: Computer: SPAEHLING-PC
[2014.07.04-14.42.13:496][  0]LogInit: User: Spaehling
[2014.07.04-14.42.13:497][  0]LogInit: CPU Page size=4096, Cores=6
[2014.07.04-14.42.13:497][  0]LogInit: High frequency timer resolution =3.126962 MHz
[2014.07.04-14.42.13:497][  0]LogMemory: Memory total: Physical=64.0GB (64GB approx) Virtual=8192.0GB
[2014.07.04-14.42.13:497][  0]LogMemory: Platform Memory Stats for Windows
[2014.07.04-14.42.13:497][  0]LogMemory: Process Physical Memory: 60.39 MB used, 60.39 MB peak
[2014.07.04-14.42.13:497][  0]LogMemory: Process Virtual Memory: 36.65 MB used, 36.80 MB peak
[2014.07.04-14.42.13:497][  0]LogMemory: Physical Memory: 6597.13 MB used, 65486.15 MB total
[2014.07.04-14.42.13:497][  0]LogMemory: Virtual Memory: 244.71 MB used, 8388608.00 MB total
[2014.07.04-14.42.13:541][  0]LogD3D11RHI: Found D3D11 adapter 0: NVIDIA GeForce GTX 690 (Feature Level 11_0)
[2014.07.04-14.42.13:541][  0]LogD3D11RHI: Adapter has 1990MB of dedicated video memory, 0MB of dedicated system memory, and 2048MB of shared system memory, 1 output[s]
[2014.07.04-14.42.13:563][  0]LogD3D11RHI: Found D3D11 adapter 1: NVIDIA GeForce GTX 690 (Feature Level 11_0)
[2014.07.04-14.42.13:564][  0]LogD3D11RHI: Adapter has 1990MB of dedicated video memory, 0MB of dedicated system memory, and 2048MB of shared system memory, 1 output[s]
[2014.07.04-14.42.13:564][  0]LogD3D11RHI: Chosen D3D11 Adapter Id = 0
[2014.07.04-14.42.13:568][  0]LogRHI: Texture pool is 1361 MB (70% of 1945 MB)
[2014.07.04-14.42.13:578][  0]LogD3D11RHI: Async texture creation enabled
[2014.07.04-14.42.13:642][  0]LogTextLocalizationManager:Warning: The selected culture 'de_DE' is not available; falling back to 'en'
[2014.07.04-14.42.13:694][  0]LogContentStreaming: Texture pool size is 0.000000MB
[2014.07.04-14.42.14:437][  0]LogTargetPlatformManager:Display: Building Assets For Windows
[2014.07.04-14.42.14:510][  0]LogTargetPlatformManager:Display: Building Assets For Windows
[2014.07.04-14.42.14:536][  0]LogDerivedDataCache:Display: Max Cache Size: 512 MB
[2014.07.04-14.42.14:569][  0]LogDerivedDataCache: Loaded boot cache 0.03s 39MB C:/Users/Spaehling/AppData/Local/UnrealEngine/4.2/DerivedDataCache/Boot.ddc.
[2014.07.04-14.42.14:569][  0]LogDerivedDataCache:Display: Loaded Boot cache: C:/Users/Spaehling/AppData/Local/UnrealEngine/4.2/DerivedDataCache/Boot.ddc
[2014.07.04-14.42.14:569][  0]LogDerivedDataCache: FDerivedDataBackendGraph:  Pak pak cache file D:/UDK4 Projects/MyProject3/DerivedDataCache/DDC.ddp not found, will not use a pak cache.
[2014.07.04-14.42.14:569][  0]LogDerivedDataCache: Unable to find inner node Pak for hierarchical cache Hierarchy.
[2014.07.04-14.42.14:579][  0]LogDerivedDataCache:Display: Pak cache opened for reading ../../../Engine/DerivedDataCache/DDC.ddp.
[2014.07.04-14.42.14:590][  0]LogDerivedDataCache: Using Local data cache path C:/Users/Spaehling/AppData/Local/UnrealEngine/4.2/DerivedDataCache: Writable
[2014.07.04-14.42.14:730][  0]LogMeshUtilities: No automatic mesh reduction module available
[2014.07.04-14.42.14:730][  0]LogMeshUtilities: No automatic mesh merging module available
[2014.07.04-14.42.15:009][  0]LogInit: WinSock: version 1.1 (2.2), MaxSocks=32767, MaxUdp=65467
[2014.07.04-14.42.15:309][  0]LogStreaming:Warning: Failed to read file '../../../Engine/Content/Editor/Slate/Icons/ActorIcons/GroupActor_16x.png' error.
[2014.07.04-14.42.15:309][  0]LogSlate: Could not find file for Slate resource: ../../../Engine/Content/Editor/Slate/Icons/ActorIcons/GroupActor_16x.png
[2014.07.04-14.42.15:313][  0]LogStreaming:Warning: Failed to read file '../../../Engine/Content/Editor/Slate/Icons/ActorIcons/DecalActor_16x.png' error.
[2014.07.04-14.42.15:313][  0]LogSlate: Could not find file for Slate resource: ../../../Engine/Content/Editor/Slate/Icons/ActorIcons/DecalActor_16x.png
[2014.07.04-14.42.15:545][  0]UdpMessaging: Initializing bridge on interface 0.0.0.0:0 to multicast group 230.0.0.1:6666.
[2014.07.04-14.42.15:647][  0]SourceControl: Info Source control is disabled
[2014.07.04-14.42.15:647][  0]SourceControl: Info Source control is disabled
[2014.07.04-14.42.15:653][  0]SourceControl: Info Source control is disabled
[2014.07.04-14.42.15:753][  0]BlueprintLog: New page: Editor Load
[2014.07.04-14.42.15:788][  0]LogObj: 19203 objects as part of root set at end of initial load.
[2014.07.04-14.42.15:788][  0]LogUObjectAllocator: 3820568 out of 0 bytes used by permanent object pool.
[2014.07.04-14.42.16:103][  0]LogEngine: Initializing Engine...
[2014.07.04-14.42.16:201][  0]LogInit: XAudio2 using 'Lautsprecher (Corsair Vengeance 2000 Headset)' : 8 channels at 44.1 kHz using 16 bits per sample (channel mask 0x63f)
[2014.07.04-14.42.16:225][  0]LogInit: FAudioDevice initialized.
[2014.07.04-14.42.16:244][  0]LogDerivedDataCache: Saved boot cache 0.02s 39MB C:/Users/Spaehling/AppData/Local/UnrealEngine/4.2/DerivedDataCache/Boot.ddc.
[2014.07.04-14.42.16:248][  0]LogInit: Texture streaming: Enabled
[2014.07.04-14.42.16:271][  0]LogInit: Transaction tracking system initialized
[2014.07.04-14.42.16:345][  0]LogAssetRegistry: FAssetRegistry took 0.0100 seconds to start up
[2014.07.04-14.42.16:455][  0]LogModuleManager:Warning: ModuleManager: Unable to load module '' because the file was not found.
[2014.07.04-14.42.16:459][  0]LogModuleManager:Warning: ModuleManager: Unable to load module '' because the file was not found.
[2014.07.04-14.42.16:495][  0]LogConsoleResponse:Display: 
[2014.07.04-14.42.16:661][  0]SourceControl: Info Source control is disabled
[2014.07.04-14.42.16:661][  0]Cmd: MAP LOAD FILE="D:/UDK4 Projects/MyProject3/Content/Maps/waagenbau.umap" TEMPLATE=0 SHOWPROGRESS=1 WORLDCOMPOSITION=0
[2014.07.04-14.42.16:661][  0]LightingResults: New page: Lighting Build
[2014.07.04-14.42.16:666][  0]MapCheck: New page: Map Check
[2014.07.04-14.42.16:666][  0]LightingResults: New page: Lighting Build
[2014.07.04-14.42.16:671][  0]LogParticles: Destroying 0 GPU particle simulations for FXSystem 0x0000000012072A20
[2014.07.04-14.42.17:215][  0]LogBlueprint:Warning: [Decals] CreatePinForVariable: 'Mesh' variable not found. Base class was probably changed.
[2014.07.04-14.42.17:215][  0]LogBlueprint:Warning: [Decals] CreatePinForVariable: 'ShirtColor' variable not found. Base class was probably changed.
[2014.07.04-14.42.17:215][  0]LogBlueprint:Warning: [Decals] CreatePinForVariable: 'Set Pants Color' variable not found. Base class was probably changed.
[2014.07.04-14.42.17:215][  0]LogBlueprint:Warning: [Decals] CreatePinForVariable: 'Set Pants Color' variable not found. Base class was probably changed.
[2014.07.04-14.42.17:215][  0]LogBlueprint:Warning: [Decals] CreatePinForVariable: 'ShirtColor' variable not found. Base class was probably changed.
[2014.07.04-14.42.17:215][  0]LogBlueprint:Warning: [Decals] CreatePinForVariable: 'ShirtColor' variable not found. Base class was probably changed.
[2014.07.04-14.42.17:219][  0]LogBlueprint:Warning: [compiler] Warning Unable to find variable with name 'Mesh' for  Get Mesh 
[2014.07.04-14.42.17:219][  0]LogBlueprint:Warning: [compiler] Warning Unable to find variable with name 'ShirtColor' for  Get ShirtColor 
[2014.07.04-14.42.17:219][  0]LogBlueprint:Warning: [compiler] Warning Unable to find variable with name 'Set Pants Color' for  Get Set Pants Color 
[2014.07.04-14.42.17:219][  0]LogBlueprint:Warning: [compiler] Warning Unable to find variable with name 'Set Pants Color' for  Set Set Pants Color 
[2014.07.04-14.42.17:220][  0]LogBlueprint:Warning: [compiler] Warning Unable to find variable with name 'ShirtColor' for  Get ShirtColor 
[2014.07.04-14.42.17:220][  0]LogBlueprint:Warning: [compiler] Warning Unable to find variable with name 'ShirtColor' for  Set ShirtColor 
[2014.07.04-14.42.17:220][  0]LogBlueprint:Warning: [compiler] Warning [0004.37] Compile of Decals successful, but with 6 Warning(s) [in 2 ms]
[2014.07.04-14.42.17:224][  0]LogBlueprint:Warning: [compiler] Warning Unable to find variable with name 'Mesh' for  Get Mesh 
[2014.07.04-14.42.17:224][  0]LogBlueprint:Warning: [compiler] Warning Unable to find variable with name 'ShirtColor' for  Get ShirtColor 
[2014.07.04-14.42.17:224][  0]LogBlueprint:Warning: [compiler] Warning Unable to find variable with name 'Set Pants Color' for  Get Set Pants Color 
[2014.07.04-14.42.17:224][  0]LogBlueprint:Warning: [compiler] Warning Unable to find variable with name 'Set Pants Color' for  Set Set Pants Color 
[2014.07.04-14.42.17:225][  0]LogBlueprint:Warning: [compiler] Warning Unable to find variable with name 'ShirtColor' for  Get ShirtColor 
[2014.07.04-14.42.17:225][  0]LogBlueprint:Warning: [compiler] Warning Unable to find variable with name 'ShirtColor' for  Set ShirtColor 
[2014.07.04-14.42.17:225][  0]LogBlueprint:Warning: [compiler] Warning [0004.38] Compile of Decals successful, but with 6 Warning(s) [in 2 ms]
[2014.07.04-14.42.17:938][  0]LogBlueprintUserMessages:Warning: SetTimer passed a bad function () or object (DiscoLight_1_C_0)
[2014.07.04-14.42.17:939][  0]LogBlueprintUserMessages:Warning: SetTimer passed a bad function () or object (DiscoLight_1_C_1)
[2014.07.04-14.42.17:939][  0]LogBlueprintUserMessages:Warning: SetTimer passed a bad function () or object (DiscoLight_1_C_2)
[2014.07.04-14.42.17:940][  0]LogBlueprintUserMessages:Warning: SetTimer passed a bad function () or object (DiscoLight_1_C_3)
[2014.07.04-14.42.17:941][  0]LogBlueprintUserMessages:Warning: SetTimer passed a bad function () or object (DiscoLight_1_C_4)
[2014.07.04-14.42.17:941][  0]LogBlueprintUserMessages:Warning: SetTimer passed a bad function () or object (DiscoLight_1_C_5)
[2014.07.04-14.42.17:942][  0]LogBlueprintUserMessages:Warning: SetTimer passed a bad function () or object (DiscoLight_1_C_6)
[2014.07.04-14.42.17:942][  0]LogBlueprintUserMessages:Warning: SetTimer passed a bad function () or object (DiscoLight_1_C_7)
[2014.07.04-14.42.17:943][  0]LogBlueprintUserMessages:Warning: SetTimer passed a bad function () or object (DiscoLight_1_C_8)
[2014.07.04-14.42.17:944][  0]LogBlueprintUserMessages:Warning: SetTimer passed a bad function () or object (DiscoLight_1_C_9)
[2014.07.04-14.42.17:944][  0]LogBlueprintUserMessages:Warning: SetTimer passed a bad function () or object (DiscoLight_1_C_10)
[2014.07.04-14.42.17:945][  0]LogBlueprintUserMessages:Warning: SetTimer passed a bad function () or object (DiscoLight_1_C_11)
[2014.07.04-14.42.17:945][  0]LogBlueprintUserMessages:Warning: SetTimer passed a bad function () or object (DiscoLight_1_C_12)
[2014.07.04-14.42.17:946][  0]LogBlueprintUserMessages:Warning: SetTimer passed a bad function () or object (DiscoLight_1_C_13)
[2014.07.04-14.42.17:947][  0]LogBlueprintUserMessages:Warning: SetTimer passed a bad function () or object (DiscoLight_1_C_14)
[2014.07.04-14.42.17:947][  0]LogBlueprintUserMessages:Warning: SetTimer passed a bad function () or object (DiscoLight_1_C_15)
[2014.07.04-14.42.17:948][  0]LogBlueprintUserMessages:Warning: SetTimer passed a bad function () or object (DiscoLight_1_C_16)
[2014.07.04-14.42.17:949][  0]LogBlueprintUserMessages:Warning: SetTimer passed a bad function () or object (DiscoLight_1_C_17)
[2014.07.04-14.42.17:949][  0]LogBlueprintUserMessages:Warning: SetTimer passed a bad function () or object (DiscoLight_1_C_18)
[2014.07.04-14.42.17:950][  0]LogBlueprintUserMessages:Warning: SetTimer passed a bad function () or object (DiscoLight_1_C_19)
[2014.07.04-14.42.17:950][  0]LogBlueprintUserMessages:Warning: SetTimer passed a bad function () or object (DiscoLight_1_C_20)
[2014.07.04-14.42.17:958][  0]LogEditorServer: Finished looking for orphan Actors (0.000 secs)
[2014.07.04-14.42.17:959][  0]Cmd: MAP CHECKDEP
[2014.07.04-14.42.17:959][  0]MapCheck: New page: waagenbau - Jul 4, 2014, 6:42:17 PM
[2014.07.04-14.42.18:016][  0]MapCheck: Info ========== Map Check: 0 Error(s), 0 Warning(s), [57.725ms] ==========
[2014.07.04-14.42.18:017][  0]LogFileHelpers: Loading map 'waagenbau' took 1.356
[2014.07.04-14.42.18:150][  0]LogCrashTracker: Crashtracker disabled due to settings.
[2014.07.04-14.42.18:151][  0]Cmd: MODE PLACEMENT
[2014.07.04-14.42.18:204][  0]LogLoad: Full Startup: 5.36 seconds (BP compile: 0.29 seconds)
[2014.07.04-14.42.18:286][  0]LogRenderer:Warning: Reallocating scene render targets to support 32x32.
[2014.07.04-14.42.18:360][  0]LogRenderer:Warning: Reallocating scene render targets to support 1120x856.
[2014.07.04-14.42.18:612][  1]LogEpicStorage:Warning: EnumerateFiles request failed. Invalid response. code=403 error=<?xml version="1.0" encoding="UTF-8"?>
<Error><Code>AccessDenied</Code><Message>Access Denied</Message><RequestId>000FD0793F9E0665</RequestId><HostId>KpClClD7p8dJyDXaWiFb9HrcKzbMusBrUgSo5x2dsJG0S35TviAF/0DfO9Qlw1MxaIsygcJn0A4=</HostId></Error>
[2014.07.04-14.42.18:627][  1]LogAssetRegistry: Asset discovery search completed in 2.2929 seconds
[2014.07.04-14.42.18:685][  2]LogEpicSurvey:Warning: EnumerateFiles request failed. Invalid response. code=403 error=<?xml version="1.0" encoding="UTF-8"?>
<Error><Code>AccessDenied</Code><Message>Access Denied</Message><RequestId>0116A4FEAAB7BFC1</RequestId><HostId>mTDSUxInUnEtWLwUJ92gVGz9wOoWodw1/U+0DPaaTJ7xbCO/dcMBIaIFWk+4JQP+</HostId></Error>
[2014.07.04-14.42.18:696][  3]LogEpicStorage:Warning: EnumerateFiles request failed. Invalid response. code=403 error=<?xml version="1.0" encoding="UTF-8"?>
<Error><Code>AccessDenied</Code><Message>Access Denied</Message><RequestId>000FD0793F9E0665</RequestId><HostId>KpClClD7p8dJyDXaWiFb9HrcKzbMusBrUgSo5x2dsJG0S35TviAF/0DfO9Qlw1MxaIsygcJn0A4=</HostId></Error>
[2014.07.04-14.42.18:712][  4]LogEpicSurvey:Warning: EnumerateFiles request failed. Invalid response. code=403 error=<?xml version="1.0" encoding="UTF-8"?>
<Error><Code>AccessDenied</Code><Message>Access Denied</Message><RequestId>0116A4FEAAB7BFC1</RequestId><HostId>mTDSUxInUnEtWLwUJ92gVGz9wOoWodw1/U+0DPaaTJ7xbCO/dcMBIaIFWk+4JQP+</HostId></Error>
[2014.07.04-14.42.18:783][  6]LogEpicSurvey:Warning: EnumerateFiles request failed. Invalid response. code=403 error=<?xml version="1.0" encoding="UTF-8"?>
<Error><Code>AccessDenied</Code><Message>Access Denied</Message><RequestId>8DDDE490C9C05018</RequestId><HostId>JAnljS4mNVu1AEF17Z+GecWu8FonMqn+uHgFWUKE9gpAM6xAM0Lb1RwCpGvr5rC4</HostId></Error>
[2014.07.04-14.42.18:868][  7]LogEpicStorage:Warning: ReadFile request failed. File request already pending for filename=http://cdn.unrealengine.com/newsfeed/blueprint_icon_b.png
[2014.07.04-14.42.18:869][  7]LogEpicStorage:Warning: ReadFile request failed. File request already pending for filename=http://cdn.unrealengine.com/newsfeed/blueprint_icon_b.png
[2014.07.04-14.42.27:819][416]LogEditorViewport: Clicking on Actor (LMB): Decals_C (Decals)
[2014.07.04-14.42.28:550][449]LogEditorViewport: Clicking on Actor (context menu): Decals_C (Decals)
[2014.07.04-14.42.29:991][563]LogCollectionManager: Loaded 0 collections in 0.000670 seconds
[2014.07.04-14.42.34:372][762]LogRenderer:Warning: Reallocating scene render targets to support 1400x936.
[2014.07.04-14.42.47:678][362]BlueprintLog: New page: Compile Decals
[2014.07.04-14.42.47:682][362]LogBlueprint:Warning: [compiler] Warning Unable to find variable with name 'Mesh' for  Get Mesh 
[2014.07.04-14.42.47:682][362]LogBlueprint:Warning: [compiler] Warning Unable to find variable with name 'ShirtColor' for  Get ShirtColor 
[2014.07.04-14.42.47:682][362]LogBlueprint:Warning: [compiler] Warning Unable to find variable with name 'Set Pants Color' for  Get Set Pants Color 
[2014.07.04-14.42.47:682][362]LogBlueprint:Warning: [compiler] Warning Unable to find variable with name 'Set Pants Color' for  Set Set Pants Color 
[2014.07.04-14.42.47:682][362]LogBlueprint:Warning: [compiler] Warning Unable to find variable with name 'ShirtColor' for  Get ShirtColor 
[2014.07.04-14.42.47:683][362]LogBlueprint:Warning: [compiler] Warning Unable to find variable with name 'ShirtColor' for  Set ShirtColor 
[2014.07.04-14.42.47:683][362]LogBlueprint:Warning: [compiler] Warning [0034.84] Compile of Decals successful, but with 6 Warning(s) [in 2 ms]
[2014.07.04-14.42.48:007][362]BlueprintEditorCompileResults:Warning: Warning Unable to find variable with name 'Mesh' for  Get Mesh 
[2014.07.04-14.42.48:007][362]BlueprintEditorCompileResults:Warning: Warning Unable to find variable with name 'ShirtColor' for  Get ShirtColor 
[2014.07.04-14.42.48:007][362]BlueprintEditorCompileResults:Warning: Warning Unable to find variable with name 'Set Pants Color' for  Get Set Pants Color 
[2014.07.04-14.42.48:007][362]BlueprintEditorCompileResults:Warning: Warning Unable to find variable with name 'Set Pants Color' for  Set Set Pants Color 
[2014.07.04-14.42.48:007][362]BlueprintEditorCompileResults:Warning: Warning Unable to find variable with name 'ShirtColor' for  Get ShirtColor 
[2014.07.04-14.42.48:007][362]BlueprintEditorCompileResults:Warning: Warning Unable to find variable with name 'ShirtColor' for  Set ShirtColor 
[2014.07.04-14.42.48:007][362]BlueprintEditorCompileResults:Warning: Warning [0034.84] Compile of Decals successful, but with 6 Warning(s) [in 2 ms]
[2014.07.04-14.42.57:954][915]BlueprintLog: New page: Compile Decals
[2014.07.04-14.42.58:225][915]BlueprintEditorCompileResults: Info [0045.11] Compile of Decals successful! [in 1 ms]
[2014.07.04-14.43.55:095][574]BlueprintLog: New page: Compile Decals
[2014.07.04-14.43.55:366][574]BlueprintEditorCompileResults: Info [0102.25] Compile of Decals successful! [in 1 ms]
[2014.07.04-14.43.58:658][723]LogSlate:Warning: GetFontFace failed to load or process 'Roboto-Regular'
[2014.07.04-14.43.58:658][723]LogSlate:Warning: GetFontFace failed to load or process 'Roboto-Regular'
[2014.07.04-14.43.58:660][723]LogSlate:Warning: GetFontFace failed to load or process 'Roboto-Regular'
[2014.07.04-14.43.58:660][723]LogSlate:Warning: GetFontFace failed to load or process 'Roboto-Regular'
[2014.07.04-14.43.58:660][723]LogSlate:Warning: GetFontFace failed to load or process 'Roboto-Regular'
[2014.07.04-14.43.58:660][723]LogSlate:Warning: GetFontFace failed to load or process 'Roboto-Regular'
[2014.07.04-14.43.58:660][723]LogSlate:Warning: GetFontFace failed to load or process 'Roboto-Regular'
[2014.07.04-14.43.58:660][723]LogSlate:Warning: GetFontFace failed to load or process 'Roboto-Regular'
[2014.07.04-14.43.58:660][723]LogSlate:Warning: GetFontFace failed to load or process 'Roboto-Regular'
[2014.07.04-14.43.58:660][723]LogSlate:Warning: GetFontFace failed to load or process 'Roboto-Regular'
[2014.07.04-14.43.58:660][723]LogSlate:Warning: GetFontFace failed to load or process 'Roboto-Regular'
[2014.07.04-14.43.58:661][723]LogSlate:Warning: GetFontFace failed to load or process 'Roboto-Regular'
[2014.07.04-14.43.58:661][723]LogSlate:Warning: GetFontFace failed to load or process 'Roboto-Regular'
[2014.07.04-14.43.58:661][723]LogSlate:Warning: GetFontFace failed to load or process 'Roboto-Regular'
[2014.07.04-14.43.58:661][723]LogSlate:Warning: GetFontFace failed to load or process 'Roboto-Regular'
[2014.07.04-14.43.58:661][723]LogSlate:Warning: GetFontFace failed to load or process 'Roboto-Regular'
[2014.07.04-14.43.58:661][723]LogSlate:Warning: GetFontFace failed to load or process 'Roboto-Regular'
[2014.07.04-14.43.58:661][723]LogSlate:Warning: GetFontFace failed to load or process 'Roboto-Regular'
[2014.07.04-14.43.58:661][723]LogSlate:Warning: GetFontFace failed to load or process 'Roboto-Regular'
[2014.07.04-14.43.58:661][723]LogSlate:Warning: GetFontFace failed to load or process 'Roboto-Regular'
[2014.07.04-14.43.58:661][723]LogSlate:Warning: GetFontFace failed to load or process 'Roboto-Regular'
[2014.07.04-14.43.58:661][723]LogSlate:Warning: GetFontFace failed to load or process 'Roboto-Regular'
[2014.07.04-14.43.58:661][723]LogSlate:Warning: GetFontFace failed to load or process 'Roboto-Regular'
[2014.07.04-14.43.58:661][723]LogSlate:Warning: GetFontFace failed to load or process 'Roboto-Regular'
[2014.07.04-14.43.58:661][723]LogSlate:Warning: GetFontFace failed to load or process 'Roboto-Regular'
[2014.07.04-14.44.03:204][ 10]BlueprintLog: New page: Compile Decals
[2014.07.04-14.44.03:475][ 10]BlueprintEditorCompileResults: Info [0110.36] Compile of Decals successful! [in 1 ms]
[2014.07.04-14.44.12:581][440]BlueprintLog: New page: Compile Decals
[2014.07.04-14.44.12:852][440]BlueprintEditorCompileResults: Info [0119.74] Compile of Decals successful! [in 1 ms]
[2014.07.04-14.44.13:372][462]Cmd: OBJ SAVEPACKAGE PACKAGE="/Game/Materials/Instances/Decals" FILE="D:/UDK4 Projects/MyProject3/Content/Materials/Instances/Decals.uasset" SILENT=true
[2014.07.04-14.44.13:395][462]LogSavePackage: Save=18.875189ms
[2014.07.04-14.44.13:396][462]LogSavePackage: Moving 'D:/UDK4 Projects/MyProject3/Saved/DecalsEEE3D08F4A5FB33F77D70E9D9845817D.tmp' to 'D:/UDK4 Projects/MyProject3/Content/Materials/Instances/Decals.uasset'
[2014.07.04-14.44.48:788][215]Cmd: DELETE
[2014.07.04-14.44.48:788][215]Cmd: ACTOR DELETE
[2014.07.04-14.44.48:790][215]LogEditorActor: Deleted Actor: Decals_C
[2014.07.04-14.44.48:802][215]LogEditorActor: Deleted 1 Actors (0.014 secs)
[2014.07.04-14.44.51:158][322]LogSavePackage: Save=317.602509ms
[2014.07.04-14.44.51:158][322]LogSavePackage: Moving 'D:/UDK4 Projects/MyProject3/Saved/waagenbau006F200C4E9468E993C58FA882CC3D61.tmp' to 'D:/UDK4 Projects/MyProject3/Content/Maps/waagenbau.umap'
[2014.07.04-14.46.38:288][434]LogEditorViewport: Clicking on Actor (LMB): DecalActor (DecalActor15)
[2014.07.04-14.57.18:366][957]LogEpicStorage:Warning: ReadFile request failed. File request already pending for filename=http://cdn.unrealengine.com/newsfeed/blueprint_icon_b.png
[2014.07.04-14.57.18:367][957]LogEpicStorage:Warning: ReadFile request failed. File request already pending for filename=http://cdn.unrealengine.com/newsfeed/blueprint_icon_b.png
[2014.07.04-15.12.18:399][225]LogEpicStorage:Warning: ReadFile request failed. File request already pending for filename=http://cdn.unrealengine.com/newsfeed/blueprint_icon_b.png
[2014.07.04-15.12.18:400][225]LogEpicStorage:Warning: ReadFile request failed. File request already pending for filename=http://cdn.unrealengine.com/newsfeed/blueprint_icon_b.png
[2014.07.04-15.27.18:525][504]LogEpicStorage:Warning: ReadFile request failed. File request already pending for filename=http://cdn.unrealengine.com/newsfeed/blueprint_icon_b.png
[2014.07.04-15.27.18:526][504]LogEpicStorage:Warning: ReadFile request failed. File request already pending for filename=http://cdn.unrealengine.com/newsfeed/blueprint_icon_b.png
[2014.07.04-15.42.18:469][826]LogEpicStorage:Warning: ReadFile request failed. File request already pending for filename=http://cdn.unrealengine.com/newsfeed/blueprint_icon_b.png
[2014.07.04-15.42.18:469][826]LogEpicStorage:Warning: ReadFile request failed. File request already pending for filename=http://cdn.unrealengine.com/newsfeed/blueprint_icon_b.png
[2014.07.04-15.57.18:484][181]LogEpicStorage:Warning: ReadFile request failed. File request already pending for filename=http://cdn.unrealengine.com/newsfeed/blueprint_icon_b.png
[2014.07.04-15.57.18:485][181]LogEpicStorage:Warning: ReadFile request failed. File request already pending for filename=http://cdn.unrealengine.com/newsfeed/blueprint_icon_b.png
[2014.07.04-16.12.18:762][539]LogEpicStorage:Warning: ReadFile request failed. File request already pending for filename=http://cdn.unrealengine.com/newsfeed/blueprint_icon_b.png
[2014.07.04-16.12.18:762][539]LogEpicStorage:Warning: ReadFile request failed. File request already pending for filename=http://cdn.unrealengine.com/newsfeed/blueprint_icon_b.png
[2014.07.04-16.27.18:558][882]LogEpicStorage:Warning: ReadFile request failed. File request already pending for filename=http://cdn.unrealengine.com/newsfeed/blueprint_icon_b.png
[2014.07.04-16.27.18:559][882]LogEpicStorage:Warning: ReadFile request failed. File request already pending for filename=http://cdn.unrealengine.com/newsfeed/blueprint_icon_b.png
[2014.07.04-16.42.18:608][235]LogEpicStorage:Warning: ReadFile request failed. File request already pending for filename=http://cdn.unrealengine.com/newsfeed/blueprint_icon_b.png
[2014.07.04-16.42.18:609][235]LogEpicStorage:Warning: ReadFile request failed. File request already pending for filename=http://cdn.unrealengine.com/newsfeed/blueprint_icon_b.png
[2014.07.04-16.57.18:773][593]LogEpicStorage:Warning: ReadFile request failed. File request already pending for filename=http://cdn.unrealengine.com/newsfeed/blueprint_icon_b.png
[2014.07.04-16.57.18:774][593]LogEpicStorage:Warning: ReadFile request failed. File request already pending for filename=http://cdn.unrealengine.com/newsfeed/blueprint_icon_b.png
[2014.07.04-17.12.18:632][949]LogEpicStorage:Warning: ReadFile request failed. File request already pending for filename=http://cdn.unrealengine.com/newsfeed/blueprint_icon_b.png
[2014.07.04-17.12.18:633][949]LogEpicStorage:Warning: ReadFile request failed. File request already pending for filename=http://cdn.unrealengine.com/newsfeed/blueprint_icon_b.png
[2014.07.04-17.27.18:678][310]LogEpicStorage:Warning: ReadFile request failed. File request already pending for filename=http://cdn.unrealengine.com/newsfeed/blueprint_icon_b.png
[2014.07.04-17.27.18:679][310]LogEpicStorage:Warning: ReadFile request failed. File request already pending for filename=http://cdn.unrealengine.com/newsfeed/blueprint_icon_b.png
[2014.07.04-17.42.18:853][674]LogEpicStorage:Warning: ReadFile request failed. File request already pending for filename=http://cdn.unrealengine.com/newsfeed/blueprint_icon_b.png
[2014.07.04-17.42.18:853][674]LogEpicStorage:Warning: ReadFile request failed. File request already pending for filename=http://cdn.unrealengine.com/newsfeed/blueprint_icon_b.png
[2014.07.04-17.57.18:701][ 24]LogEpicStorage:Warning: ReadFile request failed. File request already pending for filename=http://cdn.unrealengine.com/newsfeed/blueprint_icon_b.png
[2014.07.04-17.57.18:702][ 24]LogEpicStorage:Warning: ReadFile request failed. File request already pending for filename=http://cdn.unrealengine.com/newsfeed/blueprint_icon_b.png
[2014.07.04-18.12.18:741][378]LogEpicStorage:Warning: ReadFile request failed. File request already pending for filename=http://cdn.unrealengine.com/newsfeed/blueprint_icon_b.png
[2014.07.04-18.12.18:742][378]LogEpicStorage:Warning: ReadFile request failed. File request already pending for filename=http://cdn.unrealengine.com/newsfeed/blueprint_icon_b.png
[2014.07.04-18.27.18:960][738]LogEpicStorage:Warning: ReadFile request failed. File request already pending for filename=http://cdn.unrealengine.com/newsfeed/blueprint_icon_b.png
[2014.07.04-18.27.18:961][738]LogEpicStorage:Warning: ReadFile request failed. File request already pending for filename=http://cdn.unrealengine.com/newsfeed/blueprint_icon_b.png
[2014.07.04-18.41.09:185][920]LogPlayLevel: PIE:  No blueprints needed recompiling
[2014.07.04-18.41.09:185][920]PIE: New page: SIE session: waagenbau (Jul 4, 2014, 10:41:09 PM)
[2014.07.04-18.41.09:224][920]LogPlayLevel: PIE: StaticDuplicateObject took: (0.038415s)
[2014.07.04-18.41.09:224][920]LogPlayLevel: PIE: World Init took: (0.000579s)
[2014.07.04-18.41.09:225][920]LogPlayLevel: PIE: Created PIE world by copying editor world from /Game/Maps/waagenbau.waagenbau to /Game/Maps/UEDPIE_0_waagenbau.waagenbau (0.039315s)
[2014.07.04-18.41.09:256][920]LogBlueprint:Warning: [compiler] Warning InputAction Event references unknown Action 'Action' for  InputAction Action 
[2014.07.04-18.41.09:259][920]LogBlueprint:Warning: [compiler] Warning [4336.18] Compile of MyCharacter successful, but with 1 Warning(s) [in 5 ms]
[2014.07.04-18.41.09:267][920]LogBlueprint:Warning: [compiler] Warning InputAction Event references unknown Action 'Action' for  InputAction Action 
[2014.07.04-18.41.09:270][920]LogBlueprint:Warning: [compiler] Warning [4336.19] Compile of MyCharacter successful, but with 1 Warning(s) [in 5 ms]
[2014.07.04-18.41.09:288][920]LogWorld: Game class is 'MyGame_C'
[2014.07.04-18.41.09:289][920]LogSelection:Warning: PIE object was selected: "DecalActor /Game/Maps/UEDPIE_0_waagenbau.waagenbau:PersistentLevel.DecalActor15"
[2014.07.04-18.41.09:414][920]LogBlueprintUserMessages:Warning: SetTimer passed a bad function () or object (DiscoLight_1_C_0)
[2014.07.04-18.41.09:415][920]LogBlueprintUserMessages:Warning: SetTimer passed a bad function () or object (DiscoLight_1_C_1)
[2014.07.04-18.41.09:415][920]LogBlueprintUserMessages:Warning: SetTimer passed a bad function () or object (DiscoLight_1_C_2)
[2014.07.04-18.41.09:416][920]LogBlueprintUserMessages:Warning: SetTimer passed a bad function () or object (DiscoLight_1_C_3)
[2014.07.04-18.41.09:416][920]LogBlueprintUserMessages:Warning: SetTimer passed a bad function () or object (DiscoLight_1_C_4)
[2014.07.04-18.41.09:417][920]LogBlueprintUserMessages:Warning: SetTimer passed a bad function () or object (DiscoLight_1_C_5)
[2014.07.04-18.41.09:417][920]LogBlueprintUserMessages:Warning: SetTimer passed a bad function () or object (DiscoLight_1_C_6)
[2014.07.04-18.41.09:417][920]LogBlueprintUserMessages:Warning: SetTimer passed a bad function () or object (DiscoLight_1_C_7)
[2014.07.04-18.41.09:418][920]LogBlueprintUserMessages:Warning: SetTimer passed a bad function () or object (DiscoLight_1_C_8)
[2014.07.04-18.41.09:418][920]LogBlueprintUserMessages:Warning: SetTimer passed a bad function () or object (DiscoLight_1_C_9)
[2014.07.04-18.41.09:419][920]LogBlueprintUserMessages:Warning: SetTimer passed a bad function () or object (DiscoLight_1_C_10)
[2014.07.04-18.41.09:419][920]LogBlueprintUserMessages:Warning: SetTimer passed a bad function () or object (DiscoLight_1_C_11)
[2014.07.04-18.41.09:420][920]LogBlueprintUserMessages:Warning: SetTimer passed a bad function () or object (DiscoLight_1_C_12)
[2014.07.04-18.41.09:420][920]LogBlueprintUserMessages:Warning: SetTimer passed a bad function () or object (DiscoLight_1_C_13)
[2014.07.04-18.41.09:420][920]LogBlueprintUserMessages:Warning: SetTimer passed a bad function () or object (DiscoLight_1_C_14)
[2014.07.04-18.41.09:421][920]LogBlueprintUserMessages:Warning: SetTimer passed a bad function () or object (DiscoLight_1_C_15)
[2014.07.04-18.41.09:421][920]LogBlueprintUserMessages:Warning: SetTimer passed a bad function () or object (DiscoLight_1_C_16)
[2014.07.04-18.41.09:422][920]LogBlueprintUserMessages:Warning: SetTimer passed a bad function () or object (DiscoLight_1_C_17)
[2014.07.04-18.41.09:422][920]LogBlueprintUserMessages:Warning: SetTimer passed a bad function () or object (DiscoLight_1_C_18)
[2014.07.04-18.41.09:423][920]LogBlueprintUserMessages:Warning: SetTimer passed a bad function () or object (DiscoLight_1_C_19)
[2014.07.04-18.41.09:423][920]LogBlueprintUserMessages:Warning: SetTimer passed a bad function () or object (DiscoLight_1_C_20)
[2014.07.04-18.41.09:429][920]LogWorld:Warning: *** WARNING - PATHS MAY NOT BE VALID ***
[2014.07.04-18.41.09:429][920]LogWorld: Bringing World /Game/Maps/UEDPIE_0_waagenbau.waagenbau up for play (max tick rate 0) at 2014.07.04-20.41.09
[2014.07.04-18.41.09:433][920]LogWorld: Bringing up level for play took: 0.100015
[2014.07.04-18.41.09:433][920]LogPlayerController: Spawned spectator SpectatorPawn_0 [server:1]
[2014.07.04-18.41.09:439][920]PIE: Info Play in editor start time for /Game/Maps/UEDPIE_0_waagenbau 0.918
[2014.07.04-18.41.09:446][920]LogSelection:Warning: PIE object was selected: "DecalActor /Game/Maps/UEDPIE_0_waagenbau.waagenbau:PersistentLevel.DecalActor15"
[2014.07.04-18.41.23:917][393]LogCharacterMovement: BotCharacter_Male_C_2 is stuck and failed to move!
[2014.07.04-18.41.23:971][397]LogCharacterMovement: BotCharacter_Male_C_2 is stuck and failed to move!
[2014.07.04-18.41.43:089][ 65]LogCharacterMovement: BotCharacter_Male_C_1 is stuck and failed to move!
[2014.07.04-18.42.09:293][ 56]LogParticles: Destroying 0 GPU particle simulations for FXSystem 0x0000000019FEE7A0
[2014.07.04-18.42.18:796][436]LogEpicStorage:Warning: ReadFile request failed. File request already pending for filename=http://cdn.unrealengine.com/newsfeed/blueprint_icon_b.png
[2014.07.04-18.42.18:797][436]LogEpicStorage:Warning: ReadFile request failed. File request already pending for filename=http://cdn.unrealengine.com/newsfeed/blueprint_icon_b.png
[2014.07.04-18.42.55:996][813]LogCharacterMovement: BotCharacter_Male_C_2 is stuck and failed to move!
[2014.07.04-18.42.57:491][868]LogCharacterMovement: BotCharacter_Male_C_2 is stuck and failed to move!
[2014.07.04-18.45.24:892][239]LogParticles: Destroying 0 GPU particle simulations for FXSystem 0x000000000A917E20
[2014.07.04-18.45.25:796][265]LogEditorViewport: Clicking on Actor (context menu): SkeletalMeshActor (gizzi_2)
[2014.07.04-18.45.27:172][329]LogContentBrowser:Verbose: The majority of assets in the view are of type: AnimSequence
[2014.07.04-18.45.34:614][584]LogPlayLevel: PIE:  No blueprints needed recompiling
[2014.07.04-18.45.34:614][584]PIE: New page: SIE session: waagenbau (Jul 4, 2014, 10:45:34 PM)
[2014.07.04-18.45.34:656][584]LogPlayLevel: PIE: StaticDuplicateObject took: (0.042559s)
[2014.07.04-18.45.34:657][584]LogPlayLevel: PIE: World Init took: (0.000581s)
[2014.07.04-18.45.34:657][584]LogPlayLevel: PIE: Created PIE world by copying editor world from /Game/Maps/waagenbau.waagenbau to /Game/Maps/UEDPIE_0_waagenbau.waagenbau (0.043471s)
[2014.07.04-18.45.34:658][584]LogWorld: Game class is 'MyGame_C'
[2014.07.04-18.45.34:658][584]LogSelection:Warning: PIE object was selected: "SkeletalMeshActor /Game/Maps/UEDPIE_0_waagenbau.waagenbau:PersistentLevel.gizzi_15"
[2014.07.04-18.45.34:730][584]LogBlueprintUserMessages:Warning: SetTimer passed a bad function () or object (DiscoLight_1_C_0)
[2014.07.04-18.45.34:731][584]LogBlueprintUserMessages:Warning: SetTimer passed a bad function () or object (DiscoLight_1_C_1)
[2014.07.04-18.45.34:732][584]LogBlueprintUserMessages:Warning: SetTimer passed a bad function () or object (DiscoLight_1_C_2)
[2014.07.04-18.45.34:732][584]LogBlueprintUserMessages:Warning: SetTimer passed a bad function () or object (DiscoLight_1_C_3)
[2014.07.04-18.45.34:732][584]LogBlueprintUserMessages:Warning: SetTimer passed a bad function () or object (DiscoLight_1_C_4)
[2014.07.04-18.45.34:733][584]LogBlueprintUserMessages:Warning: SetTimer passed a bad function () or object (DiscoLight_1_C_5)
[2014.07.04-18.45.34:733][584]LogBlueprintUserMessages:Warning: SetTimer passed a bad function () or object (DiscoLight_1_C_6)
[2014.07.04-18.45.34:734][584]LogBlueprintUserMessages:Warning: SetTimer passed a bad function () or object (DiscoLight_1_C_7)
[2014.07.04-18.45.34:734][584]LogBlueprintUserMessages:Warning: SetTimer passed a bad function () or object (DiscoLight_1_C_8)
[2014.07.04-18.45.34:735][584]LogBlueprintUserMessages:Warning: SetTimer passed a bad function () or object (DiscoLight_1_C_9)
[2014.07.04-18.45.34:735][584]LogBlueprintUserMessages:Warning: SetTimer passed a bad function () or object (DiscoLight_1_C_10)
[2014.07.04-18.45.34:737][584]LogBlueprintUserMessages:Warning: SetTimer passed a bad function () or object (DiscoLight_1_C_11)
[2014.07.04-18.45.34:737][584]LogBlueprintUserMessages:Warning: SetTimer passed a bad function () or object (DiscoLight_1_C_12)
[2014.07.04-18.45.34:737][584]LogBlueprintUserMessages:Warning: SetTimer passed a bad function () or object (DiscoLight_1_C_13)
[2014.07.04-18.45.34:738][584]LogBlueprintUserMessages:Warning: SetTimer passed a bad function () or object (DiscoLight_1_C_14)
[2014.07.04-18.45.34:738][584]LogBlueprintUserMessages:Warning: SetTimer passed a bad function () or object (DiscoLight_1_C_15)
[2014.07.04-18.45.34:739][584]LogBlueprintUserMessages:Warning: SetTimer passed a bad function () or object (DiscoLight_1_C_16)
[2014.07.04-18.45.34:739][584]LogBlueprintUserMessages:Warning: SetTimer passed a bad function () or object (DiscoLight_1_C_17)
[2014.07.04-18.45.34:740][584]LogBlueprintUserMessages:Warning: SetTimer passed a bad function () or object (DiscoLight_1_C_18)
[2014.07.04-18.45.34:740][584]LogBlueprintUserMessages:Warning: SetTimer passed a bad function () or object (DiscoLight_1_C_19)
[2014.07.04-18.45.34:740][584]LogBlueprintUserMessages:Warning: SetTimer passed a bad function () or object (DiscoLight_1_C_20)
[2014.07.04-18.45.34:746][584]LogWorld:Warning: *** WARNING - PATHS MAY NOT BE VALID ***
[2014.07.04-18.45.34:746][584]LogWorld: Bringing World /Game/Maps/UEDPIE_0_waagenbau.waagenbau up for play (max tick rate 0) at 2014.07.04-20.45.34
[2014.07.04-18.45.34:750][584]LogWorld: Bringing up level for play took: 0.062669
[2014.07.04-18.45.34:750][584]LogPlayerController: Spawned spectator SpectatorPawn_1 [server:1]
[2014.07.04-18.45.34:756][584]PIE: Info Play in editor start time for /Game/Maps/UEDPIE_0_waagenbau 0.23
[2014.07.04-18.45.34:768][584]LogSelection:Warning: PIE object was selected: "SkeletalMeshActor /Game/Maps/UEDPIE_0_waagenbau.waagenbau:PersistentLevel.gizzi_15"
[2014.07.04-18.46.02:774][480]LogParticles: Destroying 0 GPU particle simulations for FXSystem 0x000000000CAF5E40
[2014.07.04-18.46.12:753][832]LogFileHelpers: Editor autosave (incl. sublevels) for '/Game/Maps/waagenbau' took 0.010
[2014.07.04-18.46.12:767][832]OBJ SavePackage: Generating thumbnails for [1] asset(s) in package [/Game/Character/gizzi] ([1] browsable assets)...
[2014.07.04-18.46.12:813][832]OBJ SavePackage:     Rendered thumbnail for [SkeletalMesh /Game/Character/gizzi.gizzi]
[2014.07.04-18.46.12:813][832]OBJ SavePackage: Finished generating thumbnails for package [/Game/Character/gizzi]
[2014.07.04-18.46.12:816][832]Cmd: OBJ SAVEPACKAGE PACKAGE="/Game/Character/gizzi" FILE="D:/UDK4 Projects/MyProject3/Saved/Autosaves/Game/Character/gizzi_Auto1.uasset" SILENT=false AUTOSAVING=true
[2014.07.04-18.46.13:189][832]LogSavePackage: Save=355.259827ms
[2014.07.04-18.46.13:189][832]LogSavePackage: Moving 'D:/UDK4 Projects/MyProject3/Saved/gizzi_Auto15EA2BDDC40AB466E41769E8F2B631432.tmp' to 'D:/UDK4 Projects/MyProject3/Saved/Autosaves/Game/Character/gizzi_Auto1.uasset'
[2014.07.04-18.46.13:217][832]LogFileHelpers: Auto-saving content packages took 0.465
[2014.07.04-18.49.09:803][455]LogWindows:Error: appError called: Assertion failed: ApexClothingAssetAuthoring [File:D:\BuildFarm\buildmachine_++depot+UE4-Releases+4.2\Engine\Source\Editor\UnrealEd\Private\ApexClothingUtils.cpp] [Line: 1043]

Stack:
Address = 0xea0ed866 (filename not found) [in E:\Unreal Engine\4.2\Engine\Binaries\Win64\UE4Editor-Core.dll]
Address = 0xe9f8d275 (filename not found) [in E:\Unreal Engine\4.2\Engine\Binaries\Win64\UE4Editor-Core.dll]
Address = 0xe61bb0b9 (filename not found) [in E:\Unreal Engine\4.2\Engine\Binaries\Win64\UE4Editor-UnrealEd.dll]
Address = 0xe61e60ec (filename not found) [in E:\Unreal Engine\4.2\Engine\Binaries\Win64\UE4Editor-UnrealEd.dll]
Address = 0xddcf219e (filename not found) [in E:\Unreal Engine\4.2\Engine\Binaries\Win64\UE4Editor-Persona.dll]
Address = 0xddcbb240 (filename not found) [in E:\Unreal Engine\4.2\Engine\Binaries\Win64\UE4Editor-Persona.dll]
Address = 0xe745c82a (filename not found) [in E:\Unreal Engine\4.2\Engine\Binaries\Win64\UE4Editor-Slate.dll]
Address = 0xe747cc65 (filename not found) [in E:\Unreal Engine\4.2\Engine\Binaries\Win64\UE4Editor-Slate.dll]
Address = 0xe728b35c (filename not found) [in E:\Unreal Engine\4.2\Engine\Binaries\Win64\UE4Editor-Slate.dll]
Address = 0xe7280fdc (filename not found) [in E:\Unreal Engine\4.2\Engine\Binaries\Win64\UE4Editor-Slate.dll]
Address = 0xea090ddd (filename not found) [in E:\Unreal Engine\4.2\Engine\Binaries\Win64\UE4Editor-Core.dll]
Address = 0xea080b81 (filename not found) [in E:\Unreal Engine\4.2\Engine\Binaries\Win64\UE4Editor-Core.dll]
Address = 0xea091e9f (filename not found) [in E:\Unreal Engine\4.2\Engine\Binaries\Win64\UE4Editor-Core.dll]
Address = 0xea07df62 (filename not found) [in E:\Unreal Engine\4.2\Engine\Binaries\Win64\UE4Editor-Core.dll]
Address = 0x77a99bd1 (filename not found) [in C:\Windows\system32\USER32.dll]
Address = 0x77a998da (filename not found) [in C:\Windows\system32\USER32.dll]
Address = 0xea092296 (filename not found) [in E:\Unreal Engine\4.2\Engine\Binaries\Win64\UE4Editor-Core.dll]
FEngineLoop::Tick() 0x3f1d795f + 8 bytes [File=d:\buildfarm\buildmachine_++depot+ue4-releases+4.2\engine\source\runtime\launch\private\launchengineloop.cpp:2073] [in E:\Unreal Engine\4.2\Engine\Binaries\Win64\UE4Editor.exe]
GuardedMain() 0x3f1cd1ec + 0 bytes [File=d:\buildfarm\buildmachine_++depot+ue4-releases+4.2\engine\source\runtime\launch\private\launch.cpp:132] [in E:\Unreal Engine\4.2\Engine\Binaries\Win64\UE4Editor.exe]
GuardedMainWrapper() 0x3f1cd25a + 5 bytes [File=d:\buildfarm\buildmachine_++depot+ue4-releases+4.2\engine\source\runtime\launch\private\windows\launchwindows.cpp:125] [in E:\Unreal Engine\4.2\Engine\Binaries\Win64\UE4Editor.exe]
WinMain() 0x3f1d9119 + 17 bytes [File=d:\buildfarm\buildmachine_++depot+ue4-releases+4.2\engine\source\runtime\launch\private\windows\launchwindows.cpp:207] [in E:\Unreal Engine\4.2\Engine\Binaries\Win64\UE4Editor.exe]
__tmainCRTStartup() 0x3f1d9fa9 + 21 bytes [File=f:\dd\vctools\crt\crtw32\dllstuff\crtexe.c:618] [in E:\Unreal Engine\4.2\Engine\Binaries\Win64\UE4Editor.exe]
Address = 0x779759ed (filename not found) [in C:\Windows\system32\kernel32.dll]
Address = 0x77bac541 (filename not found) [in C:\Windows\SYSTEM32\ntdll.dll]
Address = 0x77bac541 (filename not found) [in C:\Windows\SYSTEM32\ntdll.dll]

[2014.07.04-18.49.09:803][455]LogWindows:Error: Windows GetLastError: Der Vorgang wurde erfolgreich beendet. (0)
[2014.07.04-18.49.09:803][455]LogCrashTracker: 


[2014.07.04-18.49.09:957][455]LogCrashTracker: 


[2014.07.04-18.49.09:957][455]LogWindows: === Critical error: ===
Unhandled Exception: 0x00000001

[2014.07.04-18.49.09:958][455]LogWindows: Assertion failed: ApexClothingAssetAuthoring [File:D:\BuildFarm\buildmachine_++depot+UE4-Releases+4.2\Engine\Source\Editor\UnrealEd\Private\ApexClothingUtils.cpp] [Line: 1043]

Stack:
Address = 0xea0ed866 (filename not found) [in E:\Unreal Engine\4.2\Engine\Binaries\Win64\UE4Editor-Core.dll]
Address = 0xe9f8d275 (filename not found) [in E:\Unreal Engine\4.2\Engine\Binaries\Win64\UE4Editor-Core.dll]
Address = 0xe61bb0b9 (filename not found) [in E:\Unreal Engine\4.2\Engine\Binaries\Win64\UE4Editor-UnrealEd.dll]
Address = 0xe61e60ec (filename not found) [in E:\Unreal Engine\4.2\Engine\Binaries\Win64\UE4Editor-UnrealEd.dll]
Address = 0xddcf219e (filename not found) [in E:\Unreal Engine\4.2\Engine\Binaries\Win64\UE4Editor-Persona.dll]
Address = 0xddcbb240 (filename not found) [in E:\Unreal Engine\4.2\Engine\Binaries\Win64\UE4Editor-Persona.dll]
Address = 0xe745c82a (filename not found) [in E:\Unreal Engine\4.2\Engine\Binaries\Win64\UE4Editor-Slate.dll]
Address = 0xe747cc65 (filename not found) [in E:\Unreal Engine\4.2\Engine\Binaries\Win64\UE4Editor-Slate.dll]
Address = 0xe728b35c (filename not found) [in E:\Unreal Engine\4.2\Engine\Binaries\Win64\UE4Editor-Slate.dll]
Address = 0xe7280fdc (filename not found) [in E:\Unreal Engine\4.2\Engine\Binaries\Win64\UE4Editor-Slate.dll]
Address = 0xea090ddd (filename not found) [in E:\Unreal Engine\4.2\Engine\Binaries\Win64\UE4Editor-Core.dll]
Address = 0xea080b81 (filename not found) [in E:\Unreal Engine\4.2\Engine\Binaries\Win64\UE4Editor-Core.dll]
Address = 0xea091e9f (filename not found) [in E:\Unreal Engine\4.2\Engine\Binaries\Win64\UE4Editor-Core.dll]
Address = 0xea07df62 (filename not found) [in E:\Unreal Engine\4.2\Engine\Binaries\Win64\UE4Editor-Core.dll]
Address = 0x77a99bd1 (filename not found) [in C:\Windows\system32\USER32.dll]
Address = 0x77a998da (filename not found) [in C:\Windows\system32\USER32.dll]
Address = 0xea092296 (filename not found) [in E:\Unreal Engine\4.2\Engine\Binaries\Win64\UE4Editor-Core.dll]
FEngineLoop::Tick() 0x3f1d795f + 8 bytes [File=d:\buildfarm\buildmachine_++depot+ue4-releases+4.2\engine\source\runtime\launch\private\launchengineloop.cpp:2073] [in E:\Unreal Engine\4.2\Engine\Binaries\Win64\UE4Editor.exe]
GuardedMain() 0x3f1cd1ec + 0 bytes [File=d:\buildfarm\buildmachine_++depot+ue4-releases+4.2\engine\source\runtime\launch\private\launch.cpp:132] [in E:\Unreal Engine\4.2\Engine\Binaries\Win64\UE4Editor.exe]
GuardedMainWrapper() 0x3f1cd25a + 5 bytes [File=d:\buildfarm\buildmachine_++depot+ue4-releases+4.2\engine\source\runtime\launch\private\windows\launchwindows.cpp:125] [in E:\Unreal Engine\4.2\Engine\Binaries\Win64\UE4Editor.exe]
WinMain() 0x3f1d9119 + 17 bytes [File=d:\buildfarm\buildmachine_++depot+ue4-releases+4.2\engine\source\runtime\launch\private\windows\launchwindows.cpp:207] [in E:\Unreal Engine\4.2\Engine\Binaries\Win64\UE4Editor.exe]
__tmainCRTStartup() 0x3f1d9fa9 + 21 bytes [File=f:\dd\vctools\crt\crtw32\dllstuff\crtexe.c:618] [in E:\Unreal Engine\4.2\Engine\Binaries\Win64\UE4Editor.exe]
Address = 0x779759ed (filename not found) [in C:\Windows\system32\kernel32.dll]
Address = 0x77bac541 (filename not found) [in C:\Windows\SYSTEM32\ntdll.dll]
Address = 0x77bac541 (filename not found) [in C:\Windows\SYSTEM32\ntdll.dll]


Address = 0xfdc5940d (filename not found) [in C:\Windows\system32\KERNELBASE.dll]
Address = 0xea0ec1dc (filename not found) [in E:\Unreal Engine\4.2\Engine\Binaries\Win64\UE4Editor-Core.dll]
Address = 0xe9f9b94a (filename not found) [in E:\Unreal Engine\4.2\Engine\Binaries\Win64\UE4Editor-Core.dll]
Address = 0xe9f8d320 (filename not found) [in E:\Unreal Engine\4.2\Engine\Binaries\Win64\UE4Editor-Core.dll]
Address = 0xe61bb0b9 (filename not found) [in E:\Unreal Engine\4.2\Engine\Binaries\Win64\UE4Editor-UnrealEd.dll]
Address = 0xe61e60ec (filename not found) [in E:\Unreal Engine\4.2\Engine\Binaries\Win64\UE4Editor-UnrealEd.dll]
Address = 0xddcf219e (filename not found) [in E:\Unreal Engine\4.2\Engine\Binaries\Win64\UE4Editor-Persona.dll]
Address = 0xddcbb240 (filename not found) [in E:\Unreal Engine\4.2\Engine\Binaries\Win64\UE4Editor-Persona.dll]
Address = 0xe745c82a (filename not found) [in E:\Unreal Engine\4.2\Engine\Binaries\Win64\UE4Editor-Slate.dll]
Address = 0xe747cc65 (filename not found) [in E:\Unreal Engine\4.2\Engine\Binaries\Win64\UE4Editor-Slate.dll]
Address = 0xe728b35c (filename not found) [in E:\Unreal Engine\4.2\Engine\Binaries\Win64\UE4Editor-Slate.dll]
Address = 0xe7280fdc (filename not found) [in E:\Unreal Engine\4.2\Engine\Binaries\Win64\UE4Editor-Slate.dll]
Address = 0xea090ddd (filename not found) [in E:\Unreal Engine\4.2\Engine\Binaries\Win64\UE4Editor-Core.dll]
Address = 0xea080b81 (filename not found) [in E:\Unreal Engine\4.2\Engine\Binaries\Win64\UE4Editor-Core.dll]
Address = 0xea091e9f (filename not found) [in E:\Unreal Engine\4.2\Engine\Binaries\Win64\UE4Editor-Core.dll]
Address = 0xea07df62 (filename not found) [in E:\Unreal Engine\4.2\Engine\Binaries\Win64\UE4Editor-Core.dll]
Address = 0x77a99bd1 (filename not found) [in C:\Windows\system32\USER32.dll]
Address = 0x77a998da (filename not found) [in C:\Windows\system32\USER32.dll]
Address = 0xea092296 (filename not found) [in E:\Unreal Engine\4.2\Engine\Binaries\Win64\UE4Editor-Core.dll]
FEngineLoop::Tick() 0x3f1d795f + 8 bytes [File=d:\buildfarm\buildmachine_++depot+ue4-releases+4.2\engine\source\runtime\launch\private\launchengineloop.cpp:2073] [in E:\Unreal Engine\4.2\Engine\Binaries\Win64\UE4Editor.exe]
GuardedMain() 0x3f1cd1ec + 0 bytes [File=d:\buildfarm\buildmachine_++depot+ue4-releases+4.2\engine\source\runtime\launch\private\launch.cpp:132] [in E:\Unreal Engine\4.2\Engine\Binaries\Win64\UE4Editor.exe]
GuardedMainWrapper() 0x3f1cd25a + 5 bytes [File=d:\buildfarm\buildmachine_++depot+ue4-releases+4.2\engine\source\runtime\launch\private\windows\launchwindows.cpp:125] [in E:\Unreal Engine\4.2\Engine\Binaries\Win64\UE4Editor.exe]
WinMain() 0x3f1d9119 + 17 bytes [File=d:\buildfarm\buildmachine_++depot+ue4-releases+4.2\engine\source\runtime\launch\private\windows\launchwindows.cpp:207] [in E:\Unreal Engine\4.2\Engine\Binaries\Win64\UE4Editor.exe]
__tmainCRTStartup() 0x3f1d9fa9 + 21 bytes [File=f:\dd\vctools\crt\crtw32\dllstuff\crtexe.c:618] [in E:\Unreal Engine\4.2\Engine\Binaries\Win64\UE4Editor.exe]
Address = 0x779759ed (filename not found) [in C:\Windows\system32\kernel32.dll]
Address = 0x77bac541 (filename not found) [in C:\Windows\SYSTEM32\ntdll.dll]
Address = 0x77bac541 (filename not found) [in C:\Windows\SYSTEM32\ntdll.dll]

[2014.07.04-18.49.09:958][455]LogExit: Executing StaticShutdownAfterError
[2014.07.04-18.49.09:968][455]LogWindows: FPlatformMisc::RequestExit(1)
[2014.07.04-18.49.09:968][455]Log file closed, 07/04/14 20:49:09
