Log file open, 07/20/14 23:48:24
LogInit:Display: Running engine for game: MyProject3
LogInit: Version: 4.3.0-2215663+++depot+UE4-Releases+4.3
LogInit: API Version: 2215663
LogInit: Compiled (64-bit): Jul 14 2014 22:23:33
LogInit: Build Configuration: Development
LogInit: Branch Name: ++depot+UE4-Releases+4.3
LogInit: Command line:  
LogInit: Base directory: E:/Unreal Engine/4.3/Engine/Binaries/Win64/
LogInit: Rocket: 1
[2014.07.20-21.48.24:783][  0]LogTaskGraph: Started task graph with 3 named threads and 6 total threads.
[2014.07.20-21.48.24:828][  0]LogOnline:Warning: No default platform service specified for OnlineSubsystem
[2014.07.20-21.48.24:900][  0]LogInit: Presizing for 0 objects not considered by GC, pre-allocating 0 bytes.
[2014.07.20-21.48.25:053][  0]LogInit: Object subsystem initialized
[2014.07.20-21.48.25:152][  0]LogInit: Selected Device Profile: [Windows]
[2014.07.20-21.48.25:156][  0]LogInit: Applying CVar settings loaded from the selected device profile: [Windows]
[2014.07.20-21.48.25:261][  0]LogInit: Computer: SPAEHLING-PC
[2014.07.20-21.48.25:262][  0]LogInit: User: Spaehling
[2014.07.20-21.48.25:263][  0]LogInit: CPU Page size=4096, Cores=6
[2014.07.20-21.48.25:263][  0]LogInit: High frequency timer resolution =3.126943 MHz
[2014.07.20-21.48.25:263][  0]LogMemory: Memory total: Physical=64.0GB (64GB approx) Virtual=8192.0GB
[2014.07.20-21.48.25:264][  0]LogMemory: Platform Memory Stats for Windows
[2014.07.20-21.48.25:264][  0]LogMemory: Process Physical Memory: 62.39 MB used, 62.39 MB peak
[2014.07.20-21.48.25:264][  0]LogMemory: Process Virtual Memory: 43.05 MB used, 43.05 MB peak
[2014.07.20-21.48.25:264][  0]LogMemory: Physical Memory: 5508.29 MB used, 65486.15 MB total
[2014.07.20-21.48.25:264][  0]LogMemory: Virtual Memory: 252.65 MB used, 8388608.00 MB total
[2014.07.20-21.48.25:354][  0]LogD3D11RHI: Found D3D11 adapter 0: NVIDIA GeForce GTX 690 (Feature Level 11_0)
[2014.07.20-21.48.25:354][  0]LogD3D11RHI: Adapter has 1990MB of dedicated video memory, 0MB of dedicated system memory, and 2048MB of shared system memory, 1 output[s]
[2014.07.20-21.48.25:376][  0]LogD3D11RHI: Found D3D11 adapter 1: NVIDIA GeForce GTX 690 (Feature Level 11_0)
[2014.07.20-21.48.25:376][  0]LogD3D11RHI: Adapter has 1990MB of dedicated video memory, 0MB of dedicated system memory, and 2048MB of shared system memory, 1 output[s]
[2014.07.20-21.48.25:376][  0]LogD3D11RHI: Chosen D3D11 Adapter Id = 0
[2014.07.20-21.48.25:381][  0]LogRHI: Texture pool is 1361 MB (70% of 1945 MB)
[2014.07.20-21.48.25:390][  0]LogD3D11RHI: Async texture creation enabled
[2014.07.20-21.48.26:079][  0]LogTextLocalizationManager:Warning: The selected culture 'de_DE' is not available; falling back to 'en'
[2014.07.20-21.48.26:302][  0]LogContentStreaming: Texture pool size is 0.000000MB
[2014.07.20-21.48.28:082][  0]LogTargetPlatformManager:Display: Building Assets For Windows
[2014.07.20-21.48.28:481][  0]LogTargetPlatformManager:Display: Building Assets For Windows
[2014.07.20-21.48.28:554][  0]LogDerivedDataCache:Display: Max Cache Size: 512 MB
[2014.07.20-21.48.28:716][  0]LogDerivedDataCache: Loaded boot cache 0.16s 39MB C:/Users/Spaehling/AppData/Local/UnrealEngine/4.3/DerivedDataCache/Boot.ddc.
[2014.07.20-21.48.28:716][  0]LogDerivedDataCache:Display: Loaded Boot cache: C:/Users/Spaehling/AppData/Local/UnrealEngine/4.3/DerivedDataCache/Boot.ddc
[2014.07.20-21.48.28:716][  0]LogDerivedDataCache: FDerivedDataBackendGraph:  Pak pak cache file D:/UDK4 Projects/Waagenbau/DerivedDataCache/DDC.ddp not found, will not use a pak cache.
[2014.07.20-21.48.28:716][  0]LogDerivedDataCache: Unable to find inner node Pak for hierarchical cache Hierarchy.
[2014.07.20-21.48.28:787][  0]LogDerivedDataCache:Display: Pak cache opened for reading ../../../Engine/DerivedDataCache/DDC.ddp.
[2014.07.20-21.48.28:799][  0]LogDerivedDataCache: Using Local data cache path C:/Users/Spaehling/AppData/Local/UnrealEngine/4.3/DerivedDataCache: Writable
[2014.07.20-21.48.31:751][  0]LogMeshUtilities: No automatic mesh reduction module available
[2014.07.20-21.48.31:751][  0]LogMeshUtilities: No automatic mesh merging module available
[2014.07.20-21.48.33:259][  0]LogInit: WinSock: version 1.1 (2.2), MaxSocks=32767, MaxUdp=65467
[2014.07.20-21.48.39:441][  0]LogLinker:Warning: Asset '../../../Engine/Plugins/Experimental/Paper2D/Content/DefaultPaperTerrainMaterial.uasset' has been saved with empty engine version. The asset will be loaded but may be incompatible.
[2014.07.20-21.48.39:444][  0]LogLinker:Warning: Asset '../../../Engine/Plugins/Experimental/Paper2D/Content/DummySprite.uasset' has been saved with empty engine version. The asset will be loaded but may be incompatible.
[2014.07.20-21.48.39:474][  0]UdpMessaging: Initializing bridge on interface 0.0.0.0:0 to multicast group 230.0.0.1:6666.
[2014.07.20-21.48.39:689][  0]SourceControl: Info Source control is disabled
[2014.07.20-21.48.39:689][  0]SourceControl: Info Source control is disabled
[2014.07.20-21.48.39:693][  0]SourceControl: Info Source control is disabled
[2014.07.20-21.48.40:749][  0]BlueprintLog: New page: Editor Load
[2014.07.20-21.48.41:112][  0]LogObj: 20265 objects as part of root set at end of initial load.
[2014.07.20-21.48.41:112][  0]LogUObjectAllocator: 4015024 out of 0 bytes used by permanent object pool.
[2014.07.20-21.48.41:605][  0]LogEngine: Initializing Engine...
[2014.07.20-21.48.41:992][  0]LogInit: XAudio2 using 'Lautsprecher (Corsair Vengeance 2000 Headset)' : 8 channels at 44.1 kHz using 16 bits per sample (channel mask 0x63f)
[2014.07.20-21.48.42:001][  0]LogInit: FAudioDevice initialized.
[2014.07.20-21.48.42:199][  0]LogAIModule: Creating AISystem for world NewWorld
[2014.07.20-21.48.42:248][  0]LogDerivedDataCache: Saved boot cache 0.04s 39MB C:/Users/Spaehling/AppData/Local/UnrealEngine/4.3/DerivedDataCache/Boot.ddc.
[2014.07.20-21.48.42:257][  0]LogInit: Texture streaming: Enabled
[2014.07.20-21.48.42:440][  0]LogInit: Transaction tracking system initialized
[2014.07.20-21.48.43:188][  0]LogAssetRegistry: FAssetRegistry took 0.0104 seconds to start up
[2014.07.20-21.48.44:314][  0]LogTargetPlatformManager:Display: Building Assets For Windows
[2014.07.20-21.48.44:343][  0]LogTargetPlatformManager:Display: Building Assets For Windows
[2014.07.20-21.48.44:719][  0]LogConsoleResponse:Display: 
[2014.07.20-21.48.47:369][  0]SourceControl: Info Source control is disabled
[2014.07.20-21.48.47:386][  0]Cmd: MAP LOAD FILE="D:/UDK4 Projects/Waagenbau/Content/Maps/waagenbau.umap" TEMPLATE=0 SHOWPROGRESS=1
[2014.07.20-21.48.47:462][  0]LightingResults: New page: Lighting Build
[2014.07.20-21.48.47:482][  0]MapCheck: New page: Map Check
[2014.07.20-21.48.47:482][  0]LightingResults: New page: Lighting Build
[2014.07.20-21.48.47:551][  0]LogParticles: Destroying 0 GPU particle simulations for FXSystem 0x0000000010A8D440
[2014.07.20-21.49.01:045][  0]LogBlueprint:Warning: Node '/Game/Blueprints/Assets/Cigarettes.cigarettes:UserConstructionScript.K2Node_VariableGet_424' missing NodeGuid.
[2014.07.20-21.49.02:265][  0]LogBlueprintUserMessages:Warning: SetTimer passed a bad function () or object (DiscoLight_1_C_19)
[2014.07.20-21.49.02:266][  0]LogBlueprintUserMessages:Warning: SetTimer passed a bad function () or object (DiscoLight_1_C_24)
[2014.07.20-21.49.02:266][  0]LogBlueprintUserMessages:Warning: SetTimer passed a bad function () or object (DiscoLight_1_C_25)
[2014.07.20-21.49.02:267][  0]LogBlueprintUserMessages:Warning: SetTimer passed a bad function () or object (DiscoLight_1_C_26)
[2014.07.20-21.49.02:268][  0]LogBlueprintUserMessages:Warning: SetTimer passed a bad function () or object (DiscoLight_1_C_27)
[2014.07.20-21.49.02:268][  0]LogBlueprintUserMessages:Warning: SetTimer passed a bad function () or object (DiscoLight_1_C_28)
[2014.07.20-21.49.02:269][  0]LogBlueprintUserMessages:Warning: SetTimer passed a bad function () or object (DiscoLight_1_C_29)
[2014.07.20-21.49.02:270][  0]LogBlueprintUserMessages:Warning: SetTimer passed a bad function () or object (DiscoLight_1_C_30)
[2014.07.20-21.49.02:270][  0]LogBlueprintUserMessages:Warning: SetTimer passed a bad function () or object (DiscoLight_1_C_31)
[2014.07.20-21.49.02:271][  0]LogBlueprintUserMessages:Warning: SetTimer passed a bad function () or object (DiscoLight_1_C_32)
[2014.07.20-21.49.02:272][  0]LogBlueprintUserMessages:Warning: SetTimer passed a bad function () or object (DiscoLight_1_C_33)
[2014.07.20-21.49.02:272][  0]LogBlueprintUserMessages:Warning: SetTimer passed a bad function () or object (DiscoLight_1_C_34)
[2014.07.20-21.49.02:273][  0]LogBlueprintUserMessages:Warning: SetTimer passed a bad function () or object (DiscoLight_1_C_35)
[2014.07.20-21.49.02:274][  0]LogBlueprintUserMessages:Warning: SetTimer passed a bad function () or object (DiscoLight_1_C_36)
[2014.07.20-21.49.02:274][  0]LogBlueprintUserMessages:Warning: SetTimer passed a bad function () or object (DiscoLight_1_C_37)
[2014.07.20-21.49.02:275][  0]LogBlueprintUserMessages:Warning: SetTimer passed a bad function () or object (DiscoLight_1_C_38)
[2014.07.20-21.49.02:276][  0]LogBlueprintUserMessages:Warning: SetTimer passed a bad function () or object (DiscoLight_1_C_39)
[2014.07.20-21.49.02:276][  0]LogBlueprintUserMessages:Warning: SetTimer passed a bad function () or object (DiscoLight_1_C_40)
[2014.07.20-21.49.02:277][  0]LogBlueprintUserMessages:Warning: SetTimer passed a bad function () or object (DiscoLight_1_C_41)
[2014.07.20-21.49.02:278][  0]LogBlueprintUserMessages:Warning: SetTimer passed a bad function () or object (DiscoLight_1_C_42)
[2014.07.20-21.49.02:278][  0]LogBlueprintUserMessages:Warning: SetTimer passed a bad function () or object (DiscoLight_1_C_43)
[2014.07.20-21.49.02:279][  0]LogBlueprintUserMessages:Warning: SetTimer passed a bad function () or object (DiscoLight_1_C_44)
[2014.07.20-21.49.02:280][  0]LogBlueprintUserMessages:Warning: SetTimer passed a bad function () or object (DiscoLight_1_C_45)
[2014.07.20-21.49.02:280][  0]LogBlueprintUserMessages:Warning: SetTimer passed a bad function () or object (WallSconce_24)
[2014.07.20-21.49.03:677][  0]LogEditorServer: Finished looking for orphan Actors (0.000 secs)
[2014.07.20-21.49.03:684][  0]LogAIModule: Creating AISystem for world waagenbau
[2014.07.20-21.49.03:696][  0]Cmd: MAP CHECKDEP
[2014.07.20-21.49.03:696][  0]MapCheck: New page: waagenbau - Jul 21, 2014, 1:49:03 AM
[2014.07.20-21.49.03:821][  0]MapCheck: Info ========== Map Check: 0 Error(s), 0 Warning(s), [124.125ms] ==========
[2014.07.20-21.49.03:821][  0]LogFileHelpers: Loading map 'waagenbau' took 16.438
[2014.07.20-21.49.05:370][  0]LogCrashTracker: Crashtracker disabled due to settings.
[2014.07.20-21.49.06:867][  0]LogRenderer:Warning: Reallocating scene render targets to support 128x128.
[2014.07.20-21.49.07:072][  0]LogCollectionManager: Loaded 0 collections in 0.000785 seconds
[2014.07.20-21.49.07:172][  0]LogActorComponent: RegisterComponentWithWorld: (/Engine/Transient.DebugSkelMeshComponent_0) Already registered. Aborting.
[2014.07.20-21.49.07:621][  0]LogActorComponent: RegisterComponentWithWorld: (/Engine/Transient.DebugSkelMeshComponent_1) Already registered. Aborting.
[2014.07.20-21.49.08:080][  0]LogActorComponent: RegisterComponentWithWorld: (/Engine/Transient.DebugSkelMeshComponent_2) Already registered. Aborting.
[2014.07.20-21.49.08:127][  0]LogLoad: Full Startup: 47.98 seconds (BP compile: 0.53 seconds)
[2014.07.20-21.49.08:552][  0]LogContentBrowser:Verbose: The majority of assets in the view are of type: AnimSequence
[2014.07.20-21.49.08:566][  0]LogSlate: SRTH: 0000000029C62380, 1156 x 853
[2014.07.20-21.49.08:645][  0]LogRenderer:Warning: Reallocating scene render targets to support 1160x856.
[2014.07.20-21.49.08:775][  0]LogSlate: SRTH: 0000000029C61FC0, 655 x 895
[2014.07.20-21.49.08:812][  0]LogRenderer:Warning: Reallocating scene render targets to support 1160x896.
[2014.07.20-21.49.08:902][  1]LogEpicStorage:Warning: EnumerateFiles request failed. Invalid response. code=403 error=<?xml version="1.0" encoding="UTF-8"?>
<Error><Code>AccessDenied</Code><Message>Access Denied</Message><RequestId>7FAF05E62A878451</RequestId><HostId>NHqJ+cSEZi/i4a6GZg/opO7pbef5EDAimKmIobQFUSz33i1cj7U0VAh4EPPagT2R</HostId></Error>
[2014.07.20-21.49.09:061][  2]LogEpicSurvey:Warning: EnumerateFiles request failed. Invalid response. code=403 error=<?xml version="1.0" encoding="UTF-8"?>
<Error><Code>AccessDenied</Code><Message>Access Denied</Message><RequestId>8FD1F94EABB200E3</RequestId><HostId>/jTNcmyVFRz3jLzuU1ksJFSlzoQYiLZdS90hffsQfFmAGF98DLBBI+bQjHaKZ6Fv</HostId></Error>
[2014.07.20-21.49.09:113][  3]LogEpicStorage:Warning: EnumerateFiles request failed. Invalid response. code=403 error=<?xml version="1.0" encoding="UTF-8"?>
<Error><Code>AccessDenied</Code><Message>Access Denied</Message><RequestId>7FAF05E62A878451</RequestId><HostId>NHqJ+cSEZi/i4a6GZg/opO7pbef5EDAimKmIobQFUSz33i1cj7U0VAh4EPPagT2R</HostId></Error>
[2014.07.20-21.49.09:120][  3]LogAssetRegistry: Asset discovery search completed in 25.9429 seconds
[2014.07.20-21.49.09:164][  4]LogEpicSurvey:Warning: EnumerateFiles request failed. Invalid response. code=403 error=<?xml version="1.0" encoding="UTF-8"?>
<Error><Code>AccessDenied</Code><Message>Access Denied</Message><RequestId>8FD1F94EABB200E3</RequestId><HostId>/jTNcmyVFRz3jLzuU1ksJFSlzoQYiLZdS90hffsQfFmAGF98DLBBI+bQjHaKZ6Fv</HostId></Error>
[2014.07.20-21.49.09:252][  6]LogEpicSurvey:Warning: EnumerateFiles request failed. Invalid response. code=403 error=<?xml version="1.0" encoding="UTF-8"?>
<Error><Code>AccessDenied</Code><Message>Access Denied</Message><RequestId>5195C281C85E7453</RequestId><HostId>7b90Sk1dR/rF39yZUjO3NbZVf5aiBppM1nX1smm2/DwG43YTkVqCbvf0loAeTega</HostId></Error>
[2014.07.20-21.49.09:439][  7]LogEpicStorage:Warning: ReadFile request failed. File request already pending for filename=http://cdn.unrealengine.com/newsfeed/blueprint_icon_b.png
[2014.07.20-21.49.09:495][  7]LogEpicStorage:Warning: ReadFile request failed. File request already pending for filename=http://cdn.unrealengine.com/newsfeed/blueprint_icon_b.png
[2014.07.20-21.49.37:076][658]LogSlate: SRTH: 0000000041BECA00, 870 x 833, prev 0000000000000000
[2014.07.20-21.50.01:818][348]LogActorComponent: UnregisterComponent: (/Engine/Transient.CharacterMovementComponent_0) Not registered. Aborting.
[2014.07.20-21.50.03:497][349]Cmd: QUIT_EDITOR
[2014.07.20-21.50.03:583][349]LogWindowsTextInputMethodSystem:Error: Terminating failed while unadvising the language notification sink from the TSF source.
[2014.07.20-21.50.03:602][349]LogExit: Preparing to exit.
[2014.07.20-21.50.04:707][349]LogExit: Editor shut down
[2014.07.20-21.50.04:707][349]LogExit: Transaction tracking system shut down
[2014.07.20-21.50.04:789][349]LogParticles: Destroying 0 GPU particle simulations for FXSystem 0x000000000CBDFBA0
[2014.07.20-21.50.04:789][349]LogParticles: Destroying 0 GPU particle simulations for FXSystem 0x0000000026ED6020
[2014.07.20-21.50.04:789][349]LogParticles: Destroying 0 GPU particle simulations for FXSystem 0x00000000278EBCE0
[2014.07.20-21.50.04:789][349]LogParticles: Destroying 0 GPU particle simulations for FXSystem 0x0000000027C88900
[2014.07.20-21.50.04:789][349]LogParticles: Destroying 0 GPU particle simulations for FXSystem 0x0000000025F24860
[2014.07.20-21.50.04:789][349]LogParticles: Destroying 0 GPU particle simulations for FXSystem 0x00000000294E2200
[2014.07.20-21.50.04:789][349]LogParticles: Destroying 0 GPU particle simulations for FXSystem 0x00000000294E22A0
[2014.07.20-21.50.04:789][349]LogParticles: Destroying 0 GPU particle simulations for FXSystem 0x00000000294E1F80
[2014.07.20-21.50.04:789][349]LogParticles: Destroying 0 GPU particle simulations for FXSystem 0x000000001C84EDE0
[2014.07.20-21.50.04:789][349]LogExit: Object subsystem successfully closed.
[2014.07.20-21.50.04:883][349]LogModuleManager: Shutting down and abandoning module AndroidDeviceDetection (173)
[2014.07.20-21.50.04:883][349]LogModuleManager: Shutting down and abandoning module CollectionManager (172)
[2014.07.20-21.50.04:883][349]LogModuleManager: Shutting down and abandoning module EditorWidgets (171)
[2014.07.20-21.50.04:883][349]LogModuleManager: Shutting down and abandoning module GameLiveStreaming (170)
[2014.07.20-21.50.04:883][349]LogModuleManager: Shutting down and abandoning module CrashTracker (169)
[2014.07.20-21.50.04:883][349]LogModuleManager: Shutting down and abandoning module HTTP (168)
[2014.07.20-21.50.04:883][349]LogModuleManager: Shutting down and abandoning module NewsFeed (167)
[2014.07.20-21.50.04:883][349]LogModuleManager: Shutting down and abandoning module SceneOutliner (166)
[2014.07.20-21.50.04:883][349]LogModuleManager: Shutting down and abandoning module StatsViewer (165)
[2014.07.20-21.50.04:883][349]LogModuleManager: Shutting down and abandoning module FoliageEdit (164)
[2014.07.20-21.50.04:883][349]LogModuleManager: Shutting down and abandoning module LandscapeEditor (163)
[2014.07.20-21.50.04:884][349]LogModuleManager: Shutting down and abandoning module MeshPaint (162)
[2014.07.20-21.50.04:884][349]LogModuleManager: Shutting down and abandoning module ActorPickerMode (161)
[2014.07.20-21.50.04:884][349]LogModuleManager: Shutting down and abandoning module GeometryMode (160)
[2014.07.20-21.50.04:884][349]LogModuleManager: Shutting down and abandoning module TextureAlignMode (159)
[2014.07.20-21.50.04:884][349]LogModuleManager: Shutting down and abandoning module BspMode (158)
[2014.07.20-21.50.04:884][349]LogModuleManager: Shutting down and abandoning module PlacementMode (157)
[2014.07.20-21.50.04:884][349]LogModuleManager: Shutting down and abandoning module AutomationWorker (156)
[2014.07.20-21.50.04:884][349]LogModuleManager: Shutting down and abandoning module EditorLiveStreaming (155)
[2014.07.20-21.50.04:884][349]LogModuleManager: Shutting down and abandoning module DeviceProfileEditor (154)
[2014.07.20-21.50.04:884][349]LogModuleManager: Shutting down and abandoning module UndoHistory (153)
[2014.07.20-21.50.04:884][349]LogModuleManager: Shutting down and abandoning module GameplayTagsEditor (152)
[2014.07.20-21.50.04:884][349]LogModuleManager: Shutting down and abandoning module UserFeedback (151)
[2014.07.20-21.50.04:884][349]LogModuleManager: Shutting down and abandoning module XmlParser (150)
[2014.07.20-21.50.04:884][349]LogModuleManager: Shutting down and abandoning module Blutility (149)
[2014.07.20-21.50.04:884][349]LogModuleManager: Shutting down and abandoning module IOSPlatformEditor (148)
[2014.07.20-21.50.04:884][349]LogModuleManager: Shutting down and abandoning module IOSRuntimeSettings (147)
[2014.07.20-21.50.04:884][349]LogModuleManager: Shutting down and abandoning module AndroidPlatformEditor (146)
[2014.07.20-21.50.04:884][349]LogModuleManager: Shutting down and abandoning module AndroidRuntimeSettings (145)
[2014.07.20-21.50.04:884][349]LogModuleManager: Shutting down and abandoning module ProjectTargetPlatformEditor (144)
[2014.07.20-21.50.04:884][349]LogModuleManager: Shutting down and abandoning module ProjectSettingsViewer (143)
[2014.07.20-21.50.04:884][349]LogModuleManager: Shutting down and abandoning module InputBindingEditor (142)
[2014.07.20-21.50.04:884][349]LogModuleManager: Shutting down and abandoning module EditorSettingsViewer (141)
[2014.07.20-21.50.04:884][349]LogModuleManager: Shutting down and abandoning module SettingsEditor (140)
[2014.07.20-21.50.04:884][349]LogModuleManager: Shutting down and abandoning module SessionLauncher (139)
[2014.07.20-21.50.04:884][349]LogModuleManager: Shutting down and abandoning module SessionFrontend (138)
[2014.07.20-21.50.04:884][349]LogModuleManager: Shutting down and abandoning module ProfilerClient (137)
[2014.07.20-21.50.04:884][349]LogModuleManager: Shutting down and abandoning module TargetDeviceServices (136)
[2014.07.20-21.50.04:884][349]LogModuleManager: Shutting down and abandoning module DeviceManager (135)
[2014.07.20-21.50.04:884][349]LogModuleManager: Shutting down and abandoning module AutomationController (134)
[2014.07.20-21.50.04:884][349]LogModuleManager: Shutting down and abandoning module AutomationWindow (133)
[2014.07.20-21.50.04:893][349]LogModuleManager: Shutting down and abandoning module Layers (132)
[2014.07.20-21.50.04:899][349]LogModuleManager: Shutting down and abandoning module ComponentVisualizers (131)
[2014.07.20-21.50.04:899][349]LogModuleManager: Shutting down and abandoning module DetailCustomizations (130)
[2014.07.20-21.50.04:906][349]LogModuleManager: Shutting down and abandoning module PackagesDialog (129)
[2014.07.20-21.50.04:907][349]LogModuleManager: Shutting down and abandoning module DirectoryWatcher (128)
[2014.07.20-21.50.04:907][349]LogModuleManager: Shutting down and abandoning module AssetRegistry (127)
[2014.07.20-21.50.04:958][349]LogModuleManager: Shutting down and abandoning module Persona (126)
[2014.07.20-21.50.04:958][349]LogModuleManager: Shutting down and abandoning module GraphEditor (125)
[2014.07.20-21.50.04:958][349]LogModuleManager: Shutting down and abandoning module ClassViewer (124)
[2014.07.20-21.50.04:958][349]LogModuleManager: Shutting down and abandoning module Toolbox (123)
[2014.07.20-21.50.04:958][349]LogModuleManager: Shutting down and abandoning module ModuleUI (122)
[2014.07.20-21.50.04:958][349]LogModuleManager: Shutting down and abandoning module Sequencer (121)
[2014.07.20-21.50.04:965][349]LogModuleManager: Shutting down and abandoning module MovieSceneTools (120)
[2014.07.20-21.50.04:965][349]LogModuleManager: Shutting down and abandoning module OutputLog (119)
[2014.07.20-21.50.04:965][349]LogModuleManager: Shutting down and abandoning module GammaUI (118)
[2014.07.20-21.50.04:965][349]LogModuleManager: Shutting down and abandoning module Documentation (117)
[2014.07.20-21.50.04:965][349]LogModuleManager: Shutting down and abandoning module DesktopPlatform (116)
[2014.07.20-21.50.04:965][349]LogModuleManager: Shutting down and abandoning module StreamingPauseRendering (115)
[2014.07.20-21.50.04:965][349]LogModuleManager: Shutting down and abandoning module AnalyticsET (114)
[2014.07.20-21.50.04:965][349]LogModuleManager: Shutting down and abandoning module Analytics (113)
[2014.07.20-21.50.04:965][349]LogModuleManager: Shutting down and abandoning module GameplayDebugger (112)
[2014.07.20-21.50.04:965][349]LogModuleManager: Shutting down and abandoning module AIModule (111)
[2014.07.20-21.50.04:973][349]LogModuleManager: Shutting down and abandoning module ProfilerService (110)
[2014.07.20-21.50.05:171][349]LogModuleManager: Shutting down and abandoning module TaskGraph (109)
[2014.07.20-21.50.05:180][349]LogModuleManager: Shutting down and abandoning module ViewportSnapping (108)
[2014.07.20-21.50.05:180][349]LogModuleManager: Shutting down and abandoning module GameProjectGeneration (107)
[2014.07.20-21.50.05:180][349]LogModuleManager: Shutting down and abandoning module Matinee (106)
[2014.07.20-21.50.05:185][349]LogModuleManager: Shutting down and abandoning module Kismet (105)
[2014.07.20-21.50.05:192][349]LogModuleManager: Shutting down and abandoning module SlateReflector (104)
[2014.07.20-21.50.05:192][349]LogModuleManager: Shutting down and abandoning module LevelEditor (103)
[2014.07.20-21.50.05:193][349]LogModuleManager: Shutting down and abandoning module IntroTutorials (102)
[2014.07.20-21.50.05:198][349]LogModuleManager: Shutting down and abandoning module ContentBrowser (101)
[2014.07.20-21.50.05:199][349]LogModuleManager: Shutting down and abandoning module MainFrame (100)
[2014.07.20-21.50.05:199][349]LogModuleManager: Shutting down and abandoning module SourceControl (99)
[2014.07.20-21.50.05:199][349]LogModuleManager: Shutting down and abandoning module ImageWrapper (98)
[2014.07.20-21.50.05:199][349]LogModuleManager: Shutting down and abandoning module OnlineBlueprintSupport (97)
[2014.07.20-21.50.05:199][349]LogModuleManager: Shutting down and abandoning module PropertyEditor (96)
[2014.07.20-21.50.05:199][349]LogModuleManager: Shutting down and abandoning module AssetTools (95)
[2014.07.20-21.50.05:211][349]LogModuleManager: Shutting down and abandoning module BehaviorTreeEditor (94)
[2014.07.20-21.50.05:225][349]LogModuleManager: Shutting down and abandoning module FunctionalTesting (93)
[2014.07.20-21.50.05:225][349]LogModuleManager: Shutting down and abandoning module CollisionAnalyzer (92)
[2014.07.20-21.50.05:233][349]LogModuleManager: Shutting down and abandoning module WorkspaceMenuStructure (91)
[2014.07.20-21.50.05:233][349]LogModuleManager: Shutting down and abandoning module MessageLog (90)
[2014.07.20-21.50.05:233][349]LogModuleManager: Shutting down and abandoning module Slate (89)
[2014.07.20-21.50.05:233][349]LogModuleManager: Shutting down and abandoning module EditorStyle (88)
[2014.07.20-21.50.05:234][349]LogModuleManager: Shutting down and abandoning module SessionServices (87)
[2014.07.20-21.50.05:234][349]LogModuleManager: Shutting down and abandoning module SourceCodeAccess (86)
[2014.07.20-21.50.05:234][349]LogModuleManager: Shutting down and abandoning module HeadMountedDisplay (85)
[2014.07.20-21.50.05:234][349]LogModuleManager: Shutting down and abandoning module XAudio2 (84)
[2014.07.20-21.50.05:234][349]LogModuleManager: Shutting down and abandoning module Networking (82)
[2014.07.20-21.50.05:234][349]LogModuleManager: Shutting down and abandoning module Core (81)
[2014.07.20-21.50.05:234][349]LogModuleManager: Shutting down and abandoning module KismetCompiler (80)
[2014.07.20-21.50.05:234][349]LogModuleManager: Shutting down and abandoning module PhysXFormats (79)
[2014.07.20-21.50.05:234][349]LogModuleManager: Shutting down and abandoning module MeshUtilities (78)
[2014.07.20-21.50.05:242][349]LogModuleManager: Shutting down and abandoning module DerivedDataCache (77)
[2014.07.20-21.50.05:299][349]LogDerivedDataCache: Shutdown
[2014.07.20-21.50.05:299][349]LogModuleManager: Shutting down and abandoning module ShaderFormatOpenGL (76)
[2014.07.20-21.50.05:299][349]LogModuleManager: Shutting down and abandoning module ShaderFormatD3D (75)
[2014.07.20-21.50.05:299][349]LogModuleManager: Shutting down and abandoning module MetalShaderFormat (74)
[2014.07.20-21.50.05:299][349]LogModuleManager: Shutting down and abandoning module TextureFormatUncompressed (73)
[2014.07.20-21.50.05:299][349]LogModuleManager: Shutting down and abandoning module TextureFormatPVR (72)
[2014.07.20-21.50.05:299][349]LogModuleManager: Shutting down and abandoning module TextureFormatDXT (71)
[2014.07.20-21.50.05:299][349]LogModuleManager: Shutting down and abandoning module TextureFormatAndroid (70)
[2014.07.20-21.50.05:299][349]LogModuleManager: Shutting down and abandoning module AudioFormatOpus (69)
[2014.07.20-21.50.05:299][349]LogModuleManager: Shutting down and abandoning module AudioFormatOgg (68)
[2014.07.20-21.50.05:299][349]LogModuleManager: Shutting down and abandoning module AudioFormatADPCM (67)
[2014.07.20-21.50.05:299][349]LogModuleManager: Shutting down and abandoning module Messaging (66)
[2014.07.20-21.50.05:299][349]LogModuleManager: Shutting down and abandoning module IOSTargetPlatform (65)
[2014.07.20-21.50.05:299][349]LogModuleManager: Shutting down and abandoning module Android_PVRTCTargetPlatform (64)
[2014.07.20-21.50.05:299][349]LogModuleManager: Shutting down and abandoning module Android_ETC2TargetPlatform (63)
[2014.07.20-21.50.05:299][349]LogModuleManager: Shutting down and abandoning module Android_ETC1TargetPlatform (62)
[2014.07.20-21.50.05:299][349]LogModuleManager: Shutting down and abandoning module Android_DXTTargetPlatform (61)
[2014.07.20-21.50.05:299][349]LogModuleManager: Shutting down and abandoning module Android_ATCTargetPlatform (60)
[2014.07.20-21.50.05:299][349]LogModuleManager: Shutting down and abandoning module AndroidTargetPlatform (59)
[2014.07.20-21.50.05:299][349]LogModuleManager: Shutting down and abandoning module WindowsTargetPlatform (58)
[2014.07.20-21.50.05:299][349]LogModuleManager: Shutting down and abandoning module WindowsServerTargetPlatform (57)
[2014.07.20-21.50.05:299][349]LogModuleManager: Shutting down and abandoning module WindowsNoEditorTargetPlatform (56)
[2014.07.20-21.50.05:299][349]LogModuleManager: Shutting down and abandoning module WindowsClientTargetPlatform (55)
[2014.07.20-21.50.05:299][349]LogModuleManager: Shutting down and abandoning module TargetPlatform (54)
[2014.07.20-21.50.05:299][349]LogModuleManager: Shutting down and abandoning module InputCore (53)
[2014.07.20-21.50.05:299][349]LogModuleManager: Shutting down and abandoning module Settings (52)
[2014.07.20-21.50.05:299][349]LogModuleManager: Shutting down and abandoning module TextureCompressor (49)
[2014.07.20-21.50.05:299][349]LogModuleManager: Shutting down and abandoning module ShaderCore (48)
[2014.07.20-21.50.05:299][349]LogModuleManager: Shutting down and abandoning module OpenGLDrv (47)
[2014.07.20-21.50.05:299][349]LogModuleManager: Shutting down and abandoning module D3D11RHI (46)
[2014.07.20-21.50.05:299][349]LogModuleManager: Shutting down and abandoning module SlateRHIRenderer (45)
[2014.07.20-21.50.05:299][349]LogModuleManager: Shutting down and abandoning module Renderer (44)
[2014.07.20-21.50.05:299][349]LogModuleManager: Shutting down and abandoning module Engine (43)
[2014.07.20-21.50.05:299][349]LogModuleManager: Shutting down and abandoning module SlateRemote (42)
[2014.07.20-21.50.05:299][349]LogModuleManager: Shutting down and abandoning module ScriptPlugin (41)
[2014.07.20-21.50.05:307][349]LogModuleManager: Shutting down and abandoning module ScriptEditorPlugin (39)
[2014.07.20-21.50.05:307][349]LogModuleManager: Shutting down and abandoning module WindowsMoviePlayer (38)
[2014.07.20-21.50.05:312][349]LogModuleManager: Shutting down and abandoning module ExampleDeviceProfileSelector (31)
[2014.07.20-21.50.05:312][349]LogModuleManager: Shutting down and abandoning module CustomMeshComponent (30)
[2014.07.20-21.50.05:312][349]LogModuleManager: Shutting down and abandoning module CableComponent (29)
[2014.07.20-21.50.05:312][349]LogModuleManager: Shutting down and abandoning module OculusRift (25)
[2014.07.20-21.50.05:312][349]LogModuleManager: Shutting down and abandoning module UdpMessaging (24)
[2014.07.20-21.50.05:412][349]LogModuleManager: Shutting down and abandoning module MessagingDebugger (23)
[2014.07.20-21.50.05:424][349]LogModuleManager: Shutting down and abandoning module SmartSnapping (21)
[2014.07.20-21.50.05:424][349]LogModuleManager: Shutting down and abandoning module PaperJsonImporter (20)
[2014.07.20-21.50.05:424][349]LogModuleManager: Shutting down and abandoning module Paper2DEditor (19)
[2014.07.20-21.50.05:424][349]LogModuleManager: Shutting down and abandoning module Paper2D (18)
[2014.07.20-21.50.05:424][349]LogModuleManager: Shutting down and abandoning module SpeedTreeImporter (14)
[2014.07.20-21.50.05:424][349]LogModuleManager: Shutting down and abandoning module PluginsEditor (13)
[2014.07.20-21.50.05:424][349]LogModuleManager: Shutting down and abandoning module EpicSurvey (12)
[2014.07.20-21.50.05:424][349]LogModuleManager: Shutting down and abandoning module VisualStudioSourceCodeAccess (10)
[2014.07.20-21.50.05:424][349]LogModuleManager: Shutting down and abandoning module UObjectPlugin (9)
[2014.07.20-21.50.05:424][349]LogModuleManager: Shutting down and abandoning module SubversionSourceControl (8)
[2014.07.20-21.50.05:424][349]LogModuleManager: Shutting down and abandoning module PerforceSourceControl (7)
[2014.07.20-21.50.05:434][349]LogModuleManager: Shutting down and abandoning module BlankPlugin (6)
[2014.07.20-21.50.05:434][349]LogModuleManager: Shutting down and abandoning module CoreUObject (5)
[2014.07.20-21.50.05:434][349]LogModuleManager: Shutting down and abandoning module NetworkFile (4)
[2014.07.20-21.50.05:434][349]LogModuleManager: Shutting down and abandoning module StreamingFile (3)
[2014.07.20-21.50.05:434][349]LogModuleManager: Shutting down and abandoning module SandboxFile (2)
[2014.07.20-21.50.05:434][349]LogModuleManager: Shutting down and abandoning module PakFile (1)
[2014.07.20-21.50.05:434][349]LogExit: Exiting.
[2014.07.20-21.50.05:436][349]Log file closed, 07/20/14 23:50:05
