Log file open, 06/29/14 16:52:57
LogInit:Display: Running engine for game: MyProject3
LogInit: Version: 4.2.1-2101290+++depot+UE4-Releases+4.2
LogInit: Compiled (64-bit): Jun 10 2014 22:21:56
LogInit: Build Configuration: Development
LogInit: Branch Name: ++depot+UE4-Releases+4.2
LogInit: Command line:  
LogInit: Base directory: E:/Unreal Engine/4.2/Engine/Binaries/Win64/
LogInit: Rocket: 1
[2014.06.29-14.52.57:798][  0]LogTaskGraph: Started task graph with 3 named threads and 6 total threads.
[2014.06.29-14.52.57:842][  0]LogOnline:Warning: No default platform service specified for OnlineSubsystem
[2014.06.29-14.52.57:848][  0]LogInit: Presizing for 0 objects not considered by GC, pre-allocating 0 bytes.
[2014.06.29-14.52.57:854][  0]LogInit: Object subsystem initialized
[2014.06.29-14.52.57:855][  0]LogInit: Selected Device Profile: [Windows]
[2014.06.29-14.52.57:855][  0]LogInit: Applying CVar settings loaded from the selected device profile: [Windows]
[2014.06.29-14.52.57:858][  0]LogInit: Computer: SPAEHLING-PC
[2014.06.29-14.52.57:858][  0]LogInit: User: Spaehling
[2014.06.29-14.52.57:859][  0]LogInit: CPU Page size=4096, Cores=6
[2014.06.29-14.52.57:859][  0]LogInit: High frequency timer resolution =3.126972 MHz
[2014.06.29-14.52.57:859][  0]LogMemory: Memory total: Physical=64.0GB (64GB approx) Virtual=8192.0GB
[2014.06.29-14.52.57:859][  0]LogMemory: Platform Memory Stats for Windows
[2014.06.29-14.52.57:859][  0]LogMemory: Process Physical Memory: 57.47 MB used, 57.47 MB peak
[2014.06.29-14.52.57:859][  0]LogMemory: Process Virtual Memory: 33.55 MB used, 33.69 MB peak
[2014.06.29-14.52.57:859][  0]LogMemory: Physical Memory: 7822.70 MB used, 65486.15 MB total
[2014.06.29-14.52.57:859][  0]LogMemory: Virtual Memory: 241.65 MB used, 8388608.00 MB total
[2014.06.29-14.52.57:894][  0]LogD3D11RHI: Found D3D11 adapter 0: NVIDIA GeForce GTX 690 (Feature Level 11_0)
[2014.06.29-14.52.57:894][  0]LogD3D11RHI: Adapter has 1990MB of dedicated video memory, 0MB of dedicated system memory, and 2048MB of shared system memory, 1 output[s]
[2014.06.29-14.52.57:914][  0]LogD3D11RHI: Found D3D11 adapter 1: NVIDIA GeForce GTX 690 (Feature Level 11_0)
[2014.06.29-14.52.57:914][  0]LogD3D11RHI: Adapter has 1990MB of dedicated video memory, 0MB of dedicated system memory, and 2048MB of shared system memory, 1 output[s]
[2014.06.29-14.52.57:914][  0]LogD3D11RHI: Chosen D3D11 Adapter Id = 0
[2014.06.29-14.52.57:919][  0]LogRHI: Texture pool is 1361 MB (70% of 1945 MB)
[2014.06.29-14.52.57:927][  0]LogD3D11RHI: Async texture creation enabled
[2014.06.29-14.52.57:977][  0]LogTextLocalizationManager:Warning: The selected culture 'de_DE' is not available; falling back to 'en'
[2014.06.29-14.52.58:025][  0]LogContentStreaming: Texture pool size is 0.000000MB
[2014.06.29-14.52.58:773][  0]LogTargetPlatformManager:Display: Building Assets For Windows
[2014.06.29-14.52.58:850][  0]LogTargetPlatformManager:Display: Building Assets For Windows
[2014.06.29-14.52.58:877][  0]LogDerivedDataCache:Display: Max Cache Size: 512 MB
[2014.06.29-14.52.58:911][  0]LogDerivedDataCache: Loaded boot cache 0.03s 39MB C:/Users/Spaehling/AppData/Local/UnrealEngine/4.2/DerivedDataCache/Boot.ddc.
[2014.06.29-14.52.58:911][  0]LogDerivedDataCache:Display: Loaded Boot cache: C:/Users/Spaehling/AppData/Local/UnrealEngine/4.2/DerivedDataCache/Boot.ddc
[2014.06.29-14.52.58:911][  0]LogDerivedDataCache: FDerivedDataBackendGraph:  Pak pak cache file D:/UDK4 Projects/Waagenbau/MyProject3/DerivedDataCache/DDC.ddp not found, will not use a pak cache.
[2014.06.29-14.52.58:911][  0]LogDerivedDataCache: Unable to find inner node Pak for hierarchical cache Hierarchy.
[2014.06.29-14.52.58:921][  0]LogDerivedDataCache:Display: Pak cache opened for reading ../../../Engine/DerivedDataCache/DDC.ddp.
[2014.06.29-14.52.58:933][  0]LogDerivedDataCache: Using Local data cache path C:/Users/Spaehling/AppData/Local/UnrealEngine/4.2/DerivedDataCache: Writable
[2014.06.29-14.52.59:075][  0]LogMeshUtilities: No automatic mesh reduction module available
[2014.06.29-14.52.59:075][  0]LogMeshUtilities: No automatic mesh merging module available
[2014.06.29-14.52.59:362][  0]LogInit: WinSock: version 1.1 (2.2), MaxSocks=32767, MaxUdp=65467
[2014.06.29-14.52.59:669][  0]LogStreaming:Warning: Failed to read file '../../../Engine/Content/Editor/Slate/Icons/ActorIcons/GroupActor_16x.png' error.
[2014.06.29-14.52.59:669][  0]LogSlate: Could not find file for Slate resource: ../../../Engine/Content/Editor/Slate/Icons/ActorIcons/GroupActor_16x.png
[2014.06.29-14.52.59:673][  0]LogStreaming:Warning: Failed to read file '../../../Engine/Content/Editor/Slate/Icons/ActorIcons/DecalActor_16x.png' error.
[2014.06.29-14.52.59:673][  0]LogSlate: Could not find file for Slate resource: ../../../Engine/Content/Editor/Slate/Icons/ActorIcons/DecalActor_16x.png
[2014.06.29-14.52.59:911][  0]UdpMessaging: Initializing bridge on interface 0.0.0.0:0 to multicast group 230.0.0.1:6666.
[2014.06.29-14.52.59:981][  0]SourceControl: Info Source control is disabled
[2014.06.29-14.52.59:981][  0]SourceControl: Info Source control is disabled
[2014.06.29-14.52.59:985][  0]SourceControl: Info Source control is disabled
[2014.06.29-14.53.00:055][  0]BlueprintLog: New page: Editor Load
[2014.06.29-14.53.00:087][  0]LogObj: 19203 objects as part of root set at end of initial load.
[2014.06.29-14.53.00:087][  0]LogUObjectAllocator: 3820568 out of 0 bytes used by permanent object pool.
[2014.06.29-14.53.00:408][  0]LogEngine: Initializing Engine...
[2014.06.29-14.53.00:508][  0]LogInit: XAudio2 using 'Lautsprecher (Corsair Vengeance 2000 Headset)' : 8 channels at 44.1 kHz using 16 bits per sample (channel mask 0x63f)
[2014.06.29-14.53.00:517][  0]LogInit: FAudioDevice initialized.
[2014.06.29-14.53.00:537][  0]LogDerivedDataCache: Saved boot cache 0.02s 39MB C:/Users/Spaehling/AppData/Local/UnrealEngine/4.2/DerivedDataCache/Boot.ddc.
[2014.06.29-14.53.00:542][  0]LogInit: Texture streaming: Enabled
[2014.06.29-14.53.00:564][  0]LogInit: Transaction tracking system initialized
[2014.06.29-14.53.00:642][  0]LogAssetRegistry: FAssetRegistry took 0.0100 seconds to start up
[2014.06.29-14.53.00:756][  0]LogModuleManager:Warning: ModuleManager: Unable to load module '' because the file was not found.
[2014.06.29-14.53.00:759][  0]LogModuleManager:Warning: ModuleManager: Unable to load module '' because the file was not found.
[2014.06.29-14.53.00:796][  0]LogConsoleResponse:Display: 
[2014.06.29-14.53.00:961][  0]SourceControl: Info Source control is disabled
[2014.06.29-14.53.00:961][  0]Cmd: MAP LOAD FILE="D:/UDK4 Projects/Waagenbau/MyProject3/Content/Maps/waagenbau.umap" TEMPLATE=0 SHOWPROGRESS=1 WORLDCOMPOSITION=0
[2014.06.29-14.53.00:962][  0]LightingResults: New page: Lighting Build
[2014.06.29-14.53.00:966][  0]MapCheck: New page: Map Check
[2014.06.29-14.53.00:966][  0]LightingResults: New page: Lighting Build
[2014.06.29-14.53.00:971][  0]LogParticles: Destroying 0 GPU particle simulations for FXSystem 0x000000001202AF20
[2014.06.29-14.53.02:104][  0]LogBlueprintUserMessages:Warning: SetTimer passed a bad function () or object (DiscoLight_1_C_17)
[2014.06.29-14.53.02:105][  0]LogBlueprintUserMessages:Warning: SetTimer passed a bad function () or object (DiscoLight_1_C_18)
[2014.06.29-14.53.02:105][  0]LogBlueprintUserMessages:Warning: SetTimer passed a bad function () or object (DiscoLight_1_C_19)
[2014.06.29-14.53.02:106][  0]LogBlueprintUserMessages:Warning: SetTimer passed a bad function () or object (DiscoLight_1_C_20)
[2014.06.29-14.53.02:107][  0]LogBlueprintUserMessages:Warning: SetTimer passed a bad function () or object (DiscoLight_1_C_21)
[2014.06.29-14.53.02:107][  0]LogBlueprintUserMessages:Warning: SetTimer passed a bad function () or object (DiscoLight_1_C_22)
[2014.06.29-14.53.02:108][  0]LogBlueprintUserMessages:Warning: SetTimer passed a bad function () or object (DiscoLight_1_C_23)
[2014.06.29-14.53.02:109][  0]LogBlueprintUserMessages:Warning: SetTimer passed a bad function () or object (DiscoLight_1_C_24)
[2014.06.29-14.53.02:109][  0]LogBlueprintUserMessages:Warning: SetTimer passed a bad function () or object (DiscoLight_1_C_25)
[2014.06.29-14.53.02:110][  0]LogBlueprintUserMessages:Warning: SetTimer passed a bad function () or object (DiscoLight_1_C_26)
[2014.06.29-14.53.02:110][  0]LogBlueprintUserMessages:Warning: SetTimer passed a bad function () or object (DiscoLight_1_C_27)
[2014.06.29-14.53.02:111][  0]LogBlueprintUserMessages:Warning: SetTimer passed a bad function () or object (DiscoLight_1_C_28)
[2014.06.29-14.53.02:112][  0]LogBlueprintUserMessages:Warning: SetTimer passed a bad function () or object (DiscoLight_1_C_29)
[2014.06.29-14.53.02:112][  0]LogBlueprintUserMessages:Warning: SetTimer passed a bad function () or object (DiscoLight_1_C_30)
[2014.06.29-14.53.02:113][  0]LogBlueprintUserMessages:Warning: SetTimer passed a bad function () or object (DiscoLight_1_C_31)
[2014.06.29-14.53.02:113][  0]LogBlueprintUserMessages:Warning: SetTimer passed a bad function () or object (DiscoLight_1_C_32)
[2014.06.29-14.53.02:114][  0]LogBlueprintUserMessages:Warning: SetTimer passed a bad function () or object (DiscoLight_1_C_33)
[2014.06.29-14.53.02:115][  0]LogBlueprintUserMessages:Warning: SetTimer passed a bad function () or object (WallSconce_18)
[2014.06.29-14.53.02:115][  0]LogBlueprintUserMessages:Warning: SetTimer passed a bad function () or object (WallSconce_19)
[2014.06.29-14.53.02:116][  0]LogBlueprintUserMessages:Warning: SetTimer passed a bad function () or object (WallSconce_20)
[2014.06.29-14.53.02:120][  0]LogBlueprintUserMessages:Warning: SetTimer passed a bad function () or object (WallSconce_21)
[2014.06.29-14.53.02:132][  0]LogSkinnedMeshComp:Warning: GetSocketByName(): No SkeletalMesh for CharacterMesh0
[2014.06.29-14.53.02:132][  0]LogSkinnedMeshComp:Warning: GetSocketByName(): No SkeletalMesh for CharacterMesh0
[2014.06.29-14.53.02:132][  0]LogSkinnedMeshComp:Warning: GetSocketByName(): No SkeletalMesh for CharacterMesh0
[2014.06.29-14.53.02:132][  0]LogSkinnedMeshComp:Warning: GetSocketByName(): No SkeletalMesh for CharacterMesh0
[2014.06.29-14.53.02:135][  0]LogEditorServer: Finished looking for orphan Actors (0.000 secs)
[2014.06.29-14.53.02:136][  0]Cmd: MAP CHECKDEP
[2014.06.29-14.53.02:136][  0]MapCheck: New page: waagenbau - Jun 29, 2014, 6:53:02 PM
[2014.06.29-14.53.02:195][  0]MapCheck: Info ========== Map Check: 0 Error(s), 0 Warning(s), [58.879ms] ==========
[2014.06.29-14.53.02:195][  0]LogFileHelpers: Loading map 'waagenbau' took 1.234
[2014.06.29-14.53.02:338][  0]LogCrashTracker: Crashtracker disabled due to settings.
[2014.06.29-14.53.02:339][  0]Cmd: MODE PLACEMENT
[2014.06.29-14.53.02:364][  0]LogCollectionManager: Loaded 0 collections in 0.000658 seconds
[2014.06.29-14.53.02:400][  0]LogLoad: Full Startup: 5.15 seconds (BP compile: 0.25 seconds)
[2014.06.29-14.53.02:415][  0]LogContentBrowser:Verbose: The content browser source was changed by the sources view to '/Game/Blueprints/Characters'
[2014.06.29-14.53.02:507][  0]LogRenderer:Warning: Reallocating scene render targets to support 32x32.
[2014.06.29-14.53.02:587][  0]LogRenderer:Warning: Reallocating scene render targets to support 1136x856.
[2014.06.29-14.53.02:847][  1]LogEpicStorage:Warning: EnumerateFiles request failed. Invalid response. code=403 error=<?xml version="1.0" encoding="UTF-8"?>
<Error><Code>AccessDenied</Code><Message>Access Denied</Message><RequestId>AE35CDF13939405F</RequestId><HostId>yeN2FSv/wKXB5ycfdQuuMoU+UnS+p+UdkGO9ZERn9NrbMvRKTKBYjzHtdq32VzPp</HostId></Error>
[2014.06.29-14.53.02:873][  1]LogAssetRegistry: Asset discovery search completed in 2.2415 seconds
[2014.06.29-14.53.02:978][  2]LogEpicSurvey:Warning: EnumerateFiles request failed. Invalid response. code=403 error=<?xml version="1.0" encoding="UTF-8"?>
<Error><Code>AccessDenied</Code><Message>Access Denied</Message><RequestId>26D7F011B2E26F18</RequestId><HostId>1Lngq47l8L+AR7+S7ewSVbg17Gq4fOz3DV5HiotjDOzsBNzoOUKn42O4WrkHGffJ</HostId></Error>
[2014.06.29-14.53.03:029][  3]LogEpicStorage:Warning: EnumerateFiles request failed. Invalid response. code=403 error=<?xml version="1.0" encoding="UTF-8"?>
<Error><Code>AccessDenied</Code><Message>Access Denied</Message><RequestId>AE35CDF13939405F</RequestId><HostId>yeN2FSv/wKXB5ycfdQuuMoU+UnS+p+UdkGO9ZERn9NrbMvRKTKBYjzHtdq32VzPp</HostId></Error>
[2014.06.29-14.53.03:048][  4]LogEpicSurvey:Warning: EnumerateFiles request failed. Invalid response. code=403 error=<?xml version="1.0" encoding="UTF-8"?>
<Error><Code>AccessDenied</Code><Message>Access Denied</Message><RequestId>26D7F011B2E26F18</RequestId><HostId>1Lngq47l8L+AR7+S7ewSVbg17Gq4fOz3DV5HiotjDOzsBNzoOUKn42O4WrkHGffJ</HostId></Error>
[2014.06.29-14.53.03:091][  8]LogEpicSurvey:Warning: EnumerateFiles request failed. Invalid response. code=403 error=<?xml version="1.0" encoding="UTF-8"?>
<Error><Code>AccessDenied</Code><Message>Access Denied</Message><RequestId>CA8B216A16A4DECC</RequestId><HostId>wN3Ep96fLvyg/CA/lVHpzYJuYBWepIsqgd0M1MNq3+MzctThDea7Y31u9e5/I/Bv</HostId></Error>
[2014.06.29-14.53.03:103][  9]LogEpicStorage:Warning: ReadFile request failed. File request already pending for filename=http://cdn.unrealengine.com/newsfeed/blueprint_icon_b.png
[2014.06.29-14.53.03:104][  9]LogEpicStorage:Warning: ReadFile request failed. File request already pending for filename=http://cdn.unrealengine.com/newsfeed/blueprint_icon_b.png
[2014.06.29-14.53.23:843][589]LogEditorViewport: Clicking on Actor (context menu): SkeletalMeshActor (peter)
[2014.06.29-14.53.24:681][666]LogContentBrowser:Verbose: The content browser source was changed by the sources view to 'None'
[2014.06.29-14.53.24:681][666]LogContentBrowser:Verbose: The content browser source was changed by the sources view to '/Game/Character'
[2014.06.29-14.53.27:799][709]LogFactory: FactoryCreateBinary: StaticMesh with FbxFactory (0 0 H:/Game Assets/Humans/Generated/Monika/FBX/monika.fbx)
[2014.06.29-14.53.27:805][709]LogFbx: ItemName: GlobalSettings, ItemCount : 1
[2014.06.29-14.53.27:805][709]LogFbx: ItemName: AnimationStack, ItemCount : 1
[2014.06.29-14.53.27:805][709]LogFbx: ItemName: AnimationLayer, ItemCount : 1
[2014.06.29-14.53.27:805][709]LogFbx: ItemName: NodeAttribute, ItemCount : 71
[2014.06.29-14.53.27:805][709]LogFbx: ItemName: Model, ItemCount : 79
[2014.06.29-14.53.27:805][709]LogFbx: ItemName: Material, ItemCount : 8
[2014.06.29-14.53.27:805][709]LogFbx: ItemName: Texture, ItemCount : 11
[2014.06.29-14.53.27:805][709]LogFbx: ItemName: Geometry, ItemCount : 8
[2014.06.29-14.53.27:805][709]LogFbx: ItemName: AnimationCurveNode, ItemCount : 134
[2014.06.29-14.53.27:805][709]LogFbx: ItemName: Pose, ItemCount : 8
[2014.06.29-14.53.27:805][709]LogFbx: ItemName: Deformer, ItemCount : 141
[2014.06.29-14.53.27:805][709]LogFbx: ItemName: Video, ItemCount : 11
[2014.06.29-14.53.32:225][709]LogFbx: Loading FBX Scene from H:/Game Assets/Humans/Generated/Monika/FBX/monika.fbx
[2014.06.29-14.53.32:277][709]LogFbx: FBX Scene Loaded Succesfully
[2014.06.29-14.53.32:285][709]LogFbx: Dumping Node [tshirt_shortMesh] : Total Deformer Count 1.
[2014.06.29-14.53.32:285][709]LogFbx: 	[Node 1]  (Type Skin).
[2014.06.29-14.53.32:285][709]LogFbx: Dumping Node [pythonMesh] : Total Deformer Count 1.
[2014.06.29-14.53.32:285][709]LogFbx: 	[Node 1]  (Type Skin).
[2014.06.29-14.53.32:285][709]LogFbx: Dumping Node [fhair01Mesh] : Total Deformer Count 1.
[2014.06.29-14.53.32:285][709]LogFbx: 	[Node 1]  (Type Skin).
[2014.06.29-14.53.32:285][709]LogFbx: Dumping Node [eyes_lowpoly] : Total Deformer Count 1.
[2014.06.29-14.53.32:285][709]LogFbx: 	[Node 1]  (Type Skin).
[2014.06.29-14.53.32:285][709]LogFbx: Dumping Node [eyebrow005Mesh] : Total Deformer Count 1.
[2014.06.29-14.53.32:285][709]LogFbx: 	[Node 1]  (Type Skin).
[2014.06.29-14.53.32:285][709]LogFbx: Dumping Node [eyelashes01Mesh] : Total Deformer Count 1.
[2014.06.29-14.53.32:285][709]LogFbx: 	[Node 1]  (Type Skin).
[2014.06.29-14.53.32:285][709]LogFbx: Dumping Node [jeans01Mesh] : Total Deformer Count 1.
[2014.06.29-14.53.32:285][709]LogFbx: 	[Node 1]  (Type Skin).
[2014.06.29-14.53.32:285][709]LogFbx: Dumping Node [shoes02Mesh] : Total Deformer Count 1.
[2014.06.29-14.53.32:285][709]LogFbx: 	[Node 1]  (Type Skin).
[2014.06.29-14.53.32:285][709]LogFbx: Dumping Node [tshirt_shortMesh] : Total Deformer Count 1.
[2014.06.29-14.53.32:285][709]LogFbx: 	[Node 1]  (Type Skin).
[2014.06.29-14.53.32:285][709]LogFbx: Dumping Node [pythonMesh] : Total Deformer Count 1.
[2014.06.29-14.53.32:285][709]LogFbx: 	[Node 1]  (Type Skin).
[2014.06.29-14.53.32:285][709]LogFbx: Dumping Node [fhair01Mesh] : Total Deformer Count 1.
[2014.06.29-14.53.32:285][709]LogFbx: 	[Node 1]  (Type Skin).
[2014.06.29-14.53.32:285][709]LogFbx: Dumping Node [eyes_lowpoly] : Total Deformer Count 1.
[2014.06.29-14.53.32:285][709]LogFbx: 	[Node 1]  (Type Skin).
[2014.06.29-14.53.32:285][709]LogFbx: Dumping Node [eyebrow005Mesh] : Total Deformer Count 1.
[2014.06.29-14.53.32:285][709]LogFbx: 	[Node 1]  (Type Skin).
[2014.06.29-14.53.32:285][709]LogFbx: Dumping Node [eyelashes01Mesh] : Total Deformer Count 1.
[2014.06.29-14.53.32:285][709]LogFbx: 	[Node 1]  (Type Skin).
[2014.06.29-14.53.32:285][709]LogFbx: Dumping Node [jeans01Mesh] : Total Deformer Count 1.
[2014.06.29-14.53.32:285][709]LogFbx: 	[Node 1]  (Type Skin).
[2014.06.29-14.53.32:285][709]LogFbx: Dumping Node [shoes02Mesh] : Total Deformer Count 1.
[2014.06.29-14.53.32:285][709]LogFbx: 	[Node 1]  (Type Skin).
[2014.06.29-14.53.32:285][709]LogFbx: Dumping Node [tshirt_shortMesh] : Total Deformer Count 1.
[2014.06.29-14.53.32:285][709]LogFbx: 	[Node 1]  (Type Skin).
[2014.06.29-14.53.32:285][709]LogFbx: Dumping Node [pythonMesh] : Total Deformer Count 1.
[2014.06.29-14.53.32:285][709]LogFbx: 	[Node 1]  (Type Skin).
[2014.06.29-14.53.32:285][709]LogFbx: Dumping Node [fhair01Mesh] : Total Deformer Count 1.
[2014.06.29-14.53.32:285][709]LogFbx: 	[Node 1]  (Type Skin).
[2014.06.29-14.53.32:285][709]LogFbx: Dumping Node [eyes_lowpoly] : Total Deformer Count 1.
[2014.06.29-14.53.32:285][709]LogFbx: 	[Node 1]  (Type Skin).
[2014.06.29-14.53.32:285][709]LogFbx: Dumping Node [eyebrow005Mesh] : Total Deformer Count 1.
[2014.06.29-14.53.32:285][709]LogFbx: 	[Node 1]  (Type Skin).
[2014.06.29-14.53.32:285][709]LogFbx: Dumping Node [eyelashes01Mesh] : Total Deformer Count 1.
[2014.06.29-14.53.32:285][709]LogFbx: 	[Node 1]  (Type Skin).
[2014.06.29-14.53.32:285][709]LogFbx: Dumping Node [jeans01Mesh] : Total Deformer Count 1.
[2014.06.29-14.53.32:285][709]LogFbx: 	[Node 1]  (Type Skin).
[2014.06.29-14.53.32:285][709]LogFbx: Dumping Node [shoes02Mesh] : Total Deformer Count 1.
[2014.06.29-14.53.32:285][709]LogFbx: 	[Node 1]  (Type Skin).
[2014.06.29-14.53.32:288][709]LogFbx:Warning: Not valid bind pose for Pose (skinCluster1) - Node tshirt_shortMesh : Not all the parents are stored in this BindPose
[2014.06.29-14.53.32:288][709]LogFbx:Warning: 	(1) BindPose - Invalid BindPose : This object is not a BindPose. ()
[2014.06.29-14.53.32:288][709]LogFbx:Warning: 	(2) BindPose - Invalid Argument : The pRoot pointer is NULL. ()
[2014.06.29-14.53.32:288][709]LogFbx:Warning: 	(3) BindPose - Incomplete BindPose [nodes parents] : The following parent and/or ancestor node(s) is/are not part of the BindPose definition. (mesh)
[2014.06.29-14.53.32:288][709]LogFbx:Warning: 	(4) BindPose - Incomplete BindPose [link nodes] : The following Link node(s) is/are not part of the BindPose definition. ()
[2014.06.29-14.53.32:288][709]LogFbx:Warning: 	(5) BindPose - Incomplete BindPose [link nodes parents] : The following parent and/or ancestor node of the Link(s) is/are not part of the BindPose definition. ()
[2014.06.29-14.53.32:288][709]LogFbx:Warning: 	(6) BindPose - Mismatched Matrices : The relative matrix of the following link(s) do not match the one stored in the BindPose definition. ()
[2014.06.29-14.53.32:288][709]LogFbx:Warning: 	(7) Reading or writing file. : While reading or writing a file the following notifications have been raised. ()
[2014.06.29-14.53.32:288][709]LogFbx:Warning: 	(8) Embed Media: : The following texture(s) will not be embedded in your scene, as the plug-in cannot locate them: ()
[2014.06.29-14.53.32:288][709]LogFbx:Warning: Not valid bind pose for Pose (skinCluster1) - Node pythonMesh : Not all the parents are stored in this BindPose
[2014.06.29-14.53.32:288][709]LogFbx:Warning: Not valid bind pose for Pose (skinCluster1) - Node fhair01Mesh : Not all the parents are stored in this BindPose
[2014.06.29-14.53.32:288][709]LogFbx:Warning: Not valid bind pose for Pose (skinCluster1) - Node eyes_lowpoly : Not all the parents are stored in this BindPose
[2014.06.29-14.53.32:288][709]LogFbx:Warning: Not valid bind pose for Pose (skinCluster1) - Node eyebrow005Mesh : Not all the parents are stored in this BindPose
[2014.06.29-14.53.32:288][709]LogFbx:Warning: Not valid bind pose for Pose (skinCluster1) - Node eyelashes01Mesh : Not all the parents are stored in this BindPose
[2014.06.29-14.53.32:288][709]LogFbx:Warning: Not valid bind pose for Pose (skinCluster1) - Node jeans01Mesh : Not all the parents are stored in this BindPose
[2014.06.29-14.53.32:288][709]LogFbx:Warning: Not valid bind pose for Pose (skinCluster1) - Node shoes02Mesh : Not all the parents are stored in this BindPose
[2014.06.29-14.53.32:289][709]LogFbx:Warning: Not valid bind pose for Pose (skinCluster2) - Node tshirt_shortMesh : Not all the parents are stored in this BindPose
[2014.06.29-14.53.32:289][709]LogFbx:Warning: 	(1) BindPose - Invalid BindPose : This object is not a BindPose. ()
[2014.06.29-14.53.32:289][709]LogFbx:Warning: 	(2) BindPose - Invalid Argument : The pRoot pointer is NULL. ()
[2014.06.29-14.53.32:289][709]LogFbx:Warning: 	(3) BindPose - Incomplete BindPose [nodes parents] : The following parent and/or ancestor node(s) is/are not part of the BindPose definition. (mesh)
[2014.06.29-14.53.32:289][709]LogFbx:Warning: 	(4) BindPose - Incomplete BindPose [link nodes] : The following Link node(s) is/are not part of the BindPose definition. ()
[2014.06.29-14.53.32:289][709]LogFbx:Warning: 	(5) BindPose - Incomplete BindPose [link nodes parents] : The following parent and/or ancestor node of the Link(s) is/are not part of the BindPose definition. ()
[2014.06.29-14.53.32:289][709]LogFbx:Warning: 	(6) BindPose - Mismatched Matrices : The relative matrix of the following link(s) do not match the one stored in the BindPose definition. ()
[2014.06.29-14.53.32:289][709]LogFbx:Warning: 	(7) Reading or writing file. : While reading or writing a file the following notifications have been raised. ()
[2014.06.29-14.53.32:289][709]LogFbx:Warning: 	(8) Embed Media: : The following texture(s) will not be embedded in your scene, as the plug-in cannot locate them: ()
[2014.06.29-14.53.32:289][709]LogFbx:Warning: Not valid bind pose for Pose (skinCluster2) - Node pythonMesh : Not all the parents are stored in this BindPose
[2014.06.29-14.53.32:290][709]LogFbx:Warning: Not valid bind pose for Pose (skinCluster2) - Node fhair01Mesh : Not all the parents are stored in this BindPose
[2014.06.29-14.53.32:290][709]LogFbx:Warning: Not valid bind pose for Pose (skinCluster2) - Node eyes_lowpoly : Not all the parents are stored in this BindPose
[2014.06.29-14.53.32:291][709]LogFbx:Warning: Not valid bind pose for Pose (skinCluster2) - Node eyebrow005Mesh : Not all the parents are stored in this BindPose
[2014.06.29-14.53.32:291][709]LogFbx:Warning: Not valid bind pose for Pose (skinCluster2) - Node eyelashes01Mesh : Not all the parents are stored in this BindPose
[2014.06.29-14.53.32:292][709]LogFbx:Warning: Not valid bind pose for Pose (skinCluster2) - Node jeans01Mesh : Not all the parents are stored in this BindPose
[2014.06.29-14.53.32:292][709]LogFbx:Warning: Not valid bind pose for Pose (skinCluster2) - Node shoes02Mesh : Not all the parents are stored in this BindPose
[2014.06.29-14.53.32:292][709]LogFbx:Warning: Not valid bind pose for Pose (skinCluster3) - Node tshirt_shortMesh : Not all the parents are stored in this BindPose
[2014.06.29-14.53.32:292][709]LogFbx:Warning: 	(1) BindPose - Invalid BindPose : This object is not a BindPose. ()
[2014.06.29-14.53.32:292][709]LogFbx:Warning: 	(2) BindPose - Invalid Argument : The pRoot pointer is NULL. ()
[2014.06.29-14.53.32:292][709]LogFbx:Warning: 	(3) BindPose - Incomplete BindPose [nodes parents] : The following parent and/or ancestor node(s) is/are not part of the BindPose definition. (mesh)
[2014.06.29-14.53.32:292][709]LogFbx:Warning: 	(4) BindPose - Incomplete BindPose [link nodes] : The following Link node(s) is/are not part of the BindPose definition. ()
[2014.06.29-14.53.32:292][709]LogFbx:Warning: 	(5) BindPose - Incomplete BindPose [link nodes parents] : The following parent and/or ancestor node of the Link(s) is/are not part of the BindPose definition. ()
[2014.06.29-14.53.32:292][709]LogFbx:Warning: 	(6) BindPose - Mismatched Matrices : The relative matrix of the following link(s) do not match the one stored in the BindPose definition. ()
[2014.06.29-14.53.32:292][709]LogFbx:Warning: 	(7) Reading or writing file. : While reading or writing a file the following notifications have been raised. ()
[2014.06.29-14.53.32:292][709]LogFbx:Warning: 	(8) Embed Media: : The following texture(s) will not be embedded in your scene, as the plug-in cannot locate them: ()
[2014.06.29-14.53.32:292][709]LogFbx:Warning: Not valid bind pose for Pose (skinCluster3) - Node pythonMesh : Not all the parents are stored in this BindPose
[2014.06.29-14.53.32:292][709]LogFbx:Warning: Not valid bind pose for Pose (skinCluster3) - Node fhair01Mesh : Not all the parents are stored in this BindPose
[2014.06.29-14.53.32:292][709]LogFbx:Warning: Not valid bind pose for Pose (skinCluster3) - Node eyes_lowpoly : Not all the parents are stored in this BindPose
[2014.06.29-14.53.32:293][709]LogFbx:Warning: Not valid bind pose for Pose (skinCluster3) - Node eyebrow005Mesh : Not all the parents are stored in this BindPose
[2014.06.29-14.53.32:293][709]LogFbx:Warning: Not valid bind pose for Pose (skinCluster3) - Node eyelashes01Mesh : Not all the parents are stored in this BindPose
[2014.06.29-14.53.32:293][709]LogFbx:Warning: Not valid bind pose for Pose (skinCluster3) - Node jeans01Mesh : Not all the parents are stored in this BindPose
[2014.06.29-14.53.32:293][709]LogFbx:Warning: Not valid bind pose for Pose (skinCluster3) - Node shoes02Mesh : Not all the parents are stored in this BindPose
[2014.06.29-14.53.32:293][709]LogFbx:Warning: Not valid bind pose for Pose (skinCluster4) - Node tshirt_shortMesh : Not all the parents are stored in this BindPose
[2014.06.29-14.53.32:293][709]LogFbx:Warning: 	(1) BindPose - Invalid BindPose : This object is not a BindPose. ()
[2014.06.29-14.53.32:293][709]LogFbx:Warning: 	(2) BindPose - Invalid Argument : The pRoot pointer is NULL. ()
[2014.06.29-14.53.32:293][709]LogFbx:Warning: 	(3) BindPose - Incomplete BindPose [nodes parents] : The following parent and/or ancestor node(s) is/are not part of the BindPose definition. (mesh)
[2014.06.29-14.53.32:293][709]LogFbx:Warning: 	(4) BindPose - Incomplete BindPose [link nodes] : The following Link node(s) is/are not part of the BindPose definition. ()
[2014.06.29-14.53.32:293][709]LogFbx:Warning: 	(5) BindPose - Incomplete BindPose [link nodes parents] : The following parent and/or ancestor node of the Link(s) is/are not part of the BindPose definition. ()
[2014.06.29-14.53.32:293][709]LogFbx:Warning: 	(6) BindPose - Mismatched Matrices : The relative matrix of the following link(s) do not match the one stored in the BindPose definition. ()
[2014.06.29-14.53.32:293][709]LogFbx:Warning: 	(7) Reading or writing file. : While reading or writing a file the following notifications have been raised. ()
[2014.06.29-14.53.32:293][709]LogFbx:Warning: 	(8) Embed Media: : The following texture(s) will not be embedded in your scene, as the plug-in cannot locate them: ()
[2014.06.29-14.53.32:293][709]LogFbx:Warning: Not valid bind pose for Pose (skinCluster4) - Node pythonMesh : Not all the parents are stored in this BindPose
[2014.06.29-14.53.32:293][709]LogFbx:Warning: Not valid bind pose for Pose (skinCluster4) - Node fhair01Mesh : Not all the parents are stored in this BindPose
[2014.06.29-14.53.32:293][709]LogFbx:Warning: Not valid bind pose for Pose (skinCluster4) - Node eyes_lowpoly : Not all the parents are stored in this BindPose
[2014.06.29-14.53.32:293][709]LogFbx:Warning: Not valid bind pose for Pose (skinCluster4) - Node eyebrow005Mesh : Not all the parents are stored in this BindPose
[2014.06.29-14.53.32:293][709]LogFbx:Warning: Not valid bind pose for Pose (skinCluster4) - Node eyelashes01Mesh : Not all the parents are stored in this BindPose
[2014.06.29-14.53.32:293][709]LogFbx:Warning: Not valid bind pose for Pose (skinCluster4) - Node jeans01Mesh : Not all the parents are stored in this BindPose
[2014.06.29-14.53.32:293][709]LogFbx:Warning: Not valid bind pose for Pose (skinCluster4) - Node shoes02Mesh : Not all the parents are stored in this BindPose
[2014.06.29-14.53.32:293][709]LogFbx:Warning: Not valid bind pose for Pose (skinCluster5) - Node tshirt_shortMesh : Not all the parents are stored in this BindPose
[2014.06.29-14.53.32:293][709]LogFbx:Warning: 	(1) BindPose - Invalid BindPose : This object is not a BindPose. ()
[2014.06.29-14.53.32:293][709]LogFbx:Warning: 	(2) BindPose - Invalid Argument : The pRoot pointer is NULL. ()
[2014.06.29-14.53.32:293][709]LogFbx:Warning: 	(3) BindPose - Incomplete BindPose [nodes parents] : The following parent and/or ancestor node(s) is/are not part of the BindPose definition. (mesh)
[2014.06.29-14.53.32:293][709]LogFbx:Warning: 	(4) BindPose - Incomplete BindPose [link nodes] : The following Link node(s) is/are not part of the BindPose definition. ()
[2014.06.29-14.53.32:293][709]LogFbx:Warning: 	(5) BindPose - Incomplete BindPose [link nodes parents] : The following parent and/or ancestor node of the Link(s) is/are not part of the BindPose definition. ()
[2014.06.29-14.53.32:293][709]LogFbx:Warning: 	(6) BindPose - Mismatched Matrices : The relative matrix of the following link(s) do not match the one stored in the BindPose definition. ()
[2014.06.29-14.53.32:293][709]LogFbx:Warning: 	(7) Reading or writing file. : While reading or writing a file the following notifications have been raised. ()
[2014.06.29-14.53.32:293][709]LogFbx:Warning: 	(8) Embed Media: : The following texture(s) will not be embedded in your scene, as the plug-in cannot locate them: ()
[2014.06.29-14.53.32:293][709]LogFbx:Warning: Not valid bind pose for Pose (skinCluster5) - Node pythonMesh : Not all the parents are stored in this BindPose
[2014.06.29-14.53.32:293][709]LogFbx:Warning: Not valid bind pose for Pose (skinCluster5) - Node fhair01Mesh : Not all the parents are stored in this BindPose
[2014.06.29-14.53.32:293][709]LogFbx:Warning: Not valid bind pose for Pose (skinCluster5) - Node eyes_lowpoly : Not all the parents are stored in this BindPose
[2014.06.29-14.53.32:294][709]LogFbx:Warning: Not valid bind pose for Pose (skinCluster5) - Node eyebrow005Mesh : Not all the parents are stored in this BindPose
[2014.06.29-14.53.32:294][709]LogFbx:Warning: Not valid bind pose for Pose (skinCluster5) - Node eyelashes01Mesh : Not all the parents are stored in this BindPose
[2014.06.29-14.53.32:294][709]LogFbx:Warning: Not valid bind pose for Pose (skinCluster5) - Node jeans01Mesh : Not all the parents are stored in this BindPose
[2014.06.29-14.53.32:294][709]LogFbx:Warning: Not valid bind pose for Pose (skinCluster5) - Node shoes02Mesh : Not all the parents are stored in this BindPose
[2014.06.29-14.53.32:294][709]LogFbx:Warning: Not valid bind pose for Pose (skinCluster6) - Node tshirt_shortMesh : Not all the parents are stored in this BindPose
[2014.06.29-14.53.32:294][709]LogFbx:Warning: 	(1) BindPose - Invalid BindPose : This object is not a BindPose. ()
[2014.06.29-14.53.32:294][709]LogFbx:Warning: 	(2) BindPose - Invalid Argument : The pRoot pointer is NULL. ()
[2014.06.29-14.53.32:294][709]LogFbx:Warning: 	(3) BindPose - Incomplete BindPose [nodes parents] : The following parent and/or ancestor node(s) is/are not part of the BindPose definition. (mesh)
[2014.06.29-14.53.32:294][709]LogFbx:Warning: 	(4) BindPose - Incomplete BindPose [link nodes] : The following Link node(s) is/are not part of the BindPose definition. ()
[2014.06.29-14.53.32:294][709]LogFbx:Warning: 	(5) BindPose - Incomplete BindPose [link nodes parents] : The following parent and/or ancestor node of the Link(s) is/are not part of the BindPose definition. ()
[2014.06.29-14.53.32:294][709]LogFbx:Warning: 	(6) BindPose - Mismatched Matrices : The relative matrix of the following link(s) do not match the one stored in the BindPose definition. ()
[2014.06.29-14.53.32:294][709]LogFbx:Warning: 	(7) Reading or writing file. : While reading or writing a file the following notifications have been raised. ()
[2014.06.29-14.53.32:294][709]LogFbx:Warning: 	(8) Embed Media: : The following texture(s) will not be embedded in your scene, as the plug-in cannot locate them: ()
[2014.06.29-14.53.32:294][709]LogFbx:Warning: Not valid bind pose for Pose (skinCluster6) - Node pythonMesh : Not all the parents are stored in this BindPose
[2014.06.29-14.53.32:294][709]LogFbx:Warning: Not valid bind pose for Pose (skinCluster6) - Node fhair01Mesh : Not all the parents are stored in this BindPose
[2014.06.29-14.53.32:294][709]LogFbx:Warning: Not valid bind pose for Pose (skinCluster6) - Node eyes_lowpoly : Not all the parents are stored in this BindPose
[2014.06.29-14.53.32:294][709]LogFbx:Warning: Not valid bind pose for Pose (skinCluster6) - Node eyebrow005Mesh : Not all the parents are stored in this BindPose
[2014.06.29-14.53.32:294][709]LogFbx:Warning: Not valid bind pose for Pose (skinCluster6) - Node eyelashes01Mesh : Not all the parents are stored in this BindPose
[2014.06.29-14.53.32:294][709]LogFbx:Warning: Not valid bind pose for Pose (skinCluster6) - Node jeans01Mesh : Not all the parents are stored in this BindPose
[2014.06.29-14.53.32:294][709]LogFbx:Warning: Not valid bind pose for Pose (skinCluster6) - Node shoes02Mesh : Not all the parents are stored in this BindPose
[2014.06.29-14.53.32:294][709]LogFbx:Warning: Not valid bind pose for Pose (skinCluster7) - Node tshirt_shortMesh : Not all the parents are stored in this BindPose
[2014.06.29-14.53.32:294][709]LogFbx:Warning: 	(1) BindPose - Invalid BindPose : This object is not a BindPose. ()
[2014.06.29-14.53.32:294][709]LogFbx:Warning: 	(2) BindPose - Invalid Argument : The pRoot pointer is NULL. ()
[2014.06.29-14.53.32:294][709]LogFbx:Warning: 	(3) BindPose - Incomplete BindPose [nodes parents] : The following parent and/or ancestor node(s) is/are not part of the BindPose definition. (mesh)
[2014.06.29-14.53.32:294][709]LogFbx:Warning: 	(4) BindPose - Incomplete BindPose [link nodes] : The following Link node(s) is/are not part of the BindPose definition. ()
[2014.06.29-14.53.32:294][709]LogFbx:Warning: 	(5) BindPose - Incomplete BindPose [link nodes parents] : The following parent and/or ancestor node of the Link(s) is/are not part of the BindPose definition. ()
[2014.06.29-14.53.32:294][709]LogFbx:Warning: 	(6) BindPose - Mismatched Matrices : The relative matrix of the following link(s) do not match the one stored in the BindPose definition. ()
[2014.06.29-14.53.32:294][709]LogFbx:Warning: 	(7) Reading or writing file. : While reading or writing a file the following notifications have been raised. ()
[2014.06.29-14.53.32:294][709]LogFbx:Warning: 	(8) Embed Media: : The following texture(s) will not be embedded in your scene, as the plug-in cannot locate them: ()
[2014.06.29-14.53.32:294][709]LogFbx:Warning: Not valid bind pose for Pose (skinCluster7) - Node pythonMesh : Not all the parents are stored in this BindPose
[2014.06.29-14.53.32:294][709]LogFbx:Warning: Not valid bind pose for Pose (skinCluster7) - Node fhair01Mesh : Not all the parents are stored in this BindPose
[2014.06.29-14.53.32:294][709]LogFbx:Warning: Not valid bind pose for Pose (skinCluster7) - Node eyes_lowpoly : Not all the parents are stored in this BindPose
[2014.06.29-14.53.32:295][709]LogFbx:Warning: Not valid bind pose for Pose (skinCluster7) - Node eyebrow005Mesh : Not all the parents are stored in this BindPose
[2014.06.29-14.53.32:295][709]LogFbx:Warning: Not valid bind pose for Pose (skinCluster7) - Node eyelashes01Mesh : Not all the parents are stored in this BindPose
[2014.06.29-14.53.32:295][709]LogFbx:Warning: Not valid bind pose for Pose (skinCluster7) - Node jeans01Mesh : Not all the parents are stored in this BindPose
[2014.06.29-14.53.32:295][709]LogFbx:Warning: Not valid bind pose for Pose (skinCluster7) - Node shoes02Mesh : Not all the parents are stored in this BindPose
[2014.06.29-14.53.32:295][709]LogFbx:Warning: Not valid bind pose for Pose (skinCluster8) - Node tshirt_shortMesh : Not all the parents are stored in this BindPose
[2014.06.29-14.53.32:295][709]LogFbx:Warning: 	(1) BindPose - Invalid BindPose : This object is not a BindPose. ()
[2014.06.29-14.53.32:295][709]LogFbx:Warning: 	(2) BindPose - Invalid Argument : The pRoot pointer is NULL. ()
[2014.06.29-14.53.32:295][709]LogFbx:Warning: 	(3) BindPose - Incomplete BindPose [nodes parents] : The following parent and/or ancestor node(s) is/are not part of the BindPose definition. (mesh)
[2014.06.29-14.53.32:295][709]LogFbx:Warning: 	(4) BindPose - Incomplete BindPose [link nodes] : The following Link node(s) is/are not part of the BindPose definition. ()
[2014.06.29-14.53.32:295][709]LogFbx:Warning: 	(5) BindPose - Incomplete BindPose [link nodes parents] : The following parent and/or ancestor node of the Link(s) is/are not part of the BindPose definition. ()
[2014.06.29-14.53.32:295][709]LogFbx:Warning: 	(6) BindPose - Mismatched Matrices : The relative matrix of the following link(s) do not match the one stored in the BindPose definition. ()
[2014.06.29-14.53.32:295][709]LogFbx:Warning: 	(7) Reading or writing file. : While reading or writing a file the following notifications have been raised. ()
[2014.06.29-14.53.32:295][709]LogFbx:Warning: 	(8) Embed Media: : The following texture(s) will not be embedded in your scene, as the plug-in cannot locate them: ()
[2014.06.29-14.53.32:295][709]LogFbx:Warning: Not valid bind pose for Pose (skinCluster8) - Node pythonMesh : Not all the parents are stored in this BindPose
[2014.06.29-14.53.32:295][709]LogFbx:Warning: Not valid bind pose for Pose (skinCluster8) - Node fhair01Mesh : Not all the parents are stored in this BindPose
[2014.06.29-14.53.32:295][709]LogFbx:Warning: Not valid bind pose for Pose (skinCluster8) - Node eyes_lowpoly : Not all the parents are stored in this BindPose
[2014.06.29-14.53.32:295][709]LogFbx:Warning: Not valid bind pose for Pose (skinCluster8) - Node eyebrow005Mesh : Not all the parents are stored in this BindPose
[2014.06.29-14.53.32:295][709]LogFbx:Warning: Not valid bind pose for Pose (skinCluster8) - Node eyelashes01Mesh : Not all the parents are stored in this BindPose
[2014.06.29-14.53.32:295][709]LogFbx:Warning: Not valid bind pose for Pose (skinCluster8) - Node jeans01Mesh : Not all the parents are stored in this BindPose
[2014.06.29-14.53.32:295][709]LogFbx:Warning: Not valid bind pose for Pose (skinCluster8) - Node shoes02Mesh : Not all the parents are stored in this BindPose
[2014.06.29-14.53.32:348][709]LogFbx:Warning: Bones digested - 70  Depth of hierarchy - 15
[2014.06.29-14.53.33:248][709]LogSkeletalMesh: Chunk 0: 41 rigid vertices, 721 soft vertices, 14 active bones
[2014.06.29-14.53.33:249][709]LogSkeletalMesh: Chunk 1: 5786 rigid vertices, 4209 soft vertices, 62 active bones
[2014.06.29-14.53.33:249][709]LogSkeletalMesh: Chunk 2: 1370 rigid vertices, 1796 soft vertices, 10 active bones
[2014.06.29-14.53.33:249][709]LogSkeletalMesh: Chunk 3: 0 rigid vertices, 96 soft vertices, 3 active bones
[2014.06.29-14.53.33:249][709]LogSkeletalMesh: Chunk 4: 113 rigid vertices, 11 soft vertices, 4 active bones
[2014.06.29-14.53.33:249][709]LogSkeletalMesh: Chunk 5: 259 rigid vertices, 0 soft vertices, 1 active bones
[2014.06.29-14.53.33:249][709]LogSkeletalMesh: Chunk 6: 380 rigid vertices, 574 soft vertices, 8 active bones
[2014.06.29-14.53.33:249][709]LogSkeletalMesh: Chunk 7: 0 rigid vertices, 1425 soft vertices, 10 active bones
[2014.06.29-14.53.33:284][709]LogSkeletalMesh: Section 0: Material=0, Chunk=0, 1328 triangles
[2014.06.29-14.53.33:284][709]LogSkeletalMesh: Section 1: Material=1, Chunk=1, 18150 triangles
[2014.06.29-14.53.33:284][709]LogSkeletalMesh: Section 2: Material=2, Chunk=2, 4224 triangles
[2014.06.29-14.53.33:284][709]LogSkeletalMesh: Section 3: Material=3, Chunk=3, 172 triangles
[2014.06.29-14.53.33:284][709]LogSkeletalMesh: Section 4: Material=4, Chunk=4, 192 triangles
[2014.06.29-14.53.33:284][709]LogSkeletalMesh: Section 5: Material=5, Chunk=5, 368 triangles
[2014.06.29-14.53.33:284][709]LogSkeletalMesh: Section 6: Material=6, Chunk=6, 1712 triangles
[2014.06.29-14.53.33:284][709]LogSkeletalMesh: Section 7: Material=7, Chunk=7, 2560 triangles
[2014.06.29-14.53.33:287][709]LogLinker:Warning: Can't find file '/Game/Character/monika_PhysicsAsset'
[2014.06.29-14.53.33:287][709]LogUObjectGlobals:Warning: Failed to find object 'Object /Game/Character/monika_PhysicsAsset.monika_PhysicsAsset'
[2014.06.29-14.53.33:299][709]LogContentBrowser:Verbose: The content browser source was changed by the sources view to 'None'
[2014.06.29-14.53.33:299][709]LogContentBrowser:Verbose: The content browser source was changed by the sources view to '/Game/Character'
[2014.06.29-14.53.42:259][950]LogContentBrowser:Verbose: The majority of assets in the view are of type: AnimSequence
[2014.06.29-14.53.53:037][197]LogEditorViewport: Clicking on Actor (LMB): SkeletalMeshActor (sabrina)
[2014.06.29-14.53.55:086][237]LogContentBrowser:Verbose: The content browser source was changed by the sources view to 'None'
[2014.06.29-14.53.55:087][237]LogContentBrowser:Verbose: The content browser source was changed by the sources view to '/Game/Materials/Cloth'
[2014.06.29-14.54.00:489][357]LogContentBrowser:Verbose: The content browser source was changed by the sources view to 'None'
[2014.06.29-14.54.00:489][357]LogContentBrowser:Verbose: The content browser source was changed by the sources view to '/Game/Materials/Char'
[2014.06.29-14.54.11:603][774]LogContentBrowser:Verbose: The content browser source was changed by the sources view to 'None'
[2014.06.29-14.54.11:603][774]LogContentBrowser:Verbose: The content browser source was changed by the sources view to '/Game/Materials/Cloth'
[2014.06.29-14.54.13:130][803]LogContentBrowser:Verbose: The content browser source was changed by the sources view to 'None'
[2014.06.29-14.54.13:130][803]LogContentBrowser:Verbose: The content browser source was changed by the sources view to '/Game/Materials/Char'
[2014.06.29-14.54.19:074][ 65]LogContentBrowser:Verbose: The content browser source was changed by the sources view to 'None'
[2014.06.29-14.54.19:074][ 65]LogContentBrowser:Verbose: The content browser source was changed by the sources view to '/Game/Materials/Char'
[2014.06.29-14.54.23:426][164]LogContentBrowser:Verbose: The content browser source was changed by the sources view to 'None'
[2014.06.29-14.54.23:427][164]LogContentBrowser:Verbose: The content browser source was changed by the sources view to '/Game/Materials/Char'
[2014.06.29-14.54.28:495][335]LogContentBrowser:Verbose: The content browser source was changed by the sources view to 'None'
[2014.06.29-14.54.28:496][335]LogContentBrowser:Verbose: The content browser source was changed by the sources view to '/Game/Materials/Char'
[2014.06.29-14.54.34:802][524]LogContentBrowser:Verbose: The content browser source was changed by the sources view to 'None'
[2014.06.29-14.54.34:802][524]LogContentBrowser:Verbose: The content browser source was changed by the sources view to '/Game/Materials/Cloth'
[2014.06.29-14.54.40:183][691]LogContentBrowser:Verbose: The content browser source was changed by the sources view to 'None'
[2014.06.29-14.54.40:183][691]LogContentBrowser:Verbose: The content browser source was changed by the sources view to '/Game/Materials/Cloth'
[2014.06.29-14.54.52:654][981]LogActorComponent: UnregisterComponent: (/Engine/Transient.CharacterMovementComponent_0) Not registered. Aborting.
[2014.06.29-14.54.52:681][981]LogParticles: Destroying 0 GPU particle simulations for FXSystem 0x000000001C80A3E0
[2014.06.29-14.54.52:943][981]LogSavePackage: Save=248.495346ms
[2014.06.29-14.54.52:943][981]LogSavePackage: Moving 'D:/UDK4 Projects/Waagenbau/MyProject3/Saved/waagenbau5C7E9B8742CA474DEBF316B12255C873.tmp' to 'D:/UDK4 Projects/Waagenbau/MyProject3/Content/Maps/waagenbau.umap'
[2014.06.29-14.54.56:429][ 61]LogPlayLevel: PIE:  No blueprints needed recompiling
[2014.06.29-14.54.56:429][ 61]PIE: New page: SIE session: waagenbau (Jun 29, 2014, 6:54:56 PM)
[2014.06.29-14.54.56:469][ 61]LogPlayLevel: PIE: StaticDuplicateObject took: (0.039723s)
[2014.06.29-14.54.56:469][ 61]LogPlayLevel: PIE: World Init took: (0.000572s)
[2014.06.29-14.54.56:470][ 61]LogPlayLevel: PIE: Created PIE world by copying editor world from /Game/Maps/waagenbau.waagenbau to /Game/Maps/UEDPIE_0_waagenbau.waagenbau (0.040619s)
[2014.06.29-14.54.56:502][ 61]LogBlueprint:Warning: [compiler] Warning InputAction Event references unknown Action 'Action' for  InputAction Action 
[2014.06.29-14.54.56:505][ 61]LogBlueprint:Warning: [compiler] Warning [0119.25] Compile of MyCharacter successful, but with 1 Warning(s) [in 5 ms]
[2014.06.29-14.54.56:512][ 61]LogBlueprint:Warning: [compiler] Warning InputAction Event references unknown Action 'Action' for  InputAction Action 
[2014.06.29-14.54.56:515][ 61]LogBlueprint:Warning: [compiler] Warning [0119.26] Compile of MyCharacter successful, but with 1 Warning(s) [in 5 ms]
[2014.06.29-14.54.56:534][ 61]LogWorld: Game class is 'MyGame_C'
[2014.06.29-14.54.56:535][ 61]LogSelection:Warning: PIE object was selected: "SkeletalMeshActor /Game/Maps/UEDPIE_0_waagenbau.waagenbau:PersistentLevel.sabrina_26"
[2014.06.29-14.54.56:585][ 61]LogBlueprintUserMessages:Warning: SetTimer passed a bad function () or object (DiscoLight_1_C_17)
[2014.06.29-14.54.56:586][ 61]LogBlueprintUserMessages:Warning: SetTimer passed a bad function () or object (DiscoLight_1_C_18)
[2014.06.29-14.54.56:586][ 61]LogBlueprintUserMessages:Warning: SetTimer passed a bad function () or object (DiscoLight_1_C_19)
[2014.06.29-14.54.56:587][ 61]LogBlueprintUserMessages:Warning: SetTimer passed a bad function () or object (DiscoLight_1_C_20)
[2014.06.29-14.54.56:587][ 61]LogBlueprintUserMessages:Warning: SetTimer passed a bad function () or object (DiscoLight_1_C_21)
[2014.06.29-14.54.56:587][ 61]LogBlueprintUserMessages:Warning: SetTimer passed a bad function () or object (DiscoLight_1_C_22)
[2014.06.29-14.54.56:588][ 61]LogBlueprintUserMessages:Warning: SetTimer passed a bad function () or object (DiscoLight_1_C_23)
[2014.06.29-14.54.56:588][ 61]LogBlueprintUserMessages:Warning: SetTimer passed a bad function () or object (DiscoLight_1_C_24)
[2014.06.29-14.54.56:589][ 61]LogBlueprintUserMessages:Warning: SetTimer passed a bad function () or object (DiscoLight_1_C_25)
[2014.06.29-14.54.56:589][ 61]LogBlueprintUserMessages:Warning: SetTimer passed a bad function () or object (DiscoLight_1_C_26)
[2014.06.29-14.54.56:590][ 61]LogBlueprintUserMessages:Warning: SetTimer passed a bad function () or object (DiscoLight_1_C_27)
[2014.06.29-14.54.56:590][ 61]LogBlueprintUserMessages:Warning: SetTimer passed a bad function () or object (DiscoLight_1_C_28)
[2014.06.29-14.54.56:590][ 61]LogBlueprintUserMessages:Warning: SetTimer passed a bad function () or object (DiscoLight_1_C_29)
[2014.06.29-14.54.56:591][ 61]LogBlueprintUserMessages:Warning: SetTimer passed a bad function () or object (DiscoLight_1_C_30)
[2014.06.29-14.54.56:591][ 61]LogBlueprintUserMessages:Warning: SetTimer passed a bad function () or object (DiscoLight_1_C_31)
[2014.06.29-14.54.56:592][ 61]LogBlueprintUserMessages:Warning: SetTimer passed a bad function () or object (DiscoLight_1_C_32)
[2014.06.29-14.54.56:592][ 61]LogBlueprintUserMessages:Warning: SetTimer passed a bad function () or object (DiscoLight_1_C_33)
[2014.06.29-14.54.56:593][ 61]LogBlueprintUserMessages:Warning: SetTimer passed a bad function () or object (WallSconce_18)
[2014.06.29-14.54.56:593][ 61]LogBlueprintUserMessages:Warning: SetTimer passed a bad function () or object (WallSconce_19)
[2014.06.29-14.54.56:593][ 61]LogBlueprintUserMessages:Warning: SetTimer passed a bad function () or object (WallSconce_20)
[2014.06.29-14.54.56:594][ 61]LogBlueprintUserMessages:Warning: SetTimer passed a bad function () or object (WallSconce_21)
[2014.06.29-14.54.56:603][ 61]LogSkinnedMeshComp:Warning: GetSocketByName(): No SkeletalMesh for CharacterMesh0
[2014.06.29-14.54.56:603][ 61]LogSkinnedMeshComp:Warning: GetSocketByName(): No SkeletalMesh for CharacterMesh0
[2014.06.29-14.54.56:603][ 61]LogSkinnedMeshComp:Warning: GetSocketByName(): No SkeletalMesh for CharacterMesh0
[2014.06.29-14.54.56:603][ 61]LogSkinnedMeshComp:Warning: GetSocketByName(): No SkeletalMesh for CharacterMesh0
[2014.06.29-14.54.56:605][ 61]LogWorld:Warning: *** WARNING - PATHS MAY NOT BE VALID ***
[2014.06.29-14.54.56:605][ 61]LogWorld: Bringing World /Game/Maps/UEDPIE_0_waagenbau.waagenbau up for play (max tick rate 0) at 2014.06.29-16.54.56
[2014.06.29-14.54.56:608][ 61]LogWorld: Bringing up level for play took: 0.037478
[2014.06.29-14.54.56:609][ 61]LogPlayerController: Spawned spectator SpectatorPawn_0 [server:1]
[2014.06.29-14.54.56:613][ 61]PIE: Info Play in editor start time for /Game/Maps/UEDPIE_0_waagenbau 0.926
[2014.06.29-14.54.56:627][ 61]LogSelection:Warning: PIE object was selected: "SkeletalMeshActor /Game/Maps/UEDPIE_0_waagenbau.waagenbau:PersistentLevel.sabrina_26"
[2014.06.29-14.54.56:630][ 61]LogSkinnedMeshComp:Warning: GetSocketByName(): No SkeletalMesh for CharacterMesh0
[2014.06.29-14.54.56:751][ 62]LogRenderer:Warning: Reallocating scene render targets to support 1136x864.
[2014.06.29-14.54.56:961][ 65]LogSkinnedMeshComp:Warning: GetSocketByName(): No SkeletalMesh for CharacterMesh0
[2014.06.29-14.54.56:977][ 66]LogSkinnedMeshComp:Warning: GetSocketByName(): No SkeletalMesh for CharacterMesh0
[2014.06.29-14.54.57:002][ 67]LogSkinnedMeshComp:Warning: GetSocketByName(): No SkeletalMesh for CharacterMesh0
[2014.06.29-14.54.57:042][ 68]LogSkinnedMeshComp:Warning: GetSocketByName(): No SkeletalMesh for CharacterMesh0
[2014.06.29-14.54.57:135][ 69]LogSkinnedMeshComp:Warning: GetSocketByName(): No SkeletalMesh for CharacterMesh0
[2014.06.29-14.54.57:184][ 70]LogSkinnedMeshComp:Warning: GetSocketByName(): No SkeletalMesh for CharacterMesh0
[2014.06.29-14.54.57:236][ 71]LogSkinnedMeshComp:Warning: GetSocketByName(): No SkeletalMesh for CharacterMesh0
[2014.06.29-14.54.57:287][ 72]LogSkinnedMeshComp:Warning: GetSocketByName(): No SkeletalMesh for CharacterMesh0
[2014.06.29-14.54.57:341][ 73]LogSkinnedMeshComp:Warning: GetSocketByName(): No SkeletalMesh for CharacterMesh0
[2014.06.29-14.54.57:398][ 74]LogSkinnedMeshComp:Warning: GetSocketByName(): No SkeletalMesh for CharacterMesh0
[2014.06.29-14.54.57:452][ 75]LogSkinnedMeshComp:Warning: GetSocketByName(): No SkeletalMesh for CharacterMesh0
[2014.06.29-14.54.57:502][ 76]LogSkinnedMeshComp:Warning: GetSocketByName(): No SkeletalMesh for CharacterMesh0
[2014.06.29-14.54.57:552][ 77]LogSkinnedMeshComp:Warning: GetSocketByName(): No SkeletalMesh for CharacterMesh0
[2014.06.29-14.54.57:602][ 78]LogSkinnedMeshComp:Warning: GetSocketByName(): No SkeletalMesh for CharacterMesh0
[2014.06.29-14.54.57:654][ 79]LogSkinnedMeshComp:Warning: GetSocketByName(): No SkeletalMesh for CharacterMesh0
[2014.06.29-14.54.57:709][ 80]LogSkinnedMeshComp:Warning: GetSocketByName(): No SkeletalMesh for CharacterMesh0
[2014.06.29-14.54.57:758][ 81]LogSkinnedMeshComp:Warning: GetSocketByName(): No SkeletalMesh for CharacterMesh0
[2014.06.29-14.54.57:807][ 82]LogSkinnedMeshComp:Warning: GetSocketByName(): No SkeletalMesh for CharacterMesh0
[2014.06.29-14.54.57:854][ 83]LogSkinnedMeshComp:Warning: GetSocketByName(): No SkeletalMesh for CharacterMesh0
[2014.06.29-14.54.57:899][ 84]LogSkinnedMeshComp:Warning: GetSocketByName(): No SkeletalMesh for CharacterMesh0
[2014.06.29-14.54.57:947][ 85]LogSkinnedMeshComp:Warning: GetSocketByName(): No SkeletalMesh for CharacterMesh0
[2014.06.29-14.54.57:992][ 86]LogSkinnedMeshComp:Warning: GetSocketByName(): No SkeletalMesh for CharacterMesh0
[2014.06.29-14.54.58:031][ 87]LogSkinnedMeshComp:Warning: GetSocketByName(): No SkeletalMesh for CharacterMesh0
[2014.06.29-14.54.58:069][ 88]LogSkinnedMeshComp:Warning: GetSocketByName(): No SkeletalMesh for CharacterMesh0
[2014.06.29-14.54.58:107][ 89]LogSkinnedMeshComp:Warning: GetSocketByName(): No SkeletalMesh for CharacterMesh0
[2014.06.29-14.54.58:152][ 90]LogSkinnedMeshComp:Warning: GetSocketByName(): No SkeletalMesh for CharacterMesh0
[2014.06.29-14.54.58:199][ 91]LogSkinnedMeshComp:Warning: GetSocketByName(): No SkeletalMesh for CharacterMesh0
[2014.06.29-14.54.58:246][ 92]LogSkinnedMeshComp:Warning: GetSocketByName(): No SkeletalMesh for CharacterMesh0
[2014.06.29-14.54.58:291][ 93]LogSkinnedMeshComp:Warning: GetSocketByName(): No SkeletalMesh for CharacterMesh0
[2014.06.29-14.54.58:331][ 94]LogSkinnedMeshComp:Warning: GetSocketByName(): No SkeletalMesh for CharacterMesh0
[2014.06.29-14.54.58:373][ 95]LogSkinnedMeshComp:Warning: GetSocketByName(): No SkeletalMesh for CharacterMesh0
[2014.06.29-14.54.58:387][ 96]LogSkinnedMeshComp:Warning: GetSocketByName(): No SkeletalMesh for CharacterMesh0
[2014.06.29-14.54.58:399][ 97]LogSkinnedMeshComp:Warning: GetSocketByName(): No SkeletalMesh for CharacterMesh0
[2014.06.29-14.54.58:417][ 98]LogSkinnedMeshComp:Warning: GetSocketByName(): No SkeletalMesh for CharacterMesh0
[2014.06.29-14.54.58:440][ 99]LogSkinnedMeshComp:Warning: GetSocketByName(): No SkeletalMesh for CharacterMesh0
[2014.06.29-14.54.58:468][100]LogSkinnedMeshComp:Warning: GetSocketByName(): No SkeletalMesh for CharacterMesh0
[2014.06.29-14.54.58:496][101]LogSkinnedMeshComp:Warning: GetSocketByName(): No SkeletalMesh for CharacterMesh0
[2014.06.29-14.54.58:520][102]LogSkinnedMeshComp:Warning: GetSocketByName(): No SkeletalMesh for CharacterMesh0
[2014.06.29-14.54.58:547][103]LogSkinnedMeshComp:Warning: GetSocketByName(): No SkeletalMesh for CharacterMesh0
[2014.06.29-14.54.58:578][104]LogSkinnedMeshComp:Warning: GetSocketByName(): No SkeletalMesh for CharacterMesh0
[2014.06.29-14.54.58:600][105]LogSkinnedMeshComp:Warning: GetSocketByName(): No SkeletalMesh for CharacterMesh0
[2014.06.29-14.54.58:624][106]LogSkinnedMeshComp:Warning: GetSocketByName(): No SkeletalMesh for CharacterMesh0
[2014.06.29-14.54.58:645][107]LogSkinnedMeshComp:Warning: GetSocketByName(): No SkeletalMesh for CharacterMesh0
[2014.06.29-14.54.58:669][108]LogSkinnedMeshComp:Warning: GetSocketByName(): No SkeletalMesh for CharacterMesh0
[2014.06.29-14.54.58:694][109]LogSkinnedMeshComp:Warning: GetSocketByName(): No SkeletalMesh for CharacterMesh0
[2014.06.29-14.54.58:721][110]LogSkinnedMeshComp:Warning: GetSocketByName(): No SkeletalMesh for CharacterMesh0
[2014.06.29-14.54.58:753][111]LogSkinnedMeshComp:Warning: GetSocketByName(): No SkeletalMesh for CharacterMesh0
[2014.06.29-14.54.58:778][112]LogSkinnedMeshComp:Warning: GetSocketByName(): No SkeletalMesh for CharacterMesh0
[2014.06.29-14.54.58:796][113]LogSkinnedMeshComp:Warning: GetSocketByName(): No SkeletalMesh for CharacterMesh0
[2014.06.29-14.54.58:820][114]LogSkinnedMeshComp:Warning: GetSocketByName(): No SkeletalMesh for CharacterMesh0
[2014.06.29-14.54.58:842][115]LogSkinnedMeshComp:Warning: GetSocketByName(): No SkeletalMesh for CharacterMesh0
[2014.06.29-14.54.58:865][116]LogSkinnedMeshComp:Warning: GetSocketByName(): No SkeletalMesh for CharacterMesh0
[2014.06.29-14.54.58:887][117]LogSkinnedMeshComp:Warning: GetSocketByName(): No SkeletalMesh for CharacterMesh0
[2014.06.29-14.54.58:910][118]LogSkinnedMeshComp:Warning: GetSocketByName(): No SkeletalMesh for CharacterMesh0
[2014.06.29-14.54.58:934][119]LogSkinnedMeshComp:Warning: GetSocketByName(): No SkeletalMesh for CharacterMesh0
[2014.06.29-14.54.58:958][120]LogSkinnedMeshComp:Warning: GetSocketByName(): No SkeletalMesh for CharacterMesh0
[2014.06.29-14.54.58:982][121]LogSkinnedMeshComp:Warning: GetSocketByName(): No SkeletalMesh for CharacterMesh0
[2014.06.29-14.54.59:012][122]LogSkinnedMeshComp:Warning: GetSocketByName(): No SkeletalMesh for CharacterMesh0
[2014.06.29-14.54.59:041][123]LogSkinnedMeshComp:Warning: GetSocketByName(): No SkeletalMesh for CharacterMesh0
[2014.06.29-14.54.59:147][129]LogSkinnedMeshComp:Warning: GetSocketByName(): No SkeletalMesh for CharacterMesh0
[2014.06.29-14.54.59:241][129]LogParticles: Destroying 0 GPU particle simulations for FXSystem 0x000000000CDE85E0
[2014.06.29-14.55.01:019][173]LogEditorViewport: Clicking on Actor (LMB): SkeletalMeshActor (monika)
[2014.06.29-14.55.02:548][219]LogEditorViewport: Clicking on Actor (context menu): SkeletalMeshActor (monika)
[2014.06.29-14.55.04:581][431]LogContentBrowser:Verbose: The majority of assets in the view are of type: AnimSequence
[2014.06.29-14.55.10:765][650]LogContentBrowser:Verbose: The content browser source was changed by the sources view to 'None'
[2014.06.29-14.55.10:766][650]LogContentBrowser:Verbose: The content browser source was changed by the sources view to '/Game/Materials/Char'
[2014.06.29-14.55.16:245][801]Cmd: OBJ SAVEPACKAGE PACKAGE="/Game/Character/monika" FILE="D:/UDK4 Projects/Waagenbau/MyProject3/Content/Character/monika.uasset" SILENT=true
[2014.06.29-14.55.16:590][801]LogSavePackage: Save=342.311340ms
[2014.06.29-14.55.16:590][801]LogSavePackage: Moving 'D:/UDK4 Projects/Waagenbau/MyProject3/Saved/monika8CB3489D4CBF58E1D2E8A8A8C220DF95.tmp' to 'D:/UDK4 Projects/Waagenbau/MyProject3/Content/Character/monika.uasset'
[2014.06.29-14.55.16:594][801]Cmd: OBJ SAVEPACKAGE PACKAGE="/Game/Character/monika_PhysicsAsset" FILE="D:/UDK4 Projects/Waagenbau/MyProject3/Content/Character/monika_PhysicsAsset.uasset" SILENT=true
[2014.06.29-14.55.16:604][801]LogSavePackage: Save=9.202513ms
[2014.06.29-14.55.16:604][801]LogSavePackage: Moving 'D:/UDK4 Projects/Waagenbau/MyProject3/Saved/monika_PhysicsAsset299272FD431F989BA595CBB7DE637B80.tmp' to 'D:/UDK4 Projects/Waagenbau/MyProject3/Content/Character/monika_PhysicsAsset.uasset'
[2014.06.29-14.55.26:650][137]Cmd: OBJ SAVEPACKAGE PACKAGE="/Game/Character/monika" FILE="D:/UDK4 Projects/Waagenbau/MyProject3/Content/Character/monika.uasset" SILENT=true
[2014.06.29-14.55.27:068][137]LogSavePackage: Save=407.914124ms
[2014.06.29-14.55.27:068][137]LogSavePackage: Moving 'D:/UDK4 Projects/Waagenbau/MyProject3/Saved/monika0753090C49DE6E149B6ED88BA0B8CF84.tmp' to 'D:/UDK4 Projects/Waagenbau/MyProject3/Content/Character/monika.uasset'
[2014.06.29-14.58.17:236][975]LogParticles: Destroying 0 GPU particle simulations for FXSystem 0x000000000CDEA340
[2014.06.29-14.58.18:612][ 18]LogEditorViewport: Clicking on Actor (context menu): SkeletalMeshActor (monika)
[2014.06.29-14.58.20:145][168]LogContentBrowser:Verbose: The majority of assets in the view are of type: AnimSequence
[2014.06.29-14.58.29:006][437]Cmd: OBJ SAVEPACKAGE PACKAGE="/Game/Character/monika" FILE="D:/UDK4 Projects/Waagenbau/MyProject3/Content/Character/monika.uasset" SILENT=true
[2014.06.29-14.58.29:356][437]LogSavePackage: Save=342.427124ms
[2014.06.29-14.58.29:356][437]LogSavePackage: Moving 'D:/UDK4 Projects/Waagenbau/MyProject3/Saved/monikaBA09500B4956F417026EDA91B2EBFD1D.tmp' to 'D:/UDK4 Projects/Waagenbau/MyProject3/Content/Character/monika.uasset'
[2014.06.29-14.58.57:864][215]Cmd: OBJ SAVEPACKAGE PACKAGE="/Game/Character/monika" FILE="D:/UDK4 Projects/Waagenbau/MyProject3/Content/Character/monika.uasset" SILENT=true
[2014.06.29-14.58.58:213][215]LogSavePackage: Save=343.621246ms
[2014.06.29-14.58.58:213][215]LogSavePackage: Moving 'D:/UDK4 Projects/Waagenbau/MyProject3/Saved/monika9E23B24F4830F80E07A7578EFEC9F2E6.tmp' to 'D:/UDK4 Projects/Waagenbau/MyProject3/Content/Character/monika.uasset'
[2014.06.29-14.58.59:928][267]LogParticles: Destroying 0 GPU particle simulations for FXSystem 0x000000000CE59DA0
[2014.06.29-14.59.00:170][268]Cmd: QUIT_EDITOR
[2014.06.29-14.59.00:213][268]LogWindowsTextInputMethodSystem:Error: Terminating failed while unadvising the language notification sink from the TSF source.
[2014.06.29-14.59.00:214][268]LogExit: Preparing to exit.
[2014.06.29-14.59.01:137][268]LogExit: Editor shut down
[2014.06.29-14.59.01:137][268]LogExit: Transaction tracking system shut down
[2014.06.29-14.59.01:141][268]LogParticles: Destroying 0 GPU particle simulations for FXSystem 0x000000001D596480
[2014.06.29-14.59.01:142][268]LogParticles: Destroying 0 GPU particle simulations for FXSystem 0x000000001C50FBA0
[2014.06.29-14.59.01:142][268]LogParticles: Destroying 0 GPU particle simulations for FXSystem 0x000000001D36D3A0
[2014.06.29-14.59.01:174][268]LogParticles: Destroying 0 GPU particle simulations for FXSystem 0x000000001CCE9B20
[2014.06.29-14.59.01:174][268]LogParticles: Destroying 0 GPU particle simulations for FXSystem 0x000000001CCE9D00
[2014.06.29-14.59.01:174][268]LogExit: Object subsystem successfully closed.
[2014.06.29-14.59.01:194][268]LogModuleManager: Shutting down and abandoning module DesktopPlatform (165)
[2014.06.29-14.59.01:194][268]LogModuleManager: Shutting down and abandoning module AndroidDeviceDetection (164)
[2014.06.29-14.59.01:194][268]LogModuleManager: Shutting down and abandoning module EditorWidgets (163)
[2014.06.29-14.59.01:194][268]LogModuleManager: Shutting down and abandoning module CollectionManager (162)
[2014.06.29-14.59.01:194][268]LogModuleManager: Shutting down and abandoning module CrashTracker (161)
[2014.06.29-14.59.01:194][268]LogModuleManager: Shutting down and abandoning module HTTP (160)
[2014.06.29-14.59.01:194][268]LogModuleManager: Shutting down and abandoning module NewsFeed (159)
[2014.06.29-14.59.01:194][268]LogModuleManager: Shutting down and abandoning module SceneOutliner (158)
[2014.06.29-14.59.01:194][268]LogModuleManager: Shutting down and abandoning module StatsViewer (157)
[2014.06.29-14.59.01:194][268]LogModuleManager: Shutting down and abandoning module FoliageEdit (156)
[2014.06.29-14.59.01:194][268]LogModuleManager: Shutting down and abandoning module LandscapeEditor (155)
[2014.06.29-14.59.01:199][268]LogModuleManager: Shutting down and abandoning module MeshPaint (154)
[2014.06.29-14.59.01:199][268]LogModuleManager: Shutting down and abandoning module ActorPickerMode (153)
[2014.06.29-14.59.01:199][268]LogModuleManager: Shutting down and abandoning module GeometryMode (152)
[2014.06.29-14.59.01:199][268]LogModuleManager: Shutting down and abandoning module TextureAlignMode (151)
[2014.06.29-14.59.01:199][268]LogModuleManager: Shutting down and abandoning module BspMode (150)
[2014.06.29-14.59.01:199][268]LogModuleManager: Shutting down and abandoning module PlacementMode (149)
[2014.06.29-14.59.01:200][268]LogModuleManager: Shutting down and abandoning module AutomationWorker (148)
[2014.06.29-14.59.01:200][268]LogModuleManager: Shutting down and abandoning module ViewportSnapping (147)
[2014.06.29-14.59.01:200][268]LogModuleManager: Shutting down and abandoning module DeviceProfileEditor (146)
[2014.06.29-14.59.01:200][268]LogModuleManager: Shutting down and abandoning module UndoHistory (145)
[2014.06.29-14.59.01:200][268]LogModuleManager: Shutting down and abandoning module GameplayTagsEditor (144)
[2014.06.29-14.59.01:200][268]LogModuleManager: Shutting down and abandoning module UserFeedback (143)
[2014.06.29-14.59.01:200][268]LogModuleManager: Shutting down and abandoning module XmlParser (142)
[2014.06.29-14.59.01:200][268]LogModuleManager: Shutting down and abandoning module Blutility (141)
[2014.06.29-14.59.01:200][268]LogModuleManager: Shutting down and abandoning module AndroidPlatformEditor (138)
[2014.06.29-14.59.01:200][268]LogModuleManager: Shutting down and abandoning module AndroidRuntimeSettings (137)
[2014.06.29-14.59.01:200][268]LogModuleManager: Shutting down and abandoning module ProjectSettingsViewer (136)
[2014.06.29-14.59.01:200][268]LogModuleManager: Shutting down and abandoning module InputBindingEditor (135)
[2014.06.29-14.59.01:200][268]LogModuleManager: Shutting down and abandoning module EditorSettingsViewer (134)
[2014.06.29-14.59.01:200][268]LogModuleManager: Shutting down and abandoning module SettingsEditor (133)
[2014.06.29-14.59.01:200][268]LogModuleManager: Shutting down and abandoning module SessionLauncher (132)
[2014.06.29-14.59.01:200][268]LogModuleManager: Shutting down and abandoning module SessionFrontend (131)
[2014.06.29-14.59.01:200][268]LogModuleManager: Shutting down and abandoning module ProfilerClient (130)
[2014.06.29-14.59.01:200][268]LogModuleManager: Shutting down and abandoning module TargetDeviceServices (129)
[2014.06.29-14.59.01:200][268]LogModuleManager: Shutting down and abandoning module DeviceManager (128)
[2014.06.29-14.59.01:200][268]LogModuleManager: Shutting down and abandoning module AutomationController (127)
[2014.06.29-14.59.01:200][268]LogModuleManager: Shutting down and abandoning module AutomationWindow (126)
[2014.06.29-14.59.01:200][268]LogModuleManager: Shutting down and abandoning module Layers (125)
[2014.06.29-14.59.01:200][268]LogModuleManager: Shutting down and abandoning module ComponentVisualizers (124)
[2014.06.29-14.59.01:200][268]LogModuleManager: Shutting down and abandoning module DetailCustomizations (123)
[2014.06.29-14.59.01:200][268]LogModuleManager: Shutting down and abandoning module PackagesDialog (122)
[2014.06.29-14.59.01:200][268]LogModuleManager: Shutting down and abandoning module DirectoryWatcher (121)
[2014.06.29-14.59.01:201][268]LogModuleManager: Shutting down and abandoning module AssetRegistry (120)
[2014.06.29-14.59.01:327][268]LogModuleManager: Shutting down and abandoning module Persona (119)
[2014.06.29-14.59.01:327][268]LogModuleManager: Shutting down and abandoning module GraphEditor (118)
[2014.06.29-14.59.01:327][268]LogModuleManager: Shutting down and abandoning module ContentBrowser (117)
[2014.06.29-14.59.01:327][268]LogModuleManager: Shutting down and abandoning module ClassViewer (116)
[2014.06.29-14.59.01:327][268]LogModuleManager: Shutting down and abandoning module Toolbox (115)
[2014.06.29-14.59.01:327][268]LogModuleManager: Shutting down and abandoning module ModuleUI (114)
[2014.06.29-14.59.01:327][268]LogModuleManager: Shutting down and abandoning module Sequencer (113)
[2014.06.29-14.59.01:327][268]LogModuleManager: Shutting down and abandoning module MovieSceneTools (112)
[2014.06.29-14.59.01:327][268]LogModuleManager: Shutting down and abandoning module OutputLog (111)
[2014.06.29-14.59.01:327][268]LogModuleManager: Shutting down and abandoning module GammaUI (110)
[2014.06.29-14.59.01:327][268]LogModuleManager: Shutting down and abandoning module Documentation (109)
[2014.06.29-14.59.01:327][268]LogModuleManager: Shutting down and abandoning module StreamingPauseRendering (108)
[2014.06.29-14.59.01:327][268]LogModuleManager: Shutting down and abandoning module AnalyticsET (107)
[2014.06.29-14.59.01:327][268]LogModuleManager: Shutting down and abandoning module Analytics (106)
[2014.06.29-14.59.01:327][268]LogModuleManager: Shutting down and abandoning module ProfilerService (105)
[2014.06.29-14.59.01:370][268]LogModuleManager: Shutting down and abandoning module TaskGraph (104)
[2014.06.29-14.59.01:370][268]LogModuleManager: Shutting down and abandoning module GameProjectGeneration (103)
[2014.06.29-14.59.01:370][268]LogModuleManager: Shutting down and abandoning module Matinee (102)
[2014.06.29-14.59.01:370][268]LogModuleManager: Shutting down and abandoning module Kismet (101)
[2014.06.29-14.59.01:370][268]LogModuleManager: Shutting down and abandoning module SlateReflector (100)
[2014.06.29-14.59.01:370][268]LogModuleManager: Shutting down and abandoning module LevelEditor (99)
[2014.06.29-14.59.01:372][268]LogModuleManager: Shutting down and abandoning module MainFrame (98)
[2014.06.29-14.59.01:372][268]LogModuleManager: Shutting down and abandoning module SourceControl (97)
[2014.06.29-14.59.01:372][268]LogModuleManager: Shutting down and abandoning module ImageWrapper (96)
[2014.06.29-14.59.01:372][268]LogModuleManager: Shutting down and abandoning module OnlineBlueprintSupport (95)
[2014.06.29-14.59.01:372][268]LogModuleManager: Shutting down and abandoning module PropertyEditor (94)
[2014.06.29-14.59.01:372][268]LogModuleManager: Shutting down and abandoning module AssetTools (93)
[2014.06.29-14.59.01:372][268]LogModuleManager: Shutting down and abandoning module BehaviorTreeEditor (92)
[2014.06.29-14.59.01:372][268]LogModuleManager: Shutting down and abandoning module FunctionalTesting (91)
[2014.06.29-14.59.01:372][268]LogModuleManager: Shutting down and abandoning module CollisionAnalyzer (90)
[2014.06.29-14.59.01:372][268]LogModuleManager: Shutting down and abandoning module WorkspaceMenuStructure (89)
[2014.06.29-14.59.01:372][268]LogModuleManager: Shutting down and abandoning module MessageLog (88)
[2014.06.29-14.59.01:372][268]LogModuleManager: Shutting down and abandoning module Slate (87)
[2014.06.29-14.59.01:372][268]LogModuleManager: Shutting down and abandoning module EditorStyle (86)
[2014.06.29-14.59.01:375][268]LogModuleManager: Shutting down and abandoning module SessionServices (85)
[2014.06.29-14.59.01:375][268]LogModuleManager: Shutting down and abandoning module Messaging (84)
[2014.06.29-14.59.01:375][268]LogModuleManager: Shutting down and abandoning module SourceCodeAccess (83)
[2014.06.29-14.59.01:375][268]LogModuleManager: Shutting down and abandoning module HeadMountedDisplay (82)
[2014.06.29-14.59.01:375][268]LogModuleManager: Shutting down and abandoning module XAudio2 (81)
[2014.06.29-14.59.01:375][268]LogModuleManager: Shutting down and abandoning module Networking (79)
[2014.06.29-14.59.01:375][268]LogModuleManager: Shutting down and abandoning module Core (78)
[2014.06.29-14.59.01:375][268]LogModuleManager: Shutting down and abandoning module KismetCompiler (77)
[2014.06.29-14.59.01:375][268]LogModuleManager: Shutting down and abandoning module PhysXFormats (76)
[2014.06.29-14.59.01:375][268]LogModuleManager: Shutting down and abandoning module SimplygonMeshReduction (75)
[2014.06.29-14.59.01:375][268]LogModuleManager: Shutting down and abandoning module MeshUtilities (74)
[2014.06.29-14.59.01:375][268]LogModuleManager: Shutting down and abandoning module DerivedDataCache (73)
[2014.06.29-14.59.01:403][268]LogDerivedDataCache: Shutdown
[2014.06.29-14.59.01:403][268]LogModuleManager: Shutting down and abandoning module ShaderFormatOpenGL (72)
[2014.06.29-14.59.01:403][268]LogModuleManager: Shutting down and abandoning module ShaderFormatD3D (71)
[2014.06.29-14.59.01:403][268]LogModuleManager: Shutting down and abandoning module TextureFormatUncompressed (70)
[2014.06.29-14.59.01:403][268]LogModuleManager: Shutting down and abandoning module TextureFormatPVR (69)
[2014.06.29-14.59.01:403][268]LogModuleManager: Shutting down and abandoning module TextureFormatDXT (68)
[2014.06.29-14.59.01:403][268]LogModuleManager: Shutting down and abandoning module TextureFormatAndroid (67)
[2014.06.29-14.59.01:403][268]LogModuleManager: Shutting down and abandoning module AudioFormatOpus (66)
[2014.06.29-14.59.01:403][268]LogModuleManager: Shutting down and abandoning module AudioFormatOgg (65)
[2014.06.29-14.59.01:403][268]LogModuleManager: Shutting down and abandoning module AudioFormatADPCM (64)
[2014.06.29-14.59.01:403][268]LogModuleManager: Shutting down and abandoning module Android_PVRTCTargetPlatform (63)
[2014.06.29-14.59.01:403][268]LogModuleManager: Shutting down and abandoning module Android_ETC2TargetPlatform (62)
[2014.06.29-14.59.01:403][268]LogModuleManager: Shutting down and abandoning module Android_ETC1TargetPlatform (61)
[2014.06.29-14.59.01:403][268]LogModuleManager: Shutting down and abandoning module Android_DXTTargetPlatform (60)
[2014.06.29-14.59.01:403][268]LogModuleManager: Shutting down and abandoning module Android_ATCTargetPlatform (59)
[2014.06.29-14.59.01:403][268]LogModuleManager: Shutting down and abandoning module AndroidTargetPlatform (58)
[2014.06.29-14.59.01:403][268]LogModuleManager: Shutting down and abandoning module WindowsTargetPlatform (57)
[2014.06.29-14.59.01:403][268]LogModuleManager: Shutting down and abandoning module WindowsServerTargetPlatform (56)
[2014.06.29-14.59.01:403][268]LogModuleManager: Shutting down and abandoning module WindowsNoEditorTargetPlatform (55)
[2014.06.29-14.59.01:403][268]LogModuleManager: Shutting down and abandoning module WindowsClientTargetPlatform (54)
[2014.06.29-14.59.01:403][268]LogModuleManager: Shutting down and abandoning module TargetPlatform (53)
[2014.06.29-14.59.01:403][268]LogModuleManager: Shutting down and abandoning module InputCore (52)
[2014.06.29-14.59.01:403][268]LogModuleManager: Shutting down and abandoning module Settings (51)
[2014.06.29-14.59.01:403][268]LogModuleManager: Shutting down and abandoning module TextureCompressor (48)
[2014.06.29-14.59.01:404][268]LogModuleManager: Shutting down and abandoning module ShaderCore (47)
[2014.06.29-14.59.01:404][268]LogModuleManager: Shutting down and abandoning module OpenGLDrv (46)
[2014.06.29-14.59.01:404][268]LogModuleManager: Shutting down and abandoning module D3D11RHI (45)
[2014.06.29-14.59.01:404][268]LogModuleManager: Shutting down and abandoning module SlateRHIRenderer (44)
[2014.06.29-14.59.01:404][268]LogModuleManager: Shutting down and abandoning module Renderer (43)
[2014.06.29-14.59.01:404][268]LogModuleManager: Shutting down and abandoning module Engine (42)
[2014.06.29-14.59.01:404][268]LogModuleManager: Shutting down and abandoning module SlateRemote (41)
[2014.06.29-14.59.01:404][268]LogModuleManager: Shutting down and abandoning module ScriptPlugin (40)
[2014.06.29-14.59.01:404][268]LogModuleManager: Shutting down and abandoning module ScriptEditorPlugin (38)
[2014.06.29-14.59.01:404][268]LogModuleManager: Shutting down and abandoning module WindowsMoviePlayer (37)
[2014.06.29-14.59.01:408][268]LogModuleManager: Shutting down and abandoning module ExampleDeviceProfileSelector (32)
[2014.06.29-14.59.01:409][268]LogModuleManager: Shutting down and abandoning module CustomMeshComponent (31)
[2014.06.29-14.59.01:409][268]LogModuleManager: Shutting down and abandoning module CableComponent (30)
[2014.06.29-14.59.01:409][268]LogModuleManager: Shutting down and abandoning module OculusRift (26)
[2014.06.29-14.59.01:409][268]LogModuleManager: Shutting down and abandoning module UdpMessaging (25)
[2014.06.29-14.59.01:509][268]LogModuleManager: Shutting down and abandoning module MessagingDebugger (24)
[2014.06.29-14.59.01:509][268]LogModuleManager: Shutting down and abandoning module PluginsEditor (14)
[2014.06.29-14.59.01:509][268]LogModuleManager: Shutting down and abandoning module IntroTutorials (13)
[2014.06.29-14.59.01:509][268]LogModuleManager: Shutting down and abandoning module EpicSurvey (12)
[2014.06.29-14.59.01:509][268]LogModuleManager: Shutting down and abandoning module VisualStudioSourceCodeAccess (10)
[2014.06.29-14.59.01:509][268]LogModuleManager: Shutting down and abandoning module UObjectPlugin (9)
[2014.06.29-14.59.01:509][268]LogModuleManager: Shutting down and abandoning module SubversionSourceControl (8)
[2014.06.29-14.59.01:509][268]LogModuleManager: Shutting down and abandoning module PerforceSourceControl (7)
[2014.06.29-14.59.01:509][268]LogModuleManager: Shutting down and abandoning module BlankPlugin (6)
[2014.06.29-14.59.01:509][268]LogModuleManager: Shutting down and abandoning module CoreUObject (5)
[2014.06.29-14.59.01:509][268]LogModuleManager: Shutting down and abandoning module NetworkFile (4)
[2014.06.29-14.59.01:509][268]LogModuleManager: Shutting down and abandoning module StreamingFile (3)
[2014.06.29-14.59.01:509][268]LogModuleManager: Shutting down and abandoning module SandboxFile (2)
[2014.06.29-14.59.01:509][268]LogModuleManager: Shutting down and abandoning module PakFile (1)
[2014.06.29-14.59.01:510][268]LogExit: Exiting.
[2014.06.29-14.59.01:528][268]Log file closed, 06/29/14 16:59:01
