Log file open, 07/14/14 17:25:56
LogInit:Display: Running engine for game: MyProject3
LogInit: Version: 4.2.1-2101290+++depot+UE4-Releases+4.2
LogInit: Compiled (64-bit): Jun 10 2014 22:21:56
LogInit: Build Configuration: Development
LogInit: Branch Name: ++depot+UE4-Releases+4.2
LogInit: Command line:  
LogInit: Base directory: E:/Unreal Engine/4.2/Engine/Binaries/Win64/
LogInit: Rocket: 1
[2014.07.14-15.25.56:986][  0]LogTaskGraph: Started task graph with 3 named threads and 6 total threads.
[2014.07.14-15.25.57:039][  0]LogOnline:Warning: No default platform service specified for OnlineSubsystem
[2014.07.14-15.25.57:073][  0]LogInit: Presizing for 0 objects not considered by GC, pre-allocating 0 bytes.
[2014.07.14-15.25.57:079][  0]LogInit: Object subsystem initialized
[2014.07.14-15.25.57:081][  0]LogInit: Selected Device Profile: [Windows]
[2014.07.14-15.25.57:081][  0]LogInit: Applying CVar settings loaded from the selected device profile: [Windows]
[2014.07.14-15.25.57:085][  0]LogInit: Computer: SPAEHLING-PC
[2014.07.14-15.25.57:085][  0]LogInit: User: Spaehling
[2014.07.14-15.25.57:086][  0]LogInit: CPU Page size=4096, Cores=6
[2014.07.14-15.25.57:086][  0]LogInit: High frequency timer resolution =3.126972 MHz
[2014.07.14-15.25.57:086][  0]LogMemory: Memory total: Physical=64.0GB (64GB approx) Virtual=8192.0GB
[2014.07.14-15.25.57:086][  0]LogMemory: Platform Memory Stats for Windows
[2014.07.14-15.25.57:086][  0]LogMemory: Process Physical Memory: 61.55 MB used, 61.55 MB peak
[2014.07.14-15.25.57:086][  0]LogMemory: Process Virtual Memory: 37.72 MB used, 37.86 MB peak
[2014.07.14-15.25.57:086][  0]LogMemory: Physical Memory: 6857.12 MB used, 65486.15 MB total
[2014.07.14-15.25.57:086][  0]LogMemory: Virtual Memory: 245.71 MB used, 8388608.00 MB total
[2014.07.14-15.25.57:129][  0]LogD3D11RHI: Found D3D11 adapter 0: NVIDIA GeForce GTX 690 (Feature Level 11_0)
[2014.07.14-15.25.57:129][  0]LogD3D11RHI: Adapter has 1990MB of dedicated video memory, 0MB of dedicated system memory, and 2048MB of shared system memory, 1 output[s]
[2014.07.14-15.25.57:150][  0]LogD3D11RHI: Found D3D11 adapter 1: NVIDIA GeForce GTX 690 (Feature Level 11_0)
[2014.07.14-15.25.57:150][  0]LogD3D11RHI: Adapter has 1990MB of dedicated video memory, 0MB of dedicated system memory, and 2048MB of shared system memory, 1 output[s]
[2014.07.14-15.25.57:150][  0]LogD3D11RHI: Chosen D3D11 Adapter Id = 0
[2014.07.14-15.25.57:155][  0]LogRHI: Texture pool is 1361 MB (70% of 1945 MB)
[2014.07.14-15.25.57:165][  0]LogD3D11RHI: Async texture creation enabled
[2014.07.14-15.25.57:248][  0]LogTextLocalizationManager:Warning: The selected culture 'de_DE' is not available; falling back to 'en'
[2014.07.14-15.25.57:298][  0]LogContentStreaming: Texture pool size is 0.000000MB
[2014.07.14-15.25.58:102][  0]LogTargetPlatformManager:Display: Building Assets For Windows
[2014.07.14-15.25.58:225][  0]LogTargetPlatformManager:Display: Building Assets For Windows
[2014.07.14-15.25.58:256][  0]LogDerivedDataCache:Display: Max Cache Size: 512 MB
[2014.07.14-15.25.58:295][  0]LogDerivedDataCache: Loaded boot cache 0.04s 39MB C:/Users/Spaehling/AppData/Local/UnrealEngine/4.2/DerivedDataCache/Boot.ddc.
[2014.07.14-15.25.58:295][  0]LogDerivedDataCache:Display: Loaded Boot cache: C:/Users/Spaehling/AppData/Local/UnrealEngine/4.2/DerivedDataCache/Boot.ddc
[2014.07.14-15.25.58:295][  0]LogDerivedDataCache: FDerivedDataBackendGraph:  Pak pak cache file D:/UDK4 Projects/Waagenbau/DerivedDataCache/DDC.ddp not found, will not use a pak cache.
[2014.07.14-15.25.58:295][  0]LogDerivedDataCache: Unable to find inner node Pak for hierarchical cache Hierarchy.
[2014.07.14-15.25.58:305][  0]LogDerivedDataCache:Display: Pak cache opened for reading ../../../Engine/DerivedDataCache/DDC.ddp.
[2014.07.14-15.25.58:317][  0]LogDerivedDataCache: Using Local data cache path C:/Users/Spaehling/AppData/Local/UnrealEngine/4.2/DerivedDataCache: Writable
[2014.07.14-15.25.58:706][  0]LogMeshUtilities: No automatic mesh reduction module available
[2014.07.14-15.25.58:706][  0]LogMeshUtilities: No automatic mesh merging module available
[2014.07.14-15.25.58:996][  0]LogInit: WinSock: version 1.1 (2.2), MaxSocks=32767, MaxUdp=65467
[2014.07.14-15.25.59:778][  0]LogStreaming:Warning: Failed to read file '../../../Engine/Content/Editor/Slate/Icons/ActorIcons/GroupActor_16x.png' error.
[2014.07.14-15.25.59:778][  0]LogSlate: Could not find file for Slate resource: ../../../Engine/Content/Editor/Slate/Icons/ActorIcons/GroupActor_16x.png
[2014.07.14-15.25.59:798][  0]LogStreaming:Warning: Failed to read file '../../../Engine/Content/Editor/Slate/Icons/ActorIcons/DecalActor_16x.png' error.
[2014.07.14-15.25.59:798][  0]LogSlate: Could not find file for Slate resource: ../../../Engine/Content/Editor/Slate/Icons/ActorIcons/DecalActor_16x.png
[2014.07.14-15.26.00:448][  0]UdpMessaging: Initializing bridge on interface 0.0.0.0:0 to multicast group 230.0.0.1:6666.
[2014.07.14-15.26.00:545][  0]SourceControl: Info Source control is disabled
[2014.07.14-15.26.00:545][  0]SourceControl: Info Source control is disabled
[2014.07.14-15.26.00:548][  0]SourceControl: Info Source control is disabled
[2014.07.14-15.26.00:660][  0]BlueprintLog: New page: Editor Load
[2014.07.14-15.26.00:752][  0]LogObj: 19203 objects as part of root set at end of initial load.
[2014.07.14-15.26.00:752][  0]LogUObjectAllocator: 3820576 out of 0 bytes used by permanent object pool.
[2014.07.14-15.26.01:085][  0]LogEngine: Initializing Engine...
[2014.07.14-15.26.01:190][  0]LogInit: XAudio2 using '237E4-0 (NVIDIA High Definition Audio)' : 2 channels at 48 kHz using 16 bits per sample (channel mask 0x3)
[2014.07.14-15.26.01:198][  0]LogInit: FAudioDevice initialized.
[2014.07.14-15.26.01:218][  0]LogDerivedDataCache: Saved boot cache 0.02s 39MB C:/Users/Spaehling/AppData/Local/UnrealEngine/4.2/DerivedDataCache/Boot.ddc.
[2014.07.14-15.26.01:223][  0]LogInit: Texture streaming: Enabled
[2014.07.14-15.26.01:281][  0]LogInit: Transaction tracking system initialized
[2014.07.14-15.26.01:414][  0]LogAssetRegistry: FAssetRegistry took 0.0094 seconds to start up
[2014.07.14-15.26.01:635][  0]LogModuleManager:Warning: ModuleManager: Unable to load module '' because the file was not found.
[2014.07.14-15.26.01:639][  0]LogModuleManager:Warning: ModuleManager: Unable to load module '' because the file was not found.
[2014.07.14-15.26.01:702][  0]LogConsoleResponse:Display: 
[2014.07.14-15.26.01:925][  0]SourceControl: Info Source control is disabled
[2014.07.14-15.26.01:925][  0]Cmd: MAP LOAD FILE="D:/UDK4 Projects/Waagenbau/Content/Maps/waagenbau.umap" TEMPLATE=0 SHOWPROGRESS=1 WORLDCOMPOSITION=0
[2014.07.14-15.26.01:925][  0]LightingResults: New page: Lighting Build
[2014.07.14-15.26.01:930][  0]MapCheck: New page: Map Check
[2014.07.14-15.26.01:930][  0]LightingResults: New page: Lighting Build
[2014.07.14-15.26.01:935][  0]LogParticles: Destroying 0 GPU particle simulations for FXSystem 0x000000000A1468E0
[2014.07.14-15.26.02:966][  0]LogBlueprint:Warning: Node '/Game/Blueprints/Assets/Cigarettes.cigarettes:UserConstructionScript.K2Node_VariableGet_424' missing NodeGuid.
[2014.07.14-15.26.03:345][  0]LogArray:Warning: Attempted to get an item from array Sounds out of bounds [0/0]!
[2014.07.14-15.26.03:350][  0]LogBlueprintUserMessages:Warning: SetTimer passed a bad function () or object (DiscoLight_1_C_0)
[2014.07.14-15.26.03:351][  0]LogBlueprintUserMessages:Warning: SetTimer passed a bad function () or object (DiscoLight_1_C_1)
[2014.07.14-15.26.03:352][  0]LogBlueprintUserMessages:Warning: SetTimer passed a bad function () or object (DiscoLight_1_C_2)
[2014.07.14-15.26.03:353][  0]LogBlueprintUserMessages:Warning: SetTimer passed a bad function () or object (DiscoLight_1_C_3)
[2014.07.14-15.26.03:353][  0]LogBlueprintUserMessages:Warning: SetTimer passed a bad function () or object (DiscoLight_1_C_4)
[2014.07.14-15.26.03:354][  0]LogBlueprintUserMessages:Warning: SetTimer passed a bad function () or object (DiscoLight_1_C_5)
[2014.07.14-15.26.03:354][  0]LogBlueprintUserMessages:Warning: SetTimer passed a bad function () or object (DiscoLight_1_C_6)
[2014.07.14-15.26.03:355][  0]LogBlueprintUserMessages:Warning: SetTimer passed a bad function () or object (DiscoLight_1_C_7)
[2014.07.14-15.26.03:356][  0]LogBlueprintUserMessages:Warning: SetTimer passed a bad function () or object (DiscoLight_1_C_8)
[2014.07.14-15.26.03:356][  0]LogBlueprintUserMessages:Warning: SetTimer passed a bad function () or object (DiscoLight_1_C_9)
[2014.07.14-15.26.03:357][  0]LogBlueprintUserMessages:Warning: SetTimer passed a bad function () or object (DiscoLight_1_C_10)
[2014.07.14-15.26.03:358][  0]LogBlueprintUserMessages:Warning: SetTimer passed a bad function () or object (DiscoLight_1_C_11)
[2014.07.14-15.26.03:359][  0]LogBlueprintUserMessages:Warning: SetTimer passed a bad function () or object (DiscoLight_1_C_12)
[2014.07.14-15.26.03:359][  0]LogBlueprintUserMessages:Warning: SetTimer passed a bad function () or object (DiscoLight_1_C_13)
[2014.07.14-15.26.03:360][  0]LogBlueprintUserMessages:Warning: SetTimer passed a bad function () or object (DiscoLight_1_C_14)
[2014.07.14-15.26.03:361][  0]LogBlueprintUserMessages:Warning: SetTimer passed a bad function () or object (DiscoLight_1_C_15)
[2014.07.14-15.26.03:361][  0]LogBlueprintUserMessages:Warning: SetTimer passed a bad function () or object (DiscoLight_1_C_16)
[2014.07.14-15.26.03:362][  0]LogBlueprintUserMessages:Warning: SetTimer passed a bad function () or object (DiscoLight_1_C_17)
[2014.07.14-15.26.03:363][  0]LogBlueprintUserMessages:Warning: SetTimer passed a bad function () or object (DiscoLight_1_C_18)
[2014.07.14-15.26.03:363][  0]LogBlueprintUserMessages:Warning: SetTimer passed a bad function () or object (DiscoLight_1_C_20)
[2014.07.14-15.26.03:364][  0]LogBlueprintUserMessages:Warning: SetTimer passed a bad function () or object (DiscoLight_1_C_21)
[2014.07.14-15.26.03:365][  0]LogBlueprintUserMessages:Warning: SetTimer passed a bad function () or object (DiscoLight_1_C_22)
[2014.07.14-15.26.03:365][  0]LogBlueprintUserMessages:Warning: SetTimer passed a bad function () or object (DiscoLight_1_C_23)
[2014.07.14-15.26.03:459][  0]LogEditorServer: Finished looking for orphan Actors (0.000 secs)
[2014.07.14-15.26.03:460][  0]Cmd: MAP CHECKDEP
[2014.07.14-15.26.03:460][  0]MapCheck: New page: waagenbau - Jul 14, 2014, 7:26:03 PM
[2014.07.14-15.26.03:527][  0]MapCheck: Info ========== Map Check: 0 Error(s), 0 Warning(s), [66.733ms] ==========
[2014.07.14-15.26.03:527][  0]LogFileHelpers: Loading map 'waagenbau' took 1.602
[2014.07.14-15.26.03:682][  0]LogCrashTracker: Crashtracker disabled due to settings.
[2014.07.14-15.26.03:683][  0]Cmd: MODE PLACEMENT
[2014.07.14-15.26.03:722][  0]LogCollectionManager: Loaded 0 collections in 0.000867 seconds
[2014.07.14-15.26.03:759][  0]LogLoad: Full Startup: 7.48 seconds (BP compile: 0.30 seconds)
[2014.07.14-15.26.03:774][  0]LogContentBrowser:Verbose: The content browser source was changed by the sources view to '/Game/Blueprints/Characters'
[2014.07.14-15.26.03:887][  0]LogRenderer:Warning: Reallocating scene render targets to support 32x32.
[2014.07.14-15.26.03:988][  0]LogRenderer:Warning: Reallocating scene render targets to support 1120x856.
[2014.07.14-15.26.04:193][  1]LogEpicStorage:Warning: EnumerateFiles request failed. Invalid response. code=403 error=<?xml version="1.0" encoding="UTF-8"?>
<Error><Code>AccessDenied</Code><Message>Access Denied</Message><RequestId>AAAC8A344E403A97</RequestId><HostId>Zeq7KZQjdGeeGv/qszkYQK9Fzi9iH+Hvr04SH1Z0TcZqLzy1qCHcra8DRSsXEm8G</HostId></Error>
[2014.07.14-15.26.04:306][  2]LogEpicSurvey:Warning: EnumerateFiles request failed. Invalid response. code=403 error=<?xml version="1.0" encoding="UTF-8"?>
<Error><Code>AccessDenied</Code><Message>Access Denied</Message><RequestId>0C22C797B5E2CEA4</RequestId><HostId>kpiK2aPy0TKjy8ZtqgHHnlr6z1BzMu9EjR5ML33lJpEWcfaheiyTfOSUpQ5hn5rZ</HostId></Error>
[2014.07.14-15.26.04:311][  2]LogAssetRegistry: Asset discovery search completed in 2.9069 seconds
[2014.07.14-15.26.04:376][  3]LogEpicStorage:Warning: EnumerateFiles request failed. Invalid response. code=403 error=<?xml version="1.0" encoding="UTF-8"?>
<Error><Code>AccessDenied</Code><Message>Access Denied</Message><RequestId>AAAC8A344E403A97</RequestId><HostId>Zeq7KZQjdGeeGv/qszkYQK9Fzi9iH+Hvr04SH1Z0TcZqLzy1qCHcra8DRSsXEm8G</HostId></Error>
[2014.07.14-15.26.04:387][  4]LogEpicSurvey:Warning: EnumerateFiles request failed. Invalid response. code=403 error=<?xml version="1.0" encoding="UTF-8"?>
<Error><Code>AccessDenied</Code><Message>Access Denied</Message><RequestId>0C22C797B5E2CEA4</RequestId><HostId>kpiK2aPy0TKjy8ZtqgHHnlr6z1BzMu9EjR5ML33lJpEWcfaheiyTfOSUpQ5hn5rZ</HostId></Error>
[2014.07.14-15.26.04:423][  7]LogEpicSurvey:Warning: EnumerateFiles request failed. Invalid response. code=403 error=<?xml version="1.0" encoding="UTF-8"?>
<Error><Code>AccessDenied</Code><Message>Access Denied</Message><RequestId>3CBDC9851924EA51</RequestId><HostId>OiTDuZo5V3TmRODePsY8qNME6sWhuI9wdED1jkyM3uTkGU8KyMBcEjCvWZDSRlyrfsDwjcH1Kfs=</HostId></Error>
[2014.07.14-15.26.04:445][  9]LogEpicStorage:Warning: ReadFile request failed. File request already pending for filename=http://cdn.unrealengine.com/newsfeed/blueprint_icon_b.png
[2014.07.14-15.26.04:446][  9]LogEpicStorage:Warning: ReadFile request failed. File request already pending for filename=http://cdn.unrealengine.com/newsfeed/blueprint_icon_b.png
[2014.07.14-15.26.16:395][680]LogEditorViewport: Clicking on Actor (context menu): SkeletalMeshActor (spaehling_6)
[2014.07.14-15.26.17:408][777]LogContentBrowser:Verbose: The content browser source was changed by the sources view to 'None'
[2014.07.14-15.26.17:408][777]LogContentBrowser:Verbose: The content browser source was changed by the sources view to '/Game/Character'
[2014.07.14-15.26.21:107][858]LogFactory: FactoryCreateBinary: StaticMesh with FbxFactory (0 0 H:/Game Assets/Humans/Generated/Male/Jamal/FBX/jamal.fbx)
[2014.07.14-15.26.21:111][858]LogFbx: ItemName: GlobalSettings, ItemCount : 1
[2014.07.14-15.26.21:111][858]LogFbx: ItemName: AnimationStack, ItemCount : 1
[2014.07.14-15.26.21:111][858]LogFbx: ItemName: AnimationLayer, ItemCount : 1
[2014.07.14-15.26.21:111][858]LogFbx: ItemName: NodeAttribute, ItemCount : 160
[2014.07.14-15.26.21:111][858]LogFbx: ItemName: Model, ItemCount : 167
[2014.07.14-15.26.21:111][858]LogFbx: ItemName: Material, ItemCount : 7
[2014.07.14-15.26.21:111][858]LogFbx: ItemName: Geometry, ItemCount : 7
[2014.07.14-15.26.21:111][858]LogFbx: ItemName: Texture, ItemCount : 8
[2014.07.14-15.26.21:111][858]LogFbx: ItemName: AnimationCurveNode, ItemCount : 194
[2014.07.14-15.26.21:111][858]LogFbx: ItemName: Pose, ItemCount : 7
[2014.07.14-15.26.21:111][858]LogFbx: ItemName: Deformer, ItemCount : 138
[2014.07.14-15.26.21:111][858]LogFbx: ItemName: Video, ItemCount : 8
[2014.07.14-15.26.23:996][858]LogFbx: Loading FBX Scene from H:/Game Assets/Humans/Generated/Male/Jamal/FBX/jamal.fbx
[2014.07.14-15.26.24:065][858]LogFbx: FBX Scene Loaded Succesfully
[2014.07.14-15.26.24:073][858]LogFbx: Dumping Node [pythonMesh] : Total Deformer Count 1.
[2014.07.14-15.26.24:073][858]LogFbx: 	[Node 1]  (Type Skin).
[2014.07.14-15.26.24:073][858]LogFbx: Dumping Node [low-polyMesh] : Total Deformer Count 1.
[2014.07.14-15.26.24:073][858]LogFbx: 	[Node 1]  (Type Skin).
[2014.07.14-15.26.24:073][858]LogFbx: Dumping Node [eyebrow001Mesh] : Total Deformer Count 1.
[2014.07.14-15.26.24:073][858]LogFbx: 	[Node 1]  (Type Skin).
[2014.07.14-15.26.24:073][858]LogFbx: Dumping Node [eyelashes01Mesh] : Total Deformer Count 1.
[2014.07.14-15.26.24:073][858]LogFbx: 	[Node 1]  (Type Skin).
[2014.07.14-15.26.24:073][858]LogFbx: Dumping Node [shirt01Mesh] : Total Deformer Count 1.
[2014.07.14-15.26.24:073][858]LogFbx: 	[Node 1]  (Type Skin).
[2014.07.14-15.26.24:073][858]LogFbx: Dumping Node [jeans01Mesh] : Total Deformer Count 1.
[2014.07.14-15.26.24:073][858]LogFbx: 	[Node 1]  (Type Skin).
[2014.07.14-15.26.24:073][858]LogFbx: Dumping Node [shoes02Mesh] : Total Deformer Count 1.
[2014.07.14-15.26.24:073][858]LogFbx: 	[Node 1]  (Type Skin).
[2014.07.14-15.26.24:074][858]LogFbx: Dumping Node [pythonMesh] : Total Deformer Count 1.
[2014.07.14-15.26.24:074][858]LogFbx: 	[Node 1]  (Type Skin).
[2014.07.14-15.26.24:074][858]LogFbx: Dumping Node [low-polyMesh] : Total Deformer Count 1.
[2014.07.14-15.26.24:074][858]LogFbx: 	[Node 1]  (Type Skin).
[2014.07.14-15.26.24:074][858]LogFbx: Dumping Node [eyebrow001Mesh] : Total Deformer Count 1.
[2014.07.14-15.26.24:074][858]LogFbx: 	[Node 1]  (Type Skin).
[2014.07.14-15.26.24:074][858]LogFbx: Dumping Node [eyelashes01Mesh] : Total Deformer Count 1.
[2014.07.14-15.26.24:074][858]LogFbx: 	[Node 1]  (Type Skin).
[2014.07.14-15.26.24:074][858]LogFbx: Dumping Node [shirt01Mesh] : Total Deformer Count 1.
[2014.07.14-15.26.24:074][858]LogFbx: 	[Node 1]  (Type Skin).
[2014.07.14-15.26.24:074][858]LogFbx: Dumping Node [jeans01Mesh] : Total Deformer Count 1.
[2014.07.14-15.26.24:074][858]LogFbx: 	[Node 1]  (Type Skin).
[2014.07.14-15.26.24:074][858]LogFbx: Dumping Node [shoes02Mesh] : Total Deformer Count 1.
[2014.07.14-15.26.24:074][858]LogFbx: 	[Node 1]  (Type Skin).
[2014.07.14-15.26.24:074][858]LogFbx: Dumping Node [pythonMesh] : Total Deformer Count 1.
[2014.07.14-15.26.24:074][858]LogFbx: 	[Node 1]  (Type Skin).
[2014.07.14-15.26.24:074][858]LogFbx: Dumping Node [low-polyMesh] : Total Deformer Count 1.
[2014.07.14-15.26.24:074][858]LogFbx: 	[Node 1]  (Type Skin).
[2014.07.14-15.26.24:074][858]LogFbx: Dumping Node [eyebrow001Mesh] : Total Deformer Count 1.
[2014.07.14-15.26.24:074][858]LogFbx: 	[Node 1]  (Type Skin).
[2014.07.14-15.26.24:074][858]LogFbx: Dumping Node [eyelashes01Mesh] : Total Deformer Count 1.
[2014.07.14-15.26.24:074][858]LogFbx: 	[Node 1]  (Type Skin).
[2014.07.14-15.26.24:074][858]LogFbx: Dumping Node [shirt01Mesh] : Total Deformer Count 1.
[2014.07.14-15.26.24:074][858]LogFbx: 	[Node 1]  (Type Skin).
[2014.07.14-15.26.24:074][858]LogFbx: Dumping Node [jeans01Mesh] : Total Deformer Count 1.
[2014.07.14-15.26.24:074][858]LogFbx: 	[Node 1]  (Type Skin).
[2014.07.14-15.26.24:074][858]LogFbx: Dumping Node [shoes02Mesh] : Total Deformer Count 1.
[2014.07.14-15.26.24:074][858]LogFbx: 	[Node 1]  (Type Skin).
[2014.07.14-15.26.24:076][858]LogFbx:Warning: Not valid bind pose for Pose (skinCluster2) - Node pythonMesh : Not all the parents are stored in this BindPose
[2014.07.14-15.26.24:076][858]LogFbx:Warning: 	(1) BindPose - Invalid BindPose : This object is not a BindPose. ()
[2014.07.14-15.26.24:076][858]LogFbx:Warning: 	(2) BindPose - Invalid Argument : The pRoot pointer is NULL. ()
[2014.07.14-15.26.24:076][858]LogFbx:Warning: 	(3) BindPose - Incomplete BindPose [nodes parents] : The following parent and/or ancestor node(s) is/are not part of the BindPose definition. (group)
[2014.07.14-15.26.24:076][858]LogFbx:Warning: 	(4) BindPose - Incomplete BindPose [link nodes] : The following Link node(s) is/are not part of the BindPose definition. ()
[2014.07.14-15.26.24:076][858]LogFbx:Warning: 	(5) BindPose - Incomplete BindPose [link nodes parents] : The following parent and/or ancestor node of the Link(s) is/are not part of the BindPose definition. ()
[2014.07.14-15.26.24:076][858]LogFbx:Warning: 	(6) BindPose - Mismatched Matrices : The relative matrix of the following link(s) do not match the one stored in the BindPose definition. ()
[2014.07.14-15.26.24:076][858]LogFbx:Warning: 	(7) Reading or writing file. : While reading or writing a file the following notifications have been raised. ()
[2014.07.14-15.26.24:076][858]LogFbx:Warning: 	(8) Embed Media: : The following texture(s) will not be embedded in your scene, as the plug-in cannot locate them: ()
[2014.07.14-15.26.24:077][858]LogFbx:Warning: Not valid bind pose for Pose (skinCluster2) - Node low-polyMesh : Not all the parents are stored in this BindPose
[2014.07.14-15.26.24:077][858]LogFbx:Warning: Not valid bind pose for Pose (skinCluster2) - Node eyebrow001Mesh : Not all the parents are stored in this BindPose
[2014.07.14-15.26.24:077][858]LogFbx:Warning: Not valid bind pose for Pose (skinCluster2) - Node eyelashes01Mesh : Not all the parents are stored in this BindPose
[2014.07.14-15.26.24:077][858]LogFbx:Warning: Not valid bind pose for Pose (skinCluster2) - Node shirt01Mesh : Not all the parents are stored in this BindPose
[2014.07.14-15.26.24:077][858]LogFbx:Warning: Not valid bind pose for Pose (skinCluster2) - Node jeans01Mesh : Not all the parents are stored in this BindPose
[2014.07.14-15.26.24:077][858]LogFbx:Warning: Not valid bind pose for Pose (skinCluster2) - Node shoes02Mesh : Not all the parents are stored in this BindPose
[2014.07.14-15.26.24:077][858]LogFbx:Warning: Not valid bind pose for Pose (skinCluster3) - Node pythonMesh : Not all the parents are stored in this BindPose
[2014.07.14-15.26.24:077][858]LogFbx:Warning: 	(1) BindPose - Invalid BindPose : This object is not a BindPose. ()
[2014.07.14-15.26.24:077][858]LogFbx:Warning: 	(2) BindPose - Invalid Argument : The pRoot pointer is NULL. ()
[2014.07.14-15.26.24:077][858]LogFbx:Warning: 	(3) BindPose - Incomplete BindPose [nodes parents] : The following parent and/or ancestor node(s) is/are not part of the BindPose definition. (group)
[2014.07.14-15.26.24:077][858]LogFbx:Warning: 	(4) BindPose - Incomplete BindPose [link nodes] : The following Link node(s) is/are not part of the BindPose definition. ()
[2014.07.14-15.26.24:077][858]LogFbx:Warning: 	(5) BindPose - Incomplete BindPose [link nodes parents] : The following parent and/or ancestor node of the Link(s) is/are not part of the BindPose definition. ()
[2014.07.14-15.26.24:077][858]LogFbx:Warning: 	(6) BindPose - Mismatched Matrices : The relative matrix of the following link(s) do not match the one stored in the BindPose definition. ()
[2014.07.14-15.26.24:077][858]LogFbx:Warning: 	(7) Reading or writing file. : While reading or writing a file the following notifications have been raised. ()
[2014.07.14-15.26.24:077][858]LogFbx:Warning: 	(8) Embed Media: : The following texture(s) will not be embedded in your scene, as the plug-in cannot locate them: ()
[2014.07.14-15.26.24:077][858]LogFbx:Warning: Not valid bind pose for Pose (skinCluster3) - Node low-polyMesh : Not all the parents are stored in this BindPose
[2014.07.14-15.26.24:078][858]LogFbx:Warning: Not valid bind pose for Pose (skinCluster3) - Node eyebrow001Mesh : Not all the parents are stored in this BindPose
[2014.07.14-15.26.24:078][858]LogFbx:Warning: Not valid bind pose for Pose (skinCluster3) - Node eyelashes01Mesh : Not all the parents are stored in this BindPose
[2014.07.14-15.26.24:078][858]LogFbx:Warning: Not valid bind pose for Pose (skinCluster3) - Node shirt01Mesh : Not all the parents are stored in this BindPose
[2014.07.14-15.26.24:078][858]LogFbx:Warning: Not valid bind pose for Pose (skinCluster3) - Node jeans01Mesh : Not all the parents are stored in this BindPose
[2014.07.14-15.26.24:078][858]LogFbx:Warning: Not valid bind pose for Pose (skinCluster3) - Node shoes02Mesh : Not all the parents are stored in this BindPose
[2014.07.14-15.26.24:078][858]LogFbx:Warning: Not valid bind pose for Pose (skinCluster4) - Node pythonMesh : Not all the parents are stored in this BindPose
[2014.07.14-15.26.24:078][858]LogFbx:Warning: 	(1) BindPose - Invalid BindPose : This object is not a BindPose. ()
[2014.07.14-15.26.24:078][858]LogFbx:Warning: 	(2) BindPose - Invalid Argument : The pRoot pointer is NULL. ()
[2014.07.14-15.26.24:078][858]LogFbx:Warning: 	(3) BindPose - Incomplete BindPose [nodes parents] : The following parent and/or ancestor node(s) is/are not part of the BindPose definition. (group)
[2014.07.14-15.26.24:078][858]LogFbx:Warning: 	(4) BindPose - Incomplete BindPose [link nodes] : The following Link node(s) is/are not part of the BindPose definition. ()
[2014.07.14-15.26.24:078][858]LogFbx:Warning: 	(5) BindPose - Incomplete BindPose [link nodes parents] : The following parent and/or ancestor node of the Link(s) is/are not part of the BindPose definition. ()
[2014.07.14-15.26.24:079][858]LogFbx:Warning: 	(6) BindPose - Mismatched Matrices : The relative matrix of the following link(s) do not match the one stored in the BindPose definition. ()
[2014.07.14-15.26.24:079][858]LogFbx:Warning: 	(7) Reading or writing file. : While reading or writing a file the following notifications have been raised. ()
[2014.07.14-15.26.24:079][858]LogFbx:Warning: 	(8) Embed Media: : The following texture(s) will not be embedded in your scene, as the plug-in cannot locate them: ()
[2014.07.14-15.26.24:079][858]LogFbx:Warning: Not valid bind pose for Pose (skinCluster4) - Node low-polyMesh : Not all the parents are stored in this BindPose
[2014.07.14-15.26.24:079][858]LogFbx:Warning: Not valid bind pose for Pose (skinCluster4) - Node eyebrow001Mesh : Not all the parents are stored in this BindPose
[2014.07.14-15.26.24:079][858]LogFbx:Warning: Not valid bind pose for Pose (skinCluster4) - Node eyelashes01Mesh : Not all the parents are stored in this BindPose
[2014.07.14-15.26.24:079][858]LogFbx:Warning: Not valid bind pose for Pose (skinCluster4) - Node shirt01Mesh : Not all the parents are stored in this BindPose
[2014.07.14-15.26.24:079][858]LogFbx:Warning: Not valid bind pose for Pose (skinCluster4) - Node jeans01Mesh : Not all the parents are stored in this BindPose
[2014.07.14-15.26.24:079][858]LogFbx:Warning: Not valid bind pose for Pose (skinCluster4) - Node shoes02Mesh : Not all the parents are stored in this BindPose
[2014.07.14-15.26.24:079][858]LogFbx:Warning: Not valid bind pose for Pose (skinCluster5) - Node pythonMesh : Not all the parents are stored in this BindPose
[2014.07.14-15.26.24:079][858]LogFbx:Warning: 	(1) BindPose - Invalid BindPose : This object is not a BindPose. ()
[2014.07.14-15.26.24:079][858]LogFbx:Warning: 	(2) BindPose - Invalid Argument : The pRoot pointer is NULL. ()
[2014.07.14-15.26.24:079][858]LogFbx:Warning: 	(3) BindPose - Incomplete BindPose [nodes parents] : The following parent and/or ancestor node(s) is/are not part of the BindPose definition. (group)
[2014.07.14-15.26.24:079][858]LogFbx:Warning: 	(4) BindPose - Incomplete BindPose [link nodes] : The following Link node(s) is/are not part of the BindPose definition. ()
[2014.07.14-15.26.24:079][858]LogFbx:Warning: 	(5) BindPose - Incomplete BindPose [link nodes parents] : The following parent and/or ancestor node of the Link(s) is/are not part of the BindPose definition. ()
[2014.07.14-15.26.24:079][858]LogFbx:Warning: 	(6) BindPose - Mismatched Matrices : The relative matrix of the following link(s) do not match the one stored in the BindPose definition. ()
[2014.07.14-15.26.24:079][858]LogFbx:Warning: 	(7) Reading or writing file. : While reading or writing a file the following notifications have been raised. ()
[2014.07.14-15.26.24:079][858]LogFbx:Warning: 	(8) Embed Media: : The following texture(s) will not be embedded in your scene, as the plug-in cannot locate them: ()
[2014.07.14-15.26.24:079][858]LogFbx:Warning: Not valid bind pose for Pose (skinCluster5) - Node low-polyMesh : Not all the parents are stored in this BindPose
[2014.07.14-15.26.24:079][858]LogFbx:Warning: Not valid bind pose for Pose (skinCluster5) - Node eyebrow001Mesh : Not all the parents are stored in this BindPose
[2014.07.14-15.26.24:079][858]LogFbx:Warning: Not valid bind pose for Pose (skinCluster5) - Node eyelashes01Mesh : Not all the parents are stored in this BindPose
[2014.07.14-15.26.24:079][858]LogFbx:Warning: Not valid bind pose for Pose (skinCluster5) - Node shirt01Mesh : Not all the parents are stored in this BindPose
[2014.07.14-15.26.24:079][858]LogFbx:Warning: Not valid bind pose for Pose (skinCluster5) - Node jeans01Mesh : Not all the parents are stored in this BindPose
[2014.07.14-15.26.24:079][858]LogFbx:Warning: Not valid bind pose for Pose (skinCluster5) - Node shoes02Mesh : Not all the parents are stored in this BindPose
[2014.07.14-15.26.24:079][858]LogFbx:Warning: Not valid bind pose for Pose (skinCluster6) - Node pythonMesh : Not all the parents are stored in this BindPose
[2014.07.14-15.26.24:079][858]LogFbx:Warning: 	(1) BindPose - Invalid BindPose : This object is not a BindPose. ()
[2014.07.14-15.26.24:079][858]LogFbx:Warning: 	(2) BindPose - Invalid Argument : The pRoot pointer is NULL. ()
[2014.07.14-15.26.24:079][858]LogFbx:Warning: 	(3) BindPose - Incomplete BindPose [nodes parents] : The following parent and/or ancestor node(s) is/are not part of the BindPose definition. (group)
[2014.07.14-15.26.24:079][858]LogFbx:Warning: 	(4) BindPose - Incomplete BindPose [link nodes] : The following Link node(s) is/are not part of the BindPose definition. ()
[2014.07.14-15.26.24:079][858]LogFbx:Warning: 	(5) BindPose - Incomplete BindPose [link nodes parents] : The following parent and/or ancestor node of the Link(s) is/are not part of the BindPose definition. ()
[2014.07.14-15.26.24:079][858]LogFbx:Warning: 	(6) BindPose - Mismatched Matrices : The relative matrix of the following link(s) do not match the one stored in the BindPose definition. ()
[2014.07.14-15.26.24:079][858]LogFbx:Warning: 	(7) Reading or writing file. : While reading or writing a file the following notifications have been raised. ()
[2014.07.14-15.26.24:079][858]LogFbx:Warning: 	(8) Embed Media: : The following texture(s) will not be embedded in your scene, as the plug-in cannot locate them: ()
[2014.07.14-15.26.24:079][858]LogFbx:Warning: Not valid bind pose for Pose (skinCluster6) - Node low-polyMesh : Not all the parents are stored in this BindPose
[2014.07.14-15.26.24:079][858]LogFbx:Warning: Not valid bind pose for Pose (skinCluster6) - Node eyebrow001Mesh : Not all the parents are stored in this BindPose
[2014.07.14-15.26.24:079][858]LogFbx:Warning: Not valid bind pose for Pose (skinCluster6) - Node eyelashes01Mesh : Not all the parents are stored in this BindPose
[2014.07.14-15.26.24:079][858]LogFbx:Warning: Not valid bind pose for Pose (skinCluster6) - Node shirt01Mesh : Not all the parents are stored in this BindPose
[2014.07.14-15.26.24:079][858]LogFbx:Warning: Not valid bind pose for Pose (skinCluster6) - Node jeans01Mesh : Not all the parents are stored in this BindPose
[2014.07.14-15.26.24:080][858]LogFbx:Warning: Not valid bind pose for Pose (skinCluster6) - Node shoes02Mesh : Not all the parents are stored in this BindPose
[2014.07.14-15.26.24:080][858]LogFbx:Warning: Not valid bind pose for Pose (skinCluster7) - Node pythonMesh : Not all the parents are stored in this BindPose
[2014.07.14-15.26.24:080][858]LogFbx:Warning: 	(1) BindPose - Invalid BindPose : This object is not a BindPose. ()
[2014.07.14-15.26.24:080][858]LogFbx:Warning: 	(2) BindPose - Invalid Argument : The pRoot pointer is NULL. ()
[2014.07.14-15.26.24:080][858]LogFbx:Warning: 	(3) BindPose - Incomplete BindPose [nodes parents] : The following parent and/or ancestor node(s) is/are not part of the BindPose definition. (group)
[2014.07.14-15.26.24:080][858]LogFbx:Warning: 	(4) BindPose - Incomplete BindPose [link nodes] : The following Link node(s) is/are not part of the BindPose definition. ()
[2014.07.14-15.26.24:080][858]LogFbx:Warning: 	(5) BindPose - Incomplete BindPose [link nodes parents] : The following parent and/or ancestor node of the Link(s) is/are not part of the BindPose definition. ()
[2014.07.14-15.26.24:080][858]LogFbx:Warning: 	(6) BindPose - Mismatched Matrices : The relative matrix of the following link(s) do not match the one stored in the BindPose definition. ()
[2014.07.14-15.26.24:080][858]LogFbx:Warning: 	(7) Reading or writing file. : While reading or writing a file the following notifications have been raised. ()
[2014.07.14-15.26.24:080][858]LogFbx:Warning: 	(8) Embed Media: : The following texture(s) will not be embedded in your scene, as the plug-in cannot locate them: ()
[2014.07.14-15.26.24:081][858]LogFbx:Warning: Not valid bind pose for Pose (skinCluster7) - Node low-polyMesh : Not all the parents are stored in this BindPose
[2014.07.14-15.26.24:081][858]LogFbx:Warning: Not valid bind pose for Pose (skinCluster7) - Node eyebrow001Mesh : Not all the parents are stored in this BindPose
[2014.07.14-15.26.24:081][858]LogFbx:Warning: Not valid bind pose for Pose (skinCluster7) - Node eyelashes01Mesh : Not all the parents are stored in this BindPose
[2014.07.14-15.26.24:082][858]LogFbx:Warning: Not valid bind pose for Pose (skinCluster7) - Node shirt01Mesh : Not all the parents are stored in this BindPose
[2014.07.14-15.26.24:082][858]LogFbx:Warning: Not valid bind pose for Pose (skinCluster7) - Node jeans01Mesh : Not all the parents are stored in this BindPose
[2014.07.14-15.26.24:083][858]LogFbx:Warning: Not valid bind pose for Pose (skinCluster7) - Node shoes02Mesh : Not all the parents are stored in this BindPose
[2014.07.14-15.26.24:083][858]LogFbx:Warning: Not valid bind pose for Pose (skinCluster8) - Node pythonMesh : Not all the parents are stored in this BindPose
[2014.07.14-15.26.24:083][858]LogFbx:Warning: 	(1) BindPose - Invalid BindPose : This object is not a BindPose. ()
[2014.07.14-15.26.24:083][858]LogFbx:Warning: 	(2) BindPose - Invalid Argument : The pRoot pointer is NULL. ()
[2014.07.14-15.26.24:083][858]LogFbx:Warning: 	(3) BindPose - Incomplete BindPose [nodes parents] : The following parent and/or ancestor node(s) is/are not part of the BindPose definition. (group)
[2014.07.14-15.26.24:083][858]LogFbx:Warning: 	(4) BindPose - Incomplete BindPose [link nodes] : The following Link node(s) is/are not part of the BindPose definition. ()
[2014.07.14-15.26.24:083][858]LogFbx:Warning: 	(5) BindPose - Incomplete BindPose [link nodes parents] : The following parent and/or ancestor node of the Link(s) is/are not part of the BindPose definition. ()
[2014.07.14-15.26.24:083][858]LogFbx:Warning: 	(6) BindPose - Mismatched Matrices : The relative matrix of the following link(s) do not match the one stored in the BindPose definition. ()
[2014.07.14-15.26.24:083][858]LogFbx:Warning: 	(7) Reading or writing file. : While reading or writing a file the following notifications have been raised. ()
[2014.07.14-15.26.24:083][858]LogFbx:Warning: 	(8) Embed Media: : The following texture(s) will not be embedded in your scene, as the plug-in cannot locate them: ()
[2014.07.14-15.26.24:083][858]LogFbx:Warning: Not valid bind pose for Pose (skinCluster8) - Node low-polyMesh : Not all the parents are stored in this BindPose
[2014.07.14-15.26.24:083][858]LogFbx:Warning: Not valid bind pose for Pose (skinCluster8) - Node eyebrow001Mesh : Not all the parents are stored in this BindPose
[2014.07.14-15.26.24:083][858]LogFbx:Warning: Not valid bind pose for Pose (skinCluster8) - Node eyelashes01Mesh : Not all the parents are stored in this BindPose
[2014.07.14-15.26.24:083][858]LogFbx:Warning: Not valid bind pose for Pose (skinCluster8) - Node shirt01Mesh : Not all the parents are stored in this BindPose
[2014.07.14-15.26.24:083][858]LogFbx:Warning: Not valid bind pose for Pose (skinCluster8) - Node jeans01Mesh : Not all the parents are stored in this BindPose
[2014.07.14-15.26.24:083][858]LogFbx:Warning: Not valid bind pose for Pose (skinCluster8) - Node shoes02Mesh : Not all the parents are stored in this BindPose
[2014.07.14-15.26.24:131][858]LogFbx:Warning: Bones digested - 69  Depth of hierarchy - 14
[2014.07.14-15.26.24:873][858]LogSkeletalMesh: Chunk 0: 5417 rigid vertices, 3750 soft vertices, 60 active bones
[2014.07.14-15.26.24:873][858]LogSkeletalMesh: Chunk 1: 97 rigid vertices, 3 soft vertices, 3 active bones
[2014.07.14-15.26.24:873][858]LogSkeletalMesh: Chunk 2: 128 rigid vertices, 0 soft vertices, 1 active bones
[2014.07.14-15.26.24:873][858]LogSkeletalMesh: Chunk 3: 254 rigid vertices, 0 soft vertices, 1 active bones
[2014.07.14-15.26.24:873][858]LogSkeletalMesh: Chunk 4: 738 rigid vertices, 1047 soft vertices, 16 active bones
[2014.07.14-15.26.24:873][858]LogSkeletalMesh: Chunk 5: 384 rigid vertices, 575 soft vertices, 8 active bones
[2014.07.14-15.26.24:873][858]LogSkeletalMesh: Chunk 6: 163 rigid vertices, 1261 soft vertices, 8 active bones
[2014.07.14-15.26.24:902][858]LogSkeletalMesh: Section 0: Material=0, Chunk=0, 16570 triangles
[2014.07.14-15.26.24:902][858]LogSkeletalMesh: Section 1: Material=1, Chunk=1, 172 triangles
[2014.07.14-15.26.24:902][858]LogSkeletalMesh: Section 2: Material=2, Chunk=2, 192 triangles
[2014.07.14-15.26.24:902][858]LogSkeletalMesh: Section 3: Material=3, Chunk=3, 368 triangles
[2014.07.14-15.26.24:902][858]LogSkeletalMesh: Section 4: Material=4, Chunk=4, 3087 triangles
[2014.07.14-15.26.24:902][858]LogSkeletalMesh: Section 5: Material=5, Chunk=5, 1710 triangles
[2014.07.14-15.26.24:902][858]LogSkeletalMesh: Section 6: Material=6, Chunk=6, 2560 triangles
[2014.07.14-15.26.24:905][858]LogLinker:Warning: Can't find file '/Game/Character/jamal_PhysicsAsset'
[2014.07.14-15.26.24:905][858]LogUObjectGlobals:Warning: Failed to find object 'Object /Game/Character/jamal_PhysicsAsset.jamal_PhysicsAsset'
[2014.07.14-15.26.24:931][858]LogContentBrowser:Verbose: The content browser source was changed by the sources view to 'None'
[2014.07.14-15.26.24:931][858]LogContentBrowser:Verbose: The content browser source was changed by the sources view to '/Game/Character'
[2014.07.14-15.26.27:595][966]LogActorComponent: UnregisterComponent: (/Engine/Transient.CharacterMovementComponent_0) Not registered. Aborting.
[2014.07.14-15.26.27:684][966]Cmd: OBJ SAVEPACKAGE PACKAGE="/Game/Character/jamal" FILE="D:/UDK4 Projects/Waagenbau/Content/Character/jamal.uasset" SILENT=true
[2014.07.14-15.26.28:018][966]LogSavePackage: Save=331.294312ms
[2014.07.14-15.26.28:018][966]LogSavePackage: Moving 'D:/UDK4 Projects/Waagenbau/Saved/jamal106602EE477AD70A55BFF5A99574E24D.tmp' to 'D:/UDK4 Projects/Waagenbau/Content/Character/jamal.uasset'
[2014.07.14-15.26.28:023][966]Cmd: OBJ SAVEPACKAGE PACKAGE="/Game/Character/jamal_PhysicsAsset" FILE="D:/UDK4 Projects/Waagenbau/Content/Character/jamal_PhysicsAsset.uasset" SILENT=true
[2014.07.14-15.26.28:032][966]LogSavePackage: Save=8.449389ms
[2014.07.14-15.26.28:032][966]LogSavePackage: Moving 'D:/UDK4 Projects/Waagenbau/Saved/jamal_PhysicsAsset3D6A45234C3769FEA7CC818673285779.tmp' to 'D:/UDK4 Projects/Waagenbau/Content/Character/jamal_PhysicsAsset.uasset'
[2014.07.14-15.26.39:473][716]LogContentBrowser:Verbose: The majority of assets in the view are of type: AnimSequence
[2014.07.14-15.26.39:525][716]LogRenderer:Warning: Reallocating scene render targets to support 1120x896.
[2014.07.14-15.26.53:875][233]LogMaterial:Warning: Material /Game/Materials/bank_Mat.bank_Mat needed to have new flag set bUsedWithSkeletalMesh !
[2014.07.14-15.26.53:878][233]LogMaterial: Missing cached shader map for material bank_Mat, compiling.
[2014.07.14-15.26.53:922][233]LogMaterial: 0.000160 seconds spent updating 1 materials, 1 interfaces, 0 instances, 0 with static permutations.
[2014.07.14-15.27.00:356][470]LogContentBrowser:Verbose: The content browser source was changed by the sources view to 'None'
[2014.07.14-15.27.00:356][470]LogContentBrowser:Verbose: The content browser source was changed by the sources view to '/Game/Materials/Cloth'
[2014.07.14-15.27.23:574][191]LogContentBrowser:Verbose: The content browser source was changed by the sources view to '/Game/Materials/Cloth'
[2014.07.14-15.27.23:574][191]LogContentBrowser:Verbose: The content browser source was changed by the sources view to 'None'
[2014.07.14-15.27.23:574][191]LogContentBrowser:Verbose: The content browser source was changed by the sources view to '/Game/Materials/Char'
[2014.07.14-15.27.28:424][305]LogContentBrowser:Verbose: The content browser source was changed by the sources view to 'None'
[2014.07.14-15.27.28:424][305]LogContentBrowser:Verbose: The content browser source was changed by the sources view to '/Game/Materials/Char'
[2014.07.14-15.27.38:291][586]LogContentBrowser:Verbose: The content browser source was changed by the sources view to 'None'
[2014.07.14-15.27.38:291][586]LogContentBrowser:Verbose: The content browser source was changed by the sources view to '/Game/Materials/Cloth'
[2014.07.14-15.27.41:168][671]LogContentBrowser:Verbose: The content browser source was changed by the sources view to 'None'
[2014.07.14-15.27.41:168][671]LogContentBrowser:Verbose: The content browser source was changed by the sources view to '/Game/Materials/Cloth'
[2014.07.14-15.27.44:069][756]LogContentBrowser:Verbose: The content browser source was changed by the sources view to 'None'
[2014.07.14-15.27.44:069][756]LogContentBrowser:Verbose: The content browser source was changed by the sources view to '/Game/Materials/Char'
[2014.07.14-15.27.49:086][900]LogContentBrowser:Verbose: The content browser source was changed by the sources view to 'None'
[2014.07.14-15.27.49:087][900]LogContentBrowser:Verbose: The content browser source was changed by the sources view to '/Game/Materials/Char'
[2014.07.14-15.28.00:448][234]LogContentBrowser:Verbose: The content browser source was changed by the sources view to 'None'
[2014.07.14-15.28.00:449][234]LogContentBrowser:Verbose: The content browser source was changed by the sources view to '/Game/Materials/Cloth'
[2014.07.14-15.28.14:648][706]LogEditorViewport: Clicking on Actor (context menu): SkeletalMeshActor (spaehling_6)
[2014.07.14-15.28.15:376][776]LogContentBrowser:Verbose: The content browser source was changed by the sources view to 'None'
[2014.07.14-15.28.15:376][776]LogContentBrowser:Verbose: The content browser source was changed by the sources view to '/Game/Character'
[2014.07.14-15.28.18:781][918]LogContentBrowser:Verbose: The majority of assets in the view are of type: AnimSequence
[2014.07.14-15.31.28:781][619]LogContentBrowser:Verbose: The content browser source was changed by the sources view to 'None'
[2014.07.14-15.31.28:782][619]LogContentBrowser:Verbose: The content browser source was changed by the sources view to '/Game/Character'
[2014.07.14-15.31.31:193][756]LogEditorFactories: Performing atomic reimport of [H:/Game Assets/Humans/Generated/Male/Jamal/FBX/jamal.fbx]
[2014.07.14-15.31.31:200][756]LogFbx: Loading FBX Scene from H:/Game Assets/Humans/Generated/Male/Jamal/FBX/jamal.fbx
[2014.07.14-15.31.31:267][756]LogFbx: FBX Scene Loaded Succesfully
[2014.07.14-15.31.31:274][756]LogFbx: Dumping Node [pythonMesh] : Total Deformer Count 1.
[2014.07.14-15.31.31:274][756]LogFbx: 	[Node 1]  (Type Skin).
[2014.07.14-15.31.31:274][756]LogFbx: Dumping Node [low-polyMesh] : Total Deformer Count 1.
[2014.07.14-15.31.31:274][756]LogFbx: 	[Node 1]  (Type Skin).
[2014.07.14-15.31.31:274][756]LogFbx: Dumping Node [eyebrow001Mesh] : Total Deformer Count 1.
[2014.07.14-15.31.31:274][756]LogFbx: 	[Node 1]  (Type Skin).
[2014.07.14-15.31.31:274][756]LogFbx: Dumping Node [eyelashes01Mesh] : Total Deformer Count 1.
[2014.07.14-15.31.31:274][756]LogFbx: 	[Node 1]  (Type Skin).
[2014.07.14-15.31.31:274][756]LogFbx: Dumping Node [shirt01Mesh] : Total Deformer Count 1.
[2014.07.14-15.31.31:274][756]LogFbx: 	[Node 1]  (Type Skin).
[2014.07.14-15.31.31:274][756]LogFbx: Dumping Node [jeans01Mesh] : Total Deformer Count 1.
[2014.07.14-15.31.31:274][756]LogFbx: 	[Node 1]  (Type Skin).
[2014.07.14-15.31.31:274][756]LogFbx: Dumping Node [shoes02Mesh] : Total Deformer Count 1.
[2014.07.14-15.31.31:274][756]LogFbx: 	[Node 1]  (Type Skin).
[2014.07.14-15.31.31:275][756]LogFbx: Dumping Node [pythonMesh] : Total Deformer Count 1.
[2014.07.14-15.31.31:275][756]LogFbx: 	[Node 1]  (Type Skin).
[2014.07.14-15.31.31:275][756]LogFbx: Dumping Node [low-polyMesh] : Total Deformer Count 1.
[2014.07.14-15.31.31:275][756]LogFbx: 	[Node 1]  (Type Skin).
[2014.07.14-15.31.31:275][756]LogFbx: Dumping Node [eyebrow001Mesh] : Total Deformer Count 1.
[2014.07.14-15.31.31:275][756]LogFbx: 	[Node 1]  (Type Skin).
[2014.07.14-15.31.31:275][756]LogFbx: Dumping Node [eyelashes01Mesh] : Total Deformer Count 1.
[2014.07.14-15.31.31:275][756]LogFbx: 	[Node 1]  (Type Skin).
[2014.07.14-15.31.31:275][756]LogFbx: Dumping Node [shirt01Mesh] : Total Deformer Count 1.
[2014.07.14-15.31.31:275][756]LogFbx: 	[Node 1]  (Type Skin).
[2014.07.14-15.31.31:275][756]LogFbx: Dumping Node [jeans01Mesh] : Total Deformer Count 1.
[2014.07.14-15.31.31:275][756]LogFbx: 	[Node 1]  (Type Skin).
[2014.07.14-15.31.31:275][756]LogFbx: Dumping Node [shoes02Mesh] : Total Deformer Count 1.
[2014.07.14-15.31.31:275][756]LogFbx: 	[Node 1]  (Type Skin).
[2014.07.14-15.31.31:275][756]LogFbx: Dumping Node [pythonMesh] : Total Deformer Count 1.
[2014.07.14-15.31.31:275][756]LogFbx: 	[Node 1]  (Type Skin).
[2014.07.14-15.31.31:275][756]LogFbx: Dumping Node [low-polyMesh] : Total Deformer Count 1.
[2014.07.14-15.31.31:275][756]LogFbx: 	[Node 1]  (Type Skin).
[2014.07.14-15.31.31:275][756]LogFbx: Dumping Node [eyebrow001Mesh] : Total Deformer Count 1.
[2014.07.14-15.31.31:275][756]LogFbx: 	[Node 1]  (Type Skin).
[2014.07.14-15.31.31:275][756]LogFbx: Dumping Node [eyelashes01Mesh] : Total Deformer Count 1.
[2014.07.14-15.31.31:275][756]LogFbx: 	[Node 1]  (Type Skin).
[2014.07.14-15.31.31:276][756]LogFbx: Dumping Node [shirt01Mesh] : Total Deformer Count 1.
[2014.07.14-15.31.31:276][756]LogFbx: 	[Node 1]  (Type Skin).
[2014.07.14-15.31.31:276][756]LogFbx: Dumping Node [jeans01Mesh] : Total Deformer Count 1.
[2014.07.14-15.31.31:276][756]LogFbx: 	[Node 1]  (Type Skin).
[2014.07.14-15.31.31:276][756]LogFbx: Dumping Node [shoes02Mesh] : Total Deformer Count 1.
[2014.07.14-15.31.31:276][756]LogFbx: 	[Node 1]  (Type Skin).
[2014.07.14-15.31.31:278][756]LogFbx:Warning: Not valid bind pose for Pose (skinCluster2) - Node pythonMesh : Not all the parents are stored in this BindPose
[2014.07.14-15.31.31:278][756]LogFbx:Warning: 	(1) BindPose - Invalid BindPose : This object is not a BindPose. ()
[2014.07.14-15.31.31:278][756]LogFbx:Warning: 	(2) BindPose - Invalid Argument : The pRoot pointer is NULL. ()
[2014.07.14-15.31.31:278][756]LogFbx:Warning: 	(3) BindPose - Incomplete BindPose [nodes parents] : The following parent and/or ancestor node(s) is/are not part of the BindPose definition. (group)
[2014.07.14-15.31.31:278][756]LogFbx:Warning: 	(4) BindPose - Incomplete BindPose [link nodes] : The following Link node(s) is/are not part of the BindPose definition. ()
[2014.07.14-15.31.31:278][756]LogFbx:Warning: 	(5) BindPose - Incomplete BindPose [link nodes parents] : The following parent and/or ancestor node of the Link(s) is/are not part of the BindPose definition. ()
[2014.07.14-15.31.31:278][756]LogFbx:Warning: 	(6) BindPose - Mismatched Matrices : The relative matrix of the following link(s) do not match the one stored in the BindPose definition. ()
[2014.07.14-15.31.31:278][756]LogFbx:Warning: 	(7) Reading or writing file. : While reading or writing a file the following notifications have been raised. ()
[2014.07.14-15.31.31:278][756]LogFbx:Warning: 	(8) Embed Media: : The following texture(s) will not be embedded in your scene, as the plug-in cannot locate them: ()
[2014.07.14-15.31.31:278][756]LogFbx:Warning: Not valid bind pose for Pose (skinCluster2) - Node low-polyMesh : Not all the parents are stored in this BindPose
[2014.07.14-15.31.31:278][756]LogFbx:Warning: Not valid bind pose for Pose (skinCluster2) - Node eyebrow001Mesh : Not all the parents are stored in this BindPose
[2014.07.14-15.31.31:278][756]LogFbx:Warning: Not valid bind pose for Pose (skinCluster2) - Node eyelashes01Mesh : Not all the parents are stored in this BindPose
[2014.07.14-15.31.31:278][756]LogFbx:Warning: Not valid bind pose for Pose (skinCluster2) - Node shirt01Mesh : Not all the parents are stored in this BindPose
[2014.07.14-15.31.31:278][756]LogFbx:Warning: Not valid bind pose for Pose (skinCluster2) - Node jeans01Mesh : Not all the parents are stored in this BindPose
[2014.07.14-15.31.31:278][756]LogFbx:Warning: Not valid bind pose for Pose (skinCluster2) - Node shoes02Mesh : Not all the parents are stored in this BindPose
[2014.07.14-15.31.31:278][756]LogFbx:Warning: Not valid bind pose for Pose (skinCluster3) - Node pythonMesh : Not all the parents are stored in this BindPose
[2014.07.14-15.31.31:278][756]LogFbx:Warning: 	(1) BindPose - Invalid BindPose : This object is not a BindPose. ()
[2014.07.14-15.31.31:278][756]LogFbx:Warning: 	(2) BindPose - Invalid Argument : The pRoot pointer is NULL. ()
[2014.07.14-15.31.31:278][756]LogFbx:Warning: 	(3) BindPose - Incomplete BindPose [nodes parents] : The following parent and/or ancestor node(s) is/are not part of the BindPose definition. (group)
[2014.07.14-15.31.31:278][756]LogFbx:Warning: 	(4) BindPose - Incomplete BindPose [link nodes] : The following Link node(s) is/are not part of the BindPose definition. ()
[2014.07.14-15.31.31:278][756]LogFbx:Warning: 	(5) BindPose - Incomplete BindPose [link nodes parents] : The following parent and/or ancestor node of the Link(s) is/are not part of the BindPose definition. ()
[2014.07.14-15.31.31:278][756]LogFbx:Warning: 	(6) BindPose - Mismatched Matrices : The relative matrix of the following link(s) do not match the one stored in the BindPose definition. ()
[2014.07.14-15.31.31:278][756]LogFbx:Warning: 	(7) Reading or writing file. : While reading or writing a file the following notifications have been raised. ()
[2014.07.14-15.31.31:278][756]LogFbx:Warning: 	(8) Embed Media: : The following texture(s) will not be embedded in your scene, as the plug-in cannot locate them: ()
[2014.07.14-15.31.31:279][756]LogFbx:Warning: Not valid bind pose for Pose (skinCluster3) - Node low-polyMesh : Not all the parents are stored in this BindPose
[2014.07.14-15.31.31:279][756]LogFbx:Warning: Not valid bind pose for Pose (skinCluster3) - Node eyebrow001Mesh : Not all the parents are stored in this BindPose
[2014.07.14-15.31.31:279][756]LogFbx:Warning: Not valid bind pose for Pose (skinCluster3) - Node eyelashes01Mesh : Not all the parents are stored in this BindPose
[2014.07.14-15.31.31:280][756]LogFbx:Warning: Not valid bind pose for Pose (skinCluster3) - Node shirt01Mesh : Not all the parents are stored in this BindPose
[2014.07.14-15.31.31:280][756]LogFbx:Warning: Not valid bind pose for Pose (skinCluster3) - Node jeans01Mesh : Not all the parents are stored in this BindPose
[2014.07.14-15.31.31:280][756]LogFbx:Warning: Not valid bind pose for Pose (skinCluster3) - Node shoes02Mesh : Not all the parents are stored in this BindPose
[2014.07.14-15.31.31:280][756]LogFbx:Warning: Not valid bind pose for Pose (skinCluster4) - Node pythonMesh : Not all the parents are stored in this BindPose
[2014.07.14-15.31.31:280][756]LogFbx:Warning: 	(1) BindPose - Invalid BindPose : This object is not a BindPose. ()
[2014.07.14-15.31.31:280][756]LogFbx:Warning: 	(2) BindPose - Invalid Argument : The pRoot pointer is NULL. ()
[2014.07.14-15.31.31:280][756]LogFbx:Warning: 	(3) BindPose - Incomplete BindPose [nodes parents] : The following parent and/or ancestor node(s) is/are not part of the BindPose definition. (group)
[2014.07.14-15.31.31:280][756]LogFbx:Warning: 	(4) BindPose - Incomplete BindPose [link nodes] : The following Link node(s) is/are not part of the BindPose definition. ()
[2014.07.14-15.31.31:280][756]LogFbx:Warning: 	(5) BindPose - Incomplete BindPose [link nodes parents] : The following parent and/or ancestor node of the Link(s) is/are not part of the BindPose definition. ()
[2014.07.14-15.31.31:280][756]LogFbx:Warning: 	(6) BindPose - Mismatched Matrices : The relative matrix of the following link(s) do not match the one stored in the BindPose definition. ()
[2014.07.14-15.31.31:280][756]LogFbx:Warning: 	(7) Reading or writing file. : While reading or writing a file the following notifications have been raised. ()
[2014.07.14-15.31.31:280][756]LogFbx:Warning: 	(8) Embed Media: : The following texture(s) will not be embedded in your scene, as the plug-in cannot locate them: ()
[2014.07.14-15.31.31:280][756]LogFbx:Warning: Not valid bind pose for Pose (skinCluster4) - Node low-polyMesh : Not all the parents are stored in this BindPose
[2014.07.14-15.31.31:280][756]LogFbx:Warning: Not valid bind pose for Pose (skinCluster4) - Node eyebrow001Mesh : Not all the parents are stored in this BindPose
[2014.07.14-15.31.31:280][756]LogFbx:Warning: Not valid bind pose for Pose (skinCluster4) - Node eyelashes01Mesh : Not all the parents are stored in this BindPose
[2014.07.14-15.31.31:280][756]LogFbx:Warning: Not valid bind pose for Pose (skinCluster4) - Node shirt01Mesh : Not all the parents are stored in this BindPose
[2014.07.14-15.31.31:280][756]LogFbx:Warning: Not valid bind pose for Pose (skinCluster4) - Node jeans01Mesh : Not all the parents are stored in this BindPose
[2014.07.14-15.31.31:280][756]LogFbx:Warning: Not valid bind pose for Pose (skinCluster4) - Node shoes02Mesh : Not all the parents are stored in this BindPose
[2014.07.14-15.31.31:281][756]LogFbx:Warning: Not valid bind pose for Pose (skinCluster5) - Node pythonMesh : Not all the parents are stored in this BindPose
[2014.07.14-15.31.31:281][756]LogFbx:Warning: 	(1) BindPose - Invalid BindPose : This object is not a BindPose. ()
[2014.07.14-15.31.31:281][756]LogFbx:Warning: 	(2) BindPose - Invalid Argument : The pRoot pointer is NULL. ()
[2014.07.14-15.31.31:281][756]LogFbx:Warning: 	(3) BindPose - Incomplete BindPose [nodes parents] : The following parent and/or ancestor node(s) is/are not part of the BindPose definition. (group)
[2014.07.14-15.31.31:281][756]LogFbx:Warning: 	(4) BindPose - Incomplete BindPose [link nodes] : The following Link node(s) is/are not part of the BindPose definition. ()
[2014.07.14-15.31.31:281][756]LogFbx:Warning: 	(5) BindPose - Incomplete BindPose [link nodes parents] : The following parent and/or ancestor node of the Link(s) is/are not part of the BindPose definition. ()
[2014.07.14-15.31.31:281][756]LogFbx:Warning: 	(6) BindPose - Mismatched Matrices : The relative matrix of the following link(s) do not match the one stored in the BindPose definition. ()
[2014.07.14-15.31.31:281][756]LogFbx:Warning: 	(7) Reading or writing file. : While reading or writing a file the following notifications have been raised. ()
[2014.07.14-15.31.31:281][756]LogFbx:Warning: 	(8) Embed Media: : The following texture(s) will not be embedded in your scene, as the plug-in cannot locate them: ()
[2014.07.14-15.31.31:281][756]LogFbx:Warning: Not valid bind pose for Pose (skinCluster5) - Node low-polyMesh : Not all the parents are stored in this BindPose
[2014.07.14-15.31.31:281][756]LogFbx:Warning: Not valid bind pose for Pose (skinCluster5) - Node eyebrow001Mesh : Not all the parents are stored in this BindPose
[2014.07.14-15.31.31:281][756]LogFbx:Warning: Not valid bind pose for Pose (skinCluster5) - Node eyelashes01Mesh : Not all the parents are stored in this BindPose
[2014.07.14-15.31.31:281][756]LogFbx:Warning: Not valid bind pose for Pose (skinCluster5) - Node shirt01Mesh : Not all the parents are stored in this BindPose
[2014.07.14-15.31.31:281][756]LogFbx:Warning: Not valid bind pose for Pose (skinCluster5) - Node jeans01Mesh : Not all the parents are stored in this BindPose
[2014.07.14-15.31.31:281][756]LogFbx:Warning: Not valid bind pose for Pose (skinCluster5) - Node shoes02Mesh : Not all the parents are stored in this BindPose
[2014.07.14-15.31.31:281][756]LogFbx:Warning: Not valid bind pose for Pose (skinCluster6) - Node pythonMesh : Not all the parents are stored in this BindPose
[2014.07.14-15.31.31:281][756]LogFbx:Warning: 	(1) BindPose - Invalid BindPose : This object is not a BindPose. ()
[2014.07.14-15.31.31:281][756]LogFbx:Warning: 	(2) BindPose - Invalid Argument : The pRoot pointer is NULL. ()
[2014.07.14-15.31.31:281][756]LogFbx:Warning: 	(3) BindPose - Incomplete BindPose [nodes parents] : The following parent and/or ancestor node(s) is/are not part of the BindPose definition. (group)
[2014.07.14-15.31.31:281][756]LogFbx:Warning: 	(4) BindPose - Incomplete BindPose [link nodes] : The following Link node(s) is/are not part of the BindPose definition. ()
[2014.07.14-15.31.31:281][756]LogFbx:Warning: 	(5) BindPose - Incomplete BindPose [link nodes parents] : The following parent and/or ancestor node of the Link(s) is/are not part of the BindPose definition. ()
[2014.07.14-15.31.31:281][756]LogFbx:Warning: 	(6) BindPose - Mismatched Matrices : The relative matrix of the following link(s) do not match the one stored in the BindPose definition. ()
[2014.07.14-15.31.31:281][756]LogFbx:Warning: 	(7) Reading or writing file. : While reading or writing a file the following notifications have been raised. ()
[2014.07.14-15.31.31:281][756]LogFbx:Warning: 	(8) Embed Media: : The following texture(s) will not be embedded in your scene, as the plug-in cannot locate them: ()
[2014.07.14-15.31.31:281][756]LogFbx:Warning: Not valid bind pose for Pose (skinCluster6) - Node low-polyMesh : Not all the parents are stored in this BindPose
[2014.07.14-15.31.31:281][756]LogFbx:Warning: Not valid bind pose for Pose (skinCluster6) - Node eyebrow001Mesh : Not all the parents are stored in this BindPose
[2014.07.14-15.31.31:281][756]LogFbx:Warning: Not valid bind pose for Pose (skinCluster6) - Node eyelashes01Mesh : Not all the parents are stored in this BindPose
[2014.07.14-15.31.31:281][756]LogFbx:Warning: Not valid bind pose for Pose (skinCluster6) - Node shirt01Mesh : Not all the parents are stored in this BindPose
[2014.07.14-15.31.31:281][756]LogFbx:Warning: Not valid bind pose for Pose (skinCluster6) - Node jeans01Mesh : Not all the parents are stored in this BindPose
[2014.07.14-15.31.31:281][756]LogFbx:Warning: Not valid bind pose for Pose (skinCluster6) - Node shoes02Mesh : Not all the parents are stored in this BindPose
[2014.07.14-15.31.31:282][756]LogFbx:Warning: Not valid bind pose for Pose (skinCluster7) - Node pythonMesh : Not all the parents are stored in this BindPose
[2014.07.14-15.31.31:282][756]LogFbx:Warning: 	(1) BindPose - Invalid BindPose : This object is not a BindPose. ()
[2014.07.14-15.31.31:282][756]LogFbx:Warning: 	(2) BindPose - Invalid Argument : The pRoot pointer is NULL. ()
[2014.07.14-15.31.31:282][756]LogFbx:Warning: 	(3) BindPose - Incomplete BindPose [nodes parents] : The following parent and/or ancestor node(s) is/are not part of the BindPose definition. (group)
[2014.07.14-15.31.31:282][756]LogFbx:Warning: 	(4) BindPose - Incomplete BindPose [link nodes] : The following Link node(s) is/are not part of the BindPose definition. ()
[2014.07.14-15.31.31:282][756]LogFbx:Warning: 	(5) BindPose - Incomplete BindPose [link nodes parents] : The following parent and/or ancestor node of the Link(s) is/are not part of the BindPose definition. ()
[2014.07.14-15.31.31:282][756]LogFbx:Warning: 	(6) BindPose - Mismatched Matrices : The relative matrix of the following link(s) do not match the one stored in the BindPose definition. ()
[2014.07.14-15.31.31:282][756]LogFbx:Warning: 	(7) Reading or writing file. : While reading or writing a file the following notifications have been raised. ()
[2014.07.14-15.31.31:282][756]LogFbx:Warning: 	(8) Embed Media: : The following texture(s) will not be embedded in your scene, as the plug-in cannot locate them: ()
[2014.07.14-15.31.31:282][756]LogFbx:Warning: Not valid bind pose for Pose (skinCluster7) - Node low-polyMesh : Not all the parents are stored in this BindPose
[2014.07.14-15.31.31:283][756]LogFbx:Warning: Not valid bind pose for Pose (skinCluster7) - Node eyebrow001Mesh : Not all the parents are stored in this BindPose
[2014.07.14-15.31.31:283][756]LogFbx:Warning: Not valid bind pose for Pose (skinCluster7) - Node eyelashes01Mesh : Not all the parents are stored in this BindPose
[2014.07.14-15.31.31:283][756]LogFbx:Warning: Not valid bind pose for Pose (skinCluster7) - Node shirt01Mesh : Not all the parents are stored in this BindPose
[2014.07.14-15.31.31:284][756]LogFbx:Warning: Not valid bind pose for Pose (skinCluster7) - Node jeans01Mesh : Not all the parents are stored in this BindPose
[2014.07.14-15.31.31:284][756]LogFbx:Warning: Not valid bind pose for Pose (skinCluster7) - Node shoes02Mesh : Not all the parents are stored in this BindPose
[2014.07.14-15.31.31:284][756]LogFbx:Warning: Not valid bind pose for Pose (skinCluster8) - Node pythonMesh : Not all the parents are stored in this BindPose
[2014.07.14-15.31.31:284][756]LogFbx:Warning: 	(1) BindPose - Invalid BindPose : This object is not a BindPose. ()
[2014.07.14-15.31.31:284][756]LogFbx:Warning: 	(2) BindPose - Invalid Argument : The pRoot pointer is NULL. ()
[2014.07.14-15.31.31:284][756]LogFbx:Warning: 	(3) BindPose - Incomplete BindPose [nodes parents] : The following parent and/or ancestor node(s) is/are not part of the BindPose definition. (group)
[2014.07.14-15.31.31:284][756]LogFbx:Warning: 	(4) BindPose - Incomplete BindPose [link nodes] : The following Link node(s) is/are not part of the BindPose definition. ()
[2014.07.14-15.31.31:284][756]LogFbx:Warning: 	(5) BindPose - Incomplete BindPose [link nodes parents] : The following parent and/or ancestor node of the Link(s) is/are not part of the BindPose definition. ()
[2014.07.14-15.31.31:284][756]LogFbx:Warning: 	(6) BindPose - Mismatched Matrices : The relative matrix of the following link(s) do not match the one stored in the BindPose definition. ()
[2014.07.14-15.31.31:284][756]LogFbx:Warning: 	(7) Reading or writing file. : While reading or writing a file the following notifications have been raised. ()
[2014.07.14-15.31.31:284][756]LogFbx:Warning: 	(8) Embed Media: : The following texture(s) will not be embedded in your scene, as the plug-in cannot locate them: ()
[2014.07.14-15.31.31:285][756]LogFbx:Warning: Not valid bind pose for Pose (skinCluster8) - Node low-polyMesh : Not all the parents are stored in this BindPose
[2014.07.14-15.31.31:285][756]LogFbx:Warning: Not valid bind pose for Pose (skinCluster8) - Node eyebrow001Mesh : Not all the parents are stored in this BindPose
[2014.07.14-15.31.31:285][756]LogFbx:Warning: Not valid bind pose for Pose (skinCluster8) - Node eyelashes01Mesh : Not all the parents are stored in this BindPose
[2014.07.14-15.31.31:285][756]LogFbx:Warning: Not valid bind pose for Pose (skinCluster8) - Node shirt01Mesh : Not all the parents are stored in this BindPose
[2014.07.14-15.31.31:285][756]LogFbx:Warning: Not valid bind pose for Pose (skinCluster8) - Node jeans01Mesh : Not all the parents are stored in this BindPose
[2014.07.14-15.31.31:285][756]LogFbx:Warning: Not valid bind pose for Pose (skinCluster8) - Node shoes02Mesh : Not all the parents are stored in this BindPose
[2014.07.14-15.31.31:336][756]LogFbx:Warning: Bones digested - 69  Depth of hierarchy - 14
[2014.07.14-15.31.32:161][756]LogSkeletalMesh: Chunk 0: 5417 rigid vertices, 3750 soft vertices, 60 active bones
[2014.07.14-15.31.32:162][756]LogSkeletalMesh: Chunk 1: 97 rigid vertices, 3 soft vertices, 3 active bones
[2014.07.14-15.31.32:162][756]LogSkeletalMesh: Chunk 2: 128 rigid vertices, 0 soft vertices, 1 active bones
[2014.07.14-15.31.32:162][756]LogSkeletalMesh: Chunk 3: 254 rigid vertices, 0 soft vertices, 1 active bones
[2014.07.14-15.31.32:162][756]LogSkeletalMesh: Chunk 4: 738 rigid vertices, 1047 soft vertices, 16 active bones
[2014.07.14-15.31.32:162][756]LogSkeletalMesh: Chunk 5: 384 rigid vertices, 575 soft vertices, 8 active bones
[2014.07.14-15.31.32:163][756]LogSkeletalMesh: Chunk 6: 163 rigid vertices, 1261 soft vertices, 8 active bones
[2014.07.14-15.31.32:194][756]LogSkeletalMesh: Section 0: Material=0, Chunk=0, 16570 triangles
[2014.07.14-15.31.32:194][756]LogSkeletalMesh: Section 1: Material=1, Chunk=1, 172 triangles
[2014.07.14-15.31.32:194][756]LogSkeletalMesh: Section 2: Material=2, Chunk=2, 192 triangles
[2014.07.14-15.31.32:194][756]LogSkeletalMesh: Section 3: Material=3, Chunk=3, 368 triangles
[2014.07.14-15.31.32:194][756]LogSkeletalMesh: Section 4: Material=4, Chunk=4, 3087 triangles
[2014.07.14-15.31.32:194][756]LogSkeletalMesh: Section 5: Material=5, Chunk=5, 1710 triangles
[2014.07.14-15.31.32:194][756]LogSkeletalMesh: Section 6: Material=6, Chunk=6, 2560 triangles
[2014.07.14-15.31.32:198][756]LogEditorFactories: -- imported successfully
[2014.07.14-15.31.38:336][ 45]LogParticles: Destroying 0 GPU particle simulations for FXSystem 0x0000000015666E80
[2014.07.14-15.31.40:778][ 45]LogObjectTools:Warning: ForceReplaceReferences replaced references for a transient object 'TransBuffer_0' or package '/Engine/Transient'.
[2014.07.14-15.31.40:778][ 45]LogObjectTools:Warning: ForceReplaceReferences replaced references for a transient object 'DebugSkelMeshComponent_1' or package '/Engine/Transient'.
[2014.07.14-15.31.41:724][ 45]LogParticles: Destroying 0 GPU particle simulations for FXSystem 0x000000001E9311C0
[2014.07.14-15.31.44:077][154]LogContentBrowser:Verbose: The content browser source was changed by the sources view to '/Game'
[2014.07.14-15.31.52:502][586]Cmd: OBJ SAVEPACKAGE PACKAGE="/Game/Materials/bank_Mat" FILE="D:/UDK4 Projects/Waagenbau/Content/Materials/bank_Mat.uasset" SILENT=true
[2014.07.14-15.31.52:721][586]LogSavePackage: Save=212.753098ms
[2014.07.14-15.31.52:721][586]LogSavePackage: Moving 'D:/UDK4 Projects/Waagenbau/Saved/bank_MatA8B16ACC42B37158B80B75A1D11E15B2.tmp' to 'D:/UDK4 Projects/Waagenbau/Content/Materials/bank_Mat.uasset'
[2014.07.14-15.31.55:022][717]MapCheck: New page: Map Check
[2014.07.14-15.31.55:048][717]Cmd: MAP REBUILD ALLVISIBLE
[2014.07.14-15.31.55:048][717]LogEditorServer: Rebuildmap Clear paths rebuilt
[2014.07.14-15.31.55:059][717]LogInstancedFoliage: Map Rebuilt - Update all BSP painted foliage!
[2014.07.14-15.31.55:149][717]LogArray:Warning: Attempted to get an item from array Sounds out of bounds [0/0]!
[2014.07.14-15.31.55:156][717]LogBlueprintUserMessages:Warning: SetTimer passed a bad function () or object (DiscoLight_1_C_0)
[2014.07.14-15.31.55:157][717]LogBlueprintUserMessages:Warning: SetTimer passed a bad function () or object (DiscoLight_1_C_1)
[2014.07.14-15.31.55:158][717]LogBlueprintUserMessages:Warning: SetTimer passed a bad function () or object (DiscoLight_1_C_2)
[2014.07.14-15.31.55:159][717]LogBlueprintUserMessages:Warning: SetTimer passed a bad function () or object (DiscoLight_1_C_3)
[2014.07.14-15.31.55:160][717]LogBlueprintUserMessages:Warning: SetTimer passed a bad function () or object (DiscoLight_1_C_4)
[2014.07.14-15.31.55:161][717]LogBlueprintUserMessages:Warning: SetTimer passed a bad function () or object (DiscoLight_1_C_5)
[2014.07.14-15.31.55:162][717]LogBlueprintUserMessages:Warning: SetTimer passed a bad function () or object (DiscoLight_1_C_6)
[2014.07.14-15.31.55:163][717]LogBlueprintUserMessages:Warning: SetTimer passed a bad function () or object (DiscoLight_1_C_7)
[2014.07.14-15.31.55:164][717]LogBlueprintUserMessages:Warning: SetTimer passed a bad function () or object (DiscoLight_1_C_8)
[2014.07.14-15.31.55:165][717]LogBlueprintUserMessages:Warning: SetTimer passed a bad function () or object (DiscoLight_1_C_9)
[2014.07.14-15.31.55:166][717]LogBlueprintUserMessages:Warning: SetTimer passed a bad function () or object (DiscoLight_1_C_10)
[2014.07.14-15.31.55:167][717]LogBlueprintUserMessages:Warning: SetTimer passed a bad function () or object (DiscoLight_1_C_11)
[2014.07.14-15.31.55:168][717]LogBlueprintUserMessages:Warning: SetTimer passed a bad function () or object (DiscoLight_1_C_12)
[2014.07.14-15.31.55:169][717]LogBlueprintUserMessages:Warning: SetTimer passed a bad function () or object (DiscoLight_1_C_13)
[2014.07.14-15.31.55:170][717]LogBlueprintUserMessages:Warning: SetTimer passed a bad function () or object (DiscoLight_1_C_14)
[2014.07.14-15.31.55:171][717]LogBlueprintUserMessages:Warning: SetTimer passed a bad function () or object (DiscoLight_1_C_15)
[2014.07.14-15.31.55:172][717]LogBlueprintUserMessages:Warning: SetTimer passed a bad function () or object (DiscoLight_1_C_16)
[2014.07.14-15.31.55:173][717]LogBlueprintUserMessages:Warning: SetTimer passed a bad function () or object (DiscoLight_1_C_17)
[2014.07.14-15.31.55:174][717]LogBlueprintUserMessages:Warning: SetTimer passed a bad function () or object (DiscoLight_1_C_18)
[2014.07.14-15.31.55:175][717]LogBlueprintUserMessages:Warning: SetTimer passed a bad function () or object (DiscoLight_1_C_20)
[2014.07.14-15.31.55:176][717]LogBlueprintUserMessages:Warning: SetTimer passed a bad function () or object (DiscoLight_1_C_21)
[2014.07.14-15.31.55:177][717]LogBlueprintUserMessages:Warning: SetTimer passed a bad function () or object (DiscoLight_1_C_22)
[2014.07.14-15.31.55:178][717]LogBlueprintUserMessages:Warning: SetTimer passed a bad function () or object (DiscoLight_1_C_23)
[2014.07.14-15.31.55:306][717]LightingResults: New page: Lighting Build - Jul 14, 2014, 7:31:55 PM
[2014.07.14-15.31.59:602][717]LogStaticLightingSystem: Running Lightmass w/ ImmediateImport mode ENABLED
[2014.07.14-15.31.59:603][717]LogStaticLightingSystem: Running Lightmass w/ ImmediateProcess mode ENABLED
[2014.07.14-15.31.59:603][717]LogStaticLightingSystem: Running Lightmass w/ Sorting mode ENABLED
[2014.07.14-15.31.59:603][717]LogStaticLightingSystem: Running Lightmass w/ Mapping paddings ENABLED
[2014.07.14-15.31.59:603][717]LogStaticLightingSystem: Running Lightmass w/ Mapping debug paddings DISABLED
[2014.07.14-15.31.59:693][717]LogEditorBuildUtils: Build time 0:00:04
[2014.07.14-15.32.17:195][360]Job is a success!
[2014.07.14-15.32.17:815][361]LogTexture:Display: Building textures: HQ_Lightmap0_1 (AutoDXT)
[2014.07.14-15.32.18:327][361]LogTexture:Display: Building textures: LQ_Lightmap_0_2 (DXT1)
[2014.07.14-15.32.18:403][361]LogTexture:Display: Building textures: HQ_Lightmap0_2 (AutoDXT)
[2014.07.14-15.32.18:496][361]LogTexture:Display: Building textures: LQ_Lightmap_0_1 (DXT1)
[2014.07.14-15.32.18:996][361]LogTexture:Display: Building textures: ShadowMapTexture2D_2 (BGRA8)
[2014.07.14-15.32.19:020][361]LogTexture:Display: Building textures: ShadowMapTexture2D_3 (BGRA8)
[2014.07.14-15.32.19:067][361]Lightmass on SPAEHLING-PC: 16.6 sec total, 590 ms importing, 529 ms setup, 677 ms photons, 14.7 sec processing, 0 ms extra exporting [422/422 mappings]. Threads: 3:11 min total, 2:31 min processing.
[2014.07.14-15.32.19:190][361]LogStaticLightingSystem:Warning: Illumination: 23.8 sec (1.46 sec encoding lightmaps)
[2014.07.14-15.32.19:190][361]LogStaticLightingSystem: Lightmap texture memory:  1.7 MB (1.7 MB streaming, 0.0 MB non-streaming), 4 textures
[2014.07.14-15.32.19:190][361]LogStaticLightingSystem: Shadowmap texture memory: 0.0 MB (0.0 MB streaming, 0.0 MB non-streaming), 2 textures
[2014.07.14-15.32.19:583][362]Cmd: MAP CHECK NOTIFYRESULTS
[2014.07.14-15.32.19:583][362]MapCheck: New page: waagenbau - Jul 14, 2014, 7:32:19 PM
[2014.07.14-15.32.19:597][362]MapCheck:Warning: Performance Warning jamal_2 SkeletalMeshActor 'No_SkeletalMesh' casts shadow but has no PhysicsAsset assigned.  The shadow will be low res and inefficient 
[2014.07.14-15.32.19:597][362]MapCheck:Warning: Warning jamal_2 jamal_2 : Skeletal mesh actor has NULL SkeletalMesh property 
[2014.07.14-15.32.19:597][362]MapCheck:Warning: Performance Warning jamal_7 SkeletalMeshActor 'No_SkeletalMesh' casts shadow but has no PhysicsAsset assigned.  The shadow will be low res and inefficient 
[2014.07.14-15.32.19:598][362]MapCheck:Warning: Warning jamal_7 jamal_7 : Skeletal mesh actor has NULL SkeletalMesh property 
[2014.07.14-15.32.19:603][362]MapCheck:Warning: Warning sm_bank_hard_11 More overriden materials (3) on static mesh component than are referenced (2) in source mesh 'sm_bank_hard' 
[2014.07.14-15.32.19:603][362]MapCheck:Warning: Warning sm_bank_hard_4 More overriden materials (3) on static mesh component than are referenced (2) in source mesh 'sm_bank_hard' 
[2014.07.14-15.32.19:603][362]MapCheck:Warning: Warning sm_bank_hard_5 More overriden materials (3) on static mesh component than are referenced (2) in source mesh 'sm_bank_hard' 
[2014.07.14-15.32.19:687][362]MapCheck: Info ========== Map Check: 0 Error(s), 7 Warning(s), [103.491ms] ==========
[2014.07.14-15.32.33:509][ 40]LogSavePackage: Save=557.159790ms
[2014.07.14-15.32.33:509][ 40]LogSavePackage: Moving 'D:/UDK4 Projects/Waagenbau/Saved/waagenbauDE38ACB6407E01DB556281820ED32853.tmp' to 'D:/UDK4 Projects/Waagenbau/Content/Maps/waagenbau.umap'
[2014.07.14-15.32.33:561][ 40]LogFileHelpers: Saving map 'waagenbau' took 0.720
[2014.07.14-15.32.34:248][ 65]Cmd: QUIT_EDITOR
[2014.07.14-15.32.34:304][ 65]LogWindowsTextInputMethodSystem:Error: Terminating failed while unadvising the language notification sink from the TSF source.
[2014.07.14-15.32.34:306][ 65]LogExit: Preparing to exit.
[2014.07.14-15.32.34:582][ 65]LogActorComponent: UnregisterComponent: (None.None) Not registered. Aborting.
[2014.07.14-15.32.34:582][ 65]LogActorComponent: UnregisterComponent: (None.None) Not registered. Aborting.
[2014.07.14-15.32.34:582][ 65]LogActorComponent: UnregisterComponent: (None.None) Not registered. Aborting.
[2014.07.14-15.32.34:582][ 65]LogActorComponent: UnregisterComponent: (None.None) Not registered. Aborting.
[2014.07.14-15.32.34:582][ 65]LogActorComponent: UnregisterComponent: (None.None) Not registered. Aborting.
[2014.07.14-15.32.34:582][ 65]LogActorComponent: UnregisterComponent: (None.None) Not registered. Aborting.
[2014.07.14-15.32.34:592][ 65]LogExit: Editor shut down
[2014.07.14-15.32.34:592][ 65]LogExit: Transaction tracking system shut down
[2014.07.14-15.32.34:595][ 65]LogParticles: Destroying 0 GPU particle simulations for FXSystem 0x000000001B9DD260
[2014.07.14-15.32.34:595][ 65]LogParticles: Destroying 0 GPU particle simulations for FXSystem 0x000000000C172AC0
[2014.07.14-15.32.34:596][ 65]LogParticles: Destroying 0 GPU particle simulations for FXSystem 0x0000000021DF0A40
[2014.07.14-15.32.34:596][ 65]LogParticles: Destroying 0 GPU particle simulations for FXSystem 0x00000000256FE980
[2014.07.14-15.32.34:596][ 65]LogParticles: Destroying 0 GPU particle simulations for FXSystem 0x00000000256FEA20
[2014.07.14-15.32.34:625][ 65]LogParticles: Destroying 0 GPU particle simulations for FXSystem 0x00000000107BD760
[2014.07.14-15.32.34:625][ 65]LogExit: Object subsystem successfully closed.
[2014.07.14-15.32.34:650][ 65]LogModuleManager: Shutting down and abandoning module AndroidDeviceDetection (165)
[2014.07.14-15.32.34:650][ 65]LogModuleManager: Shutting down and abandoning module EditorWidgets (164)
[2014.07.14-15.32.34:650][ 65]LogModuleManager: Shutting down and abandoning module CollectionManager (163)
[2014.07.14-15.32.34:650][ 65]LogModuleManager: Shutting down and abandoning module CrashTracker (162)
[2014.07.14-15.32.34:650][ 65]LogModuleManager: Shutting down and abandoning module HTTP (161)
[2014.07.14-15.32.34:650][ 65]LogModuleManager: Shutting down and abandoning module NewsFeed (160)
[2014.07.14-15.32.34:650][ 65]LogModuleManager: Shutting down and abandoning module SceneOutliner (159)
[2014.07.14-15.32.34:650][ 65]LogModuleManager: Shutting down and abandoning module StatsViewer (158)
[2014.07.14-15.32.34:650][ 65]LogModuleManager: Shutting down and abandoning module FoliageEdit (157)
[2014.07.14-15.32.34:650][ 65]LogModuleManager: Shutting down and abandoning module LandscapeEditor (156)
[2014.07.14-15.32.34:655][ 65]LogModuleManager: Shutting down and abandoning module MeshPaint (155)
[2014.07.14-15.32.34:655][ 65]LogModuleManager: Shutting down and abandoning module ActorPickerMode (154)
[2014.07.14-15.32.34:655][ 65]LogModuleManager: Shutting down and abandoning module GeometryMode (153)
[2014.07.14-15.32.34:655][ 65]LogModuleManager: Shutting down and abandoning module TextureAlignMode (152)
[2014.07.14-15.32.34:655][ 65]LogModuleManager: Shutting down and abandoning module BspMode (151)
[2014.07.14-15.32.34:655][ 65]LogModuleManager: Shutting down and abandoning module PlacementMode (150)
[2014.07.14-15.32.34:655][ 65]LogModuleManager: Shutting down and abandoning module AutomationWorker (149)
[2014.07.14-15.32.34:655][ 65]LogModuleManager: Shutting down and abandoning module ViewportSnapping (148)
[2014.07.14-15.32.34:655][ 65]LogModuleManager: Shutting down and abandoning module DeviceProfileEditor (147)
[2014.07.14-15.32.34:655][ 65]LogModuleManager: Shutting down and abandoning module UndoHistory (146)
[2014.07.14-15.32.34:655][ 65]LogModuleManager: Shutting down and abandoning module GameplayTagsEditor (145)
[2014.07.14-15.32.34:655][ 65]LogModuleManager: Shutting down and abandoning module UserFeedback (144)
[2014.07.14-15.32.34:655][ 65]LogModuleManager: Shutting down and abandoning module XmlParser (143)
[2014.07.14-15.32.34:655][ 65]LogModuleManager: Shutting down and abandoning module Blutility (142)
[2014.07.14-15.32.34:655][ 65]LogModuleManager: Shutting down and abandoning module AndroidPlatformEditor (139)
[2014.07.14-15.32.34:655][ 65]LogModuleManager: Shutting down and abandoning module AndroidRuntimeSettings (138)
[2014.07.14-15.32.34:655][ 65]LogModuleManager: Shutting down and abandoning module ProjectSettingsViewer (137)
[2014.07.14-15.32.34:655][ 65]LogModuleManager: Shutting down and abandoning module InputBindingEditor (136)
[2014.07.14-15.32.34:655][ 65]LogModuleManager: Shutting down and abandoning module EditorSettingsViewer (135)
[2014.07.14-15.32.34:656][ 65]LogModuleManager: Shutting down and abandoning module SettingsEditor (134)
[2014.07.14-15.32.34:656][ 65]LogModuleManager: Shutting down and abandoning module SessionLauncher (133)
[2014.07.14-15.32.34:656][ 65]LogModuleManager: Shutting down and abandoning module SessionFrontend (132)
[2014.07.14-15.32.34:656][ 65]LogModuleManager: Shutting down and abandoning module ProfilerClient (131)
[2014.07.14-15.32.34:656][ 65]LogModuleManager: Shutting down and abandoning module TargetDeviceServices (130)
[2014.07.14-15.32.34:656][ 65]LogModuleManager: Shutting down and abandoning module DeviceManager (129)
[2014.07.14-15.32.34:656][ 65]LogModuleManager: Shutting down and abandoning module AutomationController (128)
[2014.07.14-15.32.34:656][ 65]LogModuleManager: Shutting down and abandoning module AutomationWindow (127)
[2014.07.14-15.32.34:656][ 65]LogModuleManager: Shutting down and abandoning module Layers (126)
[2014.07.14-15.32.34:656][ 65]LogModuleManager: Shutting down and abandoning module ComponentVisualizers (125)
[2014.07.14-15.32.34:656][ 65]LogModuleManager: Shutting down and abandoning module DetailCustomizations (124)
[2014.07.14-15.32.34:656][ 65]LogModuleManager: Shutting down and abandoning module PackagesDialog (123)
[2014.07.14-15.32.34:656][ 65]LogModuleManager: Shutting down and abandoning module DirectoryWatcher (122)
[2014.07.14-15.32.34:656][ 65]LogModuleManager: Shutting down and abandoning module AssetRegistry (121)
[2014.07.14-15.32.34:677][ 65]LogModuleManager: Shutting down and abandoning module Persona (120)
[2014.07.14-15.32.34:677][ 65]LogModuleManager: Shutting down and abandoning module GraphEditor (119)
[2014.07.14-15.32.34:677][ 65]LogModuleManager: Shutting down and abandoning module ContentBrowser (118)
[2014.07.14-15.32.34:677][ 65]LogModuleManager: Shutting down and abandoning module ClassViewer (117)
[2014.07.14-15.32.34:677][ 65]LogModuleManager: Shutting down and abandoning module Toolbox (116)
[2014.07.14-15.32.34:677][ 65]LogModuleManager: Shutting down and abandoning module ModuleUI (115)
[2014.07.14-15.32.34:677][ 65]LogModuleManager: Shutting down and abandoning module Sequencer (114)
[2014.07.14-15.32.34:677][ 65]LogModuleManager: Shutting down and abandoning module MovieSceneTools (113)
[2014.07.14-15.32.34:677][ 65]LogModuleManager: Shutting down and abandoning module OutputLog (112)
[2014.07.14-15.32.34:677][ 65]LogModuleManager: Shutting down and abandoning module GammaUI (111)
[2014.07.14-15.32.34:677][ 65]LogModuleManager: Shutting down and abandoning module Documentation (110)
[2014.07.14-15.32.34:677][ 65]LogModuleManager: Shutting down and abandoning module DesktopPlatform (109)
[2014.07.14-15.32.34:677][ 65]LogModuleManager: Shutting down and abandoning module StreamingPauseRendering (108)
[2014.07.14-15.32.34:678][ 65]LogModuleManager: Shutting down and abandoning module AnalyticsET (107)
[2014.07.14-15.32.34:678][ 65]LogModuleManager: Shutting down and abandoning module Analytics (106)
[2014.07.14-15.32.34:678][ 65]LogModuleManager: Shutting down and abandoning module ProfilerService (105)
[2014.07.14-15.32.34:811][ 65]LogModuleManager: Shutting down and abandoning module TaskGraph (104)
[2014.07.14-15.32.34:811][ 65]LogModuleManager: Shutting down and abandoning module GameProjectGeneration (103)
[2014.07.14-15.32.34:811][ 65]LogModuleManager: Shutting down and abandoning module Matinee (102)
[2014.07.14-15.32.34:811][ 65]LogModuleManager: Shutting down and abandoning module Kismet (101)
[2014.07.14-15.32.34:811][ 65]LogModuleManager: Shutting down and abandoning module SlateReflector (100)
[2014.07.14-15.32.34:811][ 65]LogModuleManager: Shutting down and abandoning module LevelEditor (99)
[2014.07.14-15.32.34:813][ 65]LogModuleManager: Shutting down and abandoning module MainFrame (98)
[2014.07.14-15.32.34:813][ 65]LogModuleManager: Shutting down and abandoning module SourceControl (97)
[2014.07.14-15.32.34:813][ 65]LogModuleManager: Shutting down and abandoning module ImageWrapper (96)
[2014.07.14-15.32.34:813][ 65]LogModuleManager: Shutting down and abandoning module OnlineBlueprintSupport (95)
[2014.07.14-15.32.34:813][ 65]LogModuleManager: Shutting down and abandoning module PropertyEditor (94)
[2014.07.14-15.32.34:813][ 65]LogModuleManager: Shutting down and abandoning module AssetTools (93)
[2014.07.14-15.32.34:813][ 65]LogModuleManager: Shutting down and abandoning module BehaviorTreeEditor (92)
[2014.07.14-15.32.34:813][ 65]LogModuleManager: Shutting down and abandoning module FunctionalTesting (91)
[2014.07.14-15.32.34:813][ 65]LogModuleManager: Shutting down and abandoning module CollisionAnalyzer (90)
[2014.07.14-15.32.34:813][ 65]LogModuleManager: Shutting down and abandoning module WorkspaceMenuStructure (89)
[2014.07.14-15.32.34:813][ 65]LogModuleManager: Shutting down and abandoning module MessageLog (88)
[2014.07.14-15.32.34:813][ 65]LogModuleManager: Shutting down and abandoning module Slate (87)
[2014.07.14-15.32.34:813][ 65]LogModuleManager: Shutting down and abandoning module EditorStyle (86)
[2014.07.14-15.32.34:816][ 65]LogModuleManager: Shutting down and abandoning module SessionServices (85)
[2014.07.14-15.32.34:816][ 65]LogModuleManager: Shutting down and abandoning module Messaging (84)
[2014.07.14-15.32.34:816][ 65]LogModuleManager: Shutting down and abandoning module SourceCodeAccess (83)
[2014.07.14-15.32.34:816][ 65]LogModuleManager: Shutting down and abandoning module HeadMountedDisplay (82)
[2014.07.14-15.32.34:817][ 65]LogModuleManager: Shutting down and abandoning module XAudio2 (81)
[2014.07.14-15.32.34:817][ 65]LogModuleManager: Shutting down and abandoning module Networking (79)
[2014.07.14-15.32.34:817][ 65]LogModuleManager: Shutting down and abandoning module Core (78)
[2014.07.14-15.32.34:817][ 65]LogModuleManager: Shutting down and abandoning module KismetCompiler (77)
[2014.07.14-15.32.34:817][ 65]LogModuleManager: Shutting down and abandoning module PhysXFormats (76)
[2014.07.14-15.32.34:817][ 65]LogModuleManager: Shutting down and abandoning module SimplygonMeshReduction (75)
[2014.07.14-15.32.34:817][ 65]LogModuleManager: Shutting down and abandoning module MeshUtilities (74)
[2014.07.14-15.32.34:817][ 65]LogModuleManager: Shutting down and abandoning module DerivedDataCache (73)
[2014.07.14-15.32.34:909][ 65]LogDerivedDataCache: Shutdown
[2014.07.14-15.32.34:909][ 65]LogModuleManager: Shutting down and abandoning module ShaderFormatOpenGL (72)
[2014.07.14-15.32.34:909][ 65]LogModuleManager: Shutting down and abandoning module ShaderFormatD3D (71)
[2014.07.14-15.32.34:909][ 65]LogModuleManager: Shutting down and abandoning module TextureFormatUncompressed (70)
[2014.07.14-15.32.34:909][ 65]LogModuleManager: Shutting down and abandoning module TextureFormatPVR (69)
[2014.07.14-15.32.34:909][ 65]LogModuleManager: Shutting down and abandoning module TextureFormatDXT (68)
[2014.07.14-15.32.34:909][ 65]LogModuleManager: Shutting down and abandoning module TextureFormatAndroid (67)
[2014.07.14-15.32.34:909][ 65]LogModuleManager: Shutting down and abandoning module AudioFormatOpus (66)
[2014.07.14-15.32.34:909][ 65]LogModuleManager: Shutting down and abandoning module AudioFormatOgg (65)
[2014.07.14-15.32.34:909][ 65]LogModuleManager: Shutting down and abandoning module AudioFormatADPCM (64)
[2014.07.14-15.32.34:909][ 65]LogModuleManager: Shutting down and abandoning module Android_PVRTCTargetPlatform (63)
[2014.07.14-15.32.34:909][ 65]LogModuleManager: Shutting down and abandoning module Android_ETC2TargetPlatform (62)
[2014.07.14-15.32.34:909][ 65]LogModuleManager: Shutting down and abandoning module Android_ETC1TargetPlatform (61)
[2014.07.14-15.32.34:909][ 65]LogModuleManager: Shutting down and abandoning module Android_DXTTargetPlatform (60)
[2014.07.14-15.32.34:909][ 65]LogModuleManager: Shutting down and abandoning module Android_ATCTargetPlatform (59)
[2014.07.14-15.32.34:909][ 65]LogModuleManager: Shutting down and abandoning module AndroidTargetPlatform (58)
[2014.07.14-15.32.34:909][ 65]LogModuleManager: Shutting down and abandoning module WindowsTargetPlatform (57)
[2014.07.14-15.32.34:909][ 65]LogModuleManager: Shutting down and abandoning module WindowsServerTargetPlatform (56)
[2014.07.14-15.32.34:909][ 65]LogModuleManager: Shutting down and abandoning module WindowsNoEditorTargetPlatform (55)
[2014.07.14-15.32.34:909][ 65]LogModuleManager: Shutting down and abandoning module WindowsClientTargetPlatform (54)
[2014.07.14-15.32.34:909][ 65]LogModuleManager: Shutting down and abandoning module TargetPlatform (53)
[2014.07.14-15.32.34:909][ 65]LogModuleManager: Shutting down and abandoning module InputCore (52)
[2014.07.14-15.32.34:909][ 65]LogModuleManager: Shutting down and abandoning module Settings (51)
[2014.07.14-15.32.34:909][ 65]LogModuleManager: Shutting down and abandoning module TextureCompressor (48)
[2014.07.14-15.32.34:909][ 65]LogModuleManager: Shutting down and abandoning module ShaderCore (47)
[2014.07.14-15.32.34:909][ 65]LogModuleManager: Shutting down and abandoning module OpenGLDrv (46)
[2014.07.14-15.32.34:910][ 65]LogModuleManager: Shutting down and abandoning module D3D11RHI (45)
[2014.07.14-15.32.34:910][ 65]LogModuleManager: Shutting down and abandoning module SlateRHIRenderer (44)
[2014.07.14-15.32.34:910][ 65]LogModuleManager: Shutting down and abandoning module Renderer (43)
[2014.07.14-15.32.34:910][ 65]LogModuleManager: Shutting down and abandoning module Engine (42)
[2014.07.14-15.32.34:910][ 65]LogModuleManager: Shutting down and abandoning module SlateRemote (41)
[2014.07.14-15.32.34:910][ 65]LogModuleManager: Shutting down and abandoning module ScriptPlugin (40)
[2014.07.14-15.32.34:910][ 65]LogModuleManager: Shutting down and abandoning module ScriptEditorPlugin (38)
[2014.07.14-15.32.34:910][ 65]LogModuleManager: Shutting down and abandoning module WindowsMoviePlayer (37)
[2014.07.14-15.32.34:914][ 65]LogModuleManager: Shutting down and abandoning module ExampleDeviceProfileSelector (32)
[2014.07.14-15.32.34:914][ 65]LogModuleManager: Shutting down and abandoning module CustomMeshComponent (31)
[2014.07.14-15.32.34:914][ 65]LogModuleManager: Shutting down and abandoning module CableComponent (30)
[2014.07.14-15.32.34:914][ 65]LogModuleManager: Shutting down and abandoning module OculusRift (26)
[2014.07.14-15.32.34:914][ 65]LogModuleManager: Shutting down and abandoning module UdpMessaging (25)
[2014.07.14-15.32.35:014][ 65]LogModuleManager: Shutting down and abandoning module MessagingDebugger (24)
[2014.07.14-15.32.35:014][ 65]LogModuleManager: Shutting down and abandoning module PluginsEditor (14)
[2014.07.14-15.32.35:014][ 65]LogModuleManager: Shutting down and abandoning module IntroTutorials (13)
[2014.07.14-15.32.35:014][ 65]LogModuleManager: Shutting down and abandoning module EpicSurvey (12)
[2014.07.14-15.32.35:014][ 65]LogModuleManager: Shutting down and abandoning module VisualStudioSourceCodeAccess (10)
[2014.07.14-15.32.35:014][ 65]LogModuleManager: Shutting down and abandoning module UObjectPlugin (9)
[2014.07.14-15.32.35:014][ 65]LogModuleManager: Shutting down and abandoning module SubversionSourceControl (8)
[2014.07.14-15.32.35:014][ 65]LogModuleManager: Shutting down and abandoning module PerforceSourceControl (7)
[2014.07.14-15.32.35:014][ 65]LogModuleManager: Shutting down and abandoning module BlankPlugin (6)
[2014.07.14-15.32.35:014][ 65]LogModuleManager: Shutting down and abandoning module CoreUObject (5)
[2014.07.14-15.32.35:014][ 65]LogModuleManager: Shutting down and abandoning module NetworkFile (4)
[2014.07.14-15.32.35:014][ 65]LogModuleManager: Shutting down and abandoning module StreamingFile (3)
[2014.07.14-15.32.35:014][ 65]LogModuleManager: Shutting down and abandoning module SandboxFile (2)
[2014.07.14-15.32.35:014][ 65]LogModuleManager: Shutting down and abandoning module PakFile (1)
[2014.07.14-15.32.35:014][ 65]LogExit: Exiting.
[2014.07.14-15.32.35:038][ 65]Log file closed, 07/14/14 17:32:35
