Log file open, 07/12/14 16:28:25
LogInit:Display: Running engine for game: MyProject3
LogInit: Version: 4.2.1-2101290+++depot+UE4-Releases+4.2
LogInit: Compiled (64-bit): Jun 10 2014 22:21:56
LogInit: Build Configuration: Development
LogInit: Branch Name: ++depot+UE4-Releases+4.2
LogInit: Command line:  
LogInit: Base directory: E:/Unreal Engine/4.2/Engine/Binaries/Win64/
LogInit: Rocket: 1
[2014.07.12-14.28.25:858][  0]LogTaskGraph: Started task graph with 3 named threads and 6 total threads.
[2014.07.12-14.28.25:902][  0]LogOnline:Warning: No default platform service specified for OnlineSubsystem
[2014.07.12-14.28.25:908][  0]LogInit: Presizing for 0 objects not considered by GC, pre-allocating 0 bytes.
[2014.07.12-14.28.25:914][  0]LogInit: Object subsystem initialized
[2014.07.12-14.28.25:916][  0]LogInit: Selected Device Profile: [Windows]
[2014.07.12-14.28.25:916][  0]LogInit: Applying CVar settings loaded from the selected device profile: [Windows]
[2014.07.12-14.28.25:918][  0]LogInit: Computer: SPAEHLING-PC
[2014.07.12-14.28.25:918][  0]LogInit: User: Spaehling
[2014.07.12-14.28.25:920][  0]LogInit: CPU Page size=4096, Cores=6
[2014.07.12-14.28.25:920][  0]LogInit: High frequency timer resolution =3.126972 MHz
[2014.07.12-14.28.25:920][  0]LogMemory: Memory total: Physical=64.0GB (64GB approx) Virtual=8192.0GB
[2014.07.12-14.28.25:920][  0]LogMemory: Platform Memory Stats for Windows
[2014.07.12-14.28.25:920][  0]LogMemory: Process Physical Memory: 61.44 MB used, 61.44 MB peak
[2014.07.12-14.28.25:920][  0]LogMemory: Process Virtual Memory: 37.71 MB used, 37.88 MB peak
[2014.07.12-14.28.25:920][  0]LogMemory: Physical Memory: 5646.74 MB used, 65486.15 MB total
[2014.07.12-14.28.25:920][  0]LogMemory: Virtual Memory: 242.27 MB used, 8388608.00 MB total
[2014.07.12-14.28.25:969][  0]LogD3D11RHI: Found D3D11 adapter 0: NVIDIA GeForce GTX 690 (Feature Level 11_0)
[2014.07.12-14.28.25:969][  0]LogD3D11RHI: Adapter has 1990MB of dedicated video memory, 0MB of dedicated system memory, and 2048MB of shared system memory, 1 output[s]
[2014.07.12-14.28.25:969][  0]LogD3D11RHI: Chosen D3D11 Adapter Id = 0
[2014.07.12-14.28.25:973][  0]LogRHI: Texture pool is 1361 MB (70% of 1945 MB)
[2014.07.12-14.28.25:983][  0]LogD3D11RHI: Async texture creation enabled
[2014.07.12-14.28.26:037][  0]LogTextLocalizationManager:Warning: The selected culture 'de_DE' is not available; falling back to 'en'
[2014.07.12-14.28.26:084][  0]LogContentStreaming: Texture pool size is 0.000000MB
[2014.07.12-14.28.26:833][  0]LogTargetPlatformManager:Display: Building Assets For Windows
[2014.07.12-14.28.26:906][  0]LogTargetPlatformManager:Display: Building Assets For Windows
[2014.07.12-14.28.26:935][  0]LogDerivedDataCache:Display: Max Cache Size: 512 MB
[2014.07.12-14.28.26:969][  0]LogDerivedDataCache: Loaded boot cache 0.03s 39MB C:/Users/Spaehling/AppData/Local/UnrealEngine/4.2/DerivedDataCache/Boot.ddc.
[2014.07.12-14.28.26:969][  0]LogDerivedDataCache:Display: Loaded Boot cache: C:/Users/Spaehling/AppData/Local/UnrealEngine/4.2/DerivedDataCache/Boot.ddc
[2014.07.12-14.28.26:969][  0]LogDerivedDataCache: FDerivedDataBackendGraph:  Pak pak cache file D:/UDK4 Projects/Waagenbau/DerivedDataCache/DDC.ddp not found, will not use a pak cache.
[2014.07.12-14.28.26:969][  0]LogDerivedDataCache: Unable to find inner node Pak for hierarchical cache Hierarchy.
[2014.07.12-14.28.26:980][  0]LogDerivedDataCache:Display: Pak cache opened for reading ../../../Engine/DerivedDataCache/DDC.ddp.
[2014.07.12-14.28.26:991][  0]LogDerivedDataCache: Using Local data cache path C:/Users/Spaehling/AppData/Local/UnrealEngine/4.2/DerivedDataCache: Writable
[2014.07.12-14.28.27:131][  0]LogMeshUtilities: No automatic mesh reduction module available
[2014.07.12-14.28.27:131][  0]LogMeshUtilities: No automatic mesh merging module available
[2014.07.12-14.28.27:424][  0]LogInit: WinSock: version 1.1 (2.2), MaxSocks=32767, MaxUdp=65467
[2014.07.12-14.28.27:726][  0]LogStreaming:Warning: Failed to read file '../../../Engine/Content/Editor/Slate/Icons/ActorIcons/GroupActor_16x.png' error.
[2014.07.12-14.28.27:726][  0]LogSlate: Could not find file for Slate resource: ../../../Engine/Content/Editor/Slate/Icons/ActorIcons/GroupActor_16x.png
[2014.07.12-14.28.27:731][  0]LogStreaming:Warning: Failed to read file '../../../Engine/Content/Editor/Slate/Icons/ActorIcons/DecalActor_16x.png' error.
[2014.07.12-14.28.27:731][  0]LogSlate: Could not find file for Slate resource: ../../../Engine/Content/Editor/Slate/Icons/ActorIcons/DecalActor_16x.png
[2014.07.12-14.28.27:974][  0]UdpMessaging: Initializing bridge on interface 0.0.0.0:0 to multicast group 230.0.0.1:6666.
[2014.07.12-14.28.28:045][  0]SourceControl: Info Source control is disabled
[2014.07.12-14.28.28:045][  0]SourceControl: Info Source control is disabled
[2014.07.12-14.28.28:049][  0]SourceControl: Info Source control is disabled
[2014.07.12-14.28.28:118][  0]BlueprintLog: New page: Editor Load
[2014.07.12-14.28.28:150][  0]LogObj: 19203 objects as part of root set at end of initial load.
[2014.07.12-14.28.28:150][  0]LogUObjectAllocator: 3820576 out of 0 bytes used by permanent object pool.
[2014.07.12-14.28.28:472][  0]LogEngine: Initializing Engine...
[2014.07.12-14.28.28:568][  0]LogInit: XAudio2 using 'Lautsprecher (Corsair Vengeance 2000 Headset)' : 8 channels at 44.1 kHz using 16 bits per sample (channel mask 0x63f)
[2014.07.12-14.28.28:591][  0]LogInit: FAudioDevice initialized.
[2014.07.12-14.28.28:611][  0]LogDerivedDataCache: Saved boot cache 0.02s 39MB C:/Users/Spaehling/AppData/Local/UnrealEngine/4.2/DerivedDataCache/Boot.ddc.
[2014.07.12-14.28.28:615][  0]LogInit: Texture streaming: Enabled
[2014.07.12-14.28.28:638][  0]LogInit: Transaction tracking system initialized
[2014.07.12-14.28.28:715][  0]LogAssetRegistry: FAssetRegistry took 0.0098 seconds to start up
[2014.07.12-14.28.28:828][  0]LogModuleManager:Warning: ModuleManager: Unable to load module '' because the file was not found.
[2014.07.12-14.28.28:832][  0]LogModuleManager:Warning: ModuleManager: Unable to load module '' because the file was not found.
[2014.07.12-14.28.28:869][  0]LogConsoleResponse:Display: 
[2014.07.12-14.28.29:034][  0]SourceControl: Info Source control is disabled
[2014.07.12-14.28.29:034][  0]Cmd: MAP LOAD FILE="D:/UDK4 Projects/Waagenbau/Content/Maps/waagenbau.umap" TEMPLATE=0 SHOWPROGRESS=1 WORLDCOMPOSITION=0
[2014.07.12-14.28.29:034][  0]LightingResults: New page: Lighting Build
[2014.07.12-14.28.29:039][  0]MapCheck: New page: Map Check
[2014.07.12-14.28.29:039][  0]LightingResults: New page: Lighting Build
[2014.07.12-14.28.29:044][  0]LogParticles: Destroying 0 GPU particle simulations for FXSystem 0x000000001207E8E0
[2014.07.12-14.28.30:073][  0]LogBlueprint:Warning: Node '/Game/Blueprints/Assets/Cigarettes.cigarettes:UserConstructionScript.K2Node_VariableGet_424' missing NodeGuid.
[2014.07.12-14.28.30:441][  0]LogArray:Warning: Attempted to get an item from array Sounds out of bounds [0/0]!
[2014.07.12-14.28.30:458][  0]LogBlueprintUserMessages:Warning: SetTimer passed a bad function () or object (DiscoLight_1_C_0)
[2014.07.12-14.28.30:459][  0]LogBlueprintUserMessages:Warning: SetTimer passed a bad function () or object (DiscoLight_1_C_1)
[2014.07.12-14.28.30:459][  0]LogBlueprintUserMessages:Warning: SetTimer passed a bad function () or object (DiscoLight_1_C_2)
[2014.07.12-14.28.30:460][  0]LogBlueprintUserMessages:Warning: SetTimer passed a bad function () or object (DiscoLight_1_C_3)
[2014.07.12-14.28.30:461][  0]LogBlueprintUserMessages:Warning: SetTimer passed a bad function () or object (DiscoLight_1_C_4)
[2014.07.12-14.28.30:461][  0]LogBlueprintUserMessages:Warning: SetTimer passed a bad function () or object (DiscoLight_1_C_5)
[2014.07.12-14.28.30:462][  0]LogBlueprintUserMessages:Warning: SetTimer passed a bad function () or object (DiscoLight_1_C_6)
[2014.07.12-14.28.30:463][  0]LogBlueprintUserMessages:Warning: SetTimer passed a bad function () or object (DiscoLight_1_C_7)
[2014.07.12-14.28.30:463][  0]LogBlueprintUserMessages:Warning: SetTimer passed a bad function () or object (DiscoLight_1_C_8)
[2014.07.12-14.28.30:464][  0]LogBlueprintUserMessages:Warning: SetTimer passed a bad function () or object (DiscoLight_1_C_9)
[2014.07.12-14.28.30:465][  0]LogBlueprintUserMessages:Warning: SetTimer passed a bad function () or object (DiscoLight_1_C_10)
[2014.07.12-14.28.30:465][  0]LogBlueprintUserMessages:Warning: SetTimer passed a bad function () or object (DiscoLight_1_C_11)
[2014.07.12-14.28.30:466][  0]LogBlueprintUserMessages:Warning: SetTimer passed a bad function () or object (DiscoLight_1_C_12)
[2014.07.12-14.28.30:467][  0]LogBlueprintUserMessages:Warning: SetTimer passed a bad function () or object (DiscoLight_1_C_13)
[2014.07.12-14.28.30:467][  0]LogBlueprintUserMessages:Warning: SetTimer passed a bad function () or object (DiscoLight_1_C_14)
[2014.07.12-14.28.30:468][  0]LogBlueprintUserMessages:Warning: SetTimer passed a bad function () or object (DiscoLight_1_C_15)
[2014.07.12-14.28.30:469][  0]LogBlueprintUserMessages:Warning: SetTimer passed a bad function () or object (DiscoLight_1_C_16)
[2014.07.12-14.28.30:469][  0]LogBlueprintUserMessages:Warning: SetTimer passed a bad function () or object (DiscoLight_1_C_17)
[2014.07.12-14.28.30:470][  0]LogBlueprintUserMessages:Warning: SetTimer passed a bad function () or object (DiscoLight_1_C_18)
[2014.07.12-14.28.30:471][  0]LogBlueprintUserMessages:Warning: SetTimer passed a bad function () or object (DiscoLight_1_C_20)
[2014.07.12-14.28.30:471][  0]LogBlueprintUserMessages:Warning: SetTimer passed a bad function () or object (DiscoLight_1_C_21)
[2014.07.12-14.28.30:472][  0]LogBlueprintUserMessages:Warning: SetTimer passed a bad function () or object (DiscoLight_1_C_22)
[2014.07.12-14.28.30:472][  0]LogBlueprintUserMessages:Warning: SetTimer passed a bad function () or object (DiscoLight_1_C_23)
[2014.07.12-14.28.30:522][  0]LogEditorServer: Finished looking for orphan Actors (0.000 secs)
[2014.07.12-14.28.30:523][  0]Cmd: MAP CHECKDEP
[2014.07.12-14.28.30:523][  0]MapCheck: New page: waagenbau - Jul 12, 2014, 6:28:30 PM
[2014.07.12-14.28.30:592][  0]MapCheck: Info ========== Map Check: 0 Error(s), 0 Warning(s), [69.217ms] ==========
[2014.07.12-14.28.30:592][  0]LogFileHelpers: Loading map 'waagenbau' took 1.559
[2014.07.12-14.28.30:762][  0]LogCrashTracker: Crashtracker disabled due to settings.
[2014.07.12-14.28.30:762][  0]Cmd: MODE PLACEMENT
[2014.07.12-14.28.30:793][  0]LogCollectionManager: Loaded 0 collections in 0.000705 seconds
[2014.07.12-14.28.30:983][  0]LogCrashTracker: 


[2014.07.12-14.28.31:211][  0]LogCrashTracker: 


[2014.07.12-14.28.31:211][  0]LogWindows: === Critical error: ===
Unhandled Exception: EXCEPTION_ACCESS_VIOLATION reading address 0x00000008

[2014.07.12-14.28.31:211][  0]LogWindows: Fatal error!

Address = 0xe2b8acdc (filename not found) [in E:\Unreal Engine\4.2\Engine\Binaries\Win64\UE4Editor-Renderer.dll]
Address = 0xe2bba85e (filename not found) [in E:\Unreal Engine\4.2\Engine\Binaries\Win64\UE4Editor-Renderer.dll]
Address = 0xe2bba3a2 (filename not found) [in E:\Unreal Engine\4.2\Engine\Binaries\Win64\UE4Editor-Renderer.dll]
Address = 0xe2b87f0d (filename not found) [in E:\Unreal Engine\4.2\Engine\Binaries\Win64\UE4Editor-Renderer.dll]
Address = 0xe4651b8a (filename not found) [in E:\Unreal Engine\4.2\Engine\Binaries\Win64\UE4Editor-Engine.dll]
Address = 0xdd722433 (filename not found) [in E:\Unreal Engine\4.2\Engine\Binaries\Win64\UE4Editor-Persona.dll]
Address = 0xdd867f5a (filename not found) [in E:\Unreal Engine\4.2\Engine\Binaries\Win64\UE4Editor-Persona.dll]
Address = 0xe7febba2 (filename not found) [in E:\Unreal Engine\4.2\Engine\Binaries\Win64\UE4Editor-UnrealEd.dll]
Address = 0xdd8252be (filename not found) [in E:\Unreal Engine\4.2\Engine\Binaries\Win64\UE4Editor-Persona.dll]
Address = 0xdd8119a6 (filename not found) [in E:\Unreal Engine\4.2\Engine\Binaries\Win64\UE4Editor-Persona.dll]
Address = 0xdd825859 (filename not found) [in E:\Unreal Engine\4.2\Engine\Binaries\Win64\UE4Editor-Persona.dll]
Address = 0xdd991bca (filename not found) [in E:\Unreal Engine\4.2\Engine\Binaries\Win64\UE4Editor-Persona.dll]
Address = 0xdd996a22 (filename not found) [in E:\Unreal Engine\4.2\Engine\Binaries\Win64\UE4Editor-Persona.dll]
Address = 0xe705acdb (filename not found) [in E:\Unreal Engine\4.2\Engine\Binaries\Win64\UE4Editor-Kismet.dll]
Address = 0xe7019c74 (filename not found) [in E:\Unreal Engine\4.2\Engine\Binaries\Win64\UE4Editor-Kismet.dll]
Address = 0xe701d568 (filename not found) [in E:\Unreal Engine\4.2\Engine\Binaries\Win64\UE4Editor-Kismet.dll]
Address = 0xea85724a (filename not found) [in E:\Unreal Engine\4.2\Engine\Binaries\Win64\UE4Editor-Slate.dll]
Address = 0xea889863 (filename not found) [in E:\Unreal Engine\4.2\Engine\Binaries\Win64\UE4Editor-Slate.dll]
Address = 0xea885bec (filename not found) [in E:\Unreal Engine\4.2\Engine\Binaries\Win64\UE4Editor-Slate.dll]
Address = 0xea8872f7 (filename not found) [in E:\Unreal Engine\4.2\Engine\Binaries\Win64\UE4Editor-Slate.dll]
Address = 0xea886baa (filename not found) [in E:\Unreal Engine\4.2\Engine\Binaries\Win64\UE4Editor-Slate.dll]
Address = 0xea8872f7 (filename not found) [in E:\Unreal Engine\4.2\Engine\Binaries\Win64\UE4Editor-Slate.dll]
Address = 0xea886995 (filename not found) [in E:\Unreal Engine\4.2\Engine\Binaries\Win64\UE4Editor-Slate.dll]
Address = 0xea885946 (filename not found) [in E:\Unreal Engine\4.2\Engine\Binaries\Win64\UE4Editor-Slate.dll]
Address = 0xea88700e (filename not found) [in E:\Unreal Engine\4.2\Engine\Binaries\Win64\UE4Editor-Slate.dll]
Address = 0xe84f92b2 (filename not found) [in E:\Unreal Engine\4.2\Engine\Binaries\Win64\UE4Editor-UnrealEd.dll]
Address = 0xe84f90d6 (filename not found) [in E:\Unreal Engine\4.2\Engine\Binaries\Win64\UE4Editor-UnrealEd.dll]
Address = 0xe7059872 (filename not found) [in E:\Unreal Engine\4.2\Engine\Binaries\Win64\UE4Editor-Kismet.dll]
Address = 0xdd79635b (filename not found) [in E:\Unreal Engine\4.2\Engine\Binaries\Win64\UE4Editor-Persona.dll]
Address = 0xdd767695 (filename not found) [in E:\Unreal Engine\4.2\Engine\Binaries\Win64\UE4Editor-Persona.dll]
Address = 0xe005a166 (filename not found) [in E:\Unreal Engine\4.2\Engine\Binaries\Win64\UE4Editor-AssetTools.dll]
Address = 0xe84f5f4e (filename not found) [in E:\Unreal Engine\4.2\Engine\Binaries\Win64\UE4Editor-UnrealEd.dll]
Address = 0xe84f5b0e (filename not found) [in E:\Unreal Engine\4.2\Engine\Binaries\Win64\UE4Editor-UnrealEd.dll]
Address = 0xe84f4b4a (filename not found) [in E:\Unreal Engine\4.2\Engine\Binaries\Win64\UE4Editor-UnrealEd.dll]
Address = 0xe84f9abf (filename not found) [in E:\Unreal Engine\4.2\Engine\Binaries\Win64\UE4Editor-UnrealEd.dll]
Address = 0xdf2fd1f2 (filename not found) [in E:\Unreal Engine\4.2\Engine\Binaries\Win64\UE4Editor-MainFrame.dll]
Address = 0xdf2e1874 (filename not found) [in E:\Unreal Engine\4.2\Engine\Binaries\Win64\UE4Editor-MainFrame.dll]
Address = 0xe812af7c (filename not found) [in E:\Unreal Engine\4.2\Engine\Binaries\Win64\UE4Editor-UnrealEd.dll]
GuardedMain() 0x3f82d12d + 0 bytes [File=d:\buildfarm\buildmachine_++depot+ue4-releases+4.2\engine\source\runtime\launch\private\launch.cpp:124] [in E:\Unreal Engine\4.2\Engine\Binaries\Win64\UE4Editor.exe]
GuardedMainWrapper() 0x3f82d25a + 5 bytes [File=d:\buildfarm\buildmachine_++depot+ue4-releases+4.2\engine\source\runtime\launch\private\windows\launchwindows.cpp:125] [in E:\Unreal Engine\4.2\Engine\Binaries\Win64\UE4Editor.exe]
WinMain() 0x3f839119 + 17 bytes [File=d:\buildfarm\buildmachine_++depot+ue4-releases+4.2\engine\source\runtime\launch\private\windows\launchwindows.cpp:207] [in E:\Unreal Engine\4.2\Engine\Binaries\Win64\UE4Editor.exe]
__tmainCRTStartup() 0x3f839fa9 + 21 bytes [File=f:\dd\vctools\crt\crtw32\dllstuff\crtexe.c:618] [in E:\Unreal Engine\4.2\Engine\Binaries\Win64\UE4Editor.exe]
Address = 0x779159ed (filename not found) [in C:\Windows\system32\kernel32.dll]
Address = 0x77b4c541 (filename not found) [in C:\Windows\SYSTEM32\ntdll.dll]
Address = 0x77b4c541 (filename not found) [in C:\Windows\SYSTEM32\ntdll.dll]

[2014.07.12-14.28.31:211][  0]LogExit: Executing StaticShutdownAfterError
[2014.07.12-14.28.31:231][  0]LogWindows: FPlatformMisc::RequestExit(1)
[2014.07.12-14.28.31:231][  0]Log file closed, 07/12/14 16:28:31
