Log file open, 07/05/14 05:46:53
LogInit:Display: Running engine for game: MyProject3
LogInit: Version: 4.2.1-2101290+++depot+UE4-Releases+4.2
LogInit: Compiled (64-bit): Jun 10 2014 22:21:56
LogInit: Build Configuration: Development
LogInit: Branch Name: ++depot+UE4-Releases+4.2
LogInit: Command line:  
LogInit: Base directory: E:/Unreal Engine/4.2/Engine/Binaries/Win64/
LogInit: Rocket: 1
[2014.07.05-03.46.53:967][  0]LogTaskGraph: Started task graph with 3 named threads and 6 total threads.
[2014.07.05-03.46.54:011][  0]LogOnline:Warning: No default platform service specified for OnlineSubsystem
[2014.07.05-03.46.54:028][  0]LogInit: Presizing for 0 objects not considered by GC, pre-allocating 0 bytes.
[2014.07.05-03.46.54:033][  0]LogInit: Object subsystem initialized
[2014.07.05-03.46.54:035][  0]LogInit: Selected Device Profile: [Windows]
[2014.07.05-03.46.54:035][  0]LogInit: Applying CVar settings loaded from the selected device profile: [Windows]
[2014.07.05-03.46.54:038][  0]LogInit: Computer: SPAEHLING-PC
[2014.07.05-03.46.54:038][  0]LogInit: User: Spaehling
[2014.07.05-03.46.54:039][  0]LogInit: CPU Page size=4096, Cores=6
[2014.07.05-03.46.54:039][  0]LogInit: High frequency timer resolution =3.126962 MHz
[2014.07.05-03.46.54:039][  0]LogMemory: Memory total: Physical=64.0GB (64GB approx) Virtual=8192.0GB
[2014.07.05-03.46.54:039][  0]LogMemory: Platform Memory Stats for Windows
[2014.07.05-03.46.54:039][  0]LogMemory: Process Physical Memory: 60.49 MB used, 60.49 MB peak
[2014.07.05-03.46.54:039][  0]LogMemory: Process Virtual Memory: 36.66 MB used, 36.82 MB peak
[2014.07.05-03.46.54:039][  0]LogMemory: Physical Memory: 6669.11 MB used, 65486.15 MB total
[2014.07.05-03.46.54:039][  0]LogMemory: Virtual Memory: 244.71 MB used, 8388608.00 MB total
[2014.07.05-03.46.54:127][  0]LogD3D11RHI: Found D3D11 adapter 0: NVIDIA GeForce GTX 690 (Feature Level 11_0)
[2014.07.05-03.46.54:127][  0]LogD3D11RHI: Adapter has 1990MB of dedicated video memory, 0MB of dedicated system memory, and 2048MB of shared system memory, 1 output[s]
[2014.07.05-03.46.54:149][  0]LogD3D11RHI: Found D3D11 adapter 1: NVIDIA GeForce GTX 690 (Feature Level 11_0)
[2014.07.05-03.46.54:150][  0]LogD3D11RHI: Adapter has 1990MB of dedicated video memory, 0MB of dedicated system memory, and 2048MB of shared system memory, 1 output[s]
[2014.07.05-03.46.54:150][  0]LogD3D11RHI: Chosen D3D11 Adapter Id = 0
[2014.07.05-03.46.54:155][  0]LogRHI: Texture pool is 1361 MB (70% of 1945 MB)
[2014.07.05-03.46.54:164][  0]LogD3D11RHI: Async texture creation enabled
[2014.07.05-03.46.54:250][  0]LogTextLocalizationManager:Warning: The selected culture 'de_DE' is not available; falling back to 'en'
[2014.07.05-03.46.54:299][  0]LogContentStreaming: Texture pool size is 0.000000MB
[2014.07.05-03.46.55:097][  0]LogTargetPlatformManager:Display: Building Assets For Windows
[2014.07.05-03.46.55:217][  0]LogTargetPlatformManager:Display: Building Assets For Windows
[2014.07.05-03.46.55:248][  0]LogDerivedDataCache:Display: Max Cache Size: 512 MB
[2014.07.05-03.46.55:283][  0]LogDerivedDataCache: Loaded boot cache 0.03s 39MB C:/Users/Spaehling/AppData/Local/UnrealEngine/4.2/DerivedDataCache/Boot.ddc.
[2014.07.05-03.46.55:283][  0]LogDerivedDataCache:Display: Loaded Boot cache: C:/Users/Spaehling/AppData/Local/UnrealEngine/4.2/DerivedDataCache/Boot.ddc
[2014.07.05-03.46.55:283][  0]LogDerivedDataCache: FDerivedDataBackendGraph:  Pak pak cache file D:/UDK4 Projects/MyProject3/DerivedDataCache/DDC.ddp not found, will not use a pak cache.
[2014.07.05-03.46.55:283][  0]LogDerivedDataCache: Unable to find inner node Pak for hierarchical cache Hierarchy.
[2014.07.05-03.46.55:293][  0]LogDerivedDataCache:Display: Pak cache opened for reading ../../../Engine/DerivedDataCache/DDC.ddp.
[2014.07.05-03.46.55:304][  0]LogDerivedDataCache: Using Local data cache path C:/Users/Spaehling/AppData/Local/UnrealEngine/4.2/DerivedDataCache: Writable
[2014.07.05-03.46.55:672][  0]LogMeshUtilities: No automatic mesh reduction module available
[2014.07.05-03.46.55:672][  0]LogMeshUtilities: No automatic mesh merging module available
[2014.07.05-03.46.55:957][  0]LogInit: WinSock: version 1.1 (2.2), MaxSocks=32767, MaxUdp=65467
[2014.07.05-03.46.56:789][  0]LogStreaming:Warning: Failed to read file '../../../Engine/Content/Editor/Slate/Icons/ActorIcons/GroupActor_16x.png' error.
[2014.07.05-03.46.56:789][  0]LogSlate: Could not find file for Slate resource: ../../../Engine/Content/Editor/Slate/Icons/ActorIcons/GroupActor_16x.png
[2014.07.05-03.46.56:808][  0]LogStreaming:Warning: Failed to read file '../../../Engine/Content/Editor/Slate/Icons/ActorIcons/DecalActor_16x.png' error.
[2014.07.05-03.46.56:808][  0]LogSlate: Could not find file for Slate resource: ../../../Engine/Content/Editor/Slate/Icons/ActorIcons/DecalActor_16x.png
[2014.07.05-03.46.57:453][  0]UdpMessaging: Initializing bridge on interface 0.0.0.0:0 to multicast group 230.0.0.1:6666.
[2014.07.05-03.46.57:569][  0]SourceControl: Info Source control is disabled
[2014.07.05-03.46.57:569][  0]SourceControl: Info Source control is disabled
[2014.07.05-03.46.57:573][  0]SourceControl: Info Source control is disabled
[2014.07.05-03.46.57:682][  0]BlueprintLog: New page: Editor Load
[2014.07.05-03.46.57:771][  0]LogObj: 19203 objects as part of root set at end of initial load.
[2014.07.05-03.46.57:771][  0]LogUObjectAllocator: 3820576 out of 0 bytes used by permanent object pool.
[2014.07.05-03.46.58:100][  0]LogEngine: Initializing Engine...
[2014.07.05-03.46.58:210][  0]LogInit: XAudio2 using 'Lautsprecher (Corsair Vengeance 2000 Headset)' : 8 channels at 44.1 kHz using 16 bits per sample (channel mask 0x63f)
[2014.07.05-03.46.58:223][  0]LogInit: FAudioDevice initialized.
[2014.07.05-03.46.58:243][  0]LogDerivedDataCache: Saved boot cache 0.02s 39MB C:/Users/Spaehling/AppData/Local/UnrealEngine/4.2/DerivedDataCache/Boot.ddc.
[2014.07.05-03.46.58:247][  0]LogInit: Texture streaming: Enabled
[2014.07.05-03.46.58:303][  0]LogInit: Transaction tracking system initialized
[2014.07.05-03.46.58:430][  0]LogAssetRegistry: FAssetRegistry took 0.0095 seconds to start up
[2014.07.05-03.46.58:646][  0]LogModuleManager:Warning: ModuleManager: Unable to load module '' because the file was not found.
[2014.07.05-03.46.58:650][  0]LogModuleManager:Warning: ModuleManager: Unable to load module '' because the file was not found.
[2014.07.05-03.46.58:712][  0]LogConsoleResponse:Display: 
[2014.07.05-03.46.58:934][  0]SourceControl: Info Source control is disabled
[2014.07.05-03.46.58:934][  0]Cmd: MAP LOAD FILE="D:/UDK4 Projects/MyProject3/Content/Maps/waagenbau.umap" TEMPLATE=0 SHOWPROGRESS=1 WORLDCOMPOSITION=0
[2014.07.05-03.46.58:935][  0]LightingResults: New page: Lighting Build
[2014.07.05-03.46.58:939][  0]MapCheck: New page: Map Check
[2014.07.05-03.46.58:939][  0]LightingResults: New page: Lighting Build
[2014.07.05-03.46.58:945][  0]LogParticles: Destroying 0 GPU particle simulations for FXSystem 0x0000000011936A20
[2014.07.05-03.46.59:878][  0]LogBlueprint:Warning: Node '/Game/Blueprints/Assets/Cigarettes.cigarettes:UserConstructionScript.K2Node_VariableGet_424' missing NodeGuid.
[2014.07.05-03.47.00:252][  0]LogBlueprintUserMessages:Warning: SetTimer passed a bad function () or object (DiscoLight_1_C_0)
[2014.07.05-03.47.00:252][  0]LogBlueprintUserMessages:Warning: SetTimer passed a bad function () or object (DiscoLight_1_C_1)
[2014.07.05-03.47.00:253][  0]LogBlueprintUserMessages:Warning: SetTimer passed a bad function () or object (DiscoLight_1_C_2)
[2014.07.05-03.47.00:254][  0]LogBlueprintUserMessages:Warning: SetTimer passed a bad function () or object (DiscoLight_1_C_3)
[2014.07.05-03.47.00:254][  0]LogBlueprintUserMessages:Warning: SetTimer passed a bad function () or object (DiscoLight_1_C_4)
[2014.07.05-03.47.00:255][  0]LogBlueprintUserMessages:Warning: SetTimer passed a bad function () or object (DiscoLight_1_C_5)
[2014.07.05-03.47.00:255][  0]LogBlueprintUserMessages:Warning: SetTimer passed a bad function () or object (DiscoLight_1_C_6)
[2014.07.05-03.47.00:256][  0]LogBlueprintUserMessages:Warning: SetTimer passed a bad function () or object (DiscoLight_1_C_7)
[2014.07.05-03.47.00:257][  0]LogBlueprintUserMessages:Warning: SetTimer passed a bad function () or object (DiscoLight_1_C_8)
[2014.07.05-03.47.00:257][  0]LogBlueprintUserMessages:Warning: SetTimer passed a bad function () or object (DiscoLight_1_C_9)
[2014.07.05-03.47.00:258][  0]LogBlueprintUserMessages:Warning: SetTimer passed a bad function () or object (DiscoLight_1_C_10)
[2014.07.05-03.47.00:258][  0]LogBlueprintUserMessages:Warning: SetTimer passed a bad function () or object (DiscoLight_1_C_11)
[2014.07.05-03.47.00:259][  0]LogBlueprintUserMessages:Warning: SetTimer passed a bad function () or object (DiscoLight_1_C_12)
[2014.07.05-03.47.00:260][  0]LogBlueprintUserMessages:Warning: SetTimer passed a bad function () or object (DiscoLight_1_C_13)
[2014.07.05-03.47.00:260][  0]LogBlueprintUserMessages:Warning: SetTimer passed a bad function () or object (DiscoLight_1_C_14)
[2014.07.05-03.47.00:261][  0]LogBlueprintUserMessages:Warning: SetTimer passed a bad function () or object (DiscoLight_1_C_15)
[2014.07.05-03.47.00:261][  0]LogBlueprintUserMessages:Warning: SetTimer passed a bad function () or object (DiscoLight_1_C_16)
[2014.07.05-03.47.00:262][  0]LogBlueprintUserMessages:Warning: SetTimer passed a bad function () or object (DiscoLight_1_C_17)
[2014.07.05-03.47.00:262][  0]LogBlueprintUserMessages:Warning: SetTimer passed a bad function () or object (DiscoLight_1_C_18)
[2014.07.05-03.47.00:263][  0]LogBlueprintUserMessages:Warning: SetTimer passed a bad function () or object (DiscoLight_1_C_19)
[2014.07.05-03.47.00:264][  0]LogBlueprintUserMessages:Warning: SetTimer passed a bad function () or object (DiscoLight_1_C_20)
[2014.07.05-03.47.00:273][  0]LogEditorServer: Finished looking for orphan Actors (0.000 secs)
[2014.07.05-03.47.00:274][  0]Cmd: MAP CHECKDEP
[2014.07.05-03.47.00:274][  0]MapCheck: New page: waagenbau - Jul 5, 2014, 7:47:00 AM
[2014.07.05-03.47.00:332][  0]MapCheck: Info ========== Map Check: 0 Error(s), 0 Warning(s), [58.23ms] ==========
[2014.07.05-03.47.00:332][  0]LogFileHelpers: Loading map 'waagenbau' took 1.397
[2014.07.05-03.47.00:541][  0]LogCrashTracker: Crashtracker disabled due to settings.
[2014.07.05-03.47.00:542][  0]Cmd: MODE PLACEMENT
[2014.07.05-03.47.00:593][  0]LogLoad: Full Startup: 7.29 seconds (BP compile: 0.29 seconds)
[2014.07.05-03.47.00:682][  0]LogRenderer:Warning: Reallocating scene render targets to support 32x32.
[2014.07.05-03.47.00:761][  0]LogRenderer:Warning: Reallocating scene render targets to support 1120x856.
[2014.07.05-03.47.00:935][  1]LogEpicStorage:Warning: EnumerateFiles request failed. Invalid response. code=403 error=<?xml version="1.0" encoding="UTF-8"?>
<Error><Code>AccessDenied</Code><Message>Access Denied</Message><RequestId>DEF09982DA443CCC</RequestId><HostId>acdYWYSqN4TWZgkrNwMb0Fy4MfjP3qvxLWZFydWnR6HnDoRn2QlmMOAI4sYTy5ho</HostId></Error>
[2014.07.05-03.47.00:986][  1]LogAssetRegistry: Asset discovery search completed in 2.5648 seconds
[2014.07.05-03.47.01:061][  2]LogEpicSurvey:Warning: EnumerateFiles request failed. Invalid response. code=403 error=<?xml version="1.0" encoding="UTF-8"?>
<Error><Code>AccessDenied</Code><Message>Access Denied</Message><RequestId>B984E03EAE7C557E</RequestId><HostId>gpPE9GOmxfV46+mGGEnd5OVSkGepvVyalJCXwgLZEai665zbnjXL6eirxF9nImcp</HostId></Error>
[2014.07.05-03.47.01:134][  3]LogEpicStorage:Warning: EnumerateFiles request failed. Invalid response. code=403 error=<?xml version="1.0" encoding="UTF-8"?>
<Error><Code>AccessDenied</Code><Message>Access Denied</Message><RequestId>DEF09982DA443CCC</RequestId><HostId>acdYWYSqN4TWZgkrNwMb0Fy4MfjP3qvxLWZFydWnR6HnDoRn2QlmMOAI4sYTy5ho</HostId></Error>
[2014.07.05-03.47.01:168][  4]LogEpicSurvey:Warning: EnumerateFiles request failed. Invalid response. code=403 error=<?xml version="1.0" encoding="UTF-8"?>
<Error><Code>AccessDenied</Code><Message>Access Denied</Message><RequestId>B984E03EAE7C557E</RequestId><HostId>gpPE9GOmxfV46+mGGEnd5OVSkGepvVyalJCXwgLZEai665zbnjXL6eirxF9nImcp</HostId></Error>
[2014.07.05-03.47.01:202][  7]LogEpicSurvey:Warning: EnumerateFiles request failed. Invalid response. code=403 error=<?xml version="1.0" encoding="UTF-8"?>
<Error><Code>AccessDenied</Code><Message>Access Denied</Message><RequestId>3187CF056373D425</RequestId><HostId>WFzQ0ZpOLVhYv94irs0HGSsCksvhLBZR7uX/b2+Io7nJvut8rRT+hzosIc6d9bFL</HostId></Error>
[2014.07.05-03.47.01:222][  9]LogEpicStorage:Warning: ReadFile request failed. File request already pending for filename=http://cdn.unrealengine.com/newsfeed/blueprint_icon_b.png
[2014.07.05-03.47.01:222][  9]LogEpicStorage:Warning: ReadFile request failed. File request already pending for filename=http://cdn.unrealengine.com/newsfeed/blueprint_icon_b.png
[2014.07.05-03.47.05:204][238]Cmd: QUIT_EDITOR
[2014.07.05-03.47.05:243][238]LogWindowsTextInputMethodSystem:Error: Terminating failed while unadvising the language notification sink from the TSF source.
[2014.07.05-03.47.05:244][238]LogExit: Preparing to exit.
[2014.07.05-03.47.05:622][238]LogExit: Editor shut down
[2014.07.05-03.47.05:622][238]LogExit: Transaction tracking system shut down
[2014.07.05-03.47.05:625][238]LogParticles: Destroying 0 GPU particle simulations for FXSystem 0x000000001D6E4900
[2014.07.05-03.47.05:646][238]LogParticles: Destroying 0 GPU particle simulations for FXSystem 0x000000001E85DBC0
[2014.07.05-03.47.05:646][238]LogParticles: Destroying 0 GPU particle simulations for FXSystem 0x000000001C42DA80
[2014.07.05-03.47.05:646][238]LogParticles: Destroying 0 GPU particle simulations for FXSystem 0x000000001C733E20
[2014.07.05-03.47.05:646][238]LogExit: Object subsystem successfully closed.
[2014.07.05-03.47.05:671][238]LogModuleManager: Shutting down and abandoning module AndroidDeviceDetection (163)
[2014.07.05-03.47.05:671][238]LogModuleManager: Shutting down and abandoning module CrashTracker (162)
[2014.07.05-03.47.05:671][238]LogModuleManager: Shutting down and abandoning module HTTP (161)
[2014.07.05-03.47.05:671][238]LogModuleManager: Shutting down and abandoning module NewsFeed (160)
[2014.07.05-03.47.05:672][238]LogModuleManager: Shutting down and abandoning module SceneOutliner (159)
[2014.07.05-03.47.05:672][238]LogModuleManager: Shutting down and abandoning module StatsViewer (158)
[2014.07.05-03.47.05:672][238]LogModuleManager: Shutting down and abandoning module FoliageEdit (157)
[2014.07.05-03.47.05:672][238]LogModuleManager: Shutting down and abandoning module LandscapeEditor (156)
[2014.07.05-03.47.05:676][238]LogModuleManager: Shutting down and abandoning module MeshPaint (155)
[2014.07.05-03.47.05:676][238]LogModuleManager: Shutting down and abandoning module ActorPickerMode (154)
[2014.07.05-03.47.05:676][238]LogModuleManager: Shutting down and abandoning module GeometryMode (153)
[2014.07.05-03.47.05:676][238]LogModuleManager: Shutting down and abandoning module TextureAlignMode (152)
[2014.07.05-03.47.05:676][238]LogModuleManager: Shutting down and abandoning module BspMode (151)
[2014.07.05-03.47.05:676][238]LogModuleManager: Shutting down and abandoning module PlacementMode (150)
[2014.07.05-03.47.05:677][238]LogModuleManager: Shutting down and abandoning module AutomationWorker (149)
[2014.07.05-03.47.05:677][238]LogModuleManager: Shutting down and abandoning module ViewportSnapping (148)
[2014.07.05-03.47.05:677][238]LogModuleManager: Shutting down and abandoning module DeviceProfileEditor (147)
[2014.07.05-03.47.05:677][238]LogModuleManager: Shutting down and abandoning module UndoHistory (146)
[2014.07.05-03.47.05:677][238]LogModuleManager: Shutting down and abandoning module GameplayTagsEditor (145)
[2014.07.05-03.47.05:677][238]LogModuleManager: Shutting down and abandoning module UserFeedback (144)
[2014.07.05-03.47.05:677][238]LogModuleManager: Shutting down and abandoning module XmlParser (143)
[2014.07.05-03.47.05:677][238]LogModuleManager: Shutting down and abandoning module Blutility (142)
[2014.07.05-03.47.05:677][238]LogModuleManager: Shutting down and abandoning module AndroidPlatformEditor (139)
[2014.07.05-03.47.05:677][238]LogModuleManager: Shutting down and abandoning module AndroidRuntimeSettings (138)
[2014.07.05-03.47.05:677][238]LogModuleManager: Shutting down and abandoning module ProjectSettingsViewer (137)
[2014.07.05-03.47.05:677][238]LogModuleManager: Shutting down and abandoning module InputBindingEditor (136)
[2014.07.05-03.47.05:677][238]LogModuleManager: Shutting down and abandoning module EditorSettingsViewer (135)
[2014.07.05-03.47.05:677][238]LogModuleManager: Shutting down and abandoning module SettingsEditor (134)
[2014.07.05-03.47.05:677][238]LogModuleManager: Shutting down and abandoning module SessionLauncher (133)
[2014.07.05-03.47.05:677][238]LogModuleManager: Shutting down and abandoning module SessionFrontend (132)
[2014.07.05-03.47.05:677][238]LogModuleManager: Shutting down and abandoning module ProfilerClient (131)
[2014.07.05-03.47.05:677][238]LogModuleManager: Shutting down and abandoning module TargetDeviceServices (130)
[2014.07.05-03.47.05:677][238]LogModuleManager: Shutting down and abandoning module DeviceManager (129)
[2014.07.05-03.47.05:677][238]LogModuleManager: Shutting down and abandoning module AutomationController (128)
[2014.07.05-03.47.05:677][238]LogModuleManager: Shutting down and abandoning module AutomationWindow (127)
[2014.07.05-03.47.05:677][238]LogModuleManager: Shutting down and abandoning module Layers (126)
[2014.07.05-03.47.05:677][238]LogModuleManager: Shutting down and abandoning module ComponentVisualizers (125)
[2014.07.05-03.47.05:677][238]LogModuleManager: Shutting down and abandoning module DetailCustomizations (124)
[2014.07.05-03.47.05:677][238]LogModuleManager: Shutting down and abandoning module PackagesDialog (123)
[2014.07.05-03.47.05:677][238]LogModuleManager: Shutting down and abandoning module DirectoryWatcher (122)
[2014.07.05-03.47.05:677][238]LogModuleManager: Shutting down and abandoning module AssetRegistry (121)
[2014.07.05-03.47.05:760][238]LogModuleManager: Shutting down and abandoning module Persona (120)
[2014.07.05-03.47.05:760][238]LogModuleManager: Shutting down and abandoning module GraphEditor (119)
[2014.07.05-03.47.05:760][238]LogModuleManager: Shutting down and abandoning module ContentBrowser (118)
[2014.07.05-03.47.05:760][238]LogModuleManager: Shutting down and abandoning module ClassViewer (117)
[2014.07.05-03.47.05:760][238]LogModuleManager: Shutting down and abandoning module Toolbox (116)
[2014.07.05-03.47.05:760][238]LogModuleManager: Shutting down and abandoning module ModuleUI (115)
[2014.07.05-03.47.05:760][238]LogModuleManager: Shutting down and abandoning module Sequencer (114)
[2014.07.05-03.47.05:760][238]LogModuleManager: Shutting down and abandoning module MovieSceneTools (113)
[2014.07.05-03.47.05:761][238]LogModuleManager: Shutting down and abandoning module OutputLog (112)
[2014.07.05-03.47.05:761][238]LogModuleManager: Shutting down and abandoning module GammaUI (111)
[2014.07.05-03.47.05:761][238]LogModuleManager: Shutting down and abandoning module Documentation (110)
[2014.07.05-03.47.05:761][238]LogModuleManager: Shutting down and abandoning module DesktopPlatform (109)
[2014.07.05-03.47.05:761][238]LogModuleManager: Shutting down and abandoning module StreamingPauseRendering (108)
[2014.07.05-03.47.05:761][238]LogModuleManager: Shutting down and abandoning module AnalyticsET (107)
[2014.07.05-03.47.05:761][238]LogModuleManager: Shutting down and abandoning module Analytics (106)
[2014.07.05-03.47.05:761][238]LogModuleManager: Shutting down and abandoning module ProfilerService (105)
[2014.07.05-03.47.05:800][238]LogModuleManager: Shutting down and abandoning module TaskGraph (104)
[2014.07.05-03.47.05:800][238]LogModuleManager: Shutting down and abandoning module GameProjectGeneration (103)
[2014.07.05-03.47.05:800][238]LogModuleManager: Shutting down and abandoning module Matinee (102)
[2014.07.05-03.47.05:800][238]LogModuleManager: Shutting down and abandoning module Kismet (101)
[2014.07.05-03.47.05:800][238]LogModuleManager: Shutting down and abandoning module SlateReflector (100)
[2014.07.05-03.47.05:800][238]LogModuleManager: Shutting down and abandoning module LevelEditor (99)
[2014.07.05-03.47.05:801][238]LogModuleManager: Shutting down and abandoning module MainFrame (98)
[2014.07.05-03.47.05:801][238]LogModuleManager: Shutting down and abandoning module SourceControl (97)
[2014.07.05-03.47.05:801][238]LogModuleManager: Shutting down and abandoning module ImageWrapper (96)
[2014.07.05-03.47.05:801][238]LogModuleManager: Shutting down and abandoning module OnlineBlueprintSupport (95)
[2014.07.05-03.47.05:801][238]LogModuleManager: Shutting down and abandoning module PropertyEditor (94)
[2014.07.05-03.47.05:801][238]LogModuleManager: Shutting down and abandoning module AssetTools (93)
[2014.07.05-03.47.05:801][238]LogModuleManager: Shutting down and abandoning module BehaviorTreeEditor (92)
[2014.07.05-03.47.05:801][238]LogModuleManager: Shutting down and abandoning module FunctionalTesting (91)
[2014.07.05-03.47.05:801][238]LogModuleManager: Shutting down and abandoning module CollisionAnalyzer (90)
[2014.07.05-03.47.05:801][238]LogModuleManager: Shutting down and abandoning module WorkspaceMenuStructure (89)
[2014.07.05-03.47.05:801][238]LogModuleManager: Shutting down and abandoning module MessageLog (88)
[2014.07.05-03.47.05:801][238]LogModuleManager: Shutting down and abandoning module Slate (87)
[2014.07.05-03.47.05:801][238]LogModuleManager: Shutting down and abandoning module EditorStyle (86)
[2014.07.05-03.47.05:803][238]LogModuleManager: Shutting down and abandoning module SessionServices (85)
[2014.07.05-03.47.05:803][238]LogModuleManager: Shutting down and abandoning module Messaging (84)
[2014.07.05-03.47.05:803][238]LogModuleManager: Shutting down and abandoning module SourceCodeAccess (83)
[2014.07.05-03.47.05:803][238]LogModuleManager: Shutting down and abandoning module HeadMountedDisplay (82)
[2014.07.05-03.47.05:803][238]LogModuleManager: Shutting down and abandoning module XAudio2 (81)
[2014.07.05-03.47.05:803][238]LogModuleManager: Shutting down and abandoning module Networking (79)
[2014.07.05-03.47.05:803][238]LogModuleManager: Shutting down and abandoning module Core (78)
[2014.07.05-03.47.05:803][238]LogModuleManager: Shutting down and abandoning module KismetCompiler (77)
[2014.07.05-03.47.05:803][238]LogModuleManager: Shutting down and abandoning module PhysXFormats (76)
[2014.07.05-03.47.05:803][238]LogModuleManager: Shutting down and abandoning module SimplygonMeshReduction (75)
[2014.07.05-03.47.05:803][238]LogModuleManager: Shutting down and abandoning module MeshUtilities (74)
[2014.07.05-03.47.05:803][238]LogModuleManager: Shutting down and abandoning module DerivedDataCache (73)
[2014.07.05-03.47.06:295][238]LogDerivedDataCache: Shutdown
[2014.07.05-03.47.06:295][238]LogModuleManager: Shutting down and abandoning module ShaderFormatOpenGL (72)
[2014.07.05-03.47.06:295][238]LogModuleManager: Shutting down and abandoning module ShaderFormatD3D (71)
[2014.07.05-03.47.06:295][238]LogModuleManager: Shutting down and abandoning module TextureFormatUncompressed (70)
[2014.07.05-03.47.06:295][238]LogModuleManager: Shutting down and abandoning module TextureFormatPVR (69)
[2014.07.05-03.47.06:295][238]LogModuleManager: Shutting down and abandoning module TextureFormatDXT (68)
[2014.07.05-03.47.06:295][238]LogModuleManager: Shutting down and abandoning module TextureFormatAndroid (67)
[2014.07.05-03.47.06:295][238]LogModuleManager: Shutting down and abandoning module AudioFormatOpus (66)
[2014.07.05-03.47.06:295][238]LogModuleManager: Shutting down and abandoning module AudioFormatOgg (65)
[2014.07.05-03.47.06:295][238]LogModuleManager: Shutting down and abandoning module AudioFormatADPCM (64)
[2014.07.05-03.47.06:295][238]LogModuleManager: Shutting down and abandoning module Android_PVRTCTargetPlatform (63)
[2014.07.05-03.47.06:295][238]LogModuleManager: Shutting down and abandoning module Android_ETC2TargetPlatform (62)
[2014.07.05-03.47.06:295][238]LogModuleManager: Shutting down and abandoning module Android_ETC1TargetPlatform (61)
[2014.07.05-03.47.06:295][238]LogModuleManager: Shutting down and abandoning module Android_DXTTargetPlatform (60)
[2014.07.05-03.47.06:295][238]LogModuleManager: Shutting down and abandoning module Android_ATCTargetPlatform (59)
[2014.07.05-03.47.06:295][238]LogModuleManager: Shutting down and abandoning module AndroidTargetPlatform (58)
[2014.07.05-03.47.06:295][238]LogModuleManager: Shutting down and abandoning module WindowsTargetPlatform (57)
[2014.07.05-03.47.06:295][238]LogModuleManager: Shutting down and abandoning module WindowsServerTargetPlatform (56)
[2014.07.05-03.47.06:295][238]LogModuleManager: Shutting down and abandoning module WindowsNoEditorTargetPlatform (55)
[2014.07.05-03.47.06:295][238]LogModuleManager: Shutting down and abandoning module WindowsClientTargetPlatform (54)
[2014.07.05-03.47.06:295][238]LogModuleManager: Shutting down and abandoning module TargetPlatform (53)
[2014.07.05-03.47.06:295][238]LogModuleManager: Shutting down and abandoning module InputCore (52)
[2014.07.05-03.47.06:295][238]LogModuleManager: Shutting down and abandoning module Settings (51)
[2014.07.05-03.47.06:295][238]LogModuleManager: Shutting down and abandoning module TextureCompressor (48)
[2014.07.05-03.47.06:295][238]LogModuleManager: Shutting down and abandoning module ShaderCore (47)
[2014.07.05-03.47.06:295][238]LogModuleManager: Shutting down and abandoning module OpenGLDrv (46)
[2014.07.05-03.47.06:295][238]LogModuleManager: Shutting down and abandoning module D3D11RHI (45)
[2014.07.05-03.47.06:295][238]LogModuleManager: Shutting down and abandoning module SlateRHIRenderer (44)
[2014.07.05-03.47.06:295][238]LogModuleManager: Shutting down and abandoning module Renderer (43)
[2014.07.05-03.47.06:295][238]LogModuleManager: Shutting down and abandoning module Engine (42)
[2014.07.05-03.47.06:295][238]LogModuleManager: Shutting down and abandoning module SlateRemote (41)
[2014.07.05-03.47.06:295][238]LogModuleManager: Shutting down and abandoning module ScriptPlugin (40)
[2014.07.05-03.47.06:295][238]LogModuleManager: Shutting down and abandoning module ScriptEditorPlugin (38)
[2014.07.05-03.47.06:295][238]LogModuleManager: Shutting down and abandoning module WindowsMoviePlayer (37)
[2014.07.05-03.47.06:297][238]LogModuleManager: Shutting down and abandoning module ExampleDeviceProfileSelector (32)
[2014.07.05-03.47.06:297][238]LogModuleManager: Shutting down and abandoning module CustomMeshComponent (31)
[2014.07.05-03.47.06:297][238]LogModuleManager: Shutting down and abandoning module CableComponent (30)
[2014.07.05-03.47.06:297][238]LogModuleManager: Shutting down and abandoning module OculusRift (26)
[2014.07.05-03.47.06:297][238]LogModuleManager: Shutting down and abandoning module UdpMessaging (25)
[2014.07.05-03.47.06:397][238]LogModuleManager: Shutting down and abandoning module MessagingDebugger (24)
[2014.07.05-03.47.06:397][238]LogModuleManager: Shutting down and abandoning module PluginsEditor (14)
[2014.07.05-03.47.06:397][238]LogModuleManager: Shutting down and abandoning module IntroTutorials (13)
[2014.07.05-03.47.06:397][238]LogModuleManager: Shutting down and abandoning module EpicSurvey (12)
[2014.07.05-03.47.06:397][238]LogModuleManager: Shutting down and abandoning module VisualStudioSourceCodeAccess (10)
[2014.07.05-03.47.06:397][238]LogModuleManager: Shutting down and abandoning module UObjectPlugin (9)
[2014.07.05-03.47.06:397][238]LogModuleManager: Shutting down and abandoning module SubversionSourceControl (8)
[2014.07.05-03.47.06:397][238]LogModuleManager: Shutting down and abandoning module PerforceSourceControl (7)
[2014.07.05-03.47.06:397][238]LogModuleManager: Shutting down and abandoning module BlankPlugin (6)
[2014.07.05-03.47.06:397][238]LogModuleManager: Shutting down and abandoning module CoreUObject (5)
[2014.07.05-03.47.06:397][238]LogModuleManager: Shutting down and abandoning module NetworkFile (4)
[2014.07.05-03.47.06:397][238]LogModuleManager: Shutting down and abandoning module StreamingFile (3)
[2014.07.05-03.47.06:397][238]LogModuleManager: Shutting down and abandoning module SandboxFile (2)
[2014.07.05-03.47.06:397][238]LogModuleManager: Shutting down and abandoning module PakFile (1)
[2014.07.05-03.47.06:397][238]LogExit: Exiting.
[2014.07.05-03.47.06:399][238]Log file closed, 07/05/14 05:47:06
