Log file open, 07/03/14 03:09:06
LogInit:Display: Running engine without a game
LogInit:Display: Loading recent project file: D:/UDK4 Projects/Waagenbau/MyProject3/MyProject3.uproject
LogInit: Version: 4.2.1-2101290+++depot+UE4-Releases+4.2
LogInit: Compiled (64-bit): Jun 10 2014 22:21:56
LogInit: Build Configuration: Development
LogInit: Branch Name: ++depot+UE4-Releases+4.2
LogInit: Command line: 
LogInit: Base directory: E:/Unreal Engine/4.2/Engine/Binaries/Win64/
LogInit: Rocket: 1
[2014.07.03-01.09.06:092][  0]LogTaskGraph: Started task graph with 3 named threads and 6 total threads.
[2014.07.03-01.09.06:136][  0]LogOnline:Warning: No default platform service specified for OnlineSubsystem
[2014.07.03-01.09.06:143][  0]LogInit: Presizing for 0 objects not considered by GC, pre-allocating 0 bytes.
[2014.07.03-01.09.06:149][  0]LogInit: Object subsystem initialized
[2014.07.03-01.09.06:150][  0]LogInit: Selected Device Profile: [Windows]
[2014.07.03-01.09.06:150][  0]LogInit: Applying CVar settings loaded from the selected device profile: [Windows]
[2014.07.03-01.09.06:153][  0]LogInit: Computer: SPAEHLING-PC
[2014.07.03-01.09.06:153][  0]LogInit: User: Spaehling
[2014.07.03-01.09.06:154][  0]LogInit: CPU Page size=4096, Cores=6
[2014.07.03-01.09.06:154][  0]LogInit: High frequency timer resolution =3.126962 MHz
[2014.07.03-01.09.06:154][  0]LogMemory: Memory total: Physical=64.0GB (64GB approx) Virtual=8192.0GB
[2014.07.03-01.09.06:154][  0]LogMemory: Platform Memory Stats for Windows
[2014.07.03-01.09.06:154][  0]LogMemory: Process Physical Memory: 57.48 MB used, 57.48 MB peak
[2014.07.03-01.09.06:154][  0]LogMemory: Process Virtual Memory: 33.51 MB used, 33.67 MB peak
[2014.07.03-01.09.06:154][  0]LogMemory: Physical Memory: 12109.17 MB used, 65486.15 MB total
[2014.07.03-01.09.06:154][  0]LogMemory: Virtual Memory: 241.65 MB used, 8388608.00 MB total
[2014.07.03-01.09.06:200][  0]LogD3D11RHI: Found D3D11 adapter 0: NVIDIA GeForce GTX 690 (Feature Level 11_0)
[2014.07.03-01.09.06:200][  0]LogD3D11RHI: Adapter has 1990MB of dedicated video memory, 0MB of dedicated system memory, and 2048MB of shared system memory, 1 output[s]
[2014.07.03-01.09.06:221][  0]LogD3D11RHI: Found D3D11 adapter 1: NVIDIA GeForce GTX 690 (Feature Level 11_0)
[2014.07.03-01.09.06:221][  0]LogD3D11RHI: Adapter has 1990MB of dedicated video memory, 0MB of dedicated system memory, and 2048MB of shared system memory, 1 output[s]
[2014.07.03-01.09.06:221][  0]LogD3D11RHI: Chosen D3D11 Adapter Id = 0
[2014.07.03-01.09.06:227][  0]LogRHI: Texture pool is 1361 MB (70% of 1945 MB)
[2014.07.03-01.09.06:236][  0]LogD3D11RHI: Async texture creation enabled
[2014.07.03-01.09.06:289][  0]LogTextLocalizationManager:Warning: The selected culture 'de_DE' is not available; falling back to 'en'
[2014.07.03-01.09.06:339][  0]LogContentStreaming: Texture pool size is 0.000000MB
[2014.07.03-01.09.07:080][  0]LogTargetPlatformManager:Display: Building Assets For Windows
[2014.07.03-01.09.07:152][  0]LogTargetPlatformManager:Display: Building Assets For Windows
[2014.07.03-01.09.07:178][  0]LogDerivedDataCache:Display: Max Cache Size: 512 MB
[2014.07.03-01.09.07:213][  0]LogDerivedDataCache: Loaded boot cache 0.03s 39MB C:/Users/Spaehling/AppData/Local/UnrealEngine/4.2/DerivedDataCache/Boot.ddc.
[2014.07.03-01.09.07:213][  0]LogDerivedDataCache:Display: Loaded Boot cache: C:/Users/Spaehling/AppData/Local/UnrealEngine/4.2/DerivedDataCache/Boot.ddc
[2014.07.03-01.09.07:213][  0]LogDerivedDataCache: FDerivedDataBackendGraph:  Pak pak cache file D:/UDK4 Projects/Waagenbau/MyProject3/DerivedDataCache/DDC.ddp not found, will not use a pak cache.
[2014.07.03-01.09.07:213][  0]LogDerivedDataCache: Unable to find inner node Pak for hierarchical cache Hierarchy.
[2014.07.03-01.09.07:223][  0]LogDerivedDataCache:Display: Pak cache opened for reading ../../../Engine/DerivedDataCache/DDC.ddp.
[2014.07.03-01.09.07:234][  0]LogDerivedDataCache: Using Local data cache path C:/Users/Spaehling/AppData/Local/UnrealEngine/4.2/DerivedDataCache: Writable
[2014.07.03-01.09.07:373][  0]LogMeshUtilities: No automatic mesh reduction module available
[2014.07.03-01.09.07:373][  0]LogMeshUtilities: No automatic mesh merging module available
[2014.07.03-01.09.07:650][  0]LogInit: WinSock: version 1.1 (2.2), MaxSocks=32767, MaxUdp=65467
[2014.07.03-01.09.07:947][  0]LogStreaming:Warning: Failed to read file '../../../Engine/Content/Editor/Slate/Icons/ActorIcons/GroupActor_16x.png' error.
[2014.07.03-01.09.07:948][  0]LogSlate: Could not find file for Slate resource: ../../../Engine/Content/Editor/Slate/Icons/ActorIcons/GroupActor_16x.png
[2014.07.03-01.09.07:952][  0]LogStreaming:Warning: Failed to read file '../../../Engine/Content/Editor/Slate/Icons/ActorIcons/DecalActor_16x.png' error.
[2014.07.03-01.09.07:952][  0]LogSlate: Could not find file for Slate resource: ../../../Engine/Content/Editor/Slate/Icons/ActorIcons/DecalActor_16x.png
[2014.07.03-01.09.08:186][  0]UdpMessaging: Initializing bridge on interface 0.0.0.0:0 to multicast group 230.0.0.1:6666.
[2014.07.03-01.09.08:277][  0]SourceControl: Info Source control is disabled
[2014.07.03-01.09.08:277][  0]SourceControl: Info Source control is disabled
[2014.07.03-01.09.08:284][  0]SourceControl: Info Source control is disabled
[2014.07.03-01.09.08:363][  0]BlueprintLog: New page: Editor Load
[2014.07.03-01.09.08:393][  0]LogObj: 19203 objects as part of root set at end of initial load.
[2014.07.03-01.09.08:393][  0]LogUObjectAllocator: 3820568 out of 0 bytes used by permanent object pool.
[2014.07.03-01.09.08:706][  0]LogEngine: Initializing Engine...
[2014.07.03-01.09.08:805][  0]LogInit: XAudio2 using 'Lautsprecher (Corsair Vengeance 2000 Headset)' : 8 channels at 44.1 kHz using 16 bits per sample (channel mask 0x63f)
[2014.07.03-01.09.08:814][  0]LogInit: FAudioDevice initialized.
[2014.07.03-01.09.08:833][  0]LogDerivedDataCache: Saved boot cache 0.02s 39MB C:/Users/Spaehling/AppData/Local/UnrealEngine/4.2/DerivedDataCache/Boot.ddc.
[2014.07.03-01.09.08:838][  0]LogInit: Texture streaming: Enabled
[2014.07.03-01.09.08:861][  0]LogInit: Transaction tracking system initialized
[2014.07.03-01.09.08:936][  0]LogAssetRegistry: FAssetRegistry took 0.0101 seconds to start up
[2014.07.03-01.09.09:047][  0]LogModuleManager:Warning: ModuleManager: Unable to load module '' because the file was not found.
[2014.07.03-01.09.09:050][  0]LogModuleManager:Warning: ModuleManager: Unable to load module '' because the file was not found.
[2014.07.03-01.09.09:086][  0]LogConsoleResponse:Display: 
[2014.07.03-01.09.09:250][  0]SourceControl: Info Source control is disabled
[2014.07.03-01.09.09:250][  0]Cmd: MAP LOAD FILE="D:/UDK4 Projects/Waagenbau/MyProject3/Content/Maps/waagenbau.umap" TEMPLATE=0 SHOWPROGRESS=1 WORLDCOMPOSITION=0
[2014.07.03-01.09.09:250][  0]LightingResults: New page: Lighting Build
[2014.07.03-01.09.09:255][  0]MapCheck: New page: Map Check
[2014.07.03-01.09.09:255][  0]LightingResults: New page: Lighting Build
[2014.07.03-01.09.09:260][  0]LogParticles: Destroying 0 GPU particle simulations for FXSystem 0x0000000012262F20
[2014.07.03-01.09.09:576][  0]LogBlueprint:Error: [compiler] Error This blueprint (self) is not a MaterialInstanceDynamic, therefore ' Target ' must have a connection
[2014.07.03-01.09.09:577][  0]LogBlueprint:Warning: [compiler] Warning [0004.08] Compile of BotCharacter_Male failed. 1 Fatal Issue(s) 0 Warning(s) [in 2 ms]
[2014.07.03-01.09.10:511][  0]LogBlueprintUserMessages:Warning: SetTimer passed a bad function () or object (DiscoLight_1_C_0)
[2014.07.03-01.09.10:512][  0]LogBlueprintUserMessages:Warning: SetTimer passed a bad function () or object (DiscoLight_1_C_1)
[2014.07.03-01.09.10:513][  0]LogBlueprintUserMessages:Warning: SetTimer passed a bad function () or object (DiscoLight_1_C_2)
[2014.07.03-01.09.10:513][  0]LogBlueprintUserMessages:Warning: SetTimer passed a bad function () or object (DiscoLight_1_C_3)
[2014.07.03-01.09.10:514][  0]LogBlueprintUserMessages:Warning: SetTimer passed a bad function () or object (DiscoLight_1_C_4)
[2014.07.03-01.09.10:515][  0]LogBlueprintUserMessages:Warning: SetTimer passed a bad function () or object (DiscoLight_1_C_5)
[2014.07.03-01.09.10:515][  0]LogBlueprintUserMessages:Warning: SetTimer passed a bad function () or object (DiscoLight_1_C_6)
[2014.07.03-01.09.10:516][  0]LogBlueprintUserMessages:Warning: SetTimer passed a bad function () or object (DiscoLight_1_C_7)
[2014.07.03-01.09.10:517][  0]LogBlueprintUserMessages:Warning: SetTimer passed a bad function () or object (DiscoLight_1_C_8)
[2014.07.03-01.09.10:517][  0]LogBlueprintUserMessages:Warning: SetTimer passed a bad function () or object (DiscoLight_1_C_9)
[2014.07.03-01.09.10:518][  0]LogBlueprintUserMessages:Warning: SetTimer passed a bad function () or object (DiscoLight_1_C_10)
[2014.07.03-01.09.10:518][  0]LogBlueprintUserMessages:Warning: SetTimer passed a bad function () or object (DiscoLight_1_C_11)
[2014.07.03-01.09.10:519][  0]LogBlueprintUserMessages:Warning: SetTimer passed a bad function () or object (DiscoLight_1_C_12)
[2014.07.03-01.09.10:519][  0]LogBlueprintUserMessages:Warning: SetTimer passed a bad function () or object (DiscoLight_1_C_13)
[2014.07.03-01.09.10:520][  0]LogBlueprintUserMessages:Warning: SetTimer passed a bad function () or object (DiscoLight_1_C_14)
[2014.07.03-01.09.10:521][  0]LogBlueprintUserMessages:Warning: SetTimer passed a bad function () or object (DiscoLight_1_C_15)
[2014.07.03-01.09.10:521][  0]LogBlueprintUserMessages:Warning: SetTimer passed a bad function () or object (DiscoLight_1_C_16)
[2014.07.03-01.09.10:522][  0]LogBlueprintUserMessages:Warning: SetTimer passed a bad function () or object (DiscoLight_1_C_34)
[2014.07.03-01.09.10:522][  0]LogBlueprintUserMessages:Warning: SetTimer passed a bad function () or object (DiscoLight_1_C_35)
[2014.07.03-01.09.10:523][  0]LogBlueprintUserMessages:Warning: SetTimer passed a bad function () or object (DiscoLight_1_C_36)
[2014.07.03-01.09.10:523][  0]LogBlueprintUserMessages:Warning: SetTimer passed a bad function () or object (DiscoLight_1_C_37)
[2014.07.03-01.09.10:558][  0]LogEditorServer: Finished looking for orphan Actors (0.000 secs)
[2014.07.03-01.09.10:558][  0]Cmd: MAP CHECKDEP
[2014.07.03-01.09.10:558][  0]MapCheck: New page: waagenbau - Jul 3, 2014, 5:09:10 AM
[2014.07.03-01.09.10:616][  0]MapCheck: Info ========== Map Check: 0 Error(s), 0 Warning(s), [57.772ms] ==========
[2014.07.03-01.09.10:616][  0]LogFileHelpers: Loading map 'waagenbau' took 1.367
[2014.07.03-01.09.10:751][  0]LogCrashTracker: Crashtracker disabled due to settings.
[2014.07.03-01.09.10:752][  0]Cmd: MODE PLACEMENT
[2014.07.03-01.09.10:803][  0]LogLoad: Full Startup: 5.30 seconds (BP compile: 0.28 seconds)
[2014.07.03-01.09.10:881][  0]LogRenderer:Warning: Reallocating scene render targets to support 32x32.
[2014.07.03-01.09.10:954][  0]LogRenderer:Warning: Reallocating scene render targets to support 1056x856.
[2014.07.03-01.09.11:200][  1]LogEpicStorage:Warning: EnumerateFiles request failed. Invalid response. code=403 error=<?xml version="1.0" encoding="UTF-8"?>
<Error><Code>AccessDenied</Code><Message>Access Denied</Message><RequestId>AEB7F2B03134FDE4</RequestId><HostId>yjoLN5oDpvCsXZaABTWPZ4+c/rmwqwohFGE1UCQtPFy6AsfPoJl9K8B+NYAV/unC</HostId></Error>
[2014.07.03-01.09.11:230][  1]LogAssetRegistry: Asset discovery search completed in 2.3043 seconds
[2014.07.03-01.09.11:285][  2]LogEpicSurvey:Warning: EnumerateFiles request failed. Invalid response. code=403 error=<?xml version="1.0" encoding="UTF-8"?>
<Error><Code>AccessDenied</Code><Message>Access Denied</Message><RequestId>E113B556DE769E83</RequestId><HostId>6Tsp1t+EGTrk2jjo/bjamQ+E6UM+BOKrtd0X1+RwTXa3ErbU3m3gpi8OHXdYoYuJ</HostId></Error>
[2014.07.03-01.09.11:298][  3]LogEpicStorage:Warning: EnumerateFiles request failed. Invalid response. code=403 error=<?xml version="1.0" encoding="UTF-8"?>
<Error><Code>AccessDenied</Code><Message>Access Denied</Message><RequestId>AEB7F2B03134FDE4</RequestId><HostId>yjoLN5oDpvCsXZaABTWPZ4+c/rmwqwohFGE1UCQtPFy6AsfPoJl9K8B+NYAV/unC</HostId></Error>
[2014.07.03-01.09.11:323][  4]LogEpicSurvey:Warning: EnumerateFiles request failed. Invalid response. code=403 error=<?xml version="1.0" encoding="UTF-8"?>
<Error><Code>AccessDenied</Code><Message>Access Denied</Message><RequestId>E113B556DE769E83</RequestId><HostId>6Tsp1t+EGTrk2jjo/bjamQ+E6UM+BOKrtd0X1+RwTXa3ErbU3m3gpi8OHXdYoYuJ</HostId></Error>
[2014.07.03-01.09.11:453][  6]LogEpicSurvey:Warning: EnumerateFiles request failed. Invalid response. code=403 error=<?xml version="1.0" encoding="UTF-8"?>
<Error><Code>AccessDenied</Code><Message>Access Denied</Message><RequestId>7517BB7229356513</RequestId><HostId>pbPyIibDwmg+gmeFFoye+LO3N4a5ebkYS5wPkqrkcYfkYtWy2JdsK3AE/BX3fSGB</HostId></Error>
[2014.07.03-01.09.11:541][  7]LogEpicStorage:Warning: ReadFile request failed. File request already pending for filename=http://cdn.unrealengine.com/newsfeed/blueprint_icon_b.png
[2014.07.03-01.09.11:542][  7]LogEpicStorage:Warning: ReadFile request failed. File request already pending for filename=http://cdn.unrealengine.com/newsfeed/blueprint_icon_b.png
[2014.07.03-01.09.42:625][776]LogEditorViewport: Clicking on Actor (context menu): BotCharacter_Male_C (BotCharacter)
[2014.07.03-01.09.44:247][930]LogMaterial: Missing cached shader map for material PreviewMaterial_0, compiling.
[2014.07.03-01.09.44:263][930]LogActorComponent: UnregisterComponent: (/Engine/Transient.SkeletalMeshComponent_2) Not registered. Aborting.
[2014.07.03-01.09.44:343][930]LogMaterial: Missing cached shader map for material FMatExpressionPreview MaterialExpressionAdd_4, compiling.
[2014.07.03-01.09.44:344][930]LogMaterial: Missing cached shader map for material FMatExpressionPreview MaterialExpressionTextureSampleParameter2D_1, compiling.
[2014.07.03-01.09.44:345][930]LogMaterial: Missing cached shader map for material FMatExpressionPreview MaterialExpressionTextureSampleParameter2D_0, compiling.
[2014.07.03-01.09.44:346][930]LogMaterial: Missing cached shader map for material FMatExpressionPreview MaterialExpressionVectorParameter_0, compiling.
[2014.07.03-01.09.44:348][930]LogMaterial: Missing cached shader map for material FMatExpressionPreview MaterialExpressionMultiply_5, compiling.
[2014.07.03-01.09.44:349][930]LogMaterial: Missing cached shader map for material FMatExpressionPreview MaterialExpressionTextureSampleParameter2D_2, compiling.
[2014.07.03-01.09.44:350][930]LogMaterial: Missing cached shader map for material FMatExpressionPreview MaterialExpressionMultiply_8, compiling.
[2014.07.03-01.09.44:351][930]LogMaterial: Missing cached shader map for material FMatExpressionPreview MaterialExpressionVectorParameter_3, compiling.
[2014.07.03-01.09.44:352][930]LogMaterial: Missing cached shader map for material FMatExpressionPreview MaterialExpressionVectorParameter_4, compiling.
[2014.07.03-01.09.44:353][930]LogMaterial: Missing cached shader map for material FMatExpressionPreview MaterialExpressionTextureSampleParameter2D_3, compiling.
[2014.07.03-01.09.44:354][930]LogActorComponent: UnregisterComponent: (/Engine/Transient.SkeletalMeshComponent_2) Not registered. Aborting.
[2014.07.03-01.09.44:354][930]LogActorComponent: RegisterComponentWithWorld: (/Engine/Transient.MaterialEditorMeshComponent_0) Already registered. Aborting.
[2014.07.03-01.09.44:355][930]LogUObjectGlobals:Warning: Failed to find object 'StaticMesh /Game/Character/monika.monika'
[2014.07.03-01.09.44:377][930]LogMaterial: Missing cached shader map for material FMatExpressionPreview MaterialExpressionAdd_4, compiling.
[2014.07.03-01.09.44:378][930]LogMaterial: Missing cached shader map for material FMatExpressionPreview MaterialExpressionTextureSampleParameter2D_1, compiling.
[2014.07.03-01.09.44:379][930]LogMaterial: Missing cached shader map for material FMatExpressionPreview MaterialExpressionTextureSampleParameter2D_0, compiling.
[2014.07.03-01.09.44:381][930]LogMaterial: Missing cached shader map for material FMatExpressionPreview MaterialExpressionVectorParameter_0, compiling.
[2014.07.03-01.09.44:382][930]LogMaterial: Missing cached shader map for material FMatExpressionPreview MaterialExpressionMultiply_5, compiling.
[2014.07.03-01.09.44:383][930]LogMaterial: Missing cached shader map for material FMatExpressionPreview MaterialExpressionTextureSampleParameter2D_2, compiling.
[2014.07.03-01.09.44:384][930]LogMaterial: Missing cached shader map for material FMatExpressionPreview MaterialExpressionMultiply_8, compiling.
[2014.07.03-01.09.44:386][930]LogMaterial: Missing cached shader map for material FMatExpressionPreview MaterialExpressionVectorParameter_3, compiling.
[2014.07.03-01.09.44:387][930]LogMaterial: Missing cached shader map for material FMatExpressionPreview MaterialExpressionVectorParameter_4, compiling.
[2014.07.03-01.09.44:389][930]LogMaterial: Missing cached shader map for material FMatExpressionPreview MaterialExpressionTextureSampleParameter2D_3, compiling.
[2014.07.03-01.09.45:045][930]LogActorComponent: UnregisterComponent: (/Engine/Transient.SkeletalMeshComponent_3) Not registered. Aborting.
[2014.07.03-01.09.45:071][930]LogActorComponent: UnregisterComponent: (/Engine/Transient.SkeletalMeshComponent_3) Not registered. Aborting.
[2014.07.03-01.09.45:071][930]LogActorComponent: RegisterComponentWithWorld: (/Engine/Transient.MaterialEditorMeshComponent_1) Already registered. Aborting.
[2014.07.03-01.09.45:080][930]MaterialEditorStats: Info Base pass shader with only dynamic lighting: 85 instructions
[2014.07.03-01.09.45:080][930]MaterialEditorStats: Info Vertex shader: 33 instructions
[2014.07.03-01.09.45:080][930]MaterialEditorStats: Info Texture samplers: 6/16
[2014.07.03-01.09.46:114][968]LogRenderer:Warning: Reallocating scene render targets to support 1392x936.
[2014.07.03-01.09.47:219][984]LogCollectionManager: Loaded 0 collections in 0.000681 seconds
[2014.07.03-01.13.45:937][580]BlueprintLog: New page: Compile BotCharacter_Male
[2014.07.03-01.13.45:943][580]LogBlueprint:Error: [compiler] Error This blueprint (self) is not a MaterialInstanceDynamic, therefore ' Target ' must have a connection
[2014.07.03-01.13.45:965][580]LogBlueprint:Warning: [compiler] Warning [0280.46] Compile of BotCharacter_Male failed. 1 Fatal Issue(s) 0 Warning(s) [in 23 ms]
[2014.07.03-01.13.46:493][580]BlueprintEditorCompileResults:Error: Error This blueprint (self) is not a MaterialInstanceDynamic, therefore ' Target ' must have a connection
[2014.07.03-01.13.46:493][580]BlueprintEditorCompileResults:Warning: Warning [0280.46] Compile of BotCharacter_Male failed. 1 Fatal Issue(s) 0 Warning(s) [in 23 ms]
[2014.07.03-01.14.33:722][757]LogSlate:Warning: GetFontFace failed to load or process 'Roboto-Regular'
[2014.07.03-01.14.33:722][757]LogSlate:Warning: GetFontFace failed to load or process 'Roboto-Regular'
[2014.07.03-01.14.33:724][757]LogSlate:Warning: GetFontFace failed to load or process 'Roboto-Regular'
[2014.07.03-01.14.33:724][757]LogSlate:Warning: GetFontFace failed to load or process 'Roboto-Regular'
[2014.07.03-01.14.33:724][757]LogSlate:Warning: GetFontFace failed to load or process 'Roboto-Regular'
[2014.07.03-01.14.33:724][757]LogSlate:Warning: GetFontFace failed to load or process 'Roboto-Regular'
[2014.07.03-01.14.33:724][757]LogSlate:Warning: GetFontFace failed to load or process 'Roboto-Regular'
[2014.07.03-01.14.33:724][757]LogSlate:Warning: GetFontFace failed to load or process 'Roboto-Regular'
[2014.07.03-01.14.33:724][757]LogSlate:Warning: GetFontFace failed to load or process 'Roboto-Regular'
[2014.07.03-01.14.33:724][757]LogSlate:Warning: GetFontFace failed to load or process 'Roboto-Regular'
[2014.07.03-01.14.33:724][757]LogSlate:Warning: GetFontFace failed to load or process 'Roboto-Regular'
[2014.07.03-01.14.33:724][757]LogSlate:Warning: GetFontFace failed to load or process 'Roboto-Regular'
[2014.07.03-01.14.33:724][757]LogSlate:Warning: GetFontFace failed to load or process 'Roboto-Regular'
[2014.07.03-01.14.33:724][757]LogSlate:Warning: GetFontFace failed to load or process 'Roboto-Regular'
[2014.07.03-01.14.33:724][757]LogSlate:Warning: GetFontFace failed to load or process 'Roboto-Regular'
[2014.07.03-01.14.33:724][757]LogSlate:Warning: GetFontFace failed to load or process 'Roboto-Regular'
[2014.07.03-01.14.33:725][757]LogSlate:Warning: GetFontFace failed to load or process 'Roboto-Regular'
[2014.07.03-01.14.33:725][757]LogSlate:Warning: GetFontFace failed to load or process 'Roboto-Regular'
[2014.07.03-01.14.33:725][757]LogSlate:Warning: GetFontFace failed to load or process 'Roboto-Regular'
[2014.07.03-01.14.33:725][757]LogSlate:Warning: GetFontFace failed to load or process 'Roboto-Regular'
[2014.07.03-01.14.33:725][757]LogSlate:Warning: GetFontFace failed to load or process 'Roboto-Regular'
[2014.07.03-01.14.33:725][757]LogSlate:Warning: GetFontFace failed to load or process 'Roboto-Regular'
[2014.07.03-01.14.33:725][757]LogSlate:Warning: GetFontFace failed to load or process 'Roboto-Regular'
[2014.07.03-01.15.21:886][290]LogSlate:Warning: GetFontFace failed to load or process 'Roboto-Regular'
[2014.07.03-01.15.21:886][290]LogSlate:Warning: GetFontFace failed to load or process 'Roboto-Regular'
[2014.07.03-01.15.21:886][290]LogSlate:Warning: GetFontFace failed to load or process 'Roboto-Regular'
[2014.07.03-01.15.21:886][290]LogSlate:Warning: GetFontFace failed to load or process 'Roboto-Regular'
[2014.07.03-01.15.21:886][290]LogSlate:Warning: GetFontFace failed to load or process 'Roboto-Regular'
[2014.07.03-01.15.21:886][290]LogSlate:Warning: GetFontFace failed to load or process 'Roboto-Regular'
[2014.07.03-01.15.29:574][624]BlueprintLog: New page: Compile BotCharacter_Male
[2014.07.03-01.15.29:976][624]BlueprintEditorCompileResults: Info [0384.12] Compile of BotCharacter_Male successful! [in 42 ms]
[2014.07.03-01.15.33:693][708]LogEditorViewport: Clicking on Actor (LMB): StaticMeshActor (wg_floor)
[2014.07.03-01.15.34:290][721]LogEditorViewport: Clicking on Actor (LMB): BotCharacter_Male_C (BotCharacter)
[2014.07.03-01.15.40:116][845]BlueprintLog: New page: Compile BotCharacter_Male
[2014.07.03-01.15.40:496][845]BlueprintEditorCompileResults: Info [0394.64] Compile of BotCharacter_Male successful! [in 22 ms]
[2014.07.03-01.16.52:755][406]BlueprintLog: New page: Compile BotCharacter_Male
[2014.07.03-01.16.53:120][406]BlueprintEditorCompileResults: Info [0467.28] Compile of BotCharacter_Male successful! [in 23 ms]
[2014.07.03-01.17.32:114][772]BlueprintLog: New page: Compile BotCharacter_Male
[2014.07.03-01.17.32:496][772]BlueprintEditorCompileResults: Info [0506.63] Compile of BotCharacter_Male successful! [in 23 ms]
[2014.07.03-01.18.34:467][283]LogSlate:Warning: GetFontFace failed to load or process 'Roboto-Regular'
[2014.07.03-01.18.34:467][283]LogSlate:Warning: GetFontFace failed to load or process 'Roboto-Regular'
[2014.07.03-01.18.34:467][283]LogSlate:Warning: GetFontFace failed to load or process 'Roboto-Regular'
[2014.07.03-01.18.50:843][753]BlueprintLog: New page: Compile BotCharacter_Male
[2014.07.03-01.18.51:248][753]BlueprintEditorCompileResults: Info [0585.36] Compile of BotCharacter_Male successful! [in 22 ms]
[2014.07.03-01.19.11:558][189]LogSavePackage: Save=526.620117ms
[2014.07.03-01.19.11:558][189]LogSavePackage: Moving 'D:/UDK4 Projects/Waagenbau/MyProject3/Saved/waagenbau_Auto114D8630849229F76E02FE3B0EFF237D1.tmp' to 'D:/UDK4 Projects/Waagenbau/MyProject3/Saved/Autosaves/Game/Maps/waagenbau_Auto1.umap'
[2014.07.03-01.19.11:565][189]LogFileHelpers: Editor autosave (incl. sublevels) for '/Game/Maps/waagenbau' took 0.677
[2014.07.03-01.19.11:565][189]LogFileHelpers: Editor autosave (incl. sublevels) for all levels took 0.677
[2014.07.03-01.19.11:576][189]OBJ SavePackage: Generating thumbnails for [1] asset(s) in package [/Game/Blueprints/Characters/BotCharacter_Male] ([1] browsable assets)...
[2014.07.03-01.19.11:643][189]OBJ SavePackage:     Rendered thumbnail for [Blueprint /Game/Blueprints/Characters/BotCharacter_Male.BotCharacter_Male]
[2014.07.03-01.19.11:643][189]OBJ SavePackage: Finished generating thumbnails for package [/Game/Blueprints/Characters/BotCharacter_Male]
[2014.07.03-01.19.12:052][189]LogSavePackage: Save=335.470337ms
[2014.07.03-01.19.12:052][189]LogSavePackage: Moving 'D:/UDK4 Projects/Waagenbau/MyProject3/Saved/BotCharacter_Male_Auto1581C028E4658B315541A6EB3D2EF98F2.tmp' to 'D:/UDK4 Projects/Waagenbau/MyProject3/Saved/Autosaves/Game/Blueprints/Characters/BotCharacter_Male_Auto1.uasset'
[2014.07.03-01.19.12:067][189]OBJ SavePackage: Generating thumbnails for [0] asset(s) in package [/Game/Blueprints/Characters/BTT_BotWalkSpeed] ([1] browsable assets)...
[2014.07.03-01.19.12:111][189]OBJ SavePackage: Finished generating thumbnails for package [/Game/Blueprints/Characters/BTT_BotWalkSpeed]
[2014.07.03-01.19.12:227][189]LogSavePackage: Save=33.173092ms
[2014.07.03-01.19.12:227][189]LogSavePackage: Moving 'D:/UDK4 Projects/Waagenbau/MyProject3/Saved/BTT_BotWalkSpeed_Auto1DFFB4677492CAE7ABDFF588FFB16C244.tmp' to 'D:/UDK4 Projects/Waagenbau/MyProject3/Saved/Autosaves/Game/Blueprints/Characters/BTT_BotWalkSpeed_Auto1.uasset'
[2014.07.03-01.19.12:240][189]LogFileHelpers: Auto-saving content packages took 0.675
[2014.07.03-01.21.35:268][817]LogActorComponent: UnregisterComponent: (/Engine/Transient.CharacterMovementComponent_0) Not registered. Aborting.
[2014.07.03-01.21.41:731][ 44]BlueprintLog: New page: Compile BotCharacter_Male
[2014.07.03-01.21.42:143][ 44]BlueprintEditorCompileResults: Info [0756.27] Compile of BotCharacter_Male successful! [in 40 ms]
[2014.07.03-01.22.40:511][950]BlueprintLog: New page: Compile BotCharacter_Male
[2014.07.03-01.22.40:897][950]BlueprintEditorCompileResults: Info [0815.03] Compile of BotCharacter_Male successful! [in 23 ms]
[2014.07.03-01.24.11:004][577]LogEpicStorage:Warning: ReadFile request failed. File request already pending for filename=http://cdn.unrealengine.com/newsfeed/blueprint_icon_b.png
[2014.07.03-01.24.11:009][577]LogEpicStorage:Warning: ReadFile request failed. File request already pending for filename=http://cdn.unrealengine.com/newsfeed/blueprint_icon_b.png
[2014.07.03-01.24.56:969][761]Cmd: TRANSACTION UNDO
[2014.07.03-01.24.56:969][761]LogEditorTransaction: Undo Move Actors
[2014.07.03-01.24.57:038][761]LogMaterial: Missing cached shader map for material PreviewMaterial_0, compiling.
[2014.07.03-01.24.57:063][761]LogMaterial: Missing cached shader map for material FMatExpressionPreview MaterialExpressionAdd_4, compiling.
[2014.07.03-01.24.57:064][761]LogMaterial: Missing cached shader map for material FMatExpressionPreview MaterialExpressionTextureSampleParameter2D_1, compiling.
[2014.07.03-01.24.57:065][761]LogMaterial: Missing cached shader map for material FMatExpressionPreview MaterialExpressionTextureSampleParameter2D_0, compiling.
[2014.07.03-01.24.57:067][761]LogMaterial: Missing cached shader map for material FMatExpressionPreview MaterialExpressionVectorParameter_0, compiling.
[2014.07.03-01.24.57:068][761]LogMaterial: Missing cached shader map for material FMatExpressionPreview MaterialExpressionMultiply_5, compiling.
[2014.07.03-01.24.57:069][761]LogMaterial: Missing cached shader map for material FMatExpressionPreview MaterialExpressionTextureSampleParameter2D_2, compiling.
[2014.07.03-01.24.57:070][761]LogMaterial: Missing cached shader map for material FMatExpressionPreview MaterialExpressionMultiply_8, compiling.
[2014.07.03-01.24.57:071][761]LogMaterial: Missing cached shader map for material FMatExpressionPreview MaterialExpressionVectorParameter_3, compiling.
[2014.07.03-01.24.57:073][761]LogMaterial: Missing cached shader map for material FMatExpressionPreview MaterialExpressionVectorParameter_4, compiling.
[2014.07.03-01.24.57:074][761]LogMaterial: Missing cached shader map for material FMatExpressionPreview MaterialExpressionTextureSampleParameter2D_3, compiling.
[2014.07.03-01.24.57:431][762]Cmd: TRANSACTION UNDO
[2014.07.03-01.24.57:431][762]LogEditorTransaction: Undo Move Actors
[2014.07.03-01.24.57:472][762]LogMaterial: Missing cached shader map for material PreviewMaterial_0, compiling.
[2014.07.03-01.24.57:504][762]LogMaterial: Missing cached shader map for material FMatExpressionPreview MaterialExpressionAdd_4, compiling.
[2014.07.03-01.24.57:506][762]LogMaterial: Missing cached shader map for material FMatExpressionPreview MaterialExpressionTextureSampleParameter2D_1, compiling.
[2014.07.03-01.24.57:508][762]LogMaterial: Missing cached shader map for material FMatExpressionPreview MaterialExpressionTextureSampleParameter2D_0, compiling.
[2014.07.03-01.24.57:510][762]LogMaterial: Missing cached shader map for material FMatExpressionPreview MaterialExpressionVectorParameter_0, compiling.
[2014.07.03-01.24.57:512][762]LogMaterial: Missing cached shader map for material FMatExpressionPreview MaterialExpressionMultiply_5, compiling.
[2014.07.03-01.24.57:514][762]LogMaterial: Missing cached shader map for material FMatExpressionPreview MaterialExpressionTextureSampleParameter2D_2, compiling.
[2014.07.03-01.24.57:516][762]LogMaterial: Missing cached shader map for material FMatExpressionPreview MaterialExpressionMultiply_8, compiling.
[2014.07.03-01.24.57:518][762]LogMaterial: Missing cached shader map for material FMatExpressionPreview MaterialExpressionVectorParameter_3, compiling.
[2014.07.03-01.24.57:520][762]LogMaterial: Missing cached shader map for material FMatExpressionPreview MaterialExpressionVectorParameter_4, compiling.
[2014.07.03-01.24.57:522][762]LogMaterial: Missing cached shader map for material FMatExpressionPreview MaterialExpressionTextureSampleParameter2D_3, compiling.
[2014.07.03-01.24.57:914][763]Cmd: TRANSACTION UNDO
[2014.07.03-01.24.57:914][763]LogEditorTransaction: Undo Move Actors
[2014.07.03-01.24.57:944][763]LogMaterial: Missing cached shader map for material PreviewMaterial_0, compiling.
[2014.07.03-01.24.57:975][763]LogMaterial: Missing cached shader map for material FMatExpressionPreview MaterialExpressionAdd_4, compiling.
[2014.07.03-01.24.57:977][763]LogMaterial: Missing cached shader map for material FMatExpressionPreview MaterialExpressionTextureSampleParameter2D_1, compiling.
[2014.07.03-01.24.57:979][763]LogMaterial: Missing cached shader map for material FMatExpressionPreview MaterialExpressionTextureSampleParameter2D_0, compiling.
[2014.07.03-01.24.57:981][763]LogMaterial: Missing cached shader map for material FMatExpressionPreview MaterialExpressionVectorParameter_0, compiling.
[2014.07.03-01.24.57:984][763]LogMaterial: Missing cached shader map for material FMatExpressionPreview MaterialExpressionMultiply_5, compiling.
[2014.07.03-01.24.57:985][763]LogMaterial: Missing cached shader map for material FMatExpressionPreview MaterialExpressionTextureSampleParameter2D_2, compiling.
[2014.07.03-01.24.57:987][763]LogMaterial: Missing cached shader map for material FMatExpressionPreview MaterialExpressionMultiply_8, compiling.
[2014.07.03-01.24.57:990][763]LogMaterial: Missing cached shader map for material FMatExpressionPreview MaterialExpressionVectorParameter_3, compiling.
[2014.07.03-01.24.57:992][763]LogMaterial: Missing cached shader map for material FMatExpressionPreview MaterialExpressionVectorParameter_4, compiling.
[2014.07.03-01.24.57:994][763]LogMaterial: Missing cached shader map for material FMatExpressionPreview MaterialExpressionTextureSampleParameter2D_3, compiling.
[2014.07.03-01.24.58:798][770]Cmd: TRANSACTION REDO
[2014.07.03-01.24.58:798][770]LogEditorTransaction: Redo Move Actors
[2014.07.03-01.24.58:910][770]LogMaterial: Missing cached shader map for material PreviewMaterial_0, compiling.
[2014.07.03-01.24.58:940][770]LogMaterial: Missing cached shader map for material FMatExpressionPreview MaterialExpressionAdd_4, compiling.
[2014.07.03-01.24.58:942][770]LogMaterial: Missing cached shader map for material FMatExpressionPreview MaterialExpressionTextureSampleParameter2D_1, compiling.
[2014.07.03-01.24.58:944][770]LogMaterial: Missing cached shader map for material FMatExpressionPreview MaterialExpressionTextureSampleParameter2D_0, compiling.
[2014.07.03-01.24.58:947][770]LogMaterial: Missing cached shader map for material FMatExpressionPreview MaterialExpressionVectorParameter_0, compiling.
[2014.07.03-01.24.58:949][770]LogMaterial: Missing cached shader map for material FMatExpressionPreview MaterialExpressionMultiply_5, compiling.
[2014.07.03-01.24.58:951][770]LogMaterial: Missing cached shader map for material FMatExpressionPreview MaterialExpressionTextureSampleParameter2D_2, compiling.
[2014.07.03-01.24.58:953][770]LogMaterial: Missing cached shader map for material FMatExpressionPreview MaterialExpressionMultiply_8, compiling.
[2014.07.03-01.24.58:955][770]LogMaterial: Missing cached shader map for material FMatExpressionPreview MaterialExpressionVectorParameter_3, compiling.
[2014.07.03-01.24.58:957][770]LogMaterial: Missing cached shader map for material FMatExpressionPreview MaterialExpressionVectorParameter_4, compiling.
[2014.07.03-01.24.58:961][770]LogMaterial: Missing cached shader map for material FMatExpressionPreview MaterialExpressionTextureSampleParameter2D_3, compiling.
[2014.07.03-01.24.59:821][778]MaterialEditorStats: Info Base pass shader with only dynamic lighting: 85 instructions
[2014.07.03-01.24.59:821][778]MaterialEditorStats: Info Vertex shader: 33 instructions
[2014.07.03-01.24.59:821][778]MaterialEditorStats: Info Texture samplers: 6/16
[2014.07.03-01.25.00:199][783]Cmd: TRANSACTION UNDO
[2014.07.03-01.25.00:199][783]LogEditorTransaction: Undo Move Actors
[2014.07.03-01.25.00:317][783]LogMaterial: Missing cached shader map for material PreviewMaterial_0, compiling.
[2014.07.03-01.25.00:350][783]LogMaterial: Missing cached shader map for material FMatExpressionPreview MaterialExpressionAdd_4, compiling.
[2014.07.03-01.25.00:353][783]LogMaterial: Missing cached shader map for material FMatExpressionPreview MaterialExpressionTextureSampleParameter2D_1, compiling.
[2014.07.03-01.25.00:355][783]LogMaterial: Missing cached shader map for material FMatExpressionPreview MaterialExpressionTextureSampleParameter2D_0, compiling.
[2014.07.03-01.25.00:358][783]LogMaterial: Missing cached shader map for material FMatExpressionPreview MaterialExpressionVectorParameter_0, compiling.
[2014.07.03-01.25.00:360][783]LogMaterial: Missing cached shader map for material FMatExpressionPreview MaterialExpressionMultiply_5, compiling.
[2014.07.03-01.25.00:362][783]LogMaterial: Missing cached shader map for material FMatExpressionPreview MaterialExpressionTextureSampleParameter2D_2, compiling.
[2014.07.03-01.25.00:365][783]LogMaterial: Missing cached shader map for material FMatExpressionPreview MaterialExpressionMultiply_8, compiling.
[2014.07.03-01.25.00:367][783]LogMaterial: Missing cached shader map for material FMatExpressionPreview MaterialExpressionVectorParameter_3, compiling.
[2014.07.03-01.25.00:369][783]LogMaterial: Missing cached shader map for material FMatExpressionPreview MaterialExpressionVectorParameter_4, compiling.
[2014.07.03-01.25.00:371][783]LogMaterial: Missing cached shader map for material FMatExpressionPreview MaterialExpressionTextureSampleParameter2D_3, compiling.
[2014.07.03-01.25.01:728][799]MaterialEditorStats: Info Base pass shader with only dynamic lighting: 85 instructions
[2014.07.03-01.25.01:728][799]MaterialEditorStats: Info Vertex shader: 33 instructions
[2014.07.03-01.25.01:729][799]MaterialEditorStats: Info Texture samplers: 6/16
[2014.07.03-01.25.03:682][812]LogSavePackage: Save=694.792908ms
[2014.07.03-01.25.03:682][812]LogSavePackage: Moving 'D:/UDK4 Projects/Waagenbau/MyProject3/Saved/waagenbau846717634D21EE52A01E778A0A82FED8.tmp' to 'D:/UDK4 Projects/Waagenbau/MyProject3/Content/Maps/waagenbau.umap'
[2014.07.03-01.25.03:721][812]LogFileHelpers: Saving map 'waagenbau' took 0.880
[2014.07.03-01.25.03:744][812]Cmd: OBJ SAVEPACKAGE PACKAGE="/Game/Blueprints/Characters/BotCharacter_Male" FILE="D:/UDK4 Projects/Waagenbau/MyProject3/Content/Blueprints/Characters/BotCharacter_Male.uasset" SILENT=true
[2014.07.03-01.25.04:139][812]LogSavePackage: Save=385.229492ms
[2014.07.03-01.25.04:139][812]LogSavePackage: Moving 'D:/UDK4 Projects/Waagenbau/MyProject3/Saved/BotCharacter_Male246D990940F2FA39DFCD37ADBA5F6410.tmp' to 'D:/UDK4 Projects/Waagenbau/MyProject3/Content/Blueprints/Characters/BotCharacter_Male.uasset'
[2014.07.03-01.25.04:150][812]Cmd: OBJ SAVEPACKAGE PACKAGE="/Game/Blueprints/Characters/BTT_BotWalkSpeed" FILE="D:/UDK4 Projects/Waagenbau/MyProject3/Content/Blueprints/Characters/BTT_BotWalkSpeed.uasset" SILENT=true
[2014.07.03-01.25.04:178][812]LogSavePackage: Save=21.508415ms
[2014.07.03-01.25.04:178][812]LogSavePackage: Moving 'D:/UDK4 Projects/Waagenbau/MyProject3/Saved/BTT_BotWalkSpeed38CEC1984554EE12AC13B58443EF6D56.tmp' to 'D:/UDK4 Projects/Waagenbau/MyProject3/Content/Blueprints/Characters/BTT_BotWalkSpeed.uasset'
[2014.07.03-01.25.04:209][812]Cmd: OBJ SAVEPACKAGE PACKAGE="/Game/Materials/Cloth/tshirt_Inst" FILE="D:/UDK4 Projects/Waagenbau/MyProject3/Content/Materials/Cloth/tshirt_Inst.uasset" SILENT=true
[2014.07.03-01.25.04:516][812]LogSavePackage: Save=298.557526ms
[2014.07.03-01.25.04:516][812]LogSavePackage: Moving 'D:/UDK4 Projects/Waagenbau/MyProject3/Saved/tshirt_InstA9BE15C24405315556366A925A25AE3A.tmp' to 'D:/UDK4 Projects/Waagenbau/MyProject3/Content/Materials/Cloth/tshirt_Inst.uasset'
[2014.07.03-01.25.26:768][410]LogActorComponent: UnregisterComponent: (/Engine/Transient.CharacterMovementComponent_1) Not registered. Aborting.
[2014.07.03-01.25.33:364][611]BlueprintLog: New page: Compile BotCharacter_Male
[2014.07.03-01.25.33:783][611]BlueprintEditorCompileResults: Info [0987.89] Compile of BotCharacter_Male successful! [in 34 ms]
[2014.07.03-01.25.40:770][823]BlueprintLog: New page: Compile BotCharacter_Male
[2014.07.03-01.25.41:165][823]BlueprintEditorCompileResults: Info [0995.30] Compile of BotCharacter_Male successful! [in 33 ms]
[2014.07.03-01.25.50:402][164]BlueprintLog: New page: Compile BotCharacter_Male
[2014.07.03-01.25.50:786][164]BlueprintEditorCompileResults: Info [1004.91] Compile of BotCharacter_Male successful! [in 22 ms]
[2014.07.03-01.32.49:065][347]Cmd: TRANSACTION UNDO
[2014.07.03-01.32.49:065][347]LogEditorTransaction: Undo Move Actors
[2014.07.03-01.32.49:132][347]LogMaterial: Missing cached shader map for material PreviewMaterial_0, compiling.
[2014.07.03-01.32.49:159][347]LogMaterial: Missing cached shader map for material FMatExpressionPreview MaterialExpressionAdd_4, compiling.
[2014.07.03-01.32.49:160][347]LogMaterial: Missing cached shader map for material FMatExpressionPreview MaterialExpressionTextureSampleParameter2D_1, compiling.
[2014.07.03-01.32.49:161][347]LogMaterial: Missing cached shader map for material FMatExpressionPreview MaterialExpressionTextureSampleParameter2D_0, compiling.
[2014.07.03-01.32.49:163][347]LogMaterial: Missing cached shader map for material FMatExpressionPreview MaterialExpressionVectorParameter_0, compiling.
[2014.07.03-01.32.49:164][347]LogMaterial: Missing cached shader map for material FMatExpressionPreview MaterialExpressionMultiply_5, compiling.
[2014.07.03-01.32.49:165][347]LogMaterial: Missing cached shader map for material FMatExpressionPreview MaterialExpressionTextureSampleParameter2D_2, compiling.
[2014.07.03-01.32.49:166][347]LogMaterial: Missing cached shader map for material FMatExpressionPreview MaterialExpressionMultiply_8, compiling.
[2014.07.03-01.32.49:167][347]LogMaterial: Missing cached shader map for material FMatExpressionPreview MaterialExpressionVectorParameter_3, compiling.
[2014.07.03-01.32.49:169][347]LogMaterial: Missing cached shader map for material FMatExpressionPreview MaterialExpressionVectorParameter_4, compiling.
[2014.07.03-01.32.49:170][347]LogMaterial: Missing cached shader map for material FMatExpressionPreview MaterialExpressionTextureSampleParameter2D_3, compiling.
[2014.07.03-01.32.51:717][398]MaterialEditorStats: Info Base pass shader with only dynamic lighting: 85 instructions
[2014.07.03-01.32.51:717][398]MaterialEditorStats: Info Vertex shader: 33 instructions
[2014.07.03-01.32.51:717][398]MaterialEditorStats: Info Texture samplers: 6/16
[2014.07.03-01.33.39:215][675]LogSlate:Warning: GetFontFace failed to load or process 'Roboto-Regular'
[2014.07.03-01.33.39:215][675]LogSlate:Warning: GetFontFace failed to load or process 'Roboto-Regular'
[2014.07.03-01.33.41:769][819]LogSlate:Warning: GetFontFace failed to load or process 'Roboto-Regular'
[2014.07.03-01.33.41:770][819]LogSlate:Warning: GetFontFace failed to load or process 'Roboto-Regular'
[2014.07.03-01.37.07:037][573]LogSavePackage: Save=458.499023ms
[2014.07.03-01.37.07:037][573]LogSavePackage: Moving 'D:/UDK4 Projects/Waagenbau/MyProject3/Saved/waagenbau_Auto249B0CD7844A332674CEB7BB8B589C602.tmp' to 'D:/UDK4 Projects/Waagenbau/MyProject3/Saved/Autosaves/Game/Maps/waagenbau_Auto2.umap'
[2014.07.03-01.37.07:042][573]LogFileHelpers: Editor autosave (incl. sublevels) for '/Game/Maps/waagenbau' took 0.567
[2014.07.03-01.37.07:042][573]LogFileHelpers: Editor autosave (incl. sublevels) for all levels took 0.567
[2014.07.03-01.37.07:053][573]OBJ SavePackage: Generating thumbnails for [1] asset(s) in package [/Game/Blueprints/Characters/BotCharacter_Male] ([1] browsable assets)...
[2014.07.03-01.37.07:088][573]OBJ SavePackage:     Rendered thumbnail for [Blueprint /Game/Blueprints/Characters/BotCharacter_Male.BotCharacter_Male]
[2014.07.03-01.37.07:088][573]OBJ SavePackage: Finished generating thumbnails for package [/Game/Blueprints/Characters/BotCharacter_Male]
[2014.07.03-01.37.07:450][573]LogSavePackage: Save=342.178772ms
[2014.07.03-01.37.07:450][573]LogSavePackage: Moving 'D:/UDK4 Projects/Waagenbau/MyProject3/Saved/BotCharacter_Male_Auto295065D9F4158C96C37AB5D953EBBC556.tmp' to 'D:/UDK4 Projects/Waagenbau/MyProject3/Saved/Autosaves/Game/Blueprints/Characters/BotCharacter_Male_Auto2.uasset'
[2014.07.03-01.37.07:464][573]OBJ SavePackage: Generating thumbnails for [0] asset(s) in package [/Game/Blueprints/Characters/BTT_BotWalkSpeed] ([1] browsable assets)...
[2014.07.03-01.37.07:475][573]OBJ SavePackage: Finished generating thumbnails for package [/Game/Blueprints/Characters/BTT_BotWalkSpeed]
[2014.07.03-01.37.07:499][573]LogSavePackage: Save=7.354743ms
[2014.07.03-01.37.07:499][573]LogSavePackage: Moving 'D:/UDK4 Projects/Waagenbau/MyProject3/Saved/BTT_BotWalkSpeed_Auto2C6601EFC405B2BCA18E8BC86C1EF236D.tmp' to 'D:/UDK4 Projects/Waagenbau/MyProject3/Saved/Autosaves/Game/Blueprints/Characters/BTT_BotWalkSpeed_Auto2.uasset'
[2014.07.03-01.37.07:512][573]OBJ SavePackage: Generating thumbnails for [0] asset(s) in package [/Game/Materials/Cloth/tshirt_Inst] ([1] browsable assets)...
[2014.07.03-01.37.07:525][573]OBJ SavePackage: Finished generating thumbnails for package [/Game/Materials/Cloth/tshirt_Inst]
[2014.07.03-01.37.07:526][573]Cmd: OBJ SAVEPACKAGE PACKAGE="/Game/Materials/Cloth/tshirt_Inst" FILE="D:/UDK4 Projects/Waagenbau/MyProject3/Saved/Autosaves/Game/Materials/Cloth/tshirt_Inst_Auto2.uasset" SILENT=false AUTOSAVING=true
[2014.07.03-01.37.07:561][573]LogSavePackage: Save=4.748059ms
[2014.07.03-01.37.07:561][573]LogSavePackage: Moving 'D:/UDK4 Projects/Waagenbau/MyProject3/Saved/tshirt_Inst_Auto246035D424EF9ED5208147A9F60B79AB2.tmp' to 'D:/UDK4 Projects/Waagenbau/MyProject3/Saved/Autosaves/Game/Materials/Cloth/tshirt_Inst_Auto2.uasset'
[2014.07.03-01.37.07:565][573]LogFileHelpers: Auto-saving content packages took 0.523
[2014.07.03-01.39.11:146][675]LogEpicStorage:Warning: ReadFile request failed. File request already pending for filename=http://cdn.unrealengine.com/newsfeed/blueprint_icon_b.png
[2014.07.03-01.39.11:147][675]LogEpicStorage:Warning: ReadFile request failed. File request already pending for filename=http://cdn.unrealengine.com/newsfeed/blueprint_icon_b.png
[2014.07.03-01.39.13:353][726]LogEditorTransaction: Undo Delete current selection
[2014.07.03-01.39.13:399][726]LogMaterial: Missing cached shader map for material PreviewMaterial_0, compiling.
[2014.07.03-01.39.13:424][726]LogMaterial: Missing cached shader map for material FMatExpressionPreview MaterialExpressionAdd_4, compiling.
[2014.07.03-01.39.13:425][726]LogMaterial: Missing cached shader map for material FMatExpressionPreview MaterialExpressionTextureSampleParameter2D_1, compiling.
[2014.07.03-01.39.13:426][726]LogMaterial: Missing cached shader map for material FMatExpressionPreview MaterialExpressionTextureSampleParameter2D_0, compiling.
[2014.07.03-01.39.13:427][726]LogMaterial: Missing cached shader map for material FMatExpressionPreview MaterialExpressionVectorParameter_0, compiling.
[2014.07.03-01.39.13:429][726]LogMaterial: Missing cached shader map for material FMatExpressionPreview MaterialExpressionMultiply_5, compiling.
[2014.07.03-01.39.13:430][726]LogMaterial: Missing cached shader map for material FMatExpressionPreview MaterialExpressionTextureSampleParameter2D_2, compiling.
[2014.07.03-01.39.13:431][726]LogMaterial: Missing cached shader map for material FMatExpressionPreview MaterialExpressionMultiply_8, compiling.
[2014.07.03-01.39.13:432][726]LogMaterial: Missing cached shader map for material FMatExpressionPreview MaterialExpressionVectorParameter_3, compiling.
[2014.07.03-01.39.13:433][726]LogMaterial: Missing cached shader map for material FMatExpressionPreview MaterialExpressionVectorParameter_4, compiling.
[2014.07.03-01.39.13:435][726]LogMaterial: Missing cached shader map for material FMatExpressionPreview MaterialExpressionTextureSampleParameter2D_3, compiling.
[2014.07.03-01.39.13:469][726]LogActorComponent: UnregisterComponent: (/Engine/Transient.CharacterMovementComponent_2) Not registered. Aborting.
[2014.07.03-01.39.15:868][771]MaterialEditorStats: Info Base pass shader with only dynamic lighting: 85 instructions
[2014.07.03-01.39.15:868][771]MaterialEditorStats: Info Vertex shader: 33 instructions
[2014.07.03-01.39.15:868][771]MaterialEditorStats: Info Texture samplers: 6/16
[2014.07.03-01.39.35:694][646]BlueprintLog: New page: Compile BotCharacter_Male
[2014.07.03-01.39.36:070][646]BlueprintEditorCompileResults: Info [1830.19] Compile of BotCharacter_Male successful! [in 22 ms]
[2014.07.03-01.47.08:273][834]LogSavePackage: Save=462.787842ms
[2014.07.03-01.47.08:273][834]LogSavePackage: Moving 'D:/UDK4 Projects/Waagenbau/MyProject3/Saved/waagenbau_Auto3DF16F0B34D28691630B9218D07C21823.tmp' to 'D:/UDK4 Projects/Waagenbau/MyProject3/Saved/Autosaves/Game/Maps/waagenbau_Auto3.umap'
[2014.07.03-01.47.08:282][834]LogFileHelpers: Editor autosave (incl. sublevels) for '/Game/Maps/waagenbau' took 0.607
[2014.07.03-01.47.08:282][834]LogFileHelpers: Editor autosave (incl. sublevels) for all levels took 0.607
[2014.07.03-01.47.08:293][834]OBJ SavePackage: Generating thumbnails for [1] asset(s) in package [/Game/Blueprints/Characters/BotCharacter_Male] ([1] browsable assets)...
[2014.07.03-01.47.08:327][834]OBJ SavePackage:     Rendered thumbnail for [Blueprint /Game/Blueprints/Characters/BotCharacter_Male.BotCharacter_Male]
[2014.07.03-01.47.08:327][834]OBJ SavePackage: Finished generating thumbnails for package [/Game/Blueprints/Characters/BotCharacter_Male]
[2014.07.03-01.47.08:710][834]LogSavePackage: Save=321.423157ms
[2014.07.03-01.47.08:710][834]LogSavePackage: Moving 'D:/UDK4 Projects/Waagenbau/MyProject3/Saved/BotCharacter_Male_Auto3425ED5944D29D9477933BFAECF0CD2F9.tmp' to 'D:/UDK4 Projects/Waagenbau/MyProject3/Saved/Autosaves/Game/Blueprints/Characters/BotCharacter_Male_Auto3.uasset'
[2014.07.03-01.47.08:733][834]OBJ SavePackage: Generating thumbnails for [0] asset(s) in package [/Game/Blueprints/Characters/BTT_BotWalkSpeed] ([1] browsable assets)...
[2014.07.03-01.47.08:780][834]OBJ SavePackage: Finished generating thumbnails for package [/Game/Blueprints/Characters/BTT_BotWalkSpeed]
[2014.07.03-01.47.08:824][834]LogSavePackage: Save=11.966248ms
[2014.07.03-01.47.08:824][834]LogSavePackage: Moving 'D:/UDK4 Projects/Waagenbau/MyProject3/Saved/BTT_BotWalkSpeed_Auto33ECA9F4D4E2A8527520F7A9A8FD67EFD.tmp' to 'D:/UDK4 Projects/Waagenbau/MyProject3/Saved/Autosaves/Game/Blueprints/Characters/BTT_BotWalkSpeed_Auto3.uasset'
[2014.07.03-01.47.08:839][834]OBJ SavePackage: Generating thumbnails for [0] asset(s) in package [/Game/Materials/Cloth/tshirt_Inst] ([1] browsable assets)...
[2014.07.03-01.47.08:882][834]OBJ SavePackage: Finished generating thumbnails for package [/Game/Materials/Cloth/tshirt_Inst]
[2014.07.03-01.47.08:888][834]Cmd: OBJ SAVEPACKAGE PACKAGE="/Game/Materials/Cloth/tshirt_Inst" FILE="D:/UDK4 Projects/Waagenbau/MyProject3/Saved/Autosaves/Game/Materials/Cloth/tshirt_Inst_Auto3.uasset" SILENT=false AUTOSAVING=true
[2014.07.03-01.47.08:975][834]LogSavePackage: Save=15.663445ms
[2014.07.03-01.47.08:975][834]LogSavePackage: Moving 'D:/UDK4 Projects/Waagenbau/MyProject3/Saved/tshirt_Inst_Auto395AA049245047755715617A1044B717F.tmp' to 'D:/UDK4 Projects/Waagenbau/MyProject3/Saved/Autosaves/Game/Materials/Cloth/tshirt_Inst_Auto3.uasset'
[2014.07.03-01.47.08:987][834]LogFileHelpers: Auto-saving content packages took 0.705
[2014.07.03-01.48.24:936][849]BlueprintLog: New page: Compile BotCharacter_Male
[2014.07.03-01.48.25:073][849]LogActorComponent: UnregisterComponent: (/Engine/Transient.CharacterMovementComponent_3) Not registered. Aborting.
[2014.07.03-01.48.25:322][849]BlueprintEditorCompileResults: Info [2359.42] Compile of BotCharacter_Male successful! [in 21 ms]
[2014.07.03-01.49.00:293][994]BlueprintLog: New page: Compile BotCharacter_Male
[2014.07.03-01.49.00:711][994]BlueprintEditorCompileResults: Info [2394.81] Compile of BotCharacter_Male successful! [in 44 ms]
[2014.07.03-01.49.15:224][346]BlueprintLog: New page: Compile BotCharacter_Male
[2014.07.03-01.49.15:623][346]BlueprintEditorCompileResults: Info [2409.72] Compile of BotCharacter_Male successful! [in 27 ms]
[2014.07.03-01.50.00:723][546]BlueprintLog: New page: Compile BotCharacter_Male
[2014.07.03-01.50.01:107][546]BlueprintEditorCompileResults: Info [2455.21] Compile of BotCharacter_Male successful! [in 23 ms]
[2014.07.03-01.52.31:734][702]BlueprintLog: New page: Compile BotCharacter_Male
[2014.07.03-01.52.32:126][702]BlueprintEditorCompileResults: Info [2606.22] Compile of BotCharacter_Male successful! [in 22 ms]
[2014.07.03-01.52.37:056][ 36]BlueprintLog: New page: Compile BotCharacter_Male
[2014.07.03-01.52.37:441][ 36]BlueprintEditorCompileResults: Info [2611.54] Compile of BotCharacter_Male successful! [in 23 ms]
[2014.07.03-01.53.01:728][ 29]LogRenderer:Warning: Reallocating scene render targets to support 1400x936.
[2014.07.03-01.53.31:829][798]LogContentBrowser:Verbose: The content browser source was changed by the sources view to '/Game/Maps'
[2014.07.03-01.53.31:830][798]LogContentBrowser:Verbose: The content browser source was changed by the sources view to 'None'
[2014.07.03-01.53.31:830][798]LogContentBrowser:Verbose: The content browser source was changed by the sources view to '/Game/Character'
[2014.07.03-01.53.33:841][877]LogContentBrowser:Verbose: The majority of assets in the view are of type: AnimSequence
[2014.07.03-01.53.47:003][754]Cmd: OBJ SAVEPACKAGE PACKAGE="/Game/Character/spaehling" FILE="D:/UDK4 Projects/Waagenbau/MyProject3/Content/Character/spaehling.uasset" SILENT=true
[2014.07.03-01.53.47:386][754]LogSavePackage: Save=376.245056ms
[2014.07.03-01.53.47:386][754]LogSavePackage: Moving 'D:/UDK4 Projects/Waagenbau/MyProject3/Saved/spaehlingFFA7ACC04A35749CEC7C5CB4907DF1C8.tmp' to 'D:/UDK4 Projects/Waagenbau/MyProject3/Content/Character/spaehling.uasset'
[2014.07.03-01.54.11:064][635]LogEpicStorage:Warning: ReadFile request failed. File request already pending for filename=http://cdn.unrealengine.com/newsfeed/blueprint_icon_b.png
[2014.07.03-01.54.11:065][635]LogEpicStorage:Warning: ReadFile request failed. File request already pending for filename=http://cdn.unrealengine.com/newsfeed/blueprint_icon_b.png
[2014.07.03-01.55.34:367][927]Cmd: OBJ SAVEPACKAGE PACKAGE="/Game/Character/spaehling" FILE="D:/UDK4 Projects/Waagenbau/MyProject3/Content/Character/spaehling.uasset" SILENT=true
[2014.07.03-01.55.34:749][927]LogSavePackage: Save=375.982819ms
[2014.07.03-01.55.34:749][927]LogSavePackage: Moving 'D:/UDK4 Projects/Waagenbau/MyProject3/Saved/spaehling2607B3964D8B5876406E14B95E433246.tmp' to 'D:/UDK4 Projects/Waagenbau/MyProject3/Content/Character/spaehling.uasset'
[2014.07.03-01.55.39:014][146]LogSavePackage: Save=464.272675ms
[2014.07.03-01.55.39:014][146]LogSavePackage: Moving 'D:/UDK4 Projects/Waagenbau/MyProject3/Saved/waagenbau24EE81D2401B1510ADB46CAA31FA4F55.tmp' to 'D:/UDK4 Projects/Waagenbau/MyProject3/Content/Maps/waagenbau.umap'
[2014.07.03-01.55.39:055][146]LogFileHelpers: Saving map 'waagenbau' took 0.649
[2014.07.03-01.55.39:072][146]Cmd: OBJ SAVEPACKAGE PACKAGE="/Game/Blueprints/Characters/BotCharacter_Male" FILE="D:/UDK4 Projects/Waagenbau/MyProject3/Content/Blueprints/Characters/BotCharacter_Male.uasset" SILENT=true
[2014.07.03-01.55.39:413][146]LogSavePackage: Save=335.808990ms
[2014.07.03-01.55.39:413][146]LogSavePackage: Moving 'D:/UDK4 Projects/Waagenbau/MyProject3/Saved/BotCharacter_Male768CB2804288D052F8E084AAB6D17A4C.tmp' to 'D:/UDK4 Projects/Waagenbau/MyProject3/Content/Blueprints/Characters/BotCharacter_Male.uasset'
[2014.07.03-01.55.39:426][146]Cmd: OBJ SAVEPACKAGE PACKAGE="/Game/Blueprints/Characters/BTT_BotWalkSpeed" FILE="D:/UDK4 Projects/Waagenbau/MyProject3/Content/Blueprints/Characters/BTT_BotWalkSpeed.uasset" SILENT=true
[2014.07.03-01.55.39:438][146]LogSavePackage: Save=7.865782ms
[2014.07.03-01.55.39:438][146]LogSavePackage: Moving 'D:/UDK4 Projects/Waagenbau/MyProject3/Saved/BTT_BotWalkSpeedBF2A47F445B3D4D3DC0A6A8C8242E699.tmp' to 'D:/UDK4 Projects/Waagenbau/MyProject3/Content/Blueprints/Characters/BTT_BotWalkSpeed.uasset'
[2014.07.03-01.55.39:444][146]Cmd: OBJ SAVEPACKAGE PACKAGE="/Game/Materials/Cloth/tshirt_Inst" FILE="D:/UDK4 Projects/Waagenbau/MyProject3/Content/Materials/Cloth/tshirt_Inst.uasset" SILENT=true
[2014.07.03-01.55.39:453][146]LogSavePackage: Save=5.203133ms
[2014.07.03-01.55.39:453][146]LogSavePackage: Moving 'D:/UDK4 Projects/Waagenbau/MyProject3/Saved/tshirt_InstE024213347214AB55477C8875B7739BE.tmp' to 'D:/UDK4 Projects/Waagenbau/MyProject3/Content/Materials/Cloth/tshirt_Inst.uasset'
[2014.07.03-01.56.20:513][ 19]BlueprintLog: New page: Compile BotCharacter_Male
[2014.07.03-01.56.20:654][ 19]LogActorComponent: UnregisterComponent: (/Engine/Transient.CharacterMovementComponent_4) Not registered. Aborting.
[2014.07.03-01.56.20:677][ 19]LogParticles: Destroying 0 GPU particle simulations for FXSystem 0x000000001ED9D4E0
[2014.07.03-01.56.20:900][ 19]BlueprintEditorCompileResults: Info [2834.99] Compile of BotCharacter_Male successful! [in 22 ms]
[2014.07.03-01.56.45:410][658]LogContentBrowser:Verbose: The content browser source was changed by the sources view to '/Game/Textures'
[2014.07.03-01.56.47:316][773]LogContentBrowser:Verbose: The content browser source was changed by the sources view to '/Game/Textures/Char'
[2014.07.03-01.56.47:667][796]LogContentBrowser:Verbose: The content browser source was changed by the sources view to '/Game/Textures/Cloth'
[2014.07.03-01.56.49:136][889]LogContentBrowser:Verbose: The content browser source was changed by the sources view to '/Game/Textures/Normals'
[2014.07.03-01.56.50:370][963]LogContentBrowser:Verbose: The content browser source was changed by the sources view to '/Game/Particles'
[2014.07.03-01.56.50:887][992]LogContentBrowser:Verbose: The content browser source was changed by the sources view to '/Game/Materials'
[2014.07.03-01.56.52:417][ 69]LogContentBrowser:Verbose: The content browser source was changed by the sources view to '/Game/Materials/Cloth'
[2014.07.03-01.57.58:541][392]LogUObjectGlobals:Warning: Failed to find object 'Object None.'
[2014.07.03-01.58.03:427][676]BlueprintLog: New page: Compile BotCharacter_Male
[2014.07.03-01.58.04:015][676]BlueprintEditorCompileResults: Info [2937.91] Compile of BotCharacter_Male successful! [in 22 ms]
[2014.07.03-01.58.12:177][ 89]BlueprintLog: New page: Compile BotCharacter_Male
[2014.07.03-01.58.12:746][ 89]BlueprintEditorCompileResults: Info [2946.66] Compile of BotCharacter_Male successful! [in 22 ms]
[2014.07.03-01.58.16:004][300]LogEditorTransaction: Undo Attach actors
[2014.07.03-01.58.16:365][300]LogWindows:Error: appError called: Assertion failed: SceneComp->GetOwner() == this [File:D:\BuildFarm\buildmachine_++depot+UE4-Releases+4.2\Engine\Source\Runtime\Engine\Private\Actor.cpp] [Line: 3009]
SceneComp 'ArrowComponent /Game/Maps/waagenbau.waagenbau:PersistentLevel.BotCharacter_Male_C_0.Arrow' has Owner of 38a0f900'REINST_BotCharacter_Male_C_362 /Game/Maps/waagenbau.waagenbau:PersistentLevel.BotCharacter_Male_C_0', expected 351e3200'BotCharacter_Male_C /Game/Maps/waagenbau.waagenbau:PersistentLevel.BotCharacter_Male_C_0' (TTP 241544)
Stack:
Address = 0xed4fd866 (filename not found) [in E:\Unreal Engine\4.2\Engine\Binaries\Win64\UE4Editor-Core.dll]
Address = 0xed39d275 (filename not found) [in E:\Unreal Engine\4.2\Engine\Binaries\Win64\UE4Editor-Core.dll]
Address = 0xea1b0dc4 (filename not found) [in E:\Unreal Engine\4.2\Engine\Binaries\Win64\UE4Editor-Engine.dll]
Address = 0xea1acfea (filename not found) [in E:\Unreal Engine\4.2\Engine\Binaries\Win64\UE4Editor-Engine.dll]
Address = 0xec77ae63 (filename not found) [in E:\Unreal Engine\4.2\Engine\Binaries\Win64\UE4Editor-CoreUObject.dll]
Address = 0xe8b87375 (filename not found) [in E:\Unreal Engine\4.2\Engine\Binaries\Win64\UE4Editor-UnrealEd.dll]
Address = 0xe8bc79e9 (filename not found) [in E:\Unreal Engine\4.2\Engine\Binaries\Win64\UE4Editor-UnrealEd.dll]
Address = 0xe676fe4d (filename not found) [in E:\Unreal Engine\4.2\Engine\Binaries\Win64\UE4Editor-Kismet.dll]
Address = 0xe67749c7 (filename not found) [in E:\Unreal Engine\4.2\Engine\Binaries\Win64\UE4Editor-Kismet.dll]
Address = 0xe9aa5e4d (filename not found) [in E:\Unreal Engine\4.2\Engine\Binaries\Win64\UE4Editor-Slate.dll]
Address = 0xe9ad9344 (filename not found) [in E:\Unreal Engine\4.2\Engine\Binaries\Win64\UE4Editor-Slate.dll]
Address = 0xe922685e (filename not found) [in E:\Unreal Engine\4.2\Engine\Binaries\Win64\UE4Editor-UnrealEd.dll]
Address = 0xe9224f82 (filename not found) [in E:\Unreal Engine\4.2\Engine\Binaries\Win64\UE4Editor-UnrealEd.dll]
Address = 0xe9ad9ce4 (filename not found) [in E:\Unreal Engine\4.2\Engine\Binaries\Win64\UE4Editor-Slate.dll]
Address = 0xe9ad01e5 (filename not found) [in E:\Unreal Engine\4.2\Engine\Binaries\Win64\UE4Editor-Slate.dll]
Address = 0xed4a0ab2 (filename not found) [in E:\Unreal Engine\4.2\Engine\Binaries\Win64\UE4Editor-Core.dll]
Address = 0xed490b81 (filename not found) [in E:\Unreal Engine\4.2\Engine\Binaries\Win64\UE4Editor-Core.dll]
Address = 0xed4a1e9f (filename not found) [in E:\Unreal Engine\4.2\Engine\Binaries\Win64\UE4Editor-Core.dll]
Address = 0xed48df62 (filename not found) [in E:\Unreal Engine\4.2\Engine\Binaries\Win64\UE4Editor-Core.dll]
Address = 0x77659bd1 (filename not found) [in C:\Windows\system32\USER32.dll]
Address = 0x776598da (filename not found) [in C:\Windows\system32\USER32.dll]
Address = 0xed4a2296 (filename not found) [in E:\Unreal Engine\4.2\Engine\Binaries\Win64\UE4Editor-Core.dll]
FEngineLoop::Tick() 0x3f7f795f + 8 bytes [File=d:\buildfarm\buildmachine_++depot+ue4-releases+4.2\engine\source\runtime\launch\private\launchengineloop.cpp:2073] [in E:\Unreal Engine\4.2\Engine\Binaries\Win64\UE4Editor.exe]
GuardedMain() 0x3f7ed1ec + 0 bytes [File=d:\buildfarm\buildmachine_++depot+ue4-releases+4.2\engine\source\runtime\launch\private\launch.cpp:132] [in E:\Unreal Engine\4.2\Engine\Binaries\Win64\UE4Editor.exe]
GuardedMainWrapper() 0x3f7ed25a + 5 bytes [File=d:\buildfarm\buildmachine_++depot+ue4-releases+4.2\engine\source\runtime\launch\private\windows\launchwindows.cpp:125] [in E:\Unreal Engine\4.2\Engine\Binaries\Win64\UE4Editor.exe]
WinMain() 0x3f7f9119 + 17 bytes [File=d:\buildfarm\buildmachine_++depot+ue4-releases+4.2\engine\source\runtime\launch\private\windows\launchwindows.cpp:207] [in E:\Unreal Engine\4.2\Engine\Binaries\Win64\UE4Editor.exe]
__tmainCRTStartup() 0x3f7f9fa9 + 21 bytes [File=f:\dd\vctools\crt\crtw32\dllstuff\crtexe.c:618] [in E:\Unreal Engine\4.2\Engine\Binaries\Win64\UE4Editor.exe]
Address = 0x775359ed (filename not found) [in C:\Windows\system32\kernel32.dll]
Address = 0x7776c541 (filename not found) [in C:\Windows\S
[2014.07.03-01.58.16:366][300]LogWindows:Error: Windows GetLastError: Der Vorgang wurde erfolgreich beendet. (0)
[2014.07.03-01.58.16:366][300]LogCrashTracker: 


[2014.07.03-01.58.17:566][300]LogCrashTracker: 


[2014.07.03-01.58.17:566][300]LogWindows: === Critical error: ===
Unhandled Exception: 0x00000001

[2014.07.03-01.58.17:566][300]LogWindows: Assertion failed: SceneComp->GetOwner() == this [File:D:\BuildFarm\buildmachine_++depot+UE4-Releases+4.2\Engine\Source\Runtime\Engine\Private\Actor.cpp] [Line: 3009]
SceneComp 'ArrowComponent /Game/Maps/waagenbau.waagenbau:PersistentLevel.BotCharacter_Male_C_0.Arrow' has Owner of 38a0f900'REINST_BotCharacter_Male_C_362 /Game/Maps/waagenbau.waagenbau:PersistentLevel.BotCharacter_Male_C_0', expected 351e3200'BotCharacter_Male_C /Game/Maps/waagenbau.waagenbau:PersistentLevel.BotCharacter_Male_C_0' (TTP 241544)
Stack:
Address = 0xed4fd866 (filename not found) [in E:\Unreal Engine\4.2\Engine\Binaries\Win64\UE4Editor-Core.dll]
Address = 0xed39d275 (filename not found) [in E:\Unreal Engine\4.2\Engine\Binaries\Win64\UE4Editor-Core.dll]
Address = 0xea1b0dc4 (filename not found) [in E:\Unreal Engine\4.2\Engine\Binaries\Win64\UE4Editor-Engine.dll]
Address = 0xea1acfea (filename not found) [in E:\Unreal Engine\4.2\Engine\Binaries\Win64\UE4Editor-Engine.dll]
Address = 0xec77ae63 (filename not found) [in E:\Unreal Engine\4.2\Engine\Binaries\Win64\UE4Editor-CoreUObject.dll]
Address = 0xe8b87375 (filename not found) [in E:\Unreal Engine\4.2\Engine\Binaries\Win64\UE4Editor-UnrealEd.dll]
Address = 0xe8bc79e9 (filename not found) [in E:\Unreal Engine\4.2\Engine\Binaries\Win64\UE4Editor-UnrealEd.dll]
Address = 0xe676fe4d (filename not found) [in E:\Unreal Engine\4.2\Engine\Binaries\Win64\UE4Editor-Kismet.dll]
Address = 0xe67749c7 (filename not found) [in E:\Unreal Engine\4.2\Engine\Binaries\Win64\UE4Editor-Kismet.dll]
Address = 0xe9aa5e4d (filename not found) [in E:\Unreal Engine\4.2\Engine\Binaries\Win64\UE4Editor-Slate.dll]
Address = 0xe9ad9344 (filename not found) [in E:\Unreal Engine\4.2\Engine\Binaries\Win64\UE4Editor-Slate.dll]
Address = 0xe922685e (filename not found) [in E:\Unreal Engine\4.2\Engine\Binaries\Win64\UE4Editor-UnrealEd.dll]
Address = 0xe9224f82 (filename not found) [in E:\Unreal Engine\4.2\Engine\Binaries\Win64\UE4Editor-UnrealEd.dll]
Address = 0xe9ad9ce4 (filename not found) [in E:\Unreal Engine\4.2\Engine\Binaries\Win64\UE4Editor-Slate.dll]
Address = 0xe9ad01e5 (filename not found) [in E:\Unreal Engine\4.2\Engine\Binaries\Win64\UE4Editor-Slate.dll]
Address = 0xed4a0ab2 (filename not found) [in E:\Unreal Engine\4.2\Engine\Binaries\Win64\UE4Editor-Core.dll]
Address = 0xed490b81 (filename not found) [in E:\Unreal Engine\4.2\Engine\Binaries\Win64\UE4Editor-Core.dll]
Address = 0xed4a1e9f (filename not found) [in E:\Unreal Engine\4.2\Engine\Binaries\Win64\UE4Editor-Core.dll]
Address = 0xed48df62 (filename not found) [in E:\Unreal Engine\4.2\Engine\Binaries\Win64\UE4Editor-Core.dll]
Address = 0x77659bd1 (filename not found) [in C:\Windows\system32\USER32.dll]
Address = 0x776598da (filename not found) [in C:\Windows\system32\USER32.dll]
Address = 0xed4a2296 (filename not found) [in E:\Unreal Engine\4.2\Engine\Binaries\Win64\UE4Editor-Core.dll]
FEngineLoop::Tick() 0x3f7f795f + 8 bytes [File=d:\buildfarm\buildmachine_++depot+ue4-releases+4.2\engine\source\runtime\launch\private\launchengineloop.cpp:2073] [in E:\Unreal Engine\4.2\Engine\Binaries\Win64\UE4Editor.exe]
GuardedMain() 0x3f7ed1ec + 0 bytes [File=d:\buildfarm\buildmachine_++depot+ue4-releases+4.2\engine\source\runtime\launch\private\launch.cpp:132] [in E:\Unreal Engine\4.2\Engine\Binaries\Win64\UE4Editor.exe]
GuardedMainWrapper() 0x3f7ed25a + 5 bytes [File=d:\buildfarm\buildmachine_++depot+ue4-releases+4.2\engine\source\runtime\launch\private\windows\launchwindows.cpp:125] [in E:\Unreal Engine\4.2\Engine\Binaries\Win64\UE4Editor.exe]
WinMain() 0x3f7f9119 + 17 bytes [File=d:\buildfarm\buildmachine_++depot+ue4-releases+4.2\engine\source\runtime\launch\private\windows\launchwindows.cpp:207] [in E:\Unreal Engine\4.2\Engine\Binaries\Win64\UE4Editor.exe]
__tmainCRTStartup() 0x3f7f9fa9 + 21 bytes [File=f:\dd\vctools\crt\crtw32\dllstuff\crtexe.c:618] [in E:\Unreal Engine\4.2\Engine\Binaries\Win64\UE4Editor.exe]
Address = 0x775359ed (filename not found) [in C:\Windows\system32\kernel32.dll]
Address = 0x7776c541 (filename not found) [in C:\Windows\S

Address = 0xfd83940d (filename not found) [in C:\Windows\system32\KERNELBASE.dll]
Address = 0xed4fc1dc (filename not found) [in E:\Unreal Engine\4.2\Engine\Binaries\Win64\UE4Editor-Core.dll]
Address = 0xed3ab94a (filename not found) [in E:\Unreal Engine\4.2\Engine\Binaries\Win64\UE4Editor-Core.dll]
Address = 0xed39d320 (filename not found) [in E:\Unreal Engine\4.2\Engine\Binaries\Win64\UE4Editor-Core.dll]
Address = 0xea1b0dc4 (filename not found) [in E:\Unreal Engine\4.2\Engine\Binaries\Win64\UE4Editor-Engine.dll]
Address = 0xea1acfea (filename not found) [in E:\Unreal Engine\4.2\Engine\Binaries\Win64\UE4Editor-Engine.dll]
Address = 0xec77ae63 (filename not found) [in E:\Unreal Engine\4.2\Engine\Binaries\Win64\UE4Editor-CoreUObject.dll]
Address = 0xe8b87375 (filename not found) [in E:\Unreal Engine\4.2\Engine\Binaries\Win64\UE4Editor-UnrealEd.dll]
Address = 0xe8bc79e9 (filename not found) [in E:\Unreal Engine\4.2\Engine\Binaries\Win64\UE4Editor-UnrealEd.dll]
Address = 0xe676fe4d (filename not found) [in E:\Unreal Engine\4.2\Engine\Binaries\Win64\UE4Editor-Kismet.dll]
Address = 0xe67749c7 (filename not found) [in E:\Unreal Engine\4.2\Engine\Binaries\Win64\UE4Editor-Kismet.dll]
Address = 0xe9aa5e4d (filename not found) [in E:\Unreal Engine\4.2\Engine\Binaries\Win64\UE4Editor-Slate.dll]
Address = 0xe9ad9344 (filename not found) [in E:\Unreal Engine\4.2\Engine\Binaries\Win64\UE4Editor-Slate.dll]
Address = 0xe922685e (filename not found) [in E:\Unreal Engine\4.2\Engine\Binaries\Win64\UE4Editor-UnrealEd.dll]
Address = 0xe9224f82 (filename not found) [in E:\Unreal Engine\4.2\Engine\Binaries\Win64\UE4Editor-UnrealEd.dll]
Address = 0xe9ad9ce4 (filename not found) [in E:\Unreal Engine\4.2\Engine\Binaries\Win64\UE4Editor-Slate.dll]
Address = 0xe9ad01e5 (filename not found) [in E:\Unreal Engine\4.2\Engine\Binaries\Win64\UE4Editor-Slate.dll]
Address = 0xed4a0ab2 (filename not found) [in E:\Unreal Engine\4.2\Engine\Binaries\Win64\UE4Editor-Core.dll]
Address = 0xed490b81 (filename not found) [in E:\Unreal Engine\4.2\Engine\Binaries\Win64\UE4Editor-Core.dll]
Address = 0xed4a1e9f (filename not found) [in E:\Unreal Engine\4.2\Engine\Binaries\Win64\UE4Editor-Core.dll]
Address = 0xed48df62 (filename not found) [in E:\Unreal Engine\4.2\Engine\Binaries\Win64\UE4Editor-Core.dll]
Address = 0x77659bd1 (filename not found) [in C:\Windows\system32\USER32.dll]
Address = 0x776598da (filename not found) [in C:\Windows\system32\USER32.dll]
Address = 0xed4a2296 (filename not found) [in E:\Unreal Engine\4.2\Engine\Binaries\Win64\UE4Editor-Core.dll]
FEngineLoop::Tick() 0x3f7f795f + 8 bytes [File=d:\buildfarm\buildmachine_++depot+ue4-releases+4.2\engine\source\runtime\launch\private\launchengineloop.cpp:2073] [in E:\Unreal Engine\4.2\Engine\Binaries\Win64\UE4Editor.exe]
GuardedMain() 0x3f7ed1ec + 0 bytes [File=d:\buildfarm\buildmachine_++depot+ue4-releases+4.2\engine\source\runtime\launch\private\launch.cpp:132] [in E:\Unreal Engine\4.2\Engine\Binaries\Win64\UE4Editor.exe]
GuardedMainWrapper() 0x3f7ed25a + 5 bytes [File=d:\buildfarm\buildmachine_++depot+ue4-releases+4.2\engine\source\runtime\launch\private\windows\launchwindows.cpp:125] [in E:\Unreal Engine\4.2\Engine\Binaries\Win64\UE4Editor.exe]
WinMain() 0x3f7f9119 + 17 bytes [File=d:\buildfarm\buildmachine_++depot+ue4-releases+4.2\engine\source\runtime\launch\private\windows\launchwindows.cpp:207] [in E:\Unreal Engine\4.2\Engine\Binaries\Win64\UE4Editor.exe]
__tmainCRTStartup() 0x3f7f9fa9 + 21 bytes [File=f:\dd\vctools\crt\crtw32\dllstuff\crtexe.c:618] [in E:\Unreal Engine\4.2\Engine\Binaries\Win64\UE4Editor.exe]
Address = 0x775359ed (filename not found) [in C:\Windows\system32\kernel32.dll]
Address = 0x7776c541 (filename not found) [in C:\Windows\SYSTEM32\ntdll.dll]
Address = 0x7776c541 (filename not found) [in C:\Windows\SYSTEM32\ntdll.dll]

[2014.07.03-01.58.17:566][300]LogExit: Executing StaticShutdownAfterError
[2014.07.03-01.58.17:579][300]LogWindows: FPlatformMisc::RequestExit(1)
[2014.07.03-01.58.17:579][300]Log file closed, 07/03/14 03:58:17
